
==========================================================================
floorplan final report_tns
--------------------------------------------------------------------------
tns -425047.62

==========================================================================
floorplan final report_wns
--------------------------------------------------------------------------
wns -3173.66

==========================================================================
floorplan final report_worst_slack
--------------------------------------------------------------------------
worst slack -3173.66

==========================================================================
floorplan final report_checks -path_delay min
--------------------------------------------------------------------------
Startpoint: dst_osize_vector[0] (input port clocked by clk)
Endpoint: cf[2] (output port clocked by clk)
Path Group: clk
Path Type: min

Fanout     Cap    Slew   Delay    Time   Description
-----------------------------------------------------------------------------
                  0.00    0.00    0.00   clock clk (rise edge)
                          0.00    0.00   clock network delay (ideal)
                       1000.00 1000.00 v input external delay
   422  189.15    0.00    0.00 1000.00 v dst_osize_vector[0] (in)
                                         dst_osize_vector[0] (net)
                  0.00    0.00 1000.00 v _26855_/A (AND3x1_ASAP7_75t_R)
     1    0.00    2.77    7.72 1007.72 v _26855_/Y (AND3x1_ASAP7_75t_R)
                                         cf[2] (net)
                  2.77    0.00 1007.72 v cf[2] (out)
                               1007.72   data arrival time

                  0.00    0.00    0.00   clock clk (rise edge)
                          0.00    0.00   clock network delay (ideal)
                          0.00    0.00   clock reconvergence pessimism
                       -1000.00 -1000.00   output external delay
                               -1000.00   data required time
-----------------------------------------------------------------------------
                               -1000.00   data required time
                               -1007.72   data arrival time
-----------------------------------------------------------------------------
                               2007.72   slack (MET)



==========================================================================
floorplan final report_checks -path_delay max
--------------------------------------------------------------------------
Startpoint: is_set_greater (input port clocked by clk)
Endpoint: result[139] (output port clocked by clk)
Path Group: clk
Path Type: max

Fanout     Cap    Slew   Delay    Time   Description
-----------------------------------------------------------------------------
                  0.00    0.00    0.00   clock clk (rise edge)
                          0.00    0.00   clock network delay (ideal)
                       1000.00 1000.00 ^ input external delay
    14    8.79    0.00    0.00 1000.00 ^ is_set_greater (in)
                                         is_set_greater (net)
                  0.00    0.00 1000.00 ^ _23378_/D (OR4x1_ASAP7_75t_R)
    29   19.38  133.78   67.99 1067.99 ^ _23378_/Y (OR4x1_ASAP7_75t_R)
                                         _11034_ (net)
                133.78    0.00 1067.99 ^ _23393_/A (OR2x2_ASAP7_75t_R)
   275  176.58  609.61  308.29 1376.27 ^ _23393_/Y (OR2x2_ASAP7_75t_R)
                                         _11048_ (net)
                609.61    0.00 1376.27 ^ _23447_/B (AND2x2_ASAP7_75t_R)
     7    4.64   32.46   71.41 1447.69 ^ _23447_/Y (AND2x2_ASAP7_75t_R)
                                         _11088_ (net)
                 32.46    0.00 1447.69 ^ _23448_/B (XOR2x2_ASAP7_75t_R)
     1    0.57    7.64   25.67 1473.36 v _23448_/Y (XOR2x2_ASAP7_75t_R)
                                         _11089_ (net)
                  7.64    0.00 1473.36 v _23449_/B (AND2x2_ASAP7_75t_R)
     1    2.18   10.14   18.05 1491.41 v _23449_/Y (AND2x2_ASAP7_75t_R)
                                         adder.gen_adder[0].adder.get_ripple_carry_adder.adder.gen_adder[7].adder.B (net)
                 10.14    0.00 1491.41 v adder.gen_adder[0].adder.get_ripple_carry_adder.adder.gen_adder[7].adder.genblk1[0].genblk1.fulladder/B (FAx1_ASAP7_75t_R)
     5    5.09   84.38   45.69 1537.10 ^ adder.gen_adder[0].adder.get_ripple_carry_adder.adder.gen_adder[7].adder.genblk1[0].genblk1.fulladder/CON (FAx1_ASAP7_75t_R)
                                         adder.gen_adder[0].adder.get_ripple_carry_adder.adder.gen_adder[7].adder.NX (net)
     3    2.08   36.39   31.24 1568.33 v adder.gen_adder[0].adder.get_ripple_carry_adder.adder.gen_adder[7].adder.genblk1[0].genblk1.fulladder/SN (FAx1_ASAP7_75t_R)
                                         adder.gen_adder[0].adder.get_ripple_carry_adder.adder.gen_adder[7].adder.NY (net)
                 36.39    0.00 1568.33 v _23495_/B (XNOR2x2_ASAP7_75t_R)
     2    1.64   12.16   31.96 1600.29 ^ _23495_/Y (XNOR2x2_ASAP7_75t_R)
                                         _11135_ (net)
                 12.16    0.00 1600.29 ^ _23496_/B (XNOR2x2_ASAP7_75t_R)
     2    1.71   10.62   30.97 1631.27 v _23496_/Y (XNOR2x2_ASAP7_75t_R)
                                         _11136_ (net)
                 10.62    0.00 1631.27 v _23500_/B2 (AOI22x1_ASAP7_75t_R)
    18   14.78   91.77   46.16 1677.42 ^ _23500_/Y (AOI22x1_ASAP7_75t_R)
                                         _11140_ (net)
                 91.77    0.00 1677.42 ^ _25188_/B (NAND2x1_ASAP7_75t_R)
     3    1.69   26.99   19.98 1697.40 v _25188_/Y (NAND2x1_ASAP7_75t_R)
                                         _12790_ (net)
                 26.99    0.00 1697.40 v _25246_/A (AND2x2_ASAP7_75t_R)
     2    1.60    9.01   24.67 1722.07 v _25246_/Y (AND2x2_ASAP7_75t_R)
                                         _12848_ (net)
                  9.01    0.00 1722.07 v _25262_/A2 (AOI21x1_ASAP7_75t_R)
     3    2.81   32.82   13.93 1736.01 ^ _25262_/Y (AOI21x1_ASAP7_75t_R)
                                         _12864_ (net)
                 32.82    0.00 1736.01 ^ _26662_/A (INVx1_ASAP7_75t_R)
     1    2.00   17.24   13.99 1749.99 v _26662_/Y (INVx1_ASAP7_75t_R)
                                         adder.gen_adder[1].adder.get_ripple_carry_adder.adder.gen_adder[7].adder.A (net)
                 17.24    0.00 1749.99 v adder.gen_adder[1].adder.get_ripple_carry_adder.adder.gen_adder[7].adder.genblk1[0].genblk1.fulladder/A (FAx1_ASAP7_75t_R)
     5    5.04   83.72   46.55 1796.54 ^ adder.gen_adder[1].adder.get_ripple_carry_adder.adder.gen_adder[7].adder.genblk1[0].genblk1.fulladder/CON (FAx1_ASAP7_75t_R)
                                         adder.gen_adder[1].adder.get_ripple_carry_adder.adder.gen_adder[7].adder.NX (net)
     3    2.23   37.46   32.13 1828.67 v adder.gen_adder[1].adder.get_ripple_carry_adder.adder.gen_adder[7].adder.genblk1[0].genblk1.fulladder/SN (FAx1_ASAP7_75t_R)
                                         adder.gen_adder[1].adder.get_ripple_carry_adder.adder.gen_adder[7].adder.NY (net)
                 37.46    0.00 1828.67 v _23514_/B (XOR2x2_ASAP7_75t_R)
     2    2.13   13.58   38.63 1867.30 ^ _23514_/Y (XOR2x2_ASAP7_75t_R)
                                         _11154_ (net)
                 13.58    0.00 1867.30 ^ _23516_/A (XNOR2x2_ASAP7_75t_R)
     5    3.87   16.45   35.50 1902.80 v _23516_/Y (XNOR2x2_ASAP7_75t_R)
                                         _11156_ (net)
                 16.45    0.00 1902.80 v _23580_/A2 (AO22x1_ASAP7_75t_R)
    14    9.63   50.18   42.72 1945.52 v _23580_/Y (AO22x1_ASAP7_75t_R)
                                         _11220_ (net)
                 50.18    0.00 1945.52 v _25201_/A3 (AO32x1_ASAP7_75t_R)
     2    1.24   13.83   33.07 1978.59 v _25201_/Y (AO32x1_ASAP7_75t_R)
                                         _12803_ (net)
                 13.83    0.00 1978.59 v _25221_/A (OR3x1_ASAP7_75t_R)
     1    0.60    9.17   22.99 2001.58 v _25221_/Y (OR3x1_ASAP7_75t_R)
                                         _12823_ (net)
                  9.17    0.00 2001.58 v _25222_/C (OR3x1_ASAP7_75t_R)
     2    1.20   12.47   26.03 2027.61 v _25222_/Y (OR3x1_ASAP7_75t_R)
                                         _12824_ (net)
                 12.47    0.00 2027.61 v _25294_/B (OA21x2_ASAP7_75t_R)
     6    5.08   17.06   19.92 2047.53 v _25294_/Y (OA21x2_ASAP7_75t_R)
                                         _12895_ (net)
                 17.06    0.00 2047.53 v adder.gen_adder[2].adder.get_ripple_carry_adder.adder.gen_adder[7].adder.genblk1[0].genblk1.fulladder/A (FAx1_ASAP7_75t_R)
    11    7.04  110.58   58.80 2106.32 ^ adder.gen_adder[2].adder.get_ripple_carry_adder.adder.gen_adder[7].adder.genblk1[0].genblk1.fulladder/CON (FAx1_ASAP7_75t_R)
                                         adder.gen_adder[2].adder.get_ripple_carry_adder.adder.gen_adder[7].adder.NX (net)
     4    3.13   49.58   41.57 2147.89 v adder.gen_adder[2].adder.get_ripple_carry_adder.adder.gen_adder[7].adder.genblk1[0].genblk1.fulladder/SN (FAx1_ASAP7_75t_R)
                                         adder.gen_adder[2].adder.get_ripple_carry_adder.adder.gen_adder[7].adder.NY (net)
                 49.58    0.00 2147.89 v _23530_/B (XOR2x2_ASAP7_75t_R)
     4    2.28   14.46   41.45 2189.34 ^ _23530_/Y (XOR2x2_ASAP7_75t_R)
                                         _11170_ (net)
                 14.46    0.00 2189.34 ^ _23532_/C (OR4x1_ASAP7_75t_R)
     1    0.62    9.74   14.89 2204.23 ^ _23532_/Y (OR4x1_ASAP7_75t_R)
                                         _11172_ (net)
                  9.74    0.00 2204.23 ^ _23533_/D (AND4x1_ASAP7_75t_R)
     4    2.83   26.10   34.58 2238.81 ^ _23533_/Y (AND4x1_ASAP7_75t_R)
                                         _11173_ (net)
                 26.10    0.00 2238.81 ^ _23999_/A (NAND2x1_ASAP7_75t_R)
    12    7.50   42.57   27.07 2265.89 v _23999_/Y (NAND2x1_ASAP7_75t_R)
                                         _11633_ (net)
                 42.57    0.00 2265.89 v _25206_/A (OR4x1_ASAP7_75t_R)
     1    1.16   14.64   37.42 2303.31 v _25206_/Y (OR4x1_ASAP7_75t_R)
                                         _12808_ (net)
                 14.64    0.00 2303.31 v _25210_/A3 (OA31x2_ASAP7_75t_R)
     5    3.00   13.68   21.80 2325.11 v _25210_/Y (OA31x2_ASAP7_75t_R)
                                         _12812_ (net)
                 13.68    0.00 2325.11 v _25633_/B (OR2x2_ASAP7_75t_R)
     1    0.63    7.01   20.03 2345.14 v _25633_/Y (OR2x2_ASAP7_75t_R)
                                         _13208_ (net)
                  7.01    0.00 2345.14 v _25634_/A2 (AO21x1_ASAP7_75t_R)
     4    3.76   21.50   22.11 2367.25 v _25634_/Y (AO21x1_ASAP7_75t_R)
                                         _13209_ (net)
                 21.50    0.00 2367.25 v adder.gen_adder[3].adder.get_ripple_carry_adder.adder.gen_adder[7].adder.genblk1[0].genblk1.fulladder/A (FAx1_ASAP7_75t_R)
     6    6.14   98.47   54.48 2421.73 ^ adder.gen_adder[3].adder.get_ripple_carry_adder.adder.gen_adder[7].adder.genblk1[0].genblk1.fulladder/CON (FAx1_ASAP7_75t_R)
                                         adder.gen_adder[3].adder.get_ripple_carry_adder.adder.gen_adder[7].adder.NX (net)
     3    2.08   38.77   32.85 2454.58 v adder.gen_adder[3].adder.get_ripple_carry_adder.adder.gen_adder[7].adder.genblk1[0].genblk1.fulladder/SN (FAx1_ASAP7_75t_R)
                                         adder.gen_adder[3].adder.get_ripple_carry_adder.adder.gen_adder[7].adder.NY (net)
                 38.77    0.00 2454.58 v _23591_/B (XNOR2x2_ASAP7_75t_R)
     2    1.69   10.92   30.06 2484.64 v _23591_/Y (XNOR2x2_ASAP7_75t_R)
                                         _11230_ (net)
                 10.92    0.00 2484.64 v _23593_/A (XNOR2x2_ASAP7_75t_R)
     4    3.33   16.54   28.99 2513.64 ^ _23593_/Y (XNOR2x2_ASAP7_75t_R)
                                         _11232_ (net)
                 16.54    0.00 2513.64 ^ _23682_/B2 (AO22x1_ASAP7_75t_R)
    37   25.20  151.37   84.14 2597.78 ^ _23682_/Y (AO22x1_ASAP7_75t_R)
                                         _11320_ (net)
                151.37    0.00 2597.78 ^ _25224_/B (NOR2x1_ASAP7_75t_R)
     1    0.63   26.78   21.42 2619.20 v _25224_/Y (NOR2x1_ASAP7_75t_R)
                                         _12826_ (net)
                 26.78    0.00 2619.20 v _25225_/B (AO21x1_ASAP7_75t_R)
     1    0.57    9.26   18.82 2638.02 v _25225_/Y (AO21x1_ASAP7_75t_R)
                                         _12827_ (net)
                  9.26    0.00 2638.02 v _25231_/B1 (AO221x1_ASAP7_75t_R)
     1    0.53    8.21   19.33 2657.35 v _25231_/Y (AO221x1_ASAP7_75t_R)
                                         _12833_ (net)
                  8.21    0.00 2657.35 v _25232_/C (AO221x1_ASAP7_75t_R)
     6    3.61   22.52   30.41 2687.76 v _25232_/Y (AO221x1_ASAP7_75t_R)
                                         _12834_ (net)
                 22.52    0.00 2687.76 v _25291_/B (OR2x2_ASAP7_75t_R)
     5    4.27   16.94   29.32 2717.08 v _25291_/Y (OR2x2_ASAP7_75t_R)
                                         _12893_ (net)
                 16.94    0.00 2717.08 v adder.gen_adder[4].adder.get_ripple_carry_adder.adder.gen_adder[7].adder.genblk1[0].genblk1.fulladder/A (FAx1_ASAP7_75t_R)
     3    2.20   58.45   53.31 2770.39 ^ adder.gen_adder[4].adder.get_ripple_carry_adder.adder.gen_adder[7].adder.genblk1[0].genblk1.fulladder/SN (FAx1_ASAP7_75t_R)
                                         adder.gen_adder[4].adder.get_ripple_carry_adder.adder.gen_adder[7].adder.NY (net)
                 58.45    0.00 2770.39 ^ _23474_/B (XNOR2x2_ASAP7_75t_R)
     1    0.63    7.94   36.38 2806.77 v _23474_/Y (XNOR2x2_ASAP7_75t_R)
                                         _11114_ (net)
                  7.94    0.00 2806.77 v _23475_/A2 (AO21x1_ASAP7_75t_R)
     1    1.05   10.75   15.31 2822.08 v _23475_/Y (AO21x1_ASAP7_75t_R)
                                         _11115_ (net)
                 10.75    0.00 2822.08 v _23476_/B (XOR2x2_ASAP7_75t_R)
     3    2.66   15.29   31.92 2853.99 ^ _23476_/Y (XOR2x2_ASAP7_75t_R)
                                         _11116_ (net)
                 15.29    0.00 2853.99 ^ _23477_/B (XNOR2x2_ASAP7_75t_R)
     5    3.39   15.18   34.96 2888.95 v _23477_/Y (XNOR2x2_ASAP7_75t_R)
                                         _11117_ (net)
                 15.18    0.00 2888.95 v _23478_/B (AND2x2_ASAP7_75t_R)
    15   10.96   33.23   33.11 2922.06 v _23478_/Y (AND2x2_ASAP7_75t_R)
                                         _11118_ (net)
                 33.23    0.00 2922.06 v _25240_/A1 (AO21x1_ASAP7_75t_R)
     2    1.20   10.04   22.89 2944.95 v _25240_/Y (AO21x1_ASAP7_75t_R)
                                         _12842_ (net)
                 10.04    0.00 2944.95 v _25250_/A (OR2x2_ASAP7_75t_R)
     1    0.61    6.97   19.18 2964.13 v _25250_/Y (OR2x2_ASAP7_75t_R)
                                         _12852_ (net)
                  6.97    0.00 2964.13 v _25251_/B2 (OA22x2_ASAP7_75t_R)
     5    4.29   15.54   23.97 2988.10 v _25251_/Y (OA22x2_ASAP7_75t_R)
                                         _12853_ (net)
                 15.54    0.00 2988.10 v _26740_/B (OR2x2_ASAP7_75t_R)
     2    2.54   12.22   24.30 3012.40 v _26740_/Y (OR2x2_ASAP7_75t_R)
                                         adder.gen_adder[5].adder.get_ripple_carry_adder.adder.gen_adder[7].adder.A (net)
                 12.22    0.00 3012.40 v adder.gen_adder[5].adder.get_ripple_carry_adder.adder.gen_adder[7].adder.genblk1[0].genblk1.fulladder/A (FAx1_ASAP7_75t_R)
     3    2.20   58.25   52.24 3064.64 ^ adder.gen_adder[5].adder.get_ripple_carry_adder.adder.gen_adder[7].adder.genblk1[0].genblk1.fulladder/SN (FAx1_ASAP7_75t_R)
                                         adder.gen_adder[5].adder.get_ripple_carry_adder.adder.gen_adder[7].adder.NY (net)
                 58.25    0.00 3064.64 ^ _23461_/B (XNOR2x2_ASAP7_75t_R)
     1    0.63    7.94   36.35 3100.99 v _23461_/Y (XNOR2x2_ASAP7_75t_R)
                                         _11101_ (net)
                  7.94    0.00 3100.99 v _23462_/A2 (AO21x1_ASAP7_75t_R)
     1    1.05   10.75   15.31 3116.30 v _23462_/Y (AO21x1_ASAP7_75t_R)
                                         _11102_ (net)
                 10.75    0.00 3116.30 v _23463_/B (XOR2x2_ASAP7_75t_R)
     4    3.31   17.39   33.14 3149.43 ^ _23463_/Y (XOR2x2_ASAP7_75t_R)
                                         _11103_ (net)
                 17.39    0.00 3149.43 ^ _23464_/B (XNOR2x2_ASAP7_75t_R)
    12    7.94   27.17   42.54 3191.97 v _23464_/Y (XNOR2x2_ASAP7_75t_R)
                                         _11104_ (net)
                 27.17    0.00 3191.97 v _23647_/B (NAND2x1_ASAP7_75t_R)
    12    8.16   61.31   38.11 3230.08 ^ _23647_/Y (NAND2x1_ASAP7_75t_R)
                                         _11285_ (net)
                 61.31    0.00 3230.08 ^ _23648_/B (AND2x2_ASAP7_75t_R)
    13    9.32   37.50   42.38 3272.46 ^ _23648_/Y (AND2x2_ASAP7_75t_R)
                                         _11286_ (net)
                 37.50    0.00 3272.46 ^ _25286_/A1 (AO21x1_ASAP7_75t_R)
     2    1.15   10.77   17.78 3290.24 ^ _25286_/Y (AO21x1_ASAP7_75t_R)
                                         _12888_ (net)
                 10.77    0.00 3290.24 ^ _25287_/B (OR2x2_ASAP7_75t_R)
     1    0.61    6.35   15.55 3305.79 ^ _25287_/Y (OR2x2_ASAP7_75t_R)
                                         _12889_ (net)
                  6.35    0.00 3305.79 ^ _25293_/B1 (OA222x2_ASAP7_75t_R)
     4    2.95   16.00   28.39 3334.17 ^ _25293_/Y (OA222x2_ASAP7_75t_R)
                                         _12894_ (net)
                 16.00    0.00 3334.17 ^ _25308_/A (OR2x2_ASAP7_75t_R)
     3    1.69    9.95   20.06 3354.24 ^ _25308_/Y (OR2x2_ASAP7_75t_R)
                                         _12908_ (net)
                  9.95    0.00 3354.24 ^ _25337_/A (AND2x2_ASAP7_75t_R)
     6    5.09   21.79   24.49 3378.72 ^ _25337_/Y (AND2x2_ASAP7_75t_R)
                                         adder.gen_adder[6].adder.get_ripple_carry_adder.adder.gen_adder[7].adder.A (net)
                 21.79    0.00 3378.72 ^ adder.gen_adder[6].adder.get_ripple_carry_adder.adder.gen_adder[7].adder.genblk1[0].genblk1.fulladder/A (FAx1_ASAP7_75t_R)
     3    3.12   43.31   28.02 3406.74 v adder.gen_adder[6].adder.get_ripple_carry_adder.adder.gen_adder[7].adder.genblk1[0].genblk1.fulladder/CON (FAx1_ASAP7_75t_R)
                                         adder.gen_adder[6].adder.get_ripple_carry_adder.adder.gen_adder[7].adder.NX (net)
     3    2.20   58.49   28.88 3435.63 ^ adder.gen_adder[6].adder.get_ripple_carry_adder.adder.gen_adder[7].adder.genblk1[0].genblk1.fulladder/SN (FAx1_ASAP7_75t_R)
                                         adder.gen_adder[6].adder.get_ripple_carry_adder.adder.gen_adder[7].adder.NY (net)
                 58.49    0.00 3435.63 ^ _23721_/B (XNOR2x2_ASAP7_75t_R)
     1    0.63    7.94   36.38 3472.01 v _23721_/Y (XNOR2x2_ASAP7_75t_R)
                                         _11359_ (net)
                  7.94    0.00 3472.01 v _23722_/A2 (AO21x1_ASAP7_75t_R)
     1    1.05   10.75   15.31 3487.32 v _23722_/Y (AO21x1_ASAP7_75t_R)
                                         _11360_ (net)
                 10.75    0.00 3487.32 v _23723_/B (XOR2x2_ASAP7_75t_R)
     3    2.17   13.66   30.88 3518.19 ^ _23723_/Y (XOR2x2_ASAP7_75t_R)
                                         _11361_ (net)
                 13.66    0.00 3518.19 ^ _23724_/B (XNOR2x2_ASAP7_75t_R)
     6    4.03   16.88   35.63 3553.82 v _23724_/Y (XNOR2x2_ASAP7_75t_R)
                                         _11362_ (net)
                 16.88    0.00 3553.82 v _23725_/B (NAND2x1_ASAP7_75t_R)
    13    8.72   65.11   36.00 3589.82 ^ _23725_/Y (NAND2x1_ASAP7_75t_R)
                                         _11363_ (net)
                 65.11    0.00 3589.82 ^ _23727_/B (AND2x2_ASAP7_75t_R)
     4    4.03   20.26   34.20 3624.02 ^ _23727_/Y (AND2x2_ASAP7_75t_R)
                                         _11365_ (net)
                 20.26    0.00 3624.02 ^ _25302_/B (OAI21x1_ASAP7_75t_R)
     2    2.21   17.15   13.65 3637.66 v _25302_/Y (OAI21x1_ASAP7_75t_R)
                                         _12902_ (net)
                 17.15    0.00 3637.66 v _25629_/B (NAND2x1_ASAP7_75t_R)
     4    4.18   34.22   22.25 3659.92 ^ _25629_/Y (NAND2x1_ASAP7_75t_R)
                                         adder.gen_adder[7].adder.get_ripple_carry_adder.adder.gen_adder[7].adder.A (net)
                 34.22    0.00 3659.92 ^ adder.gen_adder[7].adder.get_ripple_carry_adder.adder.gen_adder[7].adder.genblk1[0].genblk1.fulladder/A (FAx1_ASAP7_75t_R)
     4    3.69   49.99   33.52 3693.44 v adder.gen_adder[7].adder.get_ripple_carry_adder.adder.gen_adder[7].adder.genblk1[0].genblk1.fulladder/CON (FAx1_ASAP7_75t_R)
                                         adder.gen_adder[7].adder.get_ripple_carry_adder.adder.gen_adder[7].adder.NX (net)
     3    2.20   59.26   30.46 3723.89 ^ adder.gen_adder[7].adder.get_ripple_carry_adder.adder.gen_adder[7].adder.genblk1[0].genblk1.fulladder/SN (FAx1_ASAP7_75t_R)
                                         adder.gen_adder[7].adder.get_ripple_carry_adder.adder.gen_adder[7].adder.NY (net)
                 59.26    0.00 3723.89 ^ _23729_/B (XNOR2x2_ASAP7_75t_R)
     1    0.63    7.95   36.47 3760.37 v _23729_/Y (XNOR2x2_ASAP7_75t_R)
                                         _11367_ (net)
                  7.95    0.00 3760.37 v _23730_/A2 (AO21x1_ASAP7_75t_R)
     2    1.95   14.78   17.82 3778.19 v _23730_/Y (AO21x1_ASAP7_75t_R)
                                         _11368_ (net)
                 14.78    0.00 3778.19 v _23731_/B (XOR2x2_ASAP7_75t_R)
     5    3.14   17.00   34.21 3812.40 ^ _23731_/Y (XOR2x2_ASAP7_75t_R)
                                         _11369_ (net)
                 17.00    0.00 3812.40 ^ _23732_/B (XNOR2x2_ASAP7_75t_R)
    39   25.19   89.83   61.24 3873.64 ^ _23732_/Y (XNOR2x2_ASAP7_75t_R)
                                         _11370_ (net)
                 89.83    0.00 3873.64 ^ _23795_/B (NAND2x1_ASAP7_75t_R)
    60   38.61  199.84  120.12 3993.76 v _23795_/Y (NAND2x1_ASAP7_75t_R)
                                         _11433_ (net)
                199.84    0.00 3993.76 v _25309_/B (AND2x2_ASAP7_75t_R)
     1    0.63   12.45   48.90 4042.67 v _25309_/Y (AND2x2_ASAP7_75t_R)
                                         _12909_ (net)
                 12.45    0.00 4042.67 v _25310_/B (AO21x1_ASAP7_75t_R)
     1    0.61    9.00   16.27 4058.94 v _25310_/Y (AO21x1_ASAP7_75t_R)
                                         _12910_ (net)
                  9.00    0.00 4058.94 v _25311_/B1 (AO222x2_ASAP7_75t_R)
     1    0.63   11.73   28.66 4087.60 v _25311_/Y (AO222x2_ASAP7_75t_R)
                                         _12911_ (net)
                 11.73    0.00 4087.60 v _25312_/B (AO21x1_ASAP7_75t_R)
     1    0.58    7.06   16.03 4103.62 v _25312_/Y (AO21x1_ASAP7_75t_R)
                                         _12912_ (net)
                  7.06    0.00 4103.62 v _25317_/A2 (AO222x2_ASAP7_75t_R)
     2    1.17   14.47   31.11 4134.73 v _25317_/Y (AO222x2_ASAP7_75t_R)
                                         _12917_ (net)
                 14.47    0.00 4134.73 v _25344_/B (AO21x1_ASAP7_75t_R)
     5    4.19   23.66   26.17 4160.91 v _25344_/Y (AO21x1_ASAP7_75t_R)
                                         _12943_ (net)
                 23.66    0.00 4160.91 v _26803_/A (OR2x2_ASAP7_75t_R)
     2    2.54   12.38   26.23 4187.14 v _26803_/Y (OR2x2_ASAP7_75t_R)
                                         adder.gen_adder[8].adder.get_ripple_carry_adder.adder.gen_adder[7].adder.A (net)
                 12.38    0.00 4187.14 v adder.gen_adder[8].adder.get_ripple_carry_adder.adder.gen_adder[7].adder.genblk1[0].genblk1.fulladder/A (FAx1_ASAP7_75t_R)
     3    2.20   58.26   52.27 4239.41 ^ adder.gen_adder[8].adder.get_ripple_carry_adder.adder.gen_adder[7].adder.genblk1[0].genblk1.fulladder/SN (FAx1_ASAP7_75t_R)
                                         adder.gen_adder[8].adder.get_ripple_carry_adder.adder.gen_adder[7].adder.NY (net)
                 58.26    0.00 4239.41 ^ _23781_/B (XNOR2x2_ASAP7_75t_R)
     1    0.63    7.94   36.35 4275.76 v _23781_/Y (XNOR2x2_ASAP7_75t_R)
                                         _11419_ (net)
                  7.94    0.00 4275.76 v _23782_/A2 (AO21x1_ASAP7_75t_R)
     1    1.05   10.75   15.31 4291.07 v _23782_/Y (AO21x1_ASAP7_75t_R)
                                         _11420_ (net)
                 10.75    0.00 4291.07 v _23783_/B (XOR2x2_ASAP7_75t_R)
     3    2.13   13.55   30.80 4321.88 ^ _23783_/Y (XOR2x2_ASAP7_75t_R)
                                         _11421_ (net)
                 13.55    0.00 4321.88 ^ _23784_/B (XNOR2x2_ASAP7_75t_R)
     4    2.71   13.35   33.34 4355.21 v _23784_/Y (XNOR2x2_ASAP7_75t_R)
                                         _11422_ (net)
                 13.35    0.00 4355.21 v _23827_/B (NAND2x1_ASAP7_75t_R)
    17   12.84   93.27   47.21 4402.42 ^ _23827_/Y (NAND2x1_ASAP7_75t_R)
                                         _11465_ (net)
                 93.27    0.00 4402.42 ^ _24566_/B (AND2x2_ASAP7_75t_R)
     5    4.00   20.21   37.63 4440.05 ^ _24566_/Y (AND2x2_ASAP7_75t_R)
                                         _12188_ (net)
                 20.21    0.00 4440.05 ^ _25641_/B2 (AOI22x1_ASAP7_75t_R)
     2    1.32   16.39   12.78 4452.83 v _25641_/Y (AOI22x1_ASAP7_75t_R)
                                         _13215_ (net)
                 16.39    0.00 4452.83 v _25642_/A2 (AO21x1_ASAP7_75t_R)
     7    6.75   35.59   31.73 4484.56 v _25642_/Y (AO21x1_ASAP7_75t_R)
                                         _13216_ (net)
                 35.59    0.00 4484.56 v _26823_/A (INVx1_ASAP7_75t_R)
     1    2.00   20.61   16.75 4501.31 ^ _26823_/Y (INVx1_ASAP7_75t_R)
                                         adder.gen_adder[9].adder.get_ripple_carry_adder.adder.gen_adder[7].adder.A (net)
                 20.61    0.00 4501.31 ^ adder.gen_adder[9].adder.get_ripple_carry_adder.adder.gen_adder[7].adder.genblk1[0].genblk1.fulladder/A (FAx1_ASAP7_75t_R)
     3    3.12   43.18   27.74 4529.05 v adder.gen_adder[9].adder.get_ripple_carry_adder.adder.gen_adder[7].adder.genblk1[0].genblk1.fulladder/CON (FAx1_ASAP7_75t_R)
                                         adder.gen_adder[9].adder.get_ripple_carry_adder.adder.gen_adder[7].adder.NX (net)
     3    2.20   58.55   28.85 4557.90 ^ adder.gen_adder[9].adder.get_ripple_carry_adder.adder.gen_adder[7].adder.genblk1[0].genblk1.fulladder/SN (FAx1_ASAP7_75t_R)
                                         adder.gen_adder[9].adder.get_ripple_carry_adder.adder.gen_adder[7].adder.NY (net)
                 58.55    0.00 4557.90 ^ _23453_/B (XNOR2x2_ASAP7_75t_R)
     1    0.63    7.94   36.39 4594.29 v _23453_/Y (XNOR2x2_ASAP7_75t_R)
                                         _11093_ (net)
                  7.94    0.00 4594.29 v _23457_/A2 (AO21x1_ASAP7_75t_R)
     1    1.05   10.75   15.31 4609.60 v _23457_/Y (AO21x1_ASAP7_75t_R)
                                         _11097_ (net)
                 10.75    0.00 4609.60 v _23458_/B (XOR2x2_ASAP7_75t_R)
     4    3.04   16.54   32.67 4642.27 ^ _23458_/Y (XOR2x2_ASAP7_75t_R)
                                         _11098_ (net)
                 16.54    0.00 4642.27 ^ _23459_/B (XNOR2x2_ASAP7_75t_R)
    15    9.62   31.55   44.73 4687.00 v _23459_/Y (XNOR2x2_ASAP7_75t_R)
                                         _11099_ (net)
                 31.55    0.00 4687.00 v _23874_/B (NAND2x1_ASAP7_75t_R)
    16   12.22   89.04   52.07 4739.07 ^ _23874_/Y (NAND2x1_ASAP7_75t_R)
                                         _11512_ (net)
                 89.04    0.00 4739.07 ^ _25334_/A1 (OA21x2_ASAP7_75t_R)
     4    2.71   14.23   32.85 4771.92 ^ _25334_/Y (OA21x2_ASAP7_75t_R)
                                         _12934_ (net)
                 14.23    0.00 4771.92 ^ _25335_/B (NAND2x1_ASAP7_75t_R)
     1    0.63   32.01    7.50 4779.41 v _25335_/Y (NAND2x1_ASAP7_75t_R)
                                         _12935_ (net)
                 32.01    0.00 4779.41 v _25336_/B (AO21x1_ASAP7_75t_R)
     2    1.55   11.64   22.68 4802.09 v _25336_/Y (AO21x1_ASAP7_75t_R)
                                         _12936_ (net)
                 11.64    0.00 4802.09 v _25351_/A (NAND2x1_ASAP7_75t_R)
     2    1.25   15.06   12.75 4814.84 ^ _25351_/Y (NAND2x1_ASAP7_75t_R)
                                         _12950_ (net)
                 15.06    0.00 4814.84 ^ _25358_/A2 (AO21x1_ASAP7_75t_R)
     3    3.15   21.68   21.98 4836.82 ^ _25358_/Y (AO21x1_ASAP7_75t_R)
                                         adder.gen_adder[10].adder.get_ripple_carry_adder.adder.gen_adder[7].adder.A (net)
                 21.68    0.00 4836.82 ^ adder.gen_adder[10].adder.get_ripple_carry_adder.adder.gen_adder[7].adder.genblk1[0].genblk1.fulladder/A (FAx1_ASAP7_75t_R)
     3    3.12   43.29   27.99 4864.81 v adder.gen_adder[10].adder.get_ripple_carry_adder.adder.gen_adder[7].adder.genblk1[0].genblk1.fulladder/CON (FAx1_ASAP7_75t_R)
                                         adder.gen_adder[10].adder.get_ripple_carry_adder.adder.gen_adder[7].adder.NX (net)
     3    2.20   58.53   28.88 4893.70 ^ adder.gen_adder[10].adder.get_ripple_carry_adder.adder.gen_adder[7].adder.genblk1[0].genblk1.fulladder/SN (FAx1_ASAP7_75t_R)
                                         adder.gen_adder[10].adder.get_ripple_carry_adder.adder.gen_adder[7].adder.NY (net)
                 58.53    0.00 4893.70 ^ _25363_/B (XNOR2x2_ASAP7_75t_R)
     1    0.63    7.94   36.39 4930.08 v _25363_/Y (XNOR2x2_ASAP7_75t_R)
                                         _12960_ (net)
                  7.94    0.00 4930.08 v _25364_/A2 (AO21x1_ASAP7_75t_R)
     1    1.05   10.75   15.31 4945.39 v _25364_/Y (AO21x1_ASAP7_75t_R)
                                         _12961_ (net)
                 10.75    0.00 4945.39 v _25365_/B (XOR2x2_ASAP7_75t_R)
     3    2.13   13.55   30.80 4976.20 ^ _25365_/Y (XOR2x2_ASAP7_75t_R)
                                         _12962_ (net)
                 13.55    0.00 4976.20 ^ _25366_/B (XNOR2x2_ASAP7_75t_R)
     5    3.39   15.17   34.53 5010.73 v _25366_/Y (XNOR2x2_ASAP7_75t_R)
                                         _12963_ (net)
                 15.17    0.00 5010.73 v _25372_/B (AND2x2_ASAP7_75t_R)
     8    5.05   17.65   25.13 5035.86 v _25372_/Y (AND2x2_ASAP7_75t_R)
                                         _12968_ (net)
                 17.65    0.00 5035.86 v _25625_/C (OR3x1_ASAP7_75t_R)
     1    0.43    8.49   24.62 5060.48 v _25625_/Y (OR3x1_ASAP7_75t_R)
                                         _13201_ (net)
                  8.49    0.00 5060.48 v _25626_/B (OA211x2_ASAP7_75t_R)
     1    0.55   14.53   24.89 5085.38 v _25626_/Y (OA211x2_ASAP7_75t_R)
                                         _13202_ (net)
                 14.53    0.00 5085.38 v _25627_/B1 (OA31x2_ASAP7_75t_R)
     2    1.87   10.80   23.03 5108.41 v _25627_/Y (OA31x2_ASAP7_75t_R)
                                         _13203_ (net)
                 10.80    0.00 5108.41 v _25628_/B (AO21x1_ASAP7_75t_R)
     3    2.17   14.12   20.37 5128.77 v _25628_/Y (AO21x1_ASAP7_75t_R)
                                         _13204_ (net)
                 14.12    0.00 5128.77 v _25645_/A (OR3x1_ASAP7_75t_R)
     4    3.71   25.54   33.59 5162.36 v _25645_/Y (OR3x1_ASAP7_75t_R)
                                         _13219_ (net)
                 25.54    0.00 5162.36 v _25654_/A2 (AOI21x1_ASAP7_75t_R)
     1    0.68   13.90   11.18 5173.54 ^ _25654_/Y (AOI21x1_ASAP7_75t_R)
                                         _13228_ (net)
                 13.90    0.00 5173.54 ^ _25655_/A (INVx1_ASAP7_75t_R)
     3    3.22   18.45   13.33 5186.87 v _25655_/Y (INVx1_ASAP7_75t_R)
                                         adder.gen_adder[11].adder.get_ripple_carry_adder.adder.gen_adder[7].adder.A (net)
                 18.45    0.00 5186.87 v adder.gen_adder[11].adder.get_ripple_carry_adder.adder.gen_adder[7].adder.genblk1[0].genblk1.fulladder/A (FAx1_ASAP7_75t_R)
     3    2.20   58.52   53.66 5240.53 ^ adder.gen_adder[11].adder.get_ripple_carry_adder.adder.gen_adder[7].adder.genblk1[0].genblk1.fulladder/SN (FAx1_ASAP7_75t_R)
                                         adder.gen_adder[11].adder.get_ripple_carry_adder.adder.gen_adder[7].adder.NY (net)
                 58.52    0.00 5240.53 ^ _25662_/B (XNOR2x2_ASAP7_75t_R)
     1    0.63    7.94   36.38 5276.92 v _25662_/Y (XNOR2x2_ASAP7_75t_R)
                                         _13234_ (net)
                  7.94    0.00 5276.92 v _25663_/A2 (AO21x1_ASAP7_75t_R)
     1    1.05   10.75   15.31 5292.23 v _25663_/Y (AO21x1_ASAP7_75t_R)
                                         _13235_ (net)
                 10.75    0.00 5292.23 v _25664_/B (XOR2x2_ASAP7_75t_R)
     4    3.23   17.13   32.99 5325.22 ^ _25664_/Y (XOR2x2_ASAP7_75t_R)
                                         _13236_ (net)
                 17.13    0.00 5325.22 ^ _25665_/B (XNOR2x2_ASAP7_75t_R)
    26   16.75   50.30   54.49 5379.71 v _25665_/Y (XNOR2x2_ASAP7_75t_R)
                                         _13237_ (net)
                 50.30    0.00 5379.71 v _25688_/B (NAND2x1_ASAP7_75t_R)
    35   25.11  176.90   98.13 5477.83 ^ _25688_/Y (NAND2x1_ASAP7_75t_R)
                                         _13259_ (net)
                176.90    0.00 5477.83 ^ _25907_/B (NOR2x1_ASAP7_75t_R)
     2    2.35   44.86   37.63 5515.46 v _25907_/Y (NOR2x1_ASAP7_75t_R)
                                         _13462_ (net)
                 44.86    0.00 5515.46 v _25920_/A2 (OA31x2_ASAP7_75t_R)
     1    0.59    7.54   22.32 5537.78 v _25920_/Y (OA31x2_ASAP7_75t_R)
                                         _13475_ (net)
                  7.54    0.00 5537.78 v _25921_/C (AND3x1_ASAP7_75t_R)
     3    1.78   12.27   16.81 5554.58 v _25921_/Y (AND3x1_ASAP7_75t_R)
                                         _13476_ (net)
                 12.27    0.00 5554.58 v _25923_/A (AND2x2_ASAP7_75t_R)
     1    0.63    6.10   17.85 5572.43 v _25923_/Y (AND2x2_ASAP7_75t_R)
                                         _13478_ (net)
                  6.10    0.00 5572.43 v _25926_/A2 (AO21x1_ASAP7_75t_R)
     4    2.54   15.81   18.87 5591.30 v _25926_/Y (AO21x1_ASAP7_75t_R)
                                         _13481_ (net)
                 15.81    0.00 5591.30 v _25927_/A (INVx1_ASAP7_75t_R)
     5    4.74   30.83   19.53 5610.83 ^ _25927_/Y (INVx1_ASAP7_75t_R)
                                         adder.gen_adder[12].adder.get_ripple_carry_adder.adder.gen_adder[7].adder.A (net)
                 30.83    0.00 5610.83 ^ adder.gen_adder[12].adder.get_ripple_carry_adder.adder.gen_adder[7].adder.genblk1[0].genblk1.fulladder/A (FAx1_ASAP7_75t_R)
     3    3.12   44.31   30.11 5640.94 v adder.gen_adder[12].adder.get_ripple_carry_adder.adder.gen_adder[7].adder.genblk1[0].genblk1.fulladder/CON (FAx1_ASAP7_75t_R)
                                         adder.gen_adder[12].adder.get_ripple_carry_adder.adder.gen_adder[7].adder.NX (net)
     3    2.20   59.29   29.12 5670.06 ^ adder.gen_adder[12].adder.get_ripple_carry_adder.adder.gen_adder[7].adder.genblk1[0].genblk1.fulladder/SN (FAx1_ASAP7_75t_R)
                                         adder.gen_adder[12].adder.get_ripple_carry_adder.adder.gen_adder[7].adder.NY (net)
                 59.29    0.00 5670.06 ^ _25933_/B (XNOR2x2_ASAP7_75t_R)
     1    0.63    7.94   36.48 5706.53 v _25933_/Y (XNOR2x2_ASAP7_75t_R)
                                         _13486_ (net)
                  7.94    0.00 5706.53 v _25934_/A2 (AO21x1_ASAP7_75t_R)
     1    1.05   10.75   15.31 5721.85 v _25934_/Y (AO21x1_ASAP7_75t_R)
                                         _13487_ (net)
                 10.75    0.00 5721.85 v _25935_/B (XOR2x2_ASAP7_75t_R)
     3    2.13   13.56   30.80 5752.65 ^ _25935_/Y (XOR2x2_ASAP7_75t_R)
                                         _13488_ (net)
                 13.56    0.00 5752.65 ^ _25936_/B (XNOR2x2_ASAP7_75t_R)
     6    3.97   16.73   35.51 5788.16 v _25936_/Y (XNOR2x2_ASAP7_75t_R)
                                         _13489_ (net)
                 16.73    0.00 5788.16 v _25941_/B (AND2x2_ASAP7_75t_R)
    13    9.40   29.10   31.56 5819.73 v _25941_/Y (AND2x2_ASAP7_75t_R)
                                         _13494_ (net)
                 29.10    0.00 5819.73 v _26143_/B (NAND2x1_ASAP7_75t_R)
     3    2.15   25.68   19.53 5839.25 ^ _26143_/Y (NAND2x1_ASAP7_75t_R)
                                         _13674_ (net)
                 25.68    0.00 5839.25 ^ _26145_/C (AND3x1_ASAP7_75t_R)
     1    0.57    9.75   22.21 5861.46 ^ _26145_/Y (AND3x1_ASAP7_75t_R)
                                         _13676_ (net)
                  9.75    0.00 5861.46 ^ _26146_/B1 (AO221x1_ASAP7_75t_R)
     3    2.73   21.77   24.81 5886.27 ^ _26146_/Y (AO221x1_ASAP7_75t_R)
                                         _13677_ (net)
                 21.77    0.00 5886.27 ^ _26156_/A (NAND2x1_ASAP7_75t_R)
     1    0.63    9.60    9.02 5895.29 v _26156_/Y (NAND2x1_ASAP7_75t_R)
                                         _13687_ (net)
                  9.60    0.00 5895.29 v _26163_/A2 (AO21x1_ASAP7_75t_R)
     3    3.13   18.61   21.32 5916.61 v _26163_/Y (AO21x1_ASAP7_75t_R)
                                         adder.gen_adder[13].adder.get_ripple_carry_adder.adder.gen_adder[7].adder.A (net)
                 18.61    0.00 5916.61 v adder.gen_adder[13].adder.get_ripple_carry_adder.adder.gen_adder[7].adder.genblk1[0].genblk1.fulladder/A (FAx1_ASAP7_75t_R)
     3    2.20   58.53   53.70 5970.31 ^ adder.gen_adder[13].adder.get_ripple_carry_adder.adder.gen_adder[7].adder.genblk1[0].genblk1.fulladder/SN (FAx1_ASAP7_75t_R)
                                         adder.gen_adder[13].adder.get_ripple_carry_adder.adder.gen_adder[7].adder.NY (net)
                 58.53    0.00 5970.31 ^ _26167_/B (XNOR2x2_ASAP7_75t_R)
     1    0.63    7.94   36.38 6006.69 v _26167_/Y (XNOR2x2_ASAP7_75t_R)
                                         _13696_ (net)
                  7.94    0.00 6006.69 v _26168_/A2 (AO21x1_ASAP7_75t_R)
     1    1.05   10.75   15.31 6022.00 v _26168_/Y (AO21x1_ASAP7_75t_R)
                                         _13697_ (net)
                 10.75    0.00 6022.00 v _26169_/B (XOR2x2_ASAP7_75t_R)
     4    3.11   16.75   32.78 6054.79 ^ _26169_/Y (XOR2x2_ASAP7_75t_R)
                                         _13698_ (net)
                 16.75    0.00 6054.79 ^ _26170_/B (XNOR2x2_ASAP7_75t_R)
    12    8.09   27.55   42.58 6097.37 v _26170_/Y (XNOR2x2_ASAP7_75t_R)
                                         _13699_ (net)
                 27.55    0.00 6097.37 v _26218_/C (AND3x1_ASAP7_75t_R)
    12    7.55   44.43   38.06 6135.43 v _26218_/Y (AND3x1_ASAP7_75t_R)
                                         _13745_ (net)
                 44.43    0.00 6135.43 v _26404_/C2 (AO222x2_ASAP7_75t_R)
     1    1.09   13.19   39.31 6174.74 v _26404_/Y (AO222x2_ASAP7_75t_R)
                                         _13916_ (net)
                 13.19    0.00 6174.74 v _26405_/B (NOR2x1_ASAP7_75t_R)
     1    0.52    9.66    8.44 6183.18 ^ _26405_/Y (NOR2x1_ASAP7_75t_R)
                                         _13917_ (net)
                  9.66    0.00 6183.18 ^ _26410_/A (AND2x2_ASAP7_75t_R)
     2    1.65   10.45   18.15 6201.33 ^ _26410_/Y (AND2x2_ASAP7_75t_R)
                                         _13922_ (net)
                 10.45    0.00 6201.33 ^ _26411_/B (AND2x2_ASAP7_75t_R)
     1    0.62    7.23   16.62 6217.96 ^ _26411_/Y (AND2x2_ASAP7_75t_R)
                                         _13923_ (net)
                  7.23    0.00 6217.96 ^ _26414_/A1 (AO21x1_ASAP7_75t_R)
     2    1.72   13.54   15.75 6233.71 ^ _26414_/Y (AO21x1_ASAP7_75t_R)
                                         _13926_ (net)
                 13.54    0.00 6233.71 ^ _26415_/A (INVx1_ASAP7_75t_R)
     2    2.44   14.86   11.28 6245.00 v _26415_/Y (INVx1_ASAP7_75t_R)
                                         adder.gen_adder[14].adder.get_ripple_carry_adder.adder.gen_adder[7].adder.A (net)
                 14.86    0.00 6245.00 v adder.gen_adder[14].adder.get_ripple_carry_adder.adder.gen_adder[7].adder.genblk1[0].genblk1.fulladder/A (FAx1_ASAP7_75t_R)
     3    2.20   58.37   52.84 6297.83 ^ adder.gen_adder[14].adder.get_ripple_carry_adder.adder.gen_adder[7].adder.genblk1[0].genblk1.fulladder/SN (FAx1_ASAP7_75t_R)
                                         adder.gen_adder[14].adder.get_ripple_carry_adder.adder.gen_adder[7].adder.NY (net)
                 58.37    0.00 6297.83 ^ _26440_/B (XNOR2x2_ASAP7_75t_R)
     1    0.63    7.94   36.37 6334.20 v _26440_/Y (XNOR2x2_ASAP7_75t_R)
                                         _13950_ (net)
                  7.94    0.00 6334.20 v _26441_/A2 (AO21x1_ASAP7_75t_R)
     1    1.05   10.75   15.31 6349.51 v _26441_/Y (AO21x1_ASAP7_75t_R)
                                         _13951_ (net)
                 10.75    0.00 6349.51 v _26442_/B (XOR2x2_ASAP7_75t_R)
     3    2.13   13.55   30.80 6380.31 ^ _26442_/Y (XOR2x2_ASAP7_75t_R)
                                         _13952_ (net)
                 13.55    0.00 6380.31 ^ _26443_/B (XNOR2x2_ASAP7_75t_R)
     3    2.26   12.12   32.43 6412.74 v _26443_/Y (XNOR2x2_ASAP7_75t_R)
                                         _13953_ (net)
                 12.12    0.00 6412.74 v _26448_/B (AND2x2_ASAP7_75t_R)
     9    5.07   17.71   24.10 6436.84 v _26448_/Y (AND2x2_ASAP7_75t_R)
                                         _13958_ (net)
                 17.71    0.00 6436.84 v _26621_/B (OR2x2_ASAP7_75t_R)
     2    2.48   12.08   24.89 6461.73 v _26621_/Y (OR2x2_ASAP7_75t_R)
                                         _14112_ (net)
                 12.08    0.00 6461.73 v _26623_/B (AOI21x1_ASAP7_75t_R)
     1    0.49   13.55    8.85 6470.58 ^ _26623_/Y (AOI21x1_ASAP7_75t_R)
                                         _14114_ (net)
                 13.55    0.00 6470.58 ^ _26624_/B1 (AO32x1_ASAP7_75t_R)
     2    1.13   20.88   20.85 6491.43 ^ _26624_/Y (AO32x1_ASAP7_75t_R)
                                         _14115_ (net)
                 20.88    0.00 6491.43 ^ _26625_/B (OR2x2_ASAP7_75t_R)
     2    1.15    8.22   19.68 6511.11 ^ _26625_/Y (OR2x2_ASAP7_75t_R)
                                         _14116_ (net)
                  8.22    0.00 6511.11 ^ _26642_/A2 (AO21x1_ASAP7_75t_R)
     2    2.90   21.60   19.68 6530.79 ^ _26642_/Y (AO21x1_ASAP7_75t_R)
                                         adder.gen_adder[15].adder.get_ripple_carry_adder.adder.gen_adder[7].adder.A (net)
                 21.60    0.00 6530.79 ^ adder.gen_adder[15].adder.get_ripple_carry_adder.adder.gen_adder[7].adder.genblk1[0].genblk1.fulladder/A (FAx1_ASAP7_75t_R)
     3    2.34   38.28   60.20 6590.98 v adder.gen_adder[15].adder.get_ripple_carry_adder.adder.gen_adder[7].adder.genblk1[0].genblk1.fulladder/SN (FAx1_ASAP7_75t_R)
                                         adder.gen_adder[15].adder.get_ripple_carry_adder.adder.gen_adder[7].adder.NY (net)
                 38.28    0.00 6590.98 v _78602_/A (XNOR2x2_ASAP7_75t_R)
     1    0.63    8.67   29.79 6620.77 ^ _78602_/Y (XNOR2x2_ASAP7_75t_R)
                                         _06101_ (net)
                  8.67    0.00 6620.77 ^ _78603_/A2 (AO21x1_ASAP7_75t_R)
     2    2.01   16.28   17.29 6638.06 ^ _78603_/Y (AO21x1_ASAP7_75t_R)
                                         _06102_ (net)
                 16.28    0.00 6638.06 ^ _78604_/B (XNOR2x2_ASAP7_75t_R)
     5    2.94   14.04   34.45 6672.51 v _78604_/Y (XNOR2x2_ASAP7_75t_R)
                                         _06103_ (net)
                 14.04    0.00 6672.51 v _78605_/B (XNOR2x2_ASAP7_75t_R)
    52   32.90  116.14   75.02 6747.53 ^ _78605_/Y (XNOR2x2_ASAP7_75t_R)
                                         _06104_ (net)
                116.14    0.00 6747.53 ^ _78616_/B (NAND2x1_ASAP7_75t_R)
    82   52.06  267.04  159.90 6907.44 v _78616_/Y (NAND2x1_ASAP7_75t_R)
                                         _06115_ (net)
                267.04    0.00 6907.44 v _79734_/B (AND2x2_ASAP7_75t_R)
     6    4.12   22.51   63.42 6970.86 v _79734_/Y (AND2x2_ASAP7_75t_R)
                                         _07211_ (net)
                 22.51    0.00 6970.86 v _79736_/B (OR3x1_ASAP7_75t_R)
     8    4.59   30.13   39.33 7010.19 v _79736_/Y (OR3x1_ASAP7_75t_R)
                                         _07213_ (net)
                 30.13    0.00 7010.19 v _80103_/A (OR2x2_ASAP7_75t_R)
     4    3.00   13.80   28.51 7038.69 v _80103_/Y (OR2x2_ASAP7_75t_R)
                                         _07569_ (net)
                 13.80    0.00 7038.69 v _80272_/B (AO21x1_ASAP7_75t_R)
    10    6.66   37.06   31.89 7070.59 v _80272_/Y (AO21x1_ASAP7_75t_R)
                                         _07732_ (net)
                 37.06    0.00 7070.59 v _80371_/B (AND2x2_ASAP7_75t_R)
     1    0.57    6.82   24.58 7095.17 v _80371_/Y (AND2x2_ASAP7_75t_R)
                                         _07828_ (net)
                  6.82    0.00 7095.17 v _80375_/B1 (AO221x1_ASAP7_75t_R)
     2    1.11   10.81   20.79 7115.96 v _80375_/Y (AO221x1_ASAP7_75t_R)
                                         _07832_ (net)
                 10.81    0.00 7115.96 v _80388_/B (OR5x1_ASAP7_75t_R)
     1    0.65   12.86   34.04 7150.00 v _80388_/Y (OR5x1_ASAP7_75t_R)
                                         _07845_ (net)
                 12.86    0.00 7150.00 v _80389_/B3 (OA33x2_ASAP7_75t_R)
     1    0.00    8.23   23.66 7173.66 v _80389_/Y (OA33x2_ASAP7_75t_R)
                                         result[139] (net)
                  8.23    0.00 7173.66 v result[139] (out)
                               7173.66   data arrival time

                  0.00 5000.00 5000.00   clock clk (rise edge)
                          0.00 5000.00   clock network delay (ideal)
                          0.00 5000.00   clock reconvergence pessimism
                       -1000.00 4000.00   output external delay
                               4000.00   data required time
-----------------------------------------------------------------------------
                               4000.00   data required time
                               -7173.66   data arrival time
-----------------------------------------------------------------------------
                               -3173.66   slack (VIOLATED)



==========================================================================
floorplan final report_checks -unconstrained
--------------------------------------------------------------------------
Startpoint: is_set_greater (input port clocked by clk)
Endpoint: result[139] (output port clocked by clk)
Path Group: clk
Path Type: max

Fanout     Cap    Slew   Delay    Time   Description
-----------------------------------------------------------------------------
                  0.00    0.00    0.00   clock clk (rise edge)
                          0.00    0.00   clock network delay (ideal)
                       1000.00 1000.00 ^ input external delay
    14    8.79    0.00    0.00 1000.00 ^ is_set_greater (in)
                                         is_set_greater (net)
                  0.00    0.00 1000.00 ^ _23378_/D (OR4x1_ASAP7_75t_R)
    29   19.38  133.78   67.99 1067.99 ^ _23378_/Y (OR4x1_ASAP7_75t_R)
                                         _11034_ (net)
                133.78    0.00 1067.99 ^ _23393_/A (OR2x2_ASAP7_75t_R)
   275  176.58  609.61  308.29 1376.27 ^ _23393_/Y (OR2x2_ASAP7_75t_R)
                                         _11048_ (net)
                609.61    0.00 1376.27 ^ _23447_/B (AND2x2_ASAP7_75t_R)
     7    4.64   32.46   71.41 1447.69 ^ _23447_/Y (AND2x2_ASAP7_75t_R)
                                         _11088_ (net)
                 32.46    0.00 1447.69 ^ _23448_/B (XOR2x2_ASAP7_75t_R)
     1    0.57    7.64   25.67 1473.36 v _23448_/Y (XOR2x2_ASAP7_75t_R)
                                         _11089_ (net)
                  7.64    0.00 1473.36 v _23449_/B (AND2x2_ASAP7_75t_R)
     1    2.18   10.14   18.05 1491.41 v _23449_/Y (AND2x2_ASAP7_75t_R)
                                         adder.gen_adder[0].adder.get_ripple_carry_adder.adder.gen_adder[7].adder.B (net)
                 10.14    0.00 1491.41 v adder.gen_adder[0].adder.get_ripple_carry_adder.adder.gen_adder[7].adder.genblk1[0].genblk1.fulladder/B (FAx1_ASAP7_75t_R)
     5    5.09   84.38   45.69 1537.10 ^ adder.gen_adder[0].adder.get_ripple_carry_adder.adder.gen_adder[7].adder.genblk1[0].genblk1.fulladder/CON (FAx1_ASAP7_75t_R)
                                         adder.gen_adder[0].adder.get_ripple_carry_adder.adder.gen_adder[7].adder.NX (net)
     3    2.08   36.39   31.24 1568.33 v adder.gen_adder[0].adder.get_ripple_carry_adder.adder.gen_adder[7].adder.genblk1[0].genblk1.fulladder/SN (FAx1_ASAP7_75t_R)
                                         adder.gen_adder[0].adder.get_ripple_carry_adder.adder.gen_adder[7].adder.NY (net)
                 36.39    0.00 1568.33 v _23495_/B (XNOR2x2_ASAP7_75t_R)
     2    1.64   12.16   31.96 1600.29 ^ _23495_/Y (XNOR2x2_ASAP7_75t_R)
                                         _11135_ (net)
                 12.16    0.00 1600.29 ^ _23496_/B (XNOR2x2_ASAP7_75t_R)
     2    1.71   10.62   30.97 1631.27 v _23496_/Y (XNOR2x2_ASAP7_75t_R)
                                         _11136_ (net)
                 10.62    0.00 1631.27 v _23500_/B2 (AOI22x1_ASAP7_75t_R)
    18   14.78   91.77   46.16 1677.42 ^ _23500_/Y (AOI22x1_ASAP7_75t_R)
                                         _11140_ (net)
                 91.77    0.00 1677.42 ^ _25188_/B (NAND2x1_ASAP7_75t_R)
     3    1.69   26.99   19.98 1697.40 v _25188_/Y (NAND2x1_ASAP7_75t_R)
                                         _12790_ (net)
                 26.99    0.00 1697.40 v _25246_/A (AND2x2_ASAP7_75t_R)
     2    1.60    9.01   24.67 1722.07 v _25246_/Y (AND2x2_ASAP7_75t_R)
                                         _12848_ (net)
                  9.01    0.00 1722.07 v _25262_/A2 (AOI21x1_ASAP7_75t_R)
     3    2.81   32.82   13.93 1736.01 ^ _25262_/Y (AOI21x1_ASAP7_75t_R)
                                         _12864_ (net)
                 32.82    0.00 1736.01 ^ _26662_/A (INVx1_ASAP7_75t_R)
     1    2.00   17.24   13.99 1749.99 v _26662_/Y (INVx1_ASAP7_75t_R)
                                         adder.gen_adder[1].adder.get_ripple_carry_adder.adder.gen_adder[7].adder.A (net)
                 17.24    0.00 1749.99 v adder.gen_adder[1].adder.get_ripple_carry_adder.adder.gen_adder[7].adder.genblk1[0].genblk1.fulladder/A (FAx1_ASAP7_75t_R)
     5    5.04   83.72   46.55 1796.54 ^ adder.gen_adder[1].adder.get_ripple_carry_adder.adder.gen_adder[7].adder.genblk1[0].genblk1.fulladder/CON (FAx1_ASAP7_75t_R)
                                         adder.gen_adder[1].adder.get_ripple_carry_adder.adder.gen_adder[7].adder.NX (net)
     3    2.23   37.46   32.13 1828.67 v adder.gen_adder[1].adder.get_ripple_carry_adder.adder.gen_adder[7].adder.genblk1[0].genblk1.fulladder/SN (FAx1_ASAP7_75t_R)
                                         adder.gen_adder[1].adder.get_ripple_carry_adder.adder.gen_adder[7].adder.NY (net)
                 37.46    0.00 1828.67 v _23514_/B (XOR2x2_ASAP7_75t_R)
     2    2.13   13.58   38.63 1867.30 ^ _23514_/Y (XOR2x2_ASAP7_75t_R)
                                         _11154_ (net)
                 13.58    0.00 1867.30 ^ _23516_/A (XNOR2x2_ASAP7_75t_R)
     5    3.87   16.45   35.50 1902.80 v _23516_/Y (XNOR2x2_ASAP7_75t_R)
                                         _11156_ (net)
                 16.45    0.00 1902.80 v _23580_/A2 (AO22x1_ASAP7_75t_R)
    14    9.63   50.18   42.72 1945.52 v _23580_/Y (AO22x1_ASAP7_75t_R)
                                         _11220_ (net)
                 50.18    0.00 1945.52 v _25201_/A3 (AO32x1_ASAP7_75t_R)
     2    1.24   13.83   33.07 1978.59 v _25201_/Y (AO32x1_ASAP7_75t_R)
                                         _12803_ (net)
                 13.83    0.00 1978.59 v _25221_/A (OR3x1_ASAP7_75t_R)
     1    0.60    9.17   22.99 2001.58 v _25221_/Y (OR3x1_ASAP7_75t_R)
                                         _12823_ (net)
                  9.17    0.00 2001.58 v _25222_/C (OR3x1_ASAP7_75t_R)
     2    1.20   12.47   26.03 2027.61 v _25222_/Y (OR3x1_ASAP7_75t_R)
                                         _12824_ (net)
                 12.47    0.00 2027.61 v _25294_/B (OA21x2_ASAP7_75t_R)
     6    5.08   17.06   19.92 2047.53 v _25294_/Y (OA21x2_ASAP7_75t_R)
                                         _12895_ (net)
                 17.06    0.00 2047.53 v adder.gen_adder[2].adder.get_ripple_carry_adder.adder.gen_adder[7].adder.genblk1[0].genblk1.fulladder/A (FAx1_ASAP7_75t_R)
    11    7.04  110.58   58.80 2106.32 ^ adder.gen_adder[2].adder.get_ripple_carry_adder.adder.gen_adder[7].adder.genblk1[0].genblk1.fulladder/CON (FAx1_ASAP7_75t_R)
                                         adder.gen_adder[2].adder.get_ripple_carry_adder.adder.gen_adder[7].adder.NX (net)
     4    3.13   49.58   41.57 2147.89 v adder.gen_adder[2].adder.get_ripple_carry_adder.adder.gen_adder[7].adder.genblk1[0].genblk1.fulladder/SN (FAx1_ASAP7_75t_R)
                                         adder.gen_adder[2].adder.get_ripple_carry_adder.adder.gen_adder[7].adder.NY (net)
                 49.58    0.00 2147.89 v _23530_/B (XOR2x2_ASAP7_75t_R)
     4    2.28   14.46   41.45 2189.34 ^ _23530_/Y (XOR2x2_ASAP7_75t_R)
                                         _11170_ (net)
                 14.46    0.00 2189.34 ^ _23532_/C (OR4x1_ASAP7_75t_R)
     1    0.62    9.74   14.89 2204.23 ^ _23532_/Y (OR4x1_ASAP7_75t_R)
                                         _11172_ (net)
                  9.74    0.00 2204.23 ^ _23533_/D (AND4x1_ASAP7_75t_R)
     4    2.83   26.10   34.58 2238.81 ^ _23533_/Y (AND4x1_ASAP7_75t_R)
                                         _11173_ (net)
                 26.10    0.00 2238.81 ^ _23999_/A (NAND2x1_ASAP7_75t_R)
    12    7.50   42.57   27.07 2265.89 v _23999_/Y (NAND2x1_ASAP7_75t_R)
                                         _11633_ (net)
                 42.57    0.00 2265.89 v _25206_/A (OR4x1_ASAP7_75t_R)
     1    1.16   14.64   37.42 2303.31 v _25206_/Y (OR4x1_ASAP7_75t_R)
                                         _12808_ (net)
                 14.64    0.00 2303.31 v _25210_/A3 (OA31x2_ASAP7_75t_R)
     5    3.00   13.68   21.80 2325.11 v _25210_/Y (OA31x2_ASAP7_75t_R)
                                         _12812_ (net)
                 13.68    0.00 2325.11 v _25633_/B (OR2x2_ASAP7_75t_R)
     1    0.63    7.01   20.03 2345.14 v _25633_/Y (OR2x2_ASAP7_75t_R)
                                         _13208_ (net)
                  7.01    0.00 2345.14 v _25634_/A2 (AO21x1_ASAP7_75t_R)
     4    3.76   21.50   22.11 2367.25 v _25634_/Y (AO21x1_ASAP7_75t_R)
                                         _13209_ (net)
                 21.50    0.00 2367.25 v adder.gen_adder[3].adder.get_ripple_carry_adder.adder.gen_adder[7].adder.genblk1[0].genblk1.fulladder/A (FAx1_ASAP7_75t_R)
     6    6.14   98.47   54.48 2421.73 ^ adder.gen_adder[3].adder.get_ripple_carry_adder.adder.gen_adder[7].adder.genblk1[0].genblk1.fulladder/CON (FAx1_ASAP7_75t_R)
                                         adder.gen_adder[3].adder.get_ripple_carry_adder.adder.gen_adder[7].adder.NX (net)
     3    2.08   38.77   32.85 2454.58 v adder.gen_adder[3].adder.get_ripple_carry_adder.adder.gen_adder[7].adder.genblk1[0].genblk1.fulladder/SN (FAx1_ASAP7_75t_R)
                                         adder.gen_adder[3].adder.get_ripple_carry_adder.adder.gen_adder[7].adder.NY (net)
                 38.77    0.00 2454.58 v _23591_/B (XNOR2x2_ASAP7_75t_R)
     2    1.69   10.92   30.06 2484.64 v _23591_/Y (XNOR2x2_ASAP7_75t_R)
                                         _11230_ (net)
                 10.92    0.00 2484.64 v _23593_/A (XNOR2x2_ASAP7_75t_R)
     4    3.33   16.54   28.99 2513.64 ^ _23593_/Y (XNOR2x2_ASAP7_75t_R)
                                         _11232_ (net)
                 16.54    0.00 2513.64 ^ _23682_/B2 (AO22x1_ASAP7_75t_R)
    37   25.20  151.37   84.14 2597.78 ^ _23682_/Y (AO22x1_ASAP7_75t_R)
                                         _11320_ (net)
                151.37    0.00 2597.78 ^ _25224_/B (NOR2x1_ASAP7_75t_R)
     1    0.63   26.78   21.42 2619.20 v _25224_/Y (NOR2x1_ASAP7_75t_R)
                                         _12826_ (net)
                 26.78    0.00 2619.20 v _25225_/B (AO21x1_ASAP7_75t_R)
     1    0.57    9.26   18.82 2638.02 v _25225_/Y (AO21x1_ASAP7_75t_R)
                                         _12827_ (net)
                  9.26    0.00 2638.02 v _25231_/B1 (AO221x1_ASAP7_75t_R)
     1    0.53    8.21   19.33 2657.35 v _25231_/Y (AO221x1_ASAP7_75t_R)
                                         _12833_ (net)
                  8.21    0.00 2657.35 v _25232_/C (AO221x1_ASAP7_75t_R)
     6    3.61   22.52   30.41 2687.76 v _25232_/Y (AO221x1_ASAP7_75t_R)
                                         _12834_ (net)
                 22.52    0.00 2687.76 v _25291_/B (OR2x2_ASAP7_75t_R)
     5    4.27   16.94   29.32 2717.08 v _25291_/Y (OR2x2_ASAP7_75t_R)
                                         _12893_ (net)
                 16.94    0.00 2717.08 v adder.gen_adder[4].adder.get_ripple_carry_adder.adder.gen_adder[7].adder.genblk1[0].genblk1.fulladder/A (FAx1_ASAP7_75t_R)
     3    2.20   58.45   53.31 2770.39 ^ adder.gen_adder[4].adder.get_ripple_carry_adder.adder.gen_adder[7].adder.genblk1[0].genblk1.fulladder/SN (FAx1_ASAP7_75t_R)
                                         adder.gen_adder[4].adder.get_ripple_carry_adder.adder.gen_adder[7].adder.NY (net)
                 58.45    0.00 2770.39 ^ _23474_/B (XNOR2x2_ASAP7_75t_R)
     1    0.63    7.94   36.38 2806.77 v _23474_/Y (XNOR2x2_ASAP7_75t_R)
                                         _11114_ (net)
                  7.94    0.00 2806.77 v _23475_/A2 (AO21x1_ASAP7_75t_R)
     1    1.05   10.75   15.31 2822.08 v _23475_/Y (AO21x1_ASAP7_75t_R)
                                         _11115_ (net)
                 10.75    0.00 2822.08 v _23476_/B (XOR2x2_ASAP7_75t_R)
     3    2.66   15.29   31.92 2853.99 ^ _23476_/Y (XOR2x2_ASAP7_75t_R)
                                         _11116_ (net)
                 15.29    0.00 2853.99 ^ _23477_/B (XNOR2x2_ASAP7_75t_R)
     5    3.39   15.18   34.96 2888.95 v _23477_/Y (XNOR2x2_ASAP7_75t_R)
                                         _11117_ (net)
                 15.18    0.00 2888.95 v _23478_/B (AND2x2_ASAP7_75t_R)
    15   10.96   33.23   33.11 2922.06 v _23478_/Y (AND2x2_ASAP7_75t_R)
                                         _11118_ (net)
                 33.23    0.00 2922.06 v _25240_/A1 (AO21x1_ASAP7_75t_R)
     2    1.20   10.04   22.89 2944.95 v _25240_/Y (AO21x1_ASAP7_75t_R)
                                         _12842_ (net)
                 10.04    0.00 2944.95 v _25250_/A (OR2x2_ASAP7_75t_R)
     1    0.61    6.97   19.18 2964.13 v _25250_/Y (OR2x2_ASAP7_75t_R)
                                         _12852_ (net)
                  6.97    0.00 2964.13 v _25251_/B2 (OA22x2_ASAP7_75t_R)
     5    4.29   15.54   23.97 2988.10 v _25251_/Y (OA22x2_ASAP7_75t_R)
                                         _12853_ (net)
                 15.54    0.00 2988.10 v _26740_/B (OR2x2_ASAP7_75t_R)
     2    2.54   12.22   24.30 3012.40 v _26740_/Y (OR2x2_ASAP7_75t_R)
                                         adder.gen_adder[5].adder.get_ripple_carry_adder.adder.gen_adder[7].adder.A (net)
                 12.22    0.00 3012.40 v adder.gen_adder[5].adder.get_ripple_carry_adder.adder.gen_adder[7].adder.genblk1[0].genblk1.fulladder/A (FAx1_ASAP7_75t_R)
     3    2.20   58.25   52.24 3064.64 ^ adder.gen_adder[5].adder.get_ripple_carry_adder.adder.gen_adder[7].adder.genblk1[0].genblk1.fulladder/SN (FAx1_ASAP7_75t_R)
                                         adder.gen_adder[5].adder.get_ripple_carry_adder.adder.gen_adder[7].adder.NY (net)
                 58.25    0.00 3064.64 ^ _23461_/B (XNOR2x2_ASAP7_75t_R)
     1    0.63    7.94   36.35 3100.99 v _23461_/Y (XNOR2x2_ASAP7_75t_R)
                                         _11101_ (net)
                  7.94    0.00 3100.99 v _23462_/A2 (AO21x1_ASAP7_75t_R)
     1    1.05   10.75   15.31 3116.30 v _23462_/Y (AO21x1_ASAP7_75t_R)
                                         _11102_ (net)
                 10.75    0.00 3116.30 v _23463_/B (XOR2x2_ASAP7_75t_R)
     4    3.31   17.39   33.14 3149.43 ^ _23463_/Y (XOR2x2_ASAP7_75t_R)
                                         _11103_ (net)
                 17.39    0.00 3149.43 ^ _23464_/B (XNOR2x2_ASAP7_75t_R)
    12    7.94   27.17   42.54 3191.97 v _23464_/Y (XNOR2x2_ASAP7_75t_R)
                                         _11104_ (net)
                 27.17    0.00 3191.97 v _23647_/B (NAND2x1_ASAP7_75t_R)
    12    8.16   61.31   38.11 3230.08 ^ _23647_/Y (NAND2x1_ASAP7_75t_R)
                                         _11285_ (net)
                 61.31    0.00 3230.08 ^ _23648_/B (AND2x2_ASAP7_75t_R)
    13    9.32   37.50   42.38 3272.46 ^ _23648_/Y (AND2x2_ASAP7_75t_R)
                                         _11286_ (net)
                 37.50    0.00 3272.46 ^ _25286_/A1 (AO21x1_ASAP7_75t_R)
     2    1.15   10.77   17.78 3290.24 ^ _25286_/Y (AO21x1_ASAP7_75t_R)
                                         _12888_ (net)
                 10.77    0.00 3290.24 ^ _25287_/B (OR2x2_ASAP7_75t_R)
     1    0.61    6.35   15.55 3305.79 ^ _25287_/Y (OR2x2_ASAP7_75t_R)
                                         _12889_ (net)
                  6.35    0.00 3305.79 ^ _25293_/B1 (OA222x2_ASAP7_75t_R)
     4    2.95   16.00   28.39 3334.17 ^ _25293_/Y (OA222x2_ASAP7_75t_R)
                                         _12894_ (net)
                 16.00    0.00 3334.17 ^ _25308_/A (OR2x2_ASAP7_75t_R)
     3    1.69    9.95   20.06 3354.24 ^ _25308_/Y (OR2x2_ASAP7_75t_R)
                                         _12908_ (net)
                  9.95    0.00 3354.24 ^ _25337_/A (AND2x2_ASAP7_75t_R)
     6    5.09   21.79   24.49 3378.72 ^ _25337_/Y (AND2x2_ASAP7_75t_R)
                                         adder.gen_adder[6].adder.get_ripple_carry_adder.adder.gen_adder[7].adder.A (net)
                 21.79    0.00 3378.72 ^ adder.gen_adder[6].adder.get_ripple_carry_adder.adder.gen_adder[7].adder.genblk1[0].genblk1.fulladder/A (FAx1_ASAP7_75t_R)
     3    3.12   43.31   28.02 3406.74 v adder.gen_adder[6].adder.get_ripple_carry_adder.adder.gen_adder[7].adder.genblk1[0].genblk1.fulladder/CON (FAx1_ASAP7_75t_R)
                                         adder.gen_adder[6].adder.get_ripple_carry_adder.adder.gen_adder[7].adder.NX (net)
     3    2.20   58.49   28.88 3435.63 ^ adder.gen_adder[6].adder.get_ripple_carry_adder.adder.gen_adder[7].adder.genblk1[0].genblk1.fulladder/SN (FAx1_ASAP7_75t_R)
                                         adder.gen_adder[6].adder.get_ripple_carry_adder.adder.gen_adder[7].adder.NY (net)
                 58.49    0.00 3435.63 ^ _23721_/B (XNOR2x2_ASAP7_75t_R)
     1    0.63    7.94   36.38 3472.01 v _23721_/Y (XNOR2x2_ASAP7_75t_R)
                                         _11359_ (net)
                  7.94    0.00 3472.01 v _23722_/A2 (AO21x1_ASAP7_75t_R)
     1    1.05   10.75   15.31 3487.32 v _23722_/Y (AO21x1_ASAP7_75t_R)
                                         _11360_ (net)
                 10.75    0.00 3487.32 v _23723_/B (XOR2x2_ASAP7_75t_R)
     3    2.17   13.66   30.88 3518.19 ^ _23723_/Y (XOR2x2_ASAP7_75t_R)
                                         _11361_ (net)
                 13.66    0.00 3518.19 ^ _23724_/B (XNOR2x2_ASAP7_75t_R)
     6    4.03   16.88   35.63 3553.82 v _23724_/Y (XNOR2x2_ASAP7_75t_R)
                                         _11362_ (net)
                 16.88    0.00 3553.82 v _23725_/B (NAND2x1_ASAP7_75t_R)
    13    8.72   65.11   36.00 3589.82 ^ _23725_/Y (NAND2x1_ASAP7_75t_R)
                                         _11363_ (net)
                 65.11    0.00 3589.82 ^ _23727_/B (AND2x2_ASAP7_75t_R)
     4    4.03   20.26   34.20 3624.02 ^ _23727_/Y (AND2x2_ASAP7_75t_R)
                                         _11365_ (net)
                 20.26    0.00 3624.02 ^ _25302_/B (OAI21x1_ASAP7_75t_R)
     2    2.21   17.15   13.65 3637.66 v _25302_/Y (OAI21x1_ASAP7_75t_R)
                                         _12902_ (net)
                 17.15    0.00 3637.66 v _25629_/B (NAND2x1_ASAP7_75t_R)
     4    4.18   34.22   22.25 3659.92 ^ _25629_/Y (NAND2x1_ASAP7_75t_R)
                                         adder.gen_adder[7].adder.get_ripple_carry_adder.adder.gen_adder[7].adder.A (net)
                 34.22    0.00 3659.92 ^ adder.gen_adder[7].adder.get_ripple_carry_adder.adder.gen_adder[7].adder.genblk1[0].genblk1.fulladder/A (FAx1_ASAP7_75t_R)
     4    3.69   49.99   33.52 3693.44 v adder.gen_adder[7].adder.get_ripple_carry_adder.adder.gen_adder[7].adder.genblk1[0].genblk1.fulladder/CON (FAx1_ASAP7_75t_R)
                                         adder.gen_adder[7].adder.get_ripple_carry_adder.adder.gen_adder[7].adder.NX (net)
     3    2.20   59.26   30.46 3723.89 ^ adder.gen_adder[7].adder.get_ripple_carry_adder.adder.gen_adder[7].adder.genblk1[0].genblk1.fulladder/SN (FAx1_ASAP7_75t_R)
                                         adder.gen_adder[7].adder.get_ripple_carry_adder.adder.gen_adder[7].adder.NY (net)
                 59.26    0.00 3723.89 ^ _23729_/B (XNOR2x2_ASAP7_75t_R)
     1    0.63    7.95   36.47 3760.37 v _23729_/Y (XNOR2x2_ASAP7_75t_R)
                                         _11367_ (net)
                  7.95    0.00 3760.37 v _23730_/A2 (AO21x1_ASAP7_75t_R)
     2    1.95   14.78   17.82 3778.19 v _23730_/Y (AO21x1_ASAP7_75t_R)
                                         _11368_ (net)
                 14.78    0.00 3778.19 v _23731_/B (XOR2x2_ASAP7_75t_R)
     5    3.14   17.00   34.21 3812.40 ^ _23731_/Y (XOR2x2_ASAP7_75t_R)
                                         _11369_ (net)
                 17.00    0.00 3812.40 ^ _23732_/B (XNOR2x2_ASAP7_75t_R)
    39   25.19   89.83   61.24 3873.64 ^ _23732_/Y (XNOR2x2_ASAP7_75t_R)
                                         _11370_ (net)
                 89.83    0.00 3873.64 ^ _23795_/B (NAND2x1_ASAP7_75t_R)
    60   38.61  199.84  120.12 3993.76 v _23795_/Y (NAND2x1_ASAP7_75t_R)
                                         _11433_ (net)
                199.84    0.00 3993.76 v _25309_/B (AND2x2_ASAP7_75t_R)
     1    0.63   12.45   48.90 4042.67 v _25309_/Y (AND2x2_ASAP7_75t_R)
                                         _12909_ (net)
                 12.45    0.00 4042.67 v _25310_/B (AO21x1_ASAP7_75t_R)
     1    0.61    9.00   16.27 4058.94 v _25310_/Y (AO21x1_ASAP7_75t_R)
                                         _12910_ (net)
                  9.00    0.00 4058.94 v _25311_/B1 (AO222x2_ASAP7_75t_R)
     1    0.63   11.73   28.66 4087.60 v _25311_/Y (AO222x2_ASAP7_75t_R)
                                         _12911_ (net)
                 11.73    0.00 4087.60 v _25312_/B (AO21x1_ASAP7_75t_R)
     1    0.58    7.06   16.03 4103.62 v _25312_/Y (AO21x1_ASAP7_75t_R)
                                         _12912_ (net)
                  7.06    0.00 4103.62 v _25317_/A2 (AO222x2_ASAP7_75t_R)
     2    1.17   14.47   31.11 4134.73 v _25317_/Y (AO222x2_ASAP7_75t_R)
                                         _12917_ (net)
                 14.47    0.00 4134.73 v _25344_/B (AO21x1_ASAP7_75t_R)
     5    4.19   23.66   26.17 4160.91 v _25344_/Y (AO21x1_ASAP7_75t_R)
                                         _12943_ (net)
                 23.66    0.00 4160.91 v _26803_/A (OR2x2_ASAP7_75t_R)
     2    2.54   12.38   26.23 4187.14 v _26803_/Y (OR2x2_ASAP7_75t_R)
                                         adder.gen_adder[8].adder.get_ripple_carry_adder.adder.gen_adder[7].adder.A (net)
                 12.38    0.00 4187.14 v adder.gen_adder[8].adder.get_ripple_carry_adder.adder.gen_adder[7].adder.genblk1[0].genblk1.fulladder/A (FAx1_ASAP7_75t_R)
     3    2.20   58.26   52.27 4239.41 ^ adder.gen_adder[8].adder.get_ripple_carry_adder.adder.gen_adder[7].adder.genblk1[0].genblk1.fulladder/SN (FAx1_ASAP7_75t_R)
                                         adder.gen_adder[8].adder.get_ripple_carry_adder.adder.gen_adder[7].adder.NY (net)
                 58.26    0.00 4239.41 ^ _23781_/B (XNOR2x2_ASAP7_75t_R)
     1    0.63    7.94   36.35 4275.76 v _23781_/Y (XNOR2x2_ASAP7_75t_R)
                                         _11419_ (net)
                  7.94    0.00 4275.76 v _23782_/A2 (AO21x1_ASAP7_75t_R)
     1    1.05   10.75   15.31 4291.07 v _23782_/Y (AO21x1_ASAP7_75t_R)
                                         _11420_ (net)
                 10.75    0.00 4291.07 v _23783_/B (XOR2x2_ASAP7_75t_R)
     3    2.13   13.55   30.80 4321.88 ^ _23783_/Y (XOR2x2_ASAP7_75t_R)
                                         _11421_ (net)
                 13.55    0.00 4321.88 ^ _23784_/B (XNOR2x2_ASAP7_75t_R)
     4    2.71   13.35   33.34 4355.21 v _23784_/Y (XNOR2x2_ASAP7_75t_R)
                                         _11422_ (net)
                 13.35    0.00 4355.21 v _23827_/B (NAND2x1_ASAP7_75t_R)
    17   12.84   93.27   47.21 4402.42 ^ _23827_/Y (NAND2x1_ASAP7_75t_R)
                                         _11465_ (net)
                 93.27    0.00 4402.42 ^ _24566_/B (AND2x2_ASAP7_75t_R)
     5    4.00   20.21   37.63 4440.05 ^ _24566_/Y (AND2x2_ASAP7_75t_R)
                                         _12188_ (net)
                 20.21    0.00 4440.05 ^ _25641_/B2 (AOI22x1_ASAP7_75t_R)
     2    1.32   16.39   12.78 4452.83 v _25641_/Y (AOI22x1_ASAP7_75t_R)
                                         _13215_ (net)
                 16.39    0.00 4452.83 v _25642_/A2 (AO21x1_ASAP7_75t_R)
     7    6.75   35.59   31.73 4484.56 v _25642_/Y (AO21x1_ASAP7_75t_R)
                                         _13216_ (net)
                 35.59    0.00 4484.56 v _26823_/A (INVx1_ASAP7_75t_R)
     1    2.00   20.61   16.75 4501.31 ^ _26823_/Y (INVx1_ASAP7_75t_R)
                                         adder.gen_adder[9].adder.get_ripple_carry_adder.adder.gen_adder[7].adder.A (net)
                 20.61    0.00 4501.31 ^ adder.gen_adder[9].adder.get_ripple_carry_adder.adder.gen_adder[7].adder.genblk1[0].genblk1.fulladder/A (FAx1_ASAP7_75t_R)
     3    3.12   43.18   27.74 4529.05 v adder.gen_adder[9].adder.get_ripple_carry_adder.adder.gen_adder[7].adder.genblk1[0].genblk1.fulladder/CON (FAx1_ASAP7_75t_R)
                                         adder.gen_adder[9].adder.get_ripple_carry_adder.adder.gen_adder[7].adder.NX (net)
     3    2.20   58.55   28.85 4557.90 ^ adder.gen_adder[9].adder.get_ripple_carry_adder.adder.gen_adder[7].adder.genblk1[0].genblk1.fulladder/SN (FAx1_ASAP7_75t_R)
                                         adder.gen_adder[9].adder.get_ripple_carry_adder.adder.gen_adder[7].adder.NY (net)
                 58.55    0.00 4557.90 ^ _23453_/B (XNOR2x2_ASAP7_75t_R)
     1    0.63    7.94   36.39 4594.29 v _23453_/Y (XNOR2x2_ASAP7_75t_R)
                                         _11093_ (net)
                  7.94    0.00 4594.29 v _23457_/A2 (AO21x1_ASAP7_75t_R)
     1    1.05   10.75   15.31 4609.60 v _23457_/Y (AO21x1_ASAP7_75t_R)
                                         _11097_ (net)
                 10.75    0.00 4609.60 v _23458_/B (XOR2x2_ASAP7_75t_R)
     4    3.04   16.54   32.67 4642.27 ^ _23458_/Y (XOR2x2_ASAP7_75t_R)
                                         _11098_ (net)
                 16.54    0.00 4642.27 ^ _23459_/B (XNOR2x2_ASAP7_75t_R)
    15    9.62   31.55   44.73 4687.00 v _23459_/Y (XNOR2x2_ASAP7_75t_R)
                                         _11099_ (net)
                 31.55    0.00 4687.00 v _23874_/B (NAND2x1_ASAP7_75t_R)
    16   12.22   89.04   52.07 4739.07 ^ _23874_/Y (NAND2x1_ASAP7_75t_R)
                                         _11512_ (net)
                 89.04    0.00 4739.07 ^ _25334_/A1 (OA21x2_ASAP7_75t_R)
     4    2.71   14.23   32.85 4771.92 ^ _25334_/Y (OA21x2_ASAP7_75t_R)
                                         _12934_ (net)
                 14.23    0.00 4771.92 ^ _25335_/B (NAND2x1_ASAP7_75t_R)
     1    0.63   32.01    7.50 4779.41 v _25335_/Y (NAND2x1_ASAP7_75t_R)
                                         _12935_ (net)
                 32.01    0.00 4779.41 v _25336_/B (AO21x1_ASAP7_75t_R)
     2    1.55   11.64   22.68 4802.09 v _25336_/Y (AO21x1_ASAP7_75t_R)
                                         _12936_ (net)
                 11.64    0.00 4802.09 v _25351_/A (NAND2x1_ASAP7_75t_R)
     2    1.25   15.06   12.75 4814.84 ^ _25351_/Y (NAND2x1_ASAP7_75t_R)
                                         _12950_ (net)
                 15.06    0.00 4814.84 ^ _25358_/A2 (AO21x1_ASAP7_75t_R)
     3    3.15   21.68   21.98 4836.82 ^ _25358_/Y (AO21x1_ASAP7_75t_R)
                                         adder.gen_adder[10].adder.get_ripple_carry_adder.adder.gen_adder[7].adder.A (net)
                 21.68    0.00 4836.82 ^ adder.gen_adder[10].adder.get_ripple_carry_adder.adder.gen_adder[7].adder.genblk1[0].genblk1.fulladder/A (FAx1_ASAP7_75t_R)
     3    3.12   43.29   27.99 4864.81 v adder.gen_adder[10].adder.get_ripple_carry_adder.adder.gen_adder[7].adder.genblk1[0].genblk1.fulladder/CON (FAx1_ASAP7_75t_R)
                                         adder.gen_adder[10].adder.get_ripple_carry_adder.adder.gen_adder[7].adder.NX (net)
     3    2.20   58.53   28.88 4893.70 ^ adder.gen_adder[10].adder.get_ripple_carry_adder.adder.gen_adder[7].adder.genblk1[0].genblk1.fulladder/SN (FAx1_ASAP7_75t_R)
                                         adder.gen_adder[10].adder.get_ripple_carry_adder.adder.gen_adder[7].adder.NY (net)
                 58.53    0.00 4893.70 ^ _25363_/B (XNOR2x2_ASAP7_75t_R)
     1    0.63    7.94   36.39 4930.08 v _25363_/Y (XNOR2x2_ASAP7_75t_R)
                                         _12960_ (net)
                  7.94    0.00 4930.08 v _25364_/A2 (AO21x1_ASAP7_75t_R)
     1    1.05   10.75   15.31 4945.39 v _25364_/Y (AO21x1_ASAP7_75t_R)
                                         _12961_ (net)
                 10.75    0.00 4945.39 v _25365_/B (XOR2x2_ASAP7_75t_R)
     3    2.13   13.55   30.80 4976.20 ^ _25365_/Y (XOR2x2_ASAP7_75t_R)
                                         _12962_ (net)
                 13.55    0.00 4976.20 ^ _25366_/B (XNOR2x2_ASAP7_75t_R)
     5    3.39   15.17   34.53 5010.73 v _25366_/Y (XNOR2x2_ASAP7_75t_R)
                                         _12963_ (net)
                 15.17    0.00 5010.73 v _25372_/B (AND2x2_ASAP7_75t_R)
     8    5.05   17.65   25.13 5035.86 v _25372_/Y (AND2x2_ASAP7_75t_R)
                                         _12968_ (net)
                 17.65    0.00 5035.86 v _25625_/C (OR3x1_ASAP7_75t_R)
     1    0.43    8.49   24.62 5060.48 v _25625_/Y (OR3x1_ASAP7_75t_R)
                                         _13201_ (net)
                  8.49    0.00 5060.48 v _25626_/B (OA211x2_ASAP7_75t_R)
     1    0.55   14.53   24.89 5085.38 v _25626_/Y (OA211x2_ASAP7_75t_R)
                                         _13202_ (net)
                 14.53    0.00 5085.38 v _25627_/B1 (OA31x2_ASAP7_75t_R)
     2    1.87   10.80   23.03 5108.41 v _25627_/Y (OA31x2_ASAP7_75t_R)
                                         _13203_ (net)
                 10.80    0.00 5108.41 v _25628_/B (AO21x1_ASAP7_75t_R)
     3    2.17   14.12   20.37 5128.77 v _25628_/Y (AO21x1_ASAP7_75t_R)
                                         _13204_ (net)
                 14.12    0.00 5128.77 v _25645_/A (OR3x1_ASAP7_75t_R)
     4    3.71   25.54   33.59 5162.36 v _25645_/Y (OR3x1_ASAP7_75t_R)
                                         _13219_ (net)
                 25.54    0.00 5162.36 v _25654_/A2 (AOI21x1_ASAP7_75t_R)
     1    0.68   13.90   11.18 5173.54 ^ _25654_/Y (AOI21x1_ASAP7_75t_R)
                                         _13228_ (net)
                 13.90    0.00 5173.54 ^ _25655_/A (INVx1_ASAP7_75t_R)
     3    3.22   18.45   13.33 5186.87 v _25655_/Y (INVx1_ASAP7_75t_R)
                                         adder.gen_adder[11].adder.get_ripple_carry_adder.adder.gen_adder[7].adder.A (net)
                 18.45    0.00 5186.87 v adder.gen_adder[11].adder.get_ripple_carry_adder.adder.gen_adder[7].adder.genblk1[0].genblk1.fulladder/A (FAx1_ASAP7_75t_R)
     3    2.20   58.52   53.66 5240.53 ^ adder.gen_adder[11].adder.get_ripple_carry_adder.adder.gen_adder[7].adder.genblk1[0].genblk1.fulladder/SN (FAx1_ASAP7_75t_R)
                                         adder.gen_adder[11].adder.get_ripple_carry_adder.adder.gen_adder[7].adder.NY (net)
                 58.52    0.00 5240.53 ^ _25662_/B (XNOR2x2_ASAP7_75t_R)
     1    0.63    7.94   36.38 5276.92 v _25662_/Y (XNOR2x2_ASAP7_75t_R)
                                         _13234_ (net)
                  7.94    0.00 5276.92 v _25663_/A2 (AO21x1_ASAP7_75t_R)
     1    1.05   10.75   15.31 5292.23 v _25663_/Y (AO21x1_ASAP7_75t_R)
                                         _13235_ (net)
                 10.75    0.00 5292.23 v _25664_/B (XOR2x2_ASAP7_75t_R)
     4    3.23   17.13   32.99 5325.22 ^ _25664_/Y (XOR2x2_ASAP7_75t_R)
                                         _13236_ (net)
                 17.13    0.00 5325.22 ^ _25665_/B (XNOR2x2_ASAP7_75t_R)
    26   16.75   50.30   54.49 5379.71 v _25665_/Y (XNOR2x2_ASAP7_75t_R)
                                         _13237_ (net)
                 50.30    0.00 5379.71 v _25688_/B (NAND2x1_ASAP7_75t_R)
    35   25.11  176.90   98.13 5477.83 ^ _25688_/Y (NAND2x1_ASAP7_75t_R)
                                         _13259_ (net)
                176.90    0.00 5477.83 ^ _25907_/B (NOR2x1_ASAP7_75t_R)
     2    2.35   44.86   37.63 5515.46 v _25907_/Y (NOR2x1_ASAP7_75t_R)
                                         _13462_ (net)
                 44.86    0.00 5515.46 v _25920_/A2 (OA31x2_ASAP7_75t_R)
     1    0.59    7.54   22.32 5537.78 v _25920_/Y (OA31x2_ASAP7_75t_R)
                                         _13475_ (net)
                  7.54    0.00 5537.78 v _25921_/C (AND3x1_ASAP7_75t_R)
     3    1.78   12.27   16.81 5554.58 v _25921_/Y (AND3x1_ASAP7_75t_R)
                                         _13476_ (net)
                 12.27    0.00 5554.58 v _25923_/A (AND2x2_ASAP7_75t_R)
     1    0.63    6.10   17.85 5572.43 v _25923_/Y (AND2x2_ASAP7_75t_R)
                                         _13478_ (net)
                  6.10    0.00 5572.43 v _25926_/A2 (AO21x1_ASAP7_75t_R)
     4    2.54   15.81   18.87 5591.30 v _25926_/Y (AO21x1_ASAP7_75t_R)
                                         _13481_ (net)
                 15.81    0.00 5591.30 v _25927_/A (INVx1_ASAP7_75t_R)
     5    4.74   30.83   19.53 5610.83 ^ _25927_/Y (INVx1_ASAP7_75t_R)
                                         adder.gen_adder[12].adder.get_ripple_carry_adder.adder.gen_adder[7].adder.A (net)
                 30.83    0.00 5610.83 ^ adder.gen_adder[12].adder.get_ripple_carry_adder.adder.gen_adder[7].adder.genblk1[0].genblk1.fulladder/A (FAx1_ASAP7_75t_R)
     3    3.12   44.31   30.11 5640.94 v adder.gen_adder[12].adder.get_ripple_carry_adder.adder.gen_adder[7].adder.genblk1[0].genblk1.fulladder/CON (FAx1_ASAP7_75t_R)
                                         adder.gen_adder[12].adder.get_ripple_carry_adder.adder.gen_adder[7].adder.NX (net)
     3    2.20   59.29   29.12 5670.06 ^ adder.gen_adder[12].adder.get_ripple_carry_adder.adder.gen_adder[7].adder.genblk1[0].genblk1.fulladder/SN (FAx1_ASAP7_75t_R)
                                         adder.gen_adder[12].adder.get_ripple_carry_adder.adder.gen_adder[7].adder.NY (net)
                 59.29    0.00 5670.06 ^ _25933_/B (XNOR2x2_ASAP7_75t_R)
     1    0.63    7.94   36.48 5706.53 v _25933_/Y (XNOR2x2_ASAP7_75t_R)
                                         _13486_ (net)
                  7.94    0.00 5706.53 v _25934_/A2 (AO21x1_ASAP7_75t_R)
     1    1.05   10.75   15.31 5721.85 v _25934_/Y (AO21x1_ASAP7_75t_R)
                                         _13487_ (net)
                 10.75    0.00 5721.85 v _25935_/B (XOR2x2_ASAP7_75t_R)
     3    2.13   13.56   30.80 5752.65 ^ _25935_/Y (XOR2x2_ASAP7_75t_R)
                                         _13488_ (net)
                 13.56    0.00 5752.65 ^ _25936_/B (XNOR2x2_ASAP7_75t_R)
     6    3.97   16.73   35.51 5788.16 v _25936_/Y (XNOR2x2_ASAP7_75t_R)
                                         _13489_ (net)
                 16.73    0.00 5788.16 v _25941_/B (AND2x2_ASAP7_75t_R)
    13    9.40   29.10   31.56 5819.73 v _25941_/Y (AND2x2_ASAP7_75t_R)
                                         _13494_ (net)
                 29.10    0.00 5819.73 v _26143_/B (NAND2x1_ASAP7_75t_R)
     3    2.15   25.68   19.53 5839.25 ^ _26143_/Y (NAND2x1_ASAP7_75t_R)
                                         _13674_ (net)
                 25.68    0.00 5839.25 ^ _26145_/C (AND3x1_ASAP7_75t_R)
     1    0.57    9.75   22.21 5861.46 ^ _26145_/Y (AND3x1_ASAP7_75t_R)
                                         _13676_ (net)
                  9.75    0.00 5861.46 ^ _26146_/B1 (AO221x1_ASAP7_75t_R)
     3    2.73   21.77   24.81 5886.27 ^ _26146_/Y (AO221x1_ASAP7_75t_R)
                                         _13677_ (net)
                 21.77    0.00 5886.27 ^ _26156_/A (NAND2x1_ASAP7_75t_R)
     1    0.63    9.60    9.02 5895.29 v _26156_/Y (NAND2x1_ASAP7_75t_R)
                                         _13687_ (net)
                  9.60    0.00 5895.29 v _26163_/A2 (AO21x1_ASAP7_75t_R)
     3    3.13   18.61   21.32 5916.61 v _26163_/Y (AO21x1_ASAP7_75t_R)
                                         adder.gen_adder[13].adder.get_ripple_carry_adder.adder.gen_adder[7].adder.A (net)
                 18.61    0.00 5916.61 v adder.gen_adder[13].adder.get_ripple_carry_adder.adder.gen_adder[7].adder.genblk1[0].genblk1.fulladder/A (FAx1_ASAP7_75t_R)
     3    2.20   58.53   53.70 5970.31 ^ adder.gen_adder[13].adder.get_ripple_carry_adder.adder.gen_adder[7].adder.genblk1[0].genblk1.fulladder/SN (FAx1_ASAP7_75t_R)
                                         adder.gen_adder[13].adder.get_ripple_carry_adder.adder.gen_adder[7].adder.NY (net)
                 58.53    0.00 5970.31 ^ _26167_/B (XNOR2x2_ASAP7_75t_R)
     1    0.63    7.94   36.38 6006.69 v _26167_/Y (XNOR2x2_ASAP7_75t_R)
                                         _13696_ (net)
                  7.94    0.00 6006.69 v _26168_/A2 (AO21x1_ASAP7_75t_R)
     1    1.05   10.75   15.31 6022.00 v _26168_/Y (AO21x1_ASAP7_75t_R)
                                         _13697_ (net)
                 10.75    0.00 6022.00 v _26169_/B (XOR2x2_ASAP7_75t_R)
     4    3.11   16.75   32.78 6054.79 ^ _26169_/Y (XOR2x2_ASAP7_75t_R)
                                         _13698_ (net)
                 16.75    0.00 6054.79 ^ _26170_/B (XNOR2x2_ASAP7_75t_R)
    12    8.09   27.55   42.58 6097.37 v _26170_/Y (XNOR2x2_ASAP7_75t_R)
                                         _13699_ (net)
                 27.55    0.00 6097.37 v _26218_/C (AND3x1_ASAP7_75t_R)
    12    7.55   44.43   38.06 6135.43 v _26218_/Y (AND3x1_ASAP7_75t_R)
                                         _13745_ (net)
                 44.43    0.00 6135.43 v _26404_/C2 (AO222x2_ASAP7_75t_R)
     1    1.09   13.19   39.31 6174.74 v _26404_/Y (AO222x2_ASAP7_75t_R)
                                         _13916_ (net)
                 13.19    0.00 6174.74 v _26405_/B (NOR2x1_ASAP7_75t_R)
     1    0.52    9.66    8.44 6183.18 ^ _26405_/Y (NOR2x1_ASAP7_75t_R)
                                         _13917_ (net)
                  9.66    0.00 6183.18 ^ _26410_/A (AND2x2_ASAP7_75t_R)
     2    1.65   10.45   18.15 6201.33 ^ _26410_/Y (AND2x2_ASAP7_75t_R)
                                         _13922_ (net)
                 10.45    0.00 6201.33 ^ _26411_/B (AND2x2_ASAP7_75t_R)
     1    0.62    7.23   16.62 6217.96 ^ _26411_/Y (AND2x2_ASAP7_75t_R)
                                         _13923_ (net)
                  7.23    0.00 6217.96 ^ _26414_/A1 (AO21x1_ASAP7_75t_R)
     2    1.72   13.54   15.75 6233.71 ^ _26414_/Y (AO21x1_ASAP7_75t_R)
                                         _13926_ (net)
                 13.54    0.00 6233.71 ^ _26415_/A (INVx1_ASAP7_75t_R)
     2    2.44   14.86   11.28 6245.00 v _26415_/Y (INVx1_ASAP7_75t_R)
                                         adder.gen_adder[14].adder.get_ripple_carry_adder.adder.gen_adder[7].adder.A (net)
                 14.86    0.00 6245.00 v adder.gen_adder[14].adder.get_ripple_carry_adder.adder.gen_adder[7].adder.genblk1[0].genblk1.fulladder/A (FAx1_ASAP7_75t_R)
     3    2.20   58.37   52.84 6297.83 ^ adder.gen_adder[14].adder.get_ripple_carry_adder.adder.gen_adder[7].adder.genblk1[0].genblk1.fulladder/SN (FAx1_ASAP7_75t_R)
                                         adder.gen_adder[14].adder.get_ripple_carry_adder.adder.gen_adder[7].adder.NY (net)
                 58.37    0.00 6297.83 ^ _26440_/B (XNOR2x2_ASAP7_75t_R)
     1    0.63    7.94   36.37 6334.20 v _26440_/Y (XNOR2x2_ASAP7_75t_R)
                                         _13950_ (net)
                  7.94    0.00 6334.20 v _26441_/A2 (AO21x1_ASAP7_75t_R)
     1    1.05   10.75   15.31 6349.51 v _26441_/Y (AO21x1_ASAP7_75t_R)
                                         _13951_ (net)
                 10.75    0.00 6349.51 v _26442_/B (XOR2x2_ASAP7_75t_R)
     3    2.13   13.55   30.80 6380.31 ^ _26442_/Y (XOR2x2_ASAP7_75t_R)
                                         _13952_ (net)
                 13.55    0.00 6380.31 ^ _26443_/B (XNOR2x2_ASAP7_75t_R)
     3    2.26   12.12   32.43 6412.74 v _26443_/Y (XNOR2x2_ASAP7_75t_R)
                                         _13953_ (net)
                 12.12    0.00 6412.74 v _26448_/B (AND2x2_ASAP7_75t_R)
     9    5.07   17.71   24.10 6436.84 v _26448_/Y (AND2x2_ASAP7_75t_R)
                                         _13958_ (net)
                 17.71    0.00 6436.84 v _26621_/B (OR2x2_ASAP7_75t_R)
     2    2.48   12.08   24.89 6461.73 v _26621_/Y (OR2x2_ASAP7_75t_R)
                                         _14112_ (net)
                 12.08    0.00 6461.73 v _26623_/B (AOI21x1_ASAP7_75t_R)
     1    0.49   13.55    8.85 6470.58 ^ _26623_/Y (AOI21x1_ASAP7_75t_R)
                                         _14114_ (net)
                 13.55    0.00 6470.58 ^ _26624_/B1 (AO32x1_ASAP7_75t_R)
     2    1.13   20.88   20.85 6491.43 ^ _26624_/Y (AO32x1_ASAP7_75t_R)
                                         _14115_ (net)
                 20.88    0.00 6491.43 ^ _26625_/B (OR2x2_ASAP7_75t_R)
     2    1.15    8.22   19.68 6511.11 ^ _26625_/Y (OR2x2_ASAP7_75t_R)
                                         _14116_ (net)
                  8.22    0.00 6511.11 ^ _26642_/A2 (AO21x1_ASAP7_75t_R)
     2    2.90   21.60   19.68 6530.79 ^ _26642_/Y (AO21x1_ASAP7_75t_R)
                                         adder.gen_adder[15].adder.get_ripple_carry_adder.adder.gen_adder[7].adder.A (net)
                 21.60    0.00 6530.79 ^ adder.gen_adder[15].adder.get_ripple_carry_adder.adder.gen_adder[7].adder.genblk1[0].genblk1.fulladder/A (FAx1_ASAP7_75t_R)
     3    2.34   38.28   60.20 6590.98 v adder.gen_adder[15].adder.get_ripple_carry_adder.adder.gen_adder[7].adder.genblk1[0].genblk1.fulladder/SN (FAx1_ASAP7_75t_R)
                                         adder.gen_adder[15].adder.get_ripple_carry_adder.adder.gen_adder[7].adder.NY (net)
                 38.28    0.00 6590.98 v _78602_/A (XNOR2x2_ASAP7_75t_R)
     1    0.63    8.67   29.79 6620.77 ^ _78602_/Y (XNOR2x2_ASAP7_75t_R)
                                         _06101_ (net)
                  8.67    0.00 6620.77 ^ _78603_/A2 (AO21x1_ASAP7_75t_R)
     2    2.01   16.28   17.29 6638.06 ^ _78603_/Y (AO21x1_ASAP7_75t_R)
                                         _06102_ (net)
                 16.28    0.00 6638.06 ^ _78604_/B (XNOR2x2_ASAP7_75t_R)
     5    2.94   14.04   34.45 6672.51 v _78604_/Y (XNOR2x2_ASAP7_75t_R)
                                         _06103_ (net)
                 14.04    0.00 6672.51 v _78605_/B (XNOR2x2_ASAP7_75t_R)
    52   32.90  116.14   75.02 6747.53 ^ _78605_/Y (XNOR2x2_ASAP7_75t_R)
                                         _06104_ (net)
                116.14    0.00 6747.53 ^ _78616_/B (NAND2x1_ASAP7_75t_R)
    82   52.06  267.04  159.90 6907.44 v _78616_/Y (NAND2x1_ASAP7_75t_R)
                                         _06115_ (net)
                267.04    0.00 6907.44 v _79734_/B (AND2x2_ASAP7_75t_R)
     6    4.12   22.51   63.42 6970.86 v _79734_/Y (AND2x2_ASAP7_75t_R)
                                         _07211_ (net)
                 22.51    0.00 6970.86 v _79736_/B (OR3x1_ASAP7_75t_R)
     8    4.59   30.13   39.33 7010.19 v _79736_/Y (OR3x1_ASAP7_75t_R)
                                         _07213_ (net)
                 30.13    0.00 7010.19 v _80103_/A (OR2x2_ASAP7_75t_R)
     4    3.00   13.80   28.51 7038.69 v _80103_/Y (OR2x2_ASAP7_75t_R)
                                         _07569_ (net)
                 13.80    0.00 7038.69 v _80272_/B (AO21x1_ASAP7_75t_R)
    10    6.66   37.06   31.89 7070.59 v _80272_/Y (AO21x1_ASAP7_75t_R)
                                         _07732_ (net)
                 37.06    0.00 7070.59 v _80371_/B (AND2x2_ASAP7_75t_R)
     1    0.57    6.82   24.58 7095.17 v _80371_/Y (AND2x2_ASAP7_75t_R)
                                         _07828_ (net)
                  6.82    0.00 7095.17 v _80375_/B1 (AO221x1_ASAP7_75t_R)
     2    1.11   10.81   20.79 7115.96 v _80375_/Y (AO221x1_ASAP7_75t_R)
                                         _07832_ (net)
                 10.81    0.00 7115.96 v _80388_/B (OR5x1_ASAP7_75t_R)
     1    0.65   12.86   34.04 7150.00 v _80388_/Y (OR5x1_ASAP7_75t_R)
                                         _07845_ (net)
                 12.86    0.00 7150.00 v _80389_/B3 (OA33x2_ASAP7_75t_R)
     1    0.00    8.23   23.66 7173.66 v _80389_/Y (OA33x2_ASAP7_75t_R)
                                         result[139] (net)
                  8.23    0.00 7173.66 v result[139] (out)
                               7173.66   data arrival time

                  0.00 5000.00 5000.00   clock clk (rise edge)
                          0.00 5000.00   clock network delay (ideal)
                          0.00 5000.00   clock reconvergence pessimism
                       -1000.00 4000.00   output external delay
                               4000.00   data required time
-----------------------------------------------------------------------------
                               4000.00   data required time
                               -7173.66   data arrival time
-----------------------------------------------------------------------------
                               -3173.66   slack (VIOLATED)



==========================================================================
floorplan final report_power
--------------------------------------------------------------------------
Group                  Internal  Switching    Leakage      Total
                          Power      Power      Power      Power (Watts)
----------------------------------------------------------------
Sequential             0.00e+00   0.00e+00   0.00e+00   0.00e+00   0.0%
Combinational          7.45e-03   9.08e-03   5.51e-06   1.65e-02 100.0%
Clock                  0.00e+00   0.00e+00   0.00e+00   0.00e+00   0.0%
Macro                  0.00e+00   0.00e+00   0.00e+00   0.00e+00   0.0%
Pad                    0.00e+00   0.00e+00   0.00e+00   0.00e+00   0.0%
----------------------------------------------------------------
Total                  7.45e-03   9.08e-03   5.51e-06   1.65e-02 100.0%
                          45.1%      54.9%       0.0%
