
==========================================================================
resizer report_tns
--------------------------------------------------------------------------
tns -527719.00

==========================================================================
resizer report_wns
--------------------------------------------------------------------------
wns -3894.54

==========================================================================
resizer report_worst_slack
--------------------------------------------------------------------------
worst slack -3894.54

==========================================================================
resizer report_checks -path_delay min
--------------------------------------------------------------------------
Startpoint: srca[11] (input port clocked by clk)
Endpoint: result[11] (output port clocked by clk)
Path Group: clk
Path Type: min

Fanout     Cap    Slew   Delay    Time   Description
-----------------------------------------------------------------------------
                  0.00    0.00    0.00   clock clk (rise edge)
                          0.00    0.00   clock network delay (ideal)
                       1000.00 1000.00 ^ input external delay
     1    0.49    0.00    0.00 1000.00 ^ srca[11] (in)
                                         srca[11] (net)
                  0.01    0.00 1000.00 ^ input52/A (BUFx2_ASAP7_75t_R)
     1    0.47    4.78    9.73 1009.73 ^ input52/Y (BUFx2_ASAP7_75t_R)
                                         net52 (net)
                  4.78    0.00 1009.73 ^ _79721_/A (AND2x2_ASAP7_75t_R)
     1    0.46    6.35   14.65 1024.38 ^ _79721_/Y (AND2x2_ASAP7_75t_R)
                                         net387 (net)
                  6.35    0.00 1024.39 ^ output387/A (BUFx2_ASAP7_75t_R)
     1    0.02    3.61   10.97 1035.36 ^ output387/Y (BUFx2_ASAP7_75t_R)
                                         result[11] (net)
                  3.61    0.00 1035.36 ^ result[11] (out)
                               1035.36   data arrival time

                  0.00    0.00    0.00   clock clk (rise edge)
                          0.00    0.00   clock network delay (ideal)
                          0.00    0.00   clock reconvergence pessimism
                       -1000.00 -1000.00   output external delay
                               -1000.00   data required time
-----------------------------------------------------------------------------
                               -1000.00   data required time
                               -1035.36   data arrival time
-----------------------------------------------------------------------------
                               2035.36   slack (MET)



==========================================================================
resizer report_checks -path_delay max
--------------------------------------------------------------------------
Startpoint: is_set_equal (input port clocked by clk)
Endpoint: result[139] (output port clocked by clk)
Path Group: clk
Path Type: max

Fanout     Cap    Slew   Delay    Time   Description
-----------------------------------------------------------------------------
                  0.00    0.00    0.00   clock clk (rise edge)
                          0.00    0.00   clock network delay (ideal)
                       1000.00 1000.00 v input external delay
     1    1.38    0.00    0.00 1000.00 v is_set_equal (in)
                                         is_set_equal (net)
                  0.02    0.01 1000.01 v input18/A (BUFx12_ASAP7_75t_R)
    22   17.69   15.61   18.82 1018.83 v input18/Y (BUFx12_ASAP7_75t_R)
                                         net18 (net)
                 15.80    0.97 1019.80 v _23378_/B (OR4x2_ASAP7_75t_R)
    29   29.10   93.80   81.09 1100.89 v _23378_/Y (OR4x2_ASAP7_75t_R)
                                         _11034_ (net)
                 93.83    0.93 1101.82 v _23393_/A (OR2x6_ASAP7_75t_R)
    34   40.00   53.44   58.10 1159.92 v _23393_/Y (OR2x6_ASAP7_75t_R)
                                         _11048_ (net)
                 54.78    4.82 1164.74 v _23447_/B (AND2x4_ASAP7_75t_R)
     7    6.06   13.88   32.02 1196.76 v _23447_/Y (AND2x4_ASAP7_75t_R)
                                         _11088_ (net)
                 13.88    0.01 1196.77 v _23448_/B (XOR2x1_ASAP7_75t_R)
     1    0.59   12.33   20.84 1217.61 v _23448_/Y (XOR2x1_ASAP7_75t_R)
                                         _11089_ (net)
                 12.33    0.00 1217.61 v _23449_/B (AND2x2_ASAP7_75t_R)
     1    2.19   12.19   19.73 1237.34 v _23449_/Y (AND2x2_ASAP7_75t_R)
                                         adder.gen_adder[0].adder.get_ripple_carry_adder.adder.gen_adder[7].adder.B (net)
                 12.19    0.00 1237.35 v adder.gen_adder[0].adder.get_ripple_carry_adder.adder.gen_adder[7].adder.genblk1[0].genblk1.fulladder/B (FAx1_ASAP7_75t_R)
     5    8.29  130.83   65.47 1302.81 ^ adder.gen_adder[0].adder.get_ripple_carry_adder.adder.gen_adder[7].adder.genblk1[0].genblk1.fulladder/CON (FAx1_ASAP7_75t_R)
                                         adder.gen_adder[0].adder.get_ripple_carry_adder.adder.gen_adder[7].adder.NX (net)
     3    5.22  122.54   57.25 1360.06 v adder.gen_adder[0].adder.get_ripple_carry_adder.adder.gen_adder[7].adder.genblk1[0].genblk1.fulladder/SN (FAx1_ASAP7_75t_R)
                                         adder.gen_adder[0].adder.get_ripple_carry_adder.adder.gen_adder[7].adder.NY (net)
                122.54    0.18 1360.24 v _23495_/B (XNOR2x1_ASAP7_75t_R)
     2    2.36   32.62   42.08 1402.32 v _23495_/Y (XNOR2x1_ASAP7_75t_R)
                                         _11135_ (net)
                 32.62    0.02 1402.34 v _23496_/B (XNOR2x1_ASAP7_75t_R)
     2    2.31   21.17   27.26 1429.60 v _23496_/Y (XNOR2x1_ASAP7_75t_R)
                                         _11136_ (net)
                 21.17    0.16 1429.76 v _23500_/B2 (AOI22x1_ASAP7_75t_R)
    18   20.72  130.50   62.37 1492.13 ^ _23500_/Y (AOI22x1_ASAP7_75t_R)
                                         _11140_ (net)
                130.51    0.72 1492.85 ^ _25188_/B (NAND2x1_ASAP7_75t_R)
     3    1.74   32.44   22.41 1515.26 v _25188_/Y (NAND2x1_ASAP7_75t_R)
                                         _12790_ (net)
                 32.44    0.00 1515.26 v _25246_/A (AND2x2_ASAP7_75t_R)
     2    1.70    9.36   26.57 1541.83 v _25246_/Y (AND2x2_ASAP7_75t_R)
                                         _12848_ (net)
                  9.36    0.02 1541.85 v _25262_/A2 (AOI21x1_ASAP7_75t_R)
     3    3.29   36.30   15.22 1557.08 ^ _25262_/Y (AOI21x1_ASAP7_75t_R)
                                         _12864_ (net)
                 36.30    0.06 1557.13 ^ _26662_/A (INVx1_ASAP7_75t_R)
     1    2.06   18.79   14.79 1571.92 v _26662_/Y (INVx1_ASAP7_75t_R)
                                         adder.gen_adder[1].adder.get_ripple_carry_adder.adder.gen_adder[7].adder.A (net)
                 18.79    0.02 1571.94 v adder.gen_adder[1].adder.get_ripple_carry_adder.adder.gen_adder[7].adder.genblk1[0].genblk1.fulladder/A (FAx1_ASAP7_75t_R)
     5    6.77  109.17   57.45 1629.39 ^ adder.gen_adder[1].adder.get_ripple_carry_adder.adder.gen_adder[7].adder.genblk1[0].genblk1.fulladder/CON (FAx1_ASAP7_75t_R)
                                         adder.gen_adder[1].adder.get_ripple_carry_adder.adder.gen_adder[7].adder.NX (net)
     3    4.98  117.38   51.71 1681.10 v adder.gen_adder[1].adder.get_ripple_carry_adder.adder.gen_adder[7].adder.genblk1[0].genblk1.fulladder/SN (FAx1_ASAP7_75t_R)
                                         adder.gen_adder[1].adder.get_ripple_carry_adder.adder.gen_adder[7].adder.NY (net)
                117.38    0.08 1681.18 v _23514_/B (XOR2x1_ASAP7_75t_R)
     2    2.20   36.34   45.17 1726.35 v _23514_/Y (XOR2x1_ASAP7_75t_R)
                                         _11154_ (net)
                 36.34    0.01 1726.35 v _23516_/A (XNOR2x2_ASAP7_75t_R)
     5    4.61   19.42   35.90 1762.25 v _23516_/Y (XNOR2x2_ASAP7_75t_R)
                                         _11156_ (net)
                 19.43    0.20 1762.45 v _23580_/A2 (AO22x2_ASAP7_75t_R)
    14   13.10   39.50   36.35 1798.79 v _23580_/Y (AO22x2_ASAP7_75t_R)
                                         _11220_ (net)
                 39.53    0.66 1799.45 v _25201_/A3 (AO32x1_ASAP7_75t_R)
     2    1.32   12.95   31.53 1830.98 v _25201_/Y (AO32x1_ASAP7_75t_R)
                                         _12803_ (net)
                 12.95    0.01 1830.99 v _25221_/A (OR3x1_ASAP7_75t_R)
     1    0.62    9.04   22.80 1853.79 v _25221_/Y (OR3x1_ASAP7_75t_R)
                                         _12823_ (net)
                  9.04    0.00 1853.80 v _25222_/C (OR3x1_ASAP7_75t_R)
     2    1.80   15.94   28.16 1881.95 v _25222_/Y (OR3x1_ASAP7_75t_R)
                                         _12824_ (net)
                 15.94    0.02 1881.97 v _25294_/B (OA21x2_ASAP7_75t_R)
     6    6.61   23.25   22.67 1904.63 v _25294_/Y (OA21x2_ASAP7_75t_R)
                                         _12895_ (net)
                 23.25    0.17 1904.81 v adder.gen_adder[2].adder.get_ripple_carry_adder.adder.gen_adder[7].adder.genblk1[0].genblk1.fulladder/A (FAx1_ASAP7_75t_R)
    11    9.62  149.90   75.92 1980.73 ^ adder.gen_adder[2].adder.get_ripple_carry_adder.adder.gen_adder[7].adder.genblk1[0].genblk1.fulladder/CON (FAx1_ASAP7_75t_R)
                                         adder.gen_adder[2].adder.get_ripple_carry_adder.adder.gen_adder[7].adder.NX (net)
     4    6.35  148.16   67.32 2048.04 v adder.gen_adder[2].adder.get_ripple_carry_adder.adder.gen_adder[7].adder.genblk1[0].genblk1.fulladder/SN (FAx1_ASAP7_75t_R)
                                         adder.gen_adder[2].adder.get_ripple_carry_adder.adder.gen_adder[7].adder.NY (net)
                148.16    0.07 2048.11 v _23530_/B (XOR2x1_ASAP7_75t_R)
     4    2.48   43.05   50.10 2098.21 v _23530_/Y (XOR2x1_ASAP7_75t_R)
                                         _11170_ (net)
                 43.05    0.03 2098.25 v _23566_/E (AND5x1_ASAP7_75t_R)
     1    0.61    8.57   32.17 2130.42 v _23566_/Y (AND5x1_ASAP7_75t_R)
                                         _11206_ (net)
                  8.57    0.00 2130.42 v _23569_/B (OR4x2_ASAP7_75t_R)
     3    2.56   17.60   39.45 2169.87 v _23569_/Y (OR4x2_ASAP7_75t_R)
                                         _11209_ (net)
                 17.61    0.23 2170.10 v _25208_/B (OR4x1_ASAP7_75t_R)
     1    0.48   12.05   29.97 2200.07 v _25208_/Y (OR4x1_ASAP7_75t_R)
                                         _12810_ (net)
                 12.05    0.00 2200.07 v _25209_/B (OA211x2_ASAP7_75t_R)
     1    0.72   12.61   26.35 2226.42 v _25209_/Y (OA211x2_ASAP7_75t_R)
                                         _12811_ (net)
                 12.61    0.02 2226.44 v _25210_/B1 (OA31x2_ASAP7_75t_R)
     5    3.94   16.71   25.97 2252.41 v _25210_/Y (OA31x2_ASAP7_75t_R)
                                         _12812_ (net)
                 16.73    0.33 2252.74 v _25633_/B (OR2x2_ASAP7_75t_R)
     1    0.70    7.06   21.15 2273.88 v _25633_/Y (OR2x2_ASAP7_75t_R)
                                         _13208_ (net)
                  7.06    0.01 2273.89 v _25634_/A2 (AO21x2_ASAP7_75t_R)
     4    4.79   19.56   22.16 2296.06 v _25634_/Y (AO21x2_ASAP7_75t_R)
                                         _13209_ (net)
                 19.63    0.63 2296.69 v adder.gen_adder[3].adder.get_ripple_carry_adder.adder.gen_adder[7].adder.genblk1[0].genblk1.fulladder/A (FAx1_ASAP7_75t_R)
     6   10.46  162.01   79.98 2376.67 ^ adder.gen_adder[3].adder.get_ripple_carry_adder.adder.gen_adder[7].adder.genblk1[0].genblk1.fulladder/CON (FAx1_ASAP7_75t_R)
                                         adder.gen_adder[3].adder.get_ripple_carry_adder.adder.gen_adder[7].adder.NX (net)
     3    4.13   98.40   55.58 2432.25 v adder.gen_adder[3].adder.get_ripple_carry_adder.adder.gen_adder[7].adder.genblk1[0].genblk1.fulladder/SN (FAx1_ASAP7_75t_R)
                                         adder.gen_adder[3].adder.get_ripple_carry_adder.adder.gen_adder[7].adder.NY (net)
                 98.40    0.02 2432.27 v _23591_/B (XNOR2x2_ASAP7_75t_R)
     2    2.62   16.42   42.42 2474.70 ^ _23591_/Y (XNOR2x2_ASAP7_75t_R)
                                         _11230_ (net)
                 16.45    0.37 2475.06 ^ _23593_/A (XNOR2x2_ASAP7_75t_R)
     4    3.90   17.15   36.26 2511.32 v _23593_/Y (XNOR2x2_ASAP7_75t_R)
                                         _11232_ (net)
                 17.16    0.16 2511.49 v _23594_/B (AND2x2_ASAP7_75t_R)
     3    1.98   12.10   21.05 2532.54 v _23594_/Y (AND2x2_ASAP7_75t_R)
                                         _11233_ (net)
                 12.10    0.02 2532.56 v _23638_/A2 (OA21x2_ASAP7_75t_R)
    26   22.79   66.54   42.77 2575.33 v _23638_/Y (OA21x2_ASAP7_75t_R)
                                         _11276_ (net)
                 67.32    4.16 2579.50 v _24475_/A (AND2x2_ASAP7_75t_R)
     2    1.41    9.98   34.53 2614.02 v _24475_/Y (AND2x2_ASAP7_75t_R)
                                         _12099_ (net)
                  9.98    0.01 2614.03 v _25231_/A1 (AO221x1_ASAP7_75t_R)
     1    0.57    8.07   20.88 2634.91 v _25231_/Y (AO221x1_ASAP7_75t_R)
                                         _12833_ (net)
                  8.07    0.00 2634.91 v _25232_/C (AO221x2_ASAP7_75t_R)
     6    4.54   19.32   31.66 2666.57 v _25232_/Y (AO221x2_ASAP7_75t_R)
                                         _12834_ (net)
                 19.39    0.64 2667.21 v _25291_/B (OR2x4_ASAP7_75t_R)
     5    5.14   15.85   33.76 2700.97 v _25291_/Y (OR2x4_ASAP7_75t_R)
                                         _12893_ (net)
                 15.86    0.08 2701.05 v adder.gen_adder[4].adder.get_ripple_carry_adder.adder.gen_adder[7].adder.genblk1[0].genblk1.fulladder/A (FAx1_ASAP7_75t_R)
     3    5.08  119.56   98.68 2799.73 v adder.gen_adder[4].adder.get_ripple_carry_adder.adder.gen_adder[7].adder.genblk1[0].genblk1.fulladder/SN (FAx1_ASAP7_75t_R)
                                         adder.gen_adder[4].adder.get_ripple_carry_adder.adder.gen_adder[7].adder.NY (net)
                119.56    0.18 2799.91 v _23474_/B (XNOR2x1_ASAP7_75t_R)
     1    0.66   22.56   36.88 2836.79 v _23474_/Y (XNOR2x1_ASAP7_75t_R)
                                         _11114_ (net)
                 22.56    0.00 2836.79 v _23475_/A2 (AO21x1_ASAP7_75t_R)
     1    1.06   10.72   19.00 2855.79 v _23475_/Y (AO21x1_ASAP7_75t_R)
                                         _11115_ (net)
                 10.72    0.00 2855.79 v _23476_/B (XOR2x2_ASAP7_75t_R)
     3    2.85   16.11   32.27 2888.06 ^ _23476_/Y (XOR2x2_ASAP7_75t_R)
                                         _11116_ (net)
                 16.11    0.04 2888.10 ^ _23477_/B (XNOR2x2_ASAP7_75t_R)
     5    6.83   25.75   40.15 2928.26 v _23477_/Y (XNOR2x2_ASAP7_75t_R)
                                         _11117_ (net)
                 25.79    0.56 2928.81 v _23478_/B (AND2x6_ASAP7_75t_R)
    15   13.82   19.86   30.54 2959.35 v _23478_/Y (AND2x6_ASAP7_75t_R)
                                         _11118_ (net)
                 19.93    0.75 2960.10 v _25240_/A1 (AO21x1_ASAP7_75t_R)
     2    1.23    9.79   20.18 2980.28 v _25240_/Y (AO21x1_ASAP7_75t_R)
                                         _12842_ (net)
                  9.79    0.00 2980.28 v _25250_/A (OR2x2_ASAP7_75t_R)
     1    0.62    6.88   19.13 2999.41 v _25250_/Y (OR2x2_ASAP7_75t_R)
                                         _12852_ (net)
                  6.88    0.00 2999.41 v _25251_/B2 (OA22x2_ASAP7_75t_R)
     5    4.84   19.63   24.56 3023.98 v _25251_/Y (OA22x2_ASAP7_75t_R)
                                         _12853_ (net)
                 19.65    0.29 3024.26 v _26740_/B (OR2x2_ASAP7_75t_R)
     2    3.12   13.98   26.60 3050.86 v _26740_/Y (OR2x2_ASAP7_75t_R)
                                         adder.gen_adder[5].adder.get_ripple_carry_adder.adder.gen_adder[7].adder.A (net)
                 14.00    0.23 3051.09 v adder.gen_adder[5].adder.get_ripple_carry_adder.adder.gen_adder[7].adder.genblk1[0].genblk1.fulladder/A (FAx1_ASAP7_75t_R)
     3    5.18  122.10   99.24 3150.34 v adder.gen_adder[5].adder.get_ripple_carry_adder.adder.gen_adder[7].adder.genblk1[0].genblk1.fulladder/SN (FAx1_ASAP7_75t_R)
                                         adder.gen_adder[5].adder.get_ripple_carry_adder.adder.gen_adder[7].adder.NY (net)
                122.10    0.05 3150.39 v _23461_/B (XNOR2x1_ASAP7_75t_R)
     1    0.68   22.95   37.26 3187.65 v _23461_/Y (XNOR2x1_ASAP7_75t_R)
                                         _11101_ (net)
                 22.95    0.01 3187.66 v _23462_/A2 (AO21x1_ASAP7_75t_R)
     1    1.08   10.89   19.12 3206.78 v _23462_/Y (AO21x1_ASAP7_75t_R)
                                         _11102_ (net)
                 10.89    0.01 3206.79 v _23463_/B (XOR2x2_ASAP7_75t_R)
     4    4.32   21.41   34.83 3241.62 ^ _23463_/Y (XOR2x2_ASAP7_75t_R)
                                         _11103_ (net)
                 21.41    0.15 3241.77 ^ _23464_/B (XNOR2x2_ASAP7_75t_R)
    12   13.88   46.75   50.05 3291.82 v _23464_/Y (XNOR2x2_ASAP7_75t_R)
                                         _11104_ (net)
                 46.92    1.72 3293.54 v _23647_/B (NAND2x2_ASAP7_75t_R)
    12   10.74   49.20   35.89 3329.43 ^ _23647_/Y (NAND2x2_ASAP7_75t_R)
                                         _11285_ (net)
                 49.37    1.69 3331.12 ^ _23648_/B (AND2x6_ASAP7_75t_R)
    13   12.49   22.26   36.25 3367.37 ^ _23648_/Y (AND2x6_ASAP7_75t_R)
                                         _11286_ (net)
                 22.32    0.62 3367.99 ^ _25286_/A1 (AO21x1_ASAP7_75t_R)
     2    1.18   10.55   16.34 3384.33 ^ _25286_/Y (AO21x1_ASAP7_75t_R)
                                         _12888_ (net)
                 10.55    0.00 3384.33 ^ _25287_/B (OR2x2_ASAP7_75t_R)
     1    0.65    6.39   15.55 3399.88 ^ _25287_/Y (OR2x2_ASAP7_75t_R)
                                         _12889_ (net)
                  6.39    0.00 3399.89 ^ _25293_/B1 (OA222x2_ASAP7_75t_R)
     4    3.66   18.19   29.49 3429.38 ^ _25293_/Y (OA222x2_ASAP7_75t_R)
                                         _12894_ (net)
                 18.22    0.38 3429.75 ^ _25308_/A (OR2x2_ASAP7_75t_R)
     3    2.74   13.40   22.70 3452.46 ^ _25308_/Y (OR2x2_ASAP7_75t_R)
                                         _12908_ (net)
                 13.40    0.01 3452.46 ^ _25337_/A (AND2x4_ASAP7_75t_R)
     6    6.05   15.00   21.16 3473.63 ^ _25337_/Y (AND2x4_ASAP7_75t_R)
                                         adder.gen_adder[6].adder.get_ripple_carry_adder.adder.gen_adder[7].adder.A (net)
                 15.02    0.33 3473.96 ^ adder.gen_adder[6].adder.get_ripple_carry_adder.adder.gen_adder[7].adder.genblk1[0].genblk1.fulladder/A (FAx1_ASAP7_75t_R)
     3    5.12  120.73   98.50 3572.46 v adder.gen_adder[6].adder.get_ripple_carry_adder.adder.gen_adder[7].adder.genblk1[0].genblk1.fulladder/SN (FAx1_ASAP7_75t_R)
                                         adder.gen_adder[6].adder.get_ripple_carry_adder.adder.gen_adder[7].adder.NY (net)
                120.73    0.06 3572.52 v _23721_/B (XNOR2x1_ASAP7_75t_R)
     1    0.67   22.70   37.04 3609.56 v _23721_/Y (XNOR2x1_ASAP7_75t_R)
                                         _11359_ (net)
                 22.70    0.00 3609.56 v _23722_/A2 (AO21x1_ASAP7_75t_R)
     1    1.08   11.01   19.09 3628.65 v _23722_/Y (AO21x1_ASAP7_75t_R)
                                         _11360_ (net)
                 11.01    0.01 3628.66 v _23723_/B (XOR2x2_ASAP7_75t_R)
     3    3.67   19.07   33.70 3662.36 ^ _23723_/Y (XOR2x2_ASAP7_75t_R)
                                         _11361_ (net)
                 19.07    0.17 3662.53 ^ _23724_/B (XNOR2x2_ASAP7_75t_R)
     6    7.90   28.91   42.36 3704.89 v _23724_/Y (XNOR2x2_ASAP7_75t_R)
                                         _11362_ (net)
                 28.97    0.72 3705.61 v _24113_/B (AND2x6_ASAP7_75t_R)
    10    8.68   14.68   29.31 3734.91 v _24113_/Y (AND2x6_ASAP7_75t_R)
                                         _11747_ (net)
                 14.68    0.08 3734.99 v _25276_/B (AND3x1_ASAP7_75t_R)
     1    1.08   10.84   16.58 3751.57 v _25276_/Y (AND3x1_ASAP7_75t_R)
                                         _12878_ (net)
                 10.84    0.00 3751.58 v _25282_/A (NOR2x1_ASAP7_75t_R)
     1    0.68   11.65    9.43 3761.01 ^ _25282_/Y (NOR2x1_ASAP7_75t_R)
                                         _12884_ (net)
                 11.65    0.01 3761.02 ^ _25283_/B (OA21x2_ASAP7_75t_R)
     2    3.67   15.53   21.06 3782.08 ^ _25283_/Y (OA21x2_ASAP7_75t_R)
                                         _12885_ (net)
                 15.55    0.28 3782.36 ^ _25629_/A (NAND2x2_ASAP7_75t_R)
     4    4.95   20.83   12.85 3795.20 v _25629_/Y (NAND2x2_ASAP7_75t_R)
                                         adder.gen_adder[7].adder.get_ripple_carry_adder.adder.gen_adder[7].adder.A (net)
                 20.84    0.27 3795.47 v adder.gen_adder[7].adder.get_ripple_carry_adder.adder.gen_adder[7].adder.genblk1[0].genblk1.fulladder/A (FAx1_ASAP7_75t_R)
     4    6.30  102.84   54.93 3850.40 ^ adder.gen_adder[7].adder.get_ripple_carry_adder.adder.gen_adder[7].adder.genblk1[0].genblk1.fulladder/CON (FAx1_ASAP7_75t_R)
                                         adder.gen_adder[7].adder.get_ripple_carry_adder.adder.gen_adder[7].adder.NX (net)
     3    4.85  114.77   49.79 3900.19 v adder.gen_adder[7].adder.get_ripple_carry_adder.adder.gen_adder[7].adder.genblk1[0].genblk1.fulladder/SN (FAx1_ASAP7_75t_R)
                                         adder.gen_adder[7].adder.get_ripple_carry_adder.adder.gen_adder[7].adder.NY (net)
                114.77    0.03 3900.22 v _23729_/B (XNOR2x1_ASAP7_75t_R)
     1    2.60   33.22   41.58 3941.80 v _23729_/Y (XNOR2x1_ASAP7_75t_R)
                                         _11367_ (net)
                 33.26    0.59 3942.39 v _23730_/A2 (AO21x1_ASAP7_75t_R)
     2    2.02   15.01   23.70 3966.10 v _23730_/Y (AO21x1_ASAP7_75t_R)
                                         _11368_ (net)
                 15.01    0.03 3966.12 v _23731_/B (XOR2x2_ASAP7_75t_R)
     5    3.90   20.44   35.58 4001.70 ^ _23731_/Y (XOR2x2_ASAP7_75t_R)
                                         _11369_ (net)
                 20.45    0.18 4001.88 ^ _23732_/B (XNOR2x2_ASAP7_75t_R)
    39   43.95  166.85   85.76 4087.64 ^ _23732_/Y (XNOR2x2_ASAP7_75t_R)
                                         _11370_ (net)
                167.56    6.40 4094.03 ^ _23795_/B (NAND2x2_ASAP7_75t_R)
    60   53.73  174.25  113.82 4207.85 v _23795_/Y (NAND2x2_ASAP7_75t_R)
                                         _11433_ (net)
                175.47    8.31 4216.16 v _25309_/B (AND2x2_ASAP7_75t_R)
     1    0.66   11.86   46.52 4262.68 v _25309_/Y (AND2x2_ASAP7_75t_R)
                                         _12909_ (net)
                 11.86    0.00 4262.68 v _25310_/B (AO21x1_ASAP7_75t_R)
     1    2.08   15.10   20.25 4282.93 v _25310_/Y (AO21x1_ASAP7_75t_R)
                                         _12910_ (net)
                 15.13    0.37 4283.30 v _25311_/B1 (AO222x2_ASAP7_75t_R)
     1    0.66   10.99   29.99 4313.29 v _25311_/Y (AO222x2_ASAP7_75t_R)
                                         _12911_ (net)
                 10.99    0.00 4313.29 v _25312_/B (AO21x1_ASAP7_75t_R)
     1    1.10    9.23   17.44 4330.73 v _25312_/Y (AO21x1_ASAP7_75t_R)
                                         _12912_ (net)
                  9.23    0.08 4330.81 v _25317_/A2 (AO222x2_ASAP7_75t_R)
     2    1.39   14.64   32.04 4362.86 v _25317_/Y (AO222x2_ASAP7_75t_R)
                                         _12917_ (net)
                 14.64    0.05 4362.91 v _25344_/B (AO21x2_ASAP7_75t_R)
     5    6.12   19.98   27.28 4390.19 v _25344_/Y (AO21x2_ASAP7_75t_R)
                                         _12943_ (net)
                 19.98    0.25 4390.44 v _26803_/A (OR2x2_ASAP7_75t_R)
     2    3.20   14.28   26.49 4416.93 v _26803_/Y (OR2x2_ASAP7_75t_R)
                                         adder.gen_adder[8].adder.get_ripple_carry_adder.adder.gen_adder[7].adder.A (net)
                 14.29    0.28 4417.21 v adder.gen_adder[8].adder.get_ripple_carry_adder.adder.gen_adder[7].adder.genblk1[0].genblk1.fulladder/A (FAx1_ASAP7_75t_R)
     3    4.53  107.47   89.86 4507.07 v adder.gen_adder[8].adder.get_ripple_carry_adder.adder.gen_adder[7].adder.genblk1[0].genblk1.fulladder/SN (FAx1_ASAP7_75t_R)
                                         adder.gen_adder[8].adder.get_ripple_carry_adder.adder.gen_adder[7].adder.NY (net)
                107.47    0.06 4507.13 v _23781_/B (XNOR2x1_ASAP7_75t_R)
     1    0.68   21.30   35.45 4542.58 v _23781_/Y (XNOR2x1_ASAP7_75t_R)
                                         _11419_ (net)
                 21.30    0.01 4542.58 v _23782_/A2 (AO21x1_ASAP7_75t_R)
     1    1.08   11.11   18.83 4561.41 v _23782_/Y (AO21x1_ASAP7_75t_R)
                                         _11420_ (net)
                 11.11    0.01 4561.42 v _23783_/B (XOR2x2_ASAP7_75t_R)
     3    3.78   19.45   33.95 4595.37 ^ _23783_/Y (XOR2x2_ASAP7_75t_R)
                                         _11421_ (net)
                 19.45    0.06 4595.44 ^ _23784_/B (XNOR2x2_ASAP7_75t_R)
     4    5.53   22.01   39.16 4634.60 v _23784_/Y (XNOR2x2_ASAP7_75t_R)
                                         _11422_ (net)
                 22.07    0.65 4635.25 v _23827_/B (NAND2x2_ASAP7_75t_R)
    17   16.49   78.61   35.58 4670.83 ^ _23827_/Y (NAND2x2_ASAP7_75t_R)
                                         _11465_ (net)
                 78.64    0.75 4671.58 ^ _24566_/B (AND2x4_ASAP7_75t_R)
     5    5.76   16.20   33.04 4704.62 ^ _24566_/Y (AND2x4_ASAP7_75t_R)
                                         _12188_ (net)
                 16.20    0.02 4704.64 ^ _25641_/B2 (AOI22x1_ASAP7_75t_R)
     2    1.70   16.59   12.62 4717.27 v _25641_/Y (AOI22x1_ASAP7_75t_R)
                                         _13215_ (net)
                 16.59    0.07 4717.34 v _25642_/A2 (AO21x2_ASAP7_75t_R)
     7    7.82   24.87   28.93 4746.27 v _25642_/Y (AO21x2_ASAP7_75t_R)
                                         _13216_ (net)
                 24.87    0.28 4746.55 v _26823_/A (INVx1_ASAP7_75t_R)
     1    2.04   18.36   14.51 4761.05 ^ _26823_/Y (INVx1_ASAP7_75t_R)
                                         adder.gen_adder[9].adder.get_ripple_carry_adder.adder.gen_adder[7].adder.A (net)
                 18.36    0.02 4761.07 ^ adder.gen_adder[9].adder.get_ripple_carry_adder.adder.gen_adder[7].adder.genblk1[0].genblk1.fulladder/A (FAx1_ASAP7_75t_R)
     3    4.56  108.18   91.47 4852.54 v adder.gen_adder[9].adder.get_ripple_carry_adder.adder.gen_adder[7].adder.genblk1[0].genblk1.fulladder/SN (FAx1_ASAP7_75t_R)
                                         adder.gen_adder[9].adder.get_ripple_carry_adder.adder.gen_adder[7].adder.NY (net)
                108.18    0.06 4852.59 v _23453_/B (XNOR2x1_ASAP7_75t_R)
     1    0.66   21.32   35.50 4888.09 v _23453_/Y (XNOR2x1_ASAP7_75t_R)
                                         _11093_ (net)
                 21.32    0.00 4888.09 v _23457_/A2 (AO21x1_ASAP7_75t_R)
     1    1.08   11.15   18.83 4906.92 v _23457_/Y (AO21x1_ASAP7_75t_R)
                                         _11097_ (net)
                 11.15    0.01 4906.93 v _23458_/B (XOR2x2_ASAP7_75t_R)
     4    5.08   24.32   36.04 4942.97 ^ _23458_/Y (XOR2x2_ASAP7_75t_R)
                                         _11098_ (net)
                 24.32    0.15 4943.11 ^ _23459_/B (XNOR2x2_ASAP7_75t_R)
    15   17.01   55.72   54.67 4997.78 v _23459_/Y (XNOR2x2_ASAP7_75t_R)
                                         _11099_ (net)
                 55.82    1.37 4999.15 v _23889_/B (NAND2x2_ASAP7_75t_R)
    17   15.52   75.69   46.03 5045.19 ^ _23889_/Y (NAND2x2_ASAP7_75t_R)
                                         _11525_ (net)
                 75.71    0.80 5045.99 ^ _25348_/A1 (OA21x2_ASAP7_75t_R)
     1    0.57    9.24   27.55 5073.54 ^ _25348_/Y (OA21x2_ASAP7_75t_R)
                                         _12947_ (net)
                  9.24    0.00 5073.54 ^ _25349_/B1 (OA31x2_ASAP7_75t_R)
     3    3.20   15.08   25.29 5098.83 ^ _25349_/Y (OA31x2_ASAP7_75t_R)
                                         _12948_ (net)
                 15.09    0.17 5099.00 ^ _25350_/B (NOR2x1_ASAP7_75t_R)
     2    1.65   16.06   11.97 5110.98 v _25350_/Y (NOR2x1_ASAP7_75t_R)
                                         _12949_ (net)
                 16.06    0.03 5111.01 v _25351_/B (NAND2x1_ASAP7_75t_R)
     2    1.35   15.58   12.78 5123.79 ^ _25351_/Y (NAND2x1_ASAP7_75t_R)
                                         _12950_ (net)
                 15.58    0.02 5123.81 ^ _25358_/A2 (AO21x2_ASAP7_75t_R)
     3    4.06   17.98   22.22 5146.03 ^ _25358_/Y (AO21x2_ASAP7_75t_R)
                                         adder.gen_adder[10].adder.get_ripple_carry_adder.adder.gen_adder[7].adder.A (net)
                 18.00    0.32 5146.35 ^ adder.gen_adder[10].adder.get_ripple_carry_adder.adder.gen_adder[7].adder.genblk1[0].genblk1.fulladder/A (FAx1_ASAP7_75t_R)
     3    4.72  112.01   93.65 5240.00 v adder.gen_adder[10].adder.get_ripple_carry_adder.adder.gen_adder[7].adder.genblk1[0].genblk1.fulladder/SN (FAx1_ASAP7_75t_R)
                                         adder.gen_adder[10].adder.get_ripple_carry_adder.adder.gen_adder[7].adder.NY (net)
                112.01    0.02 5240.03 v _25363_/B (XNOR2x1_ASAP7_75t_R)
     1    0.74   22.10   36.18 5276.21 v _25363_/Y (XNOR2x1_ASAP7_75t_R)
                                         _12960_ (net)
                 22.10    0.01 5276.22 v _25364_/A2 (AO21x1_ASAP7_75t_R)
     1    1.09   11.25   19.01 5295.23 v _25364_/Y (AO21x1_ASAP7_75t_R)
                                         _12961_ (net)
                 11.25    0.01 5295.24 v _25365_/B (XOR2x2_ASAP7_75t_R)
     3    4.32   21.47   34.88 5330.12 ^ _25365_/Y (XOR2x2_ASAP7_75t_R)
                                         _12962_ (net)
                 21.47    0.04 5330.15 ^ _25366_/B (XNOR2x2_ASAP7_75t_R)
     5    7.70   28.87   42.24 5372.39 v _25366_/Y (XNOR2x2_ASAP7_75t_R)
                                         _12963_ (net)
                 29.00    1.13 5373.53 v _25372_/B (AND2x6_ASAP7_75t_R)
     8    9.39   15.56   29.51 5403.04 v _25372_/Y (AND2x6_ASAP7_75t_R)
                                         _12968_ (net)
                 15.56    0.00 5403.04 v _25625_/C (OR3x1_ASAP7_75t_R)
     1    0.44   10.64   24.23 5427.27 v _25625_/Y (OR3x1_ASAP7_75t_R)
                                         _13201_ (net)
                 10.64    0.00 5427.27 v _25626_/B (OA211x2_ASAP7_75t_R)
     1    0.68   14.13   25.83 5453.10 v _25626_/Y (OA211x2_ASAP7_75t_R)
                                         _13202_ (net)
                 14.13    0.01 5453.12 v _25627_/B1 (OA31x2_ASAP7_75t_R)
     2    2.01   11.25   23.15 5476.27 v _25627_/Y (OA31x2_ASAP7_75t_R)
                                         _13203_ (net)
                 11.25    0.05 5476.32 v _25628_/B (AO21x1_ASAP7_75t_R)
     3    2.63   16.72   21.61 5497.92 v _25628_/Y (AO21x1_ASAP7_75t_R)
                                         _13204_ (net)
                 16.72    0.15 5498.07 v _25645_/A (OR3x4_ASAP7_75t_R)
     4    4.31   18.77   43.57 5541.65 v _25645_/Y (OR3x4_ASAP7_75t_R)
                                         _13219_ (net)
                 18.77    0.10 5541.75 v _25654_/A2 (AOI21x1_ASAP7_75t_R)
     1    1.37   24.01   12.28 5554.04 ^ _25654_/Y (AOI21x1_ASAP7_75t_R)
                                         _13228_ (net)
                 24.01    0.01 5554.05 ^ _25655_/A (INVx2_ASAP7_75t_R)
     3    3.78   15.23   11.76 5565.81 v _25655_/Y (INVx2_ASAP7_75t_R)
                                         adder.gen_adder[11].adder.get_ripple_carry_adder.adder.gen_adder[7].adder.A (net)
                 15.24    0.21 5566.02 v adder.gen_adder[11].adder.get_ripple_carry_adder.adder.gen_adder[7].adder.genblk1[0].genblk1.fulladder/A (FAx1_ASAP7_75t_R)
     3    4.48  106.37   89.35 5655.37 v adder.gen_adder[11].adder.get_ripple_carry_adder.adder.gen_adder[7].adder.genblk1[0].genblk1.fulladder/SN (FAx1_ASAP7_75t_R)
                                         adder.gen_adder[11].adder.get_ripple_carry_adder.adder.gen_adder[7].adder.NY (net)
                106.37    0.07 5655.44 v _25662_/B (XNOR2x1_ASAP7_75t_R)
     1    0.70   21.28   35.37 5690.81 v _25662_/Y (XNOR2x1_ASAP7_75t_R)
                                         _13234_ (net)
                 21.28    0.01 5690.81 v _25663_/A2 (AO21x1_ASAP7_75t_R)
     1    1.12   11.41   18.93 5709.74 v _25663_/Y (AO21x1_ASAP7_75t_R)
                                         _13235_ (net)
                 11.42    0.01 5709.75 v _25664_/B (XOR2x2_ASAP7_75t_R)
     4    6.17   28.01   37.78 5747.54 ^ _25664_/Y (XOR2x2_ASAP7_75t_R)
                                         _13236_ (net)
                 28.01    0.14 5747.67 ^ _25665_/B (XNOR2x2_ASAP7_75t_R)
    26   28.80   92.92   66.78 5814.45 v _25665_/Y (XNOR2x2_ASAP7_75t_R)
                                         _13237_ (net)
                 97.46   11.06 5825.51 v _25688_/B (NAND2x2_ASAP7_75t_R)
    35   35.43  146.99   91.95 5917.47 ^ _25688_/Y (NAND2x2_ASAP7_75t_R)
                                         _13259_ (net)
                147.70    5.83 5923.30 ^ _25907_/B (NOR2x1_ASAP7_75t_R)
     2    2.44   41.87   35.54 5958.84 v _25907_/Y (NOR2x1_ASAP7_75t_R)
                                         _13462_ (net)
                 41.87    0.01 5958.85 v _25920_/A2 (OA31x2_ASAP7_75t_R)
     1    0.81    8.04   22.38 5981.23 v _25920_/Y (OA31x2_ASAP7_75t_R)
                                         _13475_ (net)
                  8.04    0.03 5981.26 v _25921_/C (AND3x1_ASAP7_75t_R)
     3    2.62   17.29   19.10 6000.36 v _25921_/Y (AND3x1_ASAP7_75t_R)
                                         _13476_ (net)
                 17.30    0.34 6000.70 v _25923_/A (AND2x2_ASAP7_75t_R)
     1    0.66    6.08   19.78 6020.48 v _25923_/Y (AND2x2_ASAP7_75t_R)
                                         _13478_ (net)
                  6.08    0.00 6020.48 v _25926_/A2 (AO21x2_ASAP7_75t_R)
     4    4.12   15.09   21.21 6041.69 v _25926_/Y (AO21x2_ASAP7_75t_R)
                                         _13481_ (net)
                 15.09    0.06 6041.75 v _25927_/A (INVx3_ASAP7_75t_R)
     5    5.96   15.58   11.62 6053.37 ^ _25927_/Y (INVx3_ASAP7_75t_R)
                                         adder.gen_adder[12].adder.get_ripple_carry_adder.adder.gen_adder[7].adder.A (net)
                 15.59    0.23 6053.60 ^ adder.gen_adder[12].adder.get_ripple_carry_adder.adder.gen_adder[7].adder.genblk1[0].genblk1.fulladder/A (FAx1_ASAP7_75t_R)
     3    4.50  106.92   89.78 6143.38 v adder.gen_adder[12].adder.get_ripple_carry_adder.adder.gen_adder[7].adder.genblk1[0].genblk1.fulladder/SN (FAx1_ASAP7_75t_R)
                                         adder.gen_adder[12].adder.get_ripple_carry_adder.adder.gen_adder[7].adder.NY (net)
                106.92    0.07 6143.46 v _25933_/B (XNOR2x1_ASAP7_75t_R)
     1    0.65   21.13   35.31 6178.77 v _25933_/Y (XNOR2x1_ASAP7_75t_R)
                                         _13486_ (net)
                 21.13    0.00 6178.77 v _25934_/A2 (AO21x1_ASAP7_75t_R)
     1    1.05   11.42   18.72 6197.49 v _25934_/Y (AO21x1_ASAP7_75t_R)
                                         _13487_ (net)
                 11.42    0.00 6197.49 v _25935_/B (XOR2x2_ASAP7_75t_R)
     3    5.30   24.95   36.50 6233.98 ^ _25935_/Y (XOR2x2_ASAP7_75t_R)
                                         _13488_ (net)
                 24.95    0.02 6234.00 ^ _25936_/B (XNOR2x2_ASAP7_75t_R)
     6    7.94   29.67   43.09 6277.09 v _25936_/Y (XNOR2x2_ASAP7_75t_R)
                                         _13489_ (net)
                 29.72    0.70 6277.79 v _25941_/B (AND2x6_ASAP7_75t_R)
    13   13.21   18.77   31.85 6309.65 v _25941_/Y (AND2x6_ASAP7_75t_R)
                                         _13494_ (net)
                 18.80    0.33 6309.98 v _26143_/B (NAND2x1_ASAP7_75t_R)
     3    2.33   22.93   17.02 6327.00 ^ _26143_/Y (NAND2x1_ASAP7_75t_R)
                                         _13674_ (net)
                 22.93    0.01 6327.01 ^ _26145_/C (AND3x1_ASAP7_75t_R)
     1    0.60    9.72   22.00 6349.01 ^ _26145_/Y (AND3x1_ASAP7_75t_R)
                                         _13676_ (net)
                  9.72    0.00 6349.01 ^ _26146_/B1 (AO221x2_ASAP7_75t_R)
     3    3.07   16.52   25.55 6374.57 ^ _26146_/Y (AO221x2_ASAP7_75t_R)
                                         _13677_ (net)
                 16.52    0.08 6374.65 ^ _26156_/A (NAND2x1_ASAP7_75t_R)
     1    0.68    8.75    8.46 6383.11 v _26156_/Y (NAND2x1_ASAP7_75t_R)
                                         _13687_ (net)
                  8.75    0.01 6383.11 v _26163_/A2 (AO21x2_ASAP7_75t_R)
     3    3.73   16.23   21.32 6404.43 v _26163_/Y (AO21x2_ASAP7_75t_R)
                                         adder.gen_adder[13].adder.get_ripple_carry_adder.adder.gen_adder[7].adder.A (net)
                 16.24    0.25 6404.68 v adder.gen_adder[13].adder.get_ripple_carry_adder.adder.gen_adder[7].adder.genblk1[0].genblk1.fulladder/A (FAx1_ASAP7_75t_R)
     3    4.42  105.06   88.92 6493.60 v adder.gen_adder[13].adder.get_ripple_carry_adder.adder.gen_adder[7].adder.genblk1[0].genblk1.fulladder/SN (FAx1_ASAP7_75t_R)
                                         adder.gen_adder[13].adder.get_ripple_carry_adder.adder.gen_adder[7].adder.NY (net)
                105.06    0.03 6493.63 v _26167_/B (XNOR2x1_ASAP7_75t_R)
     1    0.66   20.94   35.09 6528.72 v _26167_/Y (XNOR2x1_ASAP7_75t_R)
                                         _13696_ (net)
                 20.94    0.00 6528.72 v _26168_/A2 (AO21x1_ASAP7_75t_R)
     1    1.09   11.38   18.79 6547.51 v _26168_/Y (AO21x1_ASAP7_75t_R)
                                         _13697_ (net)
                 11.38    0.01 6547.52 v _26169_/B (XOR2x2_ASAP7_75t_R)
     4    6.69   30.13   38.41 6585.92 ^ _26169_/Y (XOR2x2_ASAP7_75t_R)
                                         _13698_ (net)
                 30.14    0.21 6586.13 ^ _26170_/B (XNOR2x2_ASAP7_75t_R)
    12   14.45   47.72   52.88 6639.01 v _26170_/Y (XNOR2x2_ASAP7_75t_R)
                                         _13699_ (net)
                 47.84    1.39 6640.40 v _26218_/C (AND3x4_ASAP7_75t_R)
    12   11.30   25.71   44.73 6685.13 v _26218_/Y (AND3x4_ASAP7_75t_R)
                                         _13745_ (net)
                 25.72    0.23 6685.36 v _26404_/C2 (AO222x2_ASAP7_75t_R)
     1    1.10   12.93   33.95 6719.31 v _26404_/Y (AO222x2_ASAP7_75t_R)
                                         _13916_ (net)
                 12.93    0.00 6719.31 v _26405_/B (NOR2x1_ASAP7_75t_R)
     1    0.53    9.61    8.41 6727.72 ^ _26405_/Y (NOR2x1_ASAP7_75t_R)
                                         _13917_ (net)
                  9.61    0.00 6727.72 ^ _26410_/A (AND2x2_ASAP7_75t_R)
     2    2.26   12.59   19.28 6747.00 ^ _26410_/Y (AND2x2_ASAP7_75t_R)
                                         _13922_ (net)
                 12.60    0.21 6747.21 ^ _26411_/B (AND2x2_ASAP7_75t_R)
     1    0.67    7.30   17.36 6764.56 ^ _26411_/Y (AND2x2_ASAP7_75t_R)
                                         _13923_ (net)
                  7.30    0.01 6764.57 ^ _26414_/A1 (AO21x1_ASAP7_75t_R)
     2    1.86   14.40   16.15 6780.72 ^ _26414_/Y (AO21x1_ASAP7_75t_R)
                                         _13926_ (net)
                 14.40    0.04 6780.76 ^ _26415_/A (INVx1_ASAP7_75t_R)
     2    2.88   17.50   12.60 6793.36 v _26415_/Y (INVx1_ASAP7_75t_R)
                                         adder.gen_adder[14].adder.get_ripple_carry_adder.adder.gen_adder[7].adder.A (net)
                 17.51    0.19 6793.55 v adder.gen_adder[14].adder.get_ripple_carry_adder.adder.gen_adder[7].adder.genblk1[0].genblk1.fulladder/A (FAx1_ASAP7_75t_R)
     3    4.15   98.81   85.39 6878.94 v adder.gen_adder[14].adder.get_ripple_carry_adder.adder.gen_adder[7].adder.genblk1[0].genblk1.fulladder/SN (FAx1_ASAP7_75t_R)
                                         adder.gen_adder[14].adder.get_ripple_carry_adder.adder.gen_adder[7].adder.NY (net)
                 98.81    0.03 6878.96 v _26440_/B (XNOR2x1_ASAP7_75t_R)
     1    0.65   20.25   34.32 6913.28 v _26440_/Y (XNOR2x1_ASAP7_75t_R)
                                         _13950_ (net)
                 20.25    0.00 6913.28 v _26441_/A2 (AO21x1_ASAP7_75t_R)
     1    1.08   11.39   18.64 6931.93 v _26441_/Y (AO21x1_ASAP7_75t_R)
                                         _13951_ (net)
                 11.39    0.01 6931.94 v _26442_/B (XOR2x2_ASAP7_75t_R)
     3    5.81   26.68   37.16 6969.09 ^ _26442_/Y (XOR2x2_ASAP7_75t_R)
                                         _13952_ (net)
                 26.70    0.41 6969.50 ^ _26443_/B (XNOR2x2_ASAP7_75t_R)
     3    4.89   20.43   39.52 7009.03 v _26443_/Y (XNOR2x2_ASAP7_75t_R)
                                         _13953_ (net)
                 20.46    0.39 7009.42 v _26448_/B (AND2x4_ASAP7_75t_R)
     9    7.25   14.65   23.96 7033.37 v _26448_/Y (AND2x4_ASAP7_75t_R)
                                         _13958_ (net)
                 14.66    0.18 7033.56 v _26621_/B (OR2x2_ASAP7_75t_R)
     2    2.51   12.45   23.94 7057.50 v _26621_/Y (OR2x2_ASAP7_75t_R)
                                         _14112_ (net)
                 12.45    0.01 7057.51 v _26623_/B (AOI21x1_ASAP7_75t_R)
     1    0.55   12.61    9.14 7066.65 ^ _26623_/Y (AOI21x1_ASAP7_75t_R)
                                         _14114_ (net)
                 12.61    0.01 7066.65 ^ _26624_/B1 (AO32x1_ASAP7_75t_R)
     2    1.34   14.38   21.41 7088.06 ^ _26624_/Y (AO32x1_ASAP7_75t_R)
                                         _14115_ (net)
                 14.39    0.04 7088.10 ^ _26625_/B (OR2x2_ASAP7_75t_R)
     2    1.29    8.41   17.94 7106.04 ^ _26625_/Y (OR2x2_ASAP7_75t_R)
                                         _14116_ (net)
                  8.41    0.01 7106.05 ^ _26642_/A2 (AO21x2_ASAP7_75t_R)
     2    3.33   15.25   19.23 7125.28 ^ _26642_/Y (AO21x2_ASAP7_75t_R)
                                         adder.gen_adder[15].adder.get_ripple_carry_adder.adder.gen_adder[7].adder.A (net)
                 15.26    0.19 7125.47 ^ adder.gen_adder[15].adder.get_ripple_carry_adder.adder.gen_adder[7].adder.genblk1[0].genblk1.fulladder/A (FAx1_ASAP7_75t_R)
     2    5.24   65.56   35.58 7161.05 v adder.gen_adder[15].adder.get_ripple_carry_adder.adder.gen_adder[7].adder.genblk1[0].genblk1.fulladder/CON (FAx1_ASAP7_75t_R)
                                         adder.gen_adder[15].adder.get_ripple_carry_adder.adder.gen_adder[7].adder.NX (net)
     3    3.51   87.08   42.10 7203.14 ^ adder.gen_adder[15].adder.get_ripple_carry_adder.adder.gen_adder[7].adder.genblk1[0].genblk1.fulladder/SN (FAx1_ASAP7_75t_R)
                                         adder.gen_adder[15].adder.get_ripple_carry_adder.adder.gen_adder[7].adder.NY (net)
                 87.08    0.00 7203.15 ^ _78602_/A (XNOR2x1_ASAP7_75t_R)
     1    0.69   25.74   32.24 7235.38 ^ _78602_/Y (XNOR2x1_ASAP7_75t_R)
                                         _06101_ (net)
                 25.74    0.01 7235.39 ^ _78603_/A2 (AO21x2_ASAP7_75t_R)
     2    5.10   22.44   25.42 7260.81 ^ _78603_/Y (AO21x2_ASAP7_75t_R)
                                         _06102_ (net)
                 23.02    1.97 7262.77 ^ _78604_/B (XNOR2x2_ASAP7_75t_R)
     5    4.81   20.42   38.56 7301.33 v _78604_/Y (XNOR2x2_ASAP7_75t_R)
                                         _06103_ (net)
                 20.45    0.46 7301.80 v _78605_/B (XNOR2x2_ASAP7_75t_R)
    52   57.45  223.65   97.67 7399.47 ^ _78605_/Y (XNOR2x2_ASAP7_75t_R)
                                         _06104_ (net)
                239.37   31.59 7431.06 ^ _78616_/B (NAND2x2_ASAP7_75t_R)
    82   77.09  264.06  155.29 7586.34 v _78616_/Y (NAND2x2_ASAP7_75t_R)
                                         _06115_ (net)
                265.05    9.60 7595.95 v _79734_/B (AND2x6_ASAP7_75t_R)
     6    8.34   21.75   68.42 7664.37 v _79734_/Y (AND2x6_ASAP7_75t_R)
                                         _07211_ (net)
                 21.75    0.04 7664.41 v _79736_/B (OR3x4_ASAP7_75t_R)
     8    7.17   23.32   49.47 7713.88 v _79736_/Y (OR3x4_ASAP7_75t_R)
                                         _07213_ (net)
                 23.34    0.40 7714.28 v _80103_/A (OR2x2_ASAP7_75t_R)
     4    3.39   14.92   27.55 7741.82 v _80103_/Y (OR2x2_ASAP7_75t_R)
                                         _07569_ (net)
                 14.93    0.20 7742.02 v _80272_/B (AO21x2_ASAP7_75t_R)
    10    8.48   28.98   30.26 7772.28 v _80272_/Y (AO21x2_ASAP7_75t_R)
                                         _07732_ (net)
                 28.99    0.25 7772.52 v _80371_/B (AND2x2_ASAP7_75t_R)
     1    0.58    6.31   22.26 7794.78 v _80371_/Y (AND2x2_ASAP7_75t_R)
                                         _07828_ (net)
                  6.31    0.00 7794.78 v _80375_/B1 (AO221x1_ASAP7_75t_R)
     2    1.82   14.61   22.88 7817.66 v _80375_/Y (AO221x1_ASAP7_75t_R)
                                         _07832_ (net)
                 14.62    0.19 7817.84 v _80388_/B (OR5x1_ASAP7_75t_R)
     1    0.68   12.67   34.98 7852.82 v _80388_/Y (OR5x1_ASAP7_75t_R)
                                         _07845_ (net)
                 12.67    0.00 7852.82 v _80389_/B3 (OA33x2_ASAP7_75t_R)
     1    1.79   13.04   27.64 7880.46 v _80389_/Y (OA33x2_ASAP7_75t_R)
                                         net408 (net)
                 13.06    0.27 7880.73 v output408/A (BUFx2_ASAP7_75t_R)
     1    0.02    3.76   13.81 7894.54 v output408/Y (BUFx2_ASAP7_75t_R)
                                         result[139] (net)
                  3.76    0.00 7894.54 v result[139] (out)
                               7894.54   data arrival time

                  0.00 5000.00 5000.00   clock clk (rise edge)
                          0.00 5000.00   clock network delay (ideal)
                          0.00 5000.00   clock reconvergence pessimism
                       -1000.00 4000.00   output external delay
                               4000.00   data required time
-----------------------------------------------------------------------------
                               4000.00   data required time
                               -7894.54   data arrival time
-----------------------------------------------------------------------------
                               -3894.54   slack (VIOLATED)



==========================================================================
resizer report_checks -unconstrained
--------------------------------------------------------------------------
Startpoint: is_set_equal (input port clocked by clk)
Endpoint: result[139] (output port clocked by clk)
Path Group: clk
Path Type: max

Fanout     Cap    Slew   Delay    Time   Description
-----------------------------------------------------------------------------
                  0.00    0.00    0.00   clock clk (rise edge)
                          0.00    0.00   clock network delay (ideal)
                       1000.00 1000.00 v input external delay
     1    1.38    0.00    0.00 1000.00 v is_set_equal (in)
                                         is_set_equal (net)
                  0.02    0.01 1000.01 v input18/A (BUFx12_ASAP7_75t_R)
    22   17.69   15.61   18.82 1018.83 v input18/Y (BUFx12_ASAP7_75t_R)
                                         net18 (net)
                 15.80    0.97 1019.80 v _23378_/B (OR4x2_ASAP7_75t_R)
    29   29.10   93.80   81.09 1100.89 v _23378_/Y (OR4x2_ASAP7_75t_R)
                                         _11034_ (net)
                 93.83    0.93 1101.82 v _23393_/A (OR2x6_ASAP7_75t_R)
    34   40.00   53.44   58.10 1159.92 v _23393_/Y (OR2x6_ASAP7_75t_R)
                                         _11048_ (net)
                 54.78    4.82 1164.74 v _23447_/B (AND2x4_ASAP7_75t_R)
     7    6.06   13.88   32.02 1196.76 v _23447_/Y (AND2x4_ASAP7_75t_R)
                                         _11088_ (net)
                 13.88    0.01 1196.77 v _23448_/B (XOR2x1_ASAP7_75t_R)
     1    0.59   12.33   20.84 1217.61 v _23448_/Y (XOR2x1_ASAP7_75t_R)
                                         _11089_ (net)
                 12.33    0.00 1217.61 v _23449_/B (AND2x2_ASAP7_75t_R)
     1    2.19   12.19   19.73 1237.34 v _23449_/Y (AND2x2_ASAP7_75t_R)
                                         adder.gen_adder[0].adder.get_ripple_carry_adder.adder.gen_adder[7].adder.B (net)
                 12.19    0.00 1237.35 v adder.gen_adder[0].adder.get_ripple_carry_adder.adder.gen_adder[7].adder.genblk1[0].genblk1.fulladder/B (FAx1_ASAP7_75t_R)
     5    8.29  130.83   65.47 1302.81 ^ adder.gen_adder[0].adder.get_ripple_carry_adder.adder.gen_adder[7].adder.genblk1[0].genblk1.fulladder/CON (FAx1_ASAP7_75t_R)
                                         adder.gen_adder[0].adder.get_ripple_carry_adder.adder.gen_adder[7].adder.NX (net)
     3    5.22  122.54   57.25 1360.06 v adder.gen_adder[0].adder.get_ripple_carry_adder.adder.gen_adder[7].adder.genblk1[0].genblk1.fulladder/SN (FAx1_ASAP7_75t_R)
                                         adder.gen_adder[0].adder.get_ripple_carry_adder.adder.gen_adder[7].adder.NY (net)
                122.54    0.18 1360.24 v _23495_/B (XNOR2x1_ASAP7_75t_R)
     2    2.36   32.62   42.08 1402.32 v _23495_/Y (XNOR2x1_ASAP7_75t_R)
                                         _11135_ (net)
                 32.62    0.02 1402.34 v _23496_/B (XNOR2x1_ASAP7_75t_R)
     2    2.31   21.17   27.26 1429.60 v _23496_/Y (XNOR2x1_ASAP7_75t_R)
                                         _11136_ (net)
                 21.17    0.16 1429.76 v _23500_/B2 (AOI22x1_ASAP7_75t_R)
    18   20.72  130.50   62.37 1492.13 ^ _23500_/Y (AOI22x1_ASAP7_75t_R)
                                         _11140_ (net)
                130.51    0.72 1492.85 ^ _25188_/B (NAND2x1_ASAP7_75t_R)
     3    1.74   32.44   22.41 1515.26 v _25188_/Y (NAND2x1_ASAP7_75t_R)
                                         _12790_ (net)
                 32.44    0.00 1515.26 v _25246_/A (AND2x2_ASAP7_75t_R)
     2    1.70    9.36   26.57 1541.83 v _25246_/Y (AND2x2_ASAP7_75t_R)
                                         _12848_ (net)
                  9.36    0.02 1541.85 v _25262_/A2 (AOI21x1_ASAP7_75t_R)
     3    3.29   36.30   15.22 1557.08 ^ _25262_/Y (AOI21x1_ASAP7_75t_R)
                                         _12864_ (net)
                 36.30    0.06 1557.13 ^ _26662_/A (INVx1_ASAP7_75t_R)
     1    2.06   18.79   14.79 1571.92 v _26662_/Y (INVx1_ASAP7_75t_R)
                                         adder.gen_adder[1].adder.get_ripple_carry_adder.adder.gen_adder[7].adder.A (net)
                 18.79    0.02 1571.94 v adder.gen_adder[1].adder.get_ripple_carry_adder.adder.gen_adder[7].adder.genblk1[0].genblk1.fulladder/A (FAx1_ASAP7_75t_R)
     5    6.77  109.17   57.45 1629.39 ^ adder.gen_adder[1].adder.get_ripple_carry_adder.adder.gen_adder[7].adder.genblk1[0].genblk1.fulladder/CON (FAx1_ASAP7_75t_R)
                                         adder.gen_adder[1].adder.get_ripple_carry_adder.adder.gen_adder[7].adder.NX (net)
     3    4.98  117.38   51.71 1681.10 v adder.gen_adder[1].adder.get_ripple_carry_adder.adder.gen_adder[7].adder.genblk1[0].genblk1.fulladder/SN (FAx1_ASAP7_75t_R)
                                         adder.gen_adder[1].adder.get_ripple_carry_adder.adder.gen_adder[7].adder.NY (net)
                117.38    0.08 1681.18 v _23514_/B (XOR2x1_ASAP7_75t_R)
     2    2.20   36.34   45.17 1726.35 v _23514_/Y (XOR2x1_ASAP7_75t_R)
                                         _11154_ (net)
                 36.34    0.01 1726.35 v _23516_/A (XNOR2x2_ASAP7_75t_R)
     5    4.61   19.42   35.90 1762.25 v _23516_/Y (XNOR2x2_ASAP7_75t_R)
                                         _11156_ (net)
                 19.43    0.20 1762.45 v _23580_/A2 (AO22x2_ASAP7_75t_R)
    14   13.10   39.50   36.35 1798.79 v _23580_/Y (AO22x2_ASAP7_75t_R)
                                         _11220_ (net)
                 39.53    0.66 1799.45 v _25201_/A3 (AO32x1_ASAP7_75t_R)
     2    1.32   12.95   31.53 1830.98 v _25201_/Y (AO32x1_ASAP7_75t_R)
                                         _12803_ (net)
                 12.95    0.01 1830.99 v _25221_/A (OR3x1_ASAP7_75t_R)
     1    0.62    9.04   22.80 1853.79 v _25221_/Y (OR3x1_ASAP7_75t_R)
                                         _12823_ (net)
                  9.04    0.00 1853.80 v _25222_/C (OR3x1_ASAP7_75t_R)
     2    1.80   15.94   28.16 1881.95 v _25222_/Y (OR3x1_ASAP7_75t_R)
                                         _12824_ (net)
                 15.94    0.02 1881.97 v _25294_/B (OA21x2_ASAP7_75t_R)
     6    6.61   23.25   22.67 1904.63 v _25294_/Y (OA21x2_ASAP7_75t_R)
                                         _12895_ (net)
                 23.25    0.17 1904.81 v adder.gen_adder[2].adder.get_ripple_carry_adder.adder.gen_adder[7].adder.genblk1[0].genblk1.fulladder/A (FAx1_ASAP7_75t_R)
    11    9.62  149.90   75.92 1980.73 ^ adder.gen_adder[2].adder.get_ripple_carry_adder.adder.gen_adder[7].adder.genblk1[0].genblk1.fulladder/CON (FAx1_ASAP7_75t_R)
                                         adder.gen_adder[2].adder.get_ripple_carry_adder.adder.gen_adder[7].adder.NX (net)
     4    6.35  148.16   67.32 2048.04 v adder.gen_adder[2].adder.get_ripple_carry_adder.adder.gen_adder[7].adder.genblk1[0].genblk1.fulladder/SN (FAx1_ASAP7_75t_R)
                                         adder.gen_adder[2].adder.get_ripple_carry_adder.adder.gen_adder[7].adder.NY (net)
                148.16    0.07 2048.11 v _23530_/B (XOR2x1_ASAP7_75t_R)
     4    2.48   43.05   50.10 2098.21 v _23530_/Y (XOR2x1_ASAP7_75t_R)
                                         _11170_ (net)
                 43.05    0.03 2098.25 v _23566_/E (AND5x1_ASAP7_75t_R)
     1    0.61    8.57   32.17 2130.42 v _23566_/Y (AND5x1_ASAP7_75t_R)
                                         _11206_ (net)
                  8.57    0.00 2130.42 v _23569_/B (OR4x2_ASAP7_75t_R)
     3    2.56   17.60   39.45 2169.87 v _23569_/Y (OR4x2_ASAP7_75t_R)
                                         _11209_ (net)
                 17.61    0.23 2170.10 v _25208_/B (OR4x1_ASAP7_75t_R)
     1    0.48   12.05   29.97 2200.07 v _25208_/Y (OR4x1_ASAP7_75t_R)
                                         _12810_ (net)
                 12.05    0.00 2200.07 v _25209_/B (OA211x2_ASAP7_75t_R)
     1    0.72   12.61   26.35 2226.42 v _25209_/Y (OA211x2_ASAP7_75t_R)
                                         _12811_ (net)
                 12.61    0.02 2226.44 v _25210_/B1 (OA31x2_ASAP7_75t_R)
     5    3.94   16.71   25.97 2252.41 v _25210_/Y (OA31x2_ASAP7_75t_R)
                                         _12812_ (net)
                 16.73    0.33 2252.74 v _25633_/B (OR2x2_ASAP7_75t_R)
     1    0.70    7.06   21.15 2273.88 v _25633_/Y (OR2x2_ASAP7_75t_R)
                                         _13208_ (net)
                  7.06    0.01 2273.89 v _25634_/A2 (AO21x2_ASAP7_75t_R)
     4    4.79   19.56   22.16 2296.06 v _25634_/Y (AO21x2_ASAP7_75t_R)
                                         _13209_ (net)
                 19.63    0.63 2296.69 v adder.gen_adder[3].adder.get_ripple_carry_adder.adder.gen_adder[7].adder.genblk1[0].genblk1.fulladder/A (FAx1_ASAP7_75t_R)
     6   10.46  162.01   79.98 2376.67 ^ adder.gen_adder[3].adder.get_ripple_carry_adder.adder.gen_adder[7].adder.genblk1[0].genblk1.fulladder/CON (FAx1_ASAP7_75t_R)
                                         adder.gen_adder[3].adder.get_ripple_carry_adder.adder.gen_adder[7].adder.NX (net)
     3    4.13   98.40   55.58 2432.25 v adder.gen_adder[3].adder.get_ripple_carry_adder.adder.gen_adder[7].adder.genblk1[0].genblk1.fulladder/SN (FAx1_ASAP7_75t_R)
                                         adder.gen_adder[3].adder.get_ripple_carry_adder.adder.gen_adder[7].adder.NY (net)
                 98.40    0.02 2432.27 v _23591_/B (XNOR2x2_ASAP7_75t_R)
     2    2.62   16.42   42.42 2474.70 ^ _23591_/Y (XNOR2x2_ASAP7_75t_R)
                                         _11230_ (net)
                 16.45    0.37 2475.06 ^ _23593_/A (XNOR2x2_ASAP7_75t_R)
     4    3.90   17.15   36.26 2511.32 v _23593_/Y (XNOR2x2_ASAP7_75t_R)
                                         _11232_ (net)
                 17.16    0.16 2511.49 v _23594_/B (AND2x2_ASAP7_75t_R)
     3    1.98   12.10   21.05 2532.54 v _23594_/Y (AND2x2_ASAP7_75t_R)
                                         _11233_ (net)
                 12.10    0.02 2532.56 v _23638_/A2 (OA21x2_ASAP7_75t_R)
    26   22.79   66.54   42.77 2575.33 v _23638_/Y (OA21x2_ASAP7_75t_R)
                                         _11276_ (net)
                 67.32    4.16 2579.50 v _24475_/A (AND2x2_ASAP7_75t_R)
     2    1.41    9.98   34.53 2614.02 v _24475_/Y (AND2x2_ASAP7_75t_R)
                                         _12099_ (net)
                  9.98    0.01 2614.03 v _25231_/A1 (AO221x1_ASAP7_75t_R)
     1    0.57    8.07   20.88 2634.91 v _25231_/Y (AO221x1_ASAP7_75t_R)
                                         _12833_ (net)
                  8.07    0.00 2634.91 v _25232_/C (AO221x2_ASAP7_75t_R)
     6    4.54   19.32   31.66 2666.57 v _25232_/Y (AO221x2_ASAP7_75t_R)
                                         _12834_ (net)
                 19.39    0.64 2667.21 v _25291_/B (OR2x4_ASAP7_75t_R)
     5    5.14   15.85   33.76 2700.97 v _25291_/Y (OR2x4_ASAP7_75t_R)
                                         _12893_ (net)
                 15.86    0.08 2701.05 v adder.gen_adder[4].adder.get_ripple_carry_adder.adder.gen_adder[7].adder.genblk1[0].genblk1.fulladder/A (FAx1_ASAP7_75t_R)
     3    5.08  119.56   98.68 2799.73 v adder.gen_adder[4].adder.get_ripple_carry_adder.adder.gen_adder[7].adder.genblk1[0].genblk1.fulladder/SN (FAx1_ASAP7_75t_R)
                                         adder.gen_adder[4].adder.get_ripple_carry_adder.adder.gen_adder[7].adder.NY (net)
                119.56    0.18 2799.91 v _23474_/B (XNOR2x1_ASAP7_75t_R)
     1    0.66   22.56   36.88 2836.79 v _23474_/Y (XNOR2x1_ASAP7_75t_R)
                                         _11114_ (net)
                 22.56    0.00 2836.79 v _23475_/A2 (AO21x1_ASAP7_75t_R)
     1    1.06   10.72   19.00 2855.79 v _23475_/Y (AO21x1_ASAP7_75t_R)
                                         _11115_ (net)
                 10.72    0.00 2855.79 v _23476_/B (XOR2x2_ASAP7_75t_R)
     3    2.85   16.11   32.27 2888.06 ^ _23476_/Y (XOR2x2_ASAP7_75t_R)
                                         _11116_ (net)
                 16.11    0.04 2888.10 ^ _23477_/B (XNOR2x2_ASAP7_75t_R)
     5    6.83   25.75   40.15 2928.26 v _23477_/Y (XNOR2x2_ASAP7_75t_R)
                                         _11117_ (net)
                 25.79    0.56 2928.81 v _23478_/B (AND2x6_ASAP7_75t_R)
    15   13.82   19.86   30.54 2959.35 v _23478_/Y (AND2x6_ASAP7_75t_R)
                                         _11118_ (net)
                 19.93    0.75 2960.10 v _25240_/A1 (AO21x1_ASAP7_75t_R)
     2    1.23    9.79   20.18 2980.28 v _25240_/Y (AO21x1_ASAP7_75t_R)
                                         _12842_ (net)
                  9.79    0.00 2980.28 v _25250_/A (OR2x2_ASAP7_75t_R)
     1    0.62    6.88   19.13 2999.41 v _25250_/Y (OR2x2_ASAP7_75t_R)
                                         _12852_ (net)
                  6.88    0.00 2999.41 v _25251_/B2 (OA22x2_ASAP7_75t_R)
     5    4.84   19.63   24.56 3023.98 v _25251_/Y (OA22x2_ASAP7_75t_R)
                                         _12853_ (net)
                 19.65    0.29 3024.26 v _26740_/B (OR2x2_ASAP7_75t_R)
     2    3.12   13.98   26.60 3050.86 v _26740_/Y (OR2x2_ASAP7_75t_R)
                                         adder.gen_adder[5].adder.get_ripple_carry_adder.adder.gen_adder[7].adder.A (net)
                 14.00    0.23 3051.09 v adder.gen_adder[5].adder.get_ripple_carry_adder.adder.gen_adder[7].adder.genblk1[0].genblk1.fulladder/A (FAx1_ASAP7_75t_R)
     3    5.18  122.10   99.24 3150.34 v adder.gen_adder[5].adder.get_ripple_carry_adder.adder.gen_adder[7].adder.genblk1[0].genblk1.fulladder/SN (FAx1_ASAP7_75t_R)
                                         adder.gen_adder[5].adder.get_ripple_carry_adder.adder.gen_adder[7].adder.NY (net)
                122.10    0.05 3150.39 v _23461_/B (XNOR2x1_ASAP7_75t_R)
     1    0.68   22.95   37.26 3187.65 v _23461_/Y (XNOR2x1_ASAP7_75t_R)
                                         _11101_ (net)
                 22.95    0.01 3187.66 v _23462_/A2 (AO21x1_ASAP7_75t_R)
     1    1.08   10.89   19.12 3206.78 v _23462_/Y (AO21x1_ASAP7_75t_R)
                                         _11102_ (net)
                 10.89    0.01 3206.79 v _23463_/B (XOR2x2_ASAP7_75t_R)
     4    4.32   21.41   34.83 3241.62 ^ _23463_/Y (XOR2x2_ASAP7_75t_R)
                                         _11103_ (net)
                 21.41    0.15 3241.77 ^ _23464_/B (XNOR2x2_ASAP7_75t_R)
    12   13.88   46.75   50.05 3291.82 v _23464_/Y (XNOR2x2_ASAP7_75t_R)
                                         _11104_ (net)
                 46.92    1.72 3293.54 v _23647_/B (NAND2x2_ASAP7_75t_R)
    12   10.74   49.20   35.89 3329.43 ^ _23647_/Y (NAND2x2_ASAP7_75t_R)
                                         _11285_ (net)
                 49.37    1.69 3331.12 ^ _23648_/B (AND2x6_ASAP7_75t_R)
    13   12.49   22.26   36.25 3367.37 ^ _23648_/Y (AND2x6_ASAP7_75t_R)
                                         _11286_ (net)
                 22.32    0.62 3367.99 ^ _25286_/A1 (AO21x1_ASAP7_75t_R)
     2    1.18   10.55   16.34 3384.33 ^ _25286_/Y (AO21x1_ASAP7_75t_R)
                                         _12888_ (net)
                 10.55    0.00 3384.33 ^ _25287_/B (OR2x2_ASAP7_75t_R)
     1    0.65    6.39   15.55 3399.88 ^ _25287_/Y (OR2x2_ASAP7_75t_R)
                                         _12889_ (net)
                  6.39    0.00 3399.89 ^ _25293_/B1 (OA222x2_ASAP7_75t_R)
     4    3.66   18.19   29.49 3429.38 ^ _25293_/Y (OA222x2_ASAP7_75t_R)
                                         _12894_ (net)
                 18.22    0.38 3429.75 ^ _25308_/A (OR2x2_ASAP7_75t_R)
     3    2.74   13.40   22.70 3452.46 ^ _25308_/Y (OR2x2_ASAP7_75t_R)
                                         _12908_ (net)
                 13.40    0.01 3452.46 ^ _25337_/A (AND2x4_ASAP7_75t_R)
     6    6.05   15.00   21.16 3473.63 ^ _25337_/Y (AND2x4_ASAP7_75t_R)
                                         adder.gen_adder[6].adder.get_ripple_carry_adder.adder.gen_adder[7].adder.A (net)
                 15.02    0.33 3473.96 ^ adder.gen_adder[6].adder.get_ripple_carry_adder.adder.gen_adder[7].adder.genblk1[0].genblk1.fulladder/A (FAx1_ASAP7_75t_R)
     3    5.12  120.73   98.50 3572.46 v adder.gen_adder[6].adder.get_ripple_carry_adder.adder.gen_adder[7].adder.genblk1[0].genblk1.fulladder/SN (FAx1_ASAP7_75t_R)
                                         adder.gen_adder[6].adder.get_ripple_carry_adder.adder.gen_adder[7].adder.NY (net)
                120.73    0.06 3572.52 v _23721_/B (XNOR2x1_ASAP7_75t_R)
     1    0.67   22.70   37.04 3609.56 v _23721_/Y (XNOR2x1_ASAP7_75t_R)
                                         _11359_ (net)
                 22.70    0.00 3609.56 v _23722_/A2 (AO21x1_ASAP7_75t_R)
     1    1.08   11.01   19.09 3628.65 v _23722_/Y (AO21x1_ASAP7_75t_R)
                                         _11360_ (net)
                 11.01    0.01 3628.66 v _23723_/B (XOR2x2_ASAP7_75t_R)
     3    3.67   19.07   33.70 3662.36 ^ _23723_/Y (XOR2x2_ASAP7_75t_R)
                                         _11361_ (net)
                 19.07    0.17 3662.53 ^ _23724_/B (XNOR2x2_ASAP7_75t_R)
     6    7.90   28.91   42.36 3704.89 v _23724_/Y (XNOR2x2_ASAP7_75t_R)
                                         _11362_ (net)
                 28.97    0.72 3705.61 v _24113_/B (AND2x6_ASAP7_75t_R)
    10    8.68   14.68   29.31 3734.91 v _24113_/Y (AND2x6_ASAP7_75t_R)
                                         _11747_ (net)
                 14.68    0.08 3734.99 v _25276_/B (AND3x1_ASAP7_75t_R)
     1    1.08   10.84   16.58 3751.57 v _25276_/Y (AND3x1_ASAP7_75t_R)
                                         _12878_ (net)
                 10.84    0.00 3751.58 v _25282_/A (NOR2x1_ASAP7_75t_R)
     1    0.68   11.65    9.43 3761.01 ^ _25282_/Y (NOR2x1_ASAP7_75t_R)
                                         _12884_ (net)
                 11.65    0.01 3761.02 ^ _25283_/B (OA21x2_ASAP7_75t_R)
     2    3.67   15.53   21.06 3782.08 ^ _25283_/Y (OA21x2_ASAP7_75t_R)
                                         _12885_ (net)
                 15.55    0.28 3782.36 ^ _25629_/A (NAND2x2_ASAP7_75t_R)
     4    4.95   20.83   12.85 3795.20 v _25629_/Y (NAND2x2_ASAP7_75t_R)
                                         adder.gen_adder[7].adder.get_ripple_carry_adder.adder.gen_adder[7].adder.A (net)
                 20.84    0.27 3795.47 v adder.gen_adder[7].adder.get_ripple_carry_adder.adder.gen_adder[7].adder.genblk1[0].genblk1.fulladder/A (FAx1_ASAP7_75t_R)
     4    6.30  102.84   54.93 3850.40 ^ adder.gen_adder[7].adder.get_ripple_carry_adder.adder.gen_adder[7].adder.genblk1[0].genblk1.fulladder/CON (FAx1_ASAP7_75t_R)
                                         adder.gen_adder[7].adder.get_ripple_carry_adder.adder.gen_adder[7].adder.NX (net)
     3    4.85  114.77   49.79 3900.19 v adder.gen_adder[7].adder.get_ripple_carry_adder.adder.gen_adder[7].adder.genblk1[0].genblk1.fulladder/SN (FAx1_ASAP7_75t_R)
                                         adder.gen_adder[7].adder.get_ripple_carry_adder.adder.gen_adder[7].adder.NY (net)
                114.77    0.03 3900.22 v _23729_/B (XNOR2x1_ASAP7_75t_R)
     1    2.60   33.22   41.58 3941.80 v _23729_/Y (XNOR2x1_ASAP7_75t_R)
                                         _11367_ (net)
                 33.26    0.59 3942.39 v _23730_/A2 (AO21x1_ASAP7_75t_R)
     2    2.02   15.01   23.70 3966.10 v _23730_/Y (AO21x1_ASAP7_75t_R)
                                         _11368_ (net)
                 15.01    0.03 3966.12 v _23731_/B (XOR2x2_ASAP7_75t_R)
     5    3.90   20.44   35.58 4001.70 ^ _23731_/Y (XOR2x2_ASAP7_75t_R)
                                         _11369_ (net)
                 20.45    0.18 4001.88 ^ _23732_/B (XNOR2x2_ASAP7_75t_R)
    39   43.95  166.85   85.76 4087.64 ^ _23732_/Y (XNOR2x2_ASAP7_75t_R)
                                         _11370_ (net)
                167.56    6.40 4094.03 ^ _23795_/B (NAND2x2_ASAP7_75t_R)
    60   53.73  174.25  113.82 4207.85 v _23795_/Y (NAND2x2_ASAP7_75t_R)
                                         _11433_ (net)
                175.47    8.31 4216.16 v _25309_/B (AND2x2_ASAP7_75t_R)
     1    0.66   11.86   46.52 4262.68 v _25309_/Y (AND2x2_ASAP7_75t_R)
                                         _12909_ (net)
                 11.86    0.00 4262.68 v _25310_/B (AO21x1_ASAP7_75t_R)
     1    2.08   15.10   20.25 4282.93 v _25310_/Y (AO21x1_ASAP7_75t_R)
                                         _12910_ (net)
                 15.13    0.37 4283.30 v _25311_/B1 (AO222x2_ASAP7_75t_R)
     1    0.66   10.99   29.99 4313.29 v _25311_/Y (AO222x2_ASAP7_75t_R)
                                         _12911_ (net)
                 10.99    0.00 4313.29 v _25312_/B (AO21x1_ASAP7_75t_R)
     1    1.10    9.23   17.44 4330.73 v _25312_/Y (AO21x1_ASAP7_75t_R)
                                         _12912_ (net)
                  9.23    0.08 4330.81 v _25317_/A2 (AO222x2_ASAP7_75t_R)
     2    1.39   14.64   32.04 4362.86 v _25317_/Y (AO222x2_ASAP7_75t_R)
                                         _12917_ (net)
                 14.64    0.05 4362.91 v _25344_/B (AO21x2_ASAP7_75t_R)
     5    6.12   19.98   27.28 4390.19 v _25344_/Y (AO21x2_ASAP7_75t_R)
                                         _12943_ (net)
                 19.98    0.25 4390.44 v _26803_/A (OR2x2_ASAP7_75t_R)
     2    3.20   14.28   26.49 4416.93 v _26803_/Y (OR2x2_ASAP7_75t_R)
                                         adder.gen_adder[8].adder.get_ripple_carry_adder.adder.gen_adder[7].adder.A (net)
                 14.29    0.28 4417.21 v adder.gen_adder[8].adder.get_ripple_carry_adder.adder.gen_adder[7].adder.genblk1[0].genblk1.fulladder/A (FAx1_ASAP7_75t_R)
     3    4.53  107.47   89.86 4507.07 v adder.gen_adder[8].adder.get_ripple_carry_adder.adder.gen_adder[7].adder.genblk1[0].genblk1.fulladder/SN (FAx1_ASAP7_75t_R)
                                         adder.gen_adder[8].adder.get_ripple_carry_adder.adder.gen_adder[7].adder.NY (net)
                107.47    0.06 4507.13 v _23781_/B (XNOR2x1_ASAP7_75t_R)
     1    0.68   21.30   35.45 4542.58 v _23781_/Y (XNOR2x1_ASAP7_75t_R)
                                         _11419_ (net)
                 21.30    0.01 4542.58 v _23782_/A2 (AO21x1_ASAP7_75t_R)
     1    1.08   11.11   18.83 4561.41 v _23782_/Y (AO21x1_ASAP7_75t_R)
                                         _11420_ (net)
                 11.11    0.01 4561.42 v _23783_/B (XOR2x2_ASAP7_75t_R)
     3    3.78   19.45   33.95 4595.37 ^ _23783_/Y (XOR2x2_ASAP7_75t_R)
                                         _11421_ (net)
                 19.45    0.06 4595.44 ^ _23784_/B (XNOR2x2_ASAP7_75t_R)
     4    5.53   22.01   39.16 4634.60 v _23784_/Y (XNOR2x2_ASAP7_75t_R)
                                         _11422_ (net)
                 22.07    0.65 4635.25 v _23827_/B (NAND2x2_ASAP7_75t_R)
    17   16.49   78.61   35.58 4670.83 ^ _23827_/Y (NAND2x2_ASAP7_75t_R)
                                         _11465_ (net)
                 78.64    0.75 4671.58 ^ _24566_/B (AND2x4_ASAP7_75t_R)
     5    5.76   16.20   33.04 4704.62 ^ _24566_/Y (AND2x4_ASAP7_75t_R)
                                         _12188_ (net)
                 16.20    0.02 4704.64 ^ _25641_/B2 (AOI22x1_ASAP7_75t_R)
     2    1.70   16.59   12.62 4717.27 v _25641_/Y (AOI22x1_ASAP7_75t_R)
                                         _13215_ (net)
                 16.59    0.07 4717.34 v _25642_/A2 (AO21x2_ASAP7_75t_R)
     7    7.82   24.87   28.93 4746.27 v _25642_/Y (AO21x2_ASAP7_75t_R)
                                         _13216_ (net)
                 24.87    0.28 4746.55 v _26823_/A (INVx1_ASAP7_75t_R)
     1    2.04   18.36   14.51 4761.05 ^ _26823_/Y (INVx1_ASAP7_75t_R)
                                         adder.gen_adder[9].adder.get_ripple_carry_adder.adder.gen_adder[7].adder.A (net)
                 18.36    0.02 4761.07 ^ adder.gen_adder[9].adder.get_ripple_carry_adder.adder.gen_adder[7].adder.genblk1[0].genblk1.fulladder/A (FAx1_ASAP7_75t_R)
     3    4.56  108.18   91.47 4852.54 v adder.gen_adder[9].adder.get_ripple_carry_adder.adder.gen_adder[7].adder.genblk1[0].genblk1.fulladder/SN (FAx1_ASAP7_75t_R)
                                         adder.gen_adder[9].adder.get_ripple_carry_adder.adder.gen_adder[7].adder.NY (net)
                108.18    0.06 4852.59 v _23453_/B (XNOR2x1_ASAP7_75t_R)
     1    0.66   21.32   35.50 4888.09 v _23453_/Y (XNOR2x1_ASAP7_75t_R)
                                         _11093_ (net)
                 21.32    0.00 4888.09 v _23457_/A2 (AO21x1_ASAP7_75t_R)
     1    1.08   11.15   18.83 4906.92 v _23457_/Y (AO21x1_ASAP7_75t_R)
                                         _11097_ (net)
                 11.15    0.01 4906.93 v _23458_/B (XOR2x2_ASAP7_75t_R)
     4    5.08   24.32   36.04 4942.97 ^ _23458_/Y (XOR2x2_ASAP7_75t_R)
                                         _11098_ (net)
                 24.32    0.15 4943.11 ^ _23459_/B (XNOR2x2_ASAP7_75t_R)
    15   17.01   55.72   54.67 4997.78 v _23459_/Y (XNOR2x2_ASAP7_75t_R)
                                         _11099_ (net)
                 55.82    1.37 4999.15 v _23889_/B (NAND2x2_ASAP7_75t_R)
    17   15.52   75.69   46.03 5045.19 ^ _23889_/Y (NAND2x2_ASAP7_75t_R)
                                         _11525_ (net)
                 75.71    0.80 5045.99 ^ _25348_/A1 (OA21x2_ASAP7_75t_R)
     1    0.57    9.24   27.55 5073.54 ^ _25348_/Y (OA21x2_ASAP7_75t_R)
                                         _12947_ (net)
                  9.24    0.00 5073.54 ^ _25349_/B1 (OA31x2_ASAP7_75t_R)
     3    3.20   15.08   25.29 5098.83 ^ _25349_/Y (OA31x2_ASAP7_75t_R)
                                         _12948_ (net)
                 15.09    0.17 5099.00 ^ _25350_/B (NOR2x1_ASAP7_75t_R)
     2    1.65   16.06   11.97 5110.98 v _25350_/Y (NOR2x1_ASAP7_75t_R)
                                         _12949_ (net)
                 16.06    0.03 5111.01 v _25351_/B (NAND2x1_ASAP7_75t_R)
     2    1.35   15.58   12.78 5123.79 ^ _25351_/Y (NAND2x1_ASAP7_75t_R)
                                         _12950_ (net)
                 15.58    0.02 5123.81 ^ _25358_/A2 (AO21x2_ASAP7_75t_R)
     3    4.06   17.98   22.22 5146.03 ^ _25358_/Y (AO21x2_ASAP7_75t_R)
                                         adder.gen_adder[10].adder.get_ripple_carry_adder.adder.gen_adder[7].adder.A (net)
                 18.00    0.32 5146.35 ^ adder.gen_adder[10].adder.get_ripple_carry_adder.adder.gen_adder[7].adder.genblk1[0].genblk1.fulladder/A (FAx1_ASAP7_75t_R)
     3    4.72  112.01   93.65 5240.00 v adder.gen_adder[10].adder.get_ripple_carry_adder.adder.gen_adder[7].adder.genblk1[0].genblk1.fulladder/SN (FAx1_ASAP7_75t_R)
                                         adder.gen_adder[10].adder.get_ripple_carry_adder.adder.gen_adder[7].adder.NY (net)
                112.01    0.02 5240.03 v _25363_/B (XNOR2x1_ASAP7_75t_R)
     1    0.74   22.10   36.18 5276.21 v _25363_/Y (XNOR2x1_ASAP7_75t_R)
                                         _12960_ (net)
                 22.10    0.01 5276.22 v _25364_/A2 (AO21x1_ASAP7_75t_R)
     1    1.09   11.25   19.01 5295.23 v _25364_/Y (AO21x1_ASAP7_75t_R)
                                         _12961_ (net)
                 11.25    0.01 5295.24 v _25365_/B (XOR2x2_ASAP7_75t_R)
     3    4.32   21.47   34.88 5330.12 ^ _25365_/Y (XOR2x2_ASAP7_75t_R)
                                         _12962_ (net)
                 21.47    0.04 5330.15 ^ _25366_/B (XNOR2x2_ASAP7_75t_R)
     5    7.70   28.87   42.24 5372.39 v _25366_/Y (XNOR2x2_ASAP7_75t_R)
                                         _12963_ (net)
                 29.00    1.13 5373.53 v _25372_/B (AND2x6_ASAP7_75t_R)
     8    9.39   15.56   29.51 5403.04 v _25372_/Y (AND2x6_ASAP7_75t_R)
                                         _12968_ (net)
                 15.56    0.00 5403.04 v _25625_/C (OR3x1_ASAP7_75t_R)
     1    0.44   10.64   24.23 5427.27 v _25625_/Y (OR3x1_ASAP7_75t_R)
                                         _13201_ (net)
                 10.64    0.00 5427.27 v _25626_/B (OA211x2_ASAP7_75t_R)
     1    0.68   14.13   25.83 5453.10 v _25626_/Y (OA211x2_ASAP7_75t_R)
                                         _13202_ (net)
                 14.13    0.01 5453.12 v _25627_/B1 (OA31x2_ASAP7_75t_R)
     2    2.01   11.25   23.15 5476.27 v _25627_/Y (OA31x2_ASAP7_75t_R)
                                         _13203_ (net)
                 11.25    0.05 5476.32 v _25628_/B (AO21x1_ASAP7_75t_R)
     3    2.63   16.72   21.61 5497.92 v _25628_/Y (AO21x1_ASAP7_75t_R)
                                         _13204_ (net)
                 16.72    0.15 5498.07 v _25645_/A (OR3x4_ASAP7_75t_R)
     4    4.31   18.77   43.57 5541.65 v _25645_/Y (OR3x4_ASAP7_75t_R)
                                         _13219_ (net)
                 18.77    0.10 5541.75 v _25654_/A2 (AOI21x1_ASAP7_75t_R)
     1    1.37   24.01   12.28 5554.04 ^ _25654_/Y (AOI21x1_ASAP7_75t_R)
                                         _13228_ (net)
                 24.01    0.01 5554.05 ^ _25655_/A (INVx2_ASAP7_75t_R)
     3    3.78   15.23   11.76 5565.81 v _25655_/Y (INVx2_ASAP7_75t_R)
                                         adder.gen_adder[11].adder.get_ripple_carry_adder.adder.gen_adder[7].adder.A (net)
                 15.24    0.21 5566.02 v adder.gen_adder[11].adder.get_ripple_carry_adder.adder.gen_adder[7].adder.genblk1[0].genblk1.fulladder/A (FAx1_ASAP7_75t_R)
     3    4.48  106.37   89.35 5655.37 v adder.gen_adder[11].adder.get_ripple_carry_adder.adder.gen_adder[7].adder.genblk1[0].genblk1.fulladder/SN (FAx1_ASAP7_75t_R)
                                         adder.gen_adder[11].adder.get_ripple_carry_adder.adder.gen_adder[7].adder.NY (net)
                106.37    0.07 5655.44 v _25662_/B (XNOR2x1_ASAP7_75t_R)
     1    0.70   21.28   35.37 5690.81 v _25662_/Y (XNOR2x1_ASAP7_75t_R)
                                         _13234_ (net)
                 21.28    0.01 5690.81 v _25663_/A2 (AO21x1_ASAP7_75t_R)
     1    1.12   11.41   18.93 5709.74 v _25663_/Y (AO21x1_ASAP7_75t_R)
                                         _13235_ (net)
                 11.42    0.01 5709.75 v _25664_/B (XOR2x2_ASAP7_75t_R)
     4    6.17   28.01   37.78 5747.54 ^ _25664_/Y (XOR2x2_ASAP7_75t_R)
                                         _13236_ (net)
                 28.01    0.14 5747.67 ^ _25665_/B (XNOR2x2_ASAP7_75t_R)
    26   28.80   92.92   66.78 5814.45 v _25665_/Y (XNOR2x2_ASAP7_75t_R)
                                         _13237_ (net)
                 97.46   11.06 5825.51 v _25688_/B (NAND2x2_ASAP7_75t_R)
    35   35.43  146.99   91.95 5917.47 ^ _25688_/Y (NAND2x2_ASAP7_75t_R)
                                         _13259_ (net)
                147.70    5.83 5923.30 ^ _25907_/B (NOR2x1_ASAP7_75t_R)
     2    2.44   41.87   35.54 5958.84 v _25907_/Y (NOR2x1_ASAP7_75t_R)
                                         _13462_ (net)
                 41.87    0.01 5958.85 v _25920_/A2 (OA31x2_ASAP7_75t_R)
     1    0.81    8.04   22.38 5981.23 v _25920_/Y (OA31x2_ASAP7_75t_R)
                                         _13475_ (net)
                  8.04    0.03 5981.26 v _25921_/C (AND3x1_ASAP7_75t_R)
     3    2.62   17.29   19.10 6000.36 v _25921_/Y (AND3x1_ASAP7_75t_R)
                                         _13476_ (net)
                 17.30    0.34 6000.70 v _25923_/A (AND2x2_ASAP7_75t_R)
     1    0.66    6.08   19.78 6020.48 v _25923_/Y (AND2x2_ASAP7_75t_R)
                                         _13478_ (net)
                  6.08    0.00 6020.48 v _25926_/A2 (AO21x2_ASAP7_75t_R)
     4    4.12   15.09   21.21 6041.69 v _25926_/Y (AO21x2_ASAP7_75t_R)
                                         _13481_ (net)
                 15.09    0.06 6041.75 v _25927_/A (INVx3_ASAP7_75t_R)
     5    5.96   15.58   11.62 6053.37 ^ _25927_/Y (INVx3_ASAP7_75t_R)
                                         adder.gen_adder[12].adder.get_ripple_carry_adder.adder.gen_adder[7].adder.A (net)
                 15.59    0.23 6053.60 ^ adder.gen_adder[12].adder.get_ripple_carry_adder.adder.gen_adder[7].adder.genblk1[0].genblk1.fulladder/A (FAx1_ASAP7_75t_R)
     3    4.50  106.92   89.78 6143.38 v adder.gen_adder[12].adder.get_ripple_carry_adder.adder.gen_adder[7].adder.genblk1[0].genblk1.fulladder/SN (FAx1_ASAP7_75t_R)
                                         adder.gen_adder[12].adder.get_ripple_carry_adder.adder.gen_adder[7].adder.NY (net)
                106.92    0.07 6143.46 v _25933_/B (XNOR2x1_ASAP7_75t_R)
     1    0.65   21.13   35.31 6178.77 v _25933_/Y (XNOR2x1_ASAP7_75t_R)
                                         _13486_ (net)
                 21.13    0.00 6178.77 v _25934_/A2 (AO21x1_ASAP7_75t_R)
     1    1.05   11.42   18.72 6197.49 v _25934_/Y (AO21x1_ASAP7_75t_R)
                                         _13487_ (net)
                 11.42    0.00 6197.49 v _25935_/B (XOR2x2_ASAP7_75t_R)
     3    5.30   24.95   36.50 6233.98 ^ _25935_/Y (XOR2x2_ASAP7_75t_R)
                                         _13488_ (net)
                 24.95    0.02 6234.00 ^ _25936_/B (XNOR2x2_ASAP7_75t_R)
     6    7.94   29.67   43.09 6277.09 v _25936_/Y (XNOR2x2_ASAP7_75t_R)
                                         _13489_ (net)
                 29.72    0.70 6277.79 v _25941_/B (AND2x6_ASAP7_75t_R)
    13   13.21   18.77   31.85 6309.65 v _25941_/Y (AND2x6_ASAP7_75t_R)
                                         _13494_ (net)
                 18.80    0.33 6309.98 v _26143_/B (NAND2x1_ASAP7_75t_R)
     3    2.33   22.93   17.02 6327.00 ^ _26143_/Y (NAND2x1_ASAP7_75t_R)
                                         _13674_ (net)
                 22.93    0.01 6327.01 ^ _26145_/C (AND3x1_ASAP7_75t_R)
     1    0.60    9.72   22.00 6349.01 ^ _26145_/Y (AND3x1_ASAP7_75t_R)
                                         _13676_ (net)
                  9.72    0.00 6349.01 ^ _26146_/B1 (AO221x2_ASAP7_75t_R)
     3    3.07   16.52   25.55 6374.57 ^ _26146_/Y (AO221x2_ASAP7_75t_R)
                                         _13677_ (net)
                 16.52    0.08 6374.65 ^ _26156_/A (NAND2x1_ASAP7_75t_R)
     1    0.68    8.75    8.46 6383.11 v _26156_/Y (NAND2x1_ASAP7_75t_R)
                                         _13687_ (net)
                  8.75    0.01 6383.11 v _26163_/A2 (AO21x2_ASAP7_75t_R)
     3    3.73   16.23   21.32 6404.43 v _26163_/Y (AO21x2_ASAP7_75t_R)
                                         adder.gen_adder[13].adder.get_ripple_carry_adder.adder.gen_adder[7].adder.A (net)
                 16.24    0.25 6404.68 v adder.gen_adder[13].adder.get_ripple_carry_adder.adder.gen_adder[7].adder.genblk1[0].genblk1.fulladder/A (FAx1_ASAP7_75t_R)
     3    4.42  105.06   88.92 6493.60 v adder.gen_adder[13].adder.get_ripple_carry_adder.adder.gen_adder[7].adder.genblk1[0].genblk1.fulladder/SN (FAx1_ASAP7_75t_R)
                                         adder.gen_adder[13].adder.get_ripple_carry_adder.adder.gen_adder[7].adder.NY (net)
                105.06    0.03 6493.63 v _26167_/B (XNOR2x1_ASAP7_75t_R)
     1    0.66   20.94   35.09 6528.72 v _26167_/Y (XNOR2x1_ASAP7_75t_R)
                                         _13696_ (net)
                 20.94    0.00 6528.72 v _26168_/A2 (AO21x1_ASAP7_75t_R)
     1    1.09   11.38   18.79 6547.51 v _26168_/Y (AO21x1_ASAP7_75t_R)
                                         _13697_ (net)
                 11.38    0.01 6547.52 v _26169_/B (XOR2x2_ASAP7_75t_R)
     4    6.69   30.13   38.41 6585.92 ^ _26169_/Y (XOR2x2_ASAP7_75t_R)
                                         _13698_ (net)
                 30.14    0.21 6586.13 ^ _26170_/B (XNOR2x2_ASAP7_75t_R)
    12   14.45   47.72   52.88 6639.01 v _26170_/Y (XNOR2x2_ASAP7_75t_R)
                                         _13699_ (net)
                 47.84    1.39 6640.40 v _26218_/C (AND3x4_ASAP7_75t_R)
    12   11.30   25.71   44.73 6685.13 v _26218_/Y (AND3x4_ASAP7_75t_R)
                                         _13745_ (net)
                 25.72    0.23 6685.36 v _26404_/C2 (AO222x2_ASAP7_75t_R)
     1    1.10   12.93   33.95 6719.31 v _26404_/Y (AO222x2_ASAP7_75t_R)
                                         _13916_ (net)
                 12.93    0.00 6719.31 v _26405_/B (NOR2x1_ASAP7_75t_R)
     1    0.53    9.61    8.41 6727.72 ^ _26405_/Y (NOR2x1_ASAP7_75t_R)
                                         _13917_ (net)
                  9.61    0.00 6727.72 ^ _26410_/A (AND2x2_ASAP7_75t_R)
     2    2.26   12.59   19.28 6747.00 ^ _26410_/Y (AND2x2_ASAP7_75t_R)
                                         _13922_ (net)
                 12.60    0.21 6747.21 ^ _26411_/B (AND2x2_ASAP7_75t_R)
     1    0.67    7.30   17.36 6764.56 ^ _26411_/Y (AND2x2_ASAP7_75t_R)
                                         _13923_ (net)
                  7.30    0.01 6764.57 ^ _26414_/A1 (AO21x1_ASAP7_75t_R)
     2    1.86   14.40   16.15 6780.72 ^ _26414_/Y (AO21x1_ASAP7_75t_R)
                                         _13926_ (net)
                 14.40    0.04 6780.76 ^ _26415_/A (INVx1_ASAP7_75t_R)
     2    2.88   17.50   12.60 6793.36 v _26415_/Y (INVx1_ASAP7_75t_R)
                                         adder.gen_adder[14].adder.get_ripple_carry_adder.adder.gen_adder[7].adder.A (net)
                 17.51    0.19 6793.55 v adder.gen_adder[14].adder.get_ripple_carry_adder.adder.gen_adder[7].adder.genblk1[0].genblk1.fulladder/A (FAx1_ASAP7_75t_R)
     3    4.15   98.81   85.39 6878.94 v adder.gen_adder[14].adder.get_ripple_carry_adder.adder.gen_adder[7].adder.genblk1[0].genblk1.fulladder/SN (FAx1_ASAP7_75t_R)
                                         adder.gen_adder[14].adder.get_ripple_carry_adder.adder.gen_adder[7].adder.NY (net)
                 98.81    0.03 6878.96 v _26440_/B (XNOR2x1_ASAP7_75t_R)
     1    0.65   20.25   34.32 6913.28 v _26440_/Y (XNOR2x1_ASAP7_75t_R)
                                         _13950_ (net)
                 20.25    0.00 6913.28 v _26441_/A2 (AO21x1_ASAP7_75t_R)
     1    1.08   11.39   18.64 6931.93 v _26441_/Y (AO21x1_ASAP7_75t_R)
                                         _13951_ (net)
                 11.39    0.01 6931.94 v _26442_/B (XOR2x2_ASAP7_75t_R)
     3    5.81   26.68   37.16 6969.09 ^ _26442_/Y (XOR2x2_ASAP7_75t_R)
                                         _13952_ (net)
                 26.70    0.41 6969.50 ^ _26443_/B (XNOR2x2_ASAP7_75t_R)
     3    4.89   20.43   39.52 7009.03 v _26443_/Y (XNOR2x2_ASAP7_75t_R)
                                         _13953_ (net)
                 20.46    0.39 7009.42 v _26448_/B (AND2x4_ASAP7_75t_R)
     9    7.25   14.65   23.96 7033.37 v _26448_/Y (AND2x4_ASAP7_75t_R)
                                         _13958_ (net)
                 14.66    0.18 7033.56 v _26621_/B (OR2x2_ASAP7_75t_R)
     2    2.51   12.45   23.94 7057.50 v _26621_/Y (OR2x2_ASAP7_75t_R)
                                         _14112_ (net)
                 12.45    0.01 7057.51 v _26623_/B (AOI21x1_ASAP7_75t_R)
     1    0.55   12.61    9.14 7066.65 ^ _26623_/Y (AOI21x1_ASAP7_75t_R)
                                         _14114_ (net)
                 12.61    0.01 7066.65 ^ _26624_/B1 (AO32x1_ASAP7_75t_R)
     2    1.34   14.38   21.41 7088.06 ^ _26624_/Y (AO32x1_ASAP7_75t_R)
                                         _14115_ (net)
                 14.39    0.04 7088.10 ^ _26625_/B (OR2x2_ASAP7_75t_R)
     2    1.29    8.41   17.94 7106.04 ^ _26625_/Y (OR2x2_ASAP7_75t_R)
                                         _14116_ (net)
                  8.41    0.01 7106.05 ^ _26642_/A2 (AO21x2_ASAP7_75t_R)
     2    3.33   15.25   19.23 7125.28 ^ _26642_/Y (AO21x2_ASAP7_75t_R)
                                         adder.gen_adder[15].adder.get_ripple_carry_adder.adder.gen_adder[7].adder.A (net)
                 15.26    0.19 7125.47 ^ adder.gen_adder[15].adder.get_ripple_carry_adder.adder.gen_adder[7].adder.genblk1[0].genblk1.fulladder/A (FAx1_ASAP7_75t_R)
     2    5.24   65.56   35.58 7161.05 v adder.gen_adder[15].adder.get_ripple_carry_adder.adder.gen_adder[7].adder.genblk1[0].genblk1.fulladder/CON (FAx1_ASAP7_75t_R)
                                         adder.gen_adder[15].adder.get_ripple_carry_adder.adder.gen_adder[7].adder.NX (net)
     3    3.51   87.08   42.10 7203.14 ^ adder.gen_adder[15].adder.get_ripple_carry_adder.adder.gen_adder[7].adder.genblk1[0].genblk1.fulladder/SN (FAx1_ASAP7_75t_R)
                                         adder.gen_adder[15].adder.get_ripple_carry_adder.adder.gen_adder[7].adder.NY (net)
                 87.08    0.00 7203.15 ^ _78602_/A (XNOR2x1_ASAP7_75t_R)
     1    0.69   25.74   32.24 7235.38 ^ _78602_/Y (XNOR2x1_ASAP7_75t_R)
                                         _06101_ (net)
                 25.74    0.01 7235.39 ^ _78603_/A2 (AO21x2_ASAP7_75t_R)
     2    5.10   22.44   25.42 7260.81 ^ _78603_/Y (AO21x2_ASAP7_75t_R)
                                         _06102_ (net)
                 23.02    1.97 7262.77 ^ _78604_/B (XNOR2x2_ASAP7_75t_R)
     5    4.81   20.42   38.56 7301.33 v _78604_/Y (XNOR2x2_ASAP7_75t_R)
                                         _06103_ (net)
                 20.45    0.46 7301.80 v _78605_/B (XNOR2x2_ASAP7_75t_R)
    52   57.45  223.65   97.67 7399.47 ^ _78605_/Y (XNOR2x2_ASAP7_75t_R)
                                         _06104_ (net)
                239.37   31.59 7431.06 ^ _78616_/B (NAND2x2_ASAP7_75t_R)
    82   77.09  264.06  155.29 7586.34 v _78616_/Y (NAND2x2_ASAP7_75t_R)
                                         _06115_ (net)
                265.05    9.60 7595.95 v _79734_/B (AND2x6_ASAP7_75t_R)
     6    8.34   21.75   68.42 7664.37 v _79734_/Y (AND2x6_ASAP7_75t_R)
                                         _07211_ (net)
                 21.75    0.04 7664.41 v _79736_/B (OR3x4_ASAP7_75t_R)
     8    7.17   23.32   49.47 7713.88 v _79736_/Y (OR3x4_ASAP7_75t_R)
                                         _07213_ (net)
                 23.34    0.40 7714.28 v _80103_/A (OR2x2_ASAP7_75t_R)
     4    3.39   14.92   27.55 7741.82 v _80103_/Y (OR2x2_ASAP7_75t_R)
                                         _07569_ (net)
                 14.93    0.20 7742.02 v _80272_/B (AO21x2_ASAP7_75t_R)
    10    8.48   28.98   30.26 7772.28 v _80272_/Y (AO21x2_ASAP7_75t_R)
                                         _07732_ (net)
                 28.99    0.25 7772.52 v _80371_/B (AND2x2_ASAP7_75t_R)
     1    0.58    6.31   22.26 7794.78 v _80371_/Y (AND2x2_ASAP7_75t_R)
                                         _07828_ (net)
                  6.31    0.00 7794.78 v _80375_/B1 (AO221x1_ASAP7_75t_R)
     2    1.82   14.61   22.88 7817.66 v _80375_/Y (AO221x1_ASAP7_75t_R)
                                         _07832_ (net)
                 14.62    0.19 7817.84 v _80388_/B (OR5x1_ASAP7_75t_R)
     1    0.68   12.67   34.98 7852.82 v _80388_/Y (OR5x1_ASAP7_75t_R)
                                         _07845_ (net)
                 12.67    0.00 7852.82 v _80389_/B3 (OA33x2_ASAP7_75t_R)
     1    1.79   13.04   27.64 7880.46 v _80389_/Y (OA33x2_ASAP7_75t_R)
                                         net408 (net)
                 13.06    0.27 7880.73 v output408/A (BUFx2_ASAP7_75t_R)
     1    0.02    3.76   13.81 7894.54 v output408/Y (BUFx2_ASAP7_75t_R)
                                         result[139] (net)
                  3.76    0.00 7894.54 v result[139] (out)
                               7894.54   data arrival time

                  0.00 5000.00 5000.00   clock clk (rise edge)
                          0.00 5000.00   clock network delay (ideal)
                          0.00 5000.00   clock reconvergence pessimism
                       -1000.00 4000.00   output external delay
                               4000.00   data required time
-----------------------------------------------------------------------------
                               4000.00   data required time
                               -7894.54   data arrival time
-----------------------------------------------------------------------------
                               -3894.54   slack (VIOLATED)



==========================================================================
resizer report_check_types -max_slew -max_cap -max_fanout -violators
--------------------------------------------------------------------------
max slew

Pin                                    Limit    Slew   Slack
------------------------------------------------------------
_81245_/A2                            320.00  321.42   -1.42 (VIOLATED)
_81244_/B                             320.00  321.42   -1.42 (VIOLATED)
_81438_/A2                            320.00  321.35   -1.35 (VIOLATED)
_81415_/B                             320.00  321.33   -1.33 (VIOLATED)
_81581_/B                             320.00  321.19   -1.19 (VIOLATED)
_81750_/A2                            320.00  321.03   -1.03 (VIOLATED)
_81892_/B                             320.00  320.90   -0.90 (VIOLATED)
_81910_/B                             320.00  320.88   -0.88 (VIOLATED)
_82048_/A2                            320.00  320.78   -0.78 (VIOLATED)
_81035_/B                             320.00  320.73   -0.73 (VIOLATED)
_81036_/A2                            320.00  320.73   -0.73 (VIOLATED)
_81067_/A2                            320.00  320.66   -0.66 (VIOLATED)
_81315_/B                             320.00  320.56   -0.56 (VIOLATED)
_81791_/B                             320.00  320.53   -0.53 (VIOLATED)
_81503_/A2                            320.00  320.51   -0.51 (VIOLATED)
_81820_/A2                            320.00  320.48   -0.48 (VIOLATED)
_81819_/B                             320.00  320.47   -0.47 (VIOLATED)
_81454_/B                             320.00  320.46   -0.46 (VIOLATED)
_81157_/A2                            320.00  320.42   -0.42 (VIOLATED)
_81086_/B                             320.00  320.30   -0.30 (VIOLATED)
_81087_/A2                            320.00  320.30   -0.30 (VIOLATED)
_81147_/A2                            320.00  320.26   -0.26 (VIOLATED)
_81367_/A2                            320.00  320.19   -0.19 (VIOLATED)
_81366_/B                             320.00  320.19   -0.19 (VIOLATED)
_81533_/B                             320.00  320.16   -0.16 (VIOLATED)
_81389_/A2                            320.00  320.11   -0.11 (VIOLATED)


==========================================================================
resizer max_slew_check_slack
--------------------------------------------------------------------------
-1.420252799987793

==========================================================================
resizer max_slew_check_limit
--------------------------------------------------------------------------
320.0

==========================================================================
resizer max_slew_check_slack_limit
--------------------------------------------------------------------------
-0.0044

==========================================================================
resizer max_fanout_check_slack
--------------------------------------------------------------------------
1.0000000150474662e+30

==========================================================================
resizer max_fanout_check_limit
--------------------------------------------------------------------------
1.0000000150474662e+30

==========================================================================
resizer max_capacitance_check_slack
--------------------------------------------------------------------------
4.290123462677002

==========================================================================
resizer max_capacitance_check_limit
--------------------------------------------------------------------------
23.040000915527344

==========================================================================
resizer max_capacitance_check_slack_limit
--------------------------------------------------------------------------
0.1862

==========================================================================
resizer max_slew_violation_count
--------------------------------------------------------------------------
max slew violation count 26

==========================================================================
resizer max_fanout_violation_count
--------------------------------------------------------------------------
max fanout violation count 0

==========================================================================
resizer max_cap_violation_count
--------------------------------------------------------------------------
max cap violation count 0

==========================================================================
resizer setup_violation_count
--------------------------------------------------------------------------
setup violation count 153

==========================================================================
resizer hold_violation_count
--------------------------------------------------------------------------
hold violation count 0

==========================================================================
resizer critical path delay
--------------------------------------------------------------------------
7894.5410

==========================================================================
resizer critical path slack
--------------------------------------------------------------------------
-3894.5413

==========================================================================
resizer slack div critical path delay
--------------------------------------------------------------------------
-49.332080

==========================================================================
resizer report_power
--------------------------------------------------------------------------
Group                  Internal  Switching    Leakage      Total
                          Power      Power      Power      Power (Watts)
----------------------------------------------------------------
Sequential             0.00e+00   0.00e+00   0.00e+00   0.00e+00   0.0%
Combinational          7.79e-03   1.26e-02   6.22e-06   2.04e-02 100.0%
Clock                  0.00e+00   0.00e+00   0.00e+00   0.00e+00   0.0%
Macro                  0.00e+00   0.00e+00   0.00e+00   0.00e+00   0.0%
Pad                    0.00e+00   0.00e+00   0.00e+00   0.00e+00   0.0%
----------------------------------------------------------------
Total                  7.79e-03   1.26e-02   6.22e-06   2.04e-02 100.0%
                          38.2%      61.8%       0.0%
