
==========================================================================
resizer report_tns
--------------------------------------------------------------------------
tns -379851.72

==========================================================================
resizer report_wns
--------------------------------------------------------------------------
wns -3100.58

==========================================================================
resizer report_worst_slack
--------------------------------------------------------------------------
worst slack -3100.58

==========================================================================
resizer report_checks -path_delay min
--------------------------------------------------------------------------
Startpoint: is_v2i_exe (input port clocked by clk)
Endpoint: alu_result_exe[0] (output port clocked by clk)
Path Group: clk
Path Type: min

Fanout     Cap    Slew   Delay    Time   Description
-----------------------------------------------------------------------------
                  0.00    0.00    0.00   clock clk (rise edge)
                          0.00    0.00   clock network delay (ideal)
                       1000.00 1000.00 v input external delay
     1    1.09    0.00    0.00 1000.00 v is_v2i_exe (in)
                                         is_v2i_exe (net)
                  0.02    0.01 1000.01 v input65/A (BUFx6f_ASAP7_75t_R)
     8   10.81   14.62   12.19 1012.20 v input65/Y (BUFx6f_ASAP7_75t_R)
                                         net65 (net)
                 19.22    4.26 1016.46 v _162362_/B (AOI21x1_ASAP7_75t_R)
     1    0.38    8.58    7.18 1023.64 ^ _162362_/Y (AOI21x1_ASAP7_75t_R)
                                         _156067_ (net)
                  8.58    0.00 1023.64 ^ _162367_/A2 (AO21x1_ASAP7_75t_R)
     1    1.10    9.50   14.55 1038.19 ^ _162367_/Y (AO21x1_ASAP7_75t_R)
                                         net688 (net)
                  9.50    0.09 1038.28 ^ output688/A (BUFx2_ASAP7_75t_R)
     1    0.02    3.62   11.95 1050.23 ^ output688/Y (BUFx2_ASAP7_75t_R)
                                         alu_result_exe[0] (net)
                  3.62    0.00 1050.23 ^ alu_result_exe[0] (out)
                               1050.23   data arrival time

                  0.00    0.00    0.00   clock clk (rise edge)
                          0.00    0.00   clock network delay (ideal)
                          0.00    0.00   clock reconvergence pessimism
                       -1000.00 -1000.00   output external delay
                               -1000.00   data required time
-----------------------------------------------------------------------------
                               -1000.00   data required time
                               -1050.23   data arrival time
-----------------------------------------------------------------------------
                               2050.23   slack (MET)



==========================================================================
resizer report_checks -path_delay max
--------------------------------------------------------------------------
Startpoint: vtype_exe[4] (input port clocked by clk)
Endpoint: alu_result_exe[140] (output port clocked by clk)
Path Group: clk
Path Type: max

Fanout     Cap    Slew   Delay    Time   Description
-----------------------------------------------------------------------------
                  0.00    0.00    0.00   clock clk (rise edge)
                          0.00    0.00   clock network delay (ideal)
                       1000.00 1000.00 ^ input external delay
     1    2.64    0.00    0.00 1000.00 ^ vtype_exe[4] (in)
                                         vtype_exe[4] (net)
                  0.05    0.01 1000.01 ^ input686/A (BUFx16f_ASAP7_75t_R)
    10   39.93   10.30   12.72 1012.74 ^ input686/Y (BUFx16f_ASAP7_75t_R)
                                         net686 (net)
                 17.68    3.30 1016.04 ^ load_slew3890/A (BUFx16f_ASAP7_75t_R)
    51   45.80   28.51   20.27 1036.31 ^ load_slew3890/Y (BUFx16f_ASAP7_75t_R)
                                         net3890 (net)
                 48.56   13.22 1049.53 ^ load_slew3888/A (BUFx16f_ASAP7_75t_R)
    76   68.51   34.71   25.43 1074.96 ^ load_slew3888/Y (BUFx16f_ASAP7_75t_R)
                                         net3888 (net)
                104.93   31.66 1106.62 ^ load_slew3887/A (BUFx16f_ASAP7_75t_R)
    73   67.35   39.63   35.66 1142.27 ^ load_slew3887/Y (BUFx16f_ASAP7_75t_R)
                                         net3887 (net)
                 63.81   15.96 1158.23 ^ _162472_/B (AND2x6_ASAP7_75t_R)
    10   24.08   38.10   40.73 1198.96 ^ _162472_/Y (AND2x6_ASAP7_75t_R)
                                         _005994_ (net)
                 52.14   11.91 1210.88 ^ _164275_/B (AND2x6_ASAP7_75t_R)
    32   44.84   63.24   46.31 1257.19 ^ _164275_/Y (AND2x6_ASAP7_75t_R)
                                         _083574_ (net)
                 72.46   11.98 1269.17 ^ max_length3771/A (BUFx16f_ASAP7_75t_R)
    40   35.95   24.10   28.08 1297.26 ^ max_length3771/Y (BUFx16f_ASAP7_75t_R)
                                         net3771 (net)
                 54.33   15.79 1313.04 ^ _164277_/A1 (AO21x2_ASAP7_75t_R)
    25   19.64   65.28   46.83 1359.88 ^ _164277_/Y (AO21x2_ASAP7_75t_R)
                                         _083596_ (net)
                 65.30    0.72 1360.60 ^ _164417_/B (AND2x6_ASAP7_75t_R)
    34   26.89   39.25   46.68 1407.28 ^ _164417_/Y (AND2x6_ASAP7_75t_R)
                                         _085136_ (net)
                 39.26    0.34 1407.62 ^ _165922_/B (OA21x2_ASAP7_75t_R)
     3    1.63    9.73   21.95 1429.57 ^ _165922_/Y (OA21x2_ASAP7_75t_R)
                                         _101691_ (net)
                  9.73    0.01 1429.58 ^ _165924_/C (OR4x1_ASAP7_75t_R)
     3    2.04   17.16   18.13 1447.71 ^ _165924_/Y (OR4x1_ASAP7_75t_R)
                                         _101713_ (net)
                 17.16    0.04 1447.75 ^ _169617_/A2 (OA21x2_ASAP7_75t_R)
     3    6.01   26.00   24.74 1472.49 ^ _169617_/Y (OA21x2_ASAP7_75t_R)
                                         _142336_ (net)
                 27.03    2.75 1475.24 ^ _169627_/A2 (AOI211x1_ASAP7_75t_R)
    11   12.58  125.63   64.94 1540.18 v _169627_/Y (AOI211x1_ASAP7_75t_R)
                                         _142446_ (net)
                125.65    1.03 1541.20 v _170117_/A1 (OAI21x1_ASAP7_75t_R)
    16   19.03  137.74   90.85 1632.05 ^ _170117_/Y (OAI21x1_ASAP7_75t_R)
                                         _147842_ (net)
                137.80    1.58 1633.63 ^ _170123_/A (XNOR2x2_ASAP7_75t_R)
    16   14.63   49.61   67.03 1700.66 v _170123_/Y (XNOR2x2_ASAP7_75t_R)
                                         _147909_ (net)
                 49.61    0.22 1700.88 v _170146_/A (OR3x4_ASAP7_75t_R)
     6    6.56   22.67   56.13 1757.01 v _170146_/Y (OR3x4_ASAP7_75t_R)
                                         _148164_ (net)
                 22.67    0.01 1757.02 v _170159_/C (OR5x2_ASAP7_75t_R)
     3    3.08   21.61   52.56 1809.58 v _170159_/Y (OR5x2_ASAP7_75t_R)
                                         _148309_ (net)
                 21.62    0.21 1809.79 v _170164_/A2 (AO211x2_ASAP7_75t_R)
    24   22.66   66.10   44.38 1854.17 v _170164_/Y (AO211x2_ASAP7_75t_R)
                                         _148364_ (net)
                 68.43    6.75 1860.93 v _170175_/C (OR5x2_ASAP7_75t_R)
     3    3.54   24.02   61.67 1922.60 v _170175_/Y (OR5x2_ASAP7_75t_R)
                                         _148486_ (net)
                 24.06    0.51 1923.11 v _170181_/A2 (AO211x2_ASAP7_75t_R)
    20   22.68   65.92   45.00 1968.10 v _170181_/Y (AO211x2_ASAP7_75t_R)
                                         _148553_ (net)
                 65.93    0.17 1968.28 v _170188_/B (OR5x2_ASAP7_75t_R)
    16   12.58   50.13   77.80 2046.08 v _170188_/Y (OR5x2_ASAP7_75t_R)
                                         _148631_ (net)
                 50.16    0.62 2046.70 v _170195_/A1 (OA21x2_ASAP7_75t_R)
    53   48.24  135.62   77.44 2124.14 v _170195_/Y (OA21x2_ASAP7_75t_R)
                                         _148708_ (net)
                136.49    6.40 2130.54 v _170208_/C (OR5x2_ASAP7_75t_R)
    16   17.85   69.56   95.75 2226.29 v _170208_/Y (OR5x2_ASAP7_75t_R)
                                         _148853_ (net)
                 70.21    3.71 2229.99 v _170213_/A1 (OA21x2_ASAP7_75t_R)
     9    6.72   22.71   35.82 2265.82 v _170213_/Y (OA21x2_ASAP7_75t_R)
                                         _148908_ (net)
                 22.73    0.29 2266.11 v _170220_/D (OR5x2_ASAP7_75t_R)
    23   23.81   85.20   85.76 2351.87 v _170220_/Y (OR5x2_ASAP7_75t_R)
                                         _148986_ (net)
                 85.23    0.98 2352.85 v _170225_/C (OR5x2_ASAP7_75t_R)
     8    7.35   36.84   71.89 2424.74 v _170225_/Y (OR5x2_ASAP7_75t_R)
                                         _149041_ (net)
                 37.06    1.58 2426.33 v _170236_/A2 (AO211x2_ASAP7_75t_R)
    12   12.80   40.17   35.32 2461.65 v _170236_/Y (AO211x2_ASAP7_75t_R)
                                         _149163_ (net)
                 41.64    4.19 2465.83 v _170240_/D (OR5x2_ASAP7_75t_R)
    11   13.10   53.03   75.41 2541.25 v _170240_/Y (OR5x2_ASAP7_75t_R)
                                         _149208_ (net)
                 53.22    1.76 2543.01 v _170357_/A2 (AOI21x1_ASAP7_75t_R)
     9    9.00   64.80   39.69 2582.70 ^ _170357_/Y (AOI21x1_ASAP7_75t_R)
                                         _150506_ (net)
                 64.80    0.02 2582.71 ^ max_cap1947/A (BUFx10_ASAP7_75t_R)
    18   16.95   18.88   31.12 2613.83 ^ max_cap1947/Y (BUFx10_ASAP7_75t_R)
                                         net1947 (net)
                 21.24    3.46 2617.29 ^ _170359_/A1 (AO21x2_ASAP7_75t_R)
    59   64.23  211.12   95.98 2713.28 ^ _170359_/Y (AO21x2_ASAP7_75t_R)
                                         _150529_ (net)
                213.27   12.14 2725.41 ^ _170363_/B (AND5x2_ASAP7_75t_R)
    16   19.15   80.35   84.72 2810.14 ^ _170363_/Y (AND5x2_ASAP7_75t_R)
                                         _150573_ (net)
                 81.34    4.96 2815.09 ^ _170365_/A1 (AO21x2_ASAP7_75t_R)
    35   38.63  130.41   69.40 2884.49 ^ _170365_/Y (AO21x2_ASAP7_75t_R)
                                         _150595_ (net)
                130.41    0.01 2884.50 ^ load_slew1578/A (BUFx16f_ASAP7_75t_R)
    43   42.01   29.34   38.06 2922.56 ^ load_slew1578/Y (BUFx16f_ASAP7_75t_R)
                                         net1578 (net)
                 31.81    4.41 2926.96 ^ load_slew1576/A (BUFx16f_ASAP7_75t_R)
    27   34.74   19.86   21.73 2948.69 ^ load_slew1576/Y (BUFx16f_ASAP7_75t_R)
                                         net1576 (net)
                 62.03   18.87 2967.56 ^ _170368_/A1 (AO31x2_ASAP7_75t_R)
    70   76.38  249.92  120.03 3087.59 ^ _170368_/Y (AO31x2_ASAP7_75t_R)
                                         _150629_ (net)
                253.74   17.25 3104.84 ^ _170404_/A1 (AO32x2_ASAP7_75t_R)
    41   49.27  167.25  107.95 3212.80 ^ _170404_/Y (AO32x2_ASAP7_75t_R)
                                         _151028_ (net)
                181.10   25.50 3238.29 ^ _181355_/A1 (AO31x2_ASAP7_75t_R)
    71   73.24  240.08  127.06 3365.36 ^ _181355_/Y (AO31x2_ASAP7_75t_R)
                                         _074078_ (net)
                240.40    5.47 3370.82 ^ _181377_/A (AND4x2_ASAP7_75t_R)
    13    9.12   44.98   81.18 3452.01 ^ _181377_/Y (AND4x2_ASAP7_75t_R)
                                         _074102_ (net)
                 45.06    0.99 3453.00 ^ _181394_/A2 (OA211x2_ASAP7_75t_R)
    62   73.84  245.61  113.85 3566.84 ^ _181394_/Y (OA211x2_ASAP7_75t_R)
                                         _074121_ (net)
                249.33   17.20 3584.04 ^ _181405_/A1 (AO21x2_ASAP7_75t_R)
    65   59.43  192.86  108.07 3692.11 ^ _181405_/Y (AO21x2_ASAP7_75t_R)
                                         _074133_ (net)
                194.03    8.61 3700.72 ^ _220947_/A1 (AO21x2_ASAP7_75t_R)
    34   31.71  104.95   70.33 3771.05 ^ _220947_/Y (AO21x2_ASAP7_75t_R)
                                         _117629_ (net)
                105.56    4.60 3775.66 ^ _221757_/A1 (AO21x2_ASAP7_75t_R)
    47   65.12  218.57   94.92 3870.57 ^ _221757_/Y (AO21x2_ASAP7_75t_R)
                                         _118520_ (net)
                260.02   49.38 3919.95 ^ _221782_/B (NAND2x2_ASAP7_75t_R)
    29   28.02  133.16   92.02 4011.97 v _221782_/Y (NAND2x2_ASAP7_75t_R)
                                         _118548_ (net)
                133.21    1.56 4013.54 v load_slew905/A (BUFx16f_ASAP7_75t_R)
    37   36.39   19.89   39.80 4053.34 v load_slew905/Y (BUFx16f_ASAP7_75t_R)
                                         net905 (net)
                 47.34   12.43 4065.76 v max_length904/A (BUFx16f_ASAP7_75t_R)
    33   31.69   14.34   26.95 4092.72 v max_length904/Y (BUFx16f_ASAP7_75t_R)
                                         net904 (net)
                 57.42   17.28 4110.00 v load_slew903/A (BUFx16f_ASAP7_75t_R)
    44   36.09   22.43   29.69 4139.69 v load_slew903/Y (BUFx16f_ASAP7_75t_R)
                                         net903 (net)
                 46.00   13.00 4152.69 v _241709_/A1 (AO21x1_ASAP7_75t_R)
     2    1.23   10.41   25.33 4178.01 v _241709_/Y (AO21x1_ASAP7_75t_R)
                                         _140468_ (net)
                 10.41    0.01 4178.02 v _241840_/C (AND4x1_ASAP7_75t_R)
     2    1.86   13.23   18.27 4196.29 v _241840_/Y (AND4x1_ASAP7_75t_R)
                                         _140612_ (net)
                 13.23    0.04 4196.33 v _241853_/A2 (OA21x2_ASAP7_75t_R)
     2    1.29    7.67   18.99 4215.32 v _241853_/Y (OA21x2_ASAP7_75t_R)
                                         _140626_ (net)
                  7.67    0.04 4215.36 v _241888_/C (OR4x1_ASAP7_75t_R)
     2    1.57   16.44   34.19 4249.55 v _241888_/Y (OR4x1_ASAP7_75t_R)
                                         _140665_ (net)
                 16.44    0.03 4249.58 v _241891_/A2 (AO221x2_ASAP7_75t_R)
    10    8.28   28.73   38.71 4288.30 v _241891_/Y (AO221x2_ASAP7_75t_R)
                                         _140668_ (net)
                 28.79    0.80 4289.10 v _241978_/B (XNOR2x1_ASAP7_75t_R)
     1    0.92   13.21   22.69 4311.79 v _241978_/Y (XNOR2x1_ASAP7_75t_R)
                                         _140764_ (net)
                 13.21    0.00 4311.80 v _241979_/B (XNOR2x2_ASAP7_75t_R)
     2    2.93   15.51   28.68 4340.48 ^ _241979_/Y (XNOR2x2_ASAP7_75t_R)
                                         _140765_ (net)
                 15.52    0.14 4340.62 ^ _242128_/B (XOR2x1_ASAP7_75t_R)
     2    2.58   24.97   23.92 4364.54 ^ _242128_/Y (XOR2x1_ASAP7_75t_R)
                                         _140929_ (net)
                 24.97    0.08 4364.62 ^ _242235_/D (AND4x2_ASAP7_75t_R)
     5    5.50   28.76   42.67 4407.28 ^ _242235_/Y (AND4x2_ASAP7_75t_R)
                                         _141046_ (net)
                 28.77    0.17 4407.45 ^ _242236_/C (AOI221x1_ASAP7_75t_R)
     4    5.19   58.34   31.11 4438.55 v _242236_/Y (AOI221x1_ASAP7_75t_R)
                                         _141047_ (net)
                 58.35    0.59 4439.14 v _242239_/B (MAJx2_ASAP7_75t_R)
     1    1.08    9.76   37.73 4476.87 v _242239_/Y (MAJx2_ASAP7_75t_R)
                                         _141051_ (net)
                  9.76    0.00 4476.87 v _242275_/A (XNOR2x2_ASAP7_75t_R)
     2    3.23   16.59   28.36 4505.23 ^ _242275_/Y (XNOR2x2_ASAP7_75t_R)
                                         _141090_ (net)
                 16.64    0.48 4505.71 ^ _243005_/A (XNOR2x1_ASAP7_75t_R)
     1    1.03   15.25   20.41 4526.12 ^ _243005_/Y (XNOR2x1_ASAP7_75t_R)
                                         _141893_ (net)
                 15.25    0.00 4526.13 ^ _243006_/B (XNOR2x2_ASAP7_75t_R)
    11   13.02   44.75   47.05 4573.17 v _243006_/Y (XNOR2x2_ASAP7_75t_R)
                                         _141894_ (net)
                 45.82    3.84 4577.02 v _243038_/B (NAND2x2_ASAP7_75t_R)
     5    5.29   30.29   26.34 4603.35 ^ _243038_/Y (NAND2x2_ASAP7_75t_R)
                                         _141930_ (net)
                 30.29    0.03 4603.38 ^ _243395_/A (XNOR2x1_ASAP7_75t_R)
     2    2.16   24.68   26.16 4629.55 ^ _243395_/Y (XNOR2x1_ASAP7_75t_R)
                                         _142322_ (net)
                 24.68    0.04 4629.58 ^ _243415_/B (XNOR2x2_ASAP7_75t_R)
     5    5.62   21.69   40.49 4670.08 v _243415_/Y (XNOR2x2_ASAP7_75t_R)
                                         _142344_ (net)
                 21.70    0.25 4670.33 v _243422_/B (XOR2x1_ASAP7_75t_R)
     1    1.07   14.74   24.41 4694.74 v _243422_/Y (XOR2x1_ASAP7_75t_R)
                                         _142352_ (net)
                 14.74    0.00 4694.74 v _243423_/B (NAND2x1_ASAP7_75t_R)
     1    0.69   13.82    9.94 4704.68 ^ _243423_/Y (NAND2x1_ASAP7_75t_R)
                                         _142353_ (net)
                 13.82    0.01 4704.69 ^ _243424_/B (OA21x2_ASAP7_75t_R)
     1    0.55    6.78   16.24 4720.93 ^ _243424_/Y (OA21x2_ASAP7_75t_R)
                                         _142354_ (net)
                  6.78    0.01 4720.94 ^ _243624_/B1 (AO32x2_ASAP7_75t_R)
     7    6.09   25.17   30.03 4750.97 ^ _243624_/Y (AO32x2_ASAP7_75t_R)
                                         _142574_ (net)
                 25.17    0.28 4751.24 ^ _243703_/B (OR2x2_ASAP7_75t_R)
     2    1.39    9.16   21.15 4772.40 ^ _243703_/Y (OR2x2_ASAP7_75t_R)
                                         _142661_ (net)
                  9.16    0.02 4772.42 ^ _243704_/C (OA211x2_ASAP7_75t_R)
     1    0.66    7.92   19.27 4791.69 ^ _243704_/Y (OA211x2_ASAP7_75t_R)
                                         _142662_ (net)
                  7.92    0.00 4791.69 ^ _243705_/B (AO21x1_ASAP7_75t_R)
     1    1.08   10.02   12.26 4803.95 ^ _243705_/Y (AO21x1_ASAP7_75t_R)
                                         _142663_ (net)
                 10.02    0.01 4803.96 ^ _243707_/A (XNOR2x2_ASAP7_75t_R)
     3    4.50   18.97   35.38 4839.34 v _243707_/Y (XNOR2x2_ASAP7_75t_R)
                                         _142665_ (net)
                 18.98    0.27 4839.60 v _246008_/A (OR3x2_ASAP7_75t_R)
     3    2.98   16.39   34.12 4873.73 v _246008_/Y (OR3x2_ASAP7_75t_R)
                                         _145197_ (net)
                 16.39    0.03 4873.76 v _246011_/A (XNOR2x2_ASAP7_75t_R)
     4    4.48   19.21   30.72 4904.48 v _246011_/Y (XNOR2x2_ASAP7_75t_R)
                                         _145200_ (net)
                 19.28    0.65 4905.12 v _246099_/B (OR2x2_ASAP7_75t_R)
     4    2.26   11.99   24.97 4930.10 v _246099_/Y (OR2x2_ASAP7_75t_R)
                                         _145297_ (net)
                 11.99    0.01 4930.11 v _246101_/B (OA211x2_ASAP7_75t_R)
     4    3.92   17.88   32.15 4962.26 v _246101_/Y (OA211x2_ASAP7_75t_R)
                                         _145299_ (net)
                 17.90    0.27 4962.52 v _247267_/B (OR2x2_ASAP7_75t_R)
     1    0.65    6.97   21.46 4983.98 v _247267_/Y (OR2x2_ASAP7_75t_R)
                                         _146581_ (net)
                  6.97    0.00 4983.98 v _247268_/A (MAJx2_ASAP7_75t_R)
     1    1.05    9.91   21.61 5005.59 v _247268_/Y (MAJx2_ASAP7_75t_R)
                                         _146583_ (net)
                  9.91    0.00 5005.59 v _247269_/B (XOR2x2_ASAP7_75t_R)
     4    5.15   23.62   35.82 5041.41 ^ _247269_/Y (XOR2x2_ASAP7_75t_R)
                                         _146584_ (net)
                 23.68    0.66 5042.07 ^ _247270_/B (XNOR2x2_ASAP7_75t_R)
     7    7.11   25.97   42.42 5084.49 v _247270_/Y (XNOR2x2_ASAP7_75t_R)
                                         _146585_ (net)
                 25.99    0.43 5084.92 v _247282_/C (OR4x2_ASAP7_75t_R)
     4    3.32   19.95   46.08 5131.00 v _247282_/Y (OR4x2_ASAP7_75t_R)
                                         _146598_ (net)
                 19.96    0.20 5131.20 v _256303_/A (NAND2x1_ASAP7_75t_R)
     3    1.99   20.96   18.16 5149.36 ^ _256303_/Y (NAND2x1_ASAP7_75t_R)
                                         _156606_ (net)
                 20.96    0.02 5149.37 ^ _256305_/A1 (AO21x1_ASAP7_75t_R)
     2    2.33   17.43   19.54 5168.92 ^ _256305_/Y (AO21x1_ASAP7_75t_R)
                                         _156608_ (net)
                 17.43    0.11 5169.03 ^ _256306_/B (XNOR2x2_ASAP7_75t_R)
     3    3.39   15.53   35.38 5204.41 v _256306_/Y (XNOR2x2_ASAP7_75t_R)
                                         _156609_ (net)
                 15.53    0.07 5204.48 v _256309_/C (OR4x1_ASAP7_75t_R)
     1    0.67   10.95   31.77 5236.25 v _256309_/Y (OR4x1_ASAP7_75t_R)
                                         _156613_ (net)
                 10.95    0.01 5236.26 v _256310_/D (OR4x2_ASAP7_75t_R)
     6    7.83   34.79   51.74 5287.99 v _256310_/Y (OR4x2_ASAP7_75t_R)
                                         _156614_ (net)
                 34.95    1.34 5289.33 v _256317_/B (OR3x4_ASAP7_75t_R)
     5    5.98   21.19   51.42 5340.75 v _256317_/Y (OR3x4_ASAP7_75t_R)
                                         _156621_ (net)
                 21.19    0.21 5340.96 v _256318_/B (OR2x6_ASAP7_75t_R)
    14   11.84   18.77   31.64 5372.60 v _256318_/Y (OR2x6_ASAP7_75t_R)
                                         _156623_ (net)
                 18.96    1.03 5373.63 v _256330_/B (OR4x2_ASAP7_75t_R)
     6    6.30   28.78   49.45 5423.08 v _256330_/Y (OR4x2_ASAP7_75t_R)
                                         _156636_ (net)
                 28.79    0.32 5423.40 v _256331_/C (OR3x4_ASAP7_75t_R)
     5   12.25   32.49   53.58 5476.98 v _256331_/Y (OR3x4_ASAP7_75t_R)
                                         _156637_ (net)
                 32.49    0.12 5477.10 v _256733_/A1 (AO21x1_ASAP7_75t_R)
     1    0.59    7.06   20.84 5497.94 v _256733_/Y (AO21x1_ASAP7_75t_R)
                                         _157083_ (net)
                  7.06    0.00 5497.95 v _256738_/B1 (AO221x2_ASAP7_75t_R)
     2    3.43   15.66   27.90 5525.84 v _256738_/Y (AO221x2_ASAP7_75t_R)
                                         _157089_ (net)
                 15.66    0.11 5525.95 v _256742_/A (XNOR2x1_ASAP7_75t_R)
     3    2.07   17.21   21.67 5547.62 v _256742_/Y (XNOR2x1_ASAP7_75t_R)
                                         _157093_ (net)
                 17.21    0.07 5547.69 v _256771_/A (AND3x1_ASAP7_75t_R)
     2    1.28    9.89   17.16 5564.85 v _256771_/Y (AND3x1_ASAP7_75t_R)
                                         _157125_ (net)
                  9.89    0.00 5564.86 v _256792_/A2 (AO222x2_ASAP7_75t_R)
     6   13.47   46.33   45.38 5610.23 v _256792_/Y (AO222x2_ASAP7_75t_R)
                                         _157148_ (net)
                 59.42   12.60 5622.84 v _256803_/A2 (OA21x2_ASAP7_75t_R)
     9   11.77   36.75   42.44 5665.28 v _256803_/Y (OA21x2_ASAP7_75t_R)
                                         _157160_ (net)
                 37.45    2.79 5668.07 v _256823_/A (NAND3x2_ASAP7_75t_R)
     7    9.10   59.14   31.22 5699.29 ^ _256823_/Y (NAND3x2_ASAP7_75t_R)
                                         _157183_ (net)
                 59.47    2.42 5701.71 ^ _256824_/C (NOR3x2_ASAP7_75t_R)
    11   10.69   58.97   40.82 5742.54 v _256824_/Y (NOR3x2_ASAP7_75t_R)
                                         _157184_ (net)
                 58.98    0.41 5742.95 v _258926_/A (NAND2x1_ASAP7_75t_R)
     1    1.68   37.44   27.39 5770.34 ^ _258926_/Y (NAND2x1_ASAP7_75t_R)
                                         _159517_ (net)
                 37.44    0.01 5770.35 ^ _258927_/B (XNOR2x1_ASAP7_75t_R)
     1    1.69   25.05   24.81 5795.17 ^ _258927_/Y (XNOR2x1_ASAP7_75t_R)
                                         _159518_ (net)
                 25.05    0.02 5795.18 ^ _258928_/B (XNOR2x1_ASAP7_75t_R)
     2    1.85   24.07   23.01 5818.19 ^ _258928_/Y (XNOR2x1_ASAP7_75t_R)
                                         _159520_ (net)
                 24.07    0.08 5818.28 ^ _258929_/B (OA21x2_ASAP7_75t_R)
     3    2.95   13.42   22.06 5840.33 ^ _258929_/Y (OA21x2_ASAP7_75t_R)
                                         _159521_ (net)
                 13.45    0.33 5840.67 ^ _290841_/B (AND2x2_ASAP7_75t_R)
     1    0.98    8.10   18.21 5858.87 ^ _290841_/Y (AND2x2_ASAP7_75t_R)
                                         _032661_ (net)
                  8.10    0.00 5858.87 ^ _290843_/B1 (AOI221x1_ASAP7_75t_R)
    16   14.70  147.52   66.38 5925.25 v _290843_/Y (AOI221x1_ASAP7_75t_R)
                                         _032663_ (net)
                147.57    1.48 5926.73 v _290854_/A1 (AO221x1_ASAP7_75t_R)
     2    2.10   17.96   39.37 5966.10 v _290854_/Y (AO221x1_ASAP7_75t_R)
                                         _032675_ (net)
                 17.96    0.03 5966.14 v _290855_/B (OA21x2_ASAP7_75t_R)
     3    2.31   10.94   17.88 5984.02 v _290855_/Y (OA21x2_ASAP7_75t_R)
                                         _032676_ (net)
                 10.94    0.08 5984.10 v _291603_/B (OR4x1_ASAP7_75t_R)
     1    0.70   11.76   29.53 6013.62 v _291603_/Y (OR4x1_ASAP7_75t_R)
                                         _033506_ (net)
                 11.76    0.01 6013.63 v _291604_/D (OR4x2_ASAP7_75t_R)
     5    4.81   25.46   46.74 6060.37 v _291604_/Y (OR4x2_ASAP7_75t_R)
                                         _033507_ (net)
                 25.53    0.73 6061.10 v _307092_/B (AO211x2_ASAP7_75t_R)
     5    4.99   17.59   26.64 6087.74 v _307092_/Y (AO211x2_ASAP7_75t_R)
                                         _050699_ (net)
                 17.59    0.19 6087.93 v _307093_/B (AOI21x1_ASAP7_75t_R)
     5    6.31   42.83   25.76 6113.69 ^ _307093_/Y (AOI21x1_ASAP7_75t_R)
                                         _050700_ (net)
                 42.84    0.34 6114.03 ^ _307197_/B (OAI21x1_ASAP7_75t_R)
     6    7.18   42.61   30.20 6144.23 v _307197_/Y (OAI21x1_ASAP7_75t_R)
                                         _050815_ (net)
                 42.62    0.38 6144.60 v _307341_/E (OR5x1_ASAP7_75t_R)
     1    0.60   13.05   43.27 6187.87 v _307341_/Y (OR5x1_ASAP7_75t_R)
                                         _050976_ (net)
                 13.05    0.00 6187.88 v _307343_/C (AND4x1_ASAP7_75t_R)
     1    1.14    9.24   17.14 6205.01 v _307343_/Y (AND4x1_ASAP7_75t_R)
                                         _050978_ (net)
                  9.25    0.02 6205.03 v _307344_/B (XOR2x2_ASAP7_75t_R)
     4    3.18   16.29   32.35 6237.38 ^ _307344_/Y (XOR2x2_ASAP7_75t_R)
                                         _050979_ (net)
                 16.29    0.08 6237.46 ^ _307345_/B2 (OA22x2_ASAP7_75t_R)
     2    1.90   10.29   19.27 6256.73 ^ _307345_/Y (OA22x2_ASAP7_75t_R)
                                         _050980_ (net)
                 10.29    0.03 6256.76 ^ _307346_/C (AND3x1_ASAP7_75t_R)
     2    1.93   18.70   25.34 6282.10 ^ _307346_/Y (AND3x1_ASAP7_75t_R)
                                         _050981_ (net)
                 18.71    0.04 6282.14 ^ _307389_/A1 (OAI21x1_ASAP7_75t_R)
    11   11.20   56.39   28.93 6311.07 v _307389_/Y (OAI21x1_ASAP7_75t_R)
                                         _051029_ (net)
                 56.52    1.54 6312.61 v _307429_/A1 (AO211x2_ASAP7_75t_R)
    12   12.62   39.88   35.85 6348.46 v _307429_/Y (AO211x2_ASAP7_75t_R)
                                         _051074_ (net)
                 42.02    4.98 6353.44 v _312416_/A (OR5x2_ASAP7_75t_R)
     5    5.22   28.92   56.90 6410.34 v _312416_/Y (OR5x2_ASAP7_75t_R)
                                         _056605_ (net)
                 28.95    0.52 6410.85 v _315568_/B (OR5x2_ASAP7_75t_R)
     3   10.82   50.09   63.29 6474.14 v _315568_/Y (OR5x2_ASAP7_75t_R)
                                         _060100_ (net)
                 56.38    9.24 6483.38 v _316285_/B (OR3x4_ASAP7_75t_R)
     2    4.20   19.00   54.02 6537.40 v _316285_/Y (OR3x4_ASAP7_75t_R)
                                         _060892_ (net)
                 19.02    0.25 6537.66 v _316720_/B (NOR2x2_ASAP7_75t_R)
     2    4.02   20.02   15.37 6553.03 ^ _316720_/Y (NOR2x2_ASAP7_75t_R)
                                         _061375_ (net)
                 20.02    0.12 6553.15 ^ _317544_/B (NAND2x2_ASAP7_75t_R)
     4    3.78   15.83   12.77 6565.92 v _317544_/Y (NAND2x2_ASAP7_75t_R)
                                         _062288_ (net)
                 15.83    0.16 6566.08 v _318351_/B (OR3x4_ASAP7_75t_R)
    13   10.86   29.98   51.67 6617.76 v _318351_/Y (OR3x4_ASAP7_75t_R)
                                         _063182_ (net)
                 30.19    1.38 6619.14 v _322000_/B (OR5x2_ASAP7_75t_R)
    12   14.35   59.87   69.18 6688.31 v _322000_/Y (OR5x2_ASAP7_75t_R)
                                         _067218_ (net)
                 62.40    6.71 6695.02 v _322005_/A2 (AO32x1_ASAP7_75t_R)
     1    0.99   12.33   32.06 6727.08 v _322005_/Y (AO32x1_ASAP7_75t_R)
                                         _067223_ (net)
                 12.33    0.00 6727.08 v _322033_/B1 (AOI221x1_ASAP7_75t_R)
     2    6.15   73.74   30.96 6758.04 ^ _322033_/Y (AOI221x1_ASAP7_75t_R)
                                         _067255_ (net)
                 74.01    2.47 6760.51 ^ _322034_/B (XNOR2x1_ASAP7_75t_R)
     2    1.58   26.01   18.63 6779.14 v _322034_/Y (XNOR2x1_ASAP7_75t_R)
                                         _067256_ (net)
                 26.01    0.03 6779.17 v _322252_/E (OR5x1_ASAP7_75t_R)
     1    0.70   13.02   41.39 6820.57 v _322252_/Y (OR5x1_ASAP7_75t_R)
                                         _067497_ (net)
                 13.02    0.01 6820.58 v _322253_/D (OR4x2_ASAP7_75t_R)
     6    5.39   26.46   48.26 6868.84 v _322253_/Y (OR4x2_ASAP7_75t_R)
                                         _067498_ (net)
                 26.49    0.45 6869.29 v _323529_/A2 (AOI211x1_ASAP7_75t_R)
     8    7.74   74.75   40.04 6909.33 ^ _323529_/Y (AOI211x1_ASAP7_75t_R)
                                         _068905_ (net)
                 74.75    0.13 6909.46 ^ _323809_/A (AND3x1_ASAP7_75t_R)
     1    1.69   18.01   35.81 6945.26 ^ _323809_/Y (AND3x1_ASAP7_75t_R)
                                         _069211_ (net)
                 18.01    0.01 6945.28 ^ _323810_/B (XNOR2x1_ASAP7_75t_R)
     1    1.61   18.70   21.26 6966.54 ^ _323810_/Y (XNOR2x1_ASAP7_75t_R)
                                         _069212_ (net)
                 18.70    0.07 6966.61 ^ _323817_/A2 (AOI22x1_ASAP7_75t_R)
     1    5.77   39.72   20.03 6986.64 v _323817_/Y (AOI22x1_ASAP7_75t_R)
                                         _069219_ (net)
                 40.55    3.05 6989.69 v _323818_/E (OR5x2_ASAP7_75t_R)
     5    5.13   29.39   61.21 7050.90 v _323818_/Y (OR5x2_ASAP7_75t_R)
                                         _069222_ (net)
                 29.61    1.40 7052.30 v _323819_/C1 (AO222x2_ASAP7_75t_R)
     1    1.41   11.70   34.73 7087.03 v _323819_/Y (AO222x2_ASAP7_75t_R)
                                         net733 (net)
                 11.72    0.16 7087.19 v output733/A (BUFx2_ASAP7_75t_R)
     1    0.02    3.71   13.39 7100.58 v output733/Y (BUFx2_ASAP7_75t_R)
                                         alu_result_exe[140] (net)
                  3.71    0.00 7100.58 v alu_result_exe[140] (out)
                               7100.58   data arrival time

                  0.00 5000.00 5000.00   clock clk (rise edge)
                          0.00 5000.00   clock network delay (ideal)
                          0.00 5000.00   clock reconvergence pessimism
                       -1000.00 4000.00   output external delay
                               4000.00   data required time
-----------------------------------------------------------------------------
                               4000.00   data required time
                               -7100.58   data arrival time
-----------------------------------------------------------------------------
                               -3100.58   slack (VIOLATED)



==========================================================================
resizer report_checks -unconstrained
--------------------------------------------------------------------------
Startpoint: vtype_exe[4] (input port clocked by clk)
Endpoint: alu_result_exe[140] (output port clocked by clk)
Path Group: clk
Path Type: max

Fanout     Cap    Slew   Delay    Time   Description
-----------------------------------------------------------------------------
                  0.00    0.00    0.00   clock clk (rise edge)
                          0.00    0.00   clock network delay (ideal)
                       1000.00 1000.00 ^ input external delay
     1    2.64    0.00    0.00 1000.00 ^ vtype_exe[4] (in)
                                         vtype_exe[4] (net)
                  0.05    0.01 1000.01 ^ input686/A (BUFx16f_ASAP7_75t_R)
    10   39.93   10.30   12.72 1012.74 ^ input686/Y (BUFx16f_ASAP7_75t_R)
                                         net686 (net)
                 17.68    3.30 1016.04 ^ load_slew3890/A (BUFx16f_ASAP7_75t_R)
    51   45.80   28.51   20.27 1036.31 ^ load_slew3890/Y (BUFx16f_ASAP7_75t_R)
                                         net3890 (net)
                 48.56   13.22 1049.53 ^ load_slew3888/A (BUFx16f_ASAP7_75t_R)
    76   68.51   34.71   25.43 1074.96 ^ load_slew3888/Y (BUFx16f_ASAP7_75t_R)
                                         net3888 (net)
                104.93   31.66 1106.62 ^ load_slew3887/A (BUFx16f_ASAP7_75t_R)
    73   67.35   39.63   35.66 1142.27 ^ load_slew3887/Y (BUFx16f_ASAP7_75t_R)
                                         net3887 (net)
                 63.81   15.96 1158.23 ^ _162472_/B (AND2x6_ASAP7_75t_R)
    10   24.08   38.10   40.73 1198.96 ^ _162472_/Y (AND2x6_ASAP7_75t_R)
                                         _005994_ (net)
                 52.14   11.91 1210.88 ^ _164275_/B (AND2x6_ASAP7_75t_R)
    32   44.84   63.24   46.31 1257.19 ^ _164275_/Y (AND2x6_ASAP7_75t_R)
                                         _083574_ (net)
                 72.46   11.98 1269.17 ^ max_length3771/A (BUFx16f_ASAP7_75t_R)
    40   35.95   24.10   28.08 1297.26 ^ max_length3771/Y (BUFx16f_ASAP7_75t_R)
                                         net3771 (net)
                 54.33   15.79 1313.04 ^ _164277_/A1 (AO21x2_ASAP7_75t_R)
    25   19.64   65.28   46.83 1359.88 ^ _164277_/Y (AO21x2_ASAP7_75t_R)
                                         _083596_ (net)
                 65.30    0.72 1360.60 ^ _164417_/B (AND2x6_ASAP7_75t_R)
    34   26.89   39.25   46.68 1407.28 ^ _164417_/Y (AND2x6_ASAP7_75t_R)
                                         _085136_ (net)
                 39.26    0.34 1407.62 ^ _165922_/B (OA21x2_ASAP7_75t_R)
     3    1.63    9.73   21.95 1429.57 ^ _165922_/Y (OA21x2_ASAP7_75t_R)
                                         _101691_ (net)
                  9.73    0.01 1429.58 ^ _165924_/C (OR4x1_ASAP7_75t_R)
     3    2.04   17.16   18.13 1447.71 ^ _165924_/Y (OR4x1_ASAP7_75t_R)
                                         _101713_ (net)
                 17.16    0.04 1447.75 ^ _169617_/A2 (OA21x2_ASAP7_75t_R)
     3    6.01   26.00   24.74 1472.49 ^ _169617_/Y (OA21x2_ASAP7_75t_R)
                                         _142336_ (net)
                 27.03    2.75 1475.24 ^ _169627_/A2 (AOI211x1_ASAP7_75t_R)
    11   12.58  125.63   64.94 1540.18 v _169627_/Y (AOI211x1_ASAP7_75t_R)
                                         _142446_ (net)
                125.65    1.03 1541.20 v _170117_/A1 (OAI21x1_ASAP7_75t_R)
    16   19.03  137.74   90.85 1632.05 ^ _170117_/Y (OAI21x1_ASAP7_75t_R)
                                         _147842_ (net)
                137.80    1.58 1633.63 ^ _170123_/A (XNOR2x2_ASAP7_75t_R)
    16   14.63   49.61   67.03 1700.66 v _170123_/Y (XNOR2x2_ASAP7_75t_R)
                                         _147909_ (net)
                 49.61    0.22 1700.88 v _170146_/A (OR3x4_ASAP7_75t_R)
     6    6.56   22.67   56.13 1757.01 v _170146_/Y (OR3x4_ASAP7_75t_R)
                                         _148164_ (net)
                 22.67    0.01 1757.02 v _170159_/C (OR5x2_ASAP7_75t_R)
     3    3.08   21.61   52.56 1809.58 v _170159_/Y (OR5x2_ASAP7_75t_R)
                                         _148309_ (net)
                 21.62    0.21 1809.79 v _170164_/A2 (AO211x2_ASAP7_75t_R)
    24   22.66   66.10   44.38 1854.17 v _170164_/Y (AO211x2_ASAP7_75t_R)
                                         _148364_ (net)
                 68.43    6.75 1860.93 v _170175_/C (OR5x2_ASAP7_75t_R)
     3    3.54   24.02   61.67 1922.60 v _170175_/Y (OR5x2_ASAP7_75t_R)
                                         _148486_ (net)
                 24.06    0.51 1923.11 v _170181_/A2 (AO211x2_ASAP7_75t_R)
    20   22.68   65.92   45.00 1968.10 v _170181_/Y (AO211x2_ASAP7_75t_R)
                                         _148553_ (net)
                 65.93    0.17 1968.28 v _170188_/B (OR5x2_ASAP7_75t_R)
    16   12.58   50.13   77.80 2046.08 v _170188_/Y (OR5x2_ASAP7_75t_R)
                                         _148631_ (net)
                 50.16    0.62 2046.70 v _170195_/A1 (OA21x2_ASAP7_75t_R)
    53   48.24  135.62   77.44 2124.14 v _170195_/Y (OA21x2_ASAP7_75t_R)
                                         _148708_ (net)
                136.49    6.40 2130.54 v _170208_/C (OR5x2_ASAP7_75t_R)
    16   17.85   69.56   95.75 2226.29 v _170208_/Y (OR5x2_ASAP7_75t_R)
                                         _148853_ (net)
                 70.21    3.71 2229.99 v _170213_/A1 (OA21x2_ASAP7_75t_R)
     9    6.72   22.71   35.82 2265.82 v _170213_/Y (OA21x2_ASAP7_75t_R)
                                         _148908_ (net)
                 22.73    0.29 2266.11 v _170220_/D (OR5x2_ASAP7_75t_R)
    23   23.81   85.20   85.76 2351.87 v _170220_/Y (OR5x2_ASAP7_75t_R)
                                         _148986_ (net)
                 85.23    0.98 2352.85 v _170225_/C (OR5x2_ASAP7_75t_R)
     8    7.35   36.84   71.89 2424.74 v _170225_/Y (OR5x2_ASAP7_75t_R)
                                         _149041_ (net)
                 37.06    1.58 2426.33 v _170236_/A2 (AO211x2_ASAP7_75t_R)
    12   12.80   40.17   35.32 2461.65 v _170236_/Y (AO211x2_ASAP7_75t_R)
                                         _149163_ (net)
                 41.64    4.19 2465.83 v _170240_/D (OR5x2_ASAP7_75t_R)
    11   13.10   53.03   75.41 2541.25 v _170240_/Y (OR5x2_ASAP7_75t_R)
                                         _149208_ (net)
                 53.22    1.76 2543.01 v _170357_/A2 (AOI21x1_ASAP7_75t_R)
     9    9.00   64.80   39.69 2582.70 ^ _170357_/Y (AOI21x1_ASAP7_75t_R)
                                         _150506_ (net)
                 64.80    0.02 2582.71 ^ max_cap1947/A (BUFx10_ASAP7_75t_R)
    18   16.95   18.88   31.12 2613.83 ^ max_cap1947/Y (BUFx10_ASAP7_75t_R)
                                         net1947 (net)
                 21.24    3.46 2617.29 ^ _170359_/A1 (AO21x2_ASAP7_75t_R)
    59   64.23  211.12   95.98 2713.28 ^ _170359_/Y (AO21x2_ASAP7_75t_R)
                                         _150529_ (net)
                213.27   12.14 2725.41 ^ _170363_/B (AND5x2_ASAP7_75t_R)
    16   19.15   80.35   84.72 2810.14 ^ _170363_/Y (AND5x2_ASAP7_75t_R)
                                         _150573_ (net)
                 81.34    4.96 2815.09 ^ _170365_/A1 (AO21x2_ASAP7_75t_R)
    35   38.63  130.41   69.40 2884.49 ^ _170365_/Y (AO21x2_ASAP7_75t_R)
                                         _150595_ (net)
                130.41    0.01 2884.50 ^ load_slew1578/A (BUFx16f_ASAP7_75t_R)
    43   42.01   29.34   38.06 2922.56 ^ load_slew1578/Y (BUFx16f_ASAP7_75t_R)
                                         net1578 (net)
                 31.81    4.41 2926.96 ^ load_slew1576/A (BUFx16f_ASAP7_75t_R)
    27   34.74   19.86   21.73 2948.69 ^ load_slew1576/Y (BUFx16f_ASAP7_75t_R)
                                         net1576 (net)
                 62.03   18.87 2967.56 ^ _170368_/A1 (AO31x2_ASAP7_75t_R)
    70   76.38  249.92  120.03 3087.59 ^ _170368_/Y (AO31x2_ASAP7_75t_R)
                                         _150629_ (net)
                253.74   17.25 3104.84 ^ _170404_/A1 (AO32x2_ASAP7_75t_R)
    41   49.27  167.25  107.95 3212.80 ^ _170404_/Y (AO32x2_ASAP7_75t_R)
                                         _151028_ (net)
                181.10   25.50 3238.29 ^ _181355_/A1 (AO31x2_ASAP7_75t_R)
    71   73.24  240.08  127.06 3365.36 ^ _181355_/Y (AO31x2_ASAP7_75t_R)
                                         _074078_ (net)
                240.40    5.47 3370.82 ^ _181377_/A (AND4x2_ASAP7_75t_R)
    13    9.12   44.98   81.18 3452.01 ^ _181377_/Y (AND4x2_ASAP7_75t_R)
                                         _074102_ (net)
                 45.06    0.99 3453.00 ^ _181394_/A2 (OA211x2_ASAP7_75t_R)
    62   73.84  245.61  113.85 3566.84 ^ _181394_/Y (OA211x2_ASAP7_75t_R)
                                         _074121_ (net)
                249.33   17.20 3584.04 ^ _181405_/A1 (AO21x2_ASAP7_75t_R)
    65   59.43  192.86  108.07 3692.11 ^ _181405_/Y (AO21x2_ASAP7_75t_R)
                                         _074133_ (net)
                194.03    8.61 3700.72 ^ _220947_/A1 (AO21x2_ASAP7_75t_R)
    34   31.71  104.95   70.33 3771.05 ^ _220947_/Y (AO21x2_ASAP7_75t_R)
                                         _117629_ (net)
                105.56    4.60 3775.66 ^ _221757_/A1 (AO21x2_ASAP7_75t_R)
    47   65.12  218.57   94.92 3870.57 ^ _221757_/Y (AO21x2_ASAP7_75t_R)
                                         _118520_ (net)
                260.02   49.38 3919.95 ^ _221782_/B (NAND2x2_ASAP7_75t_R)
    29   28.02  133.16   92.02 4011.97 v _221782_/Y (NAND2x2_ASAP7_75t_R)
                                         _118548_ (net)
                133.21    1.56 4013.54 v load_slew905/A (BUFx16f_ASAP7_75t_R)
    37   36.39   19.89   39.80 4053.34 v load_slew905/Y (BUFx16f_ASAP7_75t_R)
                                         net905 (net)
                 47.34   12.43 4065.76 v max_length904/A (BUFx16f_ASAP7_75t_R)
    33   31.69   14.34   26.95 4092.72 v max_length904/Y (BUFx16f_ASAP7_75t_R)
                                         net904 (net)
                 57.42   17.28 4110.00 v load_slew903/A (BUFx16f_ASAP7_75t_R)
    44   36.09   22.43   29.69 4139.69 v load_slew903/Y (BUFx16f_ASAP7_75t_R)
                                         net903 (net)
                 46.00   13.00 4152.69 v _241709_/A1 (AO21x1_ASAP7_75t_R)
     2    1.23   10.41   25.33 4178.01 v _241709_/Y (AO21x1_ASAP7_75t_R)
                                         _140468_ (net)
                 10.41    0.01 4178.02 v _241840_/C (AND4x1_ASAP7_75t_R)
     2    1.86   13.23   18.27 4196.29 v _241840_/Y (AND4x1_ASAP7_75t_R)
                                         _140612_ (net)
                 13.23    0.04 4196.33 v _241853_/A2 (OA21x2_ASAP7_75t_R)
     2    1.29    7.67   18.99 4215.32 v _241853_/Y (OA21x2_ASAP7_75t_R)
                                         _140626_ (net)
                  7.67    0.04 4215.36 v _241888_/C (OR4x1_ASAP7_75t_R)
     2    1.57   16.44   34.19 4249.55 v _241888_/Y (OR4x1_ASAP7_75t_R)
                                         _140665_ (net)
                 16.44    0.03 4249.58 v _241891_/A2 (AO221x2_ASAP7_75t_R)
    10    8.28   28.73   38.71 4288.30 v _241891_/Y (AO221x2_ASAP7_75t_R)
                                         _140668_ (net)
                 28.79    0.80 4289.10 v _241978_/B (XNOR2x1_ASAP7_75t_R)
     1    0.92   13.21   22.69 4311.79 v _241978_/Y (XNOR2x1_ASAP7_75t_R)
                                         _140764_ (net)
                 13.21    0.00 4311.80 v _241979_/B (XNOR2x2_ASAP7_75t_R)
     2    2.93   15.51   28.68 4340.48 ^ _241979_/Y (XNOR2x2_ASAP7_75t_R)
                                         _140765_ (net)
                 15.52    0.14 4340.62 ^ _242128_/B (XOR2x1_ASAP7_75t_R)
     2    2.58   24.97   23.92 4364.54 ^ _242128_/Y (XOR2x1_ASAP7_75t_R)
                                         _140929_ (net)
                 24.97    0.08 4364.62 ^ _242235_/D (AND4x2_ASAP7_75t_R)
     5    5.50   28.76   42.67 4407.28 ^ _242235_/Y (AND4x2_ASAP7_75t_R)
                                         _141046_ (net)
                 28.77    0.17 4407.45 ^ _242236_/C (AOI221x1_ASAP7_75t_R)
     4    5.19   58.34   31.11 4438.55 v _242236_/Y (AOI221x1_ASAP7_75t_R)
                                         _141047_ (net)
                 58.35    0.59 4439.14 v _242239_/B (MAJx2_ASAP7_75t_R)
     1    1.08    9.76   37.73 4476.87 v _242239_/Y (MAJx2_ASAP7_75t_R)
                                         _141051_ (net)
                  9.76    0.00 4476.87 v _242275_/A (XNOR2x2_ASAP7_75t_R)
     2    3.23   16.59   28.36 4505.23 ^ _242275_/Y (XNOR2x2_ASAP7_75t_R)
                                         _141090_ (net)
                 16.64    0.48 4505.71 ^ _243005_/A (XNOR2x1_ASAP7_75t_R)
     1    1.03   15.25   20.41 4526.12 ^ _243005_/Y (XNOR2x1_ASAP7_75t_R)
                                         _141893_ (net)
                 15.25    0.00 4526.13 ^ _243006_/B (XNOR2x2_ASAP7_75t_R)
    11   13.02   44.75   47.05 4573.17 v _243006_/Y (XNOR2x2_ASAP7_75t_R)
                                         _141894_ (net)
                 45.82    3.84 4577.02 v _243038_/B (NAND2x2_ASAP7_75t_R)
     5    5.29   30.29   26.34 4603.35 ^ _243038_/Y (NAND2x2_ASAP7_75t_R)
                                         _141930_ (net)
                 30.29    0.03 4603.38 ^ _243395_/A (XNOR2x1_ASAP7_75t_R)
     2    2.16   24.68   26.16 4629.55 ^ _243395_/Y (XNOR2x1_ASAP7_75t_R)
                                         _142322_ (net)
                 24.68    0.04 4629.58 ^ _243415_/B (XNOR2x2_ASAP7_75t_R)
     5    5.62   21.69   40.49 4670.08 v _243415_/Y (XNOR2x2_ASAP7_75t_R)
                                         _142344_ (net)
                 21.70    0.25 4670.33 v _243422_/B (XOR2x1_ASAP7_75t_R)
     1    1.07   14.74   24.41 4694.74 v _243422_/Y (XOR2x1_ASAP7_75t_R)
                                         _142352_ (net)
                 14.74    0.00 4694.74 v _243423_/B (NAND2x1_ASAP7_75t_R)
     1    0.69   13.82    9.94 4704.68 ^ _243423_/Y (NAND2x1_ASAP7_75t_R)
                                         _142353_ (net)
                 13.82    0.01 4704.69 ^ _243424_/B (OA21x2_ASAP7_75t_R)
     1    0.55    6.78   16.24 4720.93 ^ _243424_/Y (OA21x2_ASAP7_75t_R)
                                         _142354_ (net)
                  6.78    0.01 4720.94 ^ _243624_/B1 (AO32x2_ASAP7_75t_R)
     7    6.09   25.17   30.03 4750.97 ^ _243624_/Y (AO32x2_ASAP7_75t_R)
                                         _142574_ (net)
                 25.17    0.28 4751.24 ^ _243703_/B (OR2x2_ASAP7_75t_R)
     2    1.39    9.16   21.15 4772.40 ^ _243703_/Y (OR2x2_ASAP7_75t_R)
                                         _142661_ (net)
                  9.16    0.02 4772.42 ^ _243704_/C (OA211x2_ASAP7_75t_R)
     1    0.66    7.92   19.27 4791.69 ^ _243704_/Y (OA211x2_ASAP7_75t_R)
                                         _142662_ (net)
                  7.92    0.00 4791.69 ^ _243705_/B (AO21x1_ASAP7_75t_R)
     1    1.08   10.02   12.26 4803.95 ^ _243705_/Y (AO21x1_ASAP7_75t_R)
                                         _142663_ (net)
                 10.02    0.01 4803.96 ^ _243707_/A (XNOR2x2_ASAP7_75t_R)
     3    4.50   18.97   35.38 4839.34 v _243707_/Y (XNOR2x2_ASAP7_75t_R)
                                         _142665_ (net)
                 18.98    0.27 4839.60 v _246008_/A (OR3x2_ASAP7_75t_R)
     3    2.98   16.39   34.12 4873.73 v _246008_/Y (OR3x2_ASAP7_75t_R)
                                         _145197_ (net)
                 16.39    0.03 4873.76 v _246011_/A (XNOR2x2_ASAP7_75t_R)
     4    4.48   19.21   30.72 4904.48 v _246011_/Y (XNOR2x2_ASAP7_75t_R)
                                         _145200_ (net)
                 19.28    0.65 4905.12 v _246099_/B (OR2x2_ASAP7_75t_R)
     4    2.26   11.99   24.97 4930.10 v _246099_/Y (OR2x2_ASAP7_75t_R)
                                         _145297_ (net)
                 11.99    0.01 4930.11 v _246101_/B (OA211x2_ASAP7_75t_R)
     4    3.92   17.88   32.15 4962.26 v _246101_/Y (OA211x2_ASAP7_75t_R)
                                         _145299_ (net)
                 17.90    0.27 4962.52 v _247267_/B (OR2x2_ASAP7_75t_R)
     1    0.65    6.97   21.46 4983.98 v _247267_/Y (OR2x2_ASAP7_75t_R)
                                         _146581_ (net)
                  6.97    0.00 4983.98 v _247268_/A (MAJx2_ASAP7_75t_R)
     1    1.05    9.91   21.61 5005.59 v _247268_/Y (MAJx2_ASAP7_75t_R)
                                         _146583_ (net)
                  9.91    0.00 5005.59 v _247269_/B (XOR2x2_ASAP7_75t_R)
     4    5.15   23.62   35.82 5041.41 ^ _247269_/Y (XOR2x2_ASAP7_75t_R)
                                         _146584_ (net)
                 23.68    0.66 5042.07 ^ _247270_/B (XNOR2x2_ASAP7_75t_R)
     7    7.11   25.97   42.42 5084.49 v _247270_/Y (XNOR2x2_ASAP7_75t_R)
                                         _146585_ (net)
                 25.99    0.43 5084.92 v _247282_/C (OR4x2_ASAP7_75t_R)
     4    3.32   19.95   46.08 5131.00 v _247282_/Y (OR4x2_ASAP7_75t_R)
                                         _146598_ (net)
                 19.96    0.20 5131.20 v _256303_/A (NAND2x1_ASAP7_75t_R)
     3    1.99   20.96   18.16 5149.36 ^ _256303_/Y (NAND2x1_ASAP7_75t_R)
                                         _156606_ (net)
                 20.96    0.02 5149.37 ^ _256305_/A1 (AO21x1_ASAP7_75t_R)
     2    2.33   17.43   19.54 5168.92 ^ _256305_/Y (AO21x1_ASAP7_75t_R)
                                         _156608_ (net)
                 17.43    0.11 5169.03 ^ _256306_/B (XNOR2x2_ASAP7_75t_R)
     3    3.39   15.53   35.38 5204.41 v _256306_/Y (XNOR2x2_ASAP7_75t_R)
                                         _156609_ (net)
                 15.53    0.07 5204.48 v _256309_/C (OR4x1_ASAP7_75t_R)
     1    0.67   10.95   31.77 5236.25 v _256309_/Y (OR4x1_ASAP7_75t_R)
                                         _156613_ (net)
                 10.95    0.01 5236.26 v _256310_/D (OR4x2_ASAP7_75t_R)
     6    7.83   34.79   51.74 5287.99 v _256310_/Y (OR4x2_ASAP7_75t_R)
                                         _156614_ (net)
                 34.95    1.34 5289.33 v _256317_/B (OR3x4_ASAP7_75t_R)
     5    5.98   21.19   51.42 5340.75 v _256317_/Y (OR3x4_ASAP7_75t_R)
                                         _156621_ (net)
                 21.19    0.21 5340.96 v _256318_/B (OR2x6_ASAP7_75t_R)
    14   11.84   18.77   31.64 5372.60 v _256318_/Y (OR2x6_ASAP7_75t_R)
                                         _156623_ (net)
                 18.96    1.03 5373.63 v _256330_/B (OR4x2_ASAP7_75t_R)
     6    6.30   28.78   49.45 5423.08 v _256330_/Y (OR4x2_ASAP7_75t_R)
                                         _156636_ (net)
                 28.79    0.32 5423.40 v _256331_/C (OR3x4_ASAP7_75t_R)
     5   12.25   32.49   53.58 5476.98 v _256331_/Y (OR3x4_ASAP7_75t_R)
                                         _156637_ (net)
                 32.49    0.12 5477.10 v _256733_/A1 (AO21x1_ASAP7_75t_R)
     1    0.59    7.06   20.84 5497.94 v _256733_/Y (AO21x1_ASAP7_75t_R)
                                         _157083_ (net)
                  7.06    0.00 5497.95 v _256738_/B1 (AO221x2_ASAP7_75t_R)
     2    3.43   15.66   27.90 5525.84 v _256738_/Y (AO221x2_ASAP7_75t_R)
                                         _157089_ (net)
                 15.66    0.11 5525.95 v _256742_/A (XNOR2x1_ASAP7_75t_R)
     3    2.07   17.21   21.67 5547.62 v _256742_/Y (XNOR2x1_ASAP7_75t_R)
                                         _157093_ (net)
                 17.21    0.07 5547.69 v _256771_/A (AND3x1_ASAP7_75t_R)
     2    1.28    9.89   17.16 5564.85 v _256771_/Y (AND3x1_ASAP7_75t_R)
                                         _157125_ (net)
                  9.89    0.00 5564.86 v _256792_/A2 (AO222x2_ASAP7_75t_R)
     6   13.47   46.33   45.38 5610.23 v _256792_/Y (AO222x2_ASAP7_75t_R)
                                         _157148_ (net)
                 59.42   12.60 5622.84 v _256803_/A2 (OA21x2_ASAP7_75t_R)
     9   11.77   36.75   42.44 5665.28 v _256803_/Y (OA21x2_ASAP7_75t_R)
                                         _157160_ (net)
                 37.45    2.79 5668.07 v _256823_/A (NAND3x2_ASAP7_75t_R)
     7    9.10   59.14   31.22 5699.29 ^ _256823_/Y (NAND3x2_ASAP7_75t_R)
                                         _157183_ (net)
                 59.47    2.42 5701.71 ^ _256824_/C (NOR3x2_ASAP7_75t_R)
    11   10.69   58.97   40.82 5742.54 v _256824_/Y (NOR3x2_ASAP7_75t_R)
                                         _157184_ (net)
                 58.98    0.41 5742.95 v _258926_/A (NAND2x1_ASAP7_75t_R)
     1    1.68   37.44   27.39 5770.34 ^ _258926_/Y (NAND2x1_ASAP7_75t_R)
                                         _159517_ (net)
                 37.44    0.01 5770.35 ^ _258927_/B (XNOR2x1_ASAP7_75t_R)
     1    1.69   25.05   24.81 5795.17 ^ _258927_/Y (XNOR2x1_ASAP7_75t_R)
                                         _159518_ (net)
                 25.05    0.02 5795.18 ^ _258928_/B (XNOR2x1_ASAP7_75t_R)
     2    1.85   24.07   23.01 5818.19 ^ _258928_/Y (XNOR2x1_ASAP7_75t_R)
                                         _159520_ (net)
                 24.07    0.08 5818.28 ^ _258929_/B (OA21x2_ASAP7_75t_R)
     3    2.95   13.42   22.06 5840.33 ^ _258929_/Y (OA21x2_ASAP7_75t_R)
                                         _159521_ (net)
                 13.45    0.33 5840.67 ^ _290841_/B (AND2x2_ASAP7_75t_R)
     1    0.98    8.10   18.21 5858.87 ^ _290841_/Y (AND2x2_ASAP7_75t_R)
                                         _032661_ (net)
                  8.10    0.00 5858.87 ^ _290843_/B1 (AOI221x1_ASAP7_75t_R)
    16   14.70  147.52   66.38 5925.25 v _290843_/Y (AOI221x1_ASAP7_75t_R)
                                         _032663_ (net)
                147.57    1.48 5926.73 v _290854_/A1 (AO221x1_ASAP7_75t_R)
     2    2.10   17.96   39.37 5966.10 v _290854_/Y (AO221x1_ASAP7_75t_R)
                                         _032675_ (net)
                 17.96    0.03 5966.14 v _290855_/B (OA21x2_ASAP7_75t_R)
     3    2.31   10.94   17.88 5984.02 v _290855_/Y (OA21x2_ASAP7_75t_R)
                                         _032676_ (net)
                 10.94    0.08 5984.10 v _291603_/B (OR4x1_ASAP7_75t_R)
     1    0.70   11.76   29.53 6013.62 v _291603_/Y (OR4x1_ASAP7_75t_R)
                                         _033506_ (net)
                 11.76    0.01 6013.63 v _291604_/D (OR4x2_ASAP7_75t_R)
     5    4.81   25.46   46.74 6060.37 v _291604_/Y (OR4x2_ASAP7_75t_R)
                                         _033507_ (net)
                 25.53    0.73 6061.10 v _307092_/B (AO211x2_ASAP7_75t_R)
     5    4.99   17.59   26.64 6087.74 v _307092_/Y (AO211x2_ASAP7_75t_R)
                                         _050699_ (net)
                 17.59    0.19 6087.93 v _307093_/B (AOI21x1_ASAP7_75t_R)
     5    6.31   42.83   25.76 6113.69 ^ _307093_/Y (AOI21x1_ASAP7_75t_R)
                                         _050700_ (net)
                 42.84    0.34 6114.03 ^ _307197_/B (OAI21x1_ASAP7_75t_R)
     6    7.18   42.61   30.20 6144.23 v _307197_/Y (OAI21x1_ASAP7_75t_R)
                                         _050815_ (net)
                 42.62    0.38 6144.60 v _307341_/E (OR5x1_ASAP7_75t_R)
     1    0.60   13.05   43.27 6187.87 v _307341_/Y (OR5x1_ASAP7_75t_R)
                                         _050976_ (net)
                 13.05    0.00 6187.88 v _307343_/C (AND4x1_ASAP7_75t_R)
     1    1.14    9.24   17.14 6205.01 v _307343_/Y (AND4x1_ASAP7_75t_R)
                                         _050978_ (net)
                  9.25    0.02 6205.03 v _307344_/B (XOR2x2_ASAP7_75t_R)
     4    3.18   16.29   32.35 6237.38 ^ _307344_/Y (XOR2x2_ASAP7_75t_R)
                                         _050979_ (net)
                 16.29    0.08 6237.46 ^ _307345_/B2 (OA22x2_ASAP7_75t_R)
     2    1.90   10.29   19.27 6256.73 ^ _307345_/Y (OA22x2_ASAP7_75t_R)
                                         _050980_ (net)
                 10.29    0.03 6256.76 ^ _307346_/C (AND3x1_ASAP7_75t_R)
     2    1.93   18.70   25.34 6282.10 ^ _307346_/Y (AND3x1_ASAP7_75t_R)
                                         _050981_ (net)
                 18.71    0.04 6282.14 ^ _307389_/A1 (OAI21x1_ASAP7_75t_R)
    11   11.20   56.39   28.93 6311.07 v _307389_/Y (OAI21x1_ASAP7_75t_R)
                                         _051029_ (net)
                 56.52    1.54 6312.61 v _307429_/A1 (AO211x2_ASAP7_75t_R)
    12   12.62   39.88   35.85 6348.46 v _307429_/Y (AO211x2_ASAP7_75t_R)
                                         _051074_ (net)
                 42.02    4.98 6353.44 v _312416_/A (OR5x2_ASAP7_75t_R)
     5    5.22   28.92   56.90 6410.34 v _312416_/Y (OR5x2_ASAP7_75t_R)
                                         _056605_ (net)
                 28.95    0.52 6410.85 v _315568_/B (OR5x2_ASAP7_75t_R)
     3   10.82   50.09   63.29 6474.14 v _315568_/Y (OR5x2_ASAP7_75t_R)
                                         _060100_ (net)
                 56.38    9.24 6483.38 v _316285_/B (OR3x4_ASAP7_75t_R)
     2    4.20   19.00   54.02 6537.40 v _316285_/Y (OR3x4_ASAP7_75t_R)
                                         _060892_ (net)
                 19.02    0.25 6537.66 v _316720_/B (NOR2x2_ASAP7_75t_R)
     2    4.02   20.02   15.37 6553.03 ^ _316720_/Y (NOR2x2_ASAP7_75t_R)
                                         _061375_ (net)
                 20.02    0.12 6553.15 ^ _317544_/B (NAND2x2_ASAP7_75t_R)
     4    3.78   15.83   12.77 6565.92 v _317544_/Y (NAND2x2_ASAP7_75t_R)
                                         _062288_ (net)
                 15.83    0.16 6566.08 v _318351_/B (OR3x4_ASAP7_75t_R)
    13   10.86   29.98   51.67 6617.76 v _318351_/Y (OR3x4_ASAP7_75t_R)
                                         _063182_ (net)
                 30.19    1.38 6619.14 v _322000_/B (OR5x2_ASAP7_75t_R)
    12   14.35   59.87   69.18 6688.31 v _322000_/Y (OR5x2_ASAP7_75t_R)
                                         _067218_ (net)
                 62.40    6.71 6695.02 v _322005_/A2 (AO32x1_ASAP7_75t_R)
     1    0.99   12.33   32.06 6727.08 v _322005_/Y (AO32x1_ASAP7_75t_R)
                                         _067223_ (net)
                 12.33    0.00 6727.08 v _322033_/B1 (AOI221x1_ASAP7_75t_R)
     2    6.15   73.74   30.96 6758.04 ^ _322033_/Y (AOI221x1_ASAP7_75t_R)
                                         _067255_ (net)
                 74.01    2.47 6760.51 ^ _322034_/B (XNOR2x1_ASAP7_75t_R)
     2    1.58   26.01   18.63 6779.14 v _322034_/Y (XNOR2x1_ASAP7_75t_R)
                                         _067256_ (net)
                 26.01    0.03 6779.17 v _322252_/E (OR5x1_ASAP7_75t_R)
     1    0.70   13.02   41.39 6820.57 v _322252_/Y (OR5x1_ASAP7_75t_R)
                                         _067497_ (net)
                 13.02    0.01 6820.58 v _322253_/D (OR4x2_ASAP7_75t_R)
     6    5.39   26.46   48.26 6868.84 v _322253_/Y (OR4x2_ASAP7_75t_R)
                                         _067498_ (net)
                 26.49    0.45 6869.29 v _323529_/A2 (AOI211x1_ASAP7_75t_R)
     8    7.74   74.75   40.04 6909.33 ^ _323529_/Y (AOI211x1_ASAP7_75t_R)
                                         _068905_ (net)
                 74.75    0.13 6909.46 ^ _323809_/A (AND3x1_ASAP7_75t_R)
     1    1.69   18.01   35.81 6945.26 ^ _323809_/Y (AND3x1_ASAP7_75t_R)
                                         _069211_ (net)
                 18.01    0.01 6945.28 ^ _323810_/B (XNOR2x1_ASAP7_75t_R)
     1    1.61   18.70   21.26 6966.54 ^ _323810_/Y (XNOR2x1_ASAP7_75t_R)
                                         _069212_ (net)
                 18.70    0.07 6966.61 ^ _323817_/A2 (AOI22x1_ASAP7_75t_R)
     1    5.77   39.72   20.03 6986.64 v _323817_/Y (AOI22x1_ASAP7_75t_R)
                                         _069219_ (net)
                 40.55    3.05 6989.69 v _323818_/E (OR5x2_ASAP7_75t_R)
     5    5.13   29.39   61.21 7050.90 v _323818_/Y (OR5x2_ASAP7_75t_R)
                                         _069222_ (net)
                 29.61    1.40 7052.30 v _323819_/C1 (AO222x2_ASAP7_75t_R)
     1    1.41   11.70   34.73 7087.03 v _323819_/Y (AO222x2_ASAP7_75t_R)
                                         net733 (net)
                 11.72    0.16 7087.19 v output733/A (BUFx2_ASAP7_75t_R)
     1    0.02    3.71   13.39 7100.58 v output733/Y (BUFx2_ASAP7_75t_R)
                                         alu_result_exe[140] (net)
                  3.71    0.00 7100.58 v alu_result_exe[140] (out)
                               7100.58   data arrival time

                  0.00 5000.00 5000.00   clock clk (rise edge)
                          0.00 5000.00   clock network delay (ideal)
                          0.00 5000.00   clock reconvergence pessimism
                       -1000.00 4000.00   output external delay
                               4000.00   data required time
-----------------------------------------------------------------------------
                               4000.00   data required time
                               -7100.58   data arrival time
-----------------------------------------------------------------------------
                               -3100.58   slack (VIOLATED)



==========================================================================
resizer report_check_types -max_slew -max_cap -max_fanout -violators
--------------------------------------------------------------------------
max capacitance

Pin                                    Limit     Cap   Slack
------------------------------------------------------------
_204852_/Y                             23.04   23.93   -0.89 (VIOLATED)


==========================================================================
resizer max_slew_check_slack
--------------------------------------------------------------------------
2.111311197280884

==========================================================================
resizer max_slew_check_limit
--------------------------------------------------------------------------
320.0

==========================================================================
resizer max_slew_check_slack_limit
--------------------------------------------------------------------------
0.0066

==========================================================================
resizer max_fanout_check_slack
--------------------------------------------------------------------------
1.0000000150474662e+30

==========================================================================
resizer max_fanout_check_limit
--------------------------------------------------------------------------
1.0000000150474662e+30

==========================================================================
resizer max_capacitance_check_slack
--------------------------------------------------------------------------
-0.890329897403717

==========================================================================
resizer max_capacitance_check_limit
--------------------------------------------------------------------------
23.040000915527344

==========================================================================
resizer max_capacitance_check_slack_limit
--------------------------------------------------------------------------
-0.0386

==========================================================================
resizer max_slew_violation_count
--------------------------------------------------------------------------
max slew violation count 0

==========================================================================
resizer max_fanout_violation_count
--------------------------------------------------------------------------
max fanout violation count 0

==========================================================================
resizer max_cap_violation_count
--------------------------------------------------------------------------
max cap violation count 1

==========================================================================
resizer setup_violation_count
--------------------------------------------------------------------------
setup violation count 128

==========================================================================
resizer hold_violation_count
--------------------------------------------------------------------------
hold violation count 0

==========================================================================
resizer critical path delay
--------------------------------------------------------------------------
7100.5781

==========================================================================
resizer critical path slack
--------------------------------------------------------------------------
-3100.5781

==========================================================================
resizer slack div critical path delay
--------------------------------------------------------------------------
-43.666559

==========================================================================
resizer report_power
--------------------------------------------------------------------------
Group                  Internal  Switching    Leakage      Total
                          Power      Power      Power      Power (Watts)
----------------------------------------------------------------
Sequential             0.00e+00   0.00e+00   0.00e+00   0.00e+00   0.0%
Combinational          3.74e-01   4.37e-01   1.99e-05   8.10e-01 100.0%
Clock                  0.00e+00   0.00e+00   0.00e+00   0.00e+00   0.0%
Macro                  0.00e+00   0.00e+00   0.00e+00   0.00e+00   0.0%
Pad                    0.00e+00   0.00e+00   0.00e+00   0.00e+00   0.0%
----------------------------------------------------------------
Total                  3.74e-01   4.37e-01   1.99e-05   8.10e-01 100.0%
                          46.1%      53.9%       0.0%
