
==========================================================================
floorplan final report_tns
--------------------------------------------------------------------------
tns 0.00

==========================================================================
floorplan final report_wns
--------------------------------------------------------------------------
wns 0.00

==========================================================================
floorplan final report_worst_slack
--------------------------------------------------------------------------
worst slack 3.71

==========================================================================
floorplan final report_checks -path_delay min
--------------------------------------------------------------------------
Startpoint: rst (input port clocked by clk)
Endpoint: v_decode.v_csr.vl[0]$_DFF_PP0_
          (removal check against rising-edge clock clk)
Path Group: asynchronous
Path Type: min

Fanout     Cap    Slew   Delay    Time   Description
-----------------------------------------------------------------------------
                  0.00    0.00    0.00   clock clk (rise edge)
                          0.00    0.00   clock network delay (ideal)
                         20.00   20.00 v input external delay
     1    0.00    0.00    0.00   20.00 v rst (in)
                                         rst (net)
                  0.00    0.00   20.00 v _170700_/A (sky130_fd_sc_hd__inv_1)
   144    0.52    4.20    2.96   22.96 ^ _170700_/Y (sky130_fd_sc_hd__inv_1)
                                         _000000_ (net)
                  4.20    0.00   22.96 ^ v_decode.v_csr.vl[0]$_DFF_PP0_/RESET_B (sky130_fd_sc_hd__dfrtp_1)
                                 22.96   data arrival time

                  0.00    0.00    0.00   clock clk (rise edge)
                          0.00    0.00   clock network delay (ideal)
                          0.00    0.00   clock reconvergence pessimism
                                  0.00 ^ v_decode.v_csr.vl[0]$_DFF_PP0_/CLK (sky130_fd_sc_hd__dfrtp_1)
                          1.42    1.42   library removal time
                                  1.42   data required time
-----------------------------------------------------------------------------
                                  1.42   data required time
                                -22.96   data arrival time
-----------------------------------------------------------------------------
                                 21.54   slack (MET)


Startpoint: v_decode.v_rf_ctrl.stage_int_rf_wr_data.internal_data[80]$_DFFE_PN_
            (rising edge-triggered flip-flop clocked by clk)
Endpoint: v_decode.v_rf_ctrl.stage_int_rf_wr_data.internal_data[80]$_DFFE_PN_
          (rising edge-triggered flip-flop clocked by clk)
Path Group: clk
Path Type: min

Fanout     Cap    Slew   Delay    Time   Description
-----------------------------------------------------------------------------
                  0.00    0.00    0.00   clock clk (rise edge)
                          0.00    0.00   clock network delay (ideal)
                  0.00    0.00    0.00 ^ v_decode.v_rf_ctrl.stage_int_rf_wr_data.internal_data[80]$_DFFE_PN_/CLK (sky130_fd_sc_hd__dfxtp_1)
     2    0.00    0.04    0.28    0.28 ^ v_decode.v_rf_ctrl.stage_int_rf_wr_data.internal_data[80]$_DFFE_PN_/Q (sky130_fd_sc_hd__dfxtp_1)
                                         int_rf_wr_data_wb[16] (net)
                  0.04    0.00    0.28 ^ _172451_/B (sky130_fd_sc_hd__nand2_1)
     1    0.00    0.02    0.04    0.32 v _172451_/Y (sky130_fd_sc_hd__nand2_1)
                                         _019116_ (net)
                  0.02    0.00    0.32 v _172452_/B1 (sky130_fd_sc_hd__o21ai_0)
     1    0.00    0.05    0.05    0.37 ^ _172452_/Y (sky130_fd_sc_hd__o21ai_0)
                                         _000141_ (net)
                  0.05    0.00    0.37 ^ v_decode.v_rf_ctrl.stage_int_rf_wr_data.internal_data[80]$_DFFE_PN_/D (sky130_fd_sc_hd__dfxtp_1)
                                  0.37   data arrival time

                  0.00    0.00    0.00   clock clk (rise edge)
                          0.00    0.00   clock network delay (ideal)
                          0.00    0.00   clock reconvergence pessimism
                                  0.00 ^ v_decode.v_rf_ctrl.stage_int_rf_wr_data.internal_data[80]$_DFFE_PN_/CLK (sky130_fd_sc_hd__dfxtp_1)
                         -0.04   -0.04   library hold time
                                 -0.04   data required time
-----------------------------------------------------------------------------
                                 -0.04   data required time
                                 -0.37   data arrival time
-----------------------------------------------------------------------------
                                  0.41   slack (MET)



==========================================================================
floorplan final report_checks -path_delay max
--------------------------------------------------------------------------
Startpoint: rst (input port clocked by clk)
Endpoint: v_decode.v_csr.vl[0]$_DFF_PP0_
          (recovery check against rising-edge clock clk)
Path Group: asynchronous
Path Type: max

Fanout     Cap    Slew   Delay    Time   Description
-----------------------------------------------------------------------------
                  0.00    0.00    0.00   clock clk (rise edge)
                          0.00    0.00   clock network delay (ideal)
                         20.00   20.00 v input external delay
     1    0.00    0.00    0.00   20.00 v rst (in)
                                         rst (net)
                  0.00    0.00   20.00 v _170700_/A (sky130_fd_sc_hd__inv_1)
   144    0.52    4.20    2.96   22.96 ^ _170700_/Y (sky130_fd_sc_hd__inv_1)
                                         _000000_ (net)
                  4.20    0.00   22.96 ^ v_decode.v_csr.vl[0]$_DFF_PP0_/RESET_B (sky130_fd_sc_hd__dfrtp_1)
                                 22.96   data arrival time

                  0.00  100.00  100.00   clock clk (rise edge)
                          0.00  100.00   clock network delay (ideal)
                          0.00  100.00   clock reconvergence pessimism
                                100.00 ^ v_decode.v_csr.vl[0]$_DFF_PP0_/CLK (sky130_fd_sc_hd__dfrtp_1)
                         -0.90   99.10   library recovery time
                                 99.10   data required time
-----------------------------------------------------------------------------
                                 99.10   data required time
                                -22.96   data arrival time
-----------------------------------------------------------------------------
                                 76.14   slack (MET)


Startpoint: v_decode.v_rf_ctrl.stage_rf_wr_addr.internal_data[15]$_DFFE_PN_
            (rising edge-triggered flip-flop clocked by clk)
Endpoint: v_decode.v_rf_ctrl.stage_rf_wr_data.internal_data[255]$_DFFE_PN_
          (rising edge-triggered flip-flop clocked by clk)
Path Group: clk
Path Type: max

Fanout     Cap    Slew   Delay    Time   Description
-----------------------------------------------------------------------------
                  0.00    0.00    0.00   clock clk (rise edge)
                          0.00    0.00   clock network delay (ideal)
                  0.00    0.00    0.00 ^ v_decode.v_rf_ctrl.stage_rf_wr_addr.internal_data[15]$_DFFE_PN_/CLK (sky130_fd_sc_hd__dfxtp_1)
  1042    5.96   54.76   38.66   38.66 ^ v_decode.v_rf_ctrl.stage_rf_wr_addr.internal_data[15]$_DFFE_PN_/Q (sky130_fd_sc_hd__dfxtp_1)
                                         rf_wr_addr_wb[0] (net)
                 54.76    0.00   38.66 ^ _172100_/A (sky130_fd_sc_hd__xnor2_1)
     2    0.01    5.78    2.84   41.49 v _172100_/Y (sky130_fd_sc_hd__xnor2_1)
                                         _015303_ (net)
                  5.78    0.00   41.49 v _172102_/B (sky130_fd_sc_hd__nand3_2)
    14    0.06    1.36    2.37   43.87 ^ _172102_/Y (sky130_fd_sc_hd__nand3_2)
                                         _015325_ (net)
                  1.36    0.00   43.87 ^ _182287_/A2 (sky130_fd_sc_hd__o31ai_1)
     1    0.00    0.19    0.18   44.05 v _182287_/Y (sky130_fd_sc_hd__o31ai_1)
                                         _092184_ (net)
                  0.19    0.00   44.05 v _182289_/A3 (sky130_fd_sc_hd__a31oi_2)
    19    0.05    0.64    0.61   44.66 ^ _182289_/Y (sky130_fd_sc_hd__a31oi_2)
                                         _092186_ (net)
                  0.64    0.00   44.66 ^ _183068_/B (sky130_fd_sc_hd__and2_2)
     4    0.02    0.14    0.31   44.96 ^ _183068_/X (sky130_fd_sc_hd__and2_2)
                                         _092965_ (net)
                  0.14    0.00   44.96 ^ _183123_/A2 (sky130_fd_sc_hd__o31ai_2)
    16    0.03    0.52    0.17   45.14 v _183123_/Y (sky130_fd_sc_hd__o31ai_2)
                                         _093020_ (net)
                  0.52    0.00   45.14 v _183192_/A2 (sky130_fd_sc_hd__o21ai_0)
    11    0.03    1.00    0.92   46.05 ^ _183192_/Y (sky130_fd_sc_hd__o21ai_0)
                                         _093089_ (net)
                  1.00    0.00   46.05 ^ _183197_/A2 (sky130_fd_sc_hd__a31oi_2)
     6    0.02    0.25    0.30   46.36 v _183197_/Y (sky130_fd_sc_hd__a31oi_2)
                                         _093094_ (net)
                  0.25    0.00   46.36 v _183207_/B (sky130_fd_sc_hd__nor4_4)
     7    0.02    0.40    0.47   46.83 ^ _183207_/Y (sky130_fd_sc_hd__nor4_4)
                                         _093104_ (net)
                  0.40    0.00   46.83 ^ _183216_/A2 (sky130_fd_sc_hd__o2111a_1)
    10    0.03    0.31    0.42   47.24 ^ _183216_/X (sky130_fd_sc_hd__o2111a_1)
                                         _093113_ (net)
                  0.31    0.00   47.24 ^ _183219_/A3 (sky130_fd_sc_hd__a31o_2)
    14    0.04    0.22    0.34   47.58 ^ _183219_/X (sky130_fd_sc_hd__a31o_2)
                                         _093116_ (net)
                  0.22    0.00   47.58 ^ _183239_/A (sky130_fd_sc_hd__and4_4)
    12    0.03    0.13    0.32   47.91 ^ _183239_/X (sky130_fd_sc_hd__and4_4)
                                         _093136_ (net)
                  0.13    0.00   47.91 ^ _183253_/A2 (sky130_fd_sc_hd__o211ai_2)
    13    0.03    0.23    0.20   48.10 v _183253_/Y (sky130_fd_sc_hd__o211ai_2)
                                         _093150_ (net)
                  0.23    0.00   48.10 v _183261_/A2 (sky130_fd_sc_hd__a2111o_2)
     6    0.02    0.11    0.58   48.69 v _183261_/X (sky130_fd_sc_hd__a2111o_2)
                                         _093158_ (net)
                  0.11    0.00   48.69 v _183266_/A2 (sky130_fd_sc_hd__o31ai_4)
    28    0.07    0.79    0.70   49.38 ^ _183266_/Y (sky130_fd_sc_hd__o31ai_4)
                                         _093163_ (net)
                  0.79    0.00   49.38 ^ _183267_/D (sky130_fd_sc_hd__nand4_2)
    18    0.04    0.48    0.41   49.79 v _183267_/Y (sky130_fd_sc_hd__nand4_2)
                                         _093164_ (net)
                  0.48    0.00   49.79 v _183273_/B1 (sky130_fd_sc_hd__o22ai_2)
    11    0.03    0.39    0.45   50.24 ^ _183273_/Y (sky130_fd_sc_hd__o22ai_2)
                                         _093170_ (net)
                  0.39    0.00   50.24 ^ _183278_/C (sky130_fd_sc_hd__nand4_2)
    10    0.02    0.33    0.26   50.50 v _183278_/Y (sky130_fd_sc_hd__nand4_2)
                                         _093175_ (net)
                  0.33    0.00   50.50 v _183284_/A2 (sky130_fd_sc_hd__o41ai_2)
    40    0.12    2.58    2.16   52.66 ^ _183284_/Y (sky130_fd_sc_hd__o41ai_2)
                                         _093181_ (net)
                  2.58    0.00   52.66 ^ _183293_/B (sky130_fd_sc_hd__nand4_4)
    17    0.04    0.58    0.55   53.21 v _183293_/Y (sky130_fd_sc_hd__nand4_4)
                                         _093190_ (net)
                  0.58    0.00   53.21 v _183294_/A3 (sky130_fd_sc_hd__o31ai_4)
    26    0.07    0.77    0.81   54.02 ^ _183294_/Y (sky130_fd_sc_hd__o31ai_4)
                                         _093191_ (net)
                  0.77    0.00   54.02 ^ _183304_/A (sky130_fd_sc_hd__nand4_2)
    17    0.04    0.50    0.44   54.46 v _183304_/Y (sky130_fd_sc_hd__nand4_2)
                                         _093201_ (net)
                  0.50    0.00   54.46 v _183305_/A4 (sky130_fd_sc_hd__o41a_1)
    36    0.10    0.47    0.86   55.33 v _183305_/X (sky130_fd_sc_hd__o41a_1)
                                         _093202_ (net)
                  0.47    0.00   55.33 v _183315_/B (sky130_fd_sc_hd__nor4_2)
    20    0.06    1.38    1.26   56.59 ^ _183315_/Y (sky130_fd_sc_hd__nor4_2)
                                         _093212_ (net)
                  1.38    0.00   56.59 ^ _183322_/A1 (sky130_fd_sc_hd__a21o_1)
    37    0.10    0.84    0.78   57.37 ^ _183322_/X (sky130_fd_sc_hd__a21o_1)
                                         _093219_ (net)
                  0.84    0.00   57.37 ^ _183343_/A (sky130_fd_sc_hd__nand4_4)
    11    0.03    0.28    0.28   57.65 v _183343_/Y (sky130_fd_sc_hd__nand4_4)
                                         _093240_ (net)
                  0.28    0.00   57.65 v _183350_/A2 (sky130_fd_sc_hd__a2111oi_2)
    33    0.10    2.39    2.02   59.67 ^ _183350_/Y (sky130_fd_sc_hd__a2111oi_2)
                                         _093247_ (net)
                  2.39    0.00   59.67 ^ _183352_/A3 (sky130_fd_sc_hd__a31oi_2)
    54    0.13    0.90    1.10   60.76 v _183352_/Y (sky130_fd_sc_hd__a31oi_2)
                                         _093249_ (net)
                  0.90    0.00   60.76 v _183376_/A1 (sky130_fd_sc_hd__o21ai_2)
    48    0.12    1.33    1.35   62.11 ^ _183376_/Y (sky130_fd_sc_hd__o21ai_2)
                                         _093273_ (net)
                  1.33    0.00   62.11 ^ _186280_/A1 (sky130_fd_sc_hd__a31oi_2)
    34    0.08    0.66    0.76   62.87 v _186280_/Y (sky130_fd_sc_hd__a31oi_2)
                                         _096177_ (net)
                  0.66    0.00   62.87 v _188091_/A1 (sky130_fd_sc_hd__o21ai_0)
   148    0.35    9.70    7.37   70.24 ^ _188091_/Y (sky130_fd_sc_hd__o21ai_0)
                                         _097988_ (net)
                  9.70    0.00   70.24 ^ _226798_/C1 (sky130_fd_sc_hd__o211ai_1)
     2    0.01    1.43    0.77   71.01 v _226798_/Y (sky130_fd_sc_hd__o211ai_1)
                                         _136695_ (net)
                  1.43    0.00   71.01 v _226801_/A (sky130_fd_sc_hd__xnor2_1)
     2    0.01    0.39    0.70   71.71 ^ _226801_/Y (sky130_fd_sc_hd__xnor2_1)
                                         _136698_ (net)
                  0.39    0.00   71.71 ^ _226980_/B (sky130_fd_sc_hd__xor2_1)
     1    0.00    0.10    0.12   71.83 v _226980_/X (sky130_fd_sc_hd__xor2_1)
                                         _136877_ (net)
                  0.10    0.00   71.83 v _226981_/C (sky130_fd_sc_hd__maj3_1)
     2    0.01    0.10    0.40   72.22 v _226981_/X (sky130_fd_sc_hd__maj3_1)
                                         _136878_ (net)
                  0.10    0.00   72.22 v _226989_/B (sky130_fd_sc_hd__xnor3_1)
     2    0.01    0.09    0.37   72.59 v _226989_/X (sky130_fd_sc_hd__xnor3_1)
                                         _136886_ (net)
                  0.09    0.00   72.59 v _227014_/C (sky130_fd_sc_hd__maj3_1)
     4    0.01    0.11    0.41   73.01 v _227014_/X (sky130_fd_sc_hd__maj3_1)
                                         _136911_ (net)
                  0.11    0.00   73.01 v _227017_/D (sky130_fd_sc_hd__or4_1)
     1    0.00    0.08    0.40   73.41 v _227017_/X (sky130_fd_sc_hd__or4_1)
                                         _136914_ (net)
                  0.08    0.00   73.41 v _227019_/A3 (sky130_fd_sc_hd__o31a_1)
     3    0.01    0.07    0.27   73.68 v _227019_/X (sky130_fd_sc_hd__o31a_1)
                                         _136916_ (net)
                  0.07    0.00   73.68 v _227090_/B (sky130_fd_sc_hd__nand2_1)
     1    0.00    0.05    0.07   73.75 ^ _227090_/Y (sky130_fd_sc_hd__nand2_1)
                                         _136987_ (net)
                  0.05    0.00   73.75 ^ _227092_/A (sky130_fd_sc_hd__xnor3_1)
     2    0.01    0.10    0.42   74.17 v _227092_/X (sky130_fd_sc_hd__xnor3_1)
                                         _136989_ (net)
                  0.10    0.00   74.17 v _227093_/B (sky130_fd_sc_hd__xnor2_1)
     5    0.01    0.12    0.19   74.36 v _227093_/Y (sky130_fd_sc_hd__xnor2_1)
                                         _136990_ (net)
                  0.12    0.00   74.36 v _227188_/A (sky130_fd_sc_hd__maj3_1)
     2    0.00    0.08    0.38   74.74 v _227188_/X (sky130_fd_sc_hd__maj3_1)
                                         _137085_ (net)
                  0.08    0.00   74.74 v _227190_/A2 (sky130_fd_sc_hd__a21oi_1)
     5    0.01    0.30    0.29   75.03 ^ _227190_/Y (sky130_fd_sc_hd__a21oi_1)
                                         _137087_ (net)
                  0.30    0.00   75.03 ^ _227979_/A1 (sky130_fd_sc_hd__a21oi_1)
     1    0.00    0.09    0.12   75.15 v _227979_/Y (sky130_fd_sc_hd__a21oi_1)
                                         _137876_ (net)
                  0.09    0.00   75.15 v _227980_/B (sky130_fd_sc_hd__xor2_1)
     4    0.01    0.26    0.25   75.40 ^ _227980_/X (sky130_fd_sc_hd__xor2_1)
                                         _137877_ (net)
                  0.26    0.00   75.40 ^ _227993_/B (sky130_fd_sc_hd__xnor2_1)
     3    0.01    0.28    0.21   75.61 ^ _227993_/Y (sky130_fd_sc_hd__xnor2_1)
                                         _137890_ (net)
                  0.28    0.00   75.61 ^ _227994_/S (sky130_fd_sc_hd__mux2_1)
     1    0.00    0.05    0.35   75.96 v _227994_/X (sky130_fd_sc_hd__mux2_1)
                                         _137891_ (net)
                  0.05    0.00   75.96 v _227996_/A0 (sky130_fd_sc_hd__mux2i_1)
     2    0.00    0.16    0.15   76.11 ^ _227996_/Y (sky130_fd_sc_hd__mux2i_1)
                                         _137893_ (net)
                  0.16    0.00   76.11 ^ _228278_/B1 (sky130_fd_sc_hd__o32ai_1)
     2    0.01    0.11    0.13   76.24 v _228278_/Y (sky130_fd_sc_hd__o32ai_1)
                                         _138175_ (net)
                  0.11    0.00   76.24 v _228279_/B (sky130_fd_sc_hd__xnor2_1)
     4    0.01    0.29    0.28   76.52 ^ _228279_/Y (sky130_fd_sc_hd__xnor2_1)
                                         _138176_ (net)
                  0.29    0.00   76.52 ^ _228499_/B_N (sky130_fd_sc_hd__nor2b_1)
     1    0.00    0.08    0.17   76.69 ^ _228499_/Y (sky130_fd_sc_hd__nor2b_1)
                                         _138396_ (net)
                  0.08    0.00   76.69 ^ _228501_/A (sky130_fd_sc_hd__nor2_1)
     1    0.00    0.03    0.05   76.74 v _228501_/Y (sky130_fd_sc_hd__nor2_1)
                                         _138398_ (net)
                  0.03    0.00   76.74 v _228505_/A1 (sky130_fd_sc_hd__o21ai_1)
     2    0.00    0.14    0.14   76.88 ^ _228505_/Y (sky130_fd_sc_hd__o21ai_1)
                                         _138402_ (net)
                  0.14    0.00   76.88 ^ _228506_/C1 (sky130_fd_sc_hd__o211a_1)
     1    0.00    0.04    0.15   77.03 ^ _228506_/X (sky130_fd_sc_hd__o211a_1)
                                         _138403_ (net)
                  0.04    0.00   77.03 ^ _228509_/A2 (sky130_fd_sc_hd__o21ai_1)
     1    0.00    0.08    0.06   77.09 v _228509_/Y (sky130_fd_sc_hd__o21ai_1)
                                         _138406_ (net)
                  0.08    0.00   77.09 v _228510_/B1 (sky130_fd_sc_hd__o21ai_2)
     4    0.01    0.20    0.10   77.20 ^ _228510_/Y (sky130_fd_sc_hd__o21ai_2)
                                         _138407_ (net)
                  0.20    0.00   77.20 ^ _228511_/A (sky130_fd_sc_hd__inv_2)
     1    0.00    0.04    0.04   77.24 v _228511_/Y (sky130_fd_sc_hd__inv_2)
                                         _138408_ (net)
                  0.04    0.00   77.24 v _228516_/A (sky130_fd_sc_hd__maj3_2)
     2    0.01    0.07    0.32   77.56 v _228516_/X (sky130_fd_sc_hd__maj3_2)
                                         _138413_ (net)
                  0.07    0.00   77.56 v _228521_/A1 (sky130_fd_sc_hd__o21ai_2)
     7    0.02    0.27    0.27   77.83 ^ _228521_/Y (sky130_fd_sc_hd__o21ai_2)
                                         _138418_ (net)
                  0.27    0.00   77.83 ^ _228522_/A (sky130_fd_sc_hd__inv_2)
     1    0.00    0.05    0.05   77.88 v _228522_/Y (sky130_fd_sc_hd__inv_2)
                                         _138419_ (net)
                  0.05    0.00   77.88 v _228523_/C (sky130_fd_sc_hd__maj3_2)
     3    0.01    0.07    0.32   78.20 v _228523_/X (sky130_fd_sc_hd__maj3_2)
                                         _138420_ (net)
                  0.07    0.00   78.20 v _230656_/C (sky130_fd_sc_hd__maj3_1)
     1    0.00    0.07    0.35   78.56 v _230656_/X (sky130_fd_sc_hd__maj3_1)
                                         _140553_ (net)
                  0.07    0.00   78.56 v _230657_/C (sky130_fd_sc_hd__maj3_1)
     1    0.00    0.08    0.36   78.92 v _230657_/X (sky130_fd_sc_hd__maj3_1)
                                         _140554_ (net)
                  0.08    0.00   78.92 v _230660_/A (sky130_fd_sc_hd__xnor2_1)
     1    0.00    0.16    0.18   79.11 ^ _230660_/Y (sky130_fd_sc_hd__xnor2_1)
                                         _140557_ (net)
                  0.16    0.00   79.11 ^ _230661_/B (sky130_fd_sc_hd__xnor2_1)
     3    0.01    0.24    0.18   79.28 ^ _230661_/Y (sky130_fd_sc_hd__xnor2_1)
                                         _140558_ (net)
                  0.24    0.00   79.28 ^ _230662_/B (sky130_fd_sc_hd__and2_1)
     3    0.01    0.08    0.18   79.47 ^ _230662_/X (sky130_fd_sc_hd__and2_1)
                                         _140559_ (net)
                  0.08    0.00   79.47 ^ _230663_/A (sky130_fd_sc_hd__inv_1)
     2    0.00    0.03    0.05   79.52 v _230663_/Y (sky130_fd_sc_hd__inv_1)
                                         _140560_ (net)
                  0.03    0.00   79.52 v _230809_/B1 (sky130_fd_sc_hd__a221oi_1)
     5    0.01    0.47    0.41   79.93 ^ _230809_/Y (sky130_fd_sc_hd__a221oi_1)
                                         _140706_ (net)
                  0.47    0.00   79.93 ^ _231223_/A2 (sky130_fd_sc_hd__o211ai_1)
    14    0.03    0.33    0.36   80.29 v _231223_/Y (sky130_fd_sc_hd__o211ai_1)
                                         _141120_ (net)
                  0.33    0.00   80.29 v _232176_/A (sky130_fd_sc_hd__xor2_1)
     3    0.01    0.18    0.29   80.58 v _232176_/X (sky130_fd_sc_hd__xor2_1)
                                         _142073_ (net)
                  0.18    0.00   80.58 v _232177_/B2 (sky130_fd_sc_hd__a22o_2)
     2    0.00    0.04    0.28   80.86 v _232177_/X (sky130_fd_sc_hd__a22o_2)
                                         _142074_ (net)
                  0.04    0.00   80.86 v _232178_/C1 (sky130_fd_sc_hd__a311o_1)
     3    0.01    0.07    0.29   81.14 v _232178_/X (sky130_fd_sc_hd__a311o_1)
                                         _142075_ (net)
                  0.07    0.00   81.14 v _232214_/A1 (sky130_fd_sc_hd__a32o_1)
    10    0.03    0.14    0.33   81.47 v _232214_/X (sky130_fd_sc_hd__a32o_1)
                                         _142111_ (net)
                  0.14    0.00   81.47 v _240375_/A (sky130_fd_sc_hd__maj3_1)
     4    0.01    0.10    0.42   81.89 v _240375_/X (sky130_fd_sc_hd__maj3_1)
                                         _150272_ (net)
                  0.10    0.00   81.89 v _240400_/A (sky130_fd_sc_hd__or4_4)
     2    0.01    0.09    0.55   82.44 v _240400_/X (sky130_fd_sc_hd__or4_4)
                                         _150297_ (net)
                  0.09    0.00   82.44 v _240826_/A1 (sky130_fd_sc_hd__a31oi_2)
     4    0.01    0.24    0.22   82.66 ^ _240826_/Y (sky130_fd_sc_hd__a31oi_2)
                                         _150723_ (net)
                  0.24    0.00   82.66 ^ _240827_/C (sky130_fd_sc_hd__maj3_2)
     1    0.01    0.07    0.27   82.94 ^ _240827_/X (sky130_fd_sc_hd__maj3_2)
                                         _150724_ (net)
                  0.07    0.00   82.94 ^ _240845_/A (sky130_fd_sc_hd__xor2_2)
     8    0.02    0.12    0.12   83.06 v _240845_/X (sky130_fd_sc_hd__xor2_2)
                                         _150742_ (net)
                  0.12    0.00   83.06 v _240886_/B (sky130_fd_sc_hd__and2_2)
     2    0.00    0.04    0.22   83.28 v _240886_/X (sky130_fd_sc_hd__and2_2)
                                         _150783_ (net)
                  0.04    0.00   83.28 v _240887_/B1 (sky130_fd_sc_hd__a21o_2)
     1    0.00    0.03    0.18   83.46 v _240887_/X (sky130_fd_sc_hd__a21o_2)
                                         _150784_ (net)
                  0.03    0.00   83.46 v _240890_/B1 (sky130_fd_sc_hd__a221oi_1)
     2    0.00    0.25    0.25   83.70 ^ _240890_/Y (sky130_fd_sc_hd__a221oi_1)
                                         _150787_ (net)
                  0.25    0.00   83.70 ^ _240891_/B1 (sky130_fd_sc_hd__o21ai_1)
     1    0.00    0.07    0.10   83.80 v _240891_/Y (sky130_fd_sc_hd__o21ai_1)
                                         _150788_ (net)
                  0.07    0.00   83.80 v _240893_/A4 (sky130_fd_sc_hd__o41a_1)
    11    0.02    0.17    0.43   84.23 v _240893_/X (sky130_fd_sc_hd__o41a_1)
                                         _150790_ (net)
                  0.17    0.00   84.23 v _240929_/A (sky130_fd_sc_hd__or3_1)
     7    0.02    0.16    0.52   84.75 v _240929_/X (sky130_fd_sc_hd__or3_1)
                                         _150826_ (net)
                  0.16    0.00   84.75 v _240949_/A (sky130_fd_sc_hd__nor3b_2)
     5    0.02    0.30    0.34   85.09 ^ _240949_/Y (sky130_fd_sc_hd__nor3b_2)
                                         _150846_ (net)
                  0.30    0.00   85.09 ^ _275932_/A (sky130_fd_sc_hd__xnor2_1)
     4    0.01    0.28    0.22   85.31 ^ _275932_/Y (sky130_fd_sc_hd__xnor2_1)
                                         _017259_ (net)
                  0.28    0.00   85.31 ^ _275933_/C (sky130_fd_sc_hd__xor3_1)
     4    0.01    0.12    0.25   85.56 ^ _275933_/X (sky130_fd_sc_hd__xor3_1)
                                         _017260_ (net)
                  0.12    0.00   85.56 ^ _275934_/C1 (sky130_fd_sc_hd__o211a_1)
     2    0.00    0.05    0.16   85.72 ^ _275934_/X (sky130_fd_sc_hd__o211a_1)
                                         _017261_ (net)
                  0.05    0.00   85.72 ^ _275935_/B1_N (sky130_fd_sc_hd__a21bo_1)
     1    0.00    0.03    0.19   85.91 v _275935_/X (sky130_fd_sc_hd__a21bo_1)
                                         _017262_ (net)
                  0.03    0.00   85.91 v _275936_/C1 (sky130_fd_sc_hd__a311o_2)
     3    0.01    0.07    0.33   86.23 v _275936_/X (sky130_fd_sc_hd__a311o_2)
                                         _017263_ (net)
                  0.07    0.00   86.23 v _275949_/A1 (sky130_fd_sc_hd__a21oi_2)
     3    0.01    0.18    0.19   86.42 ^ _275949_/Y (sky130_fd_sc_hd__a21oi_2)
                                         _017277_ (net)
                  0.18    0.00   86.42 ^ _276058_/A2 (sky130_fd_sc_hd__o21ai_2)
     8    0.02    0.10    0.13   86.56 v _276058_/Y (sky130_fd_sc_hd__o21ai_2)
                                         _017396_ (net)
                  0.10    0.00   86.56 v _276060_/A1 (sky130_fd_sc_hd__a22oi_1)
     1    0.00    0.13    0.17   86.72 ^ _276060_/Y (sky130_fd_sc_hd__a22oi_1)
                                         _017398_ (net)
                  0.13    0.00   86.72 ^ _276062_/A2 (sky130_fd_sc_hd__o21ai_0)
     1    0.00    0.08    0.10   86.83 v _276062_/Y (sky130_fd_sc_hd__o21ai_0)
                                         _017401_ (net)
                  0.08    0.00   86.83 v _276064_/A (sky130_fd_sc_hd__xnor2_1)
    11    0.03    0.65    0.55   87.38 ^ _276064_/Y (sky130_fd_sc_hd__xnor2_1)
                                         _017403_ (net)
                  0.65    0.00   87.38 ^ _307165_/A_N (sky130_fd_sc_hd__nand3b_2)
    13    0.04    0.26    0.37   87.75 ^ _307165_/Y (sky130_fd_sc_hd__nand3b_2)
                                         _051404_ (net)
                  0.26    0.00   87.75 ^ _307166_/B (sky130_fd_sc_hd__nor2_4)
    11    0.03    0.09    0.10   87.85 v _307166_/Y (sky130_fd_sc_hd__nor2_4)
                                         _051405_ (net)
                  0.09    0.00   87.85 v _307167_/B1 (sky130_fd_sc_hd__o21a_4)
     5    0.02    0.05    0.15   88.00 v _307167_/X (sky130_fd_sc_hd__o21a_4)
                                         _051406_ (net)
                  0.05    0.00   88.00 v _307168_/C (sky130_fd_sc_hd__nand3_2)
     5    0.02    0.11    0.11   88.11 ^ _307168_/Y (sky130_fd_sc_hd__nand3_2)
                                         _051407_ (net)
                  0.11    0.00   88.11 ^ _308049_/B1 (sky130_fd_sc_hd__a21oi_2)
     3    0.01    0.06    0.06   88.17 v _308049_/Y (sky130_fd_sc_hd__a21oi_2)
                                         _052370_ (net)
                  0.06    0.00   88.17 v _308941_/B1_N (sky130_fd_sc_hd__a21boi_2)
     2    0.00    0.07    0.16   88.33 v _308941_/Y (sky130_fd_sc_hd__a21boi_2)
                                         _053346_ (net)
                  0.07    0.00   88.33 v _308948_/A (sky130_fd_sc_hd__and3_2)
     2    0.01    0.05    0.20   88.52 v _308948_/X (sky130_fd_sc_hd__and3_2)
                                         _053354_ (net)
                  0.05    0.00   88.52 v _308951_/B1 (sky130_fd_sc_hd__a2111oi_2)
     1    0.00    0.30    0.35   88.87 ^ _308951_/Y (sky130_fd_sc_hd__a2111oi_2)
                                         _053357_ (net)
                  0.30    0.00   88.87 ^ _308976_/A (sky130_fd_sc_hd__xor2_1)
     3    0.01    0.29    0.30   89.17 ^ _308976_/X (sky130_fd_sc_hd__xor2_1)
                                         _053385_ (net)
                  0.29    0.00   89.17 ^ _308977_/B (sky130_fd_sc_hd__xnor2_1)
     2    0.01    0.14    0.18   89.35 v _308977_/Y (sky130_fd_sc_hd__xnor2_1)
                                         _053386_ (net)
                  0.14    0.00   89.35 v _308985_/A (sky130_fd_sc_hd__nor2_4)
     1    0.01    0.09    0.15   89.50 ^ _308985_/Y (sky130_fd_sc_hd__nor2_4)
                                         _053395_ (net)
                  0.09    0.00   89.50 ^ _308986_/C1 (sky130_fd_sc_hd__o211ai_4)
    14    0.05    0.20    0.16   89.66 v _308986_/Y (sky130_fd_sc_hd__o211ai_4)
                                         _053396_ (net)
                  0.20    0.00   89.66 v _314501_/A1 (sky130_fd_sc_hd__a2111oi_2)
     9    0.04    1.02    0.89   90.55 ^ _314501_/Y (sky130_fd_sc_hd__a2111oi_2)
                                         _059431_ (net)
                  1.02    0.00   90.55 ^ _321184_/A (sky130_fd_sc_hd__nand2_2)
     3    0.01    0.19    0.15   90.70 v _321184_/Y (sky130_fd_sc_hd__nand2_2)
                                         _066745_ (net)
                  0.19    0.00   90.70 v _321194_/C (sky130_fd_sc_hd__nor4b_1)
     1    0.00    0.31    0.34   91.03 ^ _321194_/Y (sky130_fd_sc_hd__nor4b_1)
                                         _066756_ (net)
                  0.31    0.00   91.03 ^ _321195_/B (sky130_fd_sc_hd__xor2_1)
     1    0.00    0.11    0.17   91.20 ^ _321195_/X (sky130_fd_sc_hd__xor2_1)
                                         _066757_ (net)
                  0.11    0.00   91.20 ^ _321201_/B1 (sky130_fd_sc_hd__a221oi_1)
     1    0.01    0.71    0.11   91.31 v _321201_/Y (sky130_fd_sc_hd__a221oi_1)
                                         _066763_ (net)
                  0.71    0.00   91.31 v _321202_/B (sky130_fd_sc_hd__xnor2_2)
     2    0.01    0.19    0.34   91.65 v _321202_/Y (sky130_fd_sc_hd__xnor2_2)
                                         _066765_ (net)
                  0.19    0.00   91.65 v _321219_/B (sky130_fd_sc_hd__nor4b_2)
     2    0.01    0.25    0.33   91.98 ^ _321219_/Y (sky130_fd_sc_hd__nor4b_2)
                                         _066783_ (net)
                  0.25    0.00   91.98 ^ _321264_/B (sky130_fd_sc_hd__nand4b_2)
     5    0.01    0.16    0.20   92.18 v _321264_/Y (sky130_fd_sc_hd__nand4b_2)
                                         _066832_ (net)
                  0.16    0.00   92.18 v _321323_/A2 (sky130_fd_sc_hd__o41ai_2)
     4    0.01    0.38    0.45   92.63 ^ _321323_/Y (sky130_fd_sc_hd__o41ai_2)
                                         _066897_ (net)
                  0.38    0.00   92.63 ^ _321358_/A (sky130_fd_sc_hd__and3_1)
     4    0.01    0.09    0.25   92.88 ^ _321358_/X (sky130_fd_sc_hd__and3_1)
                                         _066935_ (net)
                  0.09    0.00   92.88 ^ _321359_/D_N (sky130_fd_sc_hd__or4b_1)
     6    0.02    0.16    0.54   93.42 v _321359_/X (sky130_fd_sc_hd__or4b_1)
                                         _066936_ (net)
                  0.16    0.00   93.42 v _321427_/A2 (sky130_fd_sc_hd__o41a_1)
     8    0.03    0.20    0.57   93.99 v _321427_/X (sky130_fd_sc_hd__o41a_1)
                                         _067010_ (net)
                  0.20    0.00   93.99 v _328364_/A (sky130_fd_sc_hd__or4_4)
     2    0.00    0.08    0.58   94.57 v _328364_/X (sky130_fd_sc_hd__or4_4)
                                         _074606_ (net)
                  0.08    0.00   94.57 v _328532_/A2 (sky130_fd_sc_hd__a21oi_1)
     1    0.00    0.45    0.15   94.71 ^ _328532_/Y (sky130_fd_sc_hd__a21oi_1)
                                         _074791_ (net)
                  0.45    0.00   94.71 ^ _328545_/B1 (sky130_fd_sc_hd__o221a_1)
     1    0.00    0.09    0.26   94.97 ^ _328545_/X (sky130_fd_sc_hd__o221a_1)
                                         _074805_ (net)
                  0.09    0.00   94.97 ^ _328546_/B1 (sky130_fd_sc_hd__a21oi_1)
     1    0.00    0.72    0.05   95.03 v _328546_/Y (sky130_fd_sc_hd__a21oi_1)
                                         _074806_ (net)
                  0.72    0.00   95.03 v _328569_/A (sky130_fd_sc_hd__nor4_2)
     3    0.01    0.30    0.52   95.55 ^ _328569_/Y (sky130_fd_sc_hd__nor4_2)
                                         _074831_ (net)
                  0.30    0.00   95.55 ^ _330909_/B (sky130_fd_sc_hd__nand3_1)
     3    0.01    0.12    0.16   95.70 v _330909_/Y (sky130_fd_sc_hd__nand3_1)
                                         _077381_ (net)
                  0.12    0.00   95.70 v _332272_/B2 (sky130_fd_sc_hd__a22o_1)
     1    0.00    0.04    0.21   95.92 v _332272_/X (sky130_fd_sc_hd__a22o_1)
                                         _078785_ (net)
                  0.04    0.00   95.92 v _332276_/B1 (sky130_fd_sc_hd__a211o_1)
     1    0.00    0.05    0.25   96.16 v _332276_/X (sky130_fd_sc_hd__a211o_1)
                                         _000590_ (net)
                  0.05    0.00   96.16 v v_decode.v_rf_ctrl.stage_rf_wr_data.internal_data[255]$_DFFE_PN_/D (sky130_fd_sc_hd__dfxtp_1)
                                 96.16   data arrival time

                  0.00  100.00  100.00   clock clk (rise edge)
                          0.00  100.00   clock network delay (ideal)
                          0.00  100.00   clock reconvergence pessimism
                                100.00 ^ v_decode.v_rf_ctrl.stage_rf_wr_data.internal_data[255]$_DFFE_PN_/CLK (sky130_fd_sc_hd__dfxtp_1)
                         -0.12   99.88   library setup time
                                 99.88   data required time
-----------------------------------------------------------------------------
                                 99.88   data required time
                                -96.16   data arrival time
-----------------------------------------------------------------------------
                                  3.71   slack (MET)



==========================================================================
floorplan final report_checks -unconstrained
--------------------------------------------------------------------------
Startpoint: rst (input port clocked by clk)
Endpoint: v_decode.v_csr.vl[0]$_DFF_PP0_
          (recovery check against rising-edge clock clk)
Path Group: asynchronous
Path Type: max

Fanout     Cap    Slew   Delay    Time   Description
-----------------------------------------------------------------------------
                  0.00    0.00    0.00   clock clk (rise edge)
                          0.00    0.00   clock network delay (ideal)
                         20.00   20.00 v input external delay
     1    0.00    0.00    0.00   20.00 v rst (in)
                                         rst (net)
                  0.00    0.00   20.00 v _170700_/A (sky130_fd_sc_hd__inv_1)
   144    0.52    4.20    2.96   22.96 ^ _170700_/Y (sky130_fd_sc_hd__inv_1)
                                         _000000_ (net)
                  4.20    0.00   22.96 ^ v_decode.v_csr.vl[0]$_DFF_PP0_/RESET_B (sky130_fd_sc_hd__dfrtp_1)
                                 22.96   data arrival time

                  0.00  100.00  100.00   clock clk (rise edge)
                          0.00  100.00   clock network delay (ideal)
                          0.00  100.00   clock reconvergence pessimism
                                100.00 ^ v_decode.v_csr.vl[0]$_DFF_PP0_/CLK (sky130_fd_sc_hd__dfrtp_1)
                         -0.90   99.10   library recovery time
                                 99.10   data required time
-----------------------------------------------------------------------------
                                 99.10   data required time
                                -22.96   data arrival time
-----------------------------------------------------------------------------
                                 76.14   slack (MET)


Startpoint: v_decode.v_rf_ctrl.stage_rf_wr_addr.internal_data[15]$_DFFE_PN_
            (rising edge-triggered flip-flop clocked by clk)
Endpoint: v_decode.v_rf_ctrl.stage_rf_wr_data.internal_data[255]$_DFFE_PN_
          (rising edge-triggered flip-flop clocked by clk)
Path Group: clk
Path Type: max

Fanout     Cap    Slew   Delay    Time   Description
-----------------------------------------------------------------------------
                  0.00    0.00    0.00   clock clk (rise edge)
                          0.00    0.00   clock network delay (ideal)
                  0.00    0.00    0.00 ^ v_decode.v_rf_ctrl.stage_rf_wr_addr.internal_data[15]$_DFFE_PN_/CLK (sky130_fd_sc_hd__dfxtp_1)
  1042    5.96   54.76   38.66   38.66 ^ v_decode.v_rf_ctrl.stage_rf_wr_addr.internal_data[15]$_DFFE_PN_/Q (sky130_fd_sc_hd__dfxtp_1)
                                         rf_wr_addr_wb[0] (net)
                 54.76    0.00   38.66 ^ _172100_/A (sky130_fd_sc_hd__xnor2_1)
     2    0.01    5.78    2.84   41.49 v _172100_/Y (sky130_fd_sc_hd__xnor2_1)
                                         _015303_ (net)
                  5.78    0.00   41.49 v _172102_/B (sky130_fd_sc_hd__nand3_2)
    14    0.06    1.36    2.37   43.87 ^ _172102_/Y (sky130_fd_sc_hd__nand3_2)
                                         _015325_ (net)
                  1.36    0.00   43.87 ^ _182287_/A2 (sky130_fd_sc_hd__o31ai_1)
     1    0.00    0.19    0.18   44.05 v _182287_/Y (sky130_fd_sc_hd__o31ai_1)
                                         _092184_ (net)
                  0.19    0.00   44.05 v _182289_/A3 (sky130_fd_sc_hd__a31oi_2)
    19    0.05    0.64    0.61   44.66 ^ _182289_/Y (sky130_fd_sc_hd__a31oi_2)
                                         _092186_ (net)
                  0.64    0.00   44.66 ^ _183068_/B (sky130_fd_sc_hd__and2_2)
     4    0.02    0.14    0.31   44.96 ^ _183068_/X (sky130_fd_sc_hd__and2_2)
                                         _092965_ (net)
                  0.14    0.00   44.96 ^ _183123_/A2 (sky130_fd_sc_hd__o31ai_2)
    16    0.03    0.52    0.17   45.14 v _183123_/Y (sky130_fd_sc_hd__o31ai_2)
                                         _093020_ (net)
                  0.52    0.00   45.14 v _183192_/A2 (sky130_fd_sc_hd__o21ai_0)
    11    0.03    1.00    0.92   46.05 ^ _183192_/Y (sky130_fd_sc_hd__o21ai_0)
                                         _093089_ (net)
                  1.00    0.00   46.05 ^ _183197_/A2 (sky130_fd_sc_hd__a31oi_2)
     6    0.02    0.25    0.30   46.36 v _183197_/Y (sky130_fd_sc_hd__a31oi_2)
                                         _093094_ (net)
                  0.25    0.00   46.36 v _183207_/B (sky130_fd_sc_hd__nor4_4)
     7    0.02    0.40    0.47   46.83 ^ _183207_/Y (sky130_fd_sc_hd__nor4_4)
                                         _093104_ (net)
                  0.40    0.00   46.83 ^ _183216_/A2 (sky130_fd_sc_hd__o2111a_1)
    10    0.03    0.31    0.42   47.24 ^ _183216_/X (sky130_fd_sc_hd__o2111a_1)
                                         _093113_ (net)
                  0.31    0.00   47.24 ^ _183219_/A3 (sky130_fd_sc_hd__a31o_2)
    14    0.04    0.22    0.34   47.58 ^ _183219_/X (sky130_fd_sc_hd__a31o_2)
                                         _093116_ (net)
                  0.22    0.00   47.58 ^ _183239_/A (sky130_fd_sc_hd__and4_4)
    12    0.03    0.13    0.32   47.91 ^ _183239_/X (sky130_fd_sc_hd__and4_4)
                                         _093136_ (net)
                  0.13    0.00   47.91 ^ _183253_/A2 (sky130_fd_sc_hd__o211ai_2)
    13    0.03    0.23    0.20   48.10 v _183253_/Y (sky130_fd_sc_hd__o211ai_2)
                                         _093150_ (net)
                  0.23    0.00   48.10 v _183261_/A2 (sky130_fd_sc_hd__a2111o_2)
     6    0.02    0.11    0.58   48.69 v _183261_/X (sky130_fd_sc_hd__a2111o_2)
                                         _093158_ (net)
                  0.11    0.00   48.69 v _183266_/A2 (sky130_fd_sc_hd__o31ai_4)
    28    0.07    0.79    0.70   49.38 ^ _183266_/Y (sky130_fd_sc_hd__o31ai_4)
                                         _093163_ (net)
                  0.79    0.00   49.38 ^ _183267_/D (sky130_fd_sc_hd__nand4_2)
    18    0.04    0.48    0.41   49.79 v _183267_/Y (sky130_fd_sc_hd__nand4_2)
                                         _093164_ (net)
                  0.48    0.00   49.79 v _183273_/B1 (sky130_fd_sc_hd__o22ai_2)
    11    0.03    0.39    0.45   50.24 ^ _183273_/Y (sky130_fd_sc_hd__o22ai_2)
                                         _093170_ (net)
                  0.39    0.00   50.24 ^ _183278_/C (sky130_fd_sc_hd__nand4_2)
    10    0.02    0.33    0.26   50.50 v _183278_/Y (sky130_fd_sc_hd__nand4_2)
                                         _093175_ (net)
                  0.33    0.00   50.50 v _183284_/A2 (sky130_fd_sc_hd__o41ai_2)
    40    0.12    2.58    2.16   52.66 ^ _183284_/Y (sky130_fd_sc_hd__o41ai_2)
                                         _093181_ (net)
                  2.58    0.00   52.66 ^ _183293_/B (sky130_fd_sc_hd__nand4_4)
    17    0.04    0.58    0.55   53.21 v _183293_/Y (sky130_fd_sc_hd__nand4_4)
                                         _093190_ (net)
                  0.58    0.00   53.21 v _183294_/A3 (sky130_fd_sc_hd__o31ai_4)
    26    0.07    0.77    0.81   54.02 ^ _183294_/Y (sky130_fd_sc_hd__o31ai_4)
                                         _093191_ (net)
                  0.77    0.00   54.02 ^ _183304_/A (sky130_fd_sc_hd__nand4_2)
    17    0.04    0.50    0.44   54.46 v _183304_/Y (sky130_fd_sc_hd__nand4_2)
                                         _093201_ (net)
                  0.50    0.00   54.46 v _183305_/A4 (sky130_fd_sc_hd__o41a_1)
    36    0.10    0.47    0.86   55.33 v _183305_/X (sky130_fd_sc_hd__o41a_1)
                                         _093202_ (net)
                  0.47    0.00   55.33 v _183315_/B (sky130_fd_sc_hd__nor4_2)
    20    0.06    1.38    1.26   56.59 ^ _183315_/Y (sky130_fd_sc_hd__nor4_2)
                                         _093212_ (net)
                  1.38    0.00   56.59 ^ _183322_/A1 (sky130_fd_sc_hd__a21o_1)
    37    0.10    0.84    0.78   57.37 ^ _183322_/X (sky130_fd_sc_hd__a21o_1)
                                         _093219_ (net)
                  0.84    0.00   57.37 ^ _183343_/A (sky130_fd_sc_hd__nand4_4)
    11    0.03    0.28    0.28   57.65 v _183343_/Y (sky130_fd_sc_hd__nand4_4)
                                         _093240_ (net)
                  0.28    0.00   57.65 v _183350_/A2 (sky130_fd_sc_hd__a2111oi_2)
    33    0.10    2.39    2.02   59.67 ^ _183350_/Y (sky130_fd_sc_hd__a2111oi_2)
                                         _093247_ (net)
                  2.39    0.00   59.67 ^ _183352_/A3 (sky130_fd_sc_hd__a31oi_2)
    54    0.13    0.90    1.10   60.76 v _183352_/Y (sky130_fd_sc_hd__a31oi_2)
                                         _093249_ (net)
                  0.90    0.00   60.76 v _183376_/A1 (sky130_fd_sc_hd__o21ai_2)
    48    0.12    1.33    1.35   62.11 ^ _183376_/Y (sky130_fd_sc_hd__o21ai_2)
                                         _093273_ (net)
                  1.33    0.00   62.11 ^ _186280_/A1 (sky130_fd_sc_hd__a31oi_2)
    34    0.08    0.66    0.76   62.87 v _186280_/Y (sky130_fd_sc_hd__a31oi_2)
                                         _096177_ (net)
                  0.66    0.00   62.87 v _188091_/A1 (sky130_fd_sc_hd__o21ai_0)
   148    0.35    9.70    7.37   70.24 ^ _188091_/Y (sky130_fd_sc_hd__o21ai_0)
                                         _097988_ (net)
                  9.70    0.00   70.24 ^ _226798_/C1 (sky130_fd_sc_hd__o211ai_1)
     2    0.01    1.43    0.77   71.01 v _226798_/Y (sky130_fd_sc_hd__o211ai_1)
                                         _136695_ (net)
                  1.43    0.00   71.01 v _226801_/A (sky130_fd_sc_hd__xnor2_1)
     2    0.01    0.39    0.70   71.71 ^ _226801_/Y (sky130_fd_sc_hd__xnor2_1)
                                         _136698_ (net)
                  0.39    0.00   71.71 ^ _226980_/B (sky130_fd_sc_hd__xor2_1)
     1    0.00    0.10    0.12   71.83 v _226980_/X (sky130_fd_sc_hd__xor2_1)
                                         _136877_ (net)
                  0.10    0.00   71.83 v _226981_/C (sky130_fd_sc_hd__maj3_1)
     2    0.01    0.10    0.40   72.22 v _226981_/X (sky130_fd_sc_hd__maj3_1)
                                         _136878_ (net)
                  0.10    0.00   72.22 v _226989_/B (sky130_fd_sc_hd__xnor3_1)
     2    0.01    0.09    0.37   72.59 v _226989_/X (sky130_fd_sc_hd__xnor3_1)
                                         _136886_ (net)
                  0.09    0.00   72.59 v _227014_/C (sky130_fd_sc_hd__maj3_1)
     4    0.01    0.11    0.41   73.01 v _227014_/X (sky130_fd_sc_hd__maj3_1)
                                         _136911_ (net)
                  0.11    0.00   73.01 v _227017_/D (sky130_fd_sc_hd__or4_1)
     1    0.00    0.08    0.40   73.41 v _227017_/X (sky130_fd_sc_hd__or4_1)
                                         _136914_ (net)
                  0.08    0.00   73.41 v _227019_/A3 (sky130_fd_sc_hd__o31a_1)
     3    0.01    0.07    0.27   73.68 v _227019_/X (sky130_fd_sc_hd__o31a_1)
                                         _136916_ (net)
                  0.07    0.00   73.68 v _227090_/B (sky130_fd_sc_hd__nand2_1)
     1    0.00    0.05    0.07   73.75 ^ _227090_/Y (sky130_fd_sc_hd__nand2_1)
                                         _136987_ (net)
                  0.05    0.00   73.75 ^ _227092_/A (sky130_fd_sc_hd__xnor3_1)
     2    0.01    0.10    0.42   74.17 v _227092_/X (sky130_fd_sc_hd__xnor3_1)
                                         _136989_ (net)
                  0.10    0.00   74.17 v _227093_/B (sky130_fd_sc_hd__xnor2_1)
     5    0.01    0.12    0.19   74.36 v _227093_/Y (sky130_fd_sc_hd__xnor2_1)
                                         _136990_ (net)
                  0.12    0.00   74.36 v _227188_/A (sky130_fd_sc_hd__maj3_1)
     2    0.00    0.08    0.38   74.74 v _227188_/X (sky130_fd_sc_hd__maj3_1)
                                         _137085_ (net)
                  0.08    0.00   74.74 v _227190_/A2 (sky130_fd_sc_hd__a21oi_1)
     5    0.01    0.30    0.29   75.03 ^ _227190_/Y (sky130_fd_sc_hd__a21oi_1)
                                         _137087_ (net)
                  0.30    0.00   75.03 ^ _227979_/A1 (sky130_fd_sc_hd__a21oi_1)
     1    0.00    0.09    0.12   75.15 v _227979_/Y (sky130_fd_sc_hd__a21oi_1)
                                         _137876_ (net)
                  0.09    0.00   75.15 v _227980_/B (sky130_fd_sc_hd__xor2_1)
     4    0.01    0.26    0.25   75.40 ^ _227980_/X (sky130_fd_sc_hd__xor2_1)
                                         _137877_ (net)
                  0.26    0.00   75.40 ^ _227993_/B (sky130_fd_sc_hd__xnor2_1)
     3    0.01    0.28    0.21   75.61 ^ _227993_/Y (sky130_fd_sc_hd__xnor2_1)
                                         _137890_ (net)
                  0.28    0.00   75.61 ^ _227994_/S (sky130_fd_sc_hd__mux2_1)
     1    0.00    0.05    0.35   75.96 v _227994_/X (sky130_fd_sc_hd__mux2_1)
                                         _137891_ (net)
                  0.05    0.00   75.96 v _227996_/A0 (sky130_fd_sc_hd__mux2i_1)
     2    0.00    0.16    0.15   76.11 ^ _227996_/Y (sky130_fd_sc_hd__mux2i_1)
                                         _137893_ (net)
                  0.16    0.00   76.11 ^ _228278_/B1 (sky130_fd_sc_hd__o32ai_1)
     2    0.01    0.11    0.13   76.24 v _228278_/Y (sky130_fd_sc_hd__o32ai_1)
                                         _138175_ (net)
                  0.11    0.00   76.24 v _228279_/B (sky130_fd_sc_hd__xnor2_1)
     4    0.01    0.29    0.28   76.52 ^ _228279_/Y (sky130_fd_sc_hd__xnor2_1)
                                         _138176_ (net)
                  0.29    0.00   76.52 ^ _228499_/B_N (sky130_fd_sc_hd__nor2b_1)
     1    0.00    0.08    0.17   76.69 ^ _228499_/Y (sky130_fd_sc_hd__nor2b_1)
                                         _138396_ (net)
                  0.08    0.00   76.69 ^ _228501_/A (sky130_fd_sc_hd__nor2_1)
     1    0.00    0.03    0.05   76.74 v _228501_/Y (sky130_fd_sc_hd__nor2_1)
                                         _138398_ (net)
                  0.03    0.00   76.74 v _228505_/A1 (sky130_fd_sc_hd__o21ai_1)
     2    0.00    0.14    0.14   76.88 ^ _228505_/Y (sky130_fd_sc_hd__o21ai_1)
                                         _138402_ (net)
                  0.14    0.00   76.88 ^ _228506_/C1 (sky130_fd_sc_hd__o211a_1)
     1    0.00    0.04    0.15   77.03 ^ _228506_/X (sky130_fd_sc_hd__o211a_1)
                                         _138403_ (net)
                  0.04    0.00   77.03 ^ _228509_/A2 (sky130_fd_sc_hd__o21ai_1)
     1    0.00    0.08    0.06   77.09 v _228509_/Y (sky130_fd_sc_hd__o21ai_1)
                                         _138406_ (net)
                  0.08    0.00   77.09 v _228510_/B1 (sky130_fd_sc_hd__o21ai_2)
     4    0.01    0.20    0.10   77.20 ^ _228510_/Y (sky130_fd_sc_hd__o21ai_2)
                                         _138407_ (net)
                  0.20    0.00   77.20 ^ _228511_/A (sky130_fd_sc_hd__inv_2)
     1    0.00    0.04    0.04   77.24 v _228511_/Y (sky130_fd_sc_hd__inv_2)
                                         _138408_ (net)
                  0.04    0.00   77.24 v _228516_/A (sky130_fd_sc_hd__maj3_2)
     2    0.01    0.07    0.32   77.56 v _228516_/X (sky130_fd_sc_hd__maj3_2)
                                         _138413_ (net)
                  0.07    0.00   77.56 v _228521_/A1 (sky130_fd_sc_hd__o21ai_2)
     7    0.02    0.27    0.27   77.83 ^ _228521_/Y (sky130_fd_sc_hd__o21ai_2)
                                         _138418_ (net)
                  0.27    0.00   77.83 ^ _228522_/A (sky130_fd_sc_hd__inv_2)
     1    0.00    0.05    0.05   77.88 v _228522_/Y (sky130_fd_sc_hd__inv_2)
                                         _138419_ (net)
                  0.05    0.00   77.88 v _228523_/C (sky130_fd_sc_hd__maj3_2)
     3    0.01    0.07    0.32   78.20 v _228523_/X (sky130_fd_sc_hd__maj3_2)
                                         _138420_ (net)
                  0.07    0.00   78.20 v _230656_/C (sky130_fd_sc_hd__maj3_1)
     1    0.00    0.07    0.35   78.56 v _230656_/X (sky130_fd_sc_hd__maj3_1)
                                         _140553_ (net)
                  0.07    0.00   78.56 v _230657_/C (sky130_fd_sc_hd__maj3_1)
     1    0.00    0.08    0.36   78.92 v _230657_/X (sky130_fd_sc_hd__maj3_1)
                                         _140554_ (net)
                  0.08    0.00   78.92 v _230660_/A (sky130_fd_sc_hd__xnor2_1)
     1    0.00    0.16    0.18   79.11 ^ _230660_/Y (sky130_fd_sc_hd__xnor2_1)
                                         _140557_ (net)
                  0.16    0.00   79.11 ^ _230661_/B (sky130_fd_sc_hd__xnor2_1)
     3    0.01    0.24    0.18   79.28 ^ _230661_/Y (sky130_fd_sc_hd__xnor2_1)
                                         _140558_ (net)
                  0.24    0.00   79.28 ^ _230662_/B (sky130_fd_sc_hd__and2_1)
     3    0.01    0.08    0.18   79.47 ^ _230662_/X (sky130_fd_sc_hd__and2_1)
                                         _140559_ (net)
                  0.08    0.00   79.47 ^ _230663_/A (sky130_fd_sc_hd__inv_1)
     2    0.00    0.03    0.05   79.52 v _230663_/Y (sky130_fd_sc_hd__inv_1)
                                         _140560_ (net)
                  0.03    0.00   79.52 v _230809_/B1 (sky130_fd_sc_hd__a221oi_1)
     5    0.01    0.47    0.41   79.93 ^ _230809_/Y (sky130_fd_sc_hd__a221oi_1)
                                         _140706_ (net)
                  0.47    0.00   79.93 ^ _231223_/A2 (sky130_fd_sc_hd__o211ai_1)
    14    0.03    0.33    0.36   80.29 v _231223_/Y (sky130_fd_sc_hd__o211ai_1)
                                         _141120_ (net)
                  0.33    0.00   80.29 v _232176_/A (sky130_fd_sc_hd__xor2_1)
     3    0.01    0.18    0.29   80.58 v _232176_/X (sky130_fd_sc_hd__xor2_1)
                                         _142073_ (net)
                  0.18    0.00   80.58 v _232177_/B2 (sky130_fd_sc_hd__a22o_2)
     2    0.00    0.04    0.28   80.86 v _232177_/X (sky130_fd_sc_hd__a22o_2)
                                         _142074_ (net)
                  0.04    0.00   80.86 v _232178_/C1 (sky130_fd_sc_hd__a311o_1)
     3    0.01    0.07    0.29   81.14 v _232178_/X (sky130_fd_sc_hd__a311o_1)
                                         _142075_ (net)
                  0.07    0.00   81.14 v _232214_/A1 (sky130_fd_sc_hd__a32o_1)
    10    0.03    0.14    0.33   81.47 v _232214_/X (sky130_fd_sc_hd__a32o_1)
                                         _142111_ (net)
                  0.14    0.00   81.47 v _240375_/A (sky130_fd_sc_hd__maj3_1)
     4    0.01    0.10    0.42   81.89 v _240375_/X (sky130_fd_sc_hd__maj3_1)
                                         _150272_ (net)
                  0.10    0.00   81.89 v _240400_/A (sky130_fd_sc_hd__or4_4)
     2    0.01    0.09    0.55   82.44 v _240400_/X (sky130_fd_sc_hd__or4_4)
                                         _150297_ (net)
                  0.09    0.00   82.44 v _240826_/A1 (sky130_fd_sc_hd__a31oi_2)
     4    0.01    0.24    0.22   82.66 ^ _240826_/Y (sky130_fd_sc_hd__a31oi_2)
                                         _150723_ (net)
                  0.24    0.00   82.66 ^ _240827_/C (sky130_fd_sc_hd__maj3_2)
     1    0.01    0.07    0.27   82.94 ^ _240827_/X (sky130_fd_sc_hd__maj3_2)
                                         _150724_ (net)
                  0.07    0.00   82.94 ^ _240845_/A (sky130_fd_sc_hd__xor2_2)
     8    0.02    0.12    0.12   83.06 v _240845_/X (sky130_fd_sc_hd__xor2_2)
                                         _150742_ (net)
                  0.12    0.00   83.06 v _240886_/B (sky130_fd_sc_hd__and2_2)
     2    0.00    0.04    0.22   83.28 v _240886_/X (sky130_fd_sc_hd__and2_2)
                                         _150783_ (net)
                  0.04    0.00   83.28 v _240887_/B1 (sky130_fd_sc_hd__a21o_2)
     1    0.00    0.03    0.18   83.46 v _240887_/X (sky130_fd_sc_hd__a21o_2)
                                         _150784_ (net)
                  0.03    0.00   83.46 v _240890_/B1 (sky130_fd_sc_hd__a221oi_1)
     2    0.00    0.25    0.25   83.70 ^ _240890_/Y (sky130_fd_sc_hd__a221oi_1)
                                         _150787_ (net)
                  0.25    0.00   83.70 ^ _240891_/B1 (sky130_fd_sc_hd__o21ai_1)
     1    0.00    0.07    0.10   83.80 v _240891_/Y (sky130_fd_sc_hd__o21ai_1)
                                         _150788_ (net)
                  0.07    0.00   83.80 v _240893_/A4 (sky130_fd_sc_hd__o41a_1)
    11    0.02    0.17    0.43   84.23 v _240893_/X (sky130_fd_sc_hd__o41a_1)
                                         _150790_ (net)
                  0.17    0.00   84.23 v _240929_/A (sky130_fd_sc_hd__or3_1)
     7    0.02    0.16    0.52   84.75 v _240929_/X (sky130_fd_sc_hd__or3_1)
                                         _150826_ (net)
                  0.16    0.00   84.75 v _240949_/A (sky130_fd_sc_hd__nor3b_2)
     5    0.02    0.30    0.34   85.09 ^ _240949_/Y (sky130_fd_sc_hd__nor3b_2)
                                         _150846_ (net)
                  0.30    0.00   85.09 ^ _275932_/A (sky130_fd_sc_hd__xnor2_1)
     4    0.01    0.28    0.22   85.31 ^ _275932_/Y (sky130_fd_sc_hd__xnor2_1)
                                         _017259_ (net)
                  0.28    0.00   85.31 ^ _275933_/C (sky130_fd_sc_hd__xor3_1)
     4    0.01    0.12    0.25   85.56 ^ _275933_/X (sky130_fd_sc_hd__xor3_1)
                                         _017260_ (net)
                  0.12    0.00   85.56 ^ _275934_/C1 (sky130_fd_sc_hd__o211a_1)
     2    0.00    0.05    0.16   85.72 ^ _275934_/X (sky130_fd_sc_hd__o211a_1)
                                         _017261_ (net)
                  0.05    0.00   85.72 ^ _275935_/B1_N (sky130_fd_sc_hd__a21bo_1)
     1    0.00    0.03    0.19   85.91 v _275935_/X (sky130_fd_sc_hd__a21bo_1)
                                         _017262_ (net)
                  0.03    0.00   85.91 v _275936_/C1 (sky130_fd_sc_hd__a311o_2)
     3    0.01    0.07    0.33   86.23 v _275936_/X (sky130_fd_sc_hd__a311o_2)
                                         _017263_ (net)
                  0.07    0.00   86.23 v _275949_/A1 (sky130_fd_sc_hd__a21oi_2)
     3    0.01    0.18    0.19   86.42 ^ _275949_/Y (sky130_fd_sc_hd__a21oi_2)
                                         _017277_ (net)
                  0.18    0.00   86.42 ^ _276058_/A2 (sky130_fd_sc_hd__o21ai_2)
     8    0.02    0.10    0.13   86.56 v _276058_/Y (sky130_fd_sc_hd__o21ai_2)
                                         _017396_ (net)
                  0.10    0.00   86.56 v _276060_/A1 (sky130_fd_sc_hd__a22oi_1)
     1    0.00    0.13    0.17   86.72 ^ _276060_/Y (sky130_fd_sc_hd__a22oi_1)
                                         _017398_ (net)
                  0.13    0.00   86.72 ^ _276062_/A2 (sky130_fd_sc_hd__o21ai_0)
     1    0.00    0.08    0.10   86.83 v _276062_/Y (sky130_fd_sc_hd__o21ai_0)
                                         _017401_ (net)
                  0.08    0.00   86.83 v _276064_/A (sky130_fd_sc_hd__xnor2_1)
    11    0.03    0.65    0.55   87.38 ^ _276064_/Y (sky130_fd_sc_hd__xnor2_1)
                                         _017403_ (net)
                  0.65    0.00   87.38 ^ _307165_/A_N (sky130_fd_sc_hd__nand3b_2)
    13    0.04    0.26    0.37   87.75 ^ _307165_/Y (sky130_fd_sc_hd__nand3b_2)
                                         _051404_ (net)
                  0.26    0.00   87.75 ^ _307166_/B (sky130_fd_sc_hd__nor2_4)
    11    0.03    0.09    0.10   87.85 v _307166_/Y (sky130_fd_sc_hd__nor2_4)
                                         _051405_ (net)
                  0.09    0.00   87.85 v _307167_/B1 (sky130_fd_sc_hd__o21a_4)
     5    0.02    0.05    0.15   88.00 v _307167_/X (sky130_fd_sc_hd__o21a_4)
                                         _051406_ (net)
                  0.05    0.00   88.00 v _307168_/C (sky130_fd_sc_hd__nand3_2)
     5    0.02    0.11    0.11   88.11 ^ _307168_/Y (sky130_fd_sc_hd__nand3_2)
                                         _051407_ (net)
                  0.11    0.00   88.11 ^ _308049_/B1 (sky130_fd_sc_hd__a21oi_2)
     3    0.01    0.06    0.06   88.17 v _308049_/Y (sky130_fd_sc_hd__a21oi_2)
                                         _052370_ (net)
                  0.06    0.00   88.17 v _308941_/B1_N (sky130_fd_sc_hd__a21boi_2)
     2    0.00    0.07    0.16   88.33 v _308941_/Y (sky130_fd_sc_hd__a21boi_2)
                                         _053346_ (net)
                  0.07    0.00   88.33 v _308948_/A (sky130_fd_sc_hd__and3_2)
     2    0.01    0.05    0.20   88.52 v _308948_/X (sky130_fd_sc_hd__and3_2)
                                         _053354_ (net)
                  0.05    0.00   88.52 v _308951_/B1 (sky130_fd_sc_hd__a2111oi_2)
     1    0.00    0.30    0.35   88.87 ^ _308951_/Y (sky130_fd_sc_hd__a2111oi_2)
                                         _053357_ (net)
                  0.30    0.00   88.87 ^ _308976_/A (sky130_fd_sc_hd__xor2_1)
     3    0.01    0.29    0.30   89.17 ^ _308976_/X (sky130_fd_sc_hd__xor2_1)
                                         _053385_ (net)
                  0.29    0.00   89.17 ^ _308977_/B (sky130_fd_sc_hd__xnor2_1)
     2    0.01    0.14    0.18   89.35 v _308977_/Y (sky130_fd_sc_hd__xnor2_1)
                                         _053386_ (net)
                  0.14    0.00   89.35 v _308985_/A (sky130_fd_sc_hd__nor2_4)
     1    0.01    0.09    0.15   89.50 ^ _308985_/Y (sky130_fd_sc_hd__nor2_4)
                                         _053395_ (net)
                  0.09    0.00   89.50 ^ _308986_/C1 (sky130_fd_sc_hd__o211ai_4)
    14    0.05    0.20    0.16   89.66 v _308986_/Y (sky130_fd_sc_hd__o211ai_4)
                                         _053396_ (net)
                  0.20    0.00   89.66 v _314501_/A1 (sky130_fd_sc_hd__a2111oi_2)
     9    0.04    1.02    0.89   90.55 ^ _314501_/Y (sky130_fd_sc_hd__a2111oi_2)
                                         _059431_ (net)
                  1.02    0.00   90.55 ^ _321184_/A (sky130_fd_sc_hd__nand2_2)
     3    0.01    0.19    0.15   90.70 v _321184_/Y (sky130_fd_sc_hd__nand2_2)
                                         _066745_ (net)
                  0.19    0.00   90.70 v _321194_/C (sky130_fd_sc_hd__nor4b_1)
     1    0.00    0.31    0.34   91.03 ^ _321194_/Y (sky130_fd_sc_hd__nor4b_1)
                                         _066756_ (net)
                  0.31    0.00   91.03 ^ _321195_/B (sky130_fd_sc_hd__xor2_1)
     1    0.00    0.11    0.17   91.20 ^ _321195_/X (sky130_fd_sc_hd__xor2_1)
                                         _066757_ (net)
                  0.11    0.00   91.20 ^ _321201_/B1 (sky130_fd_sc_hd__a221oi_1)
     1    0.01    0.71    0.11   91.31 v _321201_/Y (sky130_fd_sc_hd__a221oi_1)
                                         _066763_ (net)
                  0.71    0.00   91.31 v _321202_/B (sky130_fd_sc_hd__xnor2_2)
     2    0.01    0.19    0.34   91.65 v _321202_/Y (sky130_fd_sc_hd__xnor2_2)
                                         _066765_ (net)
                  0.19    0.00   91.65 v _321219_/B (sky130_fd_sc_hd__nor4b_2)
     2    0.01    0.25    0.33   91.98 ^ _321219_/Y (sky130_fd_sc_hd__nor4b_2)
                                         _066783_ (net)
                  0.25    0.00   91.98 ^ _321264_/B (sky130_fd_sc_hd__nand4b_2)
     5    0.01    0.16    0.20   92.18 v _321264_/Y (sky130_fd_sc_hd__nand4b_2)
                                         _066832_ (net)
                  0.16    0.00   92.18 v _321323_/A2 (sky130_fd_sc_hd__o41ai_2)
     4    0.01    0.38    0.45   92.63 ^ _321323_/Y (sky130_fd_sc_hd__o41ai_2)
                                         _066897_ (net)
                  0.38    0.00   92.63 ^ _321358_/A (sky130_fd_sc_hd__and3_1)
     4    0.01    0.09    0.25   92.88 ^ _321358_/X (sky130_fd_sc_hd__and3_1)
                                         _066935_ (net)
                  0.09    0.00   92.88 ^ _321359_/D_N (sky130_fd_sc_hd__or4b_1)
     6    0.02    0.16    0.54   93.42 v _321359_/X (sky130_fd_sc_hd__or4b_1)
                                         _066936_ (net)
                  0.16    0.00   93.42 v _321427_/A2 (sky130_fd_sc_hd__o41a_1)
     8    0.03    0.20    0.57   93.99 v _321427_/X (sky130_fd_sc_hd__o41a_1)
                                         _067010_ (net)
                  0.20    0.00   93.99 v _328364_/A (sky130_fd_sc_hd__or4_4)
     2    0.00    0.08    0.58   94.57 v _328364_/X (sky130_fd_sc_hd__or4_4)
                                         _074606_ (net)
                  0.08    0.00   94.57 v _328532_/A2 (sky130_fd_sc_hd__a21oi_1)
     1    0.00    0.45    0.15   94.71 ^ _328532_/Y (sky130_fd_sc_hd__a21oi_1)
                                         _074791_ (net)
                  0.45    0.00   94.71 ^ _328545_/B1 (sky130_fd_sc_hd__o221a_1)
     1    0.00    0.09    0.26   94.97 ^ _328545_/X (sky130_fd_sc_hd__o221a_1)
                                         _074805_ (net)
                  0.09    0.00   94.97 ^ _328546_/B1 (sky130_fd_sc_hd__a21oi_1)
     1    0.00    0.72    0.05   95.03 v _328546_/Y (sky130_fd_sc_hd__a21oi_1)
                                         _074806_ (net)
                  0.72    0.00   95.03 v _328569_/A (sky130_fd_sc_hd__nor4_2)
     3    0.01    0.30    0.52   95.55 ^ _328569_/Y (sky130_fd_sc_hd__nor4_2)
                                         _074831_ (net)
                  0.30    0.00   95.55 ^ _330909_/B (sky130_fd_sc_hd__nand3_1)
     3    0.01    0.12    0.16   95.70 v _330909_/Y (sky130_fd_sc_hd__nand3_1)
                                         _077381_ (net)
                  0.12    0.00   95.70 v _332272_/B2 (sky130_fd_sc_hd__a22o_1)
     1    0.00    0.04    0.21   95.92 v _332272_/X (sky130_fd_sc_hd__a22o_1)
                                         _078785_ (net)
                  0.04    0.00   95.92 v _332276_/B1 (sky130_fd_sc_hd__a211o_1)
     1    0.00    0.05    0.25   96.16 v _332276_/X (sky130_fd_sc_hd__a211o_1)
                                         _000590_ (net)
                  0.05    0.00   96.16 v v_decode.v_rf_ctrl.stage_rf_wr_data.internal_data[255]$_DFFE_PN_/D (sky130_fd_sc_hd__dfxtp_1)
                                 96.16   data arrival time

                  0.00  100.00  100.00   clock clk (rise edge)
                          0.00  100.00   clock network delay (ideal)
                          0.00  100.00   clock reconvergence pessimism
                                100.00 ^ v_decode.v_rf_ctrl.stage_rf_wr_data.internal_data[255]$_DFFE_PN_/CLK (sky130_fd_sc_hd__dfxtp_1)
                         -0.12   99.88   library setup time
                                 99.88   data required time
-----------------------------------------------------------------------------
                                 99.88   data required time
                                -96.16   data arrival time
-----------------------------------------------------------------------------
                                  3.71   slack (MET)



==========================================================================
floorplan final report_power
--------------------------------------------------------------------------
Group                  Internal  Switching    Leakage      Total
                          Power      Power      Power      Power (Watts)
----------------------------------------------------------------
Sequential             2.03e-03   1.29e-04   4.00e-08   2.16e-03  73.1%
Combinational          5.45e-04   2.50e-04   3.20e-07   7.95e-04  26.9%
Clock                  0.00e+00   0.00e+00   0.00e+00   0.00e+00   0.0%
Macro                  0.00e+00   0.00e+00   0.00e+00   0.00e+00   0.0%
Pad                    0.00e+00   0.00e+00   0.00e+00   0.00e+00   0.0%
----------------------------------------------------------------
Total                  2.57e-03   3.79e-04   3.60e-07   2.95e-03 100.0%
                          87.1%      12.8%       0.0%
