
==========================================================================
resizer report_tns
--------------------------------------------------------------------------
tns 0.00

==========================================================================
resizer report_wns
--------------------------------------------------------------------------
wns 0.00

==========================================================================
resizer report_worst_slack
--------------------------------------------------------------------------
worst slack 42.42

==========================================================================
resizer report_checks -path_delay min
--------------------------------------------------------------------------
Startpoint: rst (input port clocked by clk)
Endpoint: v_decode.v_rf_ctrl.stage_int_rf_wr_en.internal_data[3]$_DFFE_PP0P_
          (removal check against rising-edge clock clk)
Path Group: asynchronous
Path Type: min

Fanout     Cap    Slew   Delay    Time   Description
-----------------------------------------------------------------------------
                  0.00    0.00    0.00   clock clk (rise edge)
                          0.00    0.00   clock network delay (ideal)
                         20.00   20.00 v input external delay
     1    0.04    0.00    0.00   20.00 v rst (in)
                                         rst (net)
                  0.00    0.00   20.00 v input77/A (sky130_fd_sc_hd__clkbuf_4)
     1    0.04    0.08    0.17   20.17 v input77/X (sky130_fd_sc_hd__clkbuf_4)
                                         net77 (net)
                  0.08    0.00   20.17 v _170700_/A (sky130_fd_sc_hd__clkinv_16)
   144    0.82    0.49    0.22   20.39 ^ _170700_/Y (sky130_fd_sc_hd__clkinv_16)
                                         _000000_ (net)
                  0.49    0.00   20.39 ^ v_decode.v_rf_ctrl.stage_int_rf_wr_en.internal_data[3]$_DFFE_PP0P_/RESET_B (sky130_fd_sc_hd__dfrtp_2)
                                 20.39   data arrival time

                  0.00    0.00    0.00   clock clk (rise edge)
                          0.00    0.00   clock network delay (ideal)
                          0.00    0.00   clock reconvergence pessimism
                                  0.00 ^ v_decode.v_rf_ctrl.stage_int_rf_wr_en.internal_data[3]$_DFFE_PP0P_/CLK (sky130_fd_sc_hd__dfrtp_2)
                          0.43    0.43   library removal time
                                  0.43   data required time
-----------------------------------------------------------------------------
                                  0.43   data required time
                                -20.39   data arrival time
-----------------------------------------------------------------------------
                                 19.96   slack (MET)


Startpoint: v_decode.v_rf_ctrl.stage_rf_rd_data_srca.internal_data[211]$_DFFE_PN_
            (rising edge-triggered flip-flop clocked by clk)
Endpoint: v_decode.v_rf_ctrl.stage_rf_rd_data_srca.internal_data[211]$_DFFE_PN_
          (rising edge-triggered flip-flop clocked by clk)
Path Group: clk
Path Type: min

Fanout     Cap    Slew   Delay    Time   Description
-----------------------------------------------------------------------------
                  0.00    0.00    0.00   clock clk (rise edge)
                          0.00    0.00   clock network delay (ideal)
                  0.00    0.00    0.00 ^ v_decode.v_rf_ctrl.stage_rf_rd_data_srca.internal_data[211]$_DFFE_PN_/CLK (sky130_fd_sc_hd__dfxtp_1)
     2    0.01    0.07    0.30    0.30 ^ v_decode.v_rf_ctrl.stage_rf_rd_data_srca.internal_data[211]$_DFFE_PN_/Q (sky130_fd_sc_hd__dfxtp_1)
                                         rf_rd_data_srca_exe[83] (net)
                  0.07    0.00    0.30 ^ _174005_/B (sky130_fd_sc_hd__nand2_1)
     1    0.00    0.03    0.05    0.35 v _174005_/Y (sky130_fd_sc_hd__nand2_1)
                                         _036111_ (net)
                  0.03    0.00    0.35 v _174006_/B1 (sky130_fd_sc_hd__o21ai_0)
     1    0.00    0.05    0.05    0.40 ^ _174006_/Y (sky130_fd_sc_hd__o21ai_0)
                                         _000275_ (net)
                  0.05    0.00    0.40 ^ v_decode.v_rf_ctrl.stage_rf_rd_data_srca.internal_data[211]$_DFFE_PN_/D (sky130_fd_sc_hd__dfxtp_1)
                                  0.40   data arrival time

                  0.00    0.00    0.00   clock clk (rise edge)
                          0.00    0.00   clock network delay (ideal)
                          0.00    0.00   clock reconvergence pessimism
                                  0.00 ^ v_decode.v_rf_ctrl.stage_rf_rd_data_srca.internal_data[211]$_DFFE_PN_/CLK (sky130_fd_sc_hd__dfxtp_1)
                         -0.04   -0.04   library hold time
                                 -0.04   data required time
-----------------------------------------------------------------------------
                                 -0.04   data required time
                                 -0.40   data arrival time
-----------------------------------------------------------------------------
                                  0.44   slack (MET)



==========================================================================
resizer report_checks -path_delay max
--------------------------------------------------------------------------
Startpoint: rst (input port clocked by clk)
Endpoint: v_decode.v_rf_ctrl.stage_rf_wr_en.internal_data[34]$_DFFE_PP0P_
          (recovery check against rising-edge clock clk)
Path Group: asynchronous
Path Type: max

Fanout     Cap    Slew   Delay    Time   Description
-----------------------------------------------------------------------------
                  0.00    0.00    0.00   clock clk (rise edge)
                          0.00    0.00   clock network delay (ideal)
                         20.00   20.00 v input external delay
     1    0.04    0.00    0.00   20.00 v rst (in)
                                         rst (net)
                  0.00    0.00   20.00 v input77/A (sky130_fd_sc_hd__clkbuf_4)
     1    0.04    0.08    0.17   20.17 v input77/X (sky130_fd_sc_hd__clkbuf_4)
                                         net77 (net)
                  0.08    0.00   20.17 v _170700_/A (sky130_fd_sc_hd__clkinv_16)
   144    0.82    0.49    0.22   20.39 ^ _170700_/Y (sky130_fd_sc_hd__clkinv_16)
                                         _000000_ (net)
                  0.74    0.29   20.68 ^ v_decode.v_rf_ctrl.stage_rf_wr_en.internal_data[34]$_DFFE_PP0P_/RESET_B (sky130_fd_sc_hd__dfrtp_4)
                                 20.68   data arrival time

                  0.00  100.00  100.00   clock clk (rise edge)
                          0.00  100.00   clock network delay (ideal)
                          0.00  100.00   clock reconvergence pessimism
                                100.00 ^ v_decode.v_rf_ctrl.stage_rf_wr_en.internal_data[34]$_DFFE_PP0P_/CLK (sky130_fd_sc_hd__dfrtp_4)
                         -0.05   99.95   library recovery time
                                 99.95   data required time
-----------------------------------------------------------------------------
                                 99.95   data required time
                                -20.68   data arrival time
-----------------------------------------------------------------------------
                                 79.27   slack (MET)


Startpoint: v_decode.v_csr_ctrl.stage_vtype.internal_data[12]$_DFFE_PP0P_
            (rising edge-triggered flip-flop clocked by clk)
Endpoint: v_decode.v_rf_ctrl.stage_rf_wr_data.internal_data[255]$_DFFE_PN_
          (rising edge-triggered flip-flop clocked by clk)
Path Group: clk
Path Type: max

Fanout     Cap    Slew   Delay    Time   Description
-----------------------------------------------------------------------------
                  0.00    0.00    0.00   clock clk (rise edge)
                          0.00    0.00   clock network delay (ideal)
                  0.00    0.00    0.00 ^ v_decode.v_csr_ctrl.stage_vtype.internal_data[12]$_DFFE_PP0P_/CLK (sky130_fd_sc_hd__dfrtp_4)
    25    0.30    0.82    0.92    0.92 ^ v_decode.v_csr_ctrl.stage_vtype.internal_data[12]$_DFFE_PP0P_/Q (sky130_fd_sc_hd__dfrtp_4)
                                         v_decode.v_csr_ctrl.stage_vtype.data_out[3] (net)
                  0.82    0.02    0.94 ^ load_slew3884/A (sky130_fd_sc_hd__buf_16)
    61    0.32    0.34    0.37    1.31 ^ load_slew3884/X (sky130_fd_sc_hd__buf_16)
                                         net3884 (net)
                  0.34    0.02    1.33 ^ load_slew3883/A (sky130_fd_sc_hd__buf_16)
    28    0.30    0.31    0.32    1.65 ^ load_slew3883/X (sky130_fd_sc_hd__buf_16)
                                         net3883 (net)
                  0.32    0.05    1.69 ^ _171672_/A (sky130_fd_sc_hd__or2_4)
    10    0.24    0.72    0.64    2.33 ^ _171672_/X (sky130_fd_sc_hd__or2_4)
                                         _010658_ (net)
                  0.72    0.04    2.37 ^ wire3746/A (sky130_fd_sc_hd__buf_16)
    15    0.28    0.28    0.30    2.66 ^ wire3746/X (sky130_fd_sc_hd__buf_16)
                                         net3746 (net)
                  0.38    0.13    2.80 ^ _171690_/B (sky130_fd_sc_hd__nor2_8)
    22    0.18    0.24    0.20    2.99 v _171690_/Y (sky130_fd_sc_hd__nor2_8)
                                         _010856_ (net)
                  0.24    0.00    2.99 v load_slew3722/A (sky130_fd_sc_hd__buf_12)
     9    0.19    0.11    0.27    3.26 v load_slew3722/X (sky130_fd_sc_hd__buf_12)
                                         net3722 (net)
                  0.11    0.02    3.28 v load_slew3721/A (sky130_fd_sc_hd__buf_16)
    25    0.24    0.13    0.23    3.51 v load_slew3721/X (sky130_fd_sc_hd__buf_16)
                                         net3721 (net)
                  0.14    0.03    3.54 v load_slew3720/A (sky130_fd_sc_hd__buf_16)
    26    0.24    0.14    0.25    3.80 v load_slew3720/X (sky130_fd_sc_hd__buf_16)
                                         net3720 (net)
                  0.14    0.03    3.82 v load_slew3719/A (sky130_fd_sc_hd__buf_12)
    24    0.20    0.11    0.23    4.05 v load_slew3719/X (sky130_fd_sc_hd__buf_12)
                                         net3719 (net)
                  0.13    0.03    4.08 v _172159_/A1 (sky130_fd_sc_hd__o21ai_4)
    22    0.10    0.71    0.61    4.69 ^ _172159_/Y (sky130_fd_sc_hd__o21ai_4)
                                         _015952_ (net)
                  0.71    0.00    4.70 ^ _178070_/B2 (sky130_fd_sc_hd__o221ai_1)
     1    0.00    0.14    0.19    4.88 v _178070_/Y (sky130_fd_sc_hd__o221ai_1)
                                         _080283_ (net)
                  0.14    0.00    4.88 v _178071_/B1_N (sky130_fd_sc_hd__o21ba_4)
    12    0.24    0.80    0.78    5.66 ^ _178071_/X (sky130_fd_sc_hd__o21ba_4)
                                         _080293_ (net)
                  0.80    0.01    5.67 ^ _183077_/B1 (sky130_fd_sc_hd__a31oi_4)
     2    0.01    0.15    0.07    5.75 v _183077_/Y (sky130_fd_sc_hd__a31oi_4)
                                         _092974_ (net)
                  0.15    0.00    5.75 v _183078_/C1 (sky130_fd_sc_hd__a211o_4)
    17    0.14    0.22    0.48    6.23 v _183078_/X (sky130_fd_sc_hd__a211o_4)
                                         _092975_ (net)
                  0.22    0.00    6.23 v _183496_/A3 (sky130_fd_sc_hd__a31oi_4)
     5    0.09    0.66    0.63    6.86 ^ _183496_/Y (sky130_fd_sc_hd__a31oi_4)
                                         _093393_ (net)
                  0.66    0.00    6.87 ^ load_slew3365/A (sky130_fd_sc_hd__buf_16)
    11    0.10    0.13    0.25    7.11 ^ load_slew3365/X (sky130_fd_sc_hd__buf_16)
                                         net3365 (net)
                  0.13    0.00    7.11 ^ load_slew3364/A (sky130_fd_sc_hd__buf_16)
     5    0.09    0.11    0.17    7.29 ^ load_slew3364/X (sky130_fd_sc_hd__buf_16)
                                         net3364 (net)
                  0.11    0.00    7.29 ^ _183500_/A (sky130_fd_sc_hd__xor2_4)
     7    0.05    0.15    0.15    7.44 v _183500_/X (sky130_fd_sc_hd__xor2_4)
                                         _093397_ (net)
                  0.15    0.00    7.44 v _183519_/A (sky130_fd_sc_hd__nor4_4)
     7    0.05    0.73    0.72    8.16 ^ _183519_/Y (sky130_fd_sc_hd__nor4_4)
                                         _093416_ (net)
                  0.73    0.00    8.16 ^ _183523_/A2 (sky130_fd_sc_hd__a31oi_4)
    17    0.15    0.55    0.57    8.73 v _183523_/Y (sky130_fd_sc_hd__a31oi_4)
                                         _093420_ (net)
                  0.55    0.03    8.75 v _183531_/B (sky130_fd_sc_hd__nor4_4)
    15    0.11    1.38    1.31   10.06 ^ _183531_/Y (sky130_fd_sc_hd__nor4_4)
                                         _093428_ (net)
                  1.38    0.00   10.06 ^ _183544_/A (sky130_fd_sc_hd__and3_4)
     7    0.07    0.22    0.54   10.60 ^ _183544_/X (sky130_fd_sc_hd__and3_4)
                                         _093441_ (net)
                  0.22    0.00   10.60 ^ _183560_/A2 (sky130_fd_sc_hd__o2111ai_4)
    12    0.15    0.71    0.55   11.16 v _183560_/Y (sky130_fd_sc_hd__o2111ai_4)
                                         _093457_ (net)
                  0.71    0.03   11.18 v _183571_/A1 (sky130_fd_sc_hd__o21ai_4)
    17    0.11    0.78    0.87   12.06 ^ _183571_/Y (sky130_fd_sc_hd__o21ai_4)
                                         _093468_ (net)
                  0.78    0.00   12.06 ^ load_slew2450/A (sky130_fd_sc_hd__buf_12)
    29    0.16    0.19    0.30   12.36 ^ load_slew2450/X (sky130_fd_sc_hd__buf_12)
                                         net2450 (net)
                  0.19    0.01   12.37 ^ _183593_/A (sky130_fd_sc_hd__and4_4)
    13    0.07    0.22    0.39   12.76 ^ _183593_/X (sky130_fd_sc_hd__and4_4)
                                         _093490_ (net)
                  0.22    0.00   12.76 ^ _183599_/A1 (sky130_fd_sc_hd__a21oi_4)
    19    0.16    0.31    0.31   13.07 v _183599_/Y (sky130_fd_sc_hd__a21oi_4)
                                         _093496_ (net)
                  0.31    0.00   13.07 v _183620_/A (sky130_fd_sc_hd__nor4_4)
    10    0.09    1.22    1.13   14.20 ^ _183620_/Y (sky130_fd_sc_hd__nor4_4)
                                         _093517_ (net)
                  1.22    0.01   14.21 ^ _183623_/A2 (sky130_fd_sc_hd__a31oi_4)
    13    0.12    0.53    0.61   14.82 v _183623_/Y (sky130_fd_sc_hd__a31oi_4)
                                         _093520_ (net)
                  0.53    0.00   14.82 v _183629_/C (sky130_fd_sc_hd__nor4_4)
     4    0.03    0.48    0.59   15.42 ^ _183629_/Y (sky130_fd_sc_hd__nor4_4)
                                         _093526_ (net)
                  0.48    0.00   15.42 ^ _183637_/A2 (sky130_fd_sc_hd__a41o_4)
    20    0.13    0.37    0.56   15.98 ^ _183637_/X (sky130_fd_sc_hd__a41o_4)
                                         _093534_ (net)
                  0.38    0.01   15.99 ^ _183659_/A (sky130_fd_sc_hd__and4_4)
     5    0.06    0.18    0.42   16.41 ^ _183659_/X (sky130_fd_sc_hd__and4_4)
                                         _093556_ (net)
                  0.18    0.00   16.41 ^ _183663_/A2 (sky130_fd_sc_hd__a31oi_4)
     5    0.06    0.28    0.24   16.65 v _183663_/Y (sky130_fd_sc_hd__a31oi_4)
                                         _093560_ (net)
                  0.28    0.00   16.65 v load_slew1561/A (sky130_fd_sc_hd__buf_16)
     7    0.10    0.07    0.26   16.91 v load_slew1561/X (sky130_fd_sc_hd__buf_16)
                                         net1561 (net)
                  0.07    0.01   16.92 v load_slew1560/A (sky130_fd_sc_hd__buf_16)
    17    0.12    0.08    0.18   17.11 v load_slew1560/X (sky130_fd_sc_hd__buf_16)
                                         net1560 (net)
                  0.08    0.00   17.11 v _183679_/B (sky130_fd_sc_hd__or4_4)
    15    0.12    0.23    0.73   17.84 v _183679_/X (sky130_fd_sc_hd__or4_4)
                                         _093576_ (net)
                  0.23    0.00   17.84 v _183690_/A1 (sky130_fd_sc_hd__o21ai_4)
     9    0.08    0.54    0.53   18.37 ^ _183690_/Y (sky130_fd_sc_hd__o21ai_4)
                                         _093587_ (net)
                  0.54    0.00   18.37 ^ wire1363/A (sky130_fd_sc_hd__buf_12)
    25    0.16    0.19    0.29   18.66 ^ wire1363/X (sky130_fd_sc_hd__buf_12)
                                         net1363 (net)
                  0.19    0.02   18.67 ^ load_slew1362/A (sky130_fd_sc_hd__buf_12)
    19    0.15    0.18    0.24   18.91 ^ load_slew1362/X (sky130_fd_sc_hd__buf_12)
                                         net1362 (net)
                  0.18    0.00   18.92 ^ _183714_/A1 (sky130_fd_sc_hd__a31oi_4)
    10    0.08    0.40    0.27   19.19 v _183714_/Y (sky130_fd_sc_hd__a31oi_4)
                                         _093611_ (net)
                  0.40    0.00   19.19 v load_slew1279/A (sky130_fd_sc_hd__buf_16)
    15    0.11    0.08    0.31   19.50 v load_slew1279/X (sky130_fd_sc_hd__buf_16)
                                         net1279 (net)
                  0.08    0.00   19.51 v load_slew1278/A (sky130_fd_sc_hd__buf_16)
     6    0.12    0.08    0.18   19.69 v load_slew1278/X (sky130_fd_sc_hd__buf_16)
                                         net1278 (net)
                  0.08    0.00   19.69 v _183728_/C (sky130_fd_sc_hd__nor4_4)
    12    0.06    0.83    0.71   20.39 ^ _183728_/Y (sky130_fd_sc_hd__nor4_4)
                                         _093625_ (net)
                  0.83    0.00   20.40 ^ _183734_/A1 (sky130_fd_sc_hd__a21oi_4)
    18    0.14    0.38    0.44   20.83 v _183734_/Y (sky130_fd_sc_hd__a21oi_4)
                                         _093631_ (net)
                  0.38    0.00   20.84 v _183746_/B (sky130_fd_sc_hd__nor4_4)
     3    0.03    0.47    0.58   21.41 ^ _183746_/Y (sky130_fd_sc_hd__nor4_4)
                                         _093643_ (net)
                  0.47    0.00   21.41 ^ load_slew918/A (sky130_fd_sc_hd__buf_6)
     7    0.08    0.16    0.27   21.68 ^ load_slew918/X (sky130_fd_sc_hd__buf_6)
                                         net918 (net)
                  0.17    0.01   21.69 ^ _183826_/A3 (sky130_fd_sc_hd__a41oi_4)
    12    0.08    0.52    0.35   22.04 v _183826_/Y (sky130_fd_sc_hd__a41oi_4)
                                         _093723_ (net)
                  0.52    0.00   22.04 v load_slew832/A (sky130_fd_sc_hd__buf_16)
    15    0.11    0.08    0.36   22.40 v load_slew832/X (sky130_fd_sc_hd__buf_16)
                                         net832 (net)
                  0.08    0.00   22.40 v load_slew831/A (sky130_fd_sc_hd__buf_16)
    16    0.11    0.08    0.18   22.58 v load_slew831/X (sky130_fd_sc_hd__buf_16)
                                         net831 (net)
                  0.08    0.00   22.59 v _183837_/A1 (sky130_fd_sc_hd__o31ai_4)
    18    0.12    1.28    1.07   23.66 ^ _183837_/Y (sky130_fd_sc_hd__o31ai_4)
                                         _093734_ (net)
                  1.28    0.01   23.67 ^ _183839_/B (sky130_fd_sc_hd__nand3_4)
    14    0.08    0.41    0.46   24.13 v _183839_/Y (sky130_fd_sc_hd__nand3_4)
                                         _093736_ (net)
                  0.41    0.00   24.13 v _183844_/A1 (sky130_fd_sc_hd__o21ai_4)
    14    0.11    0.78    0.77   24.90 ^ _183844_/Y (sky130_fd_sc_hd__o21ai_4)
                                         _093741_ (net)
                  0.78    0.00   24.90 ^ _184118_/A (sky130_fd_sc_hd__nand4_4)
    14    0.12    0.58    0.60   25.50 v _184118_/Y (sky130_fd_sc_hd__nand4_4)
                                         _094015_ (net)
                  0.58    0.01   25.51 v _185380_/A1 (sky130_fd_sc_hd__o21ai_4)
    12    0.07    0.53    0.64   26.15 ^ _185380_/Y (sky130_fd_sc_hd__o21ai_4)
                                         _095277_ (net)
                  0.53    0.00   26.15 ^ _185396_/A (sky130_fd_sc_hd__nand3_4)
    31    0.40    1.27    1.05   27.20 v _185396_/Y (sky130_fd_sc_hd__nand3_4)
                                         _095293_ (net)
                  1.27    0.00   27.20 v _261061_/A (sky130_fd_sc_hd__nor2_2)
     4    0.02    0.36    0.59   27.80 ^ _261061_/Y (sky130_fd_sc_hd__nor2_2)
                                         _001068_ (net)
                  0.36    0.00   27.80 ^ _261068_/A (sky130_fd_sc_hd__nand2_1)
     3    0.01    0.11    0.13   27.93 v _261068_/Y (sky130_fd_sc_hd__nand2_1)
                                         _001076_ (net)
                  0.11    0.00   27.93 v _261227_/C (sky130_fd_sc_hd__or3_1)
     1    0.01    0.10    0.37   28.31 v _261227_/X (sky130_fd_sc_hd__or3_1)
                                         _001249_ (net)
                  0.10    0.00   28.31 v _261228_/A3 (sky130_fd_sc_hd__a31oi_4)
     5    0.02    0.20    0.25   28.56 ^ _261228_/Y (sky130_fd_sc_hd__a31oi_4)
                                         _001250_ (net)
                  0.20    0.00   28.56 ^ _261229_/B (sky130_fd_sc_hd__nor2_2)
     3    0.02    0.08    0.11   28.67 v _261229_/Y (sky130_fd_sc_hd__nor2_2)
                                         _001251_ (net)
                  0.08    0.00   28.67 v _261453_/A2 (sky130_fd_sc_hd__o21a_1)
     1    0.01    0.05    0.19   28.87 v _261453_/X (sky130_fd_sc_hd__o21a_1)
                                         _001496_ (net)
                  0.05    0.00   28.87 v _261454_/B (sky130_fd_sc_hd__xor3_4)
     2    0.03    0.14    0.52   29.39 v _261454_/X (sky130_fd_sc_hd__xor3_4)
                                         _001497_ (net)
                  0.14    0.00   29.39 v _261455_/C (sky130_fd_sc_hd__maj3_1)
     2    0.01    0.10    0.42   29.82 v _261455_/X (sky130_fd_sc_hd__maj3_1)
                                         _001498_ (net)
                  0.10    0.00   29.82 v _261459_/B (sky130_fd_sc_hd__maj3_1)
     2    0.01    0.10    0.38   30.20 v _261459_/X (sky130_fd_sc_hd__maj3_1)
                                         _001502_ (net)
                  0.10    0.00   30.20 v _261460_/C (sky130_fd_sc_hd__maj3_2)
     4    0.03    0.12    0.40   30.60 v _261460_/X (sky130_fd_sc_hd__maj3_2)
                                         _001503_ (net)
                  0.12    0.00   30.60 v _261461_/C (sky130_fd_sc_hd__maj3_2)
     2    0.02    0.10    0.38   30.98 v _261461_/X (sky130_fd_sc_hd__maj3_2)
                                         _001504_ (net)
                  0.10    0.00   30.98 v _261467_/A (sky130_fd_sc_hd__maj3_1)
     3    0.01    0.11    0.42   31.40 v _261467_/X (sky130_fd_sc_hd__maj3_1)
                                         _001511_ (net)
                  0.11    0.00   31.40 v _261982_/A (sky130_fd_sc_hd__xnor2_1)
     2    0.01    0.10    0.19   31.59 v _261982_/Y (sky130_fd_sc_hd__xnor2_1)
                                         _002075_ (net)
                  0.10    0.00   31.59 v _261984_/A0 (sky130_fd_sc_hd__mux2_1)
     1    0.00    0.05    0.29   31.88 v _261984_/X (sky130_fd_sc_hd__mux2_1)
                                         _002077_ (net)
                  0.05    0.00   31.88 v _261986_/A1 (sky130_fd_sc_hd__mux2_1)
     1    0.01    0.09    0.34   32.22 v _261986_/X (sky130_fd_sc_hd__mux2_1)
                                         _002079_ (net)
                  0.09    0.00   32.22 v _261987_/C (sky130_fd_sc_hd__nor3_4)
    12    0.05    0.55    0.45   32.66 ^ _261987_/Y (sky130_fd_sc_hd__nor3_4)
                                         _002080_ (net)
                  0.55    0.00   32.67 ^ _261990_/A (sky130_fd_sc_hd__and2_2)
     5    0.03    0.15    0.34   33.01 ^ _261990_/X (sky130_fd_sc_hd__and2_2)
                                         _002083_ (net)
                  0.15    0.00   33.01 ^ _262125_/B1 (sky130_fd_sc_hd__o221ai_4)
     1    0.02    0.11    0.15   33.16 v _262125_/Y (sky130_fd_sc_hd__o221ai_4)
                                         _002231_ (net)
                  0.11    0.00   33.16 v _262126_/B (sky130_fd_sc_hd__xnor2_4)
     4    0.03    0.25    0.25   33.41 ^ _262126_/Y (sky130_fd_sc_hd__xnor2_4)
                                         _002232_ (net)
                  0.25    0.00   33.42 ^ _262153_/A (sky130_fd_sc_hd__inv_1)
     1    0.00    0.06    0.08   33.49 v _262153_/Y (sky130_fd_sc_hd__inv_1)
                                         _002261_ (net)
                  0.06    0.00   33.49 v _262155_/A (sky130_fd_sc_hd__maj3_2)
     4    0.03    0.12    0.39   33.88 v _262155_/X (sky130_fd_sc_hd__maj3_2)
                                         _002263_ (net)
                  0.12    0.00   33.88 v _262181_/B (sky130_fd_sc_hd__xnor2_4)
     3    0.03    0.12    0.20   34.09 v _262181_/Y (sky130_fd_sc_hd__xnor2_4)
                                         _002291_ (net)
                  0.12    0.00   34.09 v _262402_/A2 (sky130_fd_sc_hd__a2111oi_4)
     3    0.01    0.36    0.46   34.55 ^ _262402_/Y (sky130_fd_sc_hd__a2111oi_4)
                                         _002534_ (net)
                  0.36    0.00   34.55 ^ _264455_/A (sky130_fd_sc_hd__nor2_2)
     1    0.02    0.10    0.13   34.68 v _264455_/Y (sky130_fd_sc_hd__nor2_2)
                                         _004773_ (net)
                  0.10    0.00   34.68 v _264458_/A (sky130_fd_sc_hd__xnor2_4)
     6    0.03    0.25    0.28   34.96 ^ _264458_/Y (sky130_fd_sc_hd__xnor2_4)
                                         _004776_ (net)
                  0.25    0.00   34.96 ^ _264459_/C_N (sky130_fd_sc_hd__nor3b_4)
     7    0.04    0.44    0.46   35.42 ^ _264459_/Y (sky130_fd_sc_hd__nor3b_4)
                                         _004777_ (net)
                  0.44    0.00   35.42 ^ _264460_/B1 (sky130_fd_sc_hd__o21ai_4)
     7    0.04    0.15    0.19   35.61 v _264460_/Y (sky130_fd_sc_hd__o21ai_4)
                                         _004778_ (net)
                  0.15    0.00   35.61 v _264461_/C (sky130_fd_sc_hd__nor3_2)
     4    0.02    0.39    0.34   35.95 ^ _264461_/Y (sky130_fd_sc_hd__nor3_2)
                                         _004779_ (net)
                  0.39    0.00   35.95 ^ _264464_/A (sky130_fd_sc_hd__and2_0)
     4    0.01    0.19    0.28   36.23 ^ _264464_/X (sky130_fd_sc_hd__and2_0)
                                         _004782_ (net)
                  0.19    0.00   36.23 ^ _264640_/A (sky130_fd_sc_hd__xnor3_1)
     3    0.01    0.11    0.48   36.71 v _264640_/X (sky130_fd_sc_hd__xnor3_1)
                                         _004974_ (net)
                  0.11    0.00   36.71 v _264641_/B (sky130_fd_sc_hd__and2_0)
     2    0.01    0.09    0.22   36.93 v _264641_/X (sky130_fd_sc_hd__and2_0)
                                         _004975_ (net)
                  0.09    0.00   36.93 v _264652_/A2 (sky130_fd_sc_hd__o31a_4)
     7    0.04    0.10    0.41   37.34 v _264652_/X (sky130_fd_sc_hd__o31a_4)
                                         _004987_ (net)
                  0.10    0.00   37.34 v _264654_/C (sky130_fd_sc_hd__maj3_1)
     1    0.00    0.06    0.36   37.70 v _264654_/X (sky130_fd_sc_hd__maj3_1)
                                         _004989_ (net)
                  0.06    0.00   37.70 v _264664_/A2 (sky130_fd_sc_hd__o21ai_0)
     1    0.01    0.20    0.19   37.89 ^ _264664_/Y (sky130_fd_sc_hd__o21ai_0)
                                         _005000_ (net)
                  0.20    0.00   37.89 ^ _264665_/C1 (sky130_fd_sc_hd__o221a_4)
    11    0.07    0.24    0.37   38.26 ^ _264665_/X (sky130_fd_sc_hd__o221a_4)
                                         _005001_ (net)
                  0.24    0.00   38.26 ^ _265199_/A (sky130_fd_sc_hd__xnor2_4)
     4    0.03    0.25    0.19   38.45 ^ _265199_/Y (sky130_fd_sc_hd__xnor2_4)
                                         _005577_ (net)
                  0.25    0.00   38.45 ^ _265200_/B (sky130_fd_sc_hd__nand2_1)
     3    0.01    0.13    0.14   38.59 v _265200_/Y (sky130_fd_sc_hd__nand2_1)
                                         _005578_ (net)
                  0.13    0.00   38.59 v _265879_/A (sky130_fd_sc_hd__nand2_1)
     2    0.02    0.16    0.18   38.77 ^ _265879_/Y (sky130_fd_sc_hd__nand2_1)
                                         _006313_ (net)
                  0.16    0.00   38.77 ^ _265885_/A2 (sky130_fd_sc_hd__o21ai_2)
     2    0.01    0.10    0.10   38.87 v _265885_/Y (sky130_fd_sc_hd__o21ai_2)
                                         _006319_ (net)
                  0.10    0.00   38.87 v _265907_/C (sky130_fd_sc_hd__maj3_1)
     1    0.01    0.10    0.40   39.27 v _265907_/X (sky130_fd_sc_hd__maj3_1)
                                         _006343_ (net)
                  0.10    0.00   39.27 v _265909_/B1 (sky130_fd_sc_hd__a221oi_4)
     1    0.02    0.31    0.33   39.60 ^ _265909_/Y (sky130_fd_sc_hd__a221oi_4)
                                         _006345_ (net)
                  0.31    0.00   39.60 ^ _265910_/B (sky130_fd_sc_hd__xor2_4)
     4    0.04    0.32    0.33   39.94 ^ _265910_/X (sky130_fd_sc_hd__xor2_4)
                                         _006346_ (net)
                  0.32    0.00   39.94 ^ _274283_/A (sky130_fd_sc_hd__and2_2)
     6    0.02    0.14    0.29   40.23 ^ _274283_/X (sky130_fd_sc_hd__and2_2)
                                         _015459_ (net)
                  0.14    0.00   40.23 ^ _274286_/A (sky130_fd_sc_hd__nor2_2)
     2    0.02    0.06    0.09   40.32 v _274286_/Y (sky130_fd_sc_hd__nor2_2)
                                         _015462_ (net)
                  0.06    0.00   40.32 v _274287_/B (sky130_fd_sc_hd__xnor2_4)
     2    0.04    0.34    0.31   40.63 ^ _274287_/Y (sky130_fd_sc_hd__xnor2_4)
                                         _015463_ (net)
                  0.34    0.00   40.63 ^ _274302_/B1 (sky130_fd_sc_hd__a2111oi_4)
     2    0.04    0.15    0.16   40.79 v _274302_/Y (sky130_fd_sc_hd__a2111oi_4)
                                         _015480_ (net)
                  0.15    0.00   40.79 v _274327_/A1 (sky130_fd_sc_hd__o31ai_4)
     7    0.09    0.96    0.87   41.67 ^ _274327_/Y (sky130_fd_sc_hd__o31ai_4)
                                         _015507_ (net)
                  0.96    0.01   41.67 ^ _274342_/A3 (sky130_fd_sc_hd__o311ai_4)
     1    0.04    0.24    0.28   41.95 v _274342_/Y (sky130_fd_sc_hd__o311ai_4)
                                         _015524_ (net)
                  0.24    0.00   41.96 v _274344_/A3 (sky130_fd_sc_hd__a31oi_4)
     5    0.05    0.41    0.47   42.42 ^ _274344_/Y (sky130_fd_sc_hd__a31oi_4)
                                         _015526_ (net)
                  0.41    0.00   42.43 ^ _274354_/B1 (sky130_fd_sc_hd__o32ai_4)
     5    0.05    0.20    0.26   42.69 v _274354_/Y (sky130_fd_sc_hd__o32ai_4)
                                         _015537_ (net)
                  0.20    0.00   42.69 v _274446_/A1 (sky130_fd_sc_hd__o221ai_4)
    12    0.12    0.88    0.75   43.44 ^ _274446_/Y (sky130_fd_sc_hd__o221ai_4)
                                         _015638_ (net)
                  0.88    0.03   43.47 ^ _274568_/A1 (sky130_fd_sc_hd__a21oi_1)
     1    0.00    0.14    0.12   43.59 v _274568_/Y (sky130_fd_sc_hd__a21oi_1)
                                         _015772_ (net)
                  0.14    0.00   43.59 v _274569_/A1 (sky130_fd_sc_hd__mux2_1)
     2    0.01    0.07    0.35   43.94 v _274569_/X (sky130_fd_sc_hd__mux2_1)
                                         _015773_ (net)
                  0.07    0.00   43.94 v _274571_/C (sky130_fd_sc_hd__or3_2)
     4    0.02    0.12    0.48   44.42 v _274571_/X (sky130_fd_sc_hd__or3_2)
                                         _015775_ (net)
                  0.12    0.00   44.42 v _274572_/C (sky130_fd_sc_hd__and3_1)
     3    0.01    0.07    0.24   44.66 v _274572_/X (sky130_fd_sc_hd__and3_1)
                                         _015777_ (net)
                  0.07    0.00   44.66 v _274581_/A1 (sky130_fd_sc_hd__a22o_1)
     3    0.01    0.07    0.24   44.91 v _274581_/X (sky130_fd_sc_hd__a22o_1)
                                         _015786_ (net)
                  0.07    0.00   44.91 v _275848_/A2 (sky130_fd_sc_hd__a2111o_2)
     7    0.02    0.12    0.55   45.45 v _275848_/X (sky130_fd_sc_hd__a2111o_2)
                                         _017168_ (net)
                  0.12    0.00   45.45 v _307132_/A (sky130_fd_sc_hd__and2_2)
     3    0.03    0.09    0.26   45.71 v _307132_/X (sky130_fd_sc_hd__and2_2)
                                         _051368_ (net)
                  0.09    0.00   45.71 v _307133_/S (sky130_fd_sc_hd__mux2i_2)
     2    0.01    0.07    0.18   45.88 v _307133_/Y (sky130_fd_sc_hd__mux2i_2)
                                         _051369_ (net)
                  0.07    0.00   45.88 v _307149_/A2 (sky130_fd_sc_hd__a2111oi_2)
     2    0.01    0.40    0.46   46.34 ^ _307149_/Y (sky130_fd_sc_hd__a2111oi_2)
                                         _051386_ (net)
                  0.40    0.00   46.34 ^ _307150_/D (sky130_fd_sc_hd__and4bb_2)
     4    0.02    0.15    0.37   46.71 ^ _307150_/X (sky130_fd_sc_hd__and4bb_2)
                                         _051387_ (net)
                  0.15    0.00   46.71 ^ _307159_/B (sky130_fd_sc_hd__nand3_4)
     8    0.04    0.16    0.16   46.88 v _307159_/Y (sky130_fd_sc_hd__nand3_4)
                                         _051397_ (net)
                  0.16    0.00   46.88 v _307160_/B1 (sky130_fd_sc_hd__a21oi_2)
     4    0.02    0.28    0.29   47.16 ^ _307160_/Y (sky130_fd_sc_hd__a21oi_2)
                                         _051398_ (net)
                  0.28    0.00   47.16 ^ _307165_/B (sky130_fd_sc_hd__nand3b_4)
    13    0.06    0.21    0.24   47.40 v _307165_/Y (sky130_fd_sc_hd__nand3b_4)
                                         _051404_ (net)
                  0.21    0.00   47.41 v _307166_/B (sky130_fd_sc_hd__nor2_4)
    11    0.03    0.23    0.26   47.66 ^ _307166_/Y (sky130_fd_sc_hd__nor2_4)
                                         _051405_ (net)
                  0.23    0.00   47.66 ^ _307167_/B1 (sky130_fd_sc_hd__o21a_2)
     5    0.03    0.15    0.26   47.93 ^ _307167_/X (sky130_fd_sc_hd__o21a_2)
                                         _051406_ (net)
                  0.15    0.00   47.93 ^ _307168_/C (sky130_fd_sc_hd__nand3_2)
     5    0.02    0.16    0.16   48.09 v _307168_/Y (sky130_fd_sc_hd__nand3_2)
                                         _051407_ (net)
                  0.16    0.00   48.09 v _308049_/B1 (sky130_fd_sc_hd__a21oi_2)
     3    0.01    0.20    0.23   48.32 ^ _308049_/Y (sky130_fd_sc_hd__a21oi_2)
                                         _052370_ (net)
                  0.20    0.00   48.32 ^ _308941_/B1_N (sky130_fd_sc_hd__a21boi_0)
     2    0.01    0.23    0.26   48.58 ^ _308941_/Y (sky130_fd_sc_hd__a21boi_0)
                                         _053346_ (net)
                  0.23    0.00   48.58 ^ _308950_/A (sky130_fd_sc_hd__nor3_1)
     2    0.01    0.08    0.12   48.70 v _308950_/Y (sky130_fd_sc_hd__nor3_1)
                                         _053356_ (net)
                  0.08    0.00   48.70 v _308951_/D1 (sky130_fd_sc_hd__a2111oi_2)
     1    0.01    0.42    0.33   49.04 ^ _308951_/Y (sky130_fd_sc_hd__a2111oi_2)
                                         _053357_ (net)
                  0.42    0.00   49.04 ^ _308976_/A (sky130_fd_sc_hd__xor2_2)
     3    0.02    0.22    0.26   49.30 ^ _308976_/X (sky130_fd_sc_hd__xor2_2)
                                         _053385_ (net)
                  0.22    0.00   49.30 ^ _308987_/B (sky130_fd_sc_hd__nor2_1)
     2    0.01    0.11    0.12   49.42 v _308987_/Y (sky130_fd_sc_hd__nor2_1)
                                         _053397_ (net)
                  0.11    0.00   49.42 v _309294_/A (sky130_fd_sc_hd__nor3_4)
    13    0.06    0.60    0.56   49.97 ^ _309294_/Y (sky130_fd_sc_hd__nor3_4)
                                         _053733_ (net)
                  0.60    0.00   49.97 ^ _321086_/A2 (sky130_fd_sc_hd__a21oi_1)
     1    0.01    0.13    0.18   50.15 v _321086_/Y (sky130_fd_sc_hd__a21oi_1)
                                         _066637_ (net)
                  0.13    0.00   50.15 v _321087_/B (sky130_fd_sc_hd__xor2_1)
     1    0.00    0.07    0.17   50.32 v _321087_/X (sky130_fd_sc_hd__xor2_1)
                                         _066638_ (net)
                  0.07    0.00   50.32 v _321088_/C2 (sky130_fd_sc_hd__a222oi_1)
     1    0.01    0.58    0.50   50.81 ^ _321088_/Y (sky130_fd_sc_hd__a222oi_1)
                                         _066639_ (net)
                  0.58    0.00   50.81 ^ _321089_/B (sky130_fd_sc_hd__xnor2_2)
     2    0.02    0.17    0.20   51.02 v _321089_/Y (sky130_fd_sc_hd__xnor2_2)
                                         _066640_ (net)
                  0.17    0.00   51.02 v _321090_/D (sky130_fd_sc_hd__or4_4)
     5    0.03    0.12    0.51   51.53 v _321090_/X (sky130_fd_sc_hd__or4_4)
                                         _066641_ (net)
                  0.12    0.00   51.53 v _321120_/B (sky130_fd_sc_hd__nor4_4)
     3    0.03    0.43    0.46   52.00 ^ _321120_/Y (sky130_fd_sc_hd__nor4_4)
                                         _066674_ (net)
                  0.43    0.00   52.00 ^ _321169_/A1 (sky130_fd_sc_hd__a31oi_4)
     5    0.04    0.21    0.25   52.25 v _321169_/Y (sky130_fd_sc_hd__a31oi_4)
                                         _066728_ (net)
                  0.21    0.00   52.25 v _321264_/A_N (sky130_fd_sc_hd__nand4b_4)
     5    0.04    0.22    0.33   52.58 v _321264_/Y (sky130_fd_sc_hd__nand4b_4)
                                         _066832_ (net)
                  0.22    0.00   52.58 v _321323_/A2 (sky130_fd_sc_hd__o41ai_4)
     4    0.06    0.86    0.85   53.43 ^ _321323_/Y (sky130_fd_sc_hd__o41ai_4)
                                         _066897_ (net)
                  0.86    0.01   53.44 ^ _321358_/A (sky130_fd_sc_hd__and3_4)
     4    0.10    0.30    0.53   53.97 ^ _321358_/X (sky130_fd_sc_hd__and3_4)
                                         _066935_ (net)
                  0.30    0.02   54.00 ^ _321359_/D_N (sky130_fd_sc_hd__or4b_4)
     6    0.04    0.13    0.59   54.58 v _321359_/X (sky130_fd_sc_hd__or4b_4)
                                         _066936_ (net)
                  0.13    0.00   54.58 v _321427_/A2 (sky130_fd_sc_hd__o41a_4)
     8    0.03    0.10    0.54   55.13 v _321427_/X (sky130_fd_sc_hd__o41a_4)
                                         _067010_ (net)
                  0.10    0.00   55.13 v _328364_/A (sky130_fd_sc_hd__or4_1)
     2    0.01    0.12    0.58   55.71 v _328364_/X (sky130_fd_sc_hd__or4_1)
                                         _074606_ (net)
                  0.12    0.00   55.71 v _328532_/A2 (sky130_fd_sc_hd__a21oi_1)
     1    0.00    0.13    0.18   55.89 ^ _328532_/Y (sky130_fd_sc_hd__a21oi_1)
                                         _074791_ (net)
                  0.13    0.00   55.89 ^ _328545_/B1 (sky130_fd_sc_hd__o221a_1)
     1    0.01    0.12    0.24   56.13 ^ _328545_/X (sky130_fd_sc_hd__o221a_1)
                                         _074805_ (net)
                  0.12    0.00   56.13 ^ _328546_/B1 (sky130_fd_sc_hd__a21oi_4)
     1    0.05    0.14    0.09   56.22 v _328546_/Y (sky130_fd_sc_hd__a21oi_4)
                                         _074806_ (net)
                  0.14    0.01   56.23 v _328569_/A (sky130_fd_sc_hd__nor4_1)
     3    0.01    0.51    0.51   56.74 ^ _328569_/Y (sky130_fd_sc_hd__nor4_1)
                                         _074831_ (net)
                  0.51    0.00   56.74 ^ _330909_/B (sky130_fd_sc_hd__nand3_1)
     3    0.01    0.16    0.21   56.95 v _330909_/Y (sky130_fd_sc_hd__nand3_1)
                                         _077381_ (net)
                  0.16    0.00   56.95 v _332272_/B2 (sky130_fd_sc_hd__a22o_1)
     1    0.00    0.04    0.24   57.19 v _332272_/X (sky130_fd_sc_hd__a22o_1)
                                         _078785_ (net)
                  0.04    0.00   57.19 v _332276_/B1 (sky130_fd_sc_hd__a211o_1)
     1    0.00    0.05    0.26   57.45 v _332276_/X (sky130_fd_sc_hd__a211o_1)
                                         _000590_ (net)
                  0.05    0.00   57.45 v v_decode.v_rf_ctrl.stage_rf_wr_data.internal_data[255]$_DFFE_PN_/D (sky130_fd_sc_hd__dfxtp_2)
                                 57.45   data arrival time

                  0.00  100.00  100.00   clock clk (rise edge)
                          0.00  100.00   clock network delay (ideal)
                          0.00  100.00   clock reconvergence pessimism
                                100.00 ^ v_decode.v_rf_ctrl.stage_rf_wr_data.internal_data[255]$_DFFE_PN_/CLK (sky130_fd_sc_hd__dfxtp_2)
                         -0.13   99.87   library setup time
                                 99.87   data required time
-----------------------------------------------------------------------------
                                 99.87   data required time
                                -57.45   data arrival time
-----------------------------------------------------------------------------
                                 42.42   slack (MET)



==========================================================================
resizer report_checks -unconstrained
--------------------------------------------------------------------------
Startpoint: rst (input port clocked by clk)
Endpoint: v_decode.v_rf_ctrl.stage_rf_wr_en.internal_data[34]$_DFFE_PP0P_
          (recovery check against rising-edge clock clk)
Path Group: asynchronous
Path Type: max

Fanout     Cap    Slew   Delay    Time   Description
-----------------------------------------------------------------------------
                  0.00    0.00    0.00   clock clk (rise edge)
                          0.00    0.00   clock network delay (ideal)
                         20.00   20.00 v input external delay
     1    0.04    0.00    0.00   20.00 v rst (in)
                                         rst (net)
                  0.00    0.00   20.00 v input77/A (sky130_fd_sc_hd__clkbuf_4)
     1    0.04    0.08    0.17   20.17 v input77/X (sky130_fd_sc_hd__clkbuf_4)
                                         net77 (net)
                  0.08    0.00   20.17 v _170700_/A (sky130_fd_sc_hd__clkinv_16)
   144    0.82    0.49    0.22   20.39 ^ _170700_/Y (sky130_fd_sc_hd__clkinv_16)
                                         _000000_ (net)
                  0.74    0.29   20.68 ^ v_decode.v_rf_ctrl.stage_rf_wr_en.internal_data[34]$_DFFE_PP0P_/RESET_B (sky130_fd_sc_hd__dfrtp_4)
                                 20.68   data arrival time

                  0.00  100.00  100.00   clock clk (rise edge)
                          0.00  100.00   clock network delay (ideal)
                          0.00  100.00   clock reconvergence pessimism
                                100.00 ^ v_decode.v_rf_ctrl.stage_rf_wr_en.internal_data[34]$_DFFE_PP0P_/CLK (sky130_fd_sc_hd__dfrtp_4)
                         -0.05   99.95   library recovery time
                                 99.95   data required time
-----------------------------------------------------------------------------
                                 99.95   data required time
                                -20.68   data arrival time
-----------------------------------------------------------------------------
                                 79.27   slack (MET)


Startpoint: v_decode.v_csr_ctrl.stage_vtype.internal_data[12]$_DFFE_PP0P_
            (rising edge-triggered flip-flop clocked by clk)
Endpoint: v_decode.v_rf_ctrl.stage_rf_wr_data.internal_data[255]$_DFFE_PN_
          (rising edge-triggered flip-flop clocked by clk)
Path Group: clk
Path Type: max

Fanout     Cap    Slew   Delay    Time   Description
-----------------------------------------------------------------------------
                  0.00    0.00    0.00   clock clk (rise edge)
                          0.00    0.00   clock network delay (ideal)
                  0.00    0.00    0.00 ^ v_decode.v_csr_ctrl.stage_vtype.internal_data[12]$_DFFE_PP0P_/CLK (sky130_fd_sc_hd__dfrtp_4)
    25    0.30    0.82    0.92    0.92 ^ v_decode.v_csr_ctrl.stage_vtype.internal_data[12]$_DFFE_PP0P_/Q (sky130_fd_sc_hd__dfrtp_4)
                                         v_decode.v_csr_ctrl.stage_vtype.data_out[3] (net)
                  0.82    0.02    0.94 ^ load_slew3884/A (sky130_fd_sc_hd__buf_16)
    61    0.32    0.34    0.37    1.31 ^ load_slew3884/X (sky130_fd_sc_hd__buf_16)
                                         net3884 (net)
                  0.34    0.02    1.33 ^ load_slew3883/A (sky130_fd_sc_hd__buf_16)
    28    0.30    0.31    0.32    1.65 ^ load_slew3883/X (sky130_fd_sc_hd__buf_16)
                                         net3883 (net)
                  0.32    0.05    1.69 ^ _171672_/A (sky130_fd_sc_hd__or2_4)
    10    0.24    0.72    0.64    2.33 ^ _171672_/X (sky130_fd_sc_hd__or2_4)
                                         _010658_ (net)
                  0.72    0.04    2.37 ^ wire3746/A (sky130_fd_sc_hd__buf_16)
    15    0.28    0.28    0.30    2.66 ^ wire3746/X (sky130_fd_sc_hd__buf_16)
                                         net3746 (net)
                  0.38    0.13    2.80 ^ _171690_/B (sky130_fd_sc_hd__nor2_8)
    22    0.18    0.24    0.20    2.99 v _171690_/Y (sky130_fd_sc_hd__nor2_8)
                                         _010856_ (net)
                  0.24    0.00    2.99 v load_slew3722/A (sky130_fd_sc_hd__buf_12)
     9    0.19    0.11    0.27    3.26 v load_slew3722/X (sky130_fd_sc_hd__buf_12)
                                         net3722 (net)
                  0.11    0.02    3.28 v load_slew3721/A (sky130_fd_sc_hd__buf_16)
    25    0.24    0.13    0.23    3.51 v load_slew3721/X (sky130_fd_sc_hd__buf_16)
                                         net3721 (net)
                  0.14    0.03    3.54 v load_slew3720/A (sky130_fd_sc_hd__buf_16)
    26    0.24    0.14    0.25    3.80 v load_slew3720/X (sky130_fd_sc_hd__buf_16)
                                         net3720 (net)
                  0.14    0.03    3.82 v load_slew3719/A (sky130_fd_sc_hd__buf_12)
    24    0.20    0.11    0.23    4.05 v load_slew3719/X (sky130_fd_sc_hd__buf_12)
                                         net3719 (net)
                  0.13    0.03    4.08 v _172159_/A1 (sky130_fd_sc_hd__o21ai_4)
    22    0.10    0.71    0.61    4.69 ^ _172159_/Y (sky130_fd_sc_hd__o21ai_4)
                                         _015952_ (net)
                  0.71    0.00    4.70 ^ _178070_/B2 (sky130_fd_sc_hd__o221ai_1)
     1    0.00    0.14    0.19    4.88 v _178070_/Y (sky130_fd_sc_hd__o221ai_1)
                                         _080283_ (net)
                  0.14    0.00    4.88 v _178071_/B1_N (sky130_fd_sc_hd__o21ba_4)
    12    0.24    0.80    0.78    5.66 ^ _178071_/X (sky130_fd_sc_hd__o21ba_4)
                                         _080293_ (net)
                  0.80    0.01    5.67 ^ _183077_/B1 (sky130_fd_sc_hd__a31oi_4)
     2    0.01    0.15    0.07    5.75 v _183077_/Y (sky130_fd_sc_hd__a31oi_4)
                                         _092974_ (net)
                  0.15    0.00    5.75 v _183078_/C1 (sky130_fd_sc_hd__a211o_4)
    17    0.14    0.22    0.48    6.23 v _183078_/X (sky130_fd_sc_hd__a211o_4)
                                         _092975_ (net)
                  0.22    0.00    6.23 v _183496_/A3 (sky130_fd_sc_hd__a31oi_4)
     5    0.09    0.66    0.63    6.86 ^ _183496_/Y (sky130_fd_sc_hd__a31oi_4)
                                         _093393_ (net)
                  0.66    0.00    6.87 ^ load_slew3365/A (sky130_fd_sc_hd__buf_16)
    11    0.10    0.13    0.25    7.11 ^ load_slew3365/X (sky130_fd_sc_hd__buf_16)
                                         net3365 (net)
                  0.13    0.00    7.11 ^ load_slew3364/A (sky130_fd_sc_hd__buf_16)
     5    0.09    0.11    0.17    7.29 ^ load_slew3364/X (sky130_fd_sc_hd__buf_16)
                                         net3364 (net)
                  0.11    0.00    7.29 ^ _183500_/A (sky130_fd_sc_hd__xor2_4)
     7    0.05    0.15    0.15    7.44 v _183500_/X (sky130_fd_sc_hd__xor2_4)
                                         _093397_ (net)
                  0.15    0.00    7.44 v _183519_/A (sky130_fd_sc_hd__nor4_4)
     7    0.05    0.73    0.72    8.16 ^ _183519_/Y (sky130_fd_sc_hd__nor4_4)
                                         _093416_ (net)
                  0.73    0.00    8.16 ^ _183523_/A2 (sky130_fd_sc_hd__a31oi_4)
    17    0.15    0.55    0.57    8.73 v _183523_/Y (sky130_fd_sc_hd__a31oi_4)
                                         _093420_ (net)
                  0.55    0.03    8.75 v _183531_/B (sky130_fd_sc_hd__nor4_4)
    15    0.11    1.38    1.31   10.06 ^ _183531_/Y (sky130_fd_sc_hd__nor4_4)
                                         _093428_ (net)
                  1.38    0.00   10.06 ^ _183544_/A (sky130_fd_sc_hd__and3_4)
     7    0.07    0.22    0.54   10.60 ^ _183544_/X (sky130_fd_sc_hd__and3_4)
                                         _093441_ (net)
                  0.22    0.00   10.60 ^ _183560_/A2 (sky130_fd_sc_hd__o2111ai_4)
    12    0.15    0.71    0.55   11.16 v _183560_/Y (sky130_fd_sc_hd__o2111ai_4)
                                         _093457_ (net)
                  0.71    0.03   11.18 v _183571_/A1 (sky130_fd_sc_hd__o21ai_4)
    17    0.11    0.78    0.87   12.06 ^ _183571_/Y (sky130_fd_sc_hd__o21ai_4)
                                         _093468_ (net)
                  0.78    0.00   12.06 ^ load_slew2450/A (sky130_fd_sc_hd__buf_12)
    29    0.16    0.19    0.30   12.36 ^ load_slew2450/X (sky130_fd_sc_hd__buf_12)
                                         net2450 (net)
                  0.19    0.01   12.37 ^ _183593_/A (sky130_fd_sc_hd__and4_4)
    13    0.07    0.22    0.39   12.76 ^ _183593_/X (sky130_fd_sc_hd__and4_4)
                                         _093490_ (net)
                  0.22    0.00   12.76 ^ _183599_/A1 (sky130_fd_sc_hd__a21oi_4)
    19    0.16    0.31    0.31   13.07 v _183599_/Y (sky130_fd_sc_hd__a21oi_4)
                                         _093496_ (net)
                  0.31    0.00   13.07 v _183620_/A (sky130_fd_sc_hd__nor4_4)
    10    0.09    1.22    1.13   14.20 ^ _183620_/Y (sky130_fd_sc_hd__nor4_4)
                                         _093517_ (net)
                  1.22    0.01   14.21 ^ _183623_/A2 (sky130_fd_sc_hd__a31oi_4)
    13    0.12    0.53    0.61   14.82 v _183623_/Y (sky130_fd_sc_hd__a31oi_4)
                                         _093520_ (net)
                  0.53    0.00   14.82 v _183629_/C (sky130_fd_sc_hd__nor4_4)
     4    0.03    0.48    0.59   15.42 ^ _183629_/Y (sky130_fd_sc_hd__nor4_4)
                                         _093526_ (net)
                  0.48    0.00   15.42 ^ _183637_/A2 (sky130_fd_sc_hd__a41o_4)
    20    0.13    0.37    0.56   15.98 ^ _183637_/X (sky130_fd_sc_hd__a41o_4)
                                         _093534_ (net)
                  0.38    0.01   15.99 ^ _183659_/A (sky130_fd_sc_hd__and4_4)
     5    0.06    0.18    0.42   16.41 ^ _183659_/X (sky130_fd_sc_hd__and4_4)
                                         _093556_ (net)
                  0.18    0.00   16.41 ^ _183663_/A2 (sky130_fd_sc_hd__a31oi_4)
     5    0.06    0.28    0.24   16.65 v _183663_/Y (sky130_fd_sc_hd__a31oi_4)
                                         _093560_ (net)
                  0.28    0.00   16.65 v load_slew1561/A (sky130_fd_sc_hd__buf_16)
     7    0.10    0.07    0.26   16.91 v load_slew1561/X (sky130_fd_sc_hd__buf_16)
                                         net1561 (net)
                  0.07    0.01   16.92 v load_slew1560/A (sky130_fd_sc_hd__buf_16)
    17    0.12    0.08    0.18   17.11 v load_slew1560/X (sky130_fd_sc_hd__buf_16)
                                         net1560 (net)
                  0.08    0.00   17.11 v _183679_/B (sky130_fd_sc_hd__or4_4)
    15    0.12    0.23    0.73   17.84 v _183679_/X (sky130_fd_sc_hd__or4_4)
                                         _093576_ (net)
                  0.23    0.00   17.84 v _183690_/A1 (sky130_fd_sc_hd__o21ai_4)
     9    0.08    0.54    0.53   18.37 ^ _183690_/Y (sky130_fd_sc_hd__o21ai_4)
                                         _093587_ (net)
                  0.54    0.00   18.37 ^ wire1363/A (sky130_fd_sc_hd__buf_12)
    25    0.16    0.19    0.29   18.66 ^ wire1363/X (sky130_fd_sc_hd__buf_12)
                                         net1363 (net)
                  0.19    0.02   18.67 ^ load_slew1362/A (sky130_fd_sc_hd__buf_12)
    19    0.15    0.18    0.24   18.91 ^ load_slew1362/X (sky130_fd_sc_hd__buf_12)
                                         net1362 (net)
                  0.18    0.00   18.92 ^ _183714_/A1 (sky130_fd_sc_hd__a31oi_4)
    10    0.08    0.40    0.27   19.19 v _183714_/Y (sky130_fd_sc_hd__a31oi_4)
                                         _093611_ (net)
                  0.40    0.00   19.19 v load_slew1279/A (sky130_fd_sc_hd__buf_16)
    15    0.11    0.08    0.31   19.50 v load_slew1279/X (sky130_fd_sc_hd__buf_16)
                                         net1279 (net)
                  0.08    0.00   19.51 v load_slew1278/A (sky130_fd_sc_hd__buf_16)
     6    0.12    0.08    0.18   19.69 v load_slew1278/X (sky130_fd_sc_hd__buf_16)
                                         net1278 (net)
                  0.08    0.00   19.69 v _183728_/C (sky130_fd_sc_hd__nor4_4)
    12    0.06    0.83    0.71   20.39 ^ _183728_/Y (sky130_fd_sc_hd__nor4_4)
                                         _093625_ (net)
                  0.83    0.00   20.40 ^ _183734_/A1 (sky130_fd_sc_hd__a21oi_4)
    18    0.14    0.38    0.44   20.83 v _183734_/Y (sky130_fd_sc_hd__a21oi_4)
                                         _093631_ (net)
                  0.38    0.00   20.84 v _183746_/B (sky130_fd_sc_hd__nor4_4)
     3    0.03    0.47    0.58   21.41 ^ _183746_/Y (sky130_fd_sc_hd__nor4_4)
                                         _093643_ (net)
                  0.47    0.00   21.41 ^ load_slew918/A (sky130_fd_sc_hd__buf_6)
     7    0.08    0.16    0.27   21.68 ^ load_slew918/X (sky130_fd_sc_hd__buf_6)
                                         net918 (net)
                  0.17    0.01   21.69 ^ _183826_/A3 (sky130_fd_sc_hd__a41oi_4)
    12    0.08    0.52    0.35   22.04 v _183826_/Y (sky130_fd_sc_hd__a41oi_4)
                                         _093723_ (net)
                  0.52    0.00   22.04 v load_slew832/A (sky130_fd_sc_hd__buf_16)
    15    0.11    0.08    0.36   22.40 v load_slew832/X (sky130_fd_sc_hd__buf_16)
                                         net832 (net)
                  0.08    0.00   22.40 v load_slew831/A (sky130_fd_sc_hd__buf_16)
    16    0.11    0.08    0.18   22.58 v load_slew831/X (sky130_fd_sc_hd__buf_16)
                                         net831 (net)
                  0.08    0.00   22.59 v _183837_/A1 (sky130_fd_sc_hd__o31ai_4)
    18    0.12    1.28    1.07   23.66 ^ _183837_/Y (sky130_fd_sc_hd__o31ai_4)
                                         _093734_ (net)
                  1.28    0.01   23.67 ^ _183839_/B (sky130_fd_sc_hd__nand3_4)
    14    0.08    0.41    0.46   24.13 v _183839_/Y (sky130_fd_sc_hd__nand3_4)
                                         _093736_ (net)
                  0.41    0.00   24.13 v _183844_/A1 (sky130_fd_sc_hd__o21ai_4)
    14    0.11    0.78    0.77   24.90 ^ _183844_/Y (sky130_fd_sc_hd__o21ai_4)
                                         _093741_ (net)
                  0.78    0.00   24.90 ^ _184118_/A (sky130_fd_sc_hd__nand4_4)
    14    0.12    0.58    0.60   25.50 v _184118_/Y (sky130_fd_sc_hd__nand4_4)
                                         _094015_ (net)
                  0.58    0.01   25.51 v _185380_/A1 (sky130_fd_sc_hd__o21ai_4)
    12    0.07    0.53    0.64   26.15 ^ _185380_/Y (sky130_fd_sc_hd__o21ai_4)
                                         _095277_ (net)
                  0.53    0.00   26.15 ^ _185396_/A (sky130_fd_sc_hd__nand3_4)
    31    0.40    1.27    1.05   27.20 v _185396_/Y (sky130_fd_sc_hd__nand3_4)
                                         _095293_ (net)
                  1.27    0.00   27.20 v _261061_/A (sky130_fd_sc_hd__nor2_2)
     4    0.02    0.36    0.59   27.80 ^ _261061_/Y (sky130_fd_sc_hd__nor2_2)
                                         _001068_ (net)
                  0.36    0.00   27.80 ^ _261068_/A (sky130_fd_sc_hd__nand2_1)
     3    0.01    0.11    0.13   27.93 v _261068_/Y (sky130_fd_sc_hd__nand2_1)
                                         _001076_ (net)
                  0.11    0.00   27.93 v _261227_/C (sky130_fd_sc_hd__or3_1)
     1    0.01    0.10    0.37   28.31 v _261227_/X (sky130_fd_sc_hd__or3_1)
                                         _001249_ (net)
                  0.10    0.00   28.31 v _261228_/A3 (sky130_fd_sc_hd__a31oi_4)
     5    0.02    0.20    0.25   28.56 ^ _261228_/Y (sky130_fd_sc_hd__a31oi_4)
                                         _001250_ (net)
                  0.20    0.00   28.56 ^ _261229_/B (sky130_fd_sc_hd__nor2_2)
     3    0.02    0.08    0.11   28.67 v _261229_/Y (sky130_fd_sc_hd__nor2_2)
                                         _001251_ (net)
                  0.08    0.00   28.67 v _261453_/A2 (sky130_fd_sc_hd__o21a_1)
     1    0.01    0.05    0.19   28.87 v _261453_/X (sky130_fd_sc_hd__o21a_1)
                                         _001496_ (net)
                  0.05    0.00   28.87 v _261454_/B (sky130_fd_sc_hd__xor3_4)
     2    0.03    0.14    0.52   29.39 v _261454_/X (sky130_fd_sc_hd__xor3_4)
                                         _001497_ (net)
                  0.14    0.00   29.39 v _261455_/C (sky130_fd_sc_hd__maj3_1)
     2    0.01    0.10    0.42   29.82 v _261455_/X (sky130_fd_sc_hd__maj3_1)
                                         _001498_ (net)
                  0.10    0.00   29.82 v _261459_/B (sky130_fd_sc_hd__maj3_1)
     2    0.01    0.10    0.38   30.20 v _261459_/X (sky130_fd_sc_hd__maj3_1)
                                         _001502_ (net)
                  0.10    0.00   30.20 v _261460_/C (sky130_fd_sc_hd__maj3_2)
     4    0.03    0.12    0.40   30.60 v _261460_/X (sky130_fd_sc_hd__maj3_2)
                                         _001503_ (net)
                  0.12    0.00   30.60 v _261461_/C (sky130_fd_sc_hd__maj3_2)
     2    0.02    0.10    0.38   30.98 v _261461_/X (sky130_fd_sc_hd__maj3_2)
                                         _001504_ (net)
                  0.10    0.00   30.98 v _261467_/A (sky130_fd_sc_hd__maj3_1)
     3    0.01    0.11    0.42   31.40 v _261467_/X (sky130_fd_sc_hd__maj3_1)
                                         _001511_ (net)
                  0.11    0.00   31.40 v _261982_/A (sky130_fd_sc_hd__xnor2_1)
     2    0.01    0.10    0.19   31.59 v _261982_/Y (sky130_fd_sc_hd__xnor2_1)
                                         _002075_ (net)
                  0.10    0.00   31.59 v _261984_/A0 (sky130_fd_sc_hd__mux2_1)
     1    0.00    0.05    0.29   31.88 v _261984_/X (sky130_fd_sc_hd__mux2_1)
                                         _002077_ (net)
                  0.05    0.00   31.88 v _261986_/A1 (sky130_fd_sc_hd__mux2_1)
     1    0.01    0.09    0.34   32.22 v _261986_/X (sky130_fd_sc_hd__mux2_1)
                                         _002079_ (net)
                  0.09    0.00   32.22 v _261987_/C (sky130_fd_sc_hd__nor3_4)
    12    0.05    0.55    0.45   32.66 ^ _261987_/Y (sky130_fd_sc_hd__nor3_4)
                                         _002080_ (net)
                  0.55    0.00   32.67 ^ _261990_/A (sky130_fd_sc_hd__and2_2)
     5    0.03    0.15    0.34   33.01 ^ _261990_/X (sky130_fd_sc_hd__and2_2)
                                         _002083_ (net)
                  0.15    0.00   33.01 ^ _262125_/B1 (sky130_fd_sc_hd__o221ai_4)
     1    0.02    0.11    0.15   33.16 v _262125_/Y (sky130_fd_sc_hd__o221ai_4)
                                         _002231_ (net)
                  0.11    0.00   33.16 v _262126_/B (sky130_fd_sc_hd__xnor2_4)
     4    0.03    0.25    0.25   33.41 ^ _262126_/Y (sky130_fd_sc_hd__xnor2_4)
                                         _002232_ (net)
                  0.25    0.00   33.42 ^ _262153_/A (sky130_fd_sc_hd__inv_1)
     1    0.00    0.06    0.08   33.49 v _262153_/Y (sky130_fd_sc_hd__inv_1)
                                         _002261_ (net)
                  0.06    0.00   33.49 v _262155_/A (sky130_fd_sc_hd__maj3_2)
     4    0.03    0.12    0.39   33.88 v _262155_/X (sky130_fd_sc_hd__maj3_2)
                                         _002263_ (net)
                  0.12    0.00   33.88 v _262181_/B (sky130_fd_sc_hd__xnor2_4)
     3    0.03    0.12    0.20   34.09 v _262181_/Y (sky130_fd_sc_hd__xnor2_4)
                                         _002291_ (net)
                  0.12    0.00   34.09 v _262402_/A2 (sky130_fd_sc_hd__a2111oi_4)
     3    0.01    0.36    0.46   34.55 ^ _262402_/Y (sky130_fd_sc_hd__a2111oi_4)
                                         _002534_ (net)
                  0.36    0.00   34.55 ^ _264455_/A (sky130_fd_sc_hd__nor2_2)
     1    0.02    0.10    0.13   34.68 v _264455_/Y (sky130_fd_sc_hd__nor2_2)
                                         _004773_ (net)
                  0.10    0.00   34.68 v _264458_/A (sky130_fd_sc_hd__xnor2_4)
     6    0.03    0.25    0.28   34.96 ^ _264458_/Y (sky130_fd_sc_hd__xnor2_4)
                                         _004776_ (net)
                  0.25    0.00   34.96 ^ _264459_/C_N (sky130_fd_sc_hd__nor3b_4)
     7    0.04    0.44    0.46   35.42 ^ _264459_/Y (sky130_fd_sc_hd__nor3b_4)
                                         _004777_ (net)
                  0.44    0.00   35.42 ^ _264460_/B1 (sky130_fd_sc_hd__o21ai_4)
     7    0.04    0.15    0.19   35.61 v _264460_/Y (sky130_fd_sc_hd__o21ai_4)
                                         _004778_ (net)
                  0.15    0.00   35.61 v _264461_/C (sky130_fd_sc_hd__nor3_2)
     4    0.02    0.39    0.34   35.95 ^ _264461_/Y (sky130_fd_sc_hd__nor3_2)
                                         _004779_ (net)
                  0.39    0.00   35.95 ^ _264464_/A (sky130_fd_sc_hd__and2_0)
     4    0.01    0.19    0.28   36.23 ^ _264464_/X (sky130_fd_sc_hd__and2_0)
                                         _004782_ (net)
                  0.19    0.00   36.23 ^ _264640_/A (sky130_fd_sc_hd__xnor3_1)
     3    0.01    0.11    0.48   36.71 v _264640_/X (sky130_fd_sc_hd__xnor3_1)
                                         _004974_ (net)
                  0.11    0.00   36.71 v _264641_/B (sky130_fd_sc_hd__and2_0)
     2    0.01    0.09    0.22   36.93 v _264641_/X (sky130_fd_sc_hd__and2_0)
                                         _004975_ (net)
                  0.09    0.00   36.93 v _264652_/A2 (sky130_fd_sc_hd__o31a_4)
     7    0.04    0.10    0.41   37.34 v _264652_/X (sky130_fd_sc_hd__o31a_4)
                                         _004987_ (net)
                  0.10    0.00   37.34 v _264654_/C (sky130_fd_sc_hd__maj3_1)
     1    0.00    0.06    0.36   37.70 v _264654_/X (sky130_fd_sc_hd__maj3_1)
                                         _004989_ (net)
                  0.06    0.00   37.70 v _264664_/A2 (sky130_fd_sc_hd__o21ai_0)
     1    0.01    0.20    0.19   37.89 ^ _264664_/Y (sky130_fd_sc_hd__o21ai_0)
                                         _005000_ (net)
                  0.20    0.00   37.89 ^ _264665_/C1 (sky130_fd_sc_hd__o221a_4)
    11    0.07    0.24    0.37   38.26 ^ _264665_/X (sky130_fd_sc_hd__o221a_4)
                                         _005001_ (net)
                  0.24    0.00   38.26 ^ _265199_/A (sky130_fd_sc_hd__xnor2_4)
     4    0.03    0.25    0.19   38.45 ^ _265199_/Y (sky130_fd_sc_hd__xnor2_4)
                                         _005577_ (net)
                  0.25    0.00   38.45 ^ _265200_/B (sky130_fd_sc_hd__nand2_1)
     3    0.01    0.13    0.14   38.59 v _265200_/Y (sky130_fd_sc_hd__nand2_1)
                                         _005578_ (net)
                  0.13    0.00   38.59 v _265879_/A (sky130_fd_sc_hd__nand2_1)
     2    0.02    0.16    0.18   38.77 ^ _265879_/Y (sky130_fd_sc_hd__nand2_1)
                                         _006313_ (net)
                  0.16    0.00   38.77 ^ _265885_/A2 (sky130_fd_sc_hd__o21ai_2)
     2    0.01    0.10    0.10   38.87 v _265885_/Y (sky130_fd_sc_hd__o21ai_2)
                                         _006319_ (net)
                  0.10    0.00   38.87 v _265907_/C (sky130_fd_sc_hd__maj3_1)
     1    0.01    0.10    0.40   39.27 v _265907_/X (sky130_fd_sc_hd__maj3_1)
                                         _006343_ (net)
                  0.10    0.00   39.27 v _265909_/B1 (sky130_fd_sc_hd__a221oi_4)
     1    0.02    0.31    0.33   39.60 ^ _265909_/Y (sky130_fd_sc_hd__a221oi_4)
                                         _006345_ (net)
                  0.31    0.00   39.60 ^ _265910_/B (sky130_fd_sc_hd__xor2_4)
     4    0.04    0.32    0.33   39.94 ^ _265910_/X (sky130_fd_sc_hd__xor2_4)
                                         _006346_ (net)
                  0.32    0.00   39.94 ^ _274283_/A (sky130_fd_sc_hd__and2_2)
     6    0.02    0.14    0.29   40.23 ^ _274283_/X (sky130_fd_sc_hd__and2_2)
                                         _015459_ (net)
                  0.14    0.00   40.23 ^ _274286_/A (sky130_fd_sc_hd__nor2_2)
     2    0.02    0.06    0.09   40.32 v _274286_/Y (sky130_fd_sc_hd__nor2_2)
                                         _015462_ (net)
                  0.06    0.00   40.32 v _274287_/B (sky130_fd_sc_hd__xnor2_4)
     2    0.04    0.34    0.31   40.63 ^ _274287_/Y (sky130_fd_sc_hd__xnor2_4)
                                         _015463_ (net)
                  0.34    0.00   40.63 ^ _274302_/B1 (sky130_fd_sc_hd__a2111oi_4)
     2    0.04    0.15    0.16   40.79 v _274302_/Y (sky130_fd_sc_hd__a2111oi_4)
                                         _015480_ (net)
                  0.15    0.00   40.79 v _274327_/A1 (sky130_fd_sc_hd__o31ai_4)
     7    0.09    0.96    0.87   41.67 ^ _274327_/Y (sky130_fd_sc_hd__o31ai_4)
                                         _015507_ (net)
                  0.96    0.01   41.67 ^ _274342_/A3 (sky130_fd_sc_hd__o311ai_4)
     1    0.04    0.24    0.28   41.95 v _274342_/Y (sky130_fd_sc_hd__o311ai_4)
                                         _015524_ (net)
                  0.24    0.00   41.96 v _274344_/A3 (sky130_fd_sc_hd__a31oi_4)
     5    0.05    0.41    0.47   42.42 ^ _274344_/Y (sky130_fd_sc_hd__a31oi_4)
                                         _015526_ (net)
                  0.41    0.00   42.43 ^ _274354_/B1 (sky130_fd_sc_hd__o32ai_4)
     5    0.05    0.20    0.26   42.69 v _274354_/Y (sky130_fd_sc_hd__o32ai_4)
                                         _015537_ (net)
                  0.20    0.00   42.69 v _274446_/A1 (sky130_fd_sc_hd__o221ai_4)
    12    0.12    0.88    0.75   43.44 ^ _274446_/Y (sky130_fd_sc_hd__o221ai_4)
                                         _015638_ (net)
                  0.88    0.03   43.47 ^ _274568_/A1 (sky130_fd_sc_hd__a21oi_1)
     1    0.00    0.14    0.12   43.59 v _274568_/Y (sky130_fd_sc_hd__a21oi_1)
                                         _015772_ (net)
                  0.14    0.00   43.59 v _274569_/A1 (sky130_fd_sc_hd__mux2_1)
     2    0.01    0.07    0.35   43.94 v _274569_/X (sky130_fd_sc_hd__mux2_1)
                                         _015773_ (net)
                  0.07    0.00   43.94 v _274571_/C (sky130_fd_sc_hd__or3_2)
     4    0.02    0.12    0.48   44.42 v _274571_/X (sky130_fd_sc_hd__or3_2)
                                         _015775_ (net)
                  0.12    0.00   44.42 v _274572_/C (sky130_fd_sc_hd__and3_1)
     3    0.01    0.07    0.24   44.66 v _274572_/X (sky130_fd_sc_hd__and3_1)
                                         _015777_ (net)
                  0.07    0.00   44.66 v _274581_/A1 (sky130_fd_sc_hd__a22o_1)
     3    0.01    0.07    0.24   44.91 v _274581_/X (sky130_fd_sc_hd__a22o_1)
                                         _015786_ (net)
                  0.07    0.00   44.91 v _275848_/A2 (sky130_fd_sc_hd__a2111o_2)
     7    0.02    0.12    0.55   45.45 v _275848_/X (sky130_fd_sc_hd__a2111o_2)
                                         _017168_ (net)
                  0.12    0.00   45.45 v _307132_/A (sky130_fd_sc_hd__and2_2)
     3    0.03    0.09    0.26   45.71 v _307132_/X (sky130_fd_sc_hd__and2_2)
                                         _051368_ (net)
                  0.09    0.00   45.71 v _307133_/S (sky130_fd_sc_hd__mux2i_2)
     2    0.01    0.07    0.18   45.88 v _307133_/Y (sky130_fd_sc_hd__mux2i_2)
                                         _051369_ (net)
                  0.07    0.00   45.88 v _307149_/A2 (sky130_fd_sc_hd__a2111oi_2)
     2    0.01    0.40    0.46   46.34 ^ _307149_/Y (sky130_fd_sc_hd__a2111oi_2)
                                         _051386_ (net)
                  0.40    0.00   46.34 ^ _307150_/D (sky130_fd_sc_hd__and4bb_2)
     4    0.02    0.15    0.37   46.71 ^ _307150_/X (sky130_fd_sc_hd__and4bb_2)
                                         _051387_ (net)
                  0.15    0.00   46.71 ^ _307159_/B (sky130_fd_sc_hd__nand3_4)
     8    0.04    0.16    0.16   46.88 v _307159_/Y (sky130_fd_sc_hd__nand3_4)
                                         _051397_ (net)
                  0.16    0.00   46.88 v _307160_/B1 (sky130_fd_sc_hd__a21oi_2)
     4    0.02    0.28    0.29   47.16 ^ _307160_/Y (sky130_fd_sc_hd__a21oi_2)
                                         _051398_ (net)
                  0.28    0.00   47.16 ^ _307165_/B (sky130_fd_sc_hd__nand3b_4)
    13    0.06    0.21    0.24   47.40 v _307165_/Y (sky130_fd_sc_hd__nand3b_4)
                                         _051404_ (net)
                  0.21    0.00   47.41 v _307166_/B (sky130_fd_sc_hd__nor2_4)
    11    0.03    0.23    0.26   47.66 ^ _307166_/Y (sky130_fd_sc_hd__nor2_4)
                                         _051405_ (net)
                  0.23    0.00   47.66 ^ _307167_/B1 (sky130_fd_sc_hd__o21a_2)
     5    0.03    0.15    0.26   47.93 ^ _307167_/X (sky130_fd_sc_hd__o21a_2)
                                         _051406_ (net)
                  0.15    0.00   47.93 ^ _307168_/C (sky130_fd_sc_hd__nand3_2)
     5    0.02    0.16    0.16   48.09 v _307168_/Y (sky130_fd_sc_hd__nand3_2)
                                         _051407_ (net)
                  0.16    0.00   48.09 v _308049_/B1 (sky130_fd_sc_hd__a21oi_2)
     3    0.01    0.20    0.23   48.32 ^ _308049_/Y (sky130_fd_sc_hd__a21oi_2)
                                         _052370_ (net)
                  0.20    0.00   48.32 ^ _308941_/B1_N (sky130_fd_sc_hd__a21boi_0)
     2    0.01    0.23    0.26   48.58 ^ _308941_/Y (sky130_fd_sc_hd__a21boi_0)
                                         _053346_ (net)
                  0.23    0.00   48.58 ^ _308950_/A (sky130_fd_sc_hd__nor3_1)
     2    0.01    0.08    0.12   48.70 v _308950_/Y (sky130_fd_sc_hd__nor3_1)
                                         _053356_ (net)
                  0.08    0.00   48.70 v _308951_/D1 (sky130_fd_sc_hd__a2111oi_2)
     1    0.01    0.42    0.33   49.04 ^ _308951_/Y (sky130_fd_sc_hd__a2111oi_2)
                                         _053357_ (net)
                  0.42    0.00   49.04 ^ _308976_/A (sky130_fd_sc_hd__xor2_2)
     3    0.02    0.22    0.26   49.30 ^ _308976_/X (sky130_fd_sc_hd__xor2_2)
                                         _053385_ (net)
                  0.22    0.00   49.30 ^ _308987_/B (sky130_fd_sc_hd__nor2_1)
     2    0.01    0.11    0.12   49.42 v _308987_/Y (sky130_fd_sc_hd__nor2_1)
                                         _053397_ (net)
                  0.11    0.00   49.42 v _309294_/A (sky130_fd_sc_hd__nor3_4)
    13    0.06    0.60    0.56   49.97 ^ _309294_/Y (sky130_fd_sc_hd__nor3_4)
                                         _053733_ (net)
                  0.60    0.00   49.97 ^ _321086_/A2 (sky130_fd_sc_hd__a21oi_1)
     1    0.01    0.13    0.18   50.15 v _321086_/Y (sky130_fd_sc_hd__a21oi_1)
                                         _066637_ (net)
                  0.13    0.00   50.15 v _321087_/B (sky130_fd_sc_hd__xor2_1)
     1    0.00    0.07    0.17   50.32 v _321087_/X (sky130_fd_sc_hd__xor2_1)
                                         _066638_ (net)
                  0.07    0.00   50.32 v _321088_/C2 (sky130_fd_sc_hd__a222oi_1)
     1    0.01    0.58    0.50   50.81 ^ _321088_/Y (sky130_fd_sc_hd__a222oi_1)
                                         _066639_ (net)
                  0.58    0.00   50.81 ^ _321089_/B (sky130_fd_sc_hd__xnor2_2)
     2    0.02    0.17    0.20   51.02 v _321089_/Y (sky130_fd_sc_hd__xnor2_2)
                                         _066640_ (net)
                  0.17    0.00   51.02 v _321090_/D (sky130_fd_sc_hd__or4_4)
     5    0.03    0.12    0.51   51.53 v _321090_/X (sky130_fd_sc_hd__or4_4)
                                         _066641_ (net)
                  0.12    0.00   51.53 v _321120_/B (sky130_fd_sc_hd__nor4_4)
     3    0.03    0.43    0.46   52.00 ^ _321120_/Y (sky130_fd_sc_hd__nor4_4)
                                         _066674_ (net)
                  0.43    0.00   52.00 ^ _321169_/A1 (sky130_fd_sc_hd__a31oi_4)
     5    0.04    0.21    0.25   52.25 v _321169_/Y (sky130_fd_sc_hd__a31oi_4)
                                         _066728_ (net)
                  0.21    0.00   52.25 v _321264_/A_N (sky130_fd_sc_hd__nand4b_4)
     5    0.04    0.22    0.33   52.58 v _321264_/Y (sky130_fd_sc_hd__nand4b_4)
                                         _066832_ (net)
                  0.22    0.00   52.58 v _321323_/A2 (sky130_fd_sc_hd__o41ai_4)
     4    0.06    0.86    0.85   53.43 ^ _321323_/Y (sky130_fd_sc_hd__o41ai_4)
                                         _066897_ (net)
                  0.86    0.01   53.44 ^ _321358_/A (sky130_fd_sc_hd__and3_4)
     4    0.10    0.30    0.53   53.97 ^ _321358_/X (sky130_fd_sc_hd__and3_4)
                                         _066935_ (net)
                  0.30    0.02   54.00 ^ _321359_/D_N (sky130_fd_sc_hd__or4b_4)
     6    0.04    0.13    0.59   54.58 v _321359_/X (sky130_fd_sc_hd__or4b_4)
                                         _066936_ (net)
                  0.13    0.00   54.58 v _321427_/A2 (sky130_fd_sc_hd__o41a_4)
     8    0.03    0.10    0.54   55.13 v _321427_/X (sky130_fd_sc_hd__o41a_4)
                                         _067010_ (net)
                  0.10    0.00   55.13 v _328364_/A (sky130_fd_sc_hd__or4_1)
     2    0.01    0.12    0.58   55.71 v _328364_/X (sky130_fd_sc_hd__or4_1)
                                         _074606_ (net)
                  0.12    0.00   55.71 v _328532_/A2 (sky130_fd_sc_hd__a21oi_1)
     1    0.00    0.13    0.18   55.89 ^ _328532_/Y (sky130_fd_sc_hd__a21oi_1)
                                         _074791_ (net)
                  0.13    0.00   55.89 ^ _328545_/B1 (sky130_fd_sc_hd__o221a_1)
     1    0.01    0.12    0.24   56.13 ^ _328545_/X (sky130_fd_sc_hd__o221a_1)
                                         _074805_ (net)
                  0.12    0.00   56.13 ^ _328546_/B1 (sky130_fd_sc_hd__a21oi_4)
     1    0.05    0.14    0.09   56.22 v _328546_/Y (sky130_fd_sc_hd__a21oi_4)
                                         _074806_ (net)
                  0.14    0.01   56.23 v _328569_/A (sky130_fd_sc_hd__nor4_1)
     3    0.01    0.51    0.51   56.74 ^ _328569_/Y (sky130_fd_sc_hd__nor4_1)
                                         _074831_ (net)
                  0.51    0.00   56.74 ^ _330909_/B (sky130_fd_sc_hd__nand3_1)
     3    0.01    0.16    0.21   56.95 v _330909_/Y (sky130_fd_sc_hd__nand3_1)
                                         _077381_ (net)
                  0.16    0.00   56.95 v _332272_/B2 (sky130_fd_sc_hd__a22o_1)
     1    0.00    0.04    0.24   57.19 v _332272_/X (sky130_fd_sc_hd__a22o_1)
                                         _078785_ (net)
                  0.04    0.00   57.19 v _332276_/B1 (sky130_fd_sc_hd__a211o_1)
     1    0.00    0.05    0.26   57.45 v _332276_/X (sky130_fd_sc_hd__a211o_1)
                                         _000590_ (net)
                  0.05    0.00   57.45 v v_decode.v_rf_ctrl.stage_rf_wr_data.internal_data[255]$_DFFE_PN_/D (sky130_fd_sc_hd__dfxtp_2)
                                 57.45   data arrival time

                  0.00  100.00  100.00   clock clk (rise edge)
                          0.00  100.00   clock network delay (ideal)
                          0.00  100.00   clock reconvergence pessimism
                                100.00 ^ v_decode.v_rf_ctrl.stage_rf_wr_data.internal_data[255]$_DFFE_PN_/CLK (sky130_fd_sc_hd__dfxtp_2)
                         -0.13   99.87   library setup time
                                 99.87   data required time
-----------------------------------------------------------------------------
                                 99.87   data required time
                                -57.45   data arrival time
-----------------------------------------------------------------------------
                                 42.42   slack (MET)



==========================================================================
resizer report_check_types -max_slew -max_cap -max_fanout -violators
--------------------------------------------------------------------------

==========================================================================
resizer max_slew_check_slack
--------------------------------------------------------------------------
0.005708655808120966

==========================================================================
resizer max_slew_check_limit
--------------------------------------------------------------------------
1.5

==========================================================================
resizer max_slew_check_slack_limit
--------------------------------------------------------------------------
0.0038

==========================================================================
resizer max_fanout_check_slack
--------------------------------------------------------------------------
1.0000000150474662e+30

==========================================================================
resizer max_fanout_check_limit
--------------------------------------------------------------------------
1.0000000150474662e+30

==========================================================================
resizer max_capacitance_check_slack
--------------------------------------------------------------------------
0.00025965963141061366

==========================================================================
resizer max_capacitance_check_limit
--------------------------------------------------------------------------
0.11262000352144241

==========================================================================
resizer max_capacitance_check_slack_limit
--------------------------------------------------------------------------
0.0023

==========================================================================
resizer max_slew_violation_count
--------------------------------------------------------------------------
max slew violation count 0

==========================================================================
resizer max_fanout_violation_count
--------------------------------------------------------------------------
max fanout violation count 0

==========================================================================
resizer max_cap_violation_count
--------------------------------------------------------------------------
max cap violation count 0

==========================================================================
resizer setup_violation_count
--------------------------------------------------------------------------
setup violation count 0

==========================================================================
resizer hold_violation_count
--------------------------------------------------------------------------
hold violation count 0

==========================================================================
resizer report_checks -path_delay max reg to reg
--------------------------------------------------------------------------
Startpoint: v_decode.v_csr_ctrl.stage_vtype.internal_data[12]$_DFFE_PP0P_
            (rising edge-triggered flip-flop clocked by clk)
Endpoint: v_decode.v_rf_ctrl.stage_rf_wr_data.internal_data[255]$_DFFE_PN_
          (rising edge-triggered flip-flop clocked by clk)
Path Group: clk
Path Type: max

  Delay    Time   Description
---------------------------------------------------------
   0.00    0.00   clock clk (rise edge)
   0.00    0.00   clock network delay (ideal)
   0.00    0.00 ^ v_decode.v_csr_ctrl.stage_vtype.internal_data[12]$_DFFE_PP0P_/CLK (sky130_fd_sc_hd__dfrtp_4)
   0.92    0.92 ^ v_decode.v_csr_ctrl.stage_vtype.internal_data[12]$_DFFE_PP0P_/Q (sky130_fd_sc_hd__dfrtp_4)
   0.39    1.31 ^ load_slew3884/X (sky130_fd_sc_hd__buf_16)
   0.34    1.65 ^ load_slew3883/X (sky130_fd_sc_hd__buf_16)
   0.68    2.33 ^ _171672_/X (sky130_fd_sc_hd__or2_4)
   0.34    2.66 ^ wire3746/X (sky130_fd_sc_hd__buf_16)
   0.33    2.99 v _171690_/Y (sky130_fd_sc_hd__nor2_8)
   0.27    3.26 v load_slew3722/X (sky130_fd_sc_hd__buf_12)
   0.25    3.51 v load_slew3721/X (sky130_fd_sc_hd__buf_16)
   0.28    3.80 v load_slew3720/X (sky130_fd_sc_hd__buf_16)
   0.25    4.05 v load_slew3719/X (sky130_fd_sc_hd__buf_12)
   0.64    4.69 ^ _172159_/Y (sky130_fd_sc_hd__o21ai_4)
   0.19    4.88 v _178070_/Y (sky130_fd_sc_hd__o221ai_1)
   0.78    5.66 ^ _178071_/X (sky130_fd_sc_hd__o21ba_4)
   0.09    5.75 v _183077_/Y (sky130_fd_sc_hd__a31oi_4)
   0.48    6.23 v _183078_/X (sky130_fd_sc_hd__a211o_4)
   0.64    6.86 ^ _183496_/Y (sky130_fd_sc_hd__a31oi_4)
   0.25    7.11 ^ load_slew3365/X (sky130_fd_sc_hd__buf_16)
   0.18    7.29 ^ load_slew3364/X (sky130_fd_sc_hd__buf_16)
   0.15    7.44 v _183500_/X (sky130_fd_sc_hd__xor2_4)
   0.72    8.16 ^ _183519_/Y (sky130_fd_sc_hd__nor4_4)
   0.57    8.73 v _183523_/Y (sky130_fd_sc_hd__a31oi_4)
   1.33   10.06 ^ _183531_/Y (sky130_fd_sc_hd__nor4_4)
   0.54   10.60 ^ _183544_/X (sky130_fd_sc_hd__and3_4)
   0.55   11.16 v _183560_/Y (sky130_fd_sc_hd__o2111ai_4)
   0.90   12.06 ^ _183571_/Y (sky130_fd_sc_hd__o21ai_4)
   0.31   12.36 ^ load_slew2450/X (sky130_fd_sc_hd__buf_12)
   0.40   12.76 ^ _183593_/X (sky130_fd_sc_hd__and4_4)
   0.31   13.07 v _183599_/Y (sky130_fd_sc_hd__a21oi_4)
   1.13   14.20 ^ _183620_/Y (sky130_fd_sc_hd__nor4_4)
   0.62   14.82 v _183623_/Y (sky130_fd_sc_hd__a31oi_4)
   0.59   15.42 ^ _183629_/Y (sky130_fd_sc_hd__nor4_4)
   0.56   15.98 ^ _183637_/X (sky130_fd_sc_hd__a41o_4)
   0.43   16.41 ^ _183659_/X (sky130_fd_sc_hd__and4_4)
   0.24   16.65 v _183663_/Y (sky130_fd_sc_hd__a31oi_4)
   0.26   16.91 v load_slew1561/X (sky130_fd_sc_hd__buf_16)
   0.19   17.11 v load_slew1560/X (sky130_fd_sc_hd__buf_16)
   0.73   17.84 v _183679_/X (sky130_fd_sc_hd__or4_4)
   0.53   18.37 ^ _183690_/Y (sky130_fd_sc_hd__o21ai_4)
   0.29   18.66 ^ wire1363/X (sky130_fd_sc_hd__buf_12)
   0.26   18.91 ^ load_slew1362/X (sky130_fd_sc_hd__buf_12)
   0.28   19.19 v _183714_/Y (sky130_fd_sc_hd__a31oi_4)
   0.31   19.50 v load_slew1279/X (sky130_fd_sc_hd__buf_16)
   0.18   19.69 v load_slew1278/X (sky130_fd_sc_hd__buf_16)
   0.71   20.39 ^ _183728_/Y (sky130_fd_sc_hd__nor4_4)
   0.44   20.83 v _183734_/Y (sky130_fd_sc_hd__a21oi_4)
   0.58   21.41 ^ _183746_/Y (sky130_fd_sc_hd__nor4_4)
   0.27   21.68 ^ load_slew918/X (sky130_fd_sc_hd__buf_6)
   0.36   22.04 v _183826_/Y (sky130_fd_sc_hd__a41oi_4)
   0.36   22.40 v load_slew832/X (sky130_fd_sc_hd__buf_16)
   0.18   22.58 v load_slew831/X (sky130_fd_sc_hd__buf_16)
   1.08   23.66 ^ _183837_/Y (sky130_fd_sc_hd__o31ai_4)
   0.47   24.13 v _183839_/Y (sky130_fd_sc_hd__nand3_4)
   0.77   24.90 ^ _183844_/Y (sky130_fd_sc_hd__o21ai_4)
   0.60   25.50 v _184118_/Y (sky130_fd_sc_hd__nand4_4)
   0.65   26.15 ^ _185380_/Y (sky130_fd_sc_hd__o21ai_4)
   1.05   27.20 v _185396_/Y (sky130_fd_sc_hd__nand3_4)
   0.59   27.80 ^ _261061_/Y (sky130_fd_sc_hd__nor2_2)
   0.13   27.93 v _261068_/Y (sky130_fd_sc_hd__nand2_1)
   0.37   28.31 v _261227_/X (sky130_fd_sc_hd__or3_1)
   0.25   28.56 ^ _261228_/Y (sky130_fd_sc_hd__a31oi_4)
   0.11   28.67 v _261229_/Y (sky130_fd_sc_hd__nor2_2)
   0.19   28.87 v _261453_/X (sky130_fd_sc_hd__o21a_1)
   0.52   29.39 v _261454_/X (sky130_fd_sc_hd__xor3_4)
   0.43   29.82 v _261455_/X (sky130_fd_sc_hd__maj3_1)
   0.38   30.20 v _261459_/X (sky130_fd_sc_hd__maj3_1)
   0.40   30.60 v _261460_/X (sky130_fd_sc_hd__maj3_2)
   0.38   30.98 v _261461_/X (sky130_fd_sc_hd__maj3_2)
   0.42   31.40 v _261467_/X (sky130_fd_sc_hd__maj3_1)
   0.19   31.59 v _261982_/Y (sky130_fd_sc_hd__xnor2_1)
   0.29   31.88 v _261984_/X (sky130_fd_sc_hd__mux2_1)
   0.34   32.22 v _261986_/X (sky130_fd_sc_hd__mux2_1)
   0.45   32.66 ^ _261987_/Y (sky130_fd_sc_hd__nor3_4)
   0.34   33.01 ^ _261990_/X (sky130_fd_sc_hd__and2_2)
   0.15   33.16 v _262125_/Y (sky130_fd_sc_hd__o221ai_4)
   0.25   33.41 ^ _262126_/Y (sky130_fd_sc_hd__xnor2_4)
   0.08   33.49 v _262153_/Y (sky130_fd_sc_hd__inv_1)
   0.39   33.88 v _262155_/X (sky130_fd_sc_hd__maj3_2)
   0.20   34.09 v _262181_/Y (sky130_fd_sc_hd__xnor2_4)
   0.46   34.55 ^ _262402_/Y (sky130_fd_sc_hd__a2111oi_4)
   0.13   34.68 v _264455_/Y (sky130_fd_sc_hd__nor2_2)
   0.28   34.96 ^ _264458_/Y (sky130_fd_sc_hd__xnor2_4)
   0.46   35.42 ^ _264459_/Y (sky130_fd_sc_hd__nor3b_4)
   0.19   35.61 v _264460_/Y (sky130_fd_sc_hd__o21ai_4)
   0.34   35.95 ^ _264461_/Y (sky130_fd_sc_hd__nor3_2)
   0.28   36.23 ^ _264464_/X (sky130_fd_sc_hd__and2_0)
   0.48   36.71 v _264640_/X (sky130_fd_sc_hd__xnor3_1)
   0.22   36.93 v _264641_/X (sky130_fd_sc_hd__and2_0)
   0.41   37.34 v _264652_/X (sky130_fd_sc_hd__o31a_4)
   0.36   37.70 v _264654_/X (sky130_fd_sc_hd__maj3_1)
   0.19   37.89 ^ _264664_/Y (sky130_fd_sc_hd__o21ai_0)
   0.37   38.26 ^ _264665_/X (sky130_fd_sc_hd__o221a_4)
   0.20   38.45 ^ _265199_/Y (sky130_fd_sc_hd__xnor2_4)
   0.14   38.59 v _265200_/Y (sky130_fd_sc_hd__nand2_1)
   0.18   38.77 ^ _265879_/Y (sky130_fd_sc_hd__nand2_1)
   0.10   38.87 v _265885_/Y (sky130_fd_sc_hd__o21ai_2)
   0.40   39.27 v _265907_/X (sky130_fd_sc_hd__maj3_1)
   0.33   39.60 ^ _265909_/Y (sky130_fd_sc_hd__a221oi_4)
   0.33   39.94 ^ _265910_/X (sky130_fd_sc_hd__xor2_4)
   0.29   40.23 ^ _274283_/X (sky130_fd_sc_hd__and2_2)
   0.09   40.32 v _274286_/Y (sky130_fd_sc_hd__nor2_2)
   0.31   40.63 ^ _274287_/Y (sky130_fd_sc_hd__xnor2_4)
   0.16   40.79 v _274302_/Y (sky130_fd_sc_hd__a2111oi_4)
   0.87   41.67 ^ _274327_/Y (sky130_fd_sc_hd__o31ai_4)
   0.29   41.95 v _274342_/Y (sky130_fd_sc_hd__o311ai_4)
   0.47   42.42 ^ _274344_/Y (sky130_fd_sc_hd__a31oi_4)
   0.26   42.69 v _274354_/Y (sky130_fd_sc_hd__o32ai_4)
   0.75   43.44 ^ _274446_/Y (sky130_fd_sc_hd__o221ai_4)
   0.15   43.59 v _274568_/Y (sky130_fd_sc_hd__a21oi_1)
   0.35   43.94 v _274569_/X (sky130_fd_sc_hd__mux2_1)
   0.48   44.42 v _274571_/X (sky130_fd_sc_hd__or3_2)
   0.24   44.66 v _274572_/X (sky130_fd_sc_hd__and3_1)
   0.24   44.91 v _274581_/X (sky130_fd_sc_hd__a22o_1)
   0.55   45.45 v _275848_/X (sky130_fd_sc_hd__a2111o_2)
   0.26   45.71 v _307132_/X (sky130_fd_sc_hd__and2_2)
   0.18   45.88 v _307133_/Y (sky130_fd_sc_hd__mux2i_2)
   0.46   46.34 ^ _307149_/Y (sky130_fd_sc_hd__a2111oi_2)
   0.37   46.71 ^ _307150_/X (sky130_fd_sc_hd__and4bb_2)
   0.16   46.88 v _307159_/Y (sky130_fd_sc_hd__nand3_4)
   0.29   47.16 ^ _307160_/Y (sky130_fd_sc_hd__a21oi_2)
   0.24   47.40 v _307165_/Y (sky130_fd_sc_hd__nand3b_4)
   0.26   47.66 ^ _307166_/Y (sky130_fd_sc_hd__nor2_4)
   0.26   47.93 ^ _307167_/X (sky130_fd_sc_hd__o21a_2)
   0.16   48.09 v _307168_/Y (sky130_fd_sc_hd__nand3_2)
   0.23   48.32 ^ _308049_/Y (sky130_fd_sc_hd__a21oi_2)
   0.26   48.58 ^ _308941_/Y (sky130_fd_sc_hd__a21boi_0)
   0.12   48.70 v _308950_/Y (sky130_fd_sc_hd__nor3_1)
   0.33   49.04 ^ _308951_/Y (sky130_fd_sc_hd__a2111oi_2)
   0.26   49.30 ^ _308976_/X (sky130_fd_sc_hd__xor2_2)
   0.12   49.42 v _308987_/Y (sky130_fd_sc_hd__nor2_1)
   0.56   49.97 ^ _309294_/Y (sky130_fd_sc_hd__nor3_4)
   0.18   50.15 v _321086_/Y (sky130_fd_sc_hd__a21oi_1)
   0.17   50.32 v _321087_/X (sky130_fd_sc_hd__xor2_1)
   0.50   50.81 ^ _321088_/Y (sky130_fd_sc_hd__a222oi_1)
   0.20   51.02 v _321089_/Y (sky130_fd_sc_hd__xnor2_2)
   0.51   51.53 v _321090_/X (sky130_fd_sc_hd__or4_4)
   0.46   52.00 ^ _321120_/Y (sky130_fd_sc_hd__nor4_4)
   0.25   52.25 v _321169_/Y (sky130_fd_sc_hd__a31oi_4)
   0.33   52.58 v _321264_/Y (sky130_fd_sc_hd__nand4b_4)
   0.85   53.43 ^ _321323_/Y (sky130_fd_sc_hd__o41ai_4)
   0.54   53.97 ^ _321358_/X (sky130_fd_sc_hd__and3_4)
   0.61   54.58 v _321359_/X (sky130_fd_sc_hd__or4b_4)
   0.55   55.13 v _321427_/X (sky130_fd_sc_hd__o41a_4)
   0.58   55.71 v _328364_/X (sky130_fd_sc_hd__or4_1)
   0.18   55.89 ^ _328532_/Y (sky130_fd_sc_hd__a21oi_1)
   0.24   56.13 ^ _328545_/X (sky130_fd_sc_hd__o221a_1)
   0.09   56.22 v _328546_/Y (sky130_fd_sc_hd__a21oi_4)
   0.52   56.74 ^ _328569_/Y (sky130_fd_sc_hd__nor4_1)
   0.21   56.95 v _330909_/Y (sky130_fd_sc_hd__nand3_1)
   0.24   57.19 v _332272_/X (sky130_fd_sc_hd__a22o_1)
   0.26   57.45 v _332276_/X (sky130_fd_sc_hd__a211o_1)
   0.00   57.45 v v_decode.v_rf_ctrl.stage_rf_wr_data.internal_data[255]$_DFFE_PN_/D (sky130_fd_sc_hd__dfxtp_2)
          57.45   data arrival time

 100.00  100.00   clock clk (rise edge)
   0.00  100.00   clock network delay (ideal)
   0.00  100.00   clock reconvergence pessimism
         100.00 ^ v_decode.v_rf_ctrl.stage_rf_wr_data.internal_data[255]$_DFFE_PN_/CLK (sky130_fd_sc_hd__dfxtp_2)
  -0.13   99.87   library setup time
          99.87   data required time
---------------------------------------------------------
          99.87   data required time
         -57.45   data arrival time
---------------------------------------------------------
          42.42   slack (MET)



==========================================================================
resizer report_checks -path_delay min reg to reg
--------------------------------------------------------------------------
Startpoint: v_decode.v_rf_ctrl.stage_rf_rd_data_srca.internal_data[211]$_DFFE_PN_
            (rising edge-triggered flip-flop clocked by clk)
Endpoint: v_decode.v_rf_ctrl.stage_rf_rd_data_srca.internal_data[211]$_DFFE_PN_
          (rising edge-triggered flip-flop clocked by clk)
Path Group: clk
Path Type: min

  Delay    Time   Description
---------------------------------------------------------
   0.00    0.00   clock clk (rise edge)
   0.00    0.00   clock network delay (ideal)
   0.00    0.00 ^ v_decode.v_rf_ctrl.stage_rf_rd_data_srca.internal_data[211]$_DFFE_PN_/CLK (sky130_fd_sc_hd__dfxtp_1)
   0.30    0.30 ^ v_decode.v_rf_ctrl.stage_rf_rd_data_srca.internal_data[211]$_DFFE_PN_/Q (sky130_fd_sc_hd__dfxtp_1)
   0.05    0.35 v _174005_/Y (sky130_fd_sc_hd__nand2_1)
   0.05    0.40 ^ _174006_/Y (sky130_fd_sc_hd__o21ai_0)
   0.00    0.40 ^ v_decode.v_rf_ctrl.stage_rf_rd_data_srca.internal_data[211]$_DFFE_PN_/D (sky130_fd_sc_hd__dfxtp_1)
           0.40   data arrival time

   0.00    0.00   clock clk (rise edge)
   0.00    0.00   clock network delay (ideal)
   0.00    0.00   clock reconvergence pessimism
           0.00 ^ v_decode.v_rf_ctrl.stage_rf_rd_data_srca.internal_data[211]$_DFFE_PN_/CLK (sky130_fd_sc_hd__dfxtp_1)
  -0.04   -0.04   library hold time
          -0.04   data required time
---------------------------------------------------------
          -0.04   data required time
          -0.40   data arrival time
---------------------------------------------------------
           0.44   slack (MET)



==========================================================================
resizer critical path target clock latency max path
--------------------------------------------------------------------------
0.0000

==========================================================================
resizer critical path target clock latency min path
--------------------------------------------------------------------------
0.0000

==========================================================================
resizer critical path source clock latency min path
--------------------------------------------------------------------------
0.0000

==========================================================================
resizer critical path delay
--------------------------------------------------------------------------
57.4522

==========================================================================
resizer critical path slack
--------------------------------------------------------------------------
42.4216

==========================================================================
resizer slack div critical path delay
--------------------------------------------------------------------------
73.838078

==========================================================================
resizer report_power
--------------------------------------------------------------------------
Group                  Internal  Switching    Leakage      Total
                          Power      Power      Power      Power (Watts)
----------------------------------------------------------------
Sequential             2.03e-03   9.85e-05   4.00e-08   2.13e-03  56.2%
Combinational          5.34e-04   1.12e-03   5.28e-07   1.66e-03  43.8%
Clock                  0.00e+00   0.00e+00   0.00e+00   0.00e+00   0.0%
Macro                  0.00e+00   0.00e+00   0.00e+00   0.00e+00   0.0%
Pad                    0.00e+00   0.00e+00   0.00e+00   0.00e+00   0.0%
----------------------------------------------------------------
Total                  2.56e-03   1.22e-03   5.68e-07   3.79e-03 100.0%
                          67.7%      32.3%       0.0%
