
==========================================================================
global place report_tns
--------------------------------------------------------------------------
tns -12756.19

==========================================================================
global place report_wns
--------------------------------------------------------------------------
wns -79.08

==========================================================================
global place report_worst_slack
--------------------------------------------------------------------------
worst slack -79.08

==========================================================================
global place report_checks -path_delay min
--------------------------------------------------------------------------
Startpoint: rst (input port clocked by clk)
Endpoint: v_decode.v_rf_ctrl.stage_int_rf_wr_en.internal_data[3]$_DFFE_PP0P_
          (removal check against rising-edge clock clk)
Path Group: asynchronous
Path Type: min

Fanout     Cap    Slew   Delay    Time   Description
-----------------------------------------------------------------------------
                  0.00    0.00    0.00   clock clk (rise edge)
                          0.00    0.00   clock network delay (ideal)
                         20.00   20.00 v input external delay
     1    0.04    0.00    0.00   20.00 v rst (in)
                                         rst (net)
                  0.00    0.00   20.00 v _170700_/A (sky130_fd_sc_hd__inv_1)
   144    0.82    6.58    4.42   24.42 ^ _170700_/Y (sky130_fd_sc_hd__inv_1)
                                         _000000_ (net)
                  6.58    0.00   24.42 ^ v_decode.v_rf_ctrl.stage_int_rf_wr_en.internal_data[3]$_DFFE_PP0P_/RESET_B (sky130_fd_sc_hd__dfrtp_1)
                                 24.42   data arrival time

                  0.00    0.00    0.00   clock clk (rise edge)
                          0.00    0.00   clock network delay (ideal)
                          0.00    0.00   clock reconvergence pessimism
                                  0.00 ^ v_decode.v_rf_ctrl.stage_int_rf_wr_en.internal_data[3]$_DFFE_PP0P_/CLK (sky130_fd_sc_hd__dfrtp_1)
                          2.06    2.06   library removal time
                                  2.06   data required time
-----------------------------------------------------------------------------
                                  2.06   data required time
                                -24.42   data arrival time
-----------------------------------------------------------------------------
                                 22.37   slack (MET)


Startpoint: v_decode.v_rf_ctrl.stage_rf_rd_data_srcb.internal_data[147]$_DFFE_PN_
            (rising edge-triggered flip-flop clocked by clk)
Endpoint: v_decode.v_rf_ctrl.stage_rf_rd_data_srcb.internal_data[147]$_DFFE_PN_
          (rising edge-triggered flip-flop clocked by clk)
Path Group: clk
Path Type: min

Fanout     Cap    Slew   Delay    Time   Description
-----------------------------------------------------------------------------
                  0.00    0.00    0.00   clock clk (rise edge)
                          0.00    0.00   clock network delay (ideal)
                  0.00    0.00    0.00 ^ v_decode.v_rf_ctrl.stage_rf_rd_data_srcb.internal_data[147]$_DFFE_PN_/CLK (sky130_fd_sc_hd__dfxtp_1)
     2    0.01    0.06    0.30    0.30 ^ v_decode.v_rf_ctrl.stage_rf_rd_data_srcb.internal_data[147]$_DFFE_PN_/Q (sky130_fd_sc_hd__dfxtp_1)
                                         rf_rd_data_srcb_exe[19] (net)
                  0.06    0.00    0.30 ^ _175152_/B (sky130_fd_sc_hd__nand2_1)
     1    0.00    0.03    0.05    0.35 v _175152_/Y (sky130_fd_sc_hd__nand2_1)
                                         _048664_ (net)
                  0.03    0.00    0.35 v _175153_/B1 (sky130_fd_sc_hd__o21ai_0)
     1    0.00    0.05    0.05    0.40 ^ _175153_/Y (sky130_fd_sc_hd__o21ai_0)
                                         _000339_ (net)
                  0.05    0.00    0.40 ^ v_decode.v_rf_ctrl.stage_rf_rd_data_srcb.internal_data[147]$_DFFE_PN_/D (sky130_fd_sc_hd__dfxtp_1)
                                  0.40   data arrival time

                  0.00    0.00    0.00   clock clk (rise edge)
                          0.00    0.00   clock network delay (ideal)
                          0.00    0.00   clock reconvergence pessimism
                                  0.00 ^ v_decode.v_rf_ctrl.stage_rf_rd_data_srcb.internal_data[147]$_DFFE_PN_/CLK (sky130_fd_sc_hd__dfxtp_1)
                         -0.04   -0.04   library hold time
                                 -0.04   data required time
-----------------------------------------------------------------------------
                                 -0.04   data required time
                                 -0.40   data arrival time
-----------------------------------------------------------------------------
                                  0.44   slack (MET)



==========================================================================
global place report_checks -path_delay max
--------------------------------------------------------------------------
Startpoint: rst (input port clocked by clk)
Endpoint: v_decode.v_rf_ctrl.stage_rf_wr_en.internal_data[18]$_DFFE_PP0P_
          (recovery check against rising-edge clock clk)
Path Group: asynchronous
Path Type: max

Fanout     Cap    Slew   Delay    Time   Description
-----------------------------------------------------------------------------
                  0.00    0.00    0.00   clock clk (rise edge)
                          0.00    0.00   clock network delay (ideal)
                         20.00   20.00 v input external delay
     1    0.04    0.00    0.00   20.00 v rst (in)
                                         rst (net)
                  0.00    0.00   20.00 v _170700_/A (sky130_fd_sc_hd__inv_1)
   144    0.82    6.58    4.42   24.42 ^ _170700_/Y (sky130_fd_sc_hd__inv_1)
                                         _000000_ (net)
                  6.60    0.30   24.72 ^ v_decode.v_rf_ctrl.stage_rf_wr_en.internal_data[18]$_DFFE_PP0P_/RESET_B (sky130_fd_sc_hd__dfrtp_1)
                                 24.72   data arrival time

                  0.00  100.00  100.00   clock clk (rise edge)
                          0.00  100.00   clock network delay (ideal)
                          0.00  100.00   clock reconvergence pessimism
                                100.00 ^ v_decode.v_rf_ctrl.stage_rf_wr_en.internal_data[18]$_DFFE_PP0P_/CLK (sky130_fd_sc_hd__dfrtp_1)
                         -1.55   98.45   library recovery time
                                 98.45   data required time
-----------------------------------------------------------------------------
                                 98.45   data required time
                                -24.72   data arrival time
-----------------------------------------------------------------------------
                                 73.72   slack (MET)


Startpoint: v_decode.v_rf_ctrl.stage_rf_wr_addr.internal_data[15]$_DFFE_PN_
            (rising edge-triggered flip-flop clocked by clk)
Endpoint: v_decode.v_rf_ctrl.stage_rf_wr_data.internal_data[183]$_DFFE_PN_
          (rising edge-triggered flip-flop clocked by clk)
Path Group: clk
Path Type: max

Fanout     Cap    Slew   Delay    Time   Description
-----------------------------------------------------------------------------
                  0.00    0.00    0.00   clock clk (rise edge)
                          0.00    0.00   clock network delay (ideal)
                  0.00    0.00    0.00 ^ v_decode.v_rf_ctrl.stage_rf_wr_addr.internal_data[15]$_DFFE_PN_/CLK (sky130_fd_sc_hd__dfxtp_1)
  1042    8.73   80.24   55.55   55.55 ^ v_decode.v_rf_ctrl.stage_rf_wr_addr.internal_data[15]$_DFFE_PN_/Q (sky130_fd_sc_hd__dfxtp_1)
                                         rf_wr_addr_wb[0] (net)
                 80.24    0.02   55.58 ^ _172100_/A (sky130_fd_sc_hd__xnor2_1)
     2    0.01    8.52    4.27   59.84 v _172100_/Y (sky130_fd_sc_hd__xnor2_1)
                                         _015303_ (net)
                  8.52    0.00   59.84 v _172102_/B (sky130_fd_sc_hd__nand3_2)
    14    0.12    1.91    4.22   64.06 ^ _172102_/Y (sky130_fd_sc_hd__nand3_2)
                                         _015325_ (net)
                  1.91    0.00   64.06 ^ _179584_/A2 (sky130_fd_sc_hd__o31ai_1)
     2    0.01    0.28    0.25   64.31 v _179584_/Y (sky130_fd_sc_hd__o31ai_1)
                                         _089481_ (net)
                  0.28    0.00   64.31 v _182638_/A3 (sky130_fd_sc_hd__a31oi_1)
    14    0.23    4.94    3.43   67.74 ^ _182638_/Y (sky130_fd_sc_hd__a31oi_1)
                                         _092535_ (net)
                  4.94    0.06   67.80 ^ _183141_/A0 (sky130_fd_sc_hd__mux2i_1)
     1    0.00    0.54    0.21   68.01 v _183141_/Y (sky130_fd_sc_hd__mux2i_1)
                                         _093038_ (net)
                  0.54    0.00   68.01 v _183142_/B (sky130_fd_sc_hd__nor2_1)
     1    0.00    0.78    0.22   68.23 ^ _183142_/Y (sky130_fd_sc_hd__nor2_1)
                                         _093039_ (net)
                  0.78    0.00   68.23 ^ _183143_/B1 (sky130_fd_sc_hd__a21oi_1)
     2    0.01    0.36    0.18   68.41 v _183143_/Y (sky130_fd_sc_hd__a21oi_1)
                                         _093040_ (net)
                  0.36    0.00   68.41 v _183162_/C (sky130_fd_sc_hd__nor3_4)
    14    0.08    1.07    0.71   69.12 ^ _183162_/Y (sky130_fd_sc_hd__nor3_4)
                                         _093059_ (net)
                  1.07    0.00   69.13 ^ _183240_/B1 (sky130_fd_sc_hd__a21oi_1)
    18    0.09    1.22    0.67   69.80 v _183240_/Y (sky130_fd_sc_hd__a21oi_1)
                                         _093137_ (net)
                  1.22    0.00   69.80 v _183244_/A (sky130_fd_sc_hd__xnor2_1)
    24    0.21    4.18    3.64   73.44 ^ _183244_/Y (sky130_fd_sc_hd__xnor2_1)
                                         _093141_ (net)
                  4.18    0.00   73.45 ^ _183246_/B (sky130_fd_sc_hd__nand3_1)
     3    0.01    0.61    0.44   73.88 v _183246_/Y (sky130_fd_sc_hd__nand3_1)
                                         _093143_ (net)
                  0.61    0.00   73.88 v _183248_/B (sky130_fd_sc_hd__nor3_1)
     2    0.01    0.40    0.45   74.33 ^ _183248_/Y (sky130_fd_sc_hd__nor3_1)
                                         _093145_ (net)
                  0.40    0.00   74.33 ^ _183253_/B1 (sky130_fd_sc_hd__o211ai_2)
    13    0.07    0.45    0.44   74.77 v _183253_/Y (sky130_fd_sc_hd__o211ai_2)
                                         _093150_ (net)
                  0.45    0.01   74.77 v _183261_/A2 (sky130_fd_sc_hd__a2111o_2)
     6    0.02    0.12    0.67   75.44 v _183261_/X (sky130_fd_sc_hd__a2111o_2)
                                         _093158_ (net)
                  0.12    0.00   75.44 v _183266_/A2 (sky130_fd_sc_hd__o31ai_4)
    28    0.14    1.43    1.16   76.60 ^ _183266_/Y (sky130_fd_sc_hd__o31ai_4)
                                         _093163_ (net)
                  1.43    0.03   76.63 ^ _183267_/D (sky130_fd_sc_hd__nand4_2)
    18    0.08    0.77    0.71   77.34 v _183267_/Y (sky130_fd_sc_hd__nand4_2)
                                         _093164_ (net)
                  0.77    0.00   77.34 v _183273_/B1 (sky130_fd_sc_hd__o22ai_2)
    11    0.04    0.63    0.62   77.96 ^ _183273_/Y (sky130_fd_sc_hd__o22ai_2)
                                         _093170_ (net)
                  0.63    0.00   77.96 ^ _183278_/C (sky130_fd_sc_hd__nand4_2)
    10    0.04    0.45    0.37   78.33 v _183278_/Y (sky130_fd_sc_hd__nand4_2)
                                         _093175_ (net)
                  0.45    0.00   78.33 v _183284_/A2 (sky130_fd_sc_hd__o41ai_2)
    40    0.19    4.15    3.35   81.68 ^ _183284_/Y (sky130_fd_sc_hd__o41ai_2)
                                         _093181_ (net)
                  4.15    0.02   81.70 ^ _183293_/B (sky130_fd_sc_hd__nand4_4)
    17    0.08    0.93    1.00   82.70 v _183293_/Y (sky130_fd_sc_hd__nand4_4)
                                         _093190_ (net)
                  0.93    0.00   82.71 v _183294_/A3 (sky130_fd_sc_hd__o31ai_4)
    26    0.13    1.32    1.34   84.05 ^ _183294_/Y (sky130_fd_sc_hd__o31ai_4)
                                         _093191_ (net)
                  1.32    0.00   84.05 ^ _183304_/A (sky130_fd_sc_hd__nand4_2)
    17    0.15    1.25    1.18   85.23 v _183304_/Y (sky130_fd_sc_hd__nand4_2)
                                         _093201_ (net)
                  1.25    0.01   85.24 v _183305_/A4 (sky130_fd_sc_hd__o41a_1)
    36    0.31    1.46    1.87   87.11 v _183305_/X (sky130_fd_sc_hd__o41a_1)
                                         _093202_ (net)
                  1.46    0.03   87.14 v _183315_/B (sky130_fd_sc_hd__nor4_2)
    20    0.13    2.84    2.63   89.77 ^ _183315_/Y (sky130_fd_sc_hd__nor4_2)
                                         _093212_ (net)
                  2.84    0.00   89.77 ^ _183322_/A1 (sky130_fd_sc_hd__a21o_1)
    37    0.17    1.44    1.22   90.99 ^ _183322_/X (sky130_fd_sc_hd__a21o_1)
                                         _093219_ (net)
                  1.44    0.02   91.01 ^ _183393_/A (sky130_fd_sc_hd__and4_1)
    10    0.06    0.53    0.72   91.73 ^ _183393_/X (sky130_fd_sc_hd__and4_1)
                                         _093290_ (net)
                  0.53    0.00   91.73 ^ _183401_/A2 (sky130_fd_sc_hd__o2111ai_1)
    49    0.18    2.73    1.69   93.42 v _183401_/Y (sky130_fd_sc_hd__o2111ai_1)
                                         _093298_ (net)
                  2.73    0.01   93.43 v _183402_/A3 (sky130_fd_sc_hd__o31ai_4)
    46    0.18    1.82    2.45   95.87 ^ _183402_/Y (sky130_fd_sc_hd__o31ai_4)
                                         _093299_ (net)
                  1.82    0.01   95.88 ^ _183404_/A1 (sky130_fd_sc_hd__a21oi_1)
    52    0.23    2.16    2.36   98.24 v _183404_/Y (sky130_fd_sc_hd__a21oi_1)
                                         _093301_ (net)
                  2.16    0.01   98.25 v _186345_/A1 (sky130_fd_sc_hd__o21ai_2)
    27    0.10    1.11    1.60   99.85 ^ _186345_/Y (sky130_fd_sc_hd__o21ai_2)
                                         _096242_ (net)
                  1.11    0.00   99.86 ^ _186806_/A (sky130_fd_sc_hd__nand3_1)
     2    0.01    0.29    0.29  100.15 v _186806_/Y (sky130_fd_sc_hd__nand3_1)
                                         _096703_ (net)
                  0.29    0.00  100.15 v _186807_/B (sky130_fd_sc_hd__xnor2_1)
   139    1.00   20.57   14.79  114.94 ^ _186807_/Y (sky130_fd_sc_hd__xnor2_1)
                                         _096704_ (net)
                 20.57    0.02  114.96 ^ _207181_/A (sky130_fd_sc_hd__nor2_1)
    20    0.32   16.77   16.95  131.91 v _207181_/Y (sky130_fd_sc_hd__nor2_1)
                                         _117078_ (net)
                 16.77    0.14  132.05 v _207527_/A (sky130_fd_sc_hd__nand2_1)
    16    0.30    2.51    9.94  141.99 ^ _207527_/Y (sky130_fd_sc_hd__nand2_1)
                                         _117424_ (net)
                  2.51    0.06  142.05 ^ _227010_/A (sky130_fd_sc_hd__nor2_1)
     1    0.00    0.31    0.16  142.21 v _227010_/Y (sky130_fd_sc_hd__nor2_1)
                                         _136907_ (net)
                  0.31    0.00  142.21 v _227013_/A2 (sky130_fd_sc_hd__o31ai_1)
     4    0.01    0.61    0.55  142.76 ^ _227013_/Y (sky130_fd_sc_hd__o31ai_1)
                                         _136910_ (net)
                  0.61    0.00  142.76 ^ _227033_/A (sky130_fd_sc_hd__xnor2_1)
     2    0.01    0.15    0.21  142.97 v _227033_/Y (sky130_fd_sc_hd__xnor2_1)
                                         _136930_ (net)
                  0.15    0.00  142.97 v _227034_/B (sky130_fd_sc_hd__xnor2_1)
     4    0.01    0.34    0.33  143.30 ^ _227034_/Y (sky130_fd_sc_hd__xnor2_1)
                                         _136931_ (net)
                  0.34    0.00  143.30 ^ _227049_/A1_N (sky130_fd_sc_hd__o2bb2ai_1)
     3    0.01    0.32    0.20  143.51 ^ _227049_/Y (sky130_fd_sc_hd__o2bb2ai_1)
                                         _136946_ (net)
                  0.32    0.00  143.51 ^ _227060_/A3 (sky130_fd_sc_hd__a32oi_1)
     1    0.00    0.13    0.15  143.65 v _227060_/Y (sky130_fd_sc_hd__a32oi_1)
                                         _136957_ (net)
                  0.13    0.00  143.65 v _227063_/A3 (sky130_fd_sc_hd__a31oi_1)
     3    0.02    0.50    0.45  144.11 ^ _227063_/Y (sky130_fd_sc_hd__a31oi_1)
                                         _136960_ (net)
                  0.50    0.00  144.11 ^ _227757_/B (sky130_fd_sc_hd__xnor3_1)
     4    0.01    0.12    0.48  144.59 v _227757_/X (sky130_fd_sc_hd__xnor3_1)
                                         _137654_ (net)
                  0.12    0.00  144.59 v _227758_/C (sky130_fd_sc_hd__nor3_1)
     1    0.00    0.16    0.15  144.74 ^ _227758_/Y (sky130_fd_sc_hd__nor3_1)
                                         _137655_ (net)
                  0.16    0.00  144.74 ^ _227759_/B1 (sky130_fd_sc_hd__a31oi_1)
     1    0.00    0.14    0.06  144.79 v _227759_/Y (sky130_fd_sc_hd__a31oi_1)
                                         _137656_ (net)
                  0.14    0.00  144.79 v _227762_/A2 (sky130_fd_sc_hd__o21ai_1)
     1    0.01    0.15    0.19  144.99 ^ _227762_/Y (sky130_fd_sc_hd__o21ai_1)
                                         _137659_ (net)
                  0.15    0.00  144.99 ^ _227763_/D (sky130_fd_sc_hd__nand4_1)
     7    0.03    0.35    0.32  145.31 v _227763_/Y (sky130_fd_sc_hd__nand4_1)
                                         _137660_ (net)
                  0.35    0.00  145.31 v _228476_/A (sky130_fd_sc_hd__xnor2_1)
     1    0.01    0.09    0.26  145.56 v _228476_/Y (sky130_fd_sc_hd__xnor2_1)
                                         _138373_ (net)
                  0.09    0.00  145.56 v _228477_/B (sky130_fd_sc_hd__xnor2_1)
     2    0.01    0.31    0.29  145.86 ^ _228477_/Y (sky130_fd_sc_hd__xnor2_1)
                                         _138374_ (net)
                  0.31    0.00  145.86 ^ _228480_/A (sky130_fd_sc_hd__xor2_1)
     4    0.02    0.42    0.40  146.26 ^ _228480_/X (sky130_fd_sc_hd__xor2_1)
                                         _138377_ (net)
                  0.42    0.00  146.26 ^ _228485_/S (sky130_fd_sc_hd__mux2i_1)
     1    0.00    0.08    0.12  146.38 v _228485_/Y (sky130_fd_sc_hd__mux2i_1)
                                         _138382_ (net)
                  0.08    0.00  146.38 v _228487_/A0 (sky130_fd_sc_hd__mux2_2)
     1    0.00    0.05    0.27  146.64 v _228487_/X (sky130_fd_sc_hd__mux2_2)
                                         _138384_ (net)
                  0.05    0.00  146.65 v _228489_/B1 (sky130_fd_sc_hd__a22o_1)
     1    0.01    0.05    0.19  146.83 v _228489_/X (sky130_fd_sc_hd__a22o_1)
                                         _138386_ (net)
                  0.05    0.00  146.83 v _228492_/A2 (sky130_fd_sc_hd__a21oi_2)
     5    0.02    0.22    0.23  147.06 ^ _228492_/Y (sky130_fd_sc_hd__a21oi_2)
                                         _138389_ (net)
                  0.22    0.00  147.06 ^ _230621_/A1 (sky130_fd_sc_hd__a21oi_1)
     1    0.00    0.08    0.11  147.17 v _230621_/Y (sky130_fd_sc_hd__a21oi_1)
                                         _140518_ (net)
                  0.08    0.00  147.17 v _230622_/C (sky130_fd_sc_hd__maj3_1)
     1    0.00    0.08    0.37  147.54 v _230622_/X (sky130_fd_sc_hd__maj3_1)
                                         _140519_ (net)
                  0.08    0.00  147.54 v _230623_/B (sky130_fd_sc_hd__xnor2_1)
     6    0.04    0.87    0.70  148.24 ^ _230623_/Y (sky130_fd_sc_hd__xnor2_1)
                                         _140520_ (net)
                  0.87    0.00  148.24 ^ _230624_/B (sky130_fd_sc_hd__nand2_1)
     2    0.00    0.14    0.14  148.38 v _230624_/Y (sky130_fd_sc_hd__nand2_1)
                                         _140521_ (net)
                  0.14    0.00  148.38 v _230628_/C (sky130_fd_sc_hd__or4_1)
    10    0.03    0.22    0.67  149.05 v _230628_/X (sky130_fd_sc_hd__or4_1)
                                         _140525_ (net)
                  0.22    0.00  149.05 v _230636_/A_N (sky130_fd_sc_hd__nand3b_1)
     6    0.04    0.44    0.47  149.52 v _230636_/Y (sky130_fd_sc_hd__nand3b_1)
                                         _140533_ (net)
                  0.44    0.00  149.52 v _230792_/A (sky130_fd_sc_hd__nand2_1)
     1    0.00    0.10    0.15  149.68 ^ _230792_/Y (sky130_fd_sc_hd__nand2_1)
                                         _140689_ (net)
                  0.10    0.00  149.68 ^ _230793_/C1 (sky130_fd_sc_hd__o221ai_1)
     1    0.01    0.14    0.14  149.82 v _230793_/Y (sky130_fd_sc_hd__o221ai_1)
                                         _140690_ (net)
                  0.14    0.00  149.82 v _230794_/B (sky130_fd_sc_hd__xnor2_1)
     5    0.04    0.79    0.66  150.48 ^ _230794_/Y (sky130_fd_sc_hd__xnor2_1)
                                         _140691_ (net)
                  0.79    0.00  150.49 ^ _231589_/B (sky130_fd_sc_hd__nor2_1)
     3    0.01    0.16    0.15  150.63 v _231589_/Y (sky130_fd_sc_hd__nor2_1)
                                         _141486_ (net)
                  0.16    0.00  150.63 v _231590_/B1 (sky130_fd_sc_hd__a211oi_1)
     4    0.01    0.45    0.44  151.08 ^ _231590_/Y (sky130_fd_sc_hd__a211oi_1)
                                         _141487_ (net)
                  0.45    0.00  151.08 ^ _232141_/B1_N (sky130_fd_sc_hd__o21bai_1)
     2    0.01    0.24    0.23  151.31 ^ _232141_/Y (sky130_fd_sc_hd__o21bai_1)
                                         _142038_ (net)
                  0.24    0.00  151.31 ^ _232142_/B (sky130_fd_sc_hd__xnor2_1)
     1    0.00    0.12    0.15  151.45 ^ _232142_/Y (sky130_fd_sc_hd__xnor2_1)
                                         _142039_ (net)
                  0.12    0.00  151.45 ^ _232143_/D1 (sky130_fd_sc_hd__o2111ai_1)
     2    0.01    0.14    0.15  151.60 v _232143_/Y (sky130_fd_sc_hd__o2111ai_1)
                                         _142040_ (net)
                  0.14    0.00  151.60 v _240122_/B1 (sky130_fd_sc_hd__o21ai_0)
     3    0.01    0.36    0.19  151.79 ^ _240122_/Y (sky130_fd_sc_hd__o21ai_0)
                                         _150019_ (net)
                  0.36    0.00  151.79 ^ _240124_/A (sky130_fd_sc_hd__xor2_1)
     4    0.08    1.45    1.15  152.94 ^ _240124_/X (sky130_fd_sc_hd__xor2_1)
                                         _150021_ (net)
                  1.45    0.01  152.95 ^ _240129_/C (sky130_fd_sc_hd__nand4b_4)
     7    0.07    0.45    0.49  153.44 v _240129_/Y (sky130_fd_sc_hd__nand4b_4)
                                         _150026_ (net)
                  0.45    0.01  153.45 v _240139_/B_N (sky130_fd_sc_hd__and4bb_2)
     6    0.05    0.29    0.63  154.08 ^ _240139_/X (sky130_fd_sc_hd__and4bb_2)
                                         _150036_ (net)
                  0.29    0.00  154.08 ^ _240140_/D (sky130_fd_sc_hd__nand4_1)
    11    0.08    0.95    0.77  154.85 v _240140_/Y (sky130_fd_sc_hd__nand4_1)
                                         _150037_ (net)
                  0.95    0.00  154.85 v _240141_/D1 (sky130_fd_sc_hd__a2111oi_2)
     5    0.02    0.64    0.79  155.64 ^ _240141_/Y (sky130_fd_sc_hd__a2111oi_2)
                                         _150038_ (net)
                  0.64    0.00  155.64 ^ _240732_/A (sky130_fd_sc_hd__xnor2_1)
     4    0.05    0.40    0.48  156.12 v _240732_/Y (sky130_fd_sc_hd__xnor2_1)
                                         _150629_ (net)
                  0.40    0.01  156.12 v _240737_/A_N (sky130_fd_sc_hd__nand2b_1)
     2    0.00    0.09    0.29  156.42 v _240737_/Y (sky130_fd_sc_hd__nand2b_1)
                                         _150634_ (net)
                  0.09    0.00  156.42 v _240740_/B (sky130_fd_sc_hd__nand3_1)
     1    0.00    0.06    0.09  156.51 ^ _240740_/Y (sky130_fd_sc_hd__nand3_1)
                                         _150637_ (net)
                  0.06    0.00  156.51 ^ _240741_/B1 (sky130_fd_sc_hd__a21oi_1)
     2    0.01    0.13    0.06  156.56 v _240741_/Y (sky130_fd_sc_hd__a21oi_1)
                                         _150638_ (net)
                  0.13    0.00  156.56 v _240753_/A (sky130_fd_sc_hd__nor2_1)
     4    0.15    2.49    1.85  158.42 ^ _240753_/Y (sky130_fd_sc_hd__nor2_1)
                                         _150650_ (net)
                  2.49    0.00  158.42 ^ _240790_/A1 (sky130_fd_sc_hd__o21a_1)
     2    0.01    0.13    0.37  158.79 ^ _240790_/X (sky130_fd_sc_hd__o21a_1)
                                         _150687_ (net)
                  0.13    0.00  158.79 ^ _240851_/B (sky130_fd_sc_hd__nor3_2)
     2    0.01    0.05    0.07  158.86 v _240851_/Y (sky130_fd_sc_hd__nor3_2)
                                         _150748_ (net)
                  0.05    0.00  158.86 v _240893_/A1 (sky130_fd_sc_hd__o41a_1)
    11    0.13    0.62    0.89  159.75 v _240893_/X (sky130_fd_sc_hd__o41a_1)
                                         _150790_ (net)
                  0.63    0.04  159.79 v _240929_/A (sky130_fd_sc_hd__or3_1)
     7    0.04    0.22    0.73  160.52 v _240929_/X (sky130_fd_sc_hd__or3_1)
                                         _150826_ (net)
                  0.22    0.00  160.52 v _240949_/A (sky130_fd_sc_hd__nor3b_2)
     5    0.07    1.08    0.93  161.46 ^ _240949_/Y (sky130_fd_sc_hd__nor3b_2)
                                         _150846_ (net)
                  1.08    0.01  161.47 ^ _240955_/A (sky130_fd_sc_hd__nand2_1)
     6    0.02    0.34    0.37  161.83 v _240955_/Y (sky130_fd_sc_hd__nand2_1)
                                         _150852_ (net)
                  0.34    0.00  161.83 v _275977_/A (sky130_fd_sc_hd__xor2_1)
     3    0.07    1.34    1.15  162.98 ^ _275977_/X (sky130_fd_sc_hd__xor2_1)
                                         _017307_ (net)
                  1.34    0.01  163.00 ^ _275978_/A (sky130_fd_sc_hd__inv_1)
     7    0.02    0.29    0.29  163.29 v _275978_/Y (sky130_fd_sc_hd__inv_1)
                                         _017308_ (net)
                  0.29    0.00  163.29 v _275983_/B (sky130_fd_sc_hd__and2_1)
     2    0.01    0.06    0.29  163.58 v _275983_/X (sky130_fd_sc_hd__and2_1)
                                         _017314_ (net)
                  0.06    0.00  163.58 v _275984_/C (sky130_fd_sc_hd__maj3_4)
     2    0.01    0.06    0.34  163.92 v _275984_/X (sky130_fd_sc_hd__maj3_4)
                                         _017315_ (net)
                  0.06    0.00  163.92 v _275986_/A2 (sky130_fd_sc_hd__a21oi_2)
     1    0.00    0.12    0.14  164.06 ^ _275986_/Y (sky130_fd_sc_hd__a21oi_2)
                                         _017317_ (net)
                  0.12    0.00  164.06 ^ _275987_/C (sky130_fd_sc_hd__maj3_2)
     3    0.01    0.10    0.25  164.31 ^ _275987_/X (sky130_fd_sc_hd__maj3_2)
                                         _017318_ (net)
                  0.10    0.00  164.31 ^ _275988_/B1 (sky130_fd_sc_hd__o21a_4)
     3    0.01    0.06    0.14  164.46 ^ _275988_/X (sky130_fd_sc_hd__o21a_4)
                                         _017319_ (net)
                  0.06    0.00  164.46 ^ _276006_/A1 (sky130_fd_sc_hd__a31oi_1)
     1    0.00    0.07    0.08  164.54 v _276006_/Y (sky130_fd_sc_hd__a31oi_1)
                                         _017339_ (net)
                  0.07    0.00  164.54 v _276023_/A1 (sky130_fd_sc_hd__o22a_2)
     3    0.02    0.08    0.29  164.83 v _276023_/X (sky130_fd_sc_hd__o22a_2)
                                         _017358_ (net)
                  0.08    0.00  164.83 v _307175_/C (sky130_fd_sc_hd__maj3_2)
     3    0.02    0.10    0.37  165.20 v _307175_/X (sky130_fd_sc_hd__maj3_2)
                                         _051414_ (net)
                  0.10    0.00  165.20 v _307179_/A2 (sky130_fd_sc_hd__a21o_1)
     4    0.01    0.07    0.23  165.43 v _307179_/X (sky130_fd_sc_hd__a21o_1)
                                         _051418_ (net)
                  0.07    0.00  165.43 v _308048_/A2 (sky130_fd_sc_hd__a2111o_1)
     1    0.01    0.07    0.42  165.85 v _308048_/X (sky130_fd_sc_hd__a2111o_1)
                                         _052369_ (net)
                  0.07    0.00  165.85 v _308049_/A2 (sky130_fd_sc_hd__a21oi_2)
     3    0.01    0.16    0.20  166.05 ^ _308049_/Y (sky130_fd_sc_hd__a21oi_2)
                                         _052370_ (net)
                  0.16    0.00  166.05 ^ _308941_/B1_N (sky130_fd_sc_hd__a21boi_2)
     2    0.01    0.11    0.20  166.24 ^ _308941_/Y (sky130_fd_sc_hd__a21boi_2)
                                         _053346_ (net)
                  0.11    0.00  166.24 ^ _308950_/A (sky130_fd_sc_hd__nor3_1)
     2    0.01    0.06    0.09  166.33 v _308950_/Y (sky130_fd_sc_hd__nor3_1)
                                         _053356_ (net)
                  0.06    0.00  166.33 v _308990_/B1 (sky130_fd_sc_hd__a21o_1)
     1    0.00    0.04    0.16  166.49 v _308990_/X (sky130_fd_sc_hd__a21o_1)
                                         _053400_ (net)
                  0.04    0.00  166.49 v _308992_/A2 (sky130_fd_sc_hd__o21ai_1)
     1    0.01    0.16    0.15  166.65 ^ _308992_/Y (sky130_fd_sc_hd__o21ai_1)
                                         _053403_ (net)
                  0.16    0.00  166.65 ^ _308993_/B1 (sky130_fd_sc_hd__o31ai_2)
     5    0.02    0.18    0.14  166.79 v _308993_/Y (sky130_fd_sc_hd__o31ai_2)
                                         _053404_ (net)
                  0.18    0.00  166.79 v _311059_/B (sky130_fd_sc_hd__nand2b_2)
     4    0.01    0.10    0.16  166.95 ^ _311059_/Y (sky130_fd_sc_hd__nand2b_2)
                                         _055664_ (net)
                  0.10    0.00  166.95 ^ _311060_/D (sky130_fd_sc_hd__nand4b_1)
     9    0.04    0.45    0.39  167.34 v _311060_/Y (sky130_fd_sc_hd__nand4b_1)
                                         _055665_ (net)
                  0.45    0.00  167.34 v _314501_/B1 (sky130_fd_sc_hd__a2111oi_2)
     9    0.05    1.27    1.23  168.57 ^ _314501_/Y (sky130_fd_sc_hd__a2111oi_2)
                                         _059431_ (net)
                  1.27    0.00  168.57 ^ _316502_/A (sky130_fd_sc_hd__nand3_1)
     2    0.01    0.34    0.34  168.91 v _316502_/Y (sky130_fd_sc_hd__nand3_1)
                                         _061621_ (net)
                  0.34    0.00  168.91 v _316945_/A (sky130_fd_sc_hd__nor4_4)
     5    0.03    0.42    0.55  169.46 ^ _316945_/Y (sky130_fd_sc_hd__nor4_4)
                                         _062106_ (net)
                  0.42    0.00  169.46 ^ _316975_/B (sky130_fd_sc_hd__nand4_2)
    10    0.04    0.38    0.40  169.86 v _316975_/Y (sky130_fd_sc_hd__nand4_2)
                                         _062139_ (net)
                  0.38    0.00  169.86 v _318870_/B (sky130_fd_sc_hd__nand2_2)
     2    0.01    0.14    0.20  170.06 ^ _318870_/Y (sky130_fd_sc_hd__nand2_2)
                                         _064212_ (net)
                  0.14    0.00  170.06 ^ _321365_/A1 (sky130_fd_sc_hd__a31oi_1)
     1    0.00    0.12    0.09  170.15 v _321365_/Y (sky130_fd_sc_hd__a31oi_1)
                                         _066943_ (net)
                  0.12    0.00  170.15 v _321369_/A2 (sky130_fd_sc_hd__o21ai_0)
     1    0.13    3.69    2.73  172.89 ^ _321369_/Y (sky130_fd_sc_hd__o21ai_0)
                                         _066947_ (net)
                  3.69    0.04  172.93 ^ _321370_/B (sky130_fd_sc_hd__xor2_1)
     4    0.02    0.76    0.67  173.60 v _321370_/X (sky130_fd_sc_hd__xor2_1)
                                         _066948_ (net)
                  0.76    0.00  173.60 v _321413_/A (sky130_fd_sc_hd__or4_2)
     2    0.01    0.11    0.89  174.49 v _321413_/X (sky130_fd_sc_hd__or4_2)
                                         _066995_ (net)
                  0.11    0.00  174.49 v _321427_/A3 (sky130_fd_sc_hd__o41a_1)
     8    0.03    0.25    0.54  175.03 v _321427_/X (sky130_fd_sc_hd__o41a_1)
                                         _067010_ (net)
                  0.25    0.00  175.03 v _328364_/A (sky130_fd_sc_hd__or4_4)
     2    0.01    0.09    0.60  175.63 v _328364_/X (sky130_fd_sc_hd__or4_4)
                                         _074606_ (net)
                  0.09    0.00  175.63 v _328365_/A2 (sky130_fd_sc_hd__a21oi_1)
     1    0.02    0.37    0.35  175.98 ^ _328365_/Y (sky130_fd_sc_hd__a21oi_1)
                                         _074607_ (net)
                  0.37    0.00  175.98 ^ _328366_/B (sky130_fd_sc_hd__nor2_1)
     1    0.01    0.24    0.15  176.14 v _328366_/Y (sky130_fd_sc_hd__nor2_1)
                                         _074608_ (net)
                  0.24    0.00  176.14 v _328367_/D1 (sky130_fd_sc_hd__a2111oi_1)
     2    0.03    1.34    1.12  177.25 ^ _328367_/Y (sky130_fd_sc_hd__a2111oi_1)
                                         _074609_ (net)
                  1.34    0.00  177.26 ^ _328368_/B (sky130_fd_sc_hd__nand2_1)
     4    0.03    0.37    0.47  177.72 v _328368_/Y (sky130_fd_sc_hd__nand2_1)
                                         _074610_ (net)
                  0.37    0.00  177.72 v _331628_/A2 (sky130_fd_sc_hd__a221oi_1)
     1    0.03    1.10    0.91  178.63 ^ _331628_/Y (sky130_fd_sc_hd__a221oi_1)
                                         _078148_ (net)
                  1.10    0.00  178.63 ^ _331630_/A2 (sky130_fd_sc_hd__a21oi_1)
     1    0.00    0.45    0.15  178.78 v _331630_/Y (sky130_fd_sc_hd__a21oi_1)
                                         _000518_ (net)
                  0.45    0.00  178.78 v v_decode.v_rf_ctrl.stage_rf_wr_data.internal_data[183]$_DFFE_PN_/D (sky130_fd_sc_hd__dfxtp_1)
                                178.78   data arrival time

                  0.00  100.00  100.00   clock clk (rise edge)
                          0.00  100.00   clock network delay (ideal)
                          0.00  100.00   clock reconvergence pessimism
                                100.00 ^ v_decode.v_rf_ctrl.stage_rf_wr_data.internal_data[183]$_DFFE_PN_/CLK (sky130_fd_sc_hd__dfxtp_1)
                         -0.30   99.70   library setup time
                                 99.70   data required time
-----------------------------------------------------------------------------
                                 99.70   data required time
                               -178.78   data arrival time
-----------------------------------------------------------------------------
                                -79.08   slack (VIOLATED)



==========================================================================
global place report_checks -unconstrained
--------------------------------------------------------------------------
Startpoint: rst (input port clocked by clk)
Endpoint: v_decode.v_rf_ctrl.stage_rf_wr_en.internal_data[18]$_DFFE_PP0P_
          (recovery check against rising-edge clock clk)
Path Group: asynchronous
Path Type: max

Fanout     Cap    Slew   Delay    Time   Description
-----------------------------------------------------------------------------
                  0.00    0.00    0.00   clock clk (rise edge)
                          0.00    0.00   clock network delay (ideal)
                         20.00   20.00 v input external delay
     1    0.04    0.00    0.00   20.00 v rst (in)
                                         rst (net)
                  0.00    0.00   20.00 v _170700_/A (sky130_fd_sc_hd__inv_1)
   144    0.82    6.58    4.42   24.42 ^ _170700_/Y (sky130_fd_sc_hd__inv_1)
                                         _000000_ (net)
                  6.60    0.30   24.72 ^ v_decode.v_rf_ctrl.stage_rf_wr_en.internal_data[18]$_DFFE_PP0P_/RESET_B (sky130_fd_sc_hd__dfrtp_1)
                                 24.72   data arrival time

                  0.00  100.00  100.00   clock clk (rise edge)
                          0.00  100.00   clock network delay (ideal)
                          0.00  100.00   clock reconvergence pessimism
                                100.00 ^ v_decode.v_rf_ctrl.stage_rf_wr_en.internal_data[18]$_DFFE_PP0P_/CLK (sky130_fd_sc_hd__dfrtp_1)
                         -1.55   98.45   library recovery time
                                 98.45   data required time
-----------------------------------------------------------------------------
                                 98.45   data required time
                                -24.72   data arrival time
-----------------------------------------------------------------------------
                                 73.72   slack (MET)


Startpoint: v_decode.v_rf_ctrl.stage_rf_wr_addr.internal_data[15]$_DFFE_PN_
            (rising edge-triggered flip-flop clocked by clk)
Endpoint: v_decode.v_rf_ctrl.stage_rf_wr_data.internal_data[183]$_DFFE_PN_
          (rising edge-triggered flip-flop clocked by clk)
Path Group: clk
Path Type: max

Fanout     Cap    Slew   Delay    Time   Description
-----------------------------------------------------------------------------
                  0.00    0.00    0.00   clock clk (rise edge)
                          0.00    0.00   clock network delay (ideal)
                  0.00    0.00    0.00 ^ v_decode.v_rf_ctrl.stage_rf_wr_addr.internal_data[15]$_DFFE_PN_/CLK (sky130_fd_sc_hd__dfxtp_1)
  1042    8.73   80.24   55.55   55.55 ^ v_decode.v_rf_ctrl.stage_rf_wr_addr.internal_data[15]$_DFFE_PN_/Q (sky130_fd_sc_hd__dfxtp_1)
                                         rf_wr_addr_wb[0] (net)
                 80.24    0.02   55.58 ^ _172100_/A (sky130_fd_sc_hd__xnor2_1)
     2    0.01    8.52    4.27   59.84 v _172100_/Y (sky130_fd_sc_hd__xnor2_1)
                                         _015303_ (net)
                  8.52    0.00   59.84 v _172102_/B (sky130_fd_sc_hd__nand3_2)
    14    0.12    1.91    4.22   64.06 ^ _172102_/Y (sky130_fd_sc_hd__nand3_2)
                                         _015325_ (net)
                  1.91    0.00   64.06 ^ _179584_/A2 (sky130_fd_sc_hd__o31ai_1)
     2    0.01    0.28    0.25   64.31 v _179584_/Y (sky130_fd_sc_hd__o31ai_1)
                                         _089481_ (net)
                  0.28    0.00   64.31 v _182638_/A3 (sky130_fd_sc_hd__a31oi_1)
    14    0.23    4.94    3.43   67.74 ^ _182638_/Y (sky130_fd_sc_hd__a31oi_1)
                                         _092535_ (net)
                  4.94    0.06   67.80 ^ _183141_/A0 (sky130_fd_sc_hd__mux2i_1)
     1    0.00    0.54    0.21   68.01 v _183141_/Y (sky130_fd_sc_hd__mux2i_1)
                                         _093038_ (net)
                  0.54    0.00   68.01 v _183142_/B (sky130_fd_sc_hd__nor2_1)
     1    0.00    0.78    0.22   68.23 ^ _183142_/Y (sky130_fd_sc_hd__nor2_1)
                                         _093039_ (net)
                  0.78    0.00   68.23 ^ _183143_/B1 (sky130_fd_sc_hd__a21oi_1)
     2    0.01    0.36    0.18   68.41 v _183143_/Y (sky130_fd_sc_hd__a21oi_1)
                                         _093040_ (net)
                  0.36    0.00   68.41 v _183162_/C (sky130_fd_sc_hd__nor3_4)
    14    0.08    1.07    0.71   69.12 ^ _183162_/Y (sky130_fd_sc_hd__nor3_4)
                                         _093059_ (net)
                  1.07    0.00   69.13 ^ _183240_/B1 (sky130_fd_sc_hd__a21oi_1)
    18    0.09    1.22    0.67   69.80 v _183240_/Y (sky130_fd_sc_hd__a21oi_1)
                                         _093137_ (net)
                  1.22    0.00   69.80 v _183244_/A (sky130_fd_sc_hd__xnor2_1)
    24    0.21    4.18    3.64   73.44 ^ _183244_/Y (sky130_fd_sc_hd__xnor2_1)
                                         _093141_ (net)
                  4.18    0.00   73.45 ^ _183246_/B (sky130_fd_sc_hd__nand3_1)
     3    0.01    0.61    0.44   73.88 v _183246_/Y (sky130_fd_sc_hd__nand3_1)
                                         _093143_ (net)
                  0.61    0.00   73.88 v _183248_/B (sky130_fd_sc_hd__nor3_1)
     2    0.01    0.40    0.45   74.33 ^ _183248_/Y (sky130_fd_sc_hd__nor3_1)
                                         _093145_ (net)
                  0.40    0.00   74.33 ^ _183253_/B1 (sky130_fd_sc_hd__o211ai_2)
    13    0.07    0.45    0.44   74.77 v _183253_/Y (sky130_fd_sc_hd__o211ai_2)
                                         _093150_ (net)
                  0.45    0.01   74.77 v _183261_/A2 (sky130_fd_sc_hd__a2111o_2)
     6    0.02    0.12    0.67   75.44 v _183261_/X (sky130_fd_sc_hd__a2111o_2)
                                         _093158_ (net)
                  0.12    0.00   75.44 v _183266_/A2 (sky130_fd_sc_hd__o31ai_4)
    28    0.14    1.43    1.16   76.60 ^ _183266_/Y (sky130_fd_sc_hd__o31ai_4)
                                         _093163_ (net)
                  1.43    0.03   76.63 ^ _183267_/D (sky130_fd_sc_hd__nand4_2)
    18    0.08    0.77    0.71   77.34 v _183267_/Y (sky130_fd_sc_hd__nand4_2)
                                         _093164_ (net)
                  0.77    0.00   77.34 v _183273_/B1 (sky130_fd_sc_hd__o22ai_2)
    11    0.04    0.63    0.62   77.96 ^ _183273_/Y (sky130_fd_sc_hd__o22ai_2)
                                         _093170_ (net)
                  0.63    0.00   77.96 ^ _183278_/C (sky130_fd_sc_hd__nand4_2)
    10    0.04    0.45    0.37   78.33 v _183278_/Y (sky130_fd_sc_hd__nand4_2)
                                         _093175_ (net)
                  0.45    0.00   78.33 v _183284_/A2 (sky130_fd_sc_hd__o41ai_2)
    40    0.19    4.15    3.35   81.68 ^ _183284_/Y (sky130_fd_sc_hd__o41ai_2)
                                         _093181_ (net)
                  4.15    0.02   81.70 ^ _183293_/B (sky130_fd_sc_hd__nand4_4)
    17    0.08    0.93    1.00   82.70 v _183293_/Y (sky130_fd_sc_hd__nand4_4)
                                         _093190_ (net)
                  0.93    0.00   82.71 v _183294_/A3 (sky130_fd_sc_hd__o31ai_4)
    26    0.13    1.32    1.34   84.05 ^ _183294_/Y (sky130_fd_sc_hd__o31ai_4)
                                         _093191_ (net)
                  1.32    0.00   84.05 ^ _183304_/A (sky130_fd_sc_hd__nand4_2)
    17    0.15    1.25    1.18   85.23 v _183304_/Y (sky130_fd_sc_hd__nand4_2)
                                         _093201_ (net)
                  1.25    0.01   85.24 v _183305_/A4 (sky130_fd_sc_hd__o41a_1)
    36    0.31    1.46    1.87   87.11 v _183305_/X (sky130_fd_sc_hd__o41a_1)
                                         _093202_ (net)
                  1.46    0.03   87.14 v _183315_/B (sky130_fd_sc_hd__nor4_2)
    20    0.13    2.84    2.63   89.77 ^ _183315_/Y (sky130_fd_sc_hd__nor4_2)
                                         _093212_ (net)
                  2.84    0.00   89.77 ^ _183322_/A1 (sky130_fd_sc_hd__a21o_1)
    37    0.17    1.44    1.22   90.99 ^ _183322_/X (sky130_fd_sc_hd__a21o_1)
                                         _093219_ (net)
                  1.44    0.02   91.01 ^ _183393_/A (sky130_fd_sc_hd__and4_1)
    10    0.06    0.53    0.72   91.73 ^ _183393_/X (sky130_fd_sc_hd__and4_1)
                                         _093290_ (net)
                  0.53    0.00   91.73 ^ _183401_/A2 (sky130_fd_sc_hd__o2111ai_1)
    49    0.18    2.73    1.69   93.42 v _183401_/Y (sky130_fd_sc_hd__o2111ai_1)
                                         _093298_ (net)
                  2.73    0.01   93.43 v _183402_/A3 (sky130_fd_sc_hd__o31ai_4)
    46    0.18    1.82    2.45   95.87 ^ _183402_/Y (sky130_fd_sc_hd__o31ai_4)
                                         _093299_ (net)
                  1.82    0.01   95.88 ^ _183404_/A1 (sky130_fd_sc_hd__a21oi_1)
    52    0.23    2.16    2.36   98.24 v _183404_/Y (sky130_fd_sc_hd__a21oi_1)
                                         _093301_ (net)
                  2.16    0.01   98.25 v _186345_/A1 (sky130_fd_sc_hd__o21ai_2)
    27    0.10    1.11    1.60   99.85 ^ _186345_/Y (sky130_fd_sc_hd__o21ai_2)
                                         _096242_ (net)
                  1.11    0.00   99.86 ^ _186806_/A (sky130_fd_sc_hd__nand3_1)
     2    0.01    0.29    0.29  100.15 v _186806_/Y (sky130_fd_sc_hd__nand3_1)
                                         _096703_ (net)
                  0.29    0.00  100.15 v _186807_/B (sky130_fd_sc_hd__xnor2_1)
   139    1.00   20.57   14.79  114.94 ^ _186807_/Y (sky130_fd_sc_hd__xnor2_1)
                                         _096704_ (net)
                 20.57    0.02  114.96 ^ _207181_/A (sky130_fd_sc_hd__nor2_1)
    20    0.32   16.77   16.95  131.91 v _207181_/Y (sky130_fd_sc_hd__nor2_1)
                                         _117078_ (net)
                 16.77    0.14  132.05 v _207527_/A (sky130_fd_sc_hd__nand2_1)
    16    0.30    2.51    9.94  141.99 ^ _207527_/Y (sky130_fd_sc_hd__nand2_1)
                                         _117424_ (net)
                  2.51    0.06  142.05 ^ _227010_/A (sky130_fd_sc_hd__nor2_1)
     1    0.00    0.31    0.16  142.21 v _227010_/Y (sky130_fd_sc_hd__nor2_1)
                                         _136907_ (net)
                  0.31    0.00  142.21 v _227013_/A2 (sky130_fd_sc_hd__o31ai_1)
     4    0.01    0.61    0.55  142.76 ^ _227013_/Y (sky130_fd_sc_hd__o31ai_1)
                                         _136910_ (net)
                  0.61    0.00  142.76 ^ _227033_/A (sky130_fd_sc_hd__xnor2_1)
     2    0.01    0.15    0.21  142.97 v _227033_/Y (sky130_fd_sc_hd__xnor2_1)
                                         _136930_ (net)
                  0.15    0.00  142.97 v _227034_/B (sky130_fd_sc_hd__xnor2_1)
     4    0.01    0.34    0.33  143.30 ^ _227034_/Y (sky130_fd_sc_hd__xnor2_1)
                                         _136931_ (net)
                  0.34    0.00  143.30 ^ _227049_/A1_N (sky130_fd_sc_hd__o2bb2ai_1)
     3    0.01    0.32    0.20  143.51 ^ _227049_/Y (sky130_fd_sc_hd__o2bb2ai_1)
                                         _136946_ (net)
                  0.32    0.00  143.51 ^ _227060_/A3 (sky130_fd_sc_hd__a32oi_1)
     1    0.00    0.13    0.15  143.65 v _227060_/Y (sky130_fd_sc_hd__a32oi_1)
                                         _136957_ (net)
                  0.13    0.00  143.65 v _227063_/A3 (sky130_fd_sc_hd__a31oi_1)
     3    0.02    0.50    0.45  144.11 ^ _227063_/Y (sky130_fd_sc_hd__a31oi_1)
                                         _136960_ (net)
                  0.50    0.00  144.11 ^ _227757_/B (sky130_fd_sc_hd__xnor3_1)
     4    0.01    0.12    0.48  144.59 v _227757_/X (sky130_fd_sc_hd__xnor3_1)
                                         _137654_ (net)
                  0.12    0.00  144.59 v _227758_/C (sky130_fd_sc_hd__nor3_1)
     1    0.00    0.16    0.15  144.74 ^ _227758_/Y (sky130_fd_sc_hd__nor3_1)
                                         _137655_ (net)
                  0.16    0.00  144.74 ^ _227759_/B1 (sky130_fd_sc_hd__a31oi_1)
     1    0.00    0.14    0.06  144.79 v _227759_/Y (sky130_fd_sc_hd__a31oi_1)
                                         _137656_ (net)
                  0.14    0.00  144.79 v _227762_/A2 (sky130_fd_sc_hd__o21ai_1)
     1    0.01    0.15    0.19  144.99 ^ _227762_/Y (sky130_fd_sc_hd__o21ai_1)
                                         _137659_ (net)
                  0.15    0.00  144.99 ^ _227763_/D (sky130_fd_sc_hd__nand4_1)
     7    0.03    0.35    0.32  145.31 v _227763_/Y (sky130_fd_sc_hd__nand4_1)
                                         _137660_ (net)
                  0.35    0.00  145.31 v _228476_/A (sky130_fd_sc_hd__xnor2_1)
     1    0.01    0.09    0.26  145.56 v _228476_/Y (sky130_fd_sc_hd__xnor2_1)
                                         _138373_ (net)
                  0.09    0.00  145.56 v _228477_/B (sky130_fd_sc_hd__xnor2_1)
     2    0.01    0.31    0.29  145.86 ^ _228477_/Y (sky130_fd_sc_hd__xnor2_1)
                                         _138374_ (net)
                  0.31    0.00  145.86 ^ _228480_/A (sky130_fd_sc_hd__xor2_1)
     4    0.02    0.42    0.40  146.26 ^ _228480_/X (sky130_fd_sc_hd__xor2_1)
                                         _138377_ (net)
                  0.42    0.00  146.26 ^ _228485_/S (sky130_fd_sc_hd__mux2i_1)
     1    0.00    0.08    0.12  146.38 v _228485_/Y (sky130_fd_sc_hd__mux2i_1)
                                         _138382_ (net)
                  0.08    0.00  146.38 v _228487_/A0 (sky130_fd_sc_hd__mux2_2)
     1    0.00    0.05    0.27  146.64 v _228487_/X (sky130_fd_sc_hd__mux2_2)
                                         _138384_ (net)
                  0.05    0.00  146.65 v _228489_/B1 (sky130_fd_sc_hd__a22o_1)
     1    0.01    0.05    0.19  146.83 v _228489_/X (sky130_fd_sc_hd__a22o_1)
                                         _138386_ (net)
                  0.05    0.00  146.83 v _228492_/A2 (sky130_fd_sc_hd__a21oi_2)
     5    0.02    0.22    0.23  147.06 ^ _228492_/Y (sky130_fd_sc_hd__a21oi_2)
                                         _138389_ (net)
                  0.22    0.00  147.06 ^ _230621_/A1 (sky130_fd_sc_hd__a21oi_1)
     1    0.00    0.08    0.11  147.17 v _230621_/Y (sky130_fd_sc_hd__a21oi_1)
                                         _140518_ (net)
                  0.08    0.00  147.17 v _230622_/C (sky130_fd_sc_hd__maj3_1)
     1    0.00    0.08    0.37  147.54 v _230622_/X (sky130_fd_sc_hd__maj3_1)
                                         _140519_ (net)
                  0.08    0.00  147.54 v _230623_/B (sky130_fd_sc_hd__xnor2_1)
     6    0.04    0.87    0.70  148.24 ^ _230623_/Y (sky130_fd_sc_hd__xnor2_1)
                                         _140520_ (net)
                  0.87    0.00  148.24 ^ _230624_/B (sky130_fd_sc_hd__nand2_1)
     2    0.00    0.14    0.14  148.38 v _230624_/Y (sky130_fd_sc_hd__nand2_1)
                                         _140521_ (net)
                  0.14    0.00  148.38 v _230628_/C (sky130_fd_sc_hd__or4_1)
    10    0.03    0.22    0.67  149.05 v _230628_/X (sky130_fd_sc_hd__or4_1)
                                         _140525_ (net)
                  0.22    0.00  149.05 v _230636_/A_N (sky130_fd_sc_hd__nand3b_1)
     6    0.04    0.44    0.47  149.52 v _230636_/Y (sky130_fd_sc_hd__nand3b_1)
                                         _140533_ (net)
                  0.44    0.00  149.52 v _230792_/A (sky130_fd_sc_hd__nand2_1)
     1    0.00    0.10    0.15  149.68 ^ _230792_/Y (sky130_fd_sc_hd__nand2_1)
                                         _140689_ (net)
                  0.10    0.00  149.68 ^ _230793_/C1 (sky130_fd_sc_hd__o221ai_1)
     1    0.01    0.14    0.14  149.82 v _230793_/Y (sky130_fd_sc_hd__o221ai_1)
                                         _140690_ (net)
                  0.14    0.00  149.82 v _230794_/B (sky130_fd_sc_hd__xnor2_1)
     5    0.04    0.79    0.66  150.48 ^ _230794_/Y (sky130_fd_sc_hd__xnor2_1)
                                         _140691_ (net)
                  0.79    0.00  150.49 ^ _231589_/B (sky130_fd_sc_hd__nor2_1)
     3    0.01    0.16    0.15  150.63 v _231589_/Y (sky130_fd_sc_hd__nor2_1)
                                         _141486_ (net)
                  0.16    0.00  150.63 v _231590_/B1 (sky130_fd_sc_hd__a211oi_1)
     4    0.01    0.45    0.44  151.08 ^ _231590_/Y (sky130_fd_sc_hd__a211oi_1)
                                         _141487_ (net)
                  0.45    0.00  151.08 ^ _232141_/B1_N (sky130_fd_sc_hd__o21bai_1)
     2    0.01    0.24    0.23  151.31 ^ _232141_/Y (sky130_fd_sc_hd__o21bai_1)
                                         _142038_ (net)
                  0.24    0.00  151.31 ^ _232142_/B (sky130_fd_sc_hd__xnor2_1)
     1    0.00    0.12    0.15  151.45 ^ _232142_/Y (sky130_fd_sc_hd__xnor2_1)
                                         _142039_ (net)
                  0.12    0.00  151.45 ^ _232143_/D1 (sky130_fd_sc_hd__o2111ai_1)
     2    0.01    0.14    0.15  151.60 v _232143_/Y (sky130_fd_sc_hd__o2111ai_1)
                                         _142040_ (net)
                  0.14    0.00  151.60 v _240122_/B1 (sky130_fd_sc_hd__o21ai_0)
     3    0.01    0.36    0.19  151.79 ^ _240122_/Y (sky130_fd_sc_hd__o21ai_0)
                                         _150019_ (net)
                  0.36    0.00  151.79 ^ _240124_/A (sky130_fd_sc_hd__xor2_1)
     4    0.08    1.45    1.15  152.94 ^ _240124_/X (sky130_fd_sc_hd__xor2_1)
                                         _150021_ (net)
                  1.45    0.01  152.95 ^ _240129_/C (sky130_fd_sc_hd__nand4b_4)
     7    0.07    0.45    0.49  153.44 v _240129_/Y (sky130_fd_sc_hd__nand4b_4)
                                         _150026_ (net)
                  0.45    0.01  153.45 v _240139_/B_N (sky130_fd_sc_hd__and4bb_2)
     6    0.05    0.29    0.63  154.08 ^ _240139_/X (sky130_fd_sc_hd__and4bb_2)
                                         _150036_ (net)
                  0.29    0.00  154.08 ^ _240140_/D (sky130_fd_sc_hd__nand4_1)
    11    0.08    0.95    0.77  154.85 v _240140_/Y (sky130_fd_sc_hd__nand4_1)
                                         _150037_ (net)
                  0.95    0.00  154.85 v _240141_/D1 (sky130_fd_sc_hd__a2111oi_2)
     5    0.02    0.64    0.79  155.64 ^ _240141_/Y (sky130_fd_sc_hd__a2111oi_2)
                                         _150038_ (net)
                  0.64    0.00  155.64 ^ _240732_/A (sky130_fd_sc_hd__xnor2_1)
     4    0.05    0.40    0.48  156.12 v _240732_/Y (sky130_fd_sc_hd__xnor2_1)
                                         _150629_ (net)
                  0.40    0.01  156.12 v _240737_/A_N (sky130_fd_sc_hd__nand2b_1)
     2    0.00    0.09    0.29  156.42 v _240737_/Y (sky130_fd_sc_hd__nand2b_1)
                                         _150634_ (net)
                  0.09    0.00  156.42 v _240740_/B (sky130_fd_sc_hd__nand3_1)
     1    0.00    0.06    0.09  156.51 ^ _240740_/Y (sky130_fd_sc_hd__nand3_1)
                                         _150637_ (net)
                  0.06    0.00  156.51 ^ _240741_/B1 (sky130_fd_sc_hd__a21oi_1)
     2    0.01    0.13    0.06  156.56 v _240741_/Y (sky130_fd_sc_hd__a21oi_1)
                                         _150638_ (net)
                  0.13    0.00  156.56 v _240753_/A (sky130_fd_sc_hd__nor2_1)
     4    0.15    2.49    1.85  158.42 ^ _240753_/Y (sky130_fd_sc_hd__nor2_1)
                                         _150650_ (net)
                  2.49    0.00  158.42 ^ _240790_/A1 (sky130_fd_sc_hd__o21a_1)
     2    0.01    0.13    0.37  158.79 ^ _240790_/X (sky130_fd_sc_hd__o21a_1)
                                         _150687_ (net)
                  0.13    0.00  158.79 ^ _240851_/B (sky130_fd_sc_hd__nor3_2)
     2    0.01    0.05    0.07  158.86 v _240851_/Y (sky130_fd_sc_hd__nor3_2)
                                         _150748_ (net)
                  0.05    0.00  158.86 v _240893_/A1 (sky130_fd_sc_hd__o41a_1)
    11    0.13    0.62    0.89  159.75 v _240893_/X (sky130_fd_sc_hd__o41a_1)
                                         _150790_ (net)
                  0.63    0.04  159.79 v _240929_/A (sky130_fd_sc_hd__or3_1)
     7    0.04    0.22    0.73  160.52 v _240929_/X (sky130_fd_sc_hd__or3_1)
                                         _150826_ (net)
                  0.22    0.00  160.52 v _240949_/A (sky130_fd_sc_hd__nor3b_2)
     5    0.07    1.08    0.93  161.46 ^ _240949_/Y (sky130_fd_sc_hd__nor3b_2)
                                         _150846_ (net)
                  1.08    0.01  161.47 ^ _240955_/A (sky130_fd_sc_hd__nand2_1)
     6    0.02    0.34    0.37  161.83 v _240955_/Y (sky130_fd_sc_hd__nand2_1)
                                         _150852_ (net)
                  0.34    0.00  161.83 v _275977_/A (sky130_fd_sc_hd__xor2_1)
     3    0.07    1.34    1.15  162.98 ^ _275977_/X (sky130_fd_sc_hd__xor2_1)
                                         _017307_ (net)
                  1.34    0.01  163.00 ^ _275978_/A (sky130_fd_sc_hd__inv_1)
     7    0.02    0.29    0.29  163.29 v _275978_/Y (sky130_fd_sc_hd__inv_1)
                                         _017308_ (net)
                  0.29    0.00  163.29 v _275983_/B (sky130_fd_sc_hd__and2_1)
     2    0.01    0.06    0.29  163.58 v _275983_/X (sky130_fd_sc_hd__and2_1)
                                         _017314_ (net)
                  0.06    0.00  163.58 v _275984_/C (sky130_fd_sc_hd__maj3_4)
     2    0.01    0.06    0.34  163.92 v _275984_/X (sky130_fd_sc_hd__maj3_4)
                                         _017315_ (net)
                  0.06    0.00  163.92 v _275986_/A2 (sky130_fd_sc_hd__a21oi_2)
     1    0.00    0.12    0.14  164.06 ^ _275986_/Y (sky130_fd_sc_hd__a21oi_2)
                                         _017317_ (net)
                  0.12    0.00  164.06 ^ _275987_/C (sky130_fd_sc_hd__maj3_2)
     3    0.01    0.10    0.25  164.31 ^ _275987_/X (sky130_fd_sc_hd__maj3_2)
                                         _017318_ (net)
                  0.10    0.00  164.31 ^ _275988_/B1 (sky130_fd_sc_hd__o21a_4)
     3    0.01    0.06    0.14  164.46 ^ _275988_/X (sky130_fd_sc_hd__o21a_4)
                                         _017319_ (net)
                  0.06    0.00  164.46 ^ _276006_/A1 (sky130_fd_sc_hd__a31oi_1)
     1    0.00    0.07    0.08  164.54 v _276006_/Y (sky130_fd_sc_hd__a31oi_1)
                                         _017339_ (net)
                  0.07    0.00  164.54 v _276023_/A1 (sky130_fd_sc_hd__o22a_2)
     3    0.02    0.08    0.29  164.83 v _276023_/X (sky130_fd_sc_hd__o22a_2)
                                         _017358_ (net)
                  0.08    0.00  164.83 v _307175_/C (sky130_fd_sc_hd__maj3_2)
     3    0.02    0.10    0.37  165.20 v _307175_/X (sky130_fd_sc_hd__maj3_2)
                                         _051414_ (net)
                  0.10    0.00  165.20 v _307179_/A2 (sky130_fd_sc_hd__a21o_1)
     4    0.01    0.07    0.23  165.43 v _307179_/X (sky130_fd_sc_hd__a21o_1)
                                         _051418_ (net)
                  0.07    0.00  165.43 v _308048_/A2 (sky130_fd_sc_hd__a2111o_1)
     1    0.01    0.07    0.42  165.85 v _308048_/X (sky130_fd_sc_hd__a2111o_1)
                                         _052369_ (net)
                  0.07    0.00  165.85 v _308049_/A2 (sky130_fd_sc_hd__a21oi_2)
     3    0.01    0.16    0.20  166.05 ^ _308049_/Y (sky130_fd_sc_hd__a21oi_2)
                                         _052370_ (net)
                  0.16    0.00  166.05 ^ _308941_/B1_N (sky130_fd_sc_hd__a21boi_2)
     2    0.01    0.11    0.20  166.24 ^ _308941_/Y (sky130_fd_sc_hd__a21boi_2)
                                         _053346_ (net)
                  0.11    0.00  166.24 ^ _308950_/A (sky130_fd_sc_hd__nor3_1)
     2    0.01    0.06    0.09  166.33 v _308950_/Y (sky130_fd_sc_hd__nor3_1)
                                         _053356_ (net)
                  0.06    0.00  166.33 v _308990_/B1 (sky130_fd_sc_hd__a21o_1)
     1    0.00    0.04    0.16  166.49 v _308990_/X (sky130_fd_sc_hd__a21o_1)
                                         _053400_ (net)
                  0.04    0.00  166.49 v _308992_/A2 (sky130_fd_sc_hd__o21ai_1)
     1    0.01    0.16    0.15  166.65 ^ _308992_/Y (sky130_fd_sc_hd__o21ai_1)
                                         _053403_ (net)
                  0.16    0.00  166.65 ^ _308993_/B1 (sky130_fd_sc_hd__o31ai_2)
     5    0.02    0.18    0.14  166.79 v _308993_/Y (sky130_fd_sc_hd__o31ai_2)
                                         _053404_ (net)
                  0.18    0.00  166.79 v _311059_/B (sky130_fd_sc_hd__nand2b_2)
     4    0.01    0.10    0.16  166.95 ^ _311059_/Y (sky130_fd_sc_hd__nand2b_2)
                                         _055664_ (net)
                  0.10    0.00  166.95 ^ _311060_/D (sky130_fd_sc_hd__nand4b_1)
     9    0.04    0.45    0.39  167.34 v _311060_/Y (sky130_fd_sc_hd__nand4b_1)
                                         _055665_ (net)
                  0.45    0.00  167.34 v _314501_/B1 (sky130_fd_sc_hd__a2111oi_2)
     9    0.05    1.27    1.23  168.57 ^ _314501_/Y (sky130_fd_sc_hd__a2111oi_2)
                                         _059431_ (net)
                  1.27    0.00  168.57 ^ _316502_/A (sky130_fd_sc_hd__nand3_1)
     2    0.01    0.34    0.34  168.91 v _316502_/Y (sky130_fd_sc_hd__nand3_1)
                                         _061621_ (net)
                  0.34    0.00  168.91 v _316945_/A (sky130_fd_sc_hd__nor4_4)
     5    0.03    0.42    0.55  169.46 ^ _316945_/Y (sky130_fd_sc_hd__nor4_4)
                                         _062106_ (net)
                  0.42    0.00  169.46 ^ _316975_/B (sky130_fd_sc_hd__nand4_2)
    10    0.04    0.38    0.40  169.86 v _316975_/Y (sky130_fd_sc_hd__nand4_2)
                                         _062139_ (net)
                  0.38    0.00  169.86 v _318870_/B (sky130_fd_sc_hd__nand2_2)
     2    0.01    0.14    0.20  170.06 ^ _318870_/Y (sky130_fd_sc_hd__nand2_2)
                                         _064212_ (net)
                  0.14    0.00  170.06 ^ _321365_/A1 (sky130_fd_sc_hd__a31oi_1)
     1    0.00    0.12    0.09  170.15 v _321365_/Y (sky130_fd_sc_hd__a31oi_1)
                                         _066943_ (net)
                  0.12    0.00  170.15 v _321369_/A2 (sky130_fd_sc_hd__o21ai_0)
     1    0.13    3.69    2.73  172.89 ^ _321369_/Y (sky130_fd_sc_hd__o21ai_0)
                                         _066947_ (net)
                  3.69    0.04  172.93 ^ _321370_/B (sky130_fd_sc_hd__xor2_1)
     4    0.02    0.76    0.67  173.60 v _321370_/X (sky130_fd_sc_hd__xor2_1)
                                         _066948_ (net)
                  0.76    0.00  173.60 v _321413_/A (sky130_fd_sc_hd__or4_2)
     2    0.01    0.11    0.89  174.49 v _321413_/X (sky130_fd_sc_hd__or4_2)
                                         _066995_ (net)
                  0.11    0.00  174.49 v _321427_/A3 (sky130_fd_sc_hd__o41a_1)
     8    0.03    0.25    0.54  175.03 v _321427_/X (sky130_fd_sc_hd__o41a_1)
                                         _067010_ (net)
                  0.25    0.00  175.03 v _328364_/A (sky130_fd_sc_hd__or4_4)
     2    0.01    0.09    0.60  175.63 v _328364_/X (sky130_fd_sc_hd__or4_4)
                                         _074606_ (net)
                  0.09    0.00  175.63 v _328365_/A2 (sky130_fd_sc_hd__a21oi_1)
     1    0.02    0.37    0.35  175.98 ^ _328365_/Y (sky130_fd_sc_hd__a21oi_1)
                                         _074607_ (net)
                  0.37    0.00  175.98 ^ _328366_/B (sky130_fd_sc_hd__nor2_1)
     1    0.01    0.24    0.15  176.14 v _328366_/Y (sky130_fd_sc_hd__nor2_1)
                                         _074608_ (net)
                  0.24    0.00  176.14 v _328367_/D1 (sky130_fd_sc_hd__a2111oi_1)
     2    0.03    1.34    1.12  177.25 ^ _328367_/Y (sky130_fd_sc_hd__a2111oi_1)
                                         _074609_ (net)
                  1.34    0.00  177.26 ^ _328368_/B (sky130_fd_sc_hd__nand2_1)
     4    0.03    0.37    0.47  177.72 v _328368_/Y (sky130_fd_sc_hd__nand2_1)
                                         _074610_ (net)
                  0.37    0.00  177.72 v _331628_/A2 (sky130_fd_sc_hd__a221oi_1)
     1    0.03    1.10    0.91  178.63 ^ _331628_/Y (sky130_fd_sc_hd__a221oi_1)
                                         _078148_ (net)
                  1.10    0.00  178.63 ^ _331630_/A2 (sky130_fd_sc_hd__a21oi_1)
     1    0.00    0.45    0.15  178.78 v _331630_/Y (sky130_fd_sc_hd__a21oi_1)
                                         _000518_ (net)
                  0.45    0.00  178.78 v v_decode.v_rf_ctrl.stage_rf_wr_data.internal_data[183]$_DFFE_PN_/D (sky130_fd_sc_hd__dfxtp_1)
                                178.78   data arrival time

                  0.00  100.00  100.00   clock clk (rise edge)
                          0.00  100.00   clock network delay (ideal)
                          0.00  100.00   clock reconvergence pessimism
                                100.00 ^ v_decode.v_rf_ctrl.stage_rf_wr_data.internal_data[183]$_DFFE_PN_/CLK (sky130_fd_sc_hd__dfxtp_1)
                         -0.30   99.70   library setup time
                                 99.70   data required time
-----------------------------------------------------------------------------
                                 99.70   data required time
                               -178.78   data arrival time
-----------------------------------------------------------------------------
                                -79.08   slack (VIOLATED)



==========================================================================
global place report_power
--------------------------------------------------------------------------
Group                  Internal  Switching    Leakage      Total
                          Power      Power      Power      Power (Watts)
----------------------------------------------------------------
Sequential             2.03e-03   2.54e-04   4.00e-08   2.28e-03  61.0%
Combinational          7.60e-04   7.01e-04   3.20e-07   1.46e-03  39.0%
Clock                  0.00e+00   0.00e+00   0.00e+00   0.00e+00   0.0%
Macro                  0.00e+00   0.00e+00   0.00e+00   0.00e+00   0.0%
Pad                    0.00e+00   0.00e+00   0.00e+00   0.00e+00   0.0%
----------------------------------------------------------------
Total                  2.79e-03   9.55e-04   3.60e-07   3.74e-03 100.0%
                          74.5%      25.5%       0.0%
