
==========================================================================
resizer report_tns
--------------------------------------------------------------------------
tns 0.00

==========================================================================
resizer report_wns
--------------------------------------------------------------------------
wns 0.00

==========================================================================
resizer report_worst_slack
--------------------------------------------------------------------------
worst slack 6.47

==========================================================================
resizer report_checks -path_delay min
--------------------------------------------------------------------------
Startpoint: srcb[156] (input port clocked by clk)
Endpoint: result[124] (output port clocked by clk)
Path Group: clk
Path Type: min

Fanout     Cap    Slew   Delay    Time   Description
-----------------------------------------------------------------------------
                  0.00    0.00    0.00   clock clk (rise edge)
                          0.00    0.00   clock network delay (ideal)
                          3.00    3.00 ^ input external delay
     1    1.07    0.00    0.00    3.00 ^ srcb[156] (in)
                                         srcb[156] (net)
                  0.00    0.00    3.00 ^ input203/A (BUF_X1)
     3    5.14    0.01    0.03    3.03 ^ input203/Z (BUF_X1)
                                         net203 (net)
                  0.01    0.00    3.03 ^ _2656_/A1 (OAI22_X1)
     1    1.65    0.01    0.01    3.04 v _2656_/ZN (OAI22_X1)
                                         _0694_ (net)
                  0.01    0.00    3.04 v _2661_/A (OAI221_X1)
     1    1.10    0.01    0.02    3.06 ^ _2661_/ZN (OAI221_X1)
                                         net312 (net)
                  0.01    0.00    3.06 ^ output312/A (BUF_X1)
     1    0.11    0.00    0.02    3.08 ^ output312/Z (BUF_X1)
                                         result[124] (net)
                  0.00    0.00    3.08 ^ result[124] (out)
                                  3.08   data arrival time

                  0.00    0.00    0.00   clock clk (rise edge)
                          0.00    0.00   clock network delay (ideal)
                          0.00    0.00   clock reconvergence pessimism
                         -3.00   -3.00   output external delay
                                 -3.00   data required time
-----------------------------------------------------------------------------
                                 -3.00   data required time
                                 -3.08   data arrival time
-----------------------------------------------------------------------------
                                  6.08   slack (MET)



==========================================================================
resizer report_checks -path_delay max
--------------------------------------------------------------------------
Startpoint: is_mask (input port clocked by clk)
Endpoint: result[122] (output port clocked by clk)
Path Group: clk
Path Type: max

Fanout     Cap    Slew   Delay    Time   Description
-----------------------------------------------------------------------------
                  0.00    0.00    0.00   clock clk (rise edge)
                          0.00    0.00   clock network delay (ideal)
                          3.00    3.00 v input external delay
     1   23.72    0.00    0.00    3.00 v is_mask (in)
                                         is_mask (net)
                  0.00    0.00    3.00 v input6/A (BUF_X32)
     4   64.19    0.00    0.02    3.02 v input6/Z (BUF_X32)
                                         net6 (net)
                  0.04    0.04    3.06 v wire817/A (BUF_X8)
     1   45.11    0.01    0.04    3.10 v wire817/Z (BUF_X8)
                                         net817 (net)
                  0.04    0.03    3.13 v wire816/A (BUF_X16)
     1   77.75    0.01    0.04    3.17 v wire816/Z (BUF_X16)
                                         net816 (net)
                  0.10    0.08    3.24 v wire815/A (BUF_X32)
     1   78.02    0.01    0.05    3.30 v wire815/Z (BUF_X32)
                                         net815 (net)
                  0.10    0.08    3.38 v wire814/A (BUF_X32)
     1   78.02    0.01    0.05    3.43 v wire814/Z (BUF_X32)
                                         net814 (net)
                  0.10    0.08    3.51 v wire813/A (BUF_X32)
     1   78.02    0.01    0.05    3.56 v wire813/Z (BUF_X32)
                                         net813 (net)
                  0.10    0.08    3.64 v wire812/A (BUF_X32)
    17  141.22    0.01    0.05    3.69 v wire812/Z (BUF_X32)
                                         net812 (net)
                  0.21    0.17    3.86 v _1353_/A1 (OR2_X4)
    13   81.35    0.03    0.14    4.00 v _1353_/ZN (OR2_X4)
                                         _0794_ (net)
                  0.05    0.04    4.04 v wire707/A (BUF_X8)
     1   40.58    0.01    0.04    4.08 v wire707/Z (BUF_X8)
                                         net707 (net)
                  0.03    0.02    4.11 v wire706/A (BUF_X16)
     1   77.39    0.01    0.04    4.14 v wire706/Z (BUF_X16)
                                         net706 (net)
                  0.10    0.08    4.22 v wire705/A (BUF_X32)
     1   77.13    0.01    0.05    4.27 v wire705/Z (BUF_X32)
                                         net705 (net)
                  0.09    0.08    4.35 v wire704/A (BUF_X32)
     1   77.13    0.01    0.05    4.40 v wire704/Z (BUF_X32)
                                         net704 (net)
                  0.09    0.08    4.48 v wire703/A (BUF_X32)
     1   77.13    0.01    0.05    4.53 v wire703/Z (BUF_X32)
                                         net703 (net)
                  0.09    0.08    4.61 v wire702/A (BUF_X32)
    11   90.92    0.01    0.05    4.66 v wire702/Z (BUF_X32)
                                         net702 (net)
                  0.12    0.10    4.75 v _2208_/B1 (AOI21_X4)
     2    9.99    0.04    0.07    4.82 ^ _2208_/ZN (AOI21_X4)
                                         _0293_ (net)
                  0.04    0.00    4.82 ^ _2210_/B1 (AOI221_X2)
     8   18.34    0.03    0.05    4.87 v _2210_/ZN (AOI221_X2)
                                         _0295_ (net)
                  0.03    0.00    4.87 v _2216_/B1 (OAI33_X1)
     3   11.41    0.13    0.15    5.03 ^ _2216_/ZN (OAI33_X1)
                                         net331 (net)
                  0.13    0.00    5.03 ^ _2235_/B1 (OAI222_X2)
    10   26.54    0.05    0.10    5.13 v _2235_/ZN (OAI222_X2)
                                         _0319_ (net)
                  0.05    0.00    5.13 v _2302_/B1 (OAI21_X1)
     1    3.48    0.04    0.06    5.19 ^ _2302_/ZN (OAI21_X1)
                                         _0382_ (net)
                  0.04    0.00    5.19 ^ _2303_/C2 (AOI222_X2)
     2    9.09    0.05    0.04    5.23 v _2303_/ZN (AOI222_X2)
                                         _0383_ (net)
                  0.05    0.00    5.23 v _2310_/B2 (AOI21_X2)
     3    6.50    0.03    0.06    5.29 ^ _2310_/ZN (AOI21_X2)
                                         _0390_ (net)
                  0.03    0.00    5.29 ^ _2541_/A2 (AND2_X1)
     3    7.55    0.02    0.05    5.34 ^ _2541_/ZN (AND2_X1)
                                         net393 (net)
                  0.02    0.00    5.34 ^ _2629_/B1 (AOI21_X1)
     2    2.64    0.03    0.02    5.36 v _2629_/ZN (AOI21_X1)
                                         _0670_ (net)
                  0.03    0.00    5.36 v _2630_/A3 (OR3_X1)
     1    1.02    0.01    0.08    5.44 v _2630_/ZN (OR3_X1)
                                         _0671_ (net)
                  0.01    0.00    5.44 v _2635_/A1 (AND3_X1)
     1    1.72    0.01    0.03    5.48 v _2635_/ZN (AND3_X1)
                                         _0676_ (net)
                  0.01    0.00    5.48 v _2638_/A2 (OAI22_X1)
     1    1.20    0.03    0.03    5.50 ^ _2638_/ZN (OAI22_X1)
                                         net310 (net)
                  0.03    0.00    5.50 ^ output310/A (BUF_X1)
     1    0.08    0.00    0.02    5.53 ^ output310/Z (BUF_X1)
                                         result[122] (net)
                  0.00    0.00    5.53 ^ result[122] (out)
                                  5.53   data arrival time

                  0.00   15.00   15.00   clock clk (rise edge)
                          0.00   15.00   clock network delay (ideal)
                          0.00   15.00   clock reconvergence pessimism
                         -3.00   12.00   output external delay
                                 12.00   data required time
-----------------------------------------------------------------------------
                                 12.00   data required time
                                 -5.53   data arrival time
-----------------------------------------------------------------------------
                                  6.47   slack (MET)



==========================================================================
resizer report_checks -unconstrained
--------------------------------------------------------------------------
Startpoint: is_mask (input port clocked by clk)
Endpoint: result[122] (output port clocked by clk)
Path Group: clk
Path Type: max

Fanout     Cap    Slew   Delay    Time   Description
-----------------------------------------------------------------------------
                  0.00    0.00    0.00   clock clk (rise edge)
                          0.00    0.00   clock network delay (ideal)
                          3.00    3.00 v input external delay
     1   23.72    0.00    0.00    3.00 v is_mask (in)
                                         is_mask (net)
                  0.00    0.00    3.00 v input6/A (BUF_X32)
     4   64.19    0.00    0.02    3.02 v input6/Z (BUF_X32)
                                         net6 (net)
                  0.04    0.04    3.06 v wire817/A (BUF_X8)
     1   45.11    0.01    0.04    3.10 v wire817/Z (BUF_X8)
                                         net817 (net)
                  0.04    0.03    3.13 v wire816/A (BUF_X16)
     1   77.75    0.01    0.04    3.17 v wire816/Z (BUF_X16)
                                         net816 (net)
                  0.10    0.08    3.24 v wire815/A (BUF_X32)
     1   78.02    0.01    0.05    3.30 v wire815/Z (BUF_X32)
                                         net815 (net)
                  0.10    0.08    3.38 v wire814/A (BUF_X32)
     1   78.02    0.01    0.05    3.43 v wire814/Z (BUF_X32)
                                         net814 (net)
                  0.10    0.08    3.51 v wire813/A (BUF_X32)
     1   78.02    0.01    0.05    3.56 v wire813/Z (BUF_X32)
                                         net813 (net)
                  0.10    0.08    3.64 v wire812/A (BUF_X32)
    17  141.22    0.01    0.05    3.69 v wire812/Z (BUF_X32)
                                         net812 (net)
                  0.21    0.17    3.86 v _1353_/A1 (OR2_X4)
    13   81.35    0.03    0.14    4.00 v _1353_/ZN (OR2_X4)
                                         _0794_ (net)
                  0.05    0.04    4.04 v wire707/A (BUF_X8)
     1   40.58    0.01    0.04    4.08 v wire707/Z (BUF_X8)
                                         net707 (net)
                  0.03    0.02    4.11 v wire706/A (BUF_X16)
     1   77.39    0.01    0.04    4.14 v wire706/Z (BUF_X16)
                                         net706 (net)
                  0.10    0.08    4.22 v wire705/A (BUF_X32)
     1   77.13    0.01    0.05    4.27 v wire705/Z (BUF_X32)
                                         net705 (net)
                  0.09    0.08    4.35 v wire704/A (BUF_X32)
     1   77.13    0.01    0.05    4.40 v wire704/Z (BUF_X32)
                                         net704 (net)
                  0.09    0.08    4.48 v wire703/A (BUF_X32)
     1   77.13    0.01    0.05    4.53 v wire703/Z (BUF_X32)
                                         net703 (net)
                  0.09    0.08    4.61 v wire702/A (BUF_X32)
    11   90.92    0.01    0.05    4.66 v wire702/Z (BUF_X32)
                                         net702 (net)
                  0.12    0.10    4.75 v _2208_/B1 (AOI21_X4)
     2    9.99    0.04    0.07    4.82 ^ _2208_/ZN (AOI21_X4)
                                         _0293_ (net)
                  0.04    0.00    4.82 ^ _2210_/B1 (AOI221_X2)
     8   18.34    0.03    0.05    4.87 v _2210_/ZN (AOI221_X2)
                                         _0295_ (net)
                  0.03    0.00    4.87 v _2216_/B1 (OAI33_X1)
     3   11.41    0.13    0.15    5.03 ^ _2216_/ZN (OAI33_X1)
                                         net331 (net)
                  0.13    0.00    5.03 ^ _2235_/B1 (OAI222_X2)
    10   26.54    0.05    0.10    5.13 v _2235_/ZN (OAI222_X2)
                                         _0319_ (net)
                  0.05    0.00    5.13 v _2302_/B1 (OAI21_X1)
     1    3.48    0.04    0.06    5.19 ^ _2302_/ZN (OAI21_X1)
                                         _0382_ (net)
                  0.04    0.00    5.19 ^ _2303_/C2 (AOI222_X2)
     2    9.09    0.05    0.04    5.23 v _2303_/ZN (AOI222_X2)
                                         _0383_ (net)
                  0.05    0.00    5.23 v _2310_/B2 (AOI21_X2)
     3    6.50    0.03    0.06    5.29 ^ _2310_/ZN (AOI21_X2)
                                         _0390_ (net)
                  0.03    0.00    5.29 ^ _2541_/A2 (AND2_X1)
     3    7.55    0.02    0.05    5.34 ^ _2541_/ZN (AND2_X1)
                                         net393 (net)
                  0.02    0.00    5.34 ^ _2629_/B1 (AOI21_X1)
     2    2.64    0.03    0.02    5.36 v _2629_/ZN (AOI21_X1)
                                         _0670_ (net)
                  0.03    0.00    5.36 v _2630_/A3 (OR3_X1)
     1    1.02    0.01    0.08    5.44 v _2630_/ZN (OR3_X1)
                                         _0671_ (net)
                  0.01    0.00    5.44 v _2635_/A1 (AND3_X1)
     1    1.72    0.01    0.03    5.48 v _2635_/ZN (AND3_X1)
                                         _0676_ (net)
                  0.01    0.00    5.48 v _2638_/A2 (OAI22_X1)
     1    1.20    0.03    0.03    5.50 ^ _2638_/ZN (OAI22_X1)
                                         net310 (net)
                  0.03    0.00    5.50 ^ output310/A (BUF_X1)
     1    0.08    0.00    0.02    5.53 ^ output310/Z (BUF_X1)
                                         result[122] (net)
                  0.00    0.00    5.53 ^ result[122] (out)
                                  5.53   data arrival time

                  0.00   15.00   15.00   clock clk (rise edge)
                          0.00   15.00   clock network delay (ideal)
                          0.00   15.00   clock reconvergence pessimism
                         -3.00   12.00   output external delay
                                 12.00   data required time
-----------------------------------------------------------------------------
                                 12.00   data required time
                                 -5.53   data arrival time
-----------------------------------------------------------------------------
                                  6.47   slack (MET)



==========================================================================
resizer report_check_types -max_slew -max_cap -max_fanout -violators
--------------------------------------------------------------------------

==========================================================================
resizer max_slew_check_slack
--------------------------------------------------------------------------
0.06948691606521606

==========================================================================
resizer max_slew_check_limit
--------------------------------------------------------------------------
0.1985349953174591

==========================================================================
resizer max_slew_check_slack_limit
--------------------------------------------------------------------------
0.3500

==========================================================================
resizer max_fanout_check_slack
--------------------------------------------------------------------------
1.0000000150474662e+30

==========================================================================
resizer max_fanout_check_limit
--------------------------------------------------------------------------
1.0000000150474662e+30

==========================================================================
resizer max_capacitance_check_slack
--------------------------------------------------------------------------
0.0713057741522789

==========================================================================
resizer max_capacitance_check_limit
--------------------------------------------------------------------------
11.482199668884277

==========================================================================
resizer max_capacitance_check_slack_limit
--------------------------------------------------------------------------
0.0062

==========================================================================
resizer max_slew_violation_count
--------------------------------------------------------------------------
max slew violation count 0

==========================================================================
resizer max_fanout_violation_count
--------------------------------------------------------------------------
max fanout violation count 0

==========================================================================
resizer max_cap_violation_count
--------------------------------------------------------------------------
max cap violation count 0

==========================================================================
resizer setup_violation_count
--------------------------------------------------------------------------
setup violation count 0

==========================================================================
resizer hold_violation_count
--------------------------------------------------------------------------
hold violation count 0

==========================================================================
resizer critical path delay
--------------------------------------------------------------------------
5.5279

==========================================================================
resizer critical path slack
--------------------------------------------------------------------------
6.4721

==========================================================================
resizer slack div critical path delay
--------------------------------------------------------------------------
117.080627

==========================================================================
resizer report_power
--------------------------------------------------------------------------
Group                  Internal  Switching    Leakage      Total
                          Power      Power      Power      Power (Watts)
----------------------------------------------------------------
Sequential             0.00e+00   0.00e+00   0.00e+00   0.00e+00   0.0%
Combinational          4.34e-04   3.21e-04   5.15e-04   1.27e-03 100.0%
Clock                  0.00e+00   0.00e+00   0.00e+00   0.00e+00   0.0%
Macro                  0.00e+00   0.00e+00   0.00e+00   0.00e+00   0.0%
Pad                    0.00e+00   0.00e+00   0.00e+00   0.00e+00   0.0%
----------------------------------------------------------------
Total                  4.34e-04   3.21e-04   5.15e-04   1.27e-03 100.0%
                          34.2%      25.3%      40.5%
