
==========================================================================
global route report_tns
--------------------------------------------------------------------------
tns 0.00

==========================================================================
global route report_wns
--------------------------------------------------------------------------
wns 0.00

==========================================================================
global route report_worst_slack
--------------------------------------------------------------------------
worst slack 1844.84

==========================================================================
global route report_clock_skew
--------------------------------------------------------------------------
Clock clk
No launch/capture paths found.


==========================================================================
global route report_checks -path_delay min
--------------------------------------------------------------------------
Startpoint: srcb[158] (input port clocked by clk)
Endpoint: result[126] (output port clocked by clk)
Path Group: clk
Path Type: min

Fanout     Cap    Slew   Delay    Time   Description
-----------------------------------------------------------------------------
                  0.00    0.00    0.00   clock clk (rise edge)
                          0.00    0.00   clock network delay (ideal)
                       1000.00 1000.00 ^ input external delay
     1    0.60    0.00    0.00 1000.00 ^ srcb[158] (in)
                                         srcb[158] (net)
                  0.10    0.03 1000.03 ^ input205/A (BUFx2_ASAP7_75t_R)
     1    0.88    5.88   10.40 1010.43 ^ input205/Y (BUFx2_ASAP7_75t_R)
                                         net205 (net)
                  5.88    0.07 1010.51 ^ _3812_/A (NAND2x1_ASAP7_75t_R)
     1    1.39    9.90    8.17 1018.67 v _3812_/Y (NAND2x1_ASAP7_75t_R)
                                         _1274_ (net)
                  9.90    0.10 1018.77 v _3817_/A (XNOR2x1_ASAP7_75t_R)
     1    0.64    7.83    9.81 1028.58 ^ _3817_/Y (XNOR2x1_ASAP7_75t_R)
                                         net314 (net)
                  7.83    0.04 1028.62 ^ output314/A (BUFx2_ASAP7_75t_R)
     1    0.22    4.16   11.74 1040.36 ^ output314/Y (BUFx2_ASAP7_75t_R)
                                         result[126] (net)
                  4.16    0.01 1040.37 ^ result[126] (out)
                               1040.37   data arrival time

                  0.00    0.00    0.00   clock clk (rise edge)
                          0.00    0.00   clock network delay (ideal)
                          0.00    0.00   clock reconvergence pessimism
                       -1000.00 -1000.00   output external delay
                               -1000.00   data required time
-----------------------------------------------------------------------------
                               -1000.00   data required time
                               -1040.37   data arrival time
-----------------------------------------------------------------------------
                               2040.37   slack (MET)



==========================================================================
global route report_checks -path_delay max
--------------------------------------------------------------------------
Startpoint: is_reduct (input port clocked by clk)
Endpoint: result[123] (output port clocked by clk)
Path Group: clk
Path Type: max

Fanout     Cap    Slew   Delay    Time   Description
-----------------------------------------------------------------------------
                  0.00    0.00    0.00   clock clk (rise edge)
                          0.00    0.00   clock network delay (ideal)
                       1000.00 1000.00 v input external delay
     1    2.75    0.00    0.00 1000.00 v is_reduct (in)
                                         is_reduct (net)
                  0.43    0.13 1000.13 v input6/A (BUFx16f_ASAP7_75t_R)
    14   24.47    9.51   13.37 1013.51 v input6/Y (BUFx16f_ASAP7_75t_R)
                                         net6 (net)
                 62.92   19.88 1033.39 v wire515/A (BUFx12f_ASAP7_75t_R)
     5   20.18    9.45   24.93 1058.31 v wire515/Y (BUFx12f_ASAP7_75t_R)
                                         net515 (net)
                 77.71   24.34 1082.66 v wire514/A (BUFx16f_ASAP7_75t_R)
    23   44.35   12.10   32.16 1114.81 v wire514/Y (BUFx16f_ASAP7_75t_R)
                                         net514 (net)
                203.60   64.40 1179.21 v _1942_/B (AND3x4_ASAP7_75t_R)
    35   31.92   58.78   85.19 1264.40 v _1942_/Y (AND3x4_ASAP7_75t_R)
                                         _1378_ (net)
                 63.00    8.39 1272.79 v _3406_/A1 (AO21x1_ASAP7_75t_R)
     1    1.18   10.59   27.77 1300.56 v _3406_/Y (AO21x1_ASAP7_75t_R)
                                         _0908_ (net)
                 10.59    0.06 1300.62 v _3407_/B (NAND2x1_ASAP7_75t_R)
     3    2.47   42.06   14.49 1315.11 ^ _3407_/Y (NAND2x1_ASAP7_75t_R)
                                         _0909_ (net)
                 42.07    0.11 1315.22 ^ _3408_/C (AND3x1_ASAP7_75t_R)
     1    1.22   14.30   26.88 1342.10 ^ _3408_/Y (AND3x1_ASAP7_75t_R)
                                         _0910_ (net)
                 14.30    0.12 1342.22 ^ _3409_/B (XNOR2x2_ASAP7_75t_R)
     4   25.45  101.16   44.68 1386.90 ^ _3409_/Y (XNOR2x2_ASAP7_75t_R)
                                         net323 (net)
                101.29    2.37 1389.28 ^ _3418_/A2 (OA31x2_ASAP7_75t_R)
     3    2.49   14.26   40.05 1429.32 ^ _3418_/Y (OA31x2_ASAP7_75t_R)
                                         _0919_ (net)
                 14.27    0.23 1429.56 ^ _3423_/A1 (AOI211x1_ASAP7_75t_R)
     2    3.67   44.74   24.98 1454.53 v _3423_/Y (AOI211x1_ASAP7_75t_R)
                                         _0924_ (net)
                 44.75    0.16 1454.69 v _3455_/A (OR3x2_ASAP7_75t_R)
     3    2.69   16.03   40.85 1495.54 v _3455_/Y (OR3x2_ASAP7_75t_R)
                                         _0956_ (net)
                 16.04    0.15 1495.69 v _3461_/A (OR4x2_ASAP7_75t_R)
     1   21.37   82.01   54.73 1550.42 v _3461_/Y (OR4x2_ASAP7_75t_R)
                                         _0961_ (net)
                136.38   37.02 1587.44 v wire424/A (BUFx16f_ASAP7_75t_R)
     5   20.86   12.55   38.73 1626.17 v wire424/Y (BUFx16f_ASAP7_75t_R)
                                         net424 (net)
                 92.59   29.03 1655.19 v _3479_/B (AND3x1_ASAP7_75t_R)
     3    2.62   18.75   34.94 1690.14 v _3479_/Y (AND3x1_ASAP7_75t_R)
                                         _0977_ (net)
                 18.76    0.20 1690.33 v _3482_/C (OR4x2_ASAP7_75t_R)
     5    4.66   25.03   47.36 1737.69 v _3482_/Y (OR4x2_ASAP7_75t_R)
                                         _0980_ (net)
                 25.06    0.44 1738.13 v _3483_/B (XNOR2x2_ASAP7_75t_R)
     6    5.24   24.09   35.45 1773.58 ^ _3483_/Y (XNOR2x2_ASAP7_75t_R)
                                         net376 (net)
                 24.09    0.17 1773.75 ^ _3484_/C (AND3x1_ASAP7_75t_R)
     3    2.70   25.62   30.07 1803.81 ^ _3484_/Y (AND3x1_ASAP7_75t_R)
                                         _0981_ (net)
                 25.62    0.13 1803.95 ^ _3503_/A1 (OA211x2_ASAP7_75t_R)
     1    0.99    9.14   23.86 1827.81 ^ _3503_/Y (OA211x2_ASAP7_75t_R)
                                         _0999_ (net)
                  9.14    0.04 1827.85 ^ _3520_/B (AOI211x1_ASAP7_75t_R)
     1    1.18   22.54    8.94 1836.78 v _3520_/Y (AOI211x1_ASAP7_75t_R)
                                         _1014_ (net)
                 22.54    0.10 1836.89 v _3521_/B (XOR2x2_ASAP7_75t_R)
     6    5.03   23.60   39.87 1876.76 ^ _3521_/Y (XOR2x2_ASAP7_75t_R)
                                         net403 (net)
                 23.63    0.42 1877.18 ^ _3547_/A2 (AOI221x1_ASAP7_75t_R)
     1    0.56   27.35   14.94 1892.11 v _3547_/Y (AOI221x1_ASAP7_75t_R)
                                         _1040_ (net)
                 27.35    0.03 1892.14 v _3548_/C (OA211x2_ASAP7_75t_R)
     1    1.76   12.07   35.17 1927.31 v _3548_/Y (OA211x2_ASAP7_75t_R)
                                         _1041_ (net)
                 12.07    0.14 1927.45 v _3549_/B (XOR2x1_ASAP7_75t_R)
     2    1.51   20.33   22.28 1949.73 v _3549_/Y (XOR2x1_ASAP7_75t_R)
                                         net293 (net)
                 20.33    0.09 1949.82 v _3790_/A2 (AO221x1_ASAP7_75t_R)
     1    0.86    9.98   24.46 1974.28 v _3790_/Y (AO221x1_ASAP7_75t_R)
                                         _1255_ (net)
                  9.99    0.08 1974.36 v _3791_/B (AO21x2_ASAP7_75t_R)
     1   21.79   65.74   31.17 2005.52 v _3791_/Y (AO21x2_ASAP7_75t_R)
                                         _1256_ (net)
                128.22   37.40 2042.93 v wire413/A (BUFx16f_ASAP7_75t_R)
     1   19.43   12.25   37.71 2080.63 v wire413/Y (BUFx16f_ASAP7_75t_R)
                                         net413 (net)
                 82.39   25.78 2106.41 v _3792_/B (XNOR2x1_ASAP7_75t_R)
     1    0.74   18.56   32.57 2138.98 v _3792_/Y (XNOR2x1_ASAP7_75t_R)
                                         net311 (net)
                 18.56    0.04 2139.02 v output311/A (BUFx2_ASAP7_75t_R)
     1    0.41    4.85   16.11 2155.14 v output311/Y (BUFx2_ASAP7_75t_R)
                                         result[123] (net)
                  4.85    0.03 2155.16 v result[123] (out)
                               2155.16   data arrival time

                  0.00 5000.00 5000.00   clock clk (rise edge)
                          0.00 5000.00   clock network delay (ideal)
                          0.00 5000.00   clock reconvergence pessimism
                       -1000.00 4000.00   output external delay
                               4000.00   data required time
-----------------------------------------------------------------------------
                               4000.00   data required time
                               -2155.16   data arrival time
-----------------------------------------------------------------------------
                               1844.84   slack (MET)



==========================================================================
global route report_checks -unconstrained
--------------------------------------------------------------------------
Startpoint: is_reduct (input port clocked by clk)
Endpoint: result[123] (output port clocked by clk)
Path Group: clk
Path Type: max

Fanout     Cap    Slew   Delay    Time   Description
-----------------------------------------------------------------------------
                  0.00    0.00    0.00   clock clk (rise edge)
                          0.00    0.00   clock network delay (ideal)
                       1000.00 1000.00 v input external delay
     1    2.75    0.00    0.00 1000.00 v is_reduct (in)
                                         is_reduct (net)
                  0.43    0.13 1000.13 v input6/A (BUFx16f_ASAP7_75t_R)
    14   24.47    9.51   13.37 1013.51 v input6/Y (BUFx16f_ASAP7_75t_R)
                                         net6 (net)
                 62.92   19.88 1033.39 v wire515/A (BUFx12f_ASAP7_75t_R)
     5   20.18    9.45   24.93 1058.31 v wire515/Y (BUFx12f_ASAP7_75t_R)
                                         net515 (net)
                 77.71   24.34 1082.66 v wire514/A (BUFx16f_ASAP7_75t_R)
    23   44.35   12.10   32.16 1114.81 v wire514/Y (BUFx16f_ASAP7_75t_R)
                                         net514 (net)
                203.60   64.40 1179.21 v _1942_/B (AND3x4_ASAP7_75t_R)
    35   31.92   58.78   85.19 1264.40 v _1942_/Y (AND3x4_ASAP7_75t_R)
                                         _1378_ (net)
                 63.00    8.39 1272.79 v _3406_/A1 (AO21x1_ASAP7_75t_R)
     1    1.18   10.59   27.77 1300.56 v _3406_/Y (AO21x1_ASAP7_75t_R)
                                         _0908_ (net)
                 10.59    0.06 1300.62 v _3407_/B (NAND2x1_ASAP7_75t_R)
     3    2.47   42.06   14.49 1315.11 ^ _3407_/Y (NAND2x1_ASAP7_75t_R)
                                         _0909_ (net)
                 42.07    0.11 1315.22 ^ _3408_/C (AND3x1_ASAP7_75t_R)
     1    1.22   14.30   26.88 1342.10 ^ _3408_/Y (AND3x1_ASAP7_75t_R)
                                         _0910_ (net)
                 14.30    0.12 1342.22 ^ _3409_/B (XNOR2x2_ASAP7_75t_R)
     4   25.45  101.16   44.68 1386.90 ^ _3409_/Y (XNOR2x2_ASAP7_75t_R)
                                         net323 (net)
                101.29    2.37 1389.28 ^ _3418_/A2 (OA31x2_ASAP7_75t_R)
     3    2.49   14.26   40.05 1429.32 ^ _3418_/Y (OA31x2_ASAP7_75t_R)
                                         _0919_ (net)
                 14.27    0.23 1429.56 ^ _3423_/A1 (AOI211x1_ASAP7_75t_R)
     2    3.67   44.74   24.98 1454.53 v _3423_/Y (AOI211x1_ASAP7_75t_R)
                                         _0924_ (net)
                 44.75    0.16 1454.69 v _3455_/A (OR3x2_ASAP7_75t_R)
     3    2.69   16.03   40.85 1495.54 v _3455_/Y (OR3x2_ASAP7_75t_R)
                                         _0956_ (net)
                 16.04    0.15 1495.69 v _3461_/A (OR4x2_ASAP7_75t_R)
     1   21.37   82.01   54.73 1550.42 v _3461_/Y (OR4x2_ASAP7_75t_R)
                                         _0961_ (net)
                136.38   37.02 1587.44 v wire424/A (BUFx16f_ASAP7_75t_R)
     5   20.86   12.55   38.73 1626.17 v wire424/Y (BUFx16f_ASAP7_75t_R)
                                         net424 (net)
                 92.59   29.03 1655.19 v _3479_/B (AND3x1_ASAP7_75t_R)
     3    2.62   18.75   34.94 1690.14 v _3479_/Y (AND3x1_ASAP7_75t_R)
                                         _0977_ (net)
                 18.76    0.20 1690.33 v _3482_/C (OR4x2_ASAP7_75t_R)
     5    4.66   25.03   47.36 1737.69 v _3482_/Y (OR4x2_ASAP7_75t_R)
                                         _0980_ (net)
                 25.06    0.44 1738.13 v _3483_/B (XNOR2x2_ASAP7_75t_R)
     6    5.24   24.09   35.45 1773.58 ^ _3483_/Y (XNOR2x2_ASAP7_75t_R)
                                         net376 (net)
                 24.09    0.17 1773.75 ^ _3484_/C (AND3x1_ASAP7_75t_R)
     3    2.70   25.62   30.07 1803.81 ^ _3484_/Y (AND3x1_ASAP7_75t_R)
                                         _0981_ (net)
                 25.62    0.13 1803.95 ^ _3503_/A1 (OA211x2_ASAP7_75t_R)
     1    0.99    9.14   23.86 1827.81 ^ _3503_/Y (OA211x2_ASAP7_75t_R)
                                         _0999_ (net)
                  9.14    0.04 1827.85 ^ _3520_/B (AOI211x1_ASAP7_75t_R)
     1    1.18   22.54    8.94 1836.78 v _3520_/Y (AOI211x1_ASAP7_75t_R)
                                         _1014_ (net)
                 22.54    0.10 1836.89 v _3521_/B (XOR2x2_ASAP7_75t_R)
     6    5.03   23.60   39.87 1876.76 ^ _3521_/Y (XOR2x2_ASAP7_75t_R)
                                         net403 (net)
                 23.63    0.42 1877.18 ^ _3547_/A2 (AOI221x1_ASAP7_75t_R)
     1    0.56   27.35   14.94 1892.11 v _3547_/Y (AOI221x1_ASAP7_75t_R)
                                         _1040_ (net)
                 27.35    0.03 1892.14 v _3548_/C (OA211x2_ASAP7_75t_R)
     1    1.76   12.07   35.17 1927.31 v _3548_/Y (OA211x2_ASAP7_75t_R)
                                         _1041_ (net)
                 12.07    0.14 1927.45 v _3549_/B (XOR2x1_ASAP7_75t_R)
     2    1.51   20.33   22.28 1949.73 v _3549_/Y (XOR2x1_ASAP7_75t_R)
                                         net293 (net)
                 20.33    0.09 1949.82 v _3790_/A2 (AO221x1_ASAP7_75t_R)
     1    0.86    9.98   24.46 1974.28 v _3790_/Y (AO221x1_ASAP7_75t_R)
                                         _1255_ (net)
                  9.99    0.08 1974.36 v _3791_/B (AO21x2_ASAP7_75t_R)
     1   21.79   65.74   31.17 2005.52 v _3791_/Y (AO21x2_ASAP7_75t_R)
                                         _1256_ (net)
                128.22   37.40 2042.93 v wire413/A (BUFx16f_ASAP7_75t_R)
     1   19.43   12.25   37.71 2080.63 v wire413/Y (BUFx16f_ASAP7_75t_R)
                                         net413 (net)
                 82.39   25.78 2106.41 v _3792_/B (XNOR2x1_ASAP7_75t_R)
     1    0.74   18.56   32.57 2138.98 v _3792_/Y (XNOR2x1_ASAP7_75t_R)
                                         net311 (net)
                 18.56    0.04 2139.02 v output311/A (BUFx2_ASAP7_75t_R)
     1    0.41    4.85   16.11 2155.14 v output311/Y (BUFx2_ASAP7_75t_R)
                                         result[123] (net)
                  4.85    0.03 2155.16 v result[123] (out)
                               2155.16   data arrival time

                  0.00 5000.00 5000.00   clock clk (rise edge)
                          0.00 5000.00   clock network delay (ideal)
                          0.00 5000.00   clock reconvergence pessimism
                       -1000.00 4000.00   output external delay
                               4000.00   data required time
-----------------------------------------------------------------------------
                               4000.00   data required time
                               -2155.16   data arrival time
-----------------------------------------------------------------------------
                               1844.84   slack (MET)



==========================================================================
global route report_check_types -max_slew -max_cap -max_fanout -violators
--------------------------------------------------------------------------

==========================================================================
global route max_slew_check_slack
--------------------------------------------------------------------------
6.562722682952881

==========================================================================
global route max_slew_check_limit
--------------------------------------------------------------------------
320.0

==========================================================================
global route max_slew_check_slack_limit
--------------------------------------------------------------------------
0.0205

==========================================================================
global route max_fanout_check_slack
--------------------------------------------------------------------------
1.0000000150474662e+30

==========================================================================
global route max_fanout_check_limit
--------------------------------------------------------------------------
1.0000000150474662e+30

==========================================================================
global route max_capacitance_check_slack
--------------------------------------------------------------------------
15.983121871948242

==========================================================================
global route max_capacitance_check_limit
--------------------------------------------------------------------------
23.040000915527344

==========================================================================
global route max_capacitance_check_slack_limit
--------------------------------------------------------------------------
0.6937

==========================================================================
global route max_slew_violation_count
--------------------------------------------------------------------------
max slew violation count 0

==========================================================================
global route max_fanout_violation_count
--------------------------------------------------------------------------
max fanout violation count 0

==========================================================================
global route max_cap_violation_count
--------------------------------------------------------------------------
max cap violation count 0

==========================================================================
global route setup_violation_count
--------------------------------------------------------------------------
setup violation count 0

==========================================================================
global route hold_violation_count
--------------------------------------------------------------------------
hold violation count 0

==========================================================================
global route critical path delay
--------------------------------------------------------------------------
2155.1626

==========================================================================
global route critical path slack
--------------------------------------------------------------------------
1844.8374

==========================================================================
global route slack div critical path delay
--------------------------------------------------------------------------
85.600845

==========================================================================
global route report_power
--------------------------------------------------------------------------
Group                  Internal  Switching    Leakage      Total
                          Power      Power      Power      Power (Watts)
----------------------------------------------------------------
Sequential             0.00e+00   0.00e+00   0.00e+00   0.00e+00   0.0%
Combinational          7.22e-05   1.01e-04   2.67e-07   1.73e-04 100.0%
Clock                  0.00e+00   0.00e+00   0.00e+00   0.00e+00   0.0%
Macro                  0.00e+00   0.00e+00   0.00e+00   0.00e+00   0.0%
Pad                    0.00e+00   0.00e+00   0.00e+00   0.00e+00   0.0%
----------------------------------------------------------------
Total                  7.22e-05   1.01e-04   2.67e-07   1.73e-04 100.0%
                          41.7%      58.1%       0.2%
