
==========================================================================
finish report_tns
--------------------------------------------------------------------------
tns 0.00

==========================================================================
finish report_wns
--------------------------------------------------------------------------
wns 0.00

==========================================================================
finish report_worst_slack
--------------------------------------------------------------------------
worst slack 1695.38

==========================================================================
finish report_clock_skew
--------------------------------------------------------------------------
Clock clk
No launch/capture paths found.


==========================================================================
finish report_checks -path_delay min
--------------------------------------------------------------------------
Startpoint: srcb[155] (input port clocked by clk)
Endpoint: result[123] (output port clocked by clk)
Path Group: clk
Path Type: min

Fanout     Cap    Slew   Delay    Time   Description
-----------------------------------------------------------------------------
                  0.00    0.00    0.00   clock clk (rise edge)
                          0.00    0.00   clock network delay (ideal)
                       1000.00 1000.00 ^ input external delay
     1    0.61    0.00    0.00 1000.00 ^ srcb[155] (in)
                                         srcb[155] (net)
                  0.10    0.03 1000.03 ^ input202/A (BUFx2_ASAP7_75t_R)
     1    0.85    5.79   10.36 1010.39 ^ input202/Y (BUFx2_ASAP7_75t_R)
                                         net202 (net)
                  5.79    0.04 1010.43 ^ _3779_/A (NAND2x1_ASAP7_75t_R)
     1    1.29    9.36    7.91 1018.34 v _3779_/Y (NAND2x1_ASAP7_75t_R)
                                         _1244_ (net)
                  9.37    0.08 1018.42 v _3792_/A (XNOR2x1_ASAP7_75t_R)
     1    0.50    7.50    9.21 1027.63 ^ _3792_/Y (XNOR2x1_ASAP7_75t_R)
                                         net311 (net)
                  7.50    0.04 1027.66 ^ output311/A (BUFx2_ASAP7_75t_R)
     1    0.26    4.27   11.71 1039.37 ^ output311/Y (BUFx2_ASAP7_75t_R)
                                         result[123] (net)
                  4.27    0.01 1039.39 ^ result[123] (out)
                               1039.39   data arrival time

                  0.00    0.00    0.00   clock clk (rise edge)
                          0.00    0.00   clock network delay (ideal)
                          0.00    0.00   clock reconvergence pessimism
                       -1000.00 -1000.00   output external delay
                               -1000.00   data required time
-----------------------------------------------------------------------------
                               -1000.00   data required time
                               -1039.39   data arrival time
-----------------------------------------------------------------------------
                               2039.39   slack (MET)



==========================================================================
finish report_checks -path_delay max
--------------------------------------------------------------------------
Startpoint: is_reduct (input port clocked by clk)
Endpoint: result[123] (output port clocked by clk)
Path Group: clk
Path Type: max

Fanout     Cap    Slew   Delay    Time   Description
-----------------------------------------------------------------------------
                  0.00    0.00    0.00   clock clk (rise edge)
                          0.00    0.00   clock network delay (ideal)
                       1000.00 1000.00 v input external delay
     1    2.78    0.00    0.00 1000.00 v is_reduct (in)
                                         is_reduct (net)
                  0.44    0.14 1000.14 v input6/A (BUFx16f_ASAP7_75t_R)
    14   24.71    8.77   13.45 1013.59 v input6/Y (BUFx16f_ASAP7_75t_R)
                                         net6 (net)
                 90.45   28.65 1042.24 v wire515/A (BUFx12f_ASAP7_75t_R)
     5   22.27    9.58   28.34 1070.57 v wire515/Y (BUFx12f_ASAP7_75t_R)
                                         net515 (net)
                114.36   36.07 1106.65 v wire514/A (BUFx16f_ASAP7_75t_R)
    23   43.32   12.70   36.69 1143.33 v wire514/Y (BUFx16f_ASAP7_75t_R)
                                         net514 (net)
                280.46   88.67 1232.00 v _1873_/A (NAND2x2_ASAP7_75t_R)
    26   27.86  168.71  132.08 1364.09 ^ _1873_/Y (NAND2x2_ASAP7_75t_R)
                                         _1309_ (net)
                168.72    0.83 1364.92 ^ load_slew510/A (BUFx16f_ASAP7_75t_R)
    20   38.00   17.43   36.91 1401.83 ^ load_slew510/Y (BUFx16f_ASAP7_75t_R)
                                         net510 (net)
                 68.05   19.45 1421.27 ^ _3430_/A1 (OAI21x1_ASAP7_75t_R)
     2    1.85   19.89   14.37 1435.64 v _3430_/Y (OAI21x1_ASAP7_75t_R)
                                         _0931_ (net)
                 19.89    0.11 1435.74 v _3436_/A2 (AO21x1_ASAP7_75t_R)
     2    1.62   11.99   20.05 1455.79 v _3436_/Y (AO21x1_ASAP7_75t_R)
                                         _0937_ (net)
                 12.00    0.17 1455.96 v _3437_/C (OR3x4_ASAP7_75t_R)
     5    6.23   21.93   46.58 1502.55 v _3437_/Y (OR3x4_ASAP7_75t_R)
                                         _0938_ (net)
                 22.01    0.67 1503.22 v _3448_/B (NAND2x2_ASAP7_75t_R)
     2   10.38   43.63   26.88 1530.10 ^ _3448_/Y (NAND2x2_ASAP7_75t_R)
                                         _0949_ (net)
                 43.68    0.88 1530.98 ^ _3458_/A (CKINVDCx14_ASAP7_75t_R)
     4   17.93   12.57    9.97 1540.95 v _3458_/Y (CKINVDCx14_ASAP7_75t_R)
                                         net332 (net)
                 13.22    1.13 1542.08 v _3460_/A1 (AO32x1_ASAP7_75t_R)
     1    0.97    9.88   21.60 1563.69 v _3460_/Y (AO32x1_ASAP7_75t_R)
                                         _0960_ (net)
                  9.88    0.13 1563.82 v _3461_/D (OR4x2_ASAP7_75t_R)
     1   21.36   79.79   50.44 1614.26 v _3461_/Y (OR4x2_ASAP7_75t_R)
                                         _0961_ (net)
                196.95   59.30 1673.57 v wire424/A (BUFx16f_ASAP7_75t_R)
     5   31.50   13.10   44.19 1717.75 v wire424/Y (BUFx16f_ASAP7_75t_R)
                                         net424 (net)
                204.55   64.66 1782.42 v _3462_/C (AND3x1_ASAP7_75t_R)
     3    2.68   20.51   48.77 1831.19 v _3462_/Y (AND3x1_ASAP7_75t_R)
                                         _0962_ (net)
                 20.51    0.13 1831.31 v _3482_/A (OR4x2_ASAP7_75t_R)
     5    4.61   25.48   43.93 1875.24 v _3482_/Y (OR4x2_ASAP7_75t_R)
                                         _0980_ (net)
                 25.53    0.64 1875.89 v _3483_/B (XNOR2x2_ASAP7_75t_R)
     6    5.12   23.81   35.31 1911.20 ^ _3483_/Y (XNOR2x2_ASAP7_75t_R)
                                         net376 (net)
                 23.82    0.26 1911.45 ^ _3484_/C (AND3x1_ASAP7_75t_R)
     3    2.55   25.71   29.50 1940.95 ^ _3484_/Y (AND3x1_ASAP7_75t_R)
                                         _0981_ (net)
                 25.72    0.09 1941.04 ^ _3503_/A1 (OA211x2_ASAP7_75t_R)
     1    1.00    9.34   23.90 1964.94 ^ _3503_/Y (OA211x2_ASAP7_75t_R)
                                         _0999_ (net)
                  9.35    0.08 1965.01 ^ _3520_/B (AOI211x1_ASAP7_75t_R)
     1    1.11   21.80    8.82 1973.84 v _3520_/Y (AOI211x1_ASAP7_75t_R)
                                         _1014_ (net)
                 21.80    0.09 1973.92 v _3521_/B (XOR2x2_ASAP7_75t_R)
     6    5.11   24.13   39.71 2013.64 ^ _3521_/Y (XOR2x2_ASAP7_75t_R)
                                         net403 (net)
                 24.18    0.61 2014.25 ^ _3547_/A2 (AOI221x1_ASAP7_75t_R)
     1    0.50   30.96   14.75 2028.99 v _3547_/Y (AOI221x1_ASAP7_75t_R)
                                         _1040_ (net)
                 30.96    0.04 2029.03 v _3548_/C (OA211x2_ASAP7_75t_R)
     1    1.64   11.72   36.21 2065.24 v _3548_/Y (OA211x2_ASAP7_75t_R)
                                         _1041_ (net)
                 11.73    0.10 2065.34 v _3549_/B (XOR2x1_ASAP7_75t_R)
     2    1.35   21.17   21.84 2087.19 v _3549_/Y (XOR2x1_ASAP7_75t_R)
                                         net293 (net)
                 21.17    0.08 2087.27 v _3790_/A2 (AO221x1_ASAP7_75t_R)
     1    0.76    9.91   24.24 2111.51 v _3790_/Y (AO221x1_ASAP7_75t_R)
                                         _1255_ (net)
                  9.91    0.07 2111.58 v _3791_/B (AO21x2_ASAP7_75t_R)
     1   24.07   74.38   23.51 2135.09 v _3791_/Y (AO21x2_ASAP7_75t_R)
                                         _1256_ (net)
                182.15   57.45 2192.54 v wire413/A (BUFx16f_ASAP7_75t_R)
     1   14.38   13.24   43.27 2235.81 v wire413/Y (BUFx16f_ASAP7_75t_R)
                                         net413 (net)
                 72.86   22.72 2258.53 v _3792_/B (XNOR2x1_ASAP7_75t_R)
     1    0.63   16.89   30.66 2289.19 v _3792_/Y (XNOR2x1_ASAP7_75t_R)
                                         net311 (net)
                 16.89    0.05 2289.24 v output311/A (BUFx2_ASAP7_75t_R)
     1    0.26    4.46   15.36 2304.61 v output311/Y (BUFx2_ASAP7_75t_R)
                                         result[123] (net)
                  4.46    0.01 2304.62 v result[123] (out)
                               2304.62   data arrival time

                  0.00 5000.00 5000.00   clock clk (rise edge)
                          0.00 5000.00   clock network delay (ideal)
                          0.00 5000.00   clock reconvergence pessimism
                       -1000.00 4000.00   output external delay
                               4000.00   data required time
-----------------------------------------------------------------------------
                               4000.00   data required time
                               -2304.62   data arrival time
-----------------------------------------------------------------------------
                               1695.38   slack (MET)



==========================================================================
finish report_checks -unconstrained
--------------------------------------------------------------------------
Startpoint: is_reduct (input port clocked by clk)
Endpoint: result[123] (output port clocked by clk)
Path Group: clk
Path Type: max

Fanout     Cap    Slew   Delay    Time   Description
-----------------------------------------------------------------------------
                  0.00    0.00    0.00   clock clk (rise edge)
                          0.00    0.00   clock network delay (ideal)
                       1000.00 1000.00 v input external delay
     1    2.78    0.00    0.00 1000.00 v is_reduct (in)
                                         is_reduct (net)
                  0.44    0.14 1000.14 v input6/A (BUFx16f_ASAP7_75t_R)
    14   24.71    8.77   13.45 1013.59 v input6/Y (BUFx16f_ASAP7_75t_R)
                                         net6 (net)
                 90.45   28.65 1042.24 v wire515/A (BUFx12f_ASAP7_75t_R)
     5   22.27    9.58   28.34 1070.57 v wire515/Y (BUFx12f_ASAP7_75t_R)
                                         net515 (net)
                114.36   36.07 1106.65 v wire514/A (BUFx16f_ASAP7_75t_R)
    23   43.32   12.70   36.69 1143.33 v wire514/Y (BUFx16f_ASAP7_75t_R)
                                         net514 (net)
                280.46   88.67 1232.00 v _1873_/A (NAND2x2_ASAP7_75t_R)
    26   27.86  168.71  132.08 1364.09 ^ _1873_/Y (NAND2x2_ASAP7_75t_R)
                                         _1309_ (net)
                168.72    0.83 1364.92 ^ load_slew510/A (BUFx16f_ASAP7_75t_R)
    20   38.00   17.43   36.91 1401.83 ^ load_slew510/Y (BUFx16f_ASAP7_75t_R)
                                         net510 (net)
                 68.05   19.45 1421.27 ^ _3430_/A1 (OAI21x1_ASAP7_75t_R)
     2    1.85   19.89   14.37 1435.64 v _3430_/Y (OAI21x1_ASAP7_75t_R)
                                         _0931_ (net)
                 19.89    0.11 1435.74 v _3436_/A2 (AO21x1_ASAP7_75t_R)
     2    1.62   11.99   20.05 1455.79 v _3436_/Y (AO21x1_ASAP7_75t_R)
                                         _0937_ (net)
                 12.00    0.17 1455.96 v _3437_/C (OR3x4_ASAP7_75t_R)
     5    6.23   21.93   46.58 1502.55 v _3437_/Y (OR3x4_ASAP7_75t_R)
                                         _0938_ (net)
                 22.01    0.67 1503.22 v _3448_/B (NAND2x2_ASAP7_75t_R)
     2   10.38   43.63   26.88 1530.10 ^ _3448_/Y (NAND2x2_ASAP7_75t_R)
                                         _0949_ (net)
                 43.68    0.88 1530.98 ^ _3458_/A (CKINVDCx14_ASAP7_75t_R)
     4   17.93   12.57    9.97 1540.95 v _3458_/Y (CKINVDCx14_ASAP7_75t_R)
                                         net332 (net)
                 13.22    1.13 1542.08 v _3460_/A1 (AO32x1_ASAP7_75t_R)
     1    0.97    9.88   21.60 1563.69 v _3460_/Y (AO32x1_ASAP7_75t_R)
                                         _0960_ (net)
                  9.88    0.13 1563.82 v _3461_/D (OR4x2_ASAP7_75t_R)
     1   21.36   79.79   50.44 1614.26 v _3461_/Y (OR4x2_ASAP7_75t_R)
                                         _0961_ (net)
                196.95   59.30 1673.57 v wire424/A (BUFx16f_ASAP7_75t_R)
     5   31.50   13.10   44.19 1717.75 v wire424/Y (BUFx16f_ASAP7_75t_R)
                                         net424 (net)
                204.55   64.66 1782.42 v _3462_/C (AND3x1_ASAP7_75t_R)
     3    2.68   20.51   48.77 1831.19 v _3462_/Y (AND3x1_ASAP7_75t_R)
                                         _0962_ (net)
                 20.51    0.13 1831.31 v _3482_/A (OR4x2_ASAP7_75t_R)
     5    4.61   25.48   43.93 1875.24 v _3482_/Y (OR4x2_ASAP7_75t_R)
                                         _0980_ (net)
                 25.53    0.64 1875.89 v _3483_/B (XNOR2x2_ASAP7_75t_R)
     6    5.12   23.81   35.31 1911.20 ^ _3483_/Y (XNOR2x2_ASAP7_75t_R)
                                         net376 (net)
                 23.82    0.26 1911.45 ^ _3484_/C (AND3x1_ASAP7_75t_R)
     3    2.55   25.71   29.50 1940.95 ^ _3484_/Y (AND3x1_ASAP7_75t_R)
                                         _0981_ (net)
                 25.72    0.09 1941.04 ^ _3503_/A1 (OA211x2_ASAP7_75t_R)
     1    1.00    9.34   23.90 1964.94 ^ _3503_/Y (OA211x2_ASAP7_75t_R)
                                         _0999_ (net)
                  9.35    0.08 1965.01 ^ _3520_/B (AOI211x1_ASAP7_75t_R)
     1    1.11   21.80    8.82 1973.84 v _3520_/Y (AOI211x1_ASAP7_75t_R)
                                         _1014_ (net)
                 21.80    0.09 1973.92 v _3521_/B (XOR2x2_ASAP7_75t_R)
     6    5.11   24.13   39.71 2013.64 ^ _3521_/Y (XOR2x2_ASAP7_75t_R)
                                         net403 (net)
                 24.18    0.61 2014.25 ^ _3547_/A2 (AOI221x1_ASAP7_75t_R)
     1    0.50   30.96   14.75 2028.99 v _3547_/Y (AOI221x1_ASAP7_75t_R)
                                         _1040_ (net)
                 30.96    0.04 2029.03 v _3548_/C (OA211x2_ASAP7_75t_R)
     1    1.64   11.72   36.21 2065.24 v _3548_/Y (OA211x2_ASAP7_75t_R)
                                         _1041_ (net)
                 11.73    0.10 2065.34 v _3549_/B (XOR2x1_ASAP7_75t_R)
     2    1.35   21.17   21.84 2087.19 v _3549_/Y (XOR2x1_ASAP7_75t_R)
                                         net293 (net)
                 21.17    0.08 2087.27 v _3790_/A2 (AO221x1_ASAP7_75t_R)
     1    0.76    9.91   24.24 2111.51 v _3790_/Y (AO221x1_ASAP7_75t_R)
                                         _1255_ (net)
                  9.91    0.07 2111.58 v _3791_/B (AO21x2_ASAP7_75t_R)
     1   24.07   74.38   23.51 2135.09 v _3791_/Y (AO21x2_ASAP7_75t_R)
                                         _1256_ (net)
                182.15   57.45 2192.54 v wire413/A (BUFx16f_ASAP7_75t_R)
     1   14.38   13.24   43.27 2235.81 v wire413/Y (BUFx16f_ASAP7_75t_R)
                                         net413 (net)
                 72.86   22.72 2258.53 v _3792_/B (XNOR2x1_ASAP7_75t_R)
     1    0.63   16.89   30.66 2289.19 v _3792_/Y (XNOR2x1_ASAP7_75t_R)
                                         net311 (net)
                 16.89    0.05 2289.24 v output311/A (BUFx2_ASAP7_75t_R)
     1    0.26    4.46   15.36 2304.61 v output311/Y (BUFx2_ASAP7_75t_R)
                                         result[123] (net)
                  4.46    0.01 2304.62 v result[123] (out)
                               2304.62   data arrival time

                  0.00 5000.00 5000.00   clock clk (rise edge)
                          0.00 5000.00   clock network delay (ideal)
                          0.00 5000.00   clock reconvergence pessimism
                       -1000.00 4000.00   output external delay
                               4000.00   data required time
-----------------------------------------------------------------------------
                               4000.00   data required time
                               -2304.62   data arrival time
-----------------------------------------------------------------------------
                               1695.38   slack (MET)



==========================================================================
finish report_check_types -max_slew -max_cap -max_fanout -violators
--------------------------------------------------------------------------
max slew

Pin                                    Limit    Slew   Slack
------------------------------------------------------------
_3615_/A1                             320.00  442.54 -122.54 (VIOLATED)
_3184_/A1                             320.00  442.41 -122.41 (VIOLATED)
_3769_/B                              320.00  442.29 -122.29 (VIOLATED)
_3766_/B                              320.00  442.01 -122.01 (VIOLATED)
_3767_/A1                             320.00  441.99 -121.99 (VIOLATED)
_3193_/A1                             320.00  441.88 -121.88 (VIOLATED)
_3768_/A                              320.00  440.90 -120.90 (VIOLATED)
_3386_/B2                             320.00  439.66 -119.66 (VIOLATED)
_3638_/A                              320.00  437.81 -117.81 (VIOLATED)
_3636_/A                              320.00  436.72 -116.72 (VIOLATED)
_3335_/B                              320.00  436.65 -116.65 (VIOLATED)
_3629_/A                              320.00  436.62 -116.62 (VIOLATED)
_3630_/A                              320.00  436.53 -116.53 (VIOLATED)
_3631_/A                              320.00  436.34 -116.34 (VIOLATED)
_3334_/A                              320.00  435.62 -115.62 (VIOLATED)
_3782_/A                              320.00  434.98 -114.98 (VIOLATED)
_3781_/C                              320.00  434.95 -114.95 (VIOLATED)
_3786_/B                              320.00  434.81 -114.81 (VIOLATED)
_3544_/A                              320.00  434.58 -114.58 (VIOLATED)
_3650_/A                              320.00  434.21 -114.21 (VIOLATED)
_3651_/A                              320.00  434.07 -114.07 (VIOLATED)
_3657_/A                              320.00  434.07 -114.07 (VIOLATED)
_3502_/B                              320.00  433.70 -113.70 (VIOLATED)
_3501_/A                              320.00  433.62 -113.62 (VIOLATED)
_3652_/A                              320.00  433.19 -113.19 (VIOLATED)
_3359_/A                              320.00  432.45 -112.45 (VIOLATED)
_3504_/A                              320.00  432.24 -112.24 (VIOLATED)
_3476_/A                              320.00  432.23 -112.23 (VIOLATED)
_3508_/A                              320.00  431.37 -111.37 (VIOLATED)
_3530_/A                              320.00  430.96 -110.96 (VIOLATED)
_3526_/A                              320.00  430.80 -110.80 (VIOLATED)
_3528_/A                              320.00  430.72 -110.72 (VIOLATED)
_3363_/A                              320.00  430.06 -110.06 (VIOLATED)
_3368_/A                              320.00  429.92 -109.92 (VIOLATED)
_3341_/A                              320.00  426.27 -106.27 (VIOLATED)
_3323_/B                              320.00  421.01 -101.01 (VIOLATED)
_3319_/A                              320.00  420.91 -100.91 (VIOLATED)
_3296_/A                              320.00  420.91 -100.91 (VIOLATED)
_3313_/A                              320.00  420.77 -100.77 (VIOLATED)
_3311_/A                              320.00  418.60  -98.60 (VIOLATED)
_3489_/A1                             320.00  418.57  -98.57 (VIOLATED)
_3475_/A1                             320.00  417.95  -97.95 (VIOLATED)
_2625_/A                              320.00  417.43  -97.43 (VIOLATED)
_2626_/B                              320.00  417.26  -97.26 (VIOLATED)
_2124_/B2                             320.00  416.86  -96.86 (VIOLATED)
_2055_/A1                             320.00  416.79  -96.79 (VIOLATED)
load_slew490/A                        320.00  413.40  -93.40 (VIOLATED)
_2112_/C2                             320.00  413.16  -93.16 (VIOLATED)
_3265_/A                              320.00  412.60  -92.60 (VIOLATED)
_3802_/B2                             320.00  410.68  -90.68 (VIOLATED)
_3555_/C2                             320.00  409.75  -89.75 (VIOLATED)
_2144_/C2                             320.00  407.56  -87.56 (VIOLATED)
_3267_/B                              320.00  406.06  -86.06 (VIOLATED)
_2158_/C2                             320.00  404.99  -84.99 (VIOLATED)
_3683_/C2                             320.00  403.29  -83.29 (VIOLATED)
_2048_/A1                             320.00  401.79  -81.79 (VIOLATED)
_2078_/A1                             320.00  401.40  -81.40 (VIOLATED)
_2002_/B2                             320.00  398.53  -78.53 (VIOLATED)
_1974_/A1                             320.00  397.37  -77.37 (VIOLATED)
_1985_/A2                             320.00  395.25  -75.25 (VIOLATED)
_2022_/B2                             320.00  394.59  -74.59 (VIOLATED)
_2033_/A1                             320.00  392.30  -72.30 (VIOLATED)
_3232_/A                              320.00  391.77  -71.77 (VIOLATED)
_3219_/A                              320.00  384.85  -64.85 (VIOLATED)
_3578_/C2                             320.00  382.50  -62.50 (VIOLATED)
_2795_/A2                             320.00  379.85  -59.85 (VIOLATED)
_3729_/B2                             320.00  379.30  -59.30 (VIOLATED)
_3606_/C2                             320.00  379.18  -59.18 (VIOLATED)
_3003_/C2                             320.00  379.00  -59.00 (VIOLATED)
_2937_/C2                             320.00  378.91  -58.91 (VIOLATED)
_2992_/C2                             320.00  378.87  -58.87 (VIOLATED)
_2977_/A1                             320.00  378.65  -58.65 (VIOLATED)
_3278_/A                              320.00  376.74  -56.74 (VIOLATED)
_3279_/A                              320.00  376.73  -56.73 (VIOLATED)
_2826_/B2                             320.00  376.47  -56.47 (VIOLATED)
_2966_/A1                             320.00  376.27  -56.27 (VIOLATED)
_2882_/A1                             320.00  374.10  -54.10 (VIOLATED)
_3282_/A                              320.00  372.29  -52.29 (VIOLATED)
_2897_/B2                             320.00  370.53  -50.53 (VIOLATED)
_2912_/A                              320.00  370.51  -50.51 (VIOLATED)
_2841_/B2                             320.00  358.27  -38.27 (VIOLATED)
_2857_/A1                             320.00  357.10  -37.10 (VIOLATED)
_2844_/A1                             320.00  357.07  -37.07 (VIOLATED)
_2847_/B2                             320.00  353.85  -33.85 (VIOLATED)
_2286_/C2                             320.00  351.02  -31.02 (VIOLATED)
_2752_/C2                             320.00  350.98  -30.98 (VIOLATED)
_2339_/C2                             320.00  350.96  -30.96 (VIOLATED)
_2767_/C2                             320.00  350.64  -30.64 (VIOLATED)
_3687_/C2                             320.00  350.07  -30.07 (VIOLATED)
_3565_/A1                             320.00  349.82  -29.82 (VIOLATED)
_3815_/C2                             320.00  349.62  -29.62 (VIOLATED)
_3478_/A1                             320.00  349.11  -29.11 (VIOLATED)
_2457_/B2                             320.00  349.01  -29.01 (VIOLATED)
_3518_/C2                             320.00  348.99  -28.99 (VIOLATED)
_3667_/A1                             320.00  348.96  -28.96 (VIOLATED)
_3546_/C2                             320.00  348.95  -28.95 (VIOLATED)
_3789_/C2                             320.00  348.95  -28.95 (VIOLATED)
_3722_/C2                             320.00  347.98  -27.98 (VIOLATED)
_3541_/C2                             320.00  347.11  -27.11 (VIOLATED)
_3824_/C2                             320.00  346.96  -26.96 (VIOLATED)
_3498_/A1                             320.00  346.86  -26.86 (VIOLATED)
_3585_/C2                             320.00  346.64  -26.64 (VIOLATED)
_3809_/C2                             320.00  346.34  -26.34 (VIOLATED)
_3523_/A1                             320.00  346.32  -26.32 (VIOLATED)
_3762_/C2                             320.00  345.41  -25.41 (VIOLATED)
_3191_/C2                             320.00  343.89  -23.89 (VIOLATED)
_3360_/B2                             320.00  343.51  -23.51 (VIOLATED)
_3331_/B2                             320.00  342.79  -22.79 (VIOLATED)
_2488_/B2                             320.00  342.61  -22.61 (VIOLATED)
_3075_/A3                             320.00  342.42  -22.42 (VIOLATED)
_3109_/C                              320.00  342.38  -22.38 (VIOLATED)
_3091_/D                              320.00  342.37  -22.37 (VIOLATED)
_3622_/C2                             320.00  342.23  -22.23 (VIOLATED)
_3175_/C2                             320.00  342.17  -22.17 (VIOLATED)
_3352_/C2                             320.00  341.52  -21.52 (VIOLATED)
_3385_/C2                             320.00  341.13  -21.13 (VIOLATED)
_3774_/C2                             320.00  341.09  -21.09 (VIOLATED)
_3186_/C2                             320.00  339.50  -19.50 (VIOLATED)
_3379_/C2                             320.00  338.84  -18.84 (VIOLATED)
_2448_/A1                             320.00  336.72  -16.72 (VIOLATED)
_2564_/C2                             320.00  334.45  -14.45 (VIOLATED)
_2733_/A1                             320.00  334.42  -14.42 (VIOLATED)
_3701_/C2                             320.00  334.24  -14.24 (VIOLATED)
_2714_/C2                             320.00  334.24  -14.24 (VIOLATED)
_2676_/B2                             320.00  334.20  -14.20 (VIOLATED)
_2311_/C2                             320.00  334.03  -14.03 (VIOLATED)
_2741_/C2                             320.00  334.02  -14.02 (VIOLATED)
_2255_/B2                             320.00  333.97  -13.97 (VIOLATED)
_2267_/C2                             320.00  333.32  -13.32 (VIOLATED)
_3160_/C2                             320.00  332.51  -12.51 (VIOLATED)
_2227_/A1                             320.00  330.46  -10.46 (VIOLATED)
_2261_/B2                             320.00  330.45  -10.45 (VIOLATED)
_2391_/A                              320.00  329.68   -9.68 (VIOLATED)
_2388_/B                              320.00  329.65   -9.65 (VIOLATED)
_3151_/A1                             320.00  329.38   -9.38 (VIOLATED)
_3146_/A1                             320.00  326.50   -6.50 (VIOLATED)
_3057_/A1                             320.00  326.46   -6.46 (VIOLATED)
_3058_/B                              320.00  326.36   -6.36 (VIOLATED)
_3138_/A1                             320.00  322.15   -2.15 (VIOLATED)
_2513_/A1                             320.00  320.96   -0.96 (VIOLATED)
wire428/A                             320.00  320.18   -0.18 (VIOLATED)


==========================================================================
finish max_slew_check_slack
--------------------------------------------------------------------------
-122.53703308105469

==========================================================================
finish max_slew_check_limit
--------------------------------------------------------------------------
320.0

==========================================================================
finish max_slew_check_slack_limit
--------------------------------------------------------------------------
-0.3829

==========================================================================
finish max_fanout_check_slack
--------------------------------------------------------------------------
1.0000000150474662e+30

==========================================================================
finish max_fanout_check_limit
--------------------------------------------------------------------------
1.0000000150474662e+30

==========================================================================
finish max_capacitance_check_slack
--------------------------------------------------------------------------
13.606363296508789

==========================================================================
finish max_capacitance_check_limit
--------------------------------------------------------------------------
23.040000915527344

==========================================================================
finish max_capacitance_check_slack_limit
--------------------------------------------------------------------------
0.5906

==========================================================================
finish max_slew_violation_count
--------------------------------------------------------------------------
max slew violation count 141

==========================================================================
finish max_fanout_violation_count
--------------------------------------------------------------------------
max fanout violation count 0

==========================================================================
finish max_cap_violation_count
--------------------------------------------------------------------------
max cap violation count 0

==========================================================================
finish setup_violation_count
--------------------------------------------------------------------------
setup violation count 0

==========================================================================
finish hold_violation_count
--------------------------------------------------------------------------
hold violation count 0

==========================================================================
finish critical path delay
--------------------------------------------------------------------------
2304.6208

==========================================================================
finish critical path slack
--------------------------------------------------------------------------
1695.3789

==========================================================================
finish slack div critical path delay
--------------------------------------------------------------------------
73.564332

==========================================================================
finish report_power
--------------------------------------------------------------------------
Group                  Internal  Switching    Leakage      Total
                          Power      Power      Power      Power (Watts)
----------------------------------------------------------------
Sequential             0.00e+00   0.00e+00   0.00e+00   0.00e+00   0.0%
Combinational          7.34e-05   9.87e-05   2.67e-07   1.72e-04 100.0%
Clock                  0.00e+00   0.00e+00   0.00e+00   0.00e+00   0.0%
Macro                  0.00e+00   0.00e+00   0.00e+00   0.00e+00   0.0%
Pad                    0.00e+00   0.00e+00   0.00e+00   0.00e+00   0.0%
----------------------------------------------------------------
Total                  7.34e-05   9.87e-05   2.67e-07   1.72e-04 100.0%
                          42.6%      57.3%       0.2%
