
==========================================================================
detailed place report_tns
--------------------------------------------------------------------------
tns 0.00

==========================================================================
detailed place report_wns
--------------------------------------------------------------------------
wns 0.00

==========================================================================
detailed place report_worst_slack
--------------------------------------------------------------------------
worst slack 9.08

==========================================================================
detailed place report_checks -path_delay min
--------------------------------------------------------------------------
Startpoint: srca[16] (input port clocked by clk)
Endpoint: srca_alu[48] (output port clocked by clk)
Path Group: clk
Path Type: min

Fanout     Cap    Slew   Delay    Time   Description
-----------------------------------------------------------------------------
                  0.00    0.00    0.00   clock clk (rise edge)
                          0.00    0.00   clock network delay (ideal)
                          4.00    4.00 ^ input external delay
     1    0.01    0.00    0.00    4.00 ^ srca[16] (in)
                                         srca[16] (net)
                  0.00    0.00    4.00 ^ _617_/I (gf180mcu_fd_sc_mcu9t5v0__clkbuf_2)
     1    0.00    0.04    0.10    4.10 ^ _617_/Z (gf180mcu_fd_sc_mcu9t5v0__clkbuf_2)
                                         net227 (net)
                  0.04    0.00    4.10 ^ output227/I (gf180mcu_fd_sc_mcu9t5v0__dlyb_2)
     1    0.00    0.07    0.55    4.65 ^ output227/Z (gf180mcu_fd_sc_mcu9t5v0__dlyb_2)
                                         srca_alu[48] (net)
                  0.07    0.00    4.65 ^ srca_alu[48] (out)
                                  4.65   data arrival time

                  0.00    0.00    0.00   clock clk (rise edge)
                          0.00    0.00   clock network delay (ideal)
                          0.00    0.00   clock reconvergence pessimism
                         -4.00   -4.00   output external delay
                                 -4.00   data required time
-----------------------------------------------------------------------------
                                 -4.00   data required time
                                 -4.65   data arrival time
-----------------------------------------------------------------------------
                                  8.65   slack (MET)



==========================================================================
detailed place report_checks -path_delay max
--------------------------------------------------------------------------
Startpoint: vl[6] (input port clocked by clk)
Endpoint: srca_alu[14] (output port clocked by clk)
Path Group: clk
Path Type: max

Fanout     Cap    Slew   Delay    Time   Description
-----------------------------------------------------------------------------
                  0.00    0.00    0.00   clock clk (rise edge)
                          0.00    0.00   clock network delay (ideal)
                          4.00    4.00 v input external delay
     1    0.04    0.00    0.00    4.00 v vl[6] (in)
                                         vl[6] (net)
                  0.00    0.00    4.00 v input49/I (gf180mcu_fd_sc_mcu9t5v0__buf_3)
     3    0.10    0.17    0.22    4.22 v input49/Z (gf180mcu_fd_sc_mcu9t5v0__buf_3)
                                         net49 (net)
                  0.17    0.00    4.22 v _342_/A3 (gf180mcu_fd_sc_mcu9t5v0__or3_4)
     6    0.25    0.33    0.46    4.68 v _342_/Z (gf180mcu_fd_sc_mcu9t5v0__or3_4)
                                         _072_ (net)
                  0.33    0.00    4.68 v _356_/A1 (gf180mcu_fd_sc_mcu9t5v0__oai211_4)
     8    0.19    0.70    0.48    5.16 ^ _356_/ZN (gf180mcu_fd_sc_mcu9t5v0__oai211_4)
                                         _086_ (net)
                  0.70    0.00    5.16 ^ _374_/B1 (gf180mcu_fd_sc_mcu9t5v0__oai22_4)
     2    0.06    0.28    0.14    5.30 v _374_/ZN (gf180mcu_fd_sc_mcu9t5v0__oai22_4)
                                         _102_ (net)
                  0.28    0.00    5.30 v _521_/B2 (gf180mcu_fd_sc_mcu9t5v0__aoi222_4)
     4    0.14    0.97    0.62    5.92 ^ _521_/ZN (gf180mcu_fd_sc_mcu9t5v0__aoi222_4)
                                         _206_ (net)
                  0.97    0.00    5.92 ^ _523_/B1 (gf180mcu_fd_sc_mcu9t5v0__aoi221_2)
     1    0.01    0.42    0.18    6.10 v _523_/ZN (gf180mcu_fd_sc_mcu9t5v0__aoi221_2)
                                         net181 (net)
                  0.42    0.00    6.10 v output181/I (gf180mcu_fd_sc_mcu9t5v0__dlyb_2)
     1    0.00    0.15    0.82    6.92 v output181/Z (gf180mcu_fd_sc_mcu9t5v0__dlyb_2)
                                         srca_alu[14] (net)
                  0.15    0.00    6.92 v srca_alu[14] (out)
                                  6.92   data arrival time

                  0.00   20.00   20.00   clock clk (rise edge)
                          0.00   20.00   clock network delay (ideal)
                          0.00   20.00   clock reconvergence pessimism
                         -4.00   16.00   output external delay
                                 16.00   data required time
-----------------------------------------------------------------------------
                                 16.00   data required time
                                 -6.92   data arrival time
-----------------------------------------------------------------------------
                                  9.08   slack (MET)



==========================================================================
detailed place report_checks -unconstrained
--------------------------------------------------------------------------
Startpoint: vl[6] (input port clocked by clk)
Endpoint: srca_alu[14] (output port clocked by clk)
Path Group: clk
Path Type: max

Fanout     Cap    Slew   Delay    Time   Description
-----------------------------------------------------------------------------
                  0.00    0.00    0.00   clock clk (rise edge)
                          0.00    0.00   clock network delay (ideal)
                          4.00    4.00 v input external delay
     1    0.04    0.00    0.00    4.00 v vl[6] (in)
                                         vl[6] (net)
                  0.00    0.00    4.00 v input49/I (gf180mcu_fd_sc_mcu9t5v0__buf_3)
     3    0.10    0.17    0.22    4.22 v input49/Z (gf180mcu_fd_sc_mcu9t5v0__buf_3)
                                         net49 (net)
                  0.17    0.00    4.22 v _342_/A3 (gf180mcu_fd_sc_mcu9t5v0__or3_4)
     6    0.25    0.33    0.46    4.68 v _342_/Z (gf180mcu_fd_sc_mcu9t5v0__or3_4)
                                         _072_ (net)
                  0.33    0.00    4.68 v _356_/A1 (gf180mcu_fd_sc_mcu9t5v0__oai211_4)
     8    0.19    0.70    0.48    5.16 ^ _356_/ZN (gf180mcu_fd_sc_mcu9t5v0__oai211_4)
                                         _086_ (net)
                  0.70    0.00    5.16 ^ _374_/B1 (gf180mcu_fd_sc_mcu9t5v0__oai22_4)
     2    0.06    0.28    0.14    5.30 v _374_/ZN (gf180mcu_fd_sc_mcu9t5v0__oai22_4)
                                         _102_ (net)
                  0.28    0.00    5.30 v _521_/B2 (gf180mcu_fd_sc_mcu9t5v0__aoi222_4)
     4    0.14    0.97    0.62    5.92 ^ _521_/ZN (gf180mcu_fd_sc_mcu9t5v0__aoi222_4)
                                         _206_ (net)
                  0.97    0.00    5.92 ^ _523_/B1 (gf180mcu_fd_sc_mcu9t5v0__aoi221_2)
     1    0.01    0.42    0.18    6.10 v _523_/ZN (gf180mcu_fd_sc_mcu9t5v0__aoi221_2)
                                         net181 (net)
                  0.42    0.00    6.10 v output181/I (gf180mcu_fd_sc_mcu9t5v0__dlyb_2)
     1    0.00    0.15    0.82    6.92 v output181/Z (gf180mcu_fd_sc_mcu9t5v0__dlyb_2)
                                         srca_alu[14] (net)
                  0.15    0.00    6.92 v srca_alu[14] (out)
                                  6.92   data arrival time

                  0.00   20.00   20.00   clock clk (rise edge)
                          0.00   20.00   clock network delay (ideal)
                          0.00   20.00   clock reconvergence pessimism
                         -4.00   16.00   output external delay
                                 16.00   data required time
-----------------------------------------------------------------------------
                                 16.00   data required time
                                 -6.92   data arrival time
-----------------------------------------------------------------------------
                                  9.08   slack (MET)



==========================================================================
detailed place report_check_types -max_slew -max_cap -max_fanout -violators
--------------------------------------------------------------------------

==========================================================================
detailed place max_slew_check_slack
--------------------------------------------------------------------------
1.454779863357544

==========================================================================
detailed place max_slew_check_limit
--------------------------------------------------------------------------
2.799999952316284

==========================================================================
detailed place max_slew_check_slack_limit
--------------------------------------------------------------------------
0.5196

==========================================================================
detailed place max_fanout_check_slack
--------------------------------------------------------------------------
1.0000000150474662e+30

==========================================================================
detailed place max_fanout_check_limit
--------------------------------------------------------------------------
1.0000000150474662e+30

==========================================================================
detailed place max_capacitance_check_slack
--------------------------------------------------------------------------
0.23167115449905396

==========================================================================
detailed place max_capacitance_check_limit
--------------------------------------------------------------------------
0.2696000039577484

==========================================================================
detailed place max_capacitance_check_slack_limit
--------------------------------------------------------------------------
0.8593

==========================================================================
detailed place max_slew_violation_count
--------------------------------------------------------------------------
max slew violation count 0

==========================================================================
detailed place max_fanout_violation_count
--------------------------------------------------------------------------
max fanout violation count 0

==========================================================================
detailed place max_cap_violation_count
--------------------------------------------------------------------------
max cap violation count 0

==========================================================================
detailed place setup_violation_count
--------------------------------------------------------------------------
setup violation count 0

==========================================================================
detailed place hold_violation_count
--------------------------------------------------------------------------
hold violation count 0

==========================================================================
detailed place critical path delay
--------------------------------------------------------------------------
6.9226

==========================================================================
detailed place critical path slack
--------------------------------------------------------------------------
9.0774

==========================================================================
detailed place slack div critical path delay
--------------------------------------------------------------------------
131.127033

==========================================================================
detailed place report_power
--------------------------------------------------------------------------
Group                  Internal  Switching    Leakage      Total
                          Power      Power      Power      Power (Watts)
----------------------------------------------------------------
Sequential             0.00e+00   0.00e+00   0.00e+00   0.00e+00   0.0%
Combinational          4.58e-03   2.13e-03   2.38e-07   6.72e-03 100.0%
Clock                  0.00e+00   0.00e+00   1.33e-07   1.33e-07   0.0%
Macro                  0.00e+00   0.00e+00   0.00e+00   0.00e+00   0.0%
Pad                    0.00e+00   0.00e+00   0.00e+00   0.00e+00   0.0%
----------------------------------------------------------------
Total                  4.58e-03   2.13e-03   3.71e-07   6.72e-03 100.0%
                          68.2%      31.8%       0.0%
