
==========================================================================
floorplan final report_tns
--------------------------------------------------------------------------
tns -1541.47

==========================================================================
floorplan final report_wns
--------------------------------------------------------------------------
wns -13.01

==========================================================================
floorplan final report_worst_slack
--------------------------------------------------------------------------
worst slack -13.01

==========================================================================
floorplan final report_checks -path_delay min
--------------------------------------------------------------------------
Startpoint: is_v2i_exe (input port clocked by clk)
Endpoint: alu_result_exe[0] (output port clocked by clk)
Path Group: clk
Path Type: min

Fanout     Cap    Slew   Delay    Time   Description
-----------------------------------------------------------------------------
                  0.00    0.00    0.00   clock clk (rise edge)
                          0.00    0.00   clock network delay (ideal)
                         20.00   20.00 ^ input external delay
    10    0.12    0.00    0.00   20.00 ^ is_v2i_exe (in)
                                         is_v2i_exe (net)
                  0.00    0.00   20.00 ^ _171060_/A1 (gf180mcu_fd_sc_mcu9t5v0__oai31_2)
     1    0.00    0.04    0.03   20.03 v _171060_/ZN (gf180mcu_fd_sc_mcu9t5v0__oai31_2)
                                         alu_result_exe[0] (net)
                  0.04    0.00   20.03 v alu_result_exe[0] (out)
                                 20.03   data arrival time

                  0.00    0.00    0.00   clock clk (rise edge)
                          0.00    0.00   clock network delay (ideal)
                          0.00    0.00   clock reconvergence pessimism
                        -20.00  -20.00   output external delay
                                -20.00   data required time
-----------------------------------------------------------------------------
                                -20.00   data required time
                                -20.03   data arrival time
-----------------------------------------------------------------------------
                                 40.03   slack (MET)



==========================================================================
floorplan final report_checks -path_delay max
--------------------------------------------------------------------------
Startpoint: vtype_exe[4] (input port clocked by clk)
Endpoint: alu_result_exe[27] (output port clocked by clk)
Path Group: clk
Path Type: max

Fanout     Cap    Slew   Delay    Time   Description
-----------------------------------------------------------------------------
                  0.00    0.00    0.00   clock clk (rise edge)
                          0.00    0.00   clock network delay (ideal)
                         20.00   20.00 v input external delay
   233    2.89    0.00    0.00   20.00 v vtype_exe[4] (in)
                                         vtype_exe[4] (net)
                  0.00    0.00   20.00 v _171085_/A2 (gf180mcu_fd_sc_mcu9t5v0__nor2_4)
    23    0.27    0.92    0.54   20.54 ^ _171085_/ZN (gf180mcu_fd_sc_mcu9t5v0__nor2_4)
                                         _165229_ (net)
                  0.92    0.00   20.54 ^ _171086_/A2 (gf180mcu_fd_sc_mcu9t5v0__nand2_2)
   182    2.22    6.86    4.08   24.62 v _171086_/ZN (gf180mcu_fd_sc_mcu9t5v0__nand2_2)
                                         _165340_ (net)
                  6.86    0.00   24.62 v _171218_/A1 (gf180mcu_fd_sc_mcu9t5v0__nor3_2)
     4    0.04    1.44    2.01   26.63 ^ _171218_/ZN (gf180mcu_fd_sc_mcu9t5v0__nor3_2)
                                         _008991_ (net)
                  1.44    0.00   26.63 ^ _171219_/A2 (gf180mcu_fd_sc_mcu9t5v0__nor2_2)
    13    0.19    1.19    0.61   27.23 v _171219_/ZN (gf180mcu_fd_sc_mcu9t5v0__nor2_2)
                                         _009102_ (net)
                  1.19    0.00   27.23 v _171239_/A2 (gf180mcu_fd_sc_mcu9t5v0__nor2_2)
     1    0.01    0.33    0.29   27.53 ^ _171239_/ZN (gf180mcu_fd_sc_mcu9t5v0__nor2_2)
                                         _011322_ (net)
                  0.33    0.00   27.53 ^ _171244_/A3 (gf180mcu_fd_sc_mcu9t5v0__oai31_2)
     1    0.01    0.29    0.11   27.64 v _171244_/ZN (gf180mcu_fd_sc_mcu9t5v0__oai31_2)
                                         _011877_ (net)
                  0.29    0.00   27.64 v _171245_/C (gf180mcu_fd_sc_mcu9t5v0__oai221_2)
     2    0.03    0.79    0.27   27.91 ^ _171245_/ZN (gf180mcu_fd_sc_mcu9t5v0__oai221_2)
                                         _011988_ (net)
                  0.79    0.00   27.91 ^ _171257_/A2 (gf180mcu_fd_sc_mcu9t5v0__oai31_4)
    56    0.64    1.20    0.76   28.67 v _171257_/ZN (gf180mcu_fd_sc_mcu9t5v0__oai31_4)
                                         _013320_ (net)
                  1.20    0.00   28.67 v _171510_/A1 (gf180mcu_fd_sc_mcu9t5v0__oai31_2)
    20    0.24    2.29    1.59   30.26 ^ _171510_/ZN (gf180mcu_fd_sc_mcu9t5v0__oai31_2)
                                         _041403_ (net)
                  2.29    0.00   30.26 ^ _171529_/A1 (gf180mcu_fd_sc_mcu9t5v0__nand2_4)
    14    0.15    0.69    0.28   30.54 v _171529_/ZN (gf180mcu_fd_sc_mcu9t5v0__nand2_4)
                                         _043512_ (net)
                  0.69    0.00   30.54 v _172239_/A2 (gf180mcu_fd_sc_mcu9t5v0__or4_4)
     7    0.07    0.19    0.52   31.06 v _172239_/Z (gf180mcu_fd_sc_mcu9t5v0__or4_4)
                                         _083988_ (net)
                  0.19    0.00   31.06 v _173926_/A1 (gf180mcu_fd_sc_mcu9t5v0__oai31_2)
    25    0.31    2.95    1.67   32.73 ^ _173926_/ZN (gf180mcu_fd_sc_mcu9t5v0__oai31_2)
                                         _102545_ (net)
                  2.95    0.00   32.73 ^ _176108_/A1 (gf180mcu_fd_sc_mcu9t5v0__and4_4)
    11    0.12    0.31    0.47   33.19 ^ _176108_/Z (gf180mcu_fd_sc_mcu9t5v0__and4_4)
                                         _126547_ (net)
                  0.31    0.00   33.19 ^ _176430_/A3 (gf180mcu_fd_sc_mcu9t5v0__nand4_4)
     1    0.03    0.22    0.12   33.31 v _176430_/ZN (gf180mcu_fd_sc_mcu9t5v0__nand4_4)
                                         _130089_ (net)
                  0.22    0.00   33.31 v _176432_/A2 (gf180mcu_fd_sc_mcu9t5v0__oai21_4)
    10    0.12    0.78    0.32   33.63 ^ _176432_/ZN (gf180mcu_fd_sc_mcu9t5v0__oai21_4)
                                         _130111_ (net)
                  0.78    0.00   33.63 ^ _176475_/A3 (gf180mcu_fd_sc_mcu9t5v0__nand4_4)
    15    0.18    0.58    0.36   33.99 v _176475_/ZN (gf180mcu_fd_sc_mcu9t5v0__nand4_4)
                                         _130584_ (net)
                  0.58    0.00   33.99 v _178791_/A1 (gf180mcu_fd_sc_mcu9t5v0__oai31_4)
    83    1.01    4.66    2.68   36.67 ^ _178791_/ZN (gf180mcu_fd_sc_mcu9t5v0__oai31_4)
                                         _156062_ (net)
                  4.66    0.00   36.67 ^ _180223_/A1 (gf180mcu_fd_sc_mcu9t5v0__and3_4)
    13    0.18    0.43    0.47   37.14 ^ _180223_/Z (gf180mcu_fd_sc_mcu9t5v0__and3_4)
                                         _000955_ (net)
                  0.43    0.00   37.14 ^ _180289_/A2 (gf180mcu_fd_sc_mcu9t5v0__oai211_4)
     6    0.07    0.28    0.20   37.34 v _180289_/ZN (gf180mcu_fd_sc_mcu9t5v0__oai211_4)
                                         _001688_ (net)
                  0.28    0.00   37.34 v _180307_/A2 (gf180mcu_fd_sc_mcu9t5v0__oai31_2)
    44    0.49    4.51    2.55   39.89 ^ _180307_/ZN (gf180mcu_fd_sc_mcu9t5v0__oai31_2)
                                         _001888_ (net)
                  4.51    0.00   39.89 ^ _180374_/A1 (gf180mcu_fd_sc_mcu9t5v0__nand4_4)
    15    0.16    1.35    0.57   40.46 v _180374_/ZN (gf180mcu_fd_sc_mcu9t5v0__nand4_4)
                                         _002631_ (net)
                  1.35    0.00   40.46 v _180379_/A1 (gf180mcu_fd_sc_mcu9t5v0__oai21_4)
    22    0.22    0.86    0.83   41.29 ^ _180379_/ZN (gf180mcu_fd_sc_mcu9t5v0__oai21_4)
                                         _002687_ (net)
                  0.86    0.00   41.29 ^ _180415_/A2 (gf180mcu_fd_sc_mcu9t5v0__and4_4)
    22    0.25    0.50    0.53   41.82 ^ _180415_/Z (gf180mcu_fd_sc_mcu9t5v0__and4_4)
                                         _003086_ (net)
                  0.50    0.00   41.82 ^ _180437_/A1 (gf180mcu_fd_sc_mcu9t5v0__aoi21_4)
    54    0.68    1.09    0.73   42.54 v _180437_/ZN (gf180mcu_fd_sc_mcu9t5v0__aoi21_4)
                                         _003331_ (net)
                  1.09    0.00   42.54 v _180706_/A3 (gf180mcu_fd_sc_mcu9t5v0__or4_2)
    45    0.58    1.28    1.38   43.93 v _180706_/Z (gf180mcu_fd_sc_mcu9t5v0__or4_2)
                                         _006316_ (net)
                  1.28    0.00   43.93 v _209601_/A2 (gf180mcu_fd_sc_mcu9t5v0__oai21_4)
    57    0.67    2.20    1.45   45.38 ^ _209601_/ZN (gf180mcu_fd_sc_mcu9t5v0__oai21_4)
                                         _104277_ (net)
                  2.20    0.00   45.38 ^ _209648_/A1 (gf180mcu_fd_sc_mcu9t5v0__aoi21_4)
    64    0.77    1.53    1.05   46.43 v _209648_/ZN (gf180mcu_fd_sc_mcu9t5v0__aoi21_4)
                                         _104329_ (net)
                  1.53    0.00   46.43 v _210526_/A1 (gf180mcu_fd_sc_mcu9t5v0__oai21_4)
   105    1.35    4.31    2.77   49.21 ^ _210526_/ZN (gf180mcu_fd_sc_mcu9t5v0__oai21_4)
                                         _105294_ (net)
                  4.31    0.00   49.21 ^ _218914_/A1 (gf180mcu_fd_sc_mcu9t5v0__aoi21_4)
    65    0.73    2.07    1.17   50.38 v _218914_/ZN (gf180mcu_fd_sc_mcu9t5v0__aoi21_4)
                                         _114521_ (net)
                  2.07    0.00   50.38 v _219123_/A1 (gf180mcu_fd_sc_mcu9t5v0__oai31_2)
    74    0.86    7.80    4.68   55.06 ^ _219123_/ZN (gf180mcu_fd_sc_mcu9t5v0__oai31_2)
                                         _114751_ (net)
                  7.80    0.00   55.06 ^ _219137_/A1 (gf180mcu_fd_sc_mcu9t5v0__nor2_2)
   155    1.69    6.79    6.99   62.05 v _219137_/ZN (gf180mcu_fd_sc_mcu9t5v0__nor2_2)
                                         _114767_ (net)
                  6.79    0.00   62.05 v _219449_/A2 (gf180mcu_fd_sc_mcu9t5v0__nand2_2)
    21    0.28    2.38    2.72   64.77 ^ _219449_/ZN (gf180mcu_fd_sc_mcu9t5v0__nand2_2)
                                         _115110_ (net)
                  2.38    0.00   64.77 ^ _224289_/A2 (gf180mcu_fd_sc_mcu9t5v0__oai22_2)
    10    0.10    0.92    0.41   65.19 v _224289_/ZN (gf180mcu_fd_sc_mcu9t5v0__oai22_2)
                                         _120434_ (net)
                  0.92    0.00   65.19 v _224397_/A2 (gf180mcu_fd_sc_mcu9t5v0__and3_2)
     1    0.01    0.09    0.38   65.57 v _224397_/Z (gf180mcu_fd_sc_mcu9t5v0__and3_2)
                                         _120553_ (net)
                  0.09    0.00   65.57 v _224398_/I1 (gf180mcu_fd_sc_mcu9t5v0__mux2_2)
     1    0.01    0.09    0.22   65.79 v _224398_/Z (gf180mcu_fd_sc_mcu9t5v0__mux2_2)
                                         _120554_ (net)
                  0.09    0.00   65.79 v _224399_/C (gf180mcu_fd_sc_mcu9t5v0__aoi211_2)
     2    0.02    0.37    0.26   66.05 ^ _224399_/ZN (gf180mcu_fd_sc_mcu9t5v0__aoi211_2)
                                         _120555_ (net)
                  0.37    0.00   66.05 ^ _224401_/A3 (gf180mcu_fd_sc_mcu9t5v0__oai31_2)
     3    0.03    0.44    0.16   66.21 v _224401_/ZN (gf180mcu_fd_sc_mcu9t5v0__oai31_2)
                                         _120557_ (net)
                  0.44    0.00   66.21 v _224655_/A2 (gf180mcu_fd_sc_mcu9t5v0__oai32_2)
     2    0.03    0.59    0.42   66.64 ^ _224655_/ZN (gf180mcu_fd_sc_mcu9t5v0__oai32_2)
                                         _120836_ (net)
                  0.59    0.00   66.64 ^ _224657_/A2 (gf180mcu_fd_sc_mcu9t5v0__aoi21_2)
     9    0.10    0.39    0.25   66.89 v _224657_/ZN (gf180mcu_fd_sc_mcu9t5v0__aoi21_2)
                                         _120839_ (net)
                  0.39    0.00   66.89 v _224730_/A2 (gf180mcu_fd_sc_mcu9t5v0__or4_2)
     2    0.02    0.15    0.40   67.29 v _224730_/Z (gf180mcu_fd_sc_mcu9t5v0__or4_2)
                                         _120919_ (net)
                  0.15    0.00   67.29 v _224744_/A1 (gf180mcu_fd_sc_mcu9t5v0__and3_2)
     1    0.01    0.08    0.18   67.47 v _224744_/Z (gf180mcu_fd_sc_mcu9t5v0__and3_2)
                                         _120934_ (net)
                  0.08    0.00   67.47 v _224745_/A2 (gf180mcu_fd_sc_mcu9t5v0__xor2_2)
     2    0.02    0.10    0.22   67.69 v _224745_/Z (gf180mcu_fd_sc_mcu9t5v0__xor2_2)
                                         _120935_ (net)
                  0.10    0.00   67.69 v _224756_/A2 (gf180mcu_fd_sc_mcu9t5v0__xnor3_2)
     3    0.03    0.16    0.69   68.38 ^ _224756_/ZN (gf180mcu_fd_sc_mcu9t5v0__xnor3_2)
                                         _120947_ (net)
                  0.16    0.00   68.38 ^ _224788_/A1 (gf180mcu_fd_sc_mcu9t5v0__aoi21_2)
     2    0.02    0.15    0.09   68.47 v _224788_/ZN (gf180mcu_fd_sc_mcu9t5v0__aoi21_2)
                                         _120983_ (net)
                  0.15    0.00   68.47 v _224789_/B (gf180mcu_fd_sc_mcu9t5v0__oai21_2)
     3    0.03    0.29    0.19   68.66 ^ _224789_/ZN (gf180mcu_fd_sc_mcu9t5v0__oai21_2)
                                         _120984_ (net)
                  0.29    0.00   68.66 ^ _224801_/A1 (gf180mcu_fd_sc_mcu9t5v0__aoi21_2)
     3    0.04    0.20    0.14   68.80 v _224801_/ZN (gf180mcu_fd_sc_mcu9t5v0__aoi21_2)
                                         _120997_ (net)
                  0.20    0.00   68.80 v _224842_/A3 (gf180mcu_fd_sc_mcu9t5v0__oai31_2)
     4    0.04    0.49    0.34   69.14 ^ _224842_/ZN (gf180mcu_fd_sc_mcu9t5v0__oai31_2)
                                         _121042_ (net)
                  0.49    0.00   69.14 ^ _224849_/A1 (gf180mcu_fd_sc_mcu9t5v0__and2_2)
     7    0.08    0.32    0.33   69.47 ^ _224849_/Z (gf180mcu_fd_sc_mcu9t5v0__and2_2)
                                         _121050_ (net)
                  0.32    0.00   69.47 ^ _224860_/A1 (gf180mcu_fd_sc_mcu9t5v0__and4_2)
     8    0.08    0.33    0.40   69.87 ^ _224860_/Z (gf180mcu_fd_sc_mcu9t5v0__and4_2)
                                         _121062_ (net)
                  0.33    0.00   69.87 ^ _224861_/A2 (gf180mcu_fd_sc_mcu9t5v0__and2_2)
     7    0.08    0.31    0.30   70.17 ^ _224861_/Z (gf180mcu_fd_sc_mcu9t5v0__and2_2)
                                         _121063_ (net)
                  0.31    0.00   70.17 ^ _224962_/A1 (gf180mcu_fd_sc_mcu9t5v0__and3_2)
     5    0.05    0.22    0.30   70.47 ^ _224962_/Z (gf180mcu_fd_sc_mcu9t5v0__and3_2)
                                         _121174_ (net)
                  0.22    0.00   70.47 ^ _225002_/A1 (gf180mcu_fd_sc_mcu9t5v0__xnor3_2)
     5    0.05    0.23    0.59   71.06 ^ _225002_/ZN (gf180mcu_fd_sc_mcu9t5v0__xnor3_2)
                                         _121218_ (net)
                  0.23    0.00   71.06 ^ _225003_/I (gf180mcu_fd_sc_mcu9t5v0__clkinv_2)
     4    0.05    0.21    0.18   71.23 v _225003_/ZN (gf180mcu_fd_sc_mcu9t5v0__clkinv_2)
                                         _121219_ (net)
                  0.21    0.00   71.23 v _225004_/A2 (gf180mcu_fd_sc_mcu9t5v0__nand2_2)
     3    0.03    0.20    0.17   71.40 ^ _225004_/ZN (gf180mcu_fd_sc_mcu9t5v0__nand2_2)
                                         _121220_ (net)
                  0.20    0.00   71.40 ^ _225189_/A1 (gf180mcu_fd_sc_mcu9t5v0__and2_2)
     4    0.04    0.18    0.23   71.63 ^ _225189_/Z (gf180mcu_fd_sc_mcu9t5v0__and2_2)
                                         _121424_ (net)
                  0.18    0.00   71.63 ^ _225483_/A1 (gf180mcu_fd_sc_mcu9t5v0__xnor3_2)
     1    0.01    0.10    0.60   72.23 v _225483_/ZN (gf180mcu_fd_sc_mcu9t5v0__xnor3_2)
                                         _121747_ (net)
                  0.10    0.00   72.23 v _225484_/A2 (gf180mcu_fd_sc_mcu9t5v0__nand2_2)
     3    0.04    0.20    0.15   72.38 ^ _225484_/ZN (gf180mcu_fd_sc_mcu9t5v0__nand2_2)
                                         _121748_ (net)
                  0.20    0.00   72.38 ^ _228062_/I (gf180mcu_fd_sc_mcu9t5v0__clkinv_2)
     1    0.01    0.09    0.07   72.45 v _228062_/ZN (gf180mcu_fd_sc_mcu9t5v0__clkinv_2)
                                         _124584_ (net)
                  0.09    0.00   72.45 v _228063_/C (gf180mcu_fd_sc_mcu9t5v0__aoi211_2)
     1    0.03    0.42    0.29   72.74 ^ _228063_/ZN (gf180mcu_fd_sc_mcu9t5v0__aoi211_2)
                                         _124585_ (net)
                  0.42    0.00   72.74 ^ _228064_/B1 (gf180mcu_fd_sc_mcu9t5v0__oai22_4)
     4    0.04    0.22    0.13   72.87 v _228064_/ZN (gf180mcu_fd_sc_mcu9t5v0__oai22_4)
                                         _124586_ (net)
                  0.22    0.00   72.87 v _272516_/B2 (gf180mcu_fd_sc_mcu9t5v0__aoi221_2)
     1    0.01    0.36    0.29   73.15 ^ _272516_/ZN (gf180mcu_fd_sc_mcu9t5v0__aoi221_2)
                                         _002641_ (net)
                  0.36    0.00   73.15 ^ _272517_/A2 (gf180mcu_fd_sc_mcu9t5v0__nor2_2)
     2    0.03    0.21    0.15   73.31 v _272517_/ZN (gf180mcu_fd_sc_mcu9t5v0__nor2_2)
                                         _002643_ (net)
                  0.21    0.00   73.31 v _272589_/A1 (gf180mcu_fd_sc_mcu9t5v0__xor3_2)
     6    0.07    0.29    0.74   74.04 ^ _272589_/Z (gf180mcu_fd_sc_mcu9t5v0__xor3_2)
                                         _002723_ (net)
                  0.29    0.00   74.04 ^ _273477_/A2 (gf180mcu_fd_sc_mcu9t5v0__xnor2_4)
     3    0.03    0.12    0.39   74.43 v _273477_/ZN (gf180mcu_fd_sc_mcu9t5v0__xnor2_4)
                                         _003709_ (net)
                  0.12    0.00   74.43 v _273478_/A2 (gf180mcu_fd_sc_mcu9t5v0__xnor2_4)
     2    0.02    0.08    0.46   74.89 ^ _273478_/ZN (gf180mcu_fd_sc_mcu9t5v0__xnor2_4)
                                         _003710_ (net)
                  0.08    0.00   74.89 ^ _273501_/A2 (gf180mcu_fd_sc_mcu9t5v0__xnor3_2)
     3    0.03    0.14    0.59   75.48 v _273501_/ZN (gf180mcu_fd_sc_mcu9t5v0__xnor3_2)
                                         _003735_ (net)
                  0.14    0.00   75.48 v _273503_/A1 (gf180mcu_fd_sc_mcu9t5v0__or2_4)
     2    0.03    0.08    0.20   75.68 v _273503_/Z (gf180mcu_fd_sc_mcu9t5v0__or2_4)
                                         _003737_ (net)
                  0.08    0.00   75.68 v _273559_/A3 (gf180mcu_fd_sc_mcu9t5v0__oai32_2)
     4    0.06    0.85    0.50   76.19 ^ _273559_/ZN (gf180mcu_fd_sc_mcu9t5v0__oai32_2)
                                         _003800_ (net)
                  0.85    0.00   76.19 ^ _276648_/A1 (gf180mcu_fd_sc_mcu9t5v0__oai221_4)
     2    0.04    0.33    0.18   76.37 v _276648_/ZN (gf180mcu_fd_sc_mcu9t5v0__oai221_4)
                                         _007229_ (net)
                  0.33    0.00   76.37 v _278221_/A2 (gf180mcu_fd_sc_mcu9t5v0__aoi21_4)
     5    0.07    0.34    0.28   76.66 ^ _278221_/ZN (gf180mcu_fd_sc_mcu9t5v0__aoi21_4)
                                         _008974_ (net)
                  0.34    0.00   76.66 ^ _299704_/A2 (gf180mcu_fd_sc_mcu9t5v0__oai221_4)
     2    0.03    0.22    0.16   76.82 v _299704_/ZN (gf180mcu_fd_sc_mcu9t5v0__oai221_4)
                                         _032820_ (net)
                  0.22    0.00   76.82 v _299713_/A2 (gf180mcu_fd_sc_mcu9t5v0__nand2_2)
     1    0.01    0.11    0.12   76.94 ^ _299713_/ZN (gf180mcu_fd_sc_mcu9t5v0__nand2_2)
                                         _032830_ (net)
                  0.11    0.00   76.94 ^ _299714_/A2 (gf180mcu_fd_sc_mcu9t5v0__xnor3_2)
     5    0.05    0.16    0.62   77.56 v _299714_/ZN (gf180mcu_fd_sc_mcu9t5v0__xnor3_2)
                                         _032831_ (net)
                  0.16    0.00   77.56 v _299715_/A3 (gf180mcu_fd_sc_mcu9t5v0__or3_4)
     2    0.02    0.09    0.26   77.82 v _299715_/Z (gf180mcu_fd_sc_mcu9t5v0__or3_4)
                                         _032832_ (net)
                  0.09    0.00   77.82 v _299716_/A4 (gf180mcu_fd_sc_mcu9t5v0__or4_2)
     8    0.09    0.29    0.51   78.33 v _299716_/Z (gf180mcu_fd_sc_mcu9t5v0__or4_2)
                                         _032833_ (net)
                  0.29    0.00   78.33 v _299717_/A3 (gf180mcu_fd_sc_mcu9t5v0__or3_4)
     4    0.05    0.13    0.33   78.66 v _299717_/Z (gf180mcu_fd_sc_mcu9t5v0__or3_4)
                                         _032835_ (net)
                  0.13    0.00   78.66 v _299752_/S (gf180mcu_fd_sc_mcu9t5v0__mux2_2)
     1    0.01    0.09    0.20   78.86 v _299752_/Z (gf180mcu_fd_sc_mcu9t5v0__mux2_2)
                                         _032874_ (net)
                  0.09    0.00   78.86 v _299753_/B (gf180mcu_fd_sc_mcu9t5v0__aoi21_2)
     1    0.01    0.18    0.14   79.00 ^ _299753_/ZN (gf180mcu_fd_sc_mcu9t5v0__aoi21_2)
                                         _032875_ (net)
                  0.18    0.00   79.00 ^ _299754_/A2 (gf180mcu_fd_sc_mcu9t5v0__xor2_2)
     6    0.08    0.22    0.38   79.38 v _299754_/Z (gf180mcu_fd_sc_mcu9t5v0__xor2_2)
                                         _032876_ (net)
                  0.22    0.00   79.38 v _299868_/A2 (gf180mcu_fd_sc_mcu9t5v0__xor2_2)
     1    0.01    0.09    0.31   79.68 ^ _299868_/Z (gf180mcu_fd_sc_mcu9t5v0__xor2_2)
                                         _033003_ (net)
                  0.09    0.00   79.68 ^ _299869_/C (gf180mcu_fd_sc_mcu9t5v0__oai221_2)
     3    0.05    0.36    0.24   79.93 v _299869_/ZN (gf180mcu_fd_sc_mcu9t5v0__oai221_2)
                                         _033004_ (net)
                  0.36    0.00   79.93 v _299870_/A3 (gf180mcu_fd_sc_mcu9t5v0__nor3_4)
     2    0.02    0.23    0.20   80.13 ^ _299870_/ZN (gf180mcu_fd_sc_mcu9t5v0__nor3_4)
                                         _033005_ (net)
                  0.23    0.00   80.13 ^ _299871_/C (gf180mcu_fd_sc_mcu9t5v0__aoi211_2)
     3    0.03    0.24    0.19   80.32 v _299871_/ZN (gf180mcu_fd_sc_mcu9t5v0__aoi211_2)
                                         _033006_ (net)
                  0.24    0.00   80.32 v _305896_/A2 (gf180mcu_fd_sc_mcu9t5v0__or4_2)
     1    0.01    0.12    0.34   80.66 v _305896_/Z (gf180mcu_fd_sc_mcu9t5v0__or4_2)
                                         _039693_ (net)
                  0.12    0.00   80.66 v _305897_/B (gf180mcu_fd_sc_mcu9t5v0__oai21_2)
     2    0.02    0.22    0.15   80.81 ^ _305897_/ZN (gf180mcu_fd_sc_mcu9t5v0__oai21_2)
                                         _039695_ (net)
                  0.22    0.00   80.81 ^ _305898_/A2 (gf180mcu_fd_sc_mcu9t5v0__xnor2_2)
     2    0.02    0.12    0.30   81.11 v _305898_/ZN (gf180mcu_fd_sc_mcu9t5v0__xnor2_2)
                                         _039696_ (net)
                  0.12    0.00   81.11 v _305899_/A3 (gf180mcu_fd_sc_mcu9t5v0__nor3_2)
     5    0.06    0.65    0.41   81.52 ^ _305899_/ZN (gf180mcu_fd_sc_mcu9t5v0__nor3_2)
                                         _039697_ (net)
                  0.65    0.00   81.52 ^ _305903_/A2 (gf180mcu_fd_sc_mcu9t5v0__nor2_2)
     3    0.04    0.30    0.19   81.70 v _305903_/ZN (gf180mcu_fd_sc_mcu9t5v0__nor2_2)
                                         _039701_ (net)
                  0.30    0.00   81.70 v _305907_/A3 (gf180mcu_fd_sc_mcu9t5v0__nor3_2)
     1    0.01    0.23    0.19   81.89 ^ _305907_/ZN (gf180mcu_fd_sc_mcu9t5v0__nor3_2)
                                         _039706_ (net)
                  0.23    0.00   81.89 ^ _305908_/B (gf180mcu_fd_sc_mcu9t5v0__aoi21_2)
     1    0.03    0.19    0.15   82.04 v _305908_/ZN (gf180mcu_fd_sc_mcu9t5v0__aoi21_2)
                                         _039707_ (net)
                  0.19    0.00   82.04 v _305910_/A2 (gf180mcu_fd_sc_mcu9t5v0__oai21_4)
     8    0.10    0.39    0.27   82.31 ^ _305910_/ZN (gf180mcu_fd_sc_mcu9t5v0__oai21_4)
                                         _039709_ (net)
                  0.39    0.00   82.31 ^ _306162_/A1 (gf180mcu_fd_sc_mcu9t5v0__nor4_4)
     5    0.05    0.25    0.16   82.47 v _306162_/ZN (gf180mcu_fd_sc_mcu9t5v0__nor4_4)
                                         _039989_ (net)
                  0.25    0.00   82.47 v _311845_/A3 (gf180mcu_fd_sc_mcu9t5v0__or4_4)
     1    0.01    0.11    0.34   82.81 v _311845_/Z (gf180mcu_fd_sc_mcu9t5v0__or4_4)
                                         _046297_ (net)
                  0.11    0.00   82.81 v _311891_/A1 (gf180mcu_fd_sc_mcu9t5v0__aoi221_2)
     4    0.08    0.96    0.51   83.32 ^ _311891_/ZN (gf180mcu_fd_sc_mcu9t5v0__aoi221_2)
                                         _046348_ (net)
                  0.96    0.00   83.32 ^ _311909_/A1 (gf180mcu_fd_sc_mcu9t5v0__oai21_4)
     6    0.08    0.35    0.15   83.47 v _311909_/ZN (gf180mcu_fd_sc_mcu9t5v0__oai21_4)
                                         _046368_ (net)
                  0.35    0.00   83.47 v _312450_/A2 (gf180mcu_fd_sc_mcu9t5v0__aoi21_4)
     2    0.03    0.22    0.22   83.70 ^ _312450_/ZN (gf180mcu_fd_sc_mcu9t5v0__aoi21_4)
                                         _046969_ (net)
                  0.22    0.00   83.70 ^ _312452_/A2 (gf180mcu_fd_sc_mcu9t5v0__oai21_2)
     1    0.01    0.11    0.08   83.77 v _312452_/ZN (gf180mcu_fd_sc_mcu9t5v0__oai21_2)
                                         _046971_ (net)
                  0.11    0.00   83.77 v _312596_/A1 (gf180mcu_fd_sc_mcu9t5v0__xnor3_2)
     3    0.04    0.19    0.72   84.50 ^ _312596_/ZN (gf180mcu_fd_sc_mcu9t5v0__xnor3_2)
                                         _047130_ (net)
                  0.19    0.00   84.50 ^ _326471_/A2 (gf180mcu_fd_sc_mcu9t5v0__nand4_4)
     7    0.11    0.34    0.22   84.72 v _326471_/ZN (gf180mcu_fd_sc_mcu9t5v0__nand4_4)
                                         _062532_ (net)
                  0.34    0.00   84.72 v _326813_/A1 (gf180mcu_fd_sc_mcu9t5v0__nor2_4)
     1    0.01    0.14    0.15   84.87 ^ _326813_/ZN (gf180mcu_fd_sc_mcu9t5v0__nor2_4)
                                         _062911_ (net)
                  0.14    0.00   84.87 ^ _326814_/S (gf180mcu_fd_sc_mcu9t5v0__mux2_2)
     1    0.01    0.08    0.23   85.10 v _326814_/Z (gf180mcu_fd_sc_mcu9t5v0__mux2_2)
                                         _062912_ (net)
                  0.08    0.00   85.10 v _326815_/A2 (gf180mcu_fd_sc_mcu9t5v0__and2_2)
     1    0.01    0.06    0.15   85.25 v _326815_/Z (gf180mcu_fd_sc_mcu9t5v0__and2_2)
                                         _062913_ (net)
                  0.06    0.00   85.25 v _326816_/A2 (gf180mcu_fd_sc_mcu9t5v0__xnor2_2)
     4    0.04    0.19    0.38   85.63 ^ _326816_/ZN (gf180mcu_fd_sc_mcu9t5v0__xnor2_2)
                                         _062914_ (net)
                  0.19    0.00   85.63 ^ _326817_/A2 (gf180mcu_fd_sc_mcu9t5v0__or2_4)
     3    0.04    0.09    0.16   85.78 ^ _326817_/Z (gf180mcu_fd_sc_mcu9t5v0__or2_4)
                                         _062916_ (net)
                  0.09    0.00   85.78 ^ _326844_/B (gf180mcu_fd_sc_mcu9t5v0__aoi21_2)
     1    0.01    0.12    0.10   85.88 v _326844_/ZN (gf180mcu_fd_sc_mcu9t5v0__aoi21_2)
                                         _062946_ (net)
                  0.12    0.00   85.88 v _326846_/B1 (gf180mcu_fd_sc_mcu9t5v0__oai33_2)
     6    0.08    1.20    0.65   86.53 ^ _326846_/ZN (gf180mcu_fd_sc_mcu9t5v0__oai33_2)
                                         _062948_ (net)
                  1.20    0.00   86.53 ^ _326851_/A2 (gf180mcu_fd_sc_mcu9t5v0__nand3_4)
     4    0.06    0.37    0.14   86.67 v _326851_/ZN (gf180mcu_fd_sc_mcu9t5v0__nand3_4)
                                         _062954_ (net)
                  0.37    0.00   86.67 v _327241_/A1 (gf180mcu_fd_sc_mcu9t5v0__and4_2)
     2    0.04    0.14    0.30   86.97 v _327241_/Z (gf180mcu_fd_sc_mcu9t5v0__and4_2)
                                         _063387_ (net)
                  0.14    0.00   86.97 v _327335_/A3 (gf180mcu_fd_sc_mcu9t5v0__xor3_2)
     1    0.01    0.09    0.32   87.29 ^ _327335_/Z (gf180mcu_fd_sc_mcu9t5v0__xor3_2)
                                         _063490_ (net)
                  0.09    0.00   87.29 ^ _327340_/B1 (gf180mcu_fd_sc_mcu9t5v0__oai221_2)
     1    0.01    2.00    0.13   87.42 v _327340_/ZN (gf180mcu_fd_sc_mcu9t5v0__oai221_2)
                                         _063497_ (net)
                  2.00    0.00   87.42 v _327341_/A2 (gf180mcu_fd_sc_mcu9t5v0__xnor2_2)
     2    0.03    0.18    0.96   88.38 ^ _327341_/ZN (gf180mcu_fd_sc_mcu9t5v0__xnor2_2)
                                         _063498_ (net)
                  0.18    0.00   88.38 ^ _327362_/A3 (gf180mcu_fd_sc_mcu9t5v0__nand4_4)
     2    0.02    0.24    0.11   88.49 v _327362_/ZN (gf180mcu_fd_sc_mcu9t5v0__nand4_4)
                                         _063521_ (net)
                  0.24    0.00   88.49 v _327363_/A2 (gf180mcu_fd_sc_mcu9t5v0__or2_4)
     2    0.02    0.08    0.22   88.71 v _327363_/Z (gf180mcu_fd_sc_mcu9t5v0__or2_4)
                                         _063522_ (net)
                  0.08    0.00   88.71 v _327371_/A2 (gf180mcu_fd_sc_mcu9t5v0__or3_4)
     2    0.03    0.15    0.25   88.96 v _327371_/Z (gf180mcu_fd_sc_mcu9t5v0__or3_4)
                                         _063531_ (net)
                  0.15    0.00   88.96 v _327394_/B1 (gf180mcu_fd_sc_mcu9t5v0__aoi221_2)
     2    0.02    0.42    0.28   89.25 ^ _327394_/ZN (gf180mcu_fd_sc_mcu9t5v0__aoi221_2)
                                         _063556_ (net)
                  0.42    0.00   89.25 ^ _327469_/A2 (gf180mcu_fd_sc_mcu9t5v0__and4_4)
     2    0.04    0.12    0.27   89.51 ^ _327469_/Z (gf180mcu_fd_sc_mcu9t5v0__and4_4)
                                         _063640_ (net)
                  0.12    0.00   89.51 ^ _327477_/A1 (gf180mcu_fd_sc_mcu9t5v0__aoi21_4)
     5    0.07    0.19    0.11   89.62 v _327477_/ZN (gf180mcu_fd_sc_mcu9t5v0__aoi21_4)
                                         _063649_ (net)
                  0.19    0.00   89.62 v _334419_/A1 (gf180mcu_fd_sc_mcu9t5v0__oai31_4)
     3    0.04    0.32    0.22   89.85 ^ _334419_/ZN (gf180mcu_fd_sc_mcu9t5v0__oai31_4)
                                         _071341_ (net)
                  0.32    0.00   89.85 ^ _336190_/A2 (gf180mcu_fd_sc_mcu9t5v0__nand4_4)
     4    0.04    0.21    0.14   89.99 v _336190_/ZN (gf180mcu_fd_sc_mcu9t5v0__nand4_4)
                                         _073303_ (net)
                  0.21    0.00   89.99 v _337788_/A2 (gf180mcu_fd_sc_mcu9t5v0__or4_4)
     8    0.09    0.20    0.40   90.39 v _337788_/Z (gf180mcu_fd_sc_mcu9t5v0__or4_4)
                                         _075071_ (net)
                  0.20    0.00   90.39 v _338255_/A1 (gf180mcu_fd_sc_mcu9t5v0__or3_4)
     2    0.02    0.10    0.26   90.66 v _338255_/Z (gf180mcu_fd_sc_mcu9t5v0__or3_4)
                                         _075588_ (net)
                  0.10    0.00   90.66 v _338438_/A1 (gf180mcu_fd_sc_mcu9t5v0__xnor2_2)
     3    0.04    0.18    0.39   91.05 ^ _338438_/ZN (gf180mcu_fd_sc_mcu9t5v0__xnor2_2)
                                         _075791_ (net)
                  0.18    0.00   91.05 ^ _340986_/A2 (gf180mcu_fd_sc_mcu9t5v0__nand2_2)
     1    0.01    1.03    0.06   91.11 v _340986_/ZN (gf180mcu_fd_sc_mcu9t5v0__nand2_2)
                                         _078601_ (net)
                  1.03    0.00   91.11 v _340992_/B (gf180mcu_fd_sc_mcu9t5v0__oai211_2)
     1    0.01    0.69    0.38   91.49 ^ _340992_/ZN (gf180mcu_fd_sc_mcu9t5v0__oai211_2)
                                         _078608_ (net)
                  0.69    0.00   91.49 ^ _341046_/A1 (gf180mcu_fd_sc_mcu9t5v0__oai22_2)
     1    0.02    1.75    0.14   91.63 v _341046_/ZN (gf180mcu_fd_sc_mcu9t5v0__oai22_2)
                                         _078668_ (net)
                  1.75    0.00   91.63 v _341074_/A1 (gf180mcu_fd_sc_mcu9t5v0__nand4_4)
     5    0.07    0.79    0.51   92.14 ^ _341074_/ZN (gf180mcu_fd_sc_mcu9t5v0__nand4_4)
                                         _078699_ (net)
                  0.79    0.00   92.14 ^ _341663_/B1 (gf180mcu_fd_sc_mcu9t5v0__aoi22_2)
     1    0.01    2.67    0.15   92.29 v _341663_/ZN (gf180mcu_fd_sc_mcu9t5v0__aoi22_2)
                                         _079333_ (net)
                  2.67    0.00   92.29 v _341664_/C (gf180mcu_fd_sc_mcu9t5v0__oai211_2)
     1    0.00    0.73    0.72   93.01 ^ _341664_/ZN (gf180mcu_fd_sc_mcu9t5v0__oai211_2)
                                         alu_result_exe[27] (net)
                  0.73    0.00   93.01 ^ alu_result_exe[27] (out)
                                 93.01   data arrival time

                  0.00  100.00  100.00   clock clk (rise edge)
                          0.00  100.00   clock network delay (ideal)
                          0.00  100.00   clock reconvergence pessimism
                        -20.00   80.00   output external delay
                                 80.00   data required time
-----------------------------------------------------------------------------
                                 80.00   data required time
                                -93.01   data arrival time
-----------------------------------------------------------------------------
                                -13.01   slack (VIOLATED)



==========================================================================
floorplan final report_checks -unconstrained
--------------------------------------------------------------------------
Startpoint: vtype_exe[4] (input port clocked by clk)
Endpoint: alu_result_exe[27] (output port clocked by clk)
Path Group: clk
Path Type: max

Fanout     Cap    Slew   Delay    Time   Description
-----------------------------------------------------------------------------
                  0.00    0.00    0.00   clock clk (rise edge)
                          0.00    0.00   clock network delay (ideal)
                         20.00   20.00 v input external delay
   233    2.89    0.00    0.00   20.00 v vtype_exe[4] (in)
                                         vtype_exe[4] (net)
                  0.00    0.00   20.00 v _171085_/A2 (gf180mcu_fd_sc_mcu9t5v0__nor2_4)
    23    0.27    0.92    0.54   20.54 ^ _171085_/ZN (gf180mcu_fd_sc_mcu9t5v0__nor2_4)
                                         _165229_ (net)
                  0.92    0.00   20.54 ^ _171086_/A2 (gf180mcu_fd_sc_mcu9t5v0__nand2_2)
   182    2.22    6.86    4.08   24.62 v _171086_/ZN (gf180mcu_fd_sc_mcu9t5v0__nand2_2)
                                         _165340_ (net)
                  6.86    0.00   24.62 v _171218_/A1 (gf180mcu_fd_sc_mcu9t5v0__nor3_2)
     4    0.04    1.44    2.01   26.63 ^ _171218_/ZN (gf180mcu_fd_sc_mcu9t5v0__nor3_2)
                                         _008991_ (net)
                  1.44    0.00   26.63 ^ _171219_/A2 (gf180mcu_fd_sc_mcu9t5v0__nor2_2)
    13    0.19    1.19    0.61   27.23 v _171219_/ZN (gf180mcu_fd_sc_mcu9t5v0__nor2_2)
                                         _009102_ (net)
                  1.19    0.00   27.23 v _171239_/A2 (gf180mcu_fd_sc_mcu9t5v0__nor2_2)
     1    0.01    0.33    0.29   27.53 ^ _171239_/ZN (gf180mcu_fd_sc_mcu9t5v0__nor2_2)
                                         _011322_ (net)
                  0.33    0.00   27.53 ^ _171244_/A3 (gf180mcu_fd_sc_mcu9t5v0__oai31_2)
     1    0.01    0.29    0.11   27.64 v _171244_/ZN (gf180mcu_fd_sc_mcu9t5v0__oai31_2)
                                         _011877_ (net)
                  0.29    0.00   27.64 v _171245_/C (gf180mcu_fd_sc_mcu9t5v0__oai221_2)
     2    0.03    0.79    0.27   27.91 ^ _171245_/ZN (gf180mcu_fd_sc_mcu9t5v0__oai221_2)
                                         _011988_ (net)
                  0.79    0.00   27.91 ^ _171257_/A2 (gf180mcu_fd_sc_mcu9t5v0__oai31_4)
    56    0.64    1.20    0.76   28.67 v _171257_/ZN (gf180mcu_fd_sc_mcu9t5v0__oai31_4)
                                         _013320_ (net)
                  1.20    0.00   28.67 v _171510_/A1 (gf180mcu_fd_sc_mcu9t5v0__oai31_2)
    20    0.24    2.29    1.59   30.26 ^ _171510_/ZN (gf180mcu_fd_sc_mcu9t5v0__oai31_2)
                                         _041403_ (net)
                  2.29    0.00   30.26 ^ _171529_/A1 (gf180mcu_fd_sc_mcu9t5v0__nand2_4)
    14    0.15    0.69    0.28   30.54 v _171529_/ZN (gf180mcu_fd_sc_mcu9t5v0__nand2_4)
                                         _043512_ (net)
                  0.69    0.00   30.54 v _172239_/A2 (gf180mcu_fd_sc_mcu9t5v0__or4_4)
     7    0.07    0.19    0.52   31.06 v _172239_/Z (gf180mcu_fd_sc_mcu9t5v0__or4_4)
                                         _083988_ (net)
                  0.19    0.00   31.06 v _173926_/A1 (gf180mcu_fd_sc_mcu9t5v0__oai31_2)
    25    0.31    2.95    1.67   32.73 ^ _173926_/ZN (gf180mcu_fd_sc_mcu9t5v0__oai31_2)
                                         _102545_ (net)
                  2.95    0.00   32.73 ^ _176108_/A1 (gf180mcu_fd_sc_mcu9t5v0__and4_4)
    11    0.12    0.31    0.47   33.19 ^ _176108_/Z (gf180mcu_fd_sc_mcu9t5v0__and4_4)
                                         _126547_ (net)
                  0.31    0.00   33.19 ^ _176430_/A3 (gf180mcu_fd_sc_mcu9t5v0__nand4_4)
     1    0.03    0.22    0.12   33.31 v _176430_/ZN (gf180mcu_fd_sc_mcu9t5v0__nand4_4)
                                         _130089_ (net)
                  0.22    0.00   33.31 v _176432_/A2 (gf180mcu_fd_sc_mcu9t5v0__oai21_4)
    10    0.12    0.78    0.32   33.63 ^ _176432_/ZN (gf180mcu_fd_sc_mcu9t5v0__oai21_4)
                                         _130111_ (net)
                  0.78    0.00   33.63 ^ _176475_/A3 (gf180mcu_fd_sc_mcu9t5v0__nand4_4)
    15    0.18    0.58    0.36   33.99 v _176475_/ZN (gf180mcu_fd_sc_mcu9t5v0__nand4_4)
                                         _130584_ (net)
                  0.58    0.00   33.99 v _178791_/A1 (gf180mcu_fd_sc_mcu9t5v0__oai31_4)
    83    1.01    4.66    2.68   36.67 ^ _178791_/ZN (gf180mcu_fd_sc_mcu9t5v0__oai31_4)
                                         _156062_ (net)
                  4.66    0.00   36.67 ^ _180223_/A1 (gf180mcu_fd_sc_mcu9t5v0__and3_4)
    13    0.18    0.43    0.47   37.14 ^ _180223_/Z (gf180mcu_fd_sc_mcu9t5v0__and3_4)
                                         _000955_ (net)
                  0.43    0.00   37.14 ^ _180289_/A2 (gf180mcu_fd_sc_mcu9t5v0__oai211_4)
     6    0.07    0.28    0.20   37.34 v _180289_/ZN (gf180mcu_fd_sc_mcu9t5v0__oai211_4)
                                         _001688_ (net)
                  0.28    0.00   37.34 v _180307_/A2 (gf180mcu_fd_sc_mcu9t5v0__oai31_2)
    44    0.49    4.51    2.55   39.89 ^ _180307_/ZN (gf180mcu_fd_sc_mcu9t5v0__oai31_2)
                                         _001888_ (net)
                  4.51    0.00   39.89 ^ _180374_/A1 (gf180mcu_fd_sc_mcu9t5v0__nand4_4)
    15    0.16    1.35    0.57   40.46 v _180374_/ZN (gf180mcu_fd_sc_mcu9t5v0__nand4_4)
                                         _002631_ (net)
                  1.35    0.00   40.46 v _180379_/A1 (gf180mcu_fd_sc_mcu9t5v0__oai21_4)
    22    0.22    0.86    0.83   41.29 ^ _180379_/ZN (gf180mcu_fd_sc_mcu9t5v0__oai21_4)
                                         _002687_ (net)
                  0.86    0.00   41.29 ^ _180415_/A2 (gf180mcu_fd_sc_mcu9t5v0__and4_4)
    22    0.25    0.50    0.53   41.82 ^ _180415_/Z (gf180mcu_fd_sc_mcu9t5v0__and4_4)
                                         _003086_ (net)
                  0.50    0.00   41.82 ^ _180437_/A1 (gf180mcu_fd_sc_mcu9t5v0__aoi21_4)
    54    0.68    1.09    0.73   42.54 v _180437_/ZN (gf180mcu_fd_sc_mcu9t5v0__aoi21_4)
                                         _003331_ (net)
                  1.09    0.00   42.54 v _180706_/A3 (gf180mcu_fd_sc_mcu9t5v0__or4_2)
    45    0.58    1.28    1.38   43.93 v _180706_/Z (gf180mcu_fd_sc_mcu9t5v0__or4_2)
                                         _006316_ (net)
                  1.28    0.00   43.93 v _209601_/A2 (gf180mcu_fd_sc_mcu9t5v0__oai21_4)
    57    0.67    2.20    1.45   45.38 ^ _209601_/ZN (gf180mcu_fd_sc_mcu9t5v0__oai21_4)
                                         _104277_ (net)
                  2.20    0.00   45.38 ^ _209648_/A1 (gf180mcu_fd_sc_mcu9t5v0__aoi21_4)
    64    0.77    1.53    1.05   46.43 v _209648_/ZN (gf180mcu_fd_sc_mcu9t5v0__aoi21_4)
                                         _104329_ (net)
                  1.53    0.00   46.43 v _210526_/A1 (gf180mcu_fd_sc_mcu9t5v0__oai21_4)
   105    1.35    4.31    2.77   49.21 ^ _210526_/ZN (gf180mcu_fd_sc_mcu9t5v0__oai21_4)
                                         _105294_ (net)
                  4.31    0.00   49.21 ^ _218914_/A1 (gf180mcu_fd_sc_mcu9t5v0__aoi21_4)
    65    0.73    2.07    1.17   50.38 v _218914_/ZN (gf180mcu_fd_sc_mcu9t5v0__aoi21_4)
                                         _114521_ (net)
                  2.07    0.00   50.38 v _219123_/A1 (gf180mcu_fd_sc_mcu9t5v0__oai31_2)
    74    0.86    7.80    4.68   55.06 ^ _219123_/ZN (gf180mcu_fd_sc_mcu9t5v0__oai31_2)
                                         _114751_ (net)
                  7.80    0.00   55.06 ^ _219137_/A1 (gf180mcu_fd_sc_mcu9t5v0__nor2_2)
   155    1.69    6.79    6.99   62.05 v _219137_/ZN (gf180mcu_fd_sc_mcu9t5v0__nor2_2)
                                         _114767_ (net)
                  6.79    0.00   62.05 v _219449_/A2 (gf180mcu_fd_sc_mcu9t5v0__nand2_2)
    21    0.28    2.38    2.72   64.77 ^ _219449_/ZN (gf180mcu_fd_sc_mcu9t5v0__nand2_2)
                                         _115110_ (net)
                  2.38    0.00   64.77 ^ _224289_/A2 (gf180mcu_fd_sc_mcu9t5v0__oai22_2)
    10    0.10    0.92    0.41   65.19 v _224289_/ZN (gf180mcu_fd_sc_mcu9t5v0__oai22_2)
                                         _120434_ (net)
                  0.92    0.00   65.19 v _224397_/A2 (gf180mcu_fd_sc_mcu9t5v0__and3_2)
     1    0.01    0.09    0.38   65.57 v _224397_/Z (gf180mcu_fd_sc_mcu9t5v0__and3_2)
                                         _120553_ (net)
                  0.09    0.00   65.57 v _224398_/I1 (gf180mcu_fd_sc_mcu9t5v0__mux2_2)
     1    0.01    0.09    0.22   65.79 v _224398_/Z (gf180mcu_fd_sc_mcu9t5v0__mux2_2)
                                         _120554_ (net)
                  0.09    0.00   65.79 v _224399_/C (gf180mcu_fd_sc_mcu9t5v0__aoi211_2)
     2    0.02    0.37    0.26   66.05 ^ _224399_/ZN (gf180mcu_fd_sc_mcu9t5v0__aoi211_2)
                                         _120555_ (net)
                  0.37    0.00   66.05 ^ _224401_/A3 (gf180mcu_fd_sc_mcu9t5v0__oai31_2)
     3    0.03    0.44    0.16   66.21 v _224401_/ZN (gf180mcu_fd_sc_mcu9t5v0__oai31_2)
                                         _120557_ (net)
                  0.44    0.00   66.21 v _224655_/A2 (gf180mcu_fd_sc_mcu9t5v0__oai32_2)
     2    0.03    0.59    0.42   66.64 ^ _224655_/ZN (gf180mcu_fd_sc_mcu9t5v0__oai32_2)
                                         _120836_ (net)
                  0.59    0.00   66.64 ^ _224657_/A2 (gf180mcu_fd_sc_mcu9t5v0__aoi21_2)
     9    0.10    0.39    0.25   66.89 v _224657_/ZN (gf180mcu_fd_sc_mcu9t5v0__aoi21_2)
                                         _120839_ (net)
                  0.39    0.00   66.89 v _224730_/A2 (gf180mcu_fd_sc_mcu9t5v0__or4_2)
     2    0.02    0.15    0.40   67.29 v _224730_/Z (gf180mcu_fd_sc_mcu9t5v0__or4_2)
                                         _120919_ (net)
                  0.15    0.00   67.29 v _224744_/A1 (gf180mcu_fd_sc_mcu9t5v0__and3_2)
     1    0.01    0.08    0.18   67.47 v _224744_/Z (gf180mcu_fd_sc_mcu9t5v0__and3_2)
                                         _120934_ (net)
                  0.08    0.00   67.47 v _224745_/A2 (gf180mcu_fd_sc_mcu9t5v0__xor2_2)
     2    0.02    0.10    0.22   67.69 v _224745_/Z (gf180mcu_fd_sc_mcu9t5v0__xor2_2)
                                         _120935_ (net)
                  0.10    0.00   67.69 v _224756_/A2 (gf180mcu_fd_sc_mcu9t5v0__xnor3_2)
     3    0.03    0.16    0.69   68.38 ^ _224756_/ZN (gf180mcu_fd_sc_mcu9t5v0__xnor3_2)
                                         _120947_ (net)
                  0.16    0.00   68.38 ^ _224788_/A1 (gf180mcu_fd_sc_mcu9t5v0__aoi21_2)
     2    0.02    0.15    0.09   68.47 v _224788_/ZN (gf180mcu_fd_sc_mcu9t5v0__aoi21_2)
                                         _120983_ (net)
                  0.15    0.00   68.47 v _224789_/B (gf180mcu_fd_sc_mcu9t5v0__oai21_2)
     3    0.03    0.29    0.19   68.66 ^ _224789_/ZN (gf180mcu_fd_sc_mcu9t5v0__oai21_2)
                                         _120984_ (net)
                  0.29    0.00   68.66 ^ _224801_/A1 (gf180mcu_fd_sc_mcu9t5v0__aoi21_2)
     3    0.04    0.20    0.14   68.80 v _224801_/ZN (gf180mcu_fd_sc_mcu9t5v0__aoi21_2)
                                         _120997_ (net)
                  0.20    0.00   68.80 v _224842_/A3 (gf180mcu_fd_sc_mcu9t5v0__oai31_2)
     4    0.04    0.49    0.34   69.14 ^ _224842_/ZN (gf180mcu_fd_sc_mcu9t5v0__oai31_2)
                                         _121042_ (net)
                  0.49    0.00   69.14 ^ _224849_/A1 (gf180mcu_fd_sc_mcu9t5v0__and2_2)
     7    0.08    0.32    0.33   69.47 ^ _224849_/Z (gf180mcu_fd_sc_mcu9t5v0__and2_2)
                                         _121050_ (net)
                  0.32    0.00   69.47 ^ _224860_/A1 (gf180mcu_fd_sc_mcu9t5v0__and4_2)
     8    0.08    0.33    0.40   69.87 ^ _224860_/Z (gf180mcu_fd_sc_mcu9t5v0__and4_2)
                                         _121062_ (net)
                  0.33    0.00   69.87 ^ _224861_/A2 (gf180mcu_fd_sc_mcu9t5v0__and2_2)
     7    0.08    0.31    0.30   70.17 ^ _224861_/Z (gf180mcu_fd_sc_mcu9t5v0__and2_2)
                                         _121063_ (net)
                  0.31    0.00   70.17 ^ _224962_/A1 (gf180mcu_fd_sc_mcu9t5v0__and3_2)
     5    0.05    0.22    0.30   70.47 ^ _224962_/Z (gf180mcu_fd_sc_mcu9t5v0__and3_2)
                                         _121174_ (net)
                  0.22    0.00   70.47 ^ _225002_/A1 (gf180mcu_fd_sc_mcu9t5v0__xnor3_2)
     5    0.05    0.23    0.59   71.06 ^ _225002_/ZN (gf180mcu_fd_sc_mcu9t5v0__xnor3_2)
                                         _121218_ (net)
                  0.23    0.00   71.06 ^ _225003_/I (gf180mcu_fd_sc_mcu9t5v0__clkinv_2)
     4    0.05    0.21    0.18   71.23 v _225003_/ZN (gf180mcu_fd_sc_mcu9t5v0__clkinv_2)
                                         _121219_ (net)
                  0.21    0.00   71.23 v _225004_/A2 (gf180mcu_fd_sc_mcu9t5v0__nand2_2)
     3    0.03    0.20    0.17   71.40 ^ _225004_/ZN (gf180mcu_fd_sc_mcu9t5v0__nand2_2)
                                         _121220_ (net)
                  0.20    0.00   71.40 ^ _225189_/A1 (gf180mcu_fd_sc_mcu9t5v0__and2_2)
     4    0.04    0.18    0.23   71.63 ^ _225189_/Z (gf180mcu_fd_sc_mcu9t5v0__and2_2)
                                         _121424_ (net)
                  0.18    0.00   71.63 ^ _225483_/A1 (gf180mcu_fd_sc_mcu9t5v0__xnor3_2)
     1    0.01    0.10    0.60   72.23 v _225483_/ZN (gf180mcu_fd_sc_mcu9t5v0__xnor3_2)
                                         _121747_ (net)
                  0.10    0.00   72.23 v _225484_/A2 (gf180mcu_fd_sc_mcu9t5v0__nand2_2)
     3    0.04    0.20    0.15   72.38 ^ _225484_/ZN (gf180mcu_fd_sc_mcu9t5v0__nand2_2)
                                         _121748_ (net)
                  0.20    0.00   72.38 ^ _228062_/I (gf180mcu_fd_sc_mcu9t5v0__clkinv_2)
     1    0.01    0.09    0.07   72.45 v _228062_/ZN (gf180mcu_fd_sc_mcu9t5v0__clkinv_2)
                                         _124584_ (net)
                  0.09    0.00   72.45 v _228063_/C (gf180mcu_fd_sc_mcu9t5v0__aoi211_2)
     1    0.03    0.42    0.29   72.74 ^ _228063_/ZN (gf180mcu_fd_sc_mcu9t5v0__aoi211_2)
                                         _124585_ (net)
                  0.42    0.00   72.74 ^ _228064_/B1 (gf180mcu_fd_sc_mcu9t5v0__oai22_4)
     4    0.04    0.22    0.13   72.87 v _228064_/ZN (gf180mcu_fd_sc_mcu9t5v0__oai22_4)
                                         _124586_ (net)
                  0.22    0.00   72.87 v _272516_/B2 (gf180mcu_fd_sc_mcu9t5v0__aoi221_2)
     1    0.01    0.36    0.29   73.15 ^ _272516_/ZN (gf180mcu_fd_sc_mcu9t5v0__aoi221_2)
                                         _002641_ (net)
                  0.36    0.00   73.15 ^ _272517_/A2 (gf180mcu_fd_sc_mcu9t5v0__nor2_2)
     2    0.03    0.21    0.15   73.31 v _272517_/ZN (gf180mcu_fd_sc_mcu9t5v0__nor2_2)
                                         _002643_ (net)
                  0.21    0.00   73.31 v _272589_/A1 (gf180mcu_fd_sc_mcu9t5v0__xor3_2)
     6    0.07    0.29    0.74   74.04 ^ _272589_/Z (gf180mcu_fd_sc_mcu9t5v0__xor3_2)
                                         _002723_ (net)
                  0.29    0.00   74.04 ^ _273477_/A2 (gf180mcu_fd_sc_mcu9t5v0__xnor2_4)
     3    0.03    0.12    0.39   74.43 v _273477_/ZN (gf180mcu_fd_sc_mcu9t5v0__xnor2_4)
                                         _003709_ (net)
                  0.12    0.00   74.43 v _273478_/A2 (gf180mcu_fd_sc_mcu9t5v0__xnor2_4)
     2    0.02    0.08    0.46   74.89 ^ _273478_/ZN (gf180mcu_fd_sc_mcu9t5v0__xnor2_4)
                                         _003710_ (net)
                  0.08    0.00   74.89 ^ _273501_/A2 (gf180mcu_fd_sc_mcu9t5v0__xnor3_2)
     3    0.03    0.14    0.59   75.48 v _273501_/ZN (gf180mcu_fd_sc_mcu9t5v0__xnor3_2)
                                         _003735_ (net)
                  0.14    0.00   75.48 v _273503_/A1 (gf180mcu_fd_sc_mcu9t5v0__or2_4)
     2    0.03    0.08    0.20   75.68 v _273503_/Z (gf180mcu_fd_sc_mcu9t5v0__or2_4)
                                         _003737_ (net)
                  0.08    0.00   75.68 v _273559_/A3 (gf180mcu_fd_sc_mcu9t5v0__oai32_2)
     4    0.06    0.85    0.50   76.19 ^ _273559_/ZN (gf180mcu_fd_sc_mcu9t5v0__oai32_2)
                                         _003800_ (net)
                  0.85    0.00   76.19 ^ _276648_/A1 (gf180mcu_fd_sc_mcu9t5v0__oai221_4)
     2    0.04    0.33    0.18   76.37 v _276648_/ZN (gf180mcu_fd_sc_mcu9t5v0__oai221_4)
                                         _007229_ (net)
                  0.33    0.00   76.37 v _278221_/A2 (gf180mcu_fd_sc_mcu9t5v0__aoi21_4)
     5    0.07    0.34    0.28   76.66 ^ _278221_/ZN (gf180mcu_fd_sc_mcu9t5v0__aoi21_4)
                                         _008974_ (net)
                  0.34    0.00   76.66 ^ _299704_/A2 (gf180mcu_fd_sc_mcu9t5v0__oai221_4)
     2    0.03    0.22    0.16   76.82 v _299704_/ZN (gf180mcu_fd_sc_mcu9t5v0__oai221_4)
                                         _032820_ (net)
                  0.22    0.00   76.82 v _299713_/A2 (gf180mcu_fd_sc_mcu9t5v0__nand2_2)
     1    0.01    0.11    0.12   76.94 ^ _299713_/ZN (gf180mcu_fd_sc_mcu9t5v0__nand2_2)
                                         _032830_ (net)
                  0.11    0.00   76.94 ^ _299714_/A2 (gf180mcu_fd_sc_mcu9t5v0__xnor3_2)
     5    0.05    0.16    0.62   77.56 v _299714_/ZN (gf180mcu_fd_sc_mcu9t5v0__xnor3_2)
                                         _032831_ (net)
                  0.16    0.00   77.56 v _299715_/A3 (gf180mcu_fd_sc_mcu9t5v0__or3_4)
     2    0.02    0.09    0.26   77.82 v _299715_/Z (gf180mcu_fd_sc_mcu9t5v0__or3_4)
                                         _032832_ (net)
                  0.09    0.00   77.82 v _299716_/A4 (gf180mcu_fd_sc_mcu9t5v0__or4_2)
     8    0.09    0.29    0.51   78.33 v _299716_/Z (gf180mcu_fd_sc_mcu9t5v0__or4_2)
                                         _032833_ (net)
                  0.29    0.00   78.33 v _299717_/A3 (gf180mcu_fd_sc_mcu9t5v0__or3_4)
     4    0.05    0.13    0.33   78.66 v _299717_/Z (gf180mcu_fd_sc_mcu9t5v0__or3_4)
                                         _032835_ (net)
                  0.13    0.00   78.66 v _299752_/S (gf180mcu_fd_sc_mcu9t5v0__mux2_2)
     1    0.01    0.09    0.20   78.86 v _299752_/Z (gf180mcu_fd_sc_mcu9t5v0__mux2_2)
                                         _032874_ (net)
                  0.09    0.00   78.86 v _299753_/B (gf180mcu_fd_sc_mcu9t5v0__aoi21_2)
     1    0.01    0.18    0.14   79.00 ^ _299753_/ZN (gf180mcu_fd_sc_mcu9t5v0__aoi21_2)
                                         _032875_ (net)
                  0.18    0.00   79.00 ^ _299754_/A2 (gf180mcu_fd_sc_mcu9t5v0__xor2_2)
     6    0.08    0.22    0.38   79.38 v _299754_/Z (gf180mcu_fd_sc_mcu9t5v0__xor2_2)
                                         _032876_ (net)
                  0.22    0.00   79.38 v _299868_/A2 (gf180mcu_fd_sc_mcu9t5v0__xor2_2)
     1    0.01    0.09    0.31   79.68 ^ _299868_/Z (gf180mcu_fd_sc_mcu9t5v0__xor2_2)
                                         _033003_ (net)
                  0.09    0.00   79.68 ^ _299869_/C (gf180mcu_fd_sc_mcu9t5v0__oai221_2)
     3    0.05    0.36    0.24   79.93 v _299869_/ZN (gf180mcu_fd_sc_mcu9t5v0__oai221_2)
                                         _033004_ (net)
                  0.36    0.00   79.93 v _299870_/A3 (gf180mcu_fd_sc_mcu9t5v0__nor3_4)
     2    0.02    0.23    0.20   80.13 ^ _299870_/ZN (gf180mcu_fd_sc_mcu9t5v0__nor3_4)
                                         _033005_ (net)
                  0.23    0.00   80.13 ^ _299871_/C (gf180mcu_fd_sc_mcu9t5v0__aoi211_2)
     3    0.03    0.24    0.19   80.32 v _299871_/ZN (gf180mcu_fd_sc_mcu9t5v0__aoi211_2)
                                         _033006_ (net)
                  0.24    0.00   80.32 v _305896_/A2 (gf180mcu_fd_sc_mcu9t5v0__or4_2)
     1    0.01    0.12    0.34   80.66 v _305896_/Z (gf180mcu_fd_sc_mcu9t5v0__or4_2)
                                         _039693_ (net)
                  0.12    0.00   80.66 v _305897_/B (gf180mcu_fd_sc_mcu9t5v0__oai21_2)
     2    0.02    0.22    0.15   80.81 ^ _305897_/ZN (gf180mcu_fd_sc_mcu9t5v0__oai21_2)
                                         _039695_ (net)
                  0.22    0.00   80.81 ^ _305898_/A2 (gf180mcu_fd_sc_mcu9t5v0__xnor2_2)
     2    0.02    0.12    0.30   81.11 v _305898_/ZN (gf180mcu_fd_sc_mcu9t5v0__xnor2_2)
                                         _039696_ (net)
                  0.12    0.00   81.11 v _305899_/A3 (gf180mcu_fd_sc_mcu9t5v0__nor3_2)
     5    0.06    0.65    0.41   81.52 ^ _305899_/ZN (gf180mcu_fd_sc_mcu9t5v0__nor3_2)
                                         _039697_ (net)
                  0.65    0.00   81.52 ^ _305903_/A2 (gf180mcu_fd_sc_mcu9t5v0__nor2_2)
     3    0.04    0.30    0.19   81.70 v _305903_/ZN (gf180mcu_fd_sc_mcu9t5v0__nor2_2)
                                         _039701_ (net)
                  0.30    0.00   81.70 v _305907_/A3 (gf180mcu_fd_sc_mcu9t5v0__nor3_2)
     1    0.01    0.23    0.19   81.89 ^ _305907_/ZN (gf180mcu_fd_sc_mcu9t5v0__nor3_2)
                                         _039706_ (net)
                  0.23    0.00   81.89 ^ _305908_/B (gf180mcu_fd_sc_mcu9t5v0__aoi21_2)
     1    0.03    0.19    0.15   82.04 v _305908_/ZN (gf180mcu_fd_sc_mcu9t5v0__aoi21_2)
                                         _039707_ (net)
                  0.19    0.00   82.04 v _305910_/A2 (gf180mcu_fd_sc_mcu9t5v0__oai21_4)
     8    0.10    0.39    0.27   82.31 ^ _305910_/ZN (gf180mcu_fd_sc_mcu9t5v0__oai21_4)
                                         _039709_ (net)
                  0.39    0.00   82.31 ^ _306162_/A1 (gf180mcu_fd_sc_mcu9t5v0__nor4_4)
     5    0.05    0.25    0.16   82.47 v _306162_/ZN (gf180mcu_fd_sc_mcu9t5v0__nor4_4)
                                         _039989_ (net)
                  0.25    0.00   82.47 v _311845_/A3 (gf180mcu_fd_sc_mcu9t5v0__or4_4)
     1    0.01    0.11    0.34   82.81 v _311845_/Z (gf180mcu_fd_sc_mcu9t5v0__or4_4)
                                         _046297_ (net)
                  0.11    0.00   82.81 v _311891_/A1 (gf180mcu_fd_sc_mcu9t5v0__aoi221_2)
     4    0.08    0.96    0.51   83.32 ^ _311891_/ZN (gf180mcu_fd_sc_mcu9t5v0__aoi221_2)
                                         _046348_ (net)
                  0.96    0.00   83.32 ^ _311909_/A1 (gf180mcu_fd_sc_mcu9t5v0__oai21_4)
     6    0.08    0.35    0.15   83.47 v _311909_/ZN (gf180mcu_fd_sc_mcu9t5v0__oai21_4)
                                         _046368_ (net)
                  0.35    0.00   83.47 v _312450_/A2 (gf180mcu_fd_sc_mcu9t5v0__aoi21_4)
     2    0.03    0.22    0.22   83.70 ^ _312450_/ZN (gf180mcu_fd_sc_mcu9t5v0__aoi21_4)
                                         _046969_ (net)
                  0.22    0.00   83.70 ^ _312452_/A2 (gf180mcu_fd_sc_mcu9t5v0__oai21_2)
     1    0.01    0.11    0.08   83.77 v _312452_/ZN (gf180mcu_fd_sc_mcu9t5v0__oai21_2)
                                         _046971_ (net)
                  0.11    0.00   83.77 v _312596_/A1 (gf180mcu_fd_sc_mcu9t5v0__xnor3_2)
     3    0.04    0.19    0.72   84.50 ^ _312596_/ZN (gf180mcu_fd_sc_mcu9t5v0__xnor3_2)
                                         _047130_ (net)
                  0.19    0.00   84.50 ^ _326471_/A2 (gf180mcu_fd_sc_mcu9t5v0__nand4_4)
     7    0.11    0.34    0.22   84.72 v _326471_/ZN (gf180mcu_fd_sc_mcu9t5v0__nand4_4)
                                         _062532_ (net)
                  0.34    0.00   84.72 v _326813_/A1 (gf180mcu_fd_sc_mcu9t5v0__nor2_4)
     1    0.01    0.14    0.15   84.87 ^ _326813_/ZN (gf180mcu_fd_sc_mcu9t5v0__nor2_4)
                                         _062911_ (net)
                  0.14    0.00   84.87 ^ _326814_/S (gf180mcu_fd_sc_mcu9t5v0__mux2_2)
     1    0.01    0.08    0.23   85.10 v _326814_/Z (gf180mcu_fd_sc_mcu9t5v0__mux2_2)
                                         _062912_ (net)
                  0.08    0.00   85.10 v _326815_/A2 (gf180mcu_fd_sc_mcu9t5v0__and2_2)
     1    0.01    0.06    0.15   85.25 v _326815_/Z (gf180mcu_fd_sc_mcu9t5v0__and2_2)
                                         _062913_ (net)
                  0.06    0.00   85.25 v _326816_/A2 (gf180mcu_fd_sc_mcu9t5v0__xnor2_2)
     4    0.04    0.19    0.38   85.63 ^ _326816_/ZN (gf180mcu_fd_sc_mcu9t5v0__xnor2_2)
                                         _062914_ (net)
                  0.19    0.00   85.63 ^ _326817_/A2 (gf180mcu_fd_sc_mcu9t5v0__or2_4)
     3    0.04    0.09    0.16   85.78 ^ _326817_/Z (gf180mcu_fd_sc_mcu9t5v0__or2_4)
                                         _062916_ (net)
                  0.09    0.00   85.78 ^ _326844_/B (gf180mcu_fd_sc_mcu9t5v0__aoi21_2)
     1    0.01    0.12    0.10   85.88 v _326844_/ZN (gf180mcu_fd_sc_mcu9t5v0__aoi21_2)
                                         _062946_ (net)
                  0.12    0.00   85.88 v _326846_/B1 (gf180mcu_fd_sc_mcu9t5v0__oai33_2)
     6    0.08    1.20    0.65   86.53 ^ _326846_/ZN (gf180mcu_fd_sc_mcu9t5v0__oai33_2)
                                         _062948_ (net)
                  1.20    0.00   86.53 ^ _326851_/A2 (gf180mcu_fd_sc_mcu9t5v0__nand3_4)
     4    0.06    0.37    0.14   86.67 v _326851_/ZN (gf180mcu_fd_sc_mcu9t5v0__nand3_4)
                                         _062954_ (net)
                  0.37    0.00   86.67 v _327241_/A1 (gf180mcu_fd_sc_mcu9t5v0__and4_2)
     2    0.04    0.14    0.30   86.97 v _327241_/Z (gf180mcu_fd_sc_mcu9t5v0__and4_2)
                                         _063387_ (net)
                  0.14    0.00   86.97 v _327335_/A3 (gf180mcu_fd_sc_mcu9t5v0__xor3_2)
     1    0.01    0.09    0.32   87.29 ^ _327335_/Z (gf180mcu_fd_sc_mcu9t5v0__xor3_2)
                                         _063490_ (net)
                  0.09    0.00   87.29 ^ _327340_/B1 (gf180mcu_fd_sc_mcu9t5v0__oai221_2)
     1    0.01    2.00    0.13   87.42 v _327340_/ZN (gf180mcu_fd_sc_mcu9t5v0__oai221_2)
                                         _063497_ (net)
                  2.00    0.00   87.42 v _327341_/A2 (gf180mcu_fd_sc_mcu9t5v0__xnor2_2)
     2    0.03    0.18    0.96   88.38 ^ _327341_/ZN (gf180mcu_fd_sc_mcu9t5v0__xnor2_2)
                                         _063498_ (net)
                  0.18    0.00   88.38 ^ _327362_/A3 (gf180mcu_fd_sc_mcu9t5v0__nand4_4)
     2    0.02    0.24    0.11   88.49 v _327362_/ZN (gf180mcu_fd_sc_mcu9t5v0__nand4_4)
                                         _063521_ (net)
                  0.24    0.00   88.49 v _327363_/A2 (gf180mcu_fd_sc_mcu9t5v0__or2_4)
     2    0.02    0.08    0.22   88.71 v _327363_/Z (gf180mcu_fd_sc_mcu9t5v0__or2_4)
                                         _063522_ (net)
                  0.08    0.00   88.71 v _327371_/A2 (gf180mcu_fd_sc_mcu9t5v0__or3_4)
     2    0.03    0.15    0.25   88.96 v _327371_/Z (gf180mcu_fd_sc_mcu9t5v0__or3_4)
                                         _063531_ (net)
                  0.15    0.00   88.96 v _327394_/B1 (gf180mcu_fd_sc_mcu9t5v0__aoi221_2)
     2    0.02    0.42    0.28   89.25 ^ _327394_/ZN (gf180mcu_fd_sc_mcu9t5v0__aoi221_2)
                                         _063556_ (net)
                  0.42    0.00   89.25 ^ _327469_/A2 (gf180mcu_fd_sc_mcu9t5v0__and4_4)
     2    0.04    0.12    0.27   89.51 ^ _327469_/Z (gf180mcu_fd_sc_mcu9t5v0__and4_4)
                                         _063640_ (net)
                  0.12    0.00   89.51 ^ _327477_/A1 (gf180mcu_fd_sc_mcu9t5v0__aoi21_4)
     5    0.07    0.19    0.11   89.62 v _327477_/ZN (gf180mcu_fd_sc_mcu9t5v0__aoi21_4)
                                         _063649_ (net)
                  0.19    0.00   89.62 v _334419_/A1 (gf180mcu_fd_sc_mcu9t5v0__oai31_4)
     3    0.04    0.32    0.22   89.85 ^ _334419_/ZN (gf180mcu_fd_sc_mcu9t5v0__oai31_4)
                                         _071341_ (net)
                  0.32    0.00   89.85 ^ _336190_/A2 (gf180mcu_fd_sc_mcu9t5v0__nand4_4)
     4    0.04    0.21    0.14   89.99 v _336190_/ZN (gf180mcu_fd_sc_mcu9t5v0__nand4_4)
                                         _073303_ (net)
                  0.21    0.00   89.99 v _337788_/A2 (gf180mcu_fd_sc_mcu9t5v0__or4_4)
     8    0.09    0.20    0.40   90.39 v _337788_/Z (gf180mcu_fd_sc_mcu9t5v0__or4_4)
                                         _075071_ (net)
                  0.20    0.00   90.39 v _338255_/A1 (gf180mcu_fd_sc_mcu9t5v0__or3_4)
     2    0.02    0.10    0.26   90.66 v _338255_/Z (gf180mcu_fd_sc_mcu9t5v0__or3_4)
                                         _075588_ (net)
                  0.10    0.00   90.66 v _338438_/A1 (gf180mcu_fd_sc_mcu9t5v0__xnor2_2)
     3    0.04    0.18    0.39   91.05 ^ _338438_/ZN (gf180mcu_fd_sc_mcu9t5v0__xnor2_2)
                                         _075791_ (net)
                  0.18    0.00   91.05 ^ _340986_/A2 (gf180mcu_fd_sc_mcu9t5v0__nand2_2)
     1    0.01    1.03    0.06   91.11 v _340986_/ZN (gf180mcu_fd_sc_mcu9t5v0__nand2_2)
                                         _078601_ (net)
                  1.03    0.00   91.11 v _340992_/B (gf180mcu_fd_sc_mcu9t5v0__oai211_2)
     1    0.01    0.69    0.38   91.49 ^ _340992_/ZN (gf180mcu_fd_sc_mcu9t5v0__oai211_2)
                                         _078608_ (net)
                  0.69    0.00   91.49 ^ _341046_/A1 (gf180mcu_fd_sc_mcu9t5v0__oai22_2)
     1    0.02    1.75    0.14   91.63 v _341046_/ZN (gf180mcu_fd_sc_mcu9t5v0__oai22_2)
                                         _078668_ (net)
                  1.75    0.00   91.63 v _341074_/A1 (gf180mcu_fd_sc_mcu9t5v0__nand4_4)
     5    0.07    0.79    0.51   92.14 ^ _341074_/ZN (gf180mcu_fd_sc_mcu9t5v0__nand4_4)
                                         _078699_ (net)
                  0.79    0.00   92.14 ^ _341663_/B1 (gf180mcu_fd_sc_mcu9t5v0__aoi22_2)
     1    0.01    2.67    0.15   92.29 v _341663_/ZN (gf180mcu_fd_sc_mcu9t5v0__aoi22_2)
                                         _079333_ (net)
                  2.67    0.00   92.29 v _341664_/C (gf180mcu_fd_sc_mcu9t5v0__oai211_2)
     1    0.00    0.73    0.72   93.01 ^ _341664_/ZN (gf180mcu_fd_sc_mcu9t5v0__oai211_2)
                                         alu_result_exe[27] (net)
                  0.73    0.00   93.01 ^ alu_result_exe[27] (out)
                                 93.01   data arrival time

                  0.00  100.00  100.00   clock clk (rise edge)
                          0.00  100.00   clock network delay (ideal)
                          0.00  100.00   clock reconvergence pessimism
                        -20.00   80.00   output external delay
                                 80.00   data required time
-----------------------------------------------------------------------------
                                 80.00   data required time
                                -93.01   data arrival time
-----------------------------------------------------------------------------
                                -13.01   slack (VIOLATED)



==========================================================================
floorplan final report_power
--------------------------------------------------------------------------
Group                  Internal  Switching    Leakage      Total
                          Power      Power      Power      Power (Watts)
----------------------------------------------------------------
Sequential             0.00e+00   0.00e+00   0.00e+00   0.00e+00   0.0%
Combinational          2.53e+01   1.35e+01   3.55e-05   3.88e+01 100.0%
Clock                  0.00e+00   0.00e+00   0.00e+00   0.00e+00   0.0%
Macro                  0.00e+00   0.00e+00   0.00e+00   0.00e+00   0.0%
Pad                    0.00e+00   0.00e+00   0.00e+00   0.00e+00   0.0%
----------------------------------------------------------------
Total                  2.53e+01   1.35e+01   3.55e-05   3.88e+01 100.0%
                          65.2%      34.8%       0.0%
