
==========================================================================
global place report_tns
--------------------------------------------------------------------------
tns -1789912.12

==========================================================================
global place report_wns
--------------------------------------------------------------------------
wns -14274.67

==========================================================================
global place report_worst_slack
--------------------------------------------------------------------------
worst slack -14274.67

==========================================================================
global place report_checks -path_delay min
--------------------------------------------------------------------------
Startpoint: srca[4] (input port clocked by clk)
Endpoint: result[4] (output port clocked by clk)
Path Group: clk
Path Type: min

Fanout     Cap    Slew   Delay    Time   Description
-----------------------------------------------------------------------------
                  0.00    0.00    0.00   clock clk (rise edge)
                          0.00    0.00   clock network delay (ideal)
                       1000.00 1000.00 v input external delay
     1    0.46    0.00    0.00 1000.00 v srca[4] (in)
                                         srca[4] (net)
                  0.01    0.00 1000.00 v _15761_/A (AND2x2_ASAP7_75t_R)
     1    0.04    4.48   12.61 1012.62 v _15761_/Y (AND2x2_ASAP7_75t_R)
                                         result[4] (net)
                  4.48    0.00 1012.62 v result[4] (out)
                               1012.62   data arrival time

                  0.00    0.00    0.00   clock clk (rise edge)
                          0.00    0.00   clock network delay (ideal)
                          0.00    0.00   clock reconvergence pessimism
                       -1000.00 -1000.00   output external delay
                               -1000.00   data required time
-----------------------------------------------------------------------------
                               -1000.00   data required time
                               -1012.62   data arrival time
-----------------------------------------------------------------------------
                               2012.62   slack (MET)



==========================================================================
global place report_checks -path_delay max
--------------------------------------------------------------------------
Startpoint: is_left (input port clocked by clk)
Endpoint: result[127] (output port clocked by clk)
Path Group: clk
Path Type: max

Fanout     Cap    Slew   Delay    Time   Description
-----------------------------------------------------------------------------
                  0.00    0.00    0.00   clock clk (rise edge)
                          0.00    0.00   clock network delay (ideal)
                       1000.00 1000.00 ^ input external delay
   701  589.28    0.00    0.00 1000.00 ^ is_left (in)
                                         is_left (net)
               7167.43 2261.07 3261.07 ^ _08323_/A (INVx1_ASAP7_75t_R)
   527  402.30 2274.05 13702.48 16963.56 v _08323_/Y (INVx1_ASAP7_75t_R)
                                         _04986_ (net)
               2274.05  143.52 17107.08 v _13002_/A (AND2x2_ASAP7_75t_R)
     8    5.12   68.29  306.44 17413.52 v _13002_/Y (AND2x2_ASAP7_75t_R)
                                         _04299_ (net)
                 68.29    0.02 17413.55 v _13003_/B (AO21x1_ASAP7_75t_R)
    16   16.70  126.99   61.80 17475.34 v _13003_/Y (AO21x1_ASAP7_75t_R)
                                         _04301_ (net)
                128.24    4.77 17480.11 v _13006_/B (NAND2x1_ASAP7_75t_R)
    12    8.74   91.01   72.08 17552.20 ^ _13006_/Y (NAND2x1_ASAP7_75t_R)
                                         _04304_ (net)
                 91.02    0.45 17552.65 ^ _13032_/A2 (OA21x2_ASAP7_75t_R)
     1    0.65    9.54   27.37 17580.02 ^ _13032_/Y (OA21x2_ASAP7_75t_R)
                                         _04332_ (net)
                  9.54    0.00 17580.02 ^ _13033_/A2 (OA21x2_ASAP7_75t_R)
     4    4.00   29.71   20.62 17600.64 ^ _13033_/Y (OA21x2_ASAP7_75t_R)
                                         _04334_ (net)
                 29.72    0.20 17600.85 ^ _13774_/B (AO21x1_ASAP7_75t_R)
     8    3.80   26.50   23.87 17624.71 ^ _13774_/Y (AO21x1_ASAP7_75t_R)
                                         _05140_ (net)
                 26.50    0.03 17624.74 ^ _14098_/B (OA211x2_ASAP7_75t_R)
     1    0.66   24.59   22.66 17647.40 ^ _14098_/Y (OA211x2_ASAP7_75t_R)
                                         _05493_ (net)
                 24.59    0.00 17647.41 ^ _14099_/B (AO21x1_ASAP7_75t_R)
     1    2.22   18.31   18.77 17666.18 ^ _14099_/Y (AO21x1_ASAP7_75t_R)
                                         _05494_ (net)
                 18.34    0.43 17666.61 ^ _14100_/B (AND2x2_ASAP7_75t_R)
     1    0.68   10.02   19.04 17685.66 ^ _14100_/Y (AND2x2_ASAP7_75t_R)
                                         _05495_ (net)
                 10.02    0.01 17685.66 ^ _14101_/B (AO21x1_ASAP7_75t_R)
     5    4.81   44.89   22.54 17708.20 ^ _14101_/Y (AO21x1_ASAP7_75t_R)
                                         _05496_ (net)
                 44.96    0.98 17709.18 ^ _14102_/B (OR2x2_ASAP7_75t_R)
     1    0.45  159.80   23.74 17732.92 ^ _14102_/Y (OR2x2_ASAP7_75t_R)
                                         _05497_ (net)
                159.80    0.00 17732.92 ^ _14103_/B (OA211x2_ASAP7_75t_R)
     1    0.65   30.46   34.59 17767.51 ^ _14103_/Y (OA211x2_ASAP7_75t_R)
                                         _05499_ (net)
                 30.46    0.00 17767.52 ^ _14104_/B (AO21x1_ASAP7_75t_R)
     2    1.29   12.61   17.12 17784.64 ^ _14104_/Y (AO21x1_ASAP7_75t_R)
                                         _05500_ (net)
                 12.61    0.03 17784.66 ^ _14105_/B (AND2x2_ASAP7_75t_R)
     1    0.65   34.77   17.31 17801.98 ^ _14105_/Y (AND2x2_ASAP7_75t_R)
                                         _05501_ (net)
                 34.77    0.00 17801.98 ^ _14106_/B (AO21x1_ASAP7_75t_R)
     2    1.37   13.26   18.00 17819.98 ^ _14106_/Y (AO21x1_ASAP7_75t_R)
                                         _05502_ (net)
                 13.26    0.02 17820.00 ^ _14282_/A2 (AO21x1_ASAP7_75t_R)
     2    1.86   18.48   17.91 17837.91 ^ _14282_/Y (AO21x1_ASAP7_75t_R)
                                         _05691_ (net)
                 18.48    0.07 17837.98 ^ _14308_/A2 (AOI211x1_ASAP7_75t_R)
     1   15.98 1305.76   69.64 17907.62 v _14308_/Y (AOI211x1_ASAP7_75t_R)
                                         _05720_ (net)
               1307.19   23.85 17931.48 v _14309_/A (INVx1_ASAP7_75t_R)
     1   15.09  416.84  322.03 18253.50 ^ _14309_/Y (INVx1_ASAP7_75t_R)
                                         result[127] (net)
                420.24   21.17 18274.67 ^ result[127] (out)
                               18274.67   data arrival time

                  0.00 5000.00 5000.00   clock clk (rise edge)
                          0.00 5000.00   clock network delay (ideal)
                          0.00 5000.00   clock reconvergence pessimism
                       -1000.00 4000.00   output external delay
                               4000.00   data required time
-----------------------------------------------------------------------------
                               4000.00   data required time
                               -18274.67   data arrival time
-----------------------------------------------------------------------------
                               -14274.67   slack (VIOLATED)



==========================================================================
global place report_checks -unconstrained
--------------------------------------------------------------------------
Startpoint: is_left (input port clocked by clk)
Endpoint: result[127] (output port clocked by clk)
Path Group: clk
Path Type: max

Fanout     Cap    Slew   Delay    Time   Description
-----------------------------------------------------------------------------
                  0.00    0.00    0.00   clock clk (rise edge)
                          0.00    0.00   clock network delay (ideal)
                       1000.00 1000.00 ^ input external delay
   701  589.28    0.00    0.00 1000.00 ^ is_left (in)
                                         is_left (net)
               7167.43 2261.07 3261.07 ^ _08323_/A (INVx1_ASAP7_75t_R)
   527  402.30 2274.05 13702.48 16963.56 v _08323_/Y (INVx1_ASAP7_75t_R)
                                         _04986_ (net)
               2274.05  143.52 17107.08 v _13002_/A (AND2x2_ASAP7_75t_R)
     8    5.12   68.29  306.44 17413.52 v _13002_/Y (AND2x2_ASAP7_75t_R)
                                         _04299_ (net)
                 68.29    0.02 17413.55 v _13003_/B (AO21x1_ASAP7_75t_R)
    16   16.70  126.99   61.80 17475.34 v _13003_/Y (AO21x1_ASAP7_75t_R)
                                         _04301_ (net)
                128.24    4.77 17480.11 v _13006_/B (NAND2x1_ASAP7_75t_R)
    12    8.74   91.01   72.08 17552.20 ^ _13006_/Y (NAND2x1_ASAP7_75t_R)
                                         _04304_ (net)
                 91.02    0.45 17552.65 ^ _13032_/A2 (OA21x2_ASAP7_75t_R)
     1    0.65    9.54   27.37 17580.02 ^ _13032_/Y (OA21x2_ASAP7_75t_R)
                                         _04332_ (net)
                  9.54    0.00 17580.02 ^ _13033_/A2 (OA21x2_ASAP7_75t_R)
     4    4.00   29.71   20.62 17600.64 ^ _13033_/Y (OA21x2_ASAP7_75t_R)
                                         _04334_ (net)
                 29.72    0.20 17600.85 ^ _13774_/B (AO21x1_ASAP7_75t_R)
     8    3.80   26.50   23.87 17624.71 ^ _13774_/Y (AO21x1_ASAP7_75t_R)
                                         _05140_ (net)
                 26.50    0.03 17624.74 ^ _14098_/B (OA211x2_ASAP7_75t_R)
     1    0.66   24.59   22.66 17647.40 ^ _14098_/Y (OA211x2_ASAP7_75t_R)
                                         _05493_ (net)
                 24.59    0.00 17647.41 ^ _14099_/B (AO21x1_ASAP7_75t_R)
     1    2.22   18.31   18.77 17666.18 ^ _14099_/Y (AO21x1_ASAP7_75t_R)
                                         _05494_ (net)
                 18.34    0.43 17666.61 ^ _14100_/B (AND2x2_ASAP7_75t_R)
     1    0.68   10.02   19.04 17685.66 ^ _14100_/Y (AND2x2_ASAP7_75t_R)
                                         _05495_ (net)
                 10.02    0.01 17685.66 ^ _14101_/B (AO21x1_ASAP7_75t_R)
     5    4.81   44.89   22.54 17708.20 ^ _14101_/Y (AO21x1_ASAP7_75t_R)
                                         _05496_ (net)
                 44.96    0.98 17709.18 ^ _14102_/B (OR2x2_ASAP7_75t_R)
     1    0.45  159.80   23.74 17732.92 ^ _14102_/Y (OR2x2_ASAP7_75t_R)
                                         _05497_ (net)
                159.80    0.00 17732.92 ^ _14103_/B (OA211x2_ASAP7_75t_R)
     1    0.65   30.46   34.59 17767.51 ^ _14103_/Y (OA211x2_ASAP7_75t_R)
                                         _05499_ (net)
                 30.46    0.00 17767.52 ^ _14104_/B (AO21x1_ASAP7_75t_R)
     2    1.29   12.61   17.12 17784.64 ^ _14104_/Y (AO21x1_ASAP7_75t_R)
                                         _05500_ (net)
                 12.61    0.03 17784.66 ^ _14105_/B (AND2x2_ASAP7_75t_R)
     1    0.65   34.77   17.31 17801.98 ^ _14105_/Y (AND2x2_ASAP7_75t_R)
                                         _05501_ (net)
                 34.77    0.00 17801.98 ^ _14106_/B (AO21x1_ASAP7_75t_R)
     2    1.37   13.26   18.00 17819.98 ^ _14106_/Y (AO21x1_ASAP7_75t_R)
                                         _05502_ (net)
                 13.26    0.02 17820.00 ^ _14282_/A2 (AO21x1_ASAP7_75t_R)
     2    1.86   18.48   17.91 17837.91 ^ _14282_/Y (AO21x1_ASAP7_75t_R)
                                         _05691_ (net)
                 18.48    0.07 17837.98 ^ _14308_/A2 (AOI211x1_ASAP7_75t_R)
     1   15.98 1305.76   69.64 17907.62 v _14308_/Y (AOI211x1_ASAP7_75t_R)
                                         _05720_ (net)
               1307.19   23.85 17931.48 v _14309_/A (INVx1_ASAP7_75t_R)
     1   15.09  416.84  322.03 18253.50 ^ _14309_/Y (INVx1_ASAP7_75t_R)
                                         result[127] (net)
                420.24   21.17 18274.67 ^ result[127] (out)
                               18274.67   data arrival time

                  0.00 5000.00 5000.00   clock clk (rise edge)
                          0.00 5000.00   clock network delay (ideal)
                          0.00 5000.00   clock reconvergence pessimism
                       -1000.00 4000.00   output external delay
                               4000.00   data required time
-----------------------------------------------------------------------------
                               4000.00   data required time
                               -18274.67   data arrival time
-----------------------------------------------------------------------------
                               -14274.67   slack (VIOLATED)



==========================================================================
global place report_power
--------------------------------------------------------------------------
Group                  Internal  Switching    Leakage      Total
                          Power      Power      Power      Power (Watts)
----------------------------------------------------------------
Sequential             0.00e+00   0.00e+00   0.00e+00   0.00e+00   0.0%
Combinational          2.52e-04   2.69e-04   6.82e-07   5.22e-04 100.0%
Clock                  0.00e+00   0.00e+00   0.00e+00   0.00e+00   0.0%
Macro                  0.00e+00   0.00e+00   0.00e+00   0.00e+00   0.0%
Pad                    0.00e+00   0.00e+00   0.00e+00   0.00e+00   0.0%
----------------------------------------------------------------
Total                  2.52e-04   2.69e-04   6.82e-07   5.22e-04 100.0%
                          48.4%      51.5%       0.1%
