
==========================================================================
global place report_tns
--------------------------------------------------------------------------
tns -316937440.00

==========================================================================
global place report_wns
--------------------------------------------------------------------------
wns -79849.38

==========================================================================
global place report_worst_slack
--------------------------------------------------------------------------
worst slack -79849.38

==========================================================================
global place report_checks -path_delay min
--------------------------------------------------------------------------
Startpoint: rst (input port clocked by clk)
Endpoint: v_decode.v_csr.vl[4]$_DFF_PP1_
          (removal check against rising-edge clock clk)
Path Group: asynchronous
Path Type: min

Fanout     Cap    Slew   Delay    Time   Description
-----------------------------------------------------------------------------
                  0.00    0.00    0.00   clock clk (rise edge)
                          0.00    0.00   clock network delay (ideal)
                         83.20   83.20 v input external delay
     1    4.67    0.00    0.00   83.20 v rst (in)
                                         rst (net)
                  4.44    1.40   84.60 v _205461_/A (INVx1_ASAP7_75t_R)
   144  166.35 1117.84  303.70  388.31 ^ _205461_/Y (INVx1_ASAP7_75t_R)
                                         _004863_ (net)
               1130.51   69.78  458.09 ^ v_decode.v_csr.vl[4]$_DFF_PP1_/RESETN (DFFASRHQNx1_ASAP7_75t_R)
                                458.09   data arrival time

                  0.00    0.00    0.00   clock clk (rise edge)
                          0.00    0.00   clock network delay (ideal)
                          0.00    0.00   clock reconvergence pessimism
                                  0.00 ^ v_decode.v_csr.vl[4]$_DFF_PP1_/CLK (DFFASRHQNx1_ASAP7_75t_R)
                        127.86  127.86   library removal time
                                127.86   data required time
-----------------------------------------------------------------------------
                                127.86   data required time
                               -458.09   data arrival time
-----------------------------------------------------------------------------
                                330.23   slack (MET)


Startpoint: v_decode.v_rf_ctrl.stage_rf_rd_data_srcb.internal_data[128]$_DFFE_PN_
            (rising edge-triggered flip-flop clocked by clk)
Endpoint: v_decode.v_rf_ctrl.stage_rf_rd_data_srcb.internal_data[128]$_DFFE_PN_
          (rising edge-triggered flip-flop clocked by clk)
Path Group: clk
Path Type: min

Fanout     Cap    Slew   Delay    Time   Description
-----------------------------------------------------------------------------
                  0.00    0.00    0.00   clock clk (rise edge)
                          0.00    0.00   clock network delay (ideal)
                  0.00    0.00    0.00 ^ v_decode.v_rf_ctrl.stage_rf_rd_data_srcb.internal_data[128]$_DFFE_PN_/CLK (DFFHQNx1_ASAP7_75t_R)
     2    1.61   18.27   36.20   36.20 ^ v_decode.v_rf_ctrl.stage_rf_rd_data_srcb.internal_data[128]$_DFFE_PN_/QN (DFFHQNx1_ASAP7_75t_R)
                                         _000263_ (net)
                 18.27    0.02   36.21 ^ _218974_/A2 (AOI21x1_ASAP7_75t_R)
     1    0.60    5.50    7.71   43.92 v _218974_/Y (AOI21x1_ASAP7_75t_R)
                                         _005183_ (net)
                  5.50    0.01   43.92 v v_decode.v_rf_ctrl.stage_rf_rd_data_srcb.internal_data[128]$_DFFE_PN_/D (DFFHQNx1_ASAP7_75t_R)
                                 43.92   data arrival time

                  0.00    0.00    0.00   clock clk (rise edge)
                          0.00    0.00   clock network delay (ideal)
                          0.00    0.00   clock reconvergence pessimism
                                  0.00 ^ v_decode.v_rf_ctrl.stage_rf_rd_data_srcb.internal_data[128]$_DFFE_PN_/CLK (DFFHQNx1_ASAP7_75t_R)
                          8.70    8.70   library hold time
                                  8.70   data required time
-----------------------------------------------------------------------------
                                  8.70   data required time
                                -43.92   data arrival time
-----------------------------------------------------------------------------
                                 35.23   slack (MET)



==========================================================================
global place report_checks -path_delay max
--------------------------------------------------------------------------
Startpoint: rst (input port clocked by clk)
Endpoint: v_decode.v_rf_ctrl.stage_rf_wr_en.internal_data[29]$_DFFE_PP0P_
          (recovery check against rising-edge clock clk)
Path Group: asynchronous
Path Type: max

Fanout     Cap    Slew   Delay    Time   Description
-----------------------------------------------------------------------------
                  0.00    0.00    0.00   clock clk (rise edge)
                          0.00    0.00   clock network delay (ideal)
                         83.20   83.20 v input external delay
     1    4.84    0.00    0.00   83.20 v rst (in)
                                         rst (net)
                  4.74    1.49   84.69 v _205461_/A (INVx1_ASAP7_75t_R)
   144  202.68 1361.58  369.88  454.58 ^ _205461_/Y (INVx1_ASAP7_75t_R)
                                         _004863_ (net)
               1646.37  327.37  781.95 ^ v_decode.v_rf_ctrl.stage_rf_wr_en.internal_data[29]$_DFFE_PP0P_/SETN (DFFASRHQNx1_ASAP7_75t_R)
                                781.95   data arrival time

                  0.00  416.00  416.00   clock clk (rise edge)
                          0.00  416.00   clock network delay (ideal)
                          0.00  416.00   clock reconvergence pessimism
                                416.00 ^ v_decode.v_rf_ctrl.stage_rf_wr_en.internal_data[29]$_DFFE_PP0P_/CLK (DFFASRHQNx1_ASAP7_75t_R)
                       -164.04  251.96   library recovery time
                                251.96   data required time
-----------------------------------------------------------------------------
                                251.96   data required time
                               -781.95   data arrival time
-----------------------------------------------------------------------------
                               -529.99   slack (VIOLATED)


Startpoint: v_decode.v_rf_ctrl.stage_rf_wr_addr.internal_data[16]$_DFFE_PN_
            (rising edge-triggered flip-flop clocked by clk)
Endpoint: v_decode.v_rf_ctrl.stage_rf_wr_data.internal_data[134]$_DFFE_PN_
          (rising edge-triggered flip-flop clocked by clk)
Path Group: clk
Path Type: max

Fanout     Cap    Slew   Delay    Time   Description
-----------------------------------------------------------------------------
                  0.00    0.00    0.00   clock clk (rise edge)
                          0.00    0.00   clock network delay (ideal)
                  0.00    0.00    0.00 ^ v_decode.v_rf_ctrl.stage_rf_wr_addr.internal_data[16]$_DFFE_PN_/CLK (DFFHQNx1_ASAP7_75t_R)
  2319 2214.04 14617.72 4457.43 4457.43 ^ v_decode.v_rf_ctrl.stage_rf_wr_addr.internal_data[16]$_DFFE_PN_/QN (DFFHQNx1_ASAP7_75t_R)
                                         _000004_ (net)
               16840.80 2971.29 7428.72 ^ _226329_/A (INVx2_ASAP7_75t_R)
  1797 1723.77  402.62 63953.59 71382.32 v _226329_/Y (INVx2_ASAP7_75t_R)
                                         _136308_ (net)
                402.62 2151.86 73534.17 v _226451_/A2 (AO221x1_ASAP7_75t_R)
     5    6.66   73.19   69.54 73603.72 v _226451_/Y (AO221x1_ASAP7_75t_R)
                                         _136421_ (net)
                 73.58    2.70 73606.41 v _226453_/B (OR3x1_ASAP7_75t_R)
   104   94.60  576.34  252.60 73859.02 v _226453_/Y (OR3x1_ASAP7_75t_R)
                                         _136423_ (net)
                579.91   26.99 73886.00 v _226693_/A2 (OA21x2_ASAP7_75t_R)
     3    2.53   22.68   81.15 73967.15 v _226693_/Y (OA21x2_ASAP7_75t_R)
                                         _136663_ (net)
                 22.68    0.01 73967.16 v _226695_/A2 (OA211x2_ASAP7_75t_R)
     3    2.53   25.94   29.37 73996.53 v _226695_/Y (OA211x2_ASAP7_75t_R)
                                         _136665_ (net)
                 25.95    0.28 73996.81 v _226698_/B (OR3x1_ASAP7_75t_R)
     1    0.82   45.98   27.87 74024.68 v _226698_/Y (OR3x1_ASAP7_75t_R)
                                         _136668_ (net)
                 45.98    0.03 74024.70 v _226708_/A1 (AO21x2_ASAP7_75t_R)
     6    7.47   50.55   36.00 74060.71 v _226708_/Y (AO21x2_ASAP7_75t_R)
                                         _136678_ (net)
                 51.05    2.96 74063.67 v _226912_/A2 (AO21x1_ASAP7_75t_R)
    18   26.88  148.00   80.05 74143.72 v _226912_/Y (AO21x1_ASAP7_75t_R)
                                         _136882_ (net)
                148.11    2.47 74146.19 v _227075_/A (OR4x1_ASAP7_75t_R)
     4    5.42   41.32   69.68 74215.86 v _227075_/Y (OR4x1_ASAP7_75t_R)
                                         _137045_ (net)
                 41.49    1.49 74217.35 v _227087_/A2 (AO211x2_ASAP7_75t_R)
    13   28.93   84.91   51.94 74269.30 v _227087_/Y (AO211x2_ASAP7_75t_R)
                                         _137057_ (net)
                 85.43    4.07 74273.37 v _227121_/B (OR4x1_ASAP7_75t_R)
    10    9.97   66.65   72.22 74345.59 v _227121_/Y (OR4x1_ASAP7_75t_R)
                                         _137091_ (net)
                 66.97    2.76 74348.34 v _227140_/A1 (OAI21x1_ASAP7_75t_R)
    19   14.36  114.79   61.69 74410.03 ^ _227140_/Y (OAI21x1_ASAP7_75t_R)
                                         _137110_ (net)
                114.83    1.21 74411.24 ^ _227204_/A (AND4x1_ASAP7_75t_R)
     3    3.09   29.61   50.92 74462.16 ^ _227204_/Y (AND4x1_ASAP7_75t_R)
                                         _137174_ (net)
                 29.61    0.09 74462.25 ^ _227221_/A1 (AOI21x1_ASAP7_75t_R)
    17   16.72   89.43   40.15 74502.41 v _227221_/Y (AOI21x1_ASAP7_75t_R)
                                         _137191_ (net)
                 93.86   10.74 74513.15 v _227282_/B (OR5x1_ASAP7_75t_R)
     8   10.67   76.36   80.60 74593.75 v _227282_/Y (OR5x1_ASAP7_75t_R)
                                         _137252_ (net)
                 77.70    5.64 74599.39 v _227325_/A2 (AO211x2_ASAP7_75t_R)
    18   14.45   43.68   42.66 74642.05 v _227325_/Y (AO211x2_ASAP7_75t_R)
                                         _137295_ (net)
                 43.69    0.18 74642.23 v _227359_/B1 (OA33x2_ASAP7_75t_R)
    18   16.45   74.05   51.32 74693.55 v _227359_/Y (OA33x2_ASAP7_75t_R)
                                         _137329_ (net)
                 76.09    6.69 74700.25 v _227433_/A (OR3x2_ASAP7_75t_R)
    14   13.39   47.44   65.23 74765.48 v _227433_/Y (OR3x2_ASAP7_75t_R)
                                         _137403_ (net)
                 47.64    1.71 74767.20 v _227438_/A1 (OAI21x1_ASAP7_75t_R)
    18   15.16  117.56   57.26 74824.45 ^ _227438_/Y (OAI21x1_ASAP7_75t_R)
                                         _137408_ (net)
                117.67    2.03 74826.48 ^ _227490_/C (AND5x1_ASAP7_75t_R)
    12    9.68   79.18   75.35 74901.84 ^ _227490_/Y (AND5x1_ASAP7_75t_R)
                                         _137460_ (net)
                 79.51    3.04 74904.88 ^ _227535_/A2 (OA21x2_ASAP7_75t_R)
    10   11.58   41.55   42.55 74947.42 ^ _227535_/Y (OA21x2_ASAP7_75t_R)
                                         _137505_ (net)
                 41.90    2.09 74949.52 ^ _227557_/A1 (AO21x1_ASAP7_75t_R)
    36   38.30  246.05  110.38 75059.90 ^ _227557_/Y (AO21x1_ASAP7_75t_R)
                                         _137527_ (net)
                246.79    7.93 75067.83 ^ _227624_/A (AND3x1_ASAP7_75t_R)
    10   10.15   78.39   78.10 75145.92 ^ _227624_/Y (AND3x1_ASAP7_75t_R)
                                         _137594_ (net)
                 78.39    0.50 75146.42 ^ _227629_/B1 (AOI22x1_ASAP7_75t_R)
    24   20.92  215.42   61.73 75208.16 v _227629_/Y (AOI22x1_ASAP7_75t_R)
                                         _137599_ (net)
                215.42    0.59 75208.75 v _227692_/A (OR4x1_ASAP7_75t_R)
    28   39.10  237.46  161.13 75369.88 v _227692_/Y (OR4x1_ASAP7_75t_R)
                                         _137662_ (net)
                238.35    8.51 75378.39 v _227697_/A1 (OA21x2_ASAP7_75t_R)
    27   26.00   77.38   72.01 75450.40 v _227697_/Y (OA21x2_ASAP7_75t_R)
                                         _137667_ (net)
                 79.38    6.87 75457.27 v _227737_/B (OR4x1_ASAP7_75t_R)
    38   36.15  215.89  137.03 75594.30 v _227737_/Y (OR4x1_ASAP7_75t_R)
                                         _137707_ (net)
                216.09    3.92 75598.22 v _228565_/A1 (OAI21x1_ASAP7_75t_R)
    25   27.48  204.98  136.24 75734.45 ^ _228565_/Y (OAI21x1_ASAP7_75t_R)
                                         _138535_ (net)
                205.63    6.79 75741.25 ^ _228601_/B (AND4x1_ASAP7_75t_R)
    14   13.68  104.94   91.33 75832.58 ^ _228601_/Y (AND4x1_ASAP7_75t_R)
                                         _138571_ (net)
                105.19    3.12 75835.70 ^ _238321_/A1 (AO21x2_ASAP7_75t_R)
    50   48.80  158.60   87.73 75923.43 ^ _238321_/Y (AO21x2_ASAP7_75t_R)
                                         _148291_ (net)
                158.60    1.07 75924.51 ^ _238376_/C (AND5x1_ASAP7_75t_R)
     9   11.13   98.30   83.19 76007.70 ^ _238376_/Y (AND5x1_ASAP7_75t_R)
                                         _148346_ (net)
                 99.55    6.05 76013.74 ^ _238408_/A2 (OA211x2_ASAP7_75t_R)
    28   28.57   97.43   70.36 76084.10 ^ _238408_/Y (OA211x2_ASAP7_75t_R)
                                         _148378_ (net)
                100.04    8.69 76092.79 ^ _241576_/A1 (AO21x1_ASAP7_75t_R)
    70   77.07  495.98  207.36 76300.15 ^ _241576_/Y (AO21x1_ASAP7_75t_R)
                                         _151546_ (net)
                500.02   25.57 76325.71 ^ _241578_/A (NAND2x1_ASAP7_75t_R)
   194  156.65 1245.30  490.05 76815.77 v _241578_/Y (NAND2x1_ASAP7_75t_R)
                                         _151548_ (net)
               1323.26  182.69 76998.45 v _276327_/B (OA211x2_ASAP7_75t_R)
     1    0.55   40.72  241.70 77240.16 v _276327_/Y (OA211x2_ASAP7_75t_R)
                                         _186297_ (net)
                 40.72    0.00 77240.16 v _276329_/A (OR2x2_ASAP7_75t_R)
     4    3.80   17.21   32.04 77272.19 v _276329_/Y (OR2x2_ASAP7_75t_R)
                                         _186299_ (net)
                 17.22    0.15 77272.34 v _276332_/A (INVx1_ASAP7_75t_R)
     3    1.83   15.29   11.94 77284.27 ^ _276332_/Y (INVx1_ASAP7_75t_R)
                                         _186302_ (net)
                 15.29    0.01 77284.28 ^ _276333_/C (AND3x1_ASAP7_75t_R)
     1    0.50    9.96   20.50 77304.78 ^ _276333_/Y (AND3x1_ASAP7_75t_R)
                                         _186303_ (net)
                  9.96    0.00 77304.78 ^ _276334_/B1 (AO32x1_ASAP7_75t_R)
     1    1.03   11.64   19.51 77324.30 ^ _276334_/Y (AO32x1_ASAP7_75t_R)
                                         _186304_ (net)
                 11.64    0.01 77324.31 ^ _276338_/B (AOI211x1_ASAP7_75t_R)
     4    3.86   44.29   16.03 77340.34 v _276338_/Y (AOI211x1_ASAP7_75t_R)
                                         _186308_ (net)
                 44.29    0.15 77340.48 v _276381_/A1 (AO21x1_ASAP7_75t_R)
     2    2.05   14.45   27.40 77367.88 v _276381_/Y (AO21x1_ASAP7_75t_R)
                                         _186351_ (net)
                 14.45    0.01 77367.90 v _276382_/B (OA21x2_ASAP7_75t_R)
     5    4.22   16.09   19.36 77387.26 v _276382_/Y (OA21x2_ASAP7_75t_R)
                                         _186352_ (net)
                 16.09    0.10 77387.36 v _276413_/B (AND4x1_ASAP7_75t_R)
     1    0.54    6.39   15.67 77403.03 v _276413_/Y (AND4x1_ASAP7_75t_R)
                                         _186383_ (net)
                  6.39    0.00 77403.03 v _276414_/A3 (AO32x1_ASAP7_75t_R)
     1    0.73    8.60   22.18 77425.20 v _276414_/Y (AO32x1_ASAP7_75t_R)
                                         _186384_ (net)
                  8.60    0.01 77425.22 v _276415_/B (AO21x1_ASAP7_75t_R)
     2    2.23   14.81   20.02 77445.23 v _276415_/Y (AO21x1_ASAP7_75t_R)
                                         _186385_ (net)
                 14.81    0.05 77445.29 v _276416_/B (XNOR2x2_ASAP7_75t_R)
     1    1.25    9.60   26.15 77471.44 ^ _276416_/Y (XNOR2x2_ASAP7_75t_R)
                                         _186386_ (net)
                  9.60    0.01 77471.44 ^ _276445_/B (MAJx2_ASAP7_75t_R)
     2    2.20   13.06   23.75 77495.19 ^ _276445_/Y (MAJx2_ASAP7_75t_R)
                                         _186415_ (net)
                 13.06    0.03 77495.22 ^ _276577_/A (XNOR2x2_ASAP7_75t_R)
     2    1.69   10.47   31.27 77526.48 v _276577_/Y (XNOR2x2_ASAP7_75t_R)
                                         _186547_ (net)
                 10.47    0.01 77526.50 v _277126_/A (XOR2x2_ASAP7_75t_R)
     1    1.05    8.94   27.97 77554.47 ^ _277126_/Y (XOR2x2_ASAP7_75t_R)
                                         _187096_ (net)
                  8.94    0.01 77554.48 ^ _277127_/B (XNOR2x2_ASAP7_75t_R)
     3    2.33   12.34   31.41 77585.88 v _277127_/Y (XNOR2x2_ASAP7_75t_R)
                                         _187097_ (net)
                 12.34    0.01 77585.90 v _277130_/A (OR2x2_ASAP7_75t_R)
     4    3.02   13.58   24.34 77610.23 v _277130_/Y (OR2x2_ASAP7_75t_R)
                                         _187100_ (net)
                 13.59    0.06 77610.29 v _277141_/D (OR4x1_ASAP7_75t_R)
     3    2.85   23.67   40.59 77650.88 v _277141_/Y (OR4x1_ASAP7_75t_R)
                                         _187111_ (net)
                 23.67    0.08 77650.96 v _277147_/C (MAJx2_ASAP7_75t_R)
     1    0.63    7.78   26.34 77677.30 v _277147_/Y (MAJx2_ASAP7_75t_R)
                                         _187117_ (net)
                  7.78    0.01 77677.30 v _277149_/B1 (AO221x1_ASAP7_75t_R)
     1    1.11   10.62   21.00 77698.30 v _277149_/Y (AO221x1_ASAP7_75t_R)
                                         _187119_ (net)
                 10.62    0.01 77698.31 v _277151_/A (XNOR2x2_ASAP7_75t_R)
     6    5.34   23.59   32.18 77730.49 ^ _277151_/Y (XNOR2x2_ASAP7_75t_R)
                                         _187121_ (net)
                 23.59    0.01 77730.51 ^ _277154_/A (XNOR2x2_ASAP7_75t_R)
     6    6.35   23.66   41.94 77772.44 v _277154_/Y (XNOR2x2_ASAP7_75t_R)
                                         _187124_ (net)
                 23.66    0.04 77772.48 v _277222_/A1 (OA31x2_ASAP7_75t_R)
     1    0.84    7.93   19.15 77791.63 v _277222_/Y (OA31x2_ASAP7_75t_R)
                                         _187192_ (net)
                  7.93    0.03 77791.66 v _277224_/A2 (OA21x2_ASAP7_75t_R)
    14   12.90   37.64   32.91 77824.57 v _277224_/Y (OA21x2_ASAP7_75t_R)
                                         _187194_ (net)
                 37.66    0.50 77825.07 v _277508_/A (OR3x1_ASAP7_75t_R)
     1    0.93   11.43   30.69 77855.76 v _277508_/Y (OR3x1_ASAP7_75t_R)
                                         _187478_ (net)
                 11.43    0.01 77855.77 v _277509_/B (XNOR2x2_ASAP7_75t_R)
     2    2.50   12.86   25.51 77881.27 v _277509_/Y (XNOR2x2_ASAP7_75t_R)
                                         _187479_ (net)
                 12.86    0.07 77881.34 v _277510_/B (XNOR2x1_ASAP7_75t_R)
     9    7.89   46.20   34.38 77915.72 v _277510_/Y (XNOR2x1_ASAP7_75t_R)
                                         _187480_ (net)
                 46.21    0.21 77915.93 v _277511_/B (AO21x1_ASAP7_75t_R)
     2    1.24   10.34   23.82 77939.74 v _277511_/Y (AO21x1_ASAP7_75t_R)
                                         _187481_ (net)
                 10.34    0.00 77939.74 v _277518_/A2 (OA21x2_ASAP7_75t_R)
     3    3.01   12.14   20.93 77960.68 v _277518_/Y (OA21x2_ASAP7_75t_R)
                                         _187488_ (net)
                 12.16    0.23 77960.91 v _277818_/A1 (OA21x2_ASAP7_75t_R)
     8    6.44   21.36   25.54 77986.45 v _277818_/Y (OA21x2_ASAP7_75t_R)
                                         _187788_ (net)
                 21.49    0.95 77987.40 v _277832_/B (OR4x1_ASAP7_75t_R)
     4    3.49   27.75   42.42 78029.82 v _277832_/Y (OR4x1_ASAP7_75t_R)
                                         _187802_ (net)
                 27.75    0.11 78029.93 v _277835_/A (XOR2x2_ASAP7_75t_R)
     8    5.69   21.72   36.59 78066.52 v _277835_/Y (XOR2x2_ASAP7_75t_R)
                                         _187805_ (net)
                 21.72    0.14 78066.65 v _285824_/B2 (AO222x2_ASAP7_75t_R)
     4    3.90   17.96   39.15 78105.80 v _285824_/Y (AO222x2_ASAP7_75t_R)
                                         _195794_ (net)
                 17.96    0.05 78105.85 v _285862_/C (OA211x2_ASAP7_75t_R)
     1    0.66    9.17   29.71 78135.55 v _285862_/Y (OA211x2_ASAP7_75t_R)
                                         _195832_ (net)
                  9.17    0.00 78135.55 v _285863_/B (AO21x1_ASAP7_75t_R)
     1    2.08   14.21   19.65 78155.21 v _285863_/Y (AO21x1_ASAP7_75t_R)
                                         _195833_ (net)
                 14.23    0.30 78155.51 v _285865_/A (XNOR2x2_ASAP7_75t_R)
     5    6.67   28.82   34.62 78190.12 ^ _285865_/Y (XNOR2x2_ASAP7_75t_R)
                                         _195835_ (net)
                 28.93    1.01 78191.13 ^ _285871_/A (NOR2x1_ASAP7_75t_R)
     1    0.58   12.65   13.32 78204.45 v _285871_/Y (NOR2x1_ASAP7_75t_R)
                                         _195841_ (net)
                 12.65    0.00 78204.45 v _285872_/E (OR5x1_ASAP7_75t_R)
     4    3.98   32.82   52.44 78256.89 v _285872_/Y (OR5x1_ASAP7_75t_R)
                                         _195842_ (net)
                 32.82    0.13 78257.02 v _293953_/A (NAND2x1_ASAP7_75t_R)
     4    4.27   38.70   29.86 78286.88 ^ _293953_/Y (NAND2x1_ASAP7_75t_R)
                                         _203923_ (net)
                 38.70    0.16 78287.04 ^ _293956_/A (XNOR2x2_ASAP7_75t_R)
     5    5.46   22.08   43.27 78330.31 v _293956_/Y (XNOR2x2_ASAP7_75t_R)
                                         _203926_ (net)
                 22.14    0.69 78331.00 v _293957_/B (OR2x2_ASAP7_75t_R)
     1    1.33    9.08   24.03 78355.03 v _293957_/Y (OR2x2_ASAP7_75t_R)
                                         _203927_ (net)
                  9.08    0.00 78355.03 v _293958_/C (NOR3x1_ASAP7_75t_R)
     3    2.02   25.94   15.37 78370.40 ^ _293958_/Y (NOR3x1_ASAP7_75t_R)
                                         _203928_ (net)
                 25.94    0.01 78370.41 ^ _293969_/B (AND4x1_ASAP7_75t_R)
     1    0.65   11.51   27.65 78398.06 ^ _293969_/Y (AND4x1_ASAP7_75t_R)
                                         _203939_ (net)
                 11.51    0.02 78398.08 ^ _293970_/C (OA211x2_ASAP7_75t_R)
     9    7.97   30.60   31.65 78429.73 ^ _293970_/Y (OA211x2_ASAP7_75t_R)
                                         _203940_ (net)
                 30.67    0.81 78430.54 ^ _293972_/B (OA21x2_ASAP7_75t_R)
     7    6.08   22.76   27.73 78458.27 ^ _293972_/Y (OA21x2_ASAP7_75t_R)
                                         _203942_ (net)
                 22.78    0.39 78458.66 ^ _294000_/A (AND5x1_ASAP7_75t_R)
     8    6.37   53.67   51.12 78509.78 ^ _294000_/Y (AND5x1_ASAP7_75t_R)
                                         _203970_ (net)
                 53.68    0.41 78510.19 ^ _294049_/A (AND4x2_ASAP7_75t_R)
     6    5.49   29.22   49.08 78559.27 ^ _294049_/Y (AND4x2_ASAP7_75t_R)
                                         _204019_ (net)
                 29.23    0.33 78559.61 ^ _294050_/B (AND2x4_ASAP7_75t_R)
     9    8.44   19.67   27.58 78587.19 ^ _294050_/Y (AND2x4_ASAP7_75t_R)
                                         _204020_ (net)
                 19.67    0.16 78587.35 ^ _294079_/A (AND4x1_ASAP7_75t_R)
     3    2.64   25.49   33.81 78621.16 ^ _294079_/Y (AND4x1_ASAP7_75t_R)
                                         _204049_ (net)
                 25.50    0.17 78621.33 ^ _294513_/D (AND4x1_ASAP7_75t_R)
     3    2.98   27.54   37.16 78658.48 ^ _294513_/Y (AND4x1_ASAP7_75t_R)
                                         _204483_ (net)
                 27.54    0.13 78658.62 ^ _294514_/B (XNOR2x2_ASAP7_75t_R)
     3    3.93   19.45   30.44 78689.05 ^ _294514_/Y (XNOR2x2_ASAP7_75t_R)
                                         _204484_ (net)
                 19.53    0.72 78689.77 ^ _294535_/B (OR2x2_ASAP7_75t_R)
     2    2.28   12.98   21.43 78711.20 ^ _294535_/Y (OR2x2_ASAP7_75t_R)
                                         _204505_ (net)
                 12.98    0.01 78711.22 ^ _294536_/A (AND2x4_ASAP7_75t_R)
     3    2.98    9.59   18.13 78729.34 ^ _294536_/Y (AND2x4_ASAP7_75t_R)
                                         _204506_ (net)
                  9.59    0.01 78729.36 ^ _294545_/A3 (AO31x2_ASAP7_75t_R)
     2    2.20   12.21   17.88 78747.24 ^ _294545_/Y (AO31x2_ASAP7_75t_R)
                                         _204515_ (net)
                 12.21    0.05 78747.29 ^ _294559_/A2 (AOI211x1_ASAP7_75t_R)
     7    5.40   59.69   32.62 78779.91 v _294559_/Y (AOI211x1_ASAP7_75t_R)
                                         _204529_ (net)
                 59.69    0.28 78780.20 v _329683_/A2 (OA21x2_ASAP7_75t_R)
     5    4.18   16.50   33.79 78813.98 v _329683_/Y (OA21x2_ASAP7_75t_R)
                                         _042959_ (net)
                 16.50    0.03 78814.01 v _329781_/B (AND2x2_ASAP7_75t_R)
     4    4.09   16.50   24.13 78838.14 v _329781_/Y (AND2x2_ASAP7_75t_R)
                                         _043067_ (net)
                 16.51    0.11 78838.25 v _329782_/B (XNOR2x1_ASAP7_75t_R)
     3    2.84   28.44   24.07 78862.32 v _329782_/Y (XNOR2x1_ASAP7_75t_R)
                                         _043068_ (net)
                 28.44    0.02 78862.34 v _329783_/B (AND2x2_ASAP7_75t_R)
     2    1.22    8.60   23.21 78885.55 v _329783_/Y (AND2x2_ASAP7_75t_R)
                                         _043069_ (net)
                  8.60    0.03 78885.59 v _329820_/D (OR5x1_ASAP7_75t_R)
     1    0.65   12.47   37.55 78923.13 v _329820_/Y (OR5x1_ASAP7_75t_R)
                                         _043110_ (net)
                 12.47    0.01 78923.14 v _331185_/B1 (OA33x2_ASAP7_75t_R)
     3    2.95   16.22   30.64 78953.77 v _331185_/Y (OA33x2_ASAP7_75t_R)
                                         _044610_ (net)
                 16.23    0.18 78953.96 v _362491_/A (NAND2x1_ASAP7_75t_R)
     3    2.39   23.01   18.03 78971.99 ^ _362491_/Y (NAND2x1_ASAP7_75t_R)
                                         _079007_ (net)
                 23.01    0.05 78972.05 ^ _362492_/B (NAND2x1_ASAP7_75t_R)
     2    2.18   20.89   14.08 78986.12 v _362492_/Y (NAND2x1_ASAP7_75t_R)
                                         _079008_ (net)
                 20.89    0.03 78986.15 v _362494_/A (XNOR2x2_ASAP7_75t_R)
     7    5.77   25.08   35.25 79021.40 ^ _362494_/Y (XNOR2x2_ASAP7_75t_R)
                                         _079010_ (net)
                 25.08    0.06 79021.45 ^ _362495_/B (AND2x2_ASAP7_75t_R)
     4    4.66   21.52   27.87 79049.32 ^ _362495_/Y (AND2x2_ASAP7_75t_R)
                                         _079011_ (net)
                 21.61    0.77 79050.09 ^ _362524_/B (AND5x2_ASAP7_75t_R)
     9    7.47   35.82   44.32 79094.42 ^ _362524_/Y (AND5x2_ASAP7_75t_R)
                                         _079043_ (net)
                 35.82    0.58 79094.99 ^ _362560_/A (AND4x1_ASAP7_75t_R)
    10    7.36   58.20   53.00 79147.99 ^ _362560_/Y (AND4x1_ASAP7_75t_R)
                                         _079083_ (net)
                 58.24    0.78 79148.77 ^ _362562_/C (AND3x1_ASAP7_75t_R)
     4    3.13   27.53   35.39 79184.16 ^ _362562_/Y (AND3x1_ASAP7_75t_R)
                                         _079085_ (net)
                 27.53    0.30 79184.46 ^ _362572_/A (AND2x2_ASAP7_75t_R)
     6    4.34   20.11   26.55 79211.01 ^ _362572_/Y (AND2x2_ASAP7_75t_R)
                                         _079096_ (net)
                 20.13    0.28 79211.29 ^ _362625_/C (AND3x1_ASAP7_75t_R)
     2    1.24   14.14   24.33 79235.62 ^ _362625_/Y (AND3x1_ASAP7_75t_R)
                                         _079154_ (net)
                 14.14    0.01 79235.63 ^ _362626_/C (AND3x1_ASAP7_75t_R)
     1    0.70   10.98   21.12 79256.75 ^ _362626_/Y (AND3x1_ASAP7_75t_R)
                                         _079155_ (net)
                 10.98    0.00 79256.75 ^ _362627_/A (INVx1_ASAP7_75t_R)
     1    0.61    6.10    5.73 79262.48 v _362627_/Y (INVx1_ASAP7_75t_R)
                                         _079156_ (net)
                  6.10    0.00 79262.48 v _362629_/B (AND3x1_ASAP7_75t_R)
     1    0.92    7.83   13.17 79275.65 v _362629_/Y (AND3x1_ASAP7_75t_R)
                                         _079158_ (net)
                  7.83    0.01 79275.66 v _362630_/B (XNOR2x2_ASAP7_75t_R)
     5    5.28   23.73   30.66 79306.32 ^ _362630_/Y (XNOR2x2_ASAP7_75t_R)
                                         _079160_ (net)
                 23.76    0.40 79306.72 ^ _363481_/B (MAJx2_ASAP7_75t_R)
     2    1.27   10.00   26.03 79332.74 ^ _363481_/Y (MAJx2_ASAP7_75t_R)
                                         _080095_ (net)
                 10.00    0.01 79332.75 ^ _363497_/A (OR3x1_ASAP7_75t_R)
     1    0.63    8.19   12.49 79345.24 ^ _363497_/Y (OR3x1_ASAP7_75t_R)
                                         _080112_ (net)
                  8.19    0.00 79345.24 ^ _363498_/B (AO21x1_ASAP7_75t_R)
     2    1.82   14.85   14.40 79359.64 ^ _363498_/Y (AO21x1_ASAP7_75t_R)
                                         _080113_ (net)
                 14.85    0.09 79359.73 ^ _363501_/A2 (AO22x1_ASAP7_75t_R)
     2    1.81   15.38   22.41 79382.14 ^ _363501_/Y (AO22x1_ASAP7_75t_R)
                                         _080117_ (net)
                 15.39    0.06 79382.20 ^ _363502_/B (AND2x2_ASAP7_75t_R)
     2    1.82   11.00   20.43 79402.62 ^ _363502_/Y (AND2x2_ASAP7_75t_R)
                                         _080118_ (net)
                 11.00    0.01 79402.63 ^ _363511_/A (MAJx2_ASAP7_75t_R)
     1    0.72    7.92   19.27 79421.90 ^ _363511_/Y (MAJx2_ASAP7_75t_R)
                                         _080128_ (net)
                  7.92    0.02 79421.92 ^ _363525_/A2 (OA211x2_ASAP7_75t_R)
     3    2.18   12.45   21.05 79442.98 ^ _363525_/Y (OA211x2_ASAP7_75t_R)
                                         _080143_ (net)
                 12.46    0.08 79443.05 ^ _363534_/A (MAJx2_ASAP7_75t_R)
     1    1.14    9.51   20.61 79463.66 ^ _363534_/Y (MAJx2_ASAP7_75t_R)
                                         _080153_ (net)
                  9.51    0.01 79463.68 ^ _363536_/A2 (AOI21x1_ASAP7_75t_R)
     4    3.91   22.38   13.36 79477.04 v _363536_/Y (AOI21x1_ASAP7_75t_R)
                                         _080155_ (net)
                 22.38    0.14 79477.17 v _363672_/A1 (OAI21x1_ASAP7_75t_R)
    16   14.43   91.68   47.18 79524.35 ^ _363672_/Y (OAI21x1_ASAP7_75t_R)
                                         _080305_ (net)
                 91.86    2.37 79526.72 ^ _366337_/A (AND4x1_ASAP7_75t_R)
    13   12.10   94.30   75.12 79601.84 ^ _366337_/Y (AND4x1_ASAP7_75t_R)
                                         _083233_ (net)
                 94.98    4.61 79606.45 ^ _366496_/C (AND5x1_ASAP7_75t_R)
     2    1.36   19.38   47.72 79654.17 ^ _366496_/Y (AND5x1_ASAP7_75t_R)
                                         _083408_ (net)
                 19.38    0.03 79654.20 ^ _368037_/D (AND4x1_ASAP7_75t_R)
     5    3.94   34.33   39.60 79693.80 ^ _368037_/Y (AND4x1_ASAP7_75t_R)
                                         _085101_ (net)
                 34.34    0.27 79694.07 ^ _373893_/C (AND5x1_ASAP7_75t_R)
     7    5.66   47.74   53.74 79747.80 ^ _373893_/Y (AND5x1_ASAP7_75t_R)
                                         _091536_ (net)
                 47.74    0.31 79748.11 ^ _376887_/B (AND4x1_ASAP7_75t_R)
     9    7.86   61.95   56.97 79805.09 ^ _376887_/Y (AND4x1_ASAP7_75t_R)
                                         _094825_ (net)
                 61.98    0.75 79805.83 ^ _376896_/B (AND3x1_ASAP7_75t_R)
     2    2.20   21.38   34.71 79840.54 ^ _376896_/Y (AND3x1_ASAP7_75t_R)
                                         _094835_ (net)
                 21.38    0.02 79840.56 ^ _378397_/B (NAND2x1_ASAP7_75t_R)
     3    3.01   20.76   16.07 79856.63 v _378397_/Y (NAND2x1_ASAP7_75t_R)
                                         _096484_ (net)
                 20.76    0.05 79856.68 v _378402_/A (XNOR2x2_ASAP7_75t_R)
     1    1.12    8.78   25.85 79882.53 v _378402_/Y (XNOR2x2_ASAP7_75t_R)
                                         _096490_ (net)
                  8.78    0.01 79882.54 v _378403_/B1 (AOI22x1_ASAP7_75t_R)
     1   10.73  448.88   32.69 79915.23 ^ _378403_/Y (AOI22x1_ASAP7_75t_R)
                                         _096491_ (net)
                449.68   10.66 79925.89 ^ _378404_/B (XNOR2x2_ASAP7_75t_R)
     4    3.53   25.77   73.56 79999.45 ^ _378404_/Y (XNOR2x2_ASAP7_75t_R)
                                         _096492_ (net)
                 25.77    0.07 79999.52 ^ _379854_/C (AND5x1_ASAP7_75t_R)
     4    3.57   32.87   45.67 80045.19 ^ _379854_/Y (AND5x1_ASAP7_75t_R)
                                         _098082_ (net)
                 32.87    0.07 80045.26 ^ _380966_/B (AND3x1_ASAP7_75t_R)
     1    1.18   13.93   26.78 80072.04 ^ _380966_/Y (AND3x1_ASAP7_75t_R)
                                         _099302_ (net)
                 13.93    0.03 80072.07 ^ _380994_/A (XNOR2x2_ASAP7_75t_R)
     1    1.11    8.72   30.33 80102.41 v _380994_/Y (XNOR2x2_ASAP7_75t_R)
                                         _099332_ (net)
                  8.72    0.01 80102.41 v _380995_/B (NAND2x1_ASAP7_75t_R)
     1    1.22  357.09    9.88 80112.30 ^ _380995_/Y (NAND2x1_ASAP7_75t_R)
                                         _099333_ (net)
                357.09    0.11 80112.41 ^ _381058_/A1 (AO221x1_ASAP7_75t_R)
     5    5.15   40.15   76.52 80188.93 ^ _381058_/Y (AO221x1_ASAP7_75t_R)
                                         _099402_ (net)
                 40.31    1.41 80190.34 ^ _381204_/B1 (AO221x1_ASAP7_75t_R)
     1    4.26   62.23   35.76 80226.09 ^ _381204_/Y (AO221x1_ASAP7_75t_R)
                                         _099563_ (net)
                 62.38    1.66 80227.76 ^ _381205_/B (OA21x2_ASAP7_75t_R)
     1    0.64    7.37   22.47 80250.23 ^ _381205_/Y (OA21x2_ASAP7_75t_R)
                                         _005332_ (net)
                  7.37    0.00 80250.23 ^ v_decode.v_rf_ctrl.stage_rf_wr_data.internal_data[134]$_DFFE_PN_/D (DFFHQNx1_ASAP7_75t_R)
                               80250.23   data arrival time

                  0.00  416.00  416.00   clock clk (rise edge)
                          0.00  416.00   clock network delay (ideal)
                          0.00  416.00   clock reconvergence pessimism
                                416.00 ^ v_decode.v_rf_ctrl.stage_rf_wr_data.internal_data[134]$_DFFE_PN_/CLK (DFFHQNx1_ASAP7_75t_R)
                        -15.14  400.86   library setup time
                                400.86   data required time
-----------------------------------------------------------------------------
                                400.86   data required time
                               -80250.23   data arrival time
-----------------------------------------------------------------------------
                               -79849.38   slack (VIOLATED)



==========================================================================
global place report_checks -unconstrained
--------------------------------------------------------------------------
Startpoint: rst (input port clocked by clk)
Endpoint: v_decode.v_rf_ctrl.stage_rf_wr_en.internal_data[29]$_DFFE_PP0P_
          (recovery check against rising-edge clock clk)
Path Group: asynchronous
Path Type: max

Fanout     Cap    Slew   Delay    Time   Description
-----------------------------------------------------------------------------
                  0.00    0.00    0.00   clock clk (rise edge)
                          0.00    0.00   clock network delay (ideal)
                         83.20   83.20 v input external delay
     1    4.84    0.00    0.00   83.20 v rst (in)
                                         rst (net)
                  4.74    1.49   84.69 v _205461_/A (INVx1_ASAP7_75t_R)
   144  202.68 1361.58  369.88  454.58 ^ _205461_/Y (INVx1_ASAP7_75t_R)
                                         _004863_ (net)
               1646.37  327.37  781.95 ^ v_decode.v_rf_ctrl.stage_rf_wr_en.internal_data[29]$_DFFE_PP0P_/SETN (DFFASRHQNx1_ASAP7_75t_R)
                                781.95   data arrival time

                  0.00  416.00  416.00   clock clk (rise edge)
                          0.00  416.00   clock network delay (ideal)
                          0.00  416.00   clock reconvergence pessimism
                                416.00 ^ v_decode.v_rf_ctrl.stage_rf_wr_en.internal_data[29]$_DFFE_PP0P_/CLK (DFFASRHQNx1_ASAP7_75t_R)
                       -164.04  251.96   library recovery time
                                251.96   data required time
-----------------------------------------------------------------------------
                                251.96   data required time
                               -781.95   data arrival time
-----------------------------------------------------------------------------
                               -529.99   slack (VIOLATED)


Startpoint: v_decode.v_rf_ctrl.stage_rf_wr_addr.internal_data[16]$_DFFE_PN_
            (rising edge-triggered flip-flop clocked by clk)
Endpoint: v_decode.v_rf_ctrl.stage_rf_wr_data.internal_data[134]$_DFFE_PN_
          (rising edge-triggered flip-flop clocked by clk)
Path Group: clk
Path Type: max

Fanout     Cap    Slew   Delay    Time   Description
-----------------------------------------------------------------------------
                  0.00    0.00    0.00   clock clk (rise edge)
                          0.00    0.00   clock network delay (ideal)
                  0.00    0.00    0.00 ^ v_decode.v_rf_ctrl.stage_rf_wr_addr.internal_data[16]$_DFFE_PN_/CLK (DFFHQNx1_ASAP7_75t_R)
  2319 2214.04 14617.72 4457.43 4457.43 ^ v_decode.v_rf_ctrl.stage_rf_wr_addr.internal_data[16]$_DFFE_PN_/QN (DFFHQNx1_ASAP7_75t_R)
                                         _000004_ (net)
               16840.80 2971.29 7428.72 ^ _226329_/A (INVx2_ASAP7_75t_R)
  1797 1723.77  402.62 63953.59 71382.32 v _226329_/Y (INVx2_ASAP7_75t_R)
                                         _136308_ (net)
                402.62 2151.86 73534.17 v _226451_/A2 (AO221x1_ASAP7_75t_R)
     5    6.66   73.19   69.54 73603.72 v _226451_/Y (AO221x1_ASAP7_75t_R)
                                         _136421_ (net)
                 73.58    2.70 73606.41 v _226453_/B (OR3x1_ASAP7_75t_R)
   104   94.60  576.34  252.60 73859.02 v _226453_/Y (OR3x1_ASAP7_75t_R)
                                         _136423_ (net)
                579.91   26.99 73886.00 v _226693_/A2 (OA21x2_ASAP7_75t_R)
     3    2.53   22.68   81.15 73967.15 v _226693_/Y (OA21x2_ASAP7_75t_R)
                                         _136663_ (net)
                 22.68    0.01 73967.16 v _226695_/A2 (OA211x2_ASAP7_75t_R)
     3    2.53   25.94   29.37 73996.53 v _226695_/Y (OA211x2_ASAP7_75t_R)
                                         _136665_ (net)
                 25.95    0.28 73996.81 v _226698_/B (OR3x1_ASAP7_75t_R)
     1    0.82   45.98   27.87 74024.68 v _226698_/Y (OR3x1_ASAP7_75t_R)
                                         _136668_ (net)
                 45.98    0.03 74024.70 v _226708_/A1 (AO21x2_ASAP7_75t_R)
     6    7.47   50.55   36.00 74060.71 v _226708_/Y (AO21x2_ASAP7_75t_R)
                                         _136678_ (net)
                 51.05    2.96 74063.67 v _226912_/A2 (AO21x1_ASAP7_75t_R)
    18   26.88  148.00   80.05 74143.72 v _226912_/Y (AO21x1_ASAP7_75t_R)
                                         _136882_ (net)
                148.11    2.47 74146.19 v _227075_/A (OR4x1_ASAP7_75t_R)
     4    5.42   41.32   69.68 74215.86 v _227075_/Y (OR4x1_ASAP7_75t_R)
                                         _137045_ (net)
                 41.49    1.49 74217.35 v _227087_/A2 (AO211x2_ASAP7_75t_R)
    13   28.93   84.91   51.94 74269.30 v _227087_/Y (AO211x2_ASAP7_75t_R)
                                         _137057_ (net)
                 85.43    4.07 74273.37 v _227121_/B (OR4x1_ASAP7_75t_R)
    10    9.97   66.65   72.22 74345.59 v _227121_/Y (OR4x1_ASAP7_75t_R)
                                         _137091_ (net)
                 66.97    2.76 74348.34 v _227140_/A1 (OAI21x1_ASAP7_75t_R)
    19   14.36  114.79   61.69 74410.03 ^ _227140_/Y (OAI21x1_ASAP7_75t_R)
                                         _137110_ (net)
                114.83    1.21 74411.24 ^ _227204_/A (AND4x1_ASAP7_75t_R)
     3    3.09   29.61   50.92 74462.16 ^ _227204_/Y (AND4x1_ASAP7_75t_R)
                                         _137174_ (net)
                 29.61    0.09 74462.25 ^ _227221_/A1 (AOI21x1_ASAP7_75t_R)
    17   16.72   89.43   40.15 74502.41 v _227221_/Y (AOI21x1_ASAP7_75t_R)
                                         _137191_ (net)
                 93.86   10.74 74513.15 v _227282_/B (OR5x1_ASAP7_75t_R)
     8   10.67   76.36   80.60 74593.75 v _227282_/Y (OR5x1_ASAP7_75t_R)
                                         _137252_ (net)
                 77.70    5.64 74599.39 v _227325_/A2 (AO211x2_ASAP7_75t_R)
    18   14.45   43.68   42.66 74642.05 v _227325_/Y (AO211x2_ASAP7_75t_R)
                                         _137295_ (net)
                 43.69    0.18 74642.23 v _227359_/B1 (OA33x2_ASAP7_75t_R)
    18   16.45   74.05   51.32 74693.55 v _227359_/Y (OA33x2_ASAP7_75t_R)
                                         _137329_ (net)
                 76.09    6.69 74700.25 v _227433_/A (OR3x2_ASAP7_75t_R)
    14   13.39   47.44   65.23 74765.48 v _227433_/Y (OR3x2_ASAP7_75t_R)
                                         _137403_ (net)
                 47.64    1.71 74767.20 v _227438_/A1 (OAI21x1_ASAP7_75t_R)
    18   15.16  117.56   57.26 74824.45 ^ _227438_/Y (OAI21x1_ASAP7_75t_R)
                                         _137408_ (net)
                117.67    2.03 74826.48 ^ _227490_/C (AND5x1_ASAP7_75t_R)
    12    9.68   79.18   75.35 74901.84 ^ _227490_/Y (AND5x1_ASAP7_75t_R)
                                         _137460_ (net)
                 79.51    3.04 74904.88 ^ _227535_/A2 (OA21x2_ASAP7_75t_R)
    10   11.58   41.55   42.55 74947.42 ^ _227535_/Y (OA21x2_ASAP7_75t_R)
                                         _137505_ (net)
                 41.90    2.09 74949.52 ^ _227557_/A1 (AO21x1_ASAP7_75t_R)
    36   38.30  246.05  110.38 75059.90 ^ _227557_/Y (AO21x1_ASAP7_75t_R)
                                         _137527_ (net)
                246.79    7.93 75067.83 ^ _227624_/A (AND3x1_ASAP7_75t_R)
    10   10.15   78.39   78.10 75145.92 ^ _227624_/Y (AND3x1_ASAP7_75t_R)
                                         _137594_ (net)
                 78.39    0.50 75146.42 ^ _227629_/B1 (AOI22x1_ASAP7_75t_R)
    24   20.92  215.42   61.73 75208.16 v _227629_/Y (AOI22x1_ASAP7_75t_R)
                                         _137599_ (net)
                215.42    0.59 75208.75 v _227692_/A (OR4x1_ASAP7_75t_R)
    28   39.10  237.46  161.13 75369.88 v _227692_/Y (OR4x1_ASAP7_75t_R)
                                         _137662_ (net)
                238.35    8.51 75378.39 v _227697_/A1 (OA21x2_ASAP7_75t_R)
    27   26.00   77.38   72.01 75450.40 v _227697_/Y (OA21x2_ASAP7_75t_R)
                                         _137667_ (net)
                 79.38    6.87 75457.27 v _227737_/B (OR4x1_ASAP7_75t_R)
    38   36.15  215.89  137.03 75594.30 v _227737_/Y (OR4x1_ASAP7_75t_R)
                                         _137707_ (net)
                216.09    3.92 75598.22 v _228565_/A1 (OAI21x1_ASAP7_75t_R)
    25   27.48  204.98  136.24 75734.45 ^ _228565_/Y (OAI21x1_ASAP7_75t_R)
                                         _138535_ (net)
                205.63    6.79 75741.25 ^ _228601_/B (AND4x1_ASAP7_75t_R)
    14   13.68  104.94   91.33 75832.58 ^ _228601_/Y (AND4x1_ASAP7_75t_R)
                                         _138571_ (net)
                105.19    3.12 75835.70 ^ _238321_/A1 (AO21x2_ASAP7_75t_R)
    50   48.80  158.60   87.73 75923.43 ^ _238321_/Y (AO21x2_ASAP7_75t_R)
                                         _148291_ (net)
                158.60    1.07 75924.51 ^ _238376_/C (AND5x1_ASAP7_75t_R)
     9   11.13   98.30   83.19 76007.70 ^ _238376_/Y (AND5x1_ASAP7_75t_R)
                                         _148346_ (net)
                 99.55    6.05 76013.74 ^ _238408_/A2 (OA211x2_ASAP7_75t_R)
    28   28.57   97.43   70.36 76084.10 ^ _238408_/Y (OA211x2_ASAP7_75t_R)
                                         _148378_ (net)
                100.04    8.69 76092.79 ^ _241576_/A1 (AO21x1_ASAP7_75t_R)
    70   77.07  495.98  207.36 76300.15 ^ _241576_/Y (AO21x1_ASAP7_75t_R)
                                         _151546_ (net)
                500.02   25.57 76325.71 ^ _241578_/A (NAND2x1_ASAP7_75t_R)
   194  156.65 1245.30  490.05 76815.77 v _241578_/Y (NAND2x1_ASAP7_75t_R)
                                         _151548_ (net)
               1323.26  182.69 76998.45 v _276327_/B (OA211x2_ASAP7_75t_R)
     1    0.55   40.72  241.70 77240.16 v _276327_/Y (OA211x2_ASAP7_75t_R)
                                         _186297_ (net)
                 40.72    0.00 77240.16 v _276329_/A (OR2x2_ASAP7_75t_R)
     4    3.80   17.21   32.04 77272.19 v _276329_/Y (OR2x2_ASAP7_75t_R)
                                         _186299_ (net)
                 17.22    0.15 77272.34 v _276332_/A (INVx1_ASAP7_75t_R)
     3    1.83   15.29   11.94 77284.27 ^ _276332_/Y (INVx1_ASAP7_75t_R)
                                         _186302_ (net)
                 15.29    0.01 77284.28 ^ _276333_/C (AND3x1_ASAP7_75t_R)
     1    0.50    9.96   20.50 77304.78 ^ _276333_/Y (AND3x1_ASAP7_75t_R)
                                         _186303_ (net)
                  9.96    0.00 77304.78 ^ _276334_/B1 (AO32x1_ASAP7_75t_R)
     1    1.03   11.64   19.51 77324.30 ^ _276334_/Y (AO32x1_ASAP7_75t_R)
                                         _186304_ (net)
                 11.64    0.01 77324.31 ^ _276338_/B (AOI211x1_ASAP7_75t_R)
     4    3.86   44.29   16.03 77340.34 v _276338_/Y (AOI211x1_ASAP7_75t_R)
                                         _186308_ (net)
                 44.29    0.15 77340.48 v _276381_/A1 (AO21x1_ASAP7_75t_R)
     2    2.05   14.45   27.40 77367.88 v _276381_/Y (AO21x1_ASAP7_75t_R)
                                         _186351_ (net)
                 14.45    0.01 77367.90 v _276382_/B (OA21x2_ASAP7_75t_R)
     5    4.22   16.09   19.36 77387.26 v _276382_/Y (OA21x2_ASAP7_75t_R)
                                         _186352_ (net)
                 16.09    0.10 77387.36 v _276413_/B (AND4x1_ASAP7_75t_R)
     1    0.54    6.39   15.67 77403.03 v _276413_/Y (AND4x1_ASAP7_75t_R)
                                         _186383_ (net)
                  6.39    0.00 77403.03 v _276414_/A3 (AO32x1_ASAP7_75t_R)
     1    0.73    8.60   22.18 77425.20 v _276414_/Y (AO32x1_ASAP7_75t_R)
                                         _186384_ (net)
                  8.60    0.01 77425.22 v _276415_/B (AO21x1_ASAP7_75t_R)
     2    2.23   14.81   20.02 77445.23 v _276415_/Y (AO21x1_ASAP7_75t_R)
                                         _186385_ (net)
                 14.81    0.05 77445.29 v _276416_/B (XNOR2x2_ASAP7_75t_R)
     1    1.25    9.60   26.15 77471.44 ^ _276416_/Y (XNOR2x2_ASAP7_75t_R)
                                         _186386_ (net)
                  9.60    0.01 77471.44 ^ _276445_/B (MAJx2_ASAP7_75t_R)
     2    2.20   13.06   23.75 77495.19 ^ _276445_/Y (MAJx2_ASAP7_75t_R)
                                         _186415_ (net)
                 13.06    0.03 77495.22 ^ _276577_/A (XNOR2x2_ASAP7_75t_R)
     2    1.69   10.47   31.27 77526.48 v _276577_/Y (XNOR2x2_ASAP7_75t_R)
                                         _186547_ (net)
                 10.47    0.01 77526.50 v _277126_/A (XOR2x2_ASAP7_75t_R)
     1    1.05    8.94   27.97 77554.47 ^ _277126_/Y (XOR2x2_ASAP7_75t_R)
                                         _187096_ (net)
                  8.94    0.01 77554.48 ^ _277127_/B (XNOR2x2_ASAP7_75t_R)
     3    2.33   12.34   31.41 77585.88 v _277127_/Y (XNOR2x2_ASAP7_75t_R)
                                         _187097_ (net)
                 12.34    0.01 77585.90 v _277130_/A (OR2x2_ASAP7_75t_R)
     4    3.02   13.58   24.34 77610.23 v _277130_/Y (OR2x2_ASAP7_75t_R)
                                         _187100_ (net)
                 13.59    0.06 77610.29 v _277141_/D (OR4x1_ASAP7_75t_R)
     3    2.85   23.67   40.59 77650.88 v _277141_/Y (OR4x1_ASAP7_75t_R)
                                         _187111_ (net)
                 23.67    0.08 77650.96 v _277147_/C (MAJx2_ASAP7_75t_R)
     1    0.63    7.78   26.34 77677.30 v _277147_/Y (MAJx2_ASAP7_75t_R)
                                         _187117_ (net)
                  7.78    0.01 77677.30 v _277149_/B1 (AO221x1_ASAP7_75t_R)
     1    1.11   10.62   21.00 77698.30 v _277149_/Y (AO221x1_ASAP7_75t_R)
                                         _187119_ (net)
                 10.62    0.01 77698.31 v _277151_/A (XNOR2x2_ASAP7_75t_R)
     6    5.34   23.59   32.18 77730.49 ^ _277151_/Y (XNOR2x2_ASAP7_75t_R)
                                         _187121_ (net)
                 23.59    0.01 77730.51 ^ _277154_/A (XNOR2x2_ASAP7_75t_R)
     6    6.35   23.66   41.94 77772.44 v _277154_/Y (XNOR2x2_ASAP7_75t_R)
                                         _187124_ (net)
                 23.66    0.04 77772.48 v _277222_/A1 (OA31x2_ASAP7_75t_R)
     1    0.84    7.93   19.15 77791.63 v _277222_/Y (OA31x2_ASAP7_75t_R)
                                         _187192_ (net)
                  7.93    0.03 77791.66 v _277224_/A2 (OA21x2_ASAP7_75t_R)
    14   12.90   37.64   32.91 77824.57 v _277224_/Y (OA21x2_ASAP7_75t_R)
                                         _187194_ (net)
                 37.66    0.50 77825.07 v _277508_/A (OR3x1_ASAP7_75t_R)
     1    0.93   11.43   30.69 77855.76 v _277508_/Y (OR3x1_ASAP7_75t_R)
                                         _187478_ (net)
                 11.43    0.01 77855.77 v _277509_/B (XNOR2x2_ASAP7_75t_R)
     2    2.50   12.86   25.51 77881.27 v _277509_/Y (XNOR2x2_ASAP7_75t_R)
                                         _187479_ (net)
                 12.86    0.07 77881.34 v _277510_/B (XNOR2x1_ASAP7_75t_R)
     9    7.89   46.20   34.38 77915.72 v _277510_/Y (XNOR2x1_ASAP7_75t_R)
                                         _187480_ (net)
                 46.21    0.21 77915.93 v _277511_/B (AO21x1_ASAP7_75t_R)
     2    1.24   10.34   23.82 77939.74 v _277511_/Y (AO21x1_ASAP7_75t_R)
                                         _187481_ (net)
                 10.34    0.00 77939.74 v _277518_/A2 (OA21x2_ASAP7_75t_R)
     3    3.01   12.14   20.93 77960.68 v _277518_/Y (OA21x2_ASAP7_75t_R)
                                         _187488_ (net)
                 12.16    0.23 77960.91 v _277818_/A1 (OA21x2_ASAP7_75t_R)
     8    6.44   21.36   25.54 77986.45 v _277818_/Y (OA21x2_ASAP7_75t_R)
                                         _187788_ (net)
                 21.49    0.95 77987.40 v _277832_/B (OR4x1_ASAP7_75t_R)
     4    3.49   27.75   42.42 78029.82 v _277832_/Y (OR4x1_ASAP7_75t_R)
                                         _187802_ (net)
                 27.75    0.11 78029.93 v _277835_/A (XOR2x2_ASAP7_75t_R)
     8    5.69   21.72   36.59 78066.52 v _277835_/Y (XOR2x2_ASAP7_75t_R)
                                         _187805_ (net)
                 21.72    0.14 78066.65 v _285824_/B2 (AO222x2_ASAP7_75t_R)
     4    3.90   17.96   39.15 78105.80 v _285824_/Y (AO222x2_ASAP7_75t_R)
                                         _195794_ (net)
                 17.96    0.05 78105.85 v _285862_/C (OA211x2_ASAP7_75t_R)
     1    0.66    9.17   29.71 78135.55 v _285862_/Y (OA211x2_ASAP7_75t_R)
                                         _195832_ (net)
                  9.17    0.00 78135.55 v _285863_/B (AO21x1_ASAP7_75t_R)
     1    2.08   14.21   19.65 78155.21 v _285863_/Y (AO21x1_ASAP7_75t_R)
                                         _195833_ (net)
                 14.23    0.30 78155.51 v _285865_/A (XNOR2x2_ASAP7_75t_R)
     5    6.67   28.82   34.62 78190.12 ^ _285865_/Y (XNOR2x2_ASAP7_75t_R)
                                         _195835_ (net)
                 28.93    1.01 78191.13 ^ _285871_/A (NOR2x1_ASAP7_75t_R)
     1    0.58   12.65   13.32 78204.45 v _285871_/Y (NOR2x1_ASAP7_75t_R)
                                         _195841_ (net)
                 12.65    0.00 78204.45 v _285872_/E (OR5x1_ASAP7_75t_R)
     4    3.98   32.82   52.44 78256.89 v _285872_/Y (OR5x1_ASAP7_75t_R)
                                         _195842_ (net)
                 32.82    0.13 78257.02 v _293953_/A (NAND2x1_ASAP7_75t_R)
     4    4.27   38.70   29.86 78286.88 ^ _293953_/Y (NAND2x1_ASAP7_75t_R)
                                         _203923_ (net)
                 38.70    0.16 78287.04 ^ _293956_/A (XNOR2x2_ASAP7_75t_R)
     5    5.46   22.08   43.27 78330.31 v _293956_/Y (XNOR2x2_ASAP7_75t_R)
                                         _203926_ (net)
                 22.14    0.69 78331.00 v _293957_/B (OR2x2_ASAP7_75t_R)
     1    1.33    9.08   24.03 78355.03 v _293957_/Y (OR2x2_ASAP7_75t_R)
                                         _203927_ (net)
                  9.08    0.00 78355.03 v _293958_/C (NOR3x1_ASAP7_75t_R)
     3    2.02   25.94   15.37 78370.40 ^ _293958_/Y (NOR3x1_ASAP7_75t_R)
                                         _203928_ (net)
                 25.94    0.01 78370.41 ^ _293969_/B (AND4x1_ASAP7_75t_R)
     1    0.65   11.51   27.65 78398.06 ^ _293969_/Y (AND4x1_ASAP7_75t_R)
                                         _203939_ (net)
                 11.51    0.02 78398.08 ^ _293970_/C (OA211x2_ASAP7_75t_R)
     9    7.97   30.60   31.65 78429.73 ^ _293970_/Y (OA211x2_ASAP7_75t_R)
                                         _203940_ (net)
                 30.67    0.81 78430.54 ^ _293972_/B (OA21x2_ASAP7_75t_R)
     7    6.08   22.76   27.73 78458.27 ^ _293972_/Y (OA21x2_ASAP7_75t_R)
                                         _203942_ (net)
                 22.78    0.39 78458.66 ^ _294000_/A (AND5x1_ASAP7_75t_R)
     8    6.37   53.67   51.12 78509.78 ^ _294000_/Y (AND5x1_ASAP7_75t_R)
                                         _203970_ (net)
                 53.68    0.41 78510.19 ^ _294049_/A (AND4x2_ASAP7_75t_R)
     6    5.49   29.22   49.08 78559.27 ^ _294049_/Y (AND4x2_ASAP7_75t_R)
                                         _204019_ (net)
                 29.23    0.33 78559.61 ^ _294050_/B (AND2x4_ASAP7_75t_R)
     9    8.44   19.67   27.58 78587.19 ^ _294050_/Y (AND2x4_ASAP7_75t_R)
                                         _204020_ (net)
                 19.67    0.16 78587.35 ^ _294079_/A (AND4x1_ASAP7_75t_R)
     3    2.64   25.49   33.81 78621.16 ^ _294079_/Y (AND4x1_ASAP7_75t_R)
                                         _204049_ (net)
                 25.50    0.17 78621.33 ^ _294513_/D (AND4x1_ASAP7_75t_R)
     3    2.98   27.54   37.16 78658.48 ^ _294513_/Y (AND4x1_ASAP7_75t_R)
                                         _204483_ (net)
                 27.54    0.13 78658.62 ^ _294514_/B (XNOR2x2_ASAP7_75t_R)
     3    3.93   19.45   30.44 78689.05 ^ _294514_/Y (XNOR2x2_ASAP7_75t_R)
                                         _204484_ (net)
                 19.53    0.72 78689.77 ^ _294535_/B (OR2x2_ASAP7_75t_R)
     2    2.28   12.98   21.43 78711.20 ^ _294535_/Y (OR2x2_ASAP7_75t_R)
                                         _204505_ (net)
                 12.98    0.01 78711.22 ^ _294536_/A (AND2x4_ASAP7_75t_R)
     3    2.98    9.59   18.13 78729.34 ^ _294536_/Y (AND2x4_ASAP7_75t_R)
                                         _204506_ (net)
                  9.59    0.01 78729.36 ^ _294545_/A3 (AO31x2_ASAP7_75t_R)
     2    2.20   12.21   17.88 78747.24 ^ _294545_/Y (AO31x2_ASAP7_75t_R)
                                         _204515_ (net)
                 12.21    0.05 78747.29 ^ _294559_/A2 (AOI211x1_ASAP7_75t_R)
     7    5.40   59.69   32.62 78779.91 v _294559_/Y (AOI211x1_ASAP7_75t_R)
                                         _204529_ (net)
                 59.69    0.28 78780.20 v _329683_/A2 (OA21x2_ASAP7_75t_R)
     5    4.18   16.50   33.79 78813.98 v _329683_/Y (OA21x2_ASAP7_75t_R)
                                         _042959_ (net)
                 16.50    0.03 78814.01 v _329781_/B (AND2x2_ASAP7_75t_R)
     4    4.09   16.50   24.13 78838.14 v _329781_/Y (AND2x2_ASAP7_75t_R)
                                         _043067_ (net)
                 16.51    0.11 78838.25 v _329782_/B (XNOR2x1_ASAP7_75t_R)
     3    2.84   28.44   24.07 78862.32 v _329782_/Y (XNOR2x1_ASAP7_75t_R)
                                         _043068_ (net)
                 28.44    0.02 78862.34 v _329783_/B (AND2x2_ASAP7_75t_R)
     2    1.22    8.60   23.21 78885.55 v _329783_/Y (AND2x2_ASAP7_75t_R)
                                         _043069_ (net)
                  8.60    0.03 78885.59 v _329820_/D (OR5x1_ASAP7_75t_R)
     1    0.65   12.47   37.55 78923.13 v _329820_/Y (OR5x1_ASAP7_75t_R)
                                         _043110_ (net)
                 12.47    0.01 78923.14 v _331185_/B1 (OA33x2_ASAP7_75t_R)
     3    2.95   16.22   30.64 78953.77 v _331185_/Y (OA33x2_ASAP7_75t_R)
                                         _044610_ (net)
                 16.23    0.18 78953.96 v _362491_/A (NAND2x1_ASAP7_75t_R)
     3    2.39   23.01   18.03 78971.99 ^ _362491_/Y (NAND2x1_ASAP7_75t_R)
                                         _079007_ (net)
                 23.01    0.05 78972.05 ^ _362492_/B (NAND2x1_ASAP7_75t_R)
     2    2.18   20.89   14.08 78986.12 v _362492_/Y (NAND2x1_ASAP7_75t_R)
                                         _079008_ (net)
                 20.89    0.03 78986.15 v _362494_/A (XNOR2x2_ASAP7_75t_R)
     7    5.77   25.08   35.25 79021.40 ^ _362494_/Y (XNOR2x2_ASAP7_75t_R)
                                         _079010_ (net)
                 25.08    0.06 79021.45 ^ _362495_/B (AND2x2_ASAP7_75t_R)
     4    4.66   21.52   27.87 79049.32 ^ _362495_/Y (AND2x2_ASAP7_75t_R)
                                         _079011_ (net)
                 21.61    0.77 79050.09 ^ _362524_/B (AND5x2_ASAP7_75t_R)
     9    7.47   35.82   44.32 79094.42 ^ _362524_/Y (AND5x2_ASAP7_75t_R)
                                         _079043_ (net)
                 35.82    0.58 79094.99 ^ _362560_/A (AND4x1_ASAP7_75t_R)
    10    7.36   58.20   53.00 79147.99 ^ _362560_/Y (AND4x1_ASAP7_75t_R)
                                         _079083_ (net)
                 58.24    0.78 79148.77 ^ _362562_/C (AND3x1_ASAP7_75t_R)
     4    3.13   27.53   35.39 79184.16 ^ _362562_/Y (AND3x1_ASAP7_75t_R)
                                         _079085_ (net)
                 27.53    0.30 79184.46 ^ _362572_/A (AND2x2_ASAP7_75t_R)
     6    4.34   20.11   26.55 79211.01 ^ _362572_/Y (AND2x2_ASAP7_75t_R)
                                         _079096_ (net)
                 20.13    0.28 79211.29 ^ _362625_/C (AND3x1_ASAP7_75t_R)
     2    1.24   14.14   24.33 79235.62 ^ _362625_/Y (AND3x1_ASAP7_75t_R)
                                         _079154_ (net)
                 14.14    0.01 79235.63 ^ _362626_/C (AND3x1_ASAP7_75t_R)
     1    0.70   10.98   21.12 79256.75 ^ _362626_/Y (AND3x1_ASAP7_75t_R)
                                         _079155_ (net)
                 10.98    0.00 79256.75 ^ _362627_/A (INVx1_ASAP7_75t_R)
     1    0.61    6.10    5.73 79262.48 v _362627_/Y (INVx1_ASAP7_75t_R)
                                         _079156_ (net)
                  6.10    0.00 79262.48 v _362629_/B (AND3x1_ASAP7_75t_R)
     1    0.92    7.83   13.17 79275.65 v _362629_/Y (AND3x1_ASAP7_75t_R)
                                         _079158_ (net)
                  7.83    0.01 79275.66 v _362630_/B (XNOR2x2_ASAP7_75t_R)
     5    5.28   23.73   30.66 79306.32 ^ _362630_/Y (XNOR2x2_ASAP7_75t_R)
                                         _079160_ (net)
                 23.76    0.40 79306.72 ^ _363481_/B (MAJx2_ASAP7_75t_R)
     2    1.27   10.00   26.03 79332.74 ^ _363481_/Y (MAJx2_ASAP7_75t_R)
                                         _080095_ (net)
                 10.00    0.01 79332.75 ^ _363497_/A (OR3x1_ASAP7_75t_R)
     1    0.63    8.19   12.49 79345.24 ^ _363497_/Y (OR3x1_ASAP7_75t_R)
                                         _080112_ (net)
                  8.19    0.00 79345.24 ^ _363498_/B (AO21x1_ASAP7_75t_R)
     2    1.82   14.85   14.40 79359.64 ^ _363498_/Y (AO21x1_ASAP7_75t_R)
                                         _080113_ (net)
                 14.85    0.09 79359.73 ^ _363501_/A2 (AO22x1_ASAP7_75t_R)
     2    1.81   15.38   22.41 79382.14 ^ _363501_/Y (AO22x1_ASAP7_75t_R)
                                         _080117_ (net)
                 15.39    0.06 79382.20 ^ _363502_/B (AND2x2_ASAP7_75t_R)
     2    1.82   11.00   20.43 79402.62 ^ _363502_/Y (AND2x2_ASAP7_75t_R)
                                         _080118_ (net)
                 11.00    0.01 79402.63 ^ _363511_/A (MAJx2_ASAP7_75t_R)
     1    0.72    7.92   19.27 79421.90 ^ _363511_/Y (MAJx2_ASAP7_75t_R)
                                         _080128_ (net)
                  7.92    0.02 79421.92 ^ _363525_/A2 (OA211x2_ASAP7_75t_R)
     3    2.18   12.45   21.05 79442.98 ^ _363525_/Y (OA211x2_ASAP7_75t_R)
                                         _080143_ (net)
                 12.46    0.08 79443.05 ^ _363534_/A (MAJx2_ASAP7_75t_R)
     1    1.14    9.51   20.61 79463.66 ^ _363534_/Y (MAJx2_ASAP7_75t_R)
                                         _080153_ (net)
                  9.51    0.01 79463.68 ^ _363536_/A2 (AOI21x1_ASAP7_75t_R)
     4    3.91   22.38   13.36 79477.04 v _363536_/Y (AOI21x1_ASAP7_75t_R)
                                         _080155_ (net)
                 22.38    0.14 79477.17 v _363672_/A1 (OAI21x1_ASAP7_75t_R)
    16   14.43   91.68   47.18 79524.35 ^ _363672_/Y (OAI21x1_ASAP7_75t_R)
                                         _080305_ (net)
                 91.86    2.37 79526.72 ^ _366337_/A (AND4x1_ASAP7_75t_R)
    13   12.10   94.30   75.12 79601.84 ^ _366337_/Y (AND4x1_ASAP7_75t_R)
                                         _083233_ (net)
                 94.98    4.61 79606.45 ^ _366496_/C (AND5x1_ASAP7_75t_R)
     2    1.36   19.38   47.72 79654.17 ^ _366496_/Y (AND5x1_ASAP7_75t_R)
                                         _083408_ (net)
                 19.38    0.03 79654.20 ^ _368037_/D (AND4x1_ASAP7_75t_R)
     5    3.94   34.33   39.60 79693.80 ^ _368037_/Y (AND4x1_ASAP7_75t_R)
                                         _085101_ (net)
                 34.34    0.27 79694.07 ^ _373893_/C (AND5x1_ASAP7_75t_R)
     7    5.66   47.74   53.74 79747.80 ^ _373893_/Y (AND5x1_ASAP7_75t_R)
                                         _091536_ (net)
                 47.74    0.31 79748.11 ^ _376887_/B (AND4x1_ASAP7_75t_R)
     9    7.86   61.95   56.97 79805.09 ^ _376887_/Y (AND4x1_ASAP7_75t_R)
                                         _094825_ (net)
                 61.98    0.75 79805.83 ^ _376896_/B (AND3x1_ASAP7_75t_R)
     2    2.20   21.38   34.71 79840.54 ^ _376896_/Y (AND3x1_ASAP7_75t_R)
                                         _094835_ (net)
                 21.38    0.02 79840.56 ^ _378397_/B (NAND2x1_ASAP7_75t_R)
     3    3.01   20.76   16.07 79856.63 v _378397_/Y (NAND2x1_ASAP7_75t_R)
                                         _096484_ (net)
                 20.76    0.05 79856.68 v _378402_/A (XNOR2x2_ASAP7_75t_R)
     1    1.12    8.78   25.85 79882.53 v _378402_/Y (XNOR2x2_ASAP7_75t_R)
                                         _096490_ (net)
                  8.78    0.01 79882.54 v _378403_/B1 (AOI22x1_ASAP7_75t_R)
     1   10.73  448.88   32.69 79915.23 ^ _378403_/Y (AOI22x1_ASAP7_75t_R)
                                         _096491_ (net)
                449.68   10.66 79925.89 ^ _378404_/B (XNOR2x2_ASAP7_75t_R)
     4    3.53   25.77   73.56 79999.45 ^ _378404_/Y (XNOR2x2_ASAP7_75t_R)
                                         _096492_ (net)
                 25.77    0.07 79999.52 ^ _379854_/C (AND5x1_ASAP7_75t_R)
     4    3.57   32.87   45.67 80045.19 ^ _379854_/Y (AND5x1_ASAP7_75t_R)
                                         _098082_ (net)
                 32.87    0.07 80045.26 ^ _380966_/B (AND3x1_ASAP7_75t_R)
     1    1.18   13.93   26.78 80072.04 ^ _380966_/Y (AND3x1_ASAP7_75t_R)
                                         _099302_ (net)
                 13.93    0.03 80072.07 ^ _380994_/A (XNOR2x2_ASAP7_75t_R)
     1    1.11    8.72   30.33 80102.41 v _380994_/Y (XNOR2x2_ASAP7_75t_R)
                                         _099332_ (net)
                  8.72    0.01 80102.41 v _380995_/B (NAND2x1_ASAP7_75t_R)
     1    1.22  357.09    9.88 80112.30 ^ _380995_/Y (NAND2x1_ASAP7_75t_R)
                                         _099333_ (net)
                357.09    0.11 80112.41 ^ _381058_/A1 (AO221x1_ASAP7_75t_R)
     5    5.15   40.15   76.52 80188.93 ^ _381058_/Y (AO221x1_ASAP7_75t_R)
                                         _099402_ (net)
                 40.31    1.41 80190.34 ^ _381204_/B1 (AO221x1_ASAP7_75t_R)
     1    4.26   62.23   35.76 80226.09 ^ _381204_/Y (AO221x1_ASAP7_75t_R)
                                         _099563_ (net)
                 62.38    1.66 80227.76 ^ _381205_/B (OA21x2_ASAP7_75t_R)
     1    0.64    7.37   22.47 80250.23 ^ _381205_/Y (OA21x2_ASAP7_75t_R)
                                         _005332_ (net)
                  7.37    0.00 80250.23 ^ v_decode.v_rf_ctrl.stage_rf_wr_data.internal_data[134]$_DFFE_PN_/D (DFFHQNx1_ASAP7_75t_R)
                               80250.23   data arrival time

                  0.00  416.00  416.00   clock clk (rise edge)
                          0.00  416.00   clock network delay (ideal)
                          0.00  416.00   clock reconvergence pessimism
                                416.00 ^ v_decode.v_rf_ctrl.stage_rf_wr_data.internal_data[134]$_DFFE_PN_/CLK (DFFHQNx1_ASAP7_75t_R)
                        -15.14  400.86   library setup time
                                400.86   data required time
-----------------------------------------------------------------------------
                                400.86   data required time
                               -80250.23   data arrival time
-----------------------------------------------------------------------------
                               -79849.38   slack (VIOLATED)



==========================================================================
global place report_power
--------------------------------------------------------------------------
Group                  Internal  Switching    Leakage      Total
                          Power      Power      Power      Power (Watts)
----------------------------------------------------------------
Sequential             3.37e-02   1.11e-02   6.97e-07   4.48e-02  29.3%
Combinational          6.44e-02   4.36e-02   2.67e-05   1.08e-01  70.7%
Clock                  0.00e+00   0.00e+00   0.00e+00   0.00e+00   0.0%
Macro                  0.00e+00   0.00e+00   0.00e+00   0.00e+00   0.0%
Pad                    0.00e+00   0.00e+00   0.00e+00   0.00e+00   0.0%
----------------------------------------------------------------
Total                  9.81e-02   5.47e-02   2.74e-05   1.53e-01 100.0%
                          64.2%      35.8%       0.0%
