
==========================================================================
resizer report_tns
--------------------------------------------------------------------------
tns 0.00

==========================================================================
resizer report_wns
--------------------------------------------------------------------------
wns 0.00

==========================================================================
resizer report_worst_slack
--------------------------------------------------------------------------
worst slack 40.43

==========================================================================
resizer report_checks -path_delay min
--------------------------------------------------------------------------
Startpoint: rst (input port clocked by clk)
Endpoint: v_decode.v_rf_ctrl.stage_mask.internal_data[30]$_DFFE_PP0P_
          (removal check against rising-edge clock clk)
Path Group: asynchronous
Path Type: min

Fanout     Cap    Slew   Delay    Time   Description
-----------------------------------------------------------------------------
                  0.00    0.00    0.00   clock clk (rise edge)
                          0.00    0.00   clock network delay (ideal)
                         20.00   20.00 v input external delay
     1    0.01    0.00    0.00   20.00 v rst (in)
                                         rst (net)
                  0.00    0.00   20.00 v input77/I (gf180mcu_fd_sc_mcu9t5v0__buf_4)
     1    0.15    0.18    0.20   20.20 v input77/Z (gf180mcu_fd_sc_mcu9t5v0__buf_4)
                                         net77 (net)
                  0.18    0.00   20.20 v _182358_/I (gf180mcu_fd_sc_mcu9t5v0__inv_20)
   144    2.07    0.76    0.50   20.70 ^ _182358_/ZN (gf180mcu_fd_sc_mcu9t5v0__inv_20)
                                         _000000_ (net)
                  0.76    0.00   20.70 ^ v_decode.v_rf_ctrl.stage_mask.internal_data[30]$_DFFE_PP0P_/RN (gf180mcu_fd_sc_mcu9t5v0__dffrnq_2)
                                 20.70   data arrival time

                  0.00    0.00    0.00   clock clk (rise edge)
                          0.00    0.00   clock network delay (ideal)
                          0.00    0.00   clock reconvergence pessimism
                                  0.00 ^ v_decode.v_rf_ctrl.stage_mask.internal_data[30]$_DFFE_PP0P_/CLK (gf180mcu_fd_sc_mcu9t5v0__dffrnq_2)
                          0.33    0.33   library removal time
                                  0.33   data required time
-----------------------------------------------------------------------------
                                  0.33   data required time
                                -20.70   data arrival time
-----------------------------------------------------------------------------
                                 20.37   slack (MET)


Startpoint: v_decode.v_rf.regs[1158]$_DFF_P_
            (rising edge-triggered flip-flop clocked by clk)
Endpoint: v_decode.v_rf.regs[1158]$_DFF_P_
          (rising edge-triggered flip-flop clocked by clk)
Path Group: clk
Path Type: min

Fanout     Cap    Slew   Delay    Time   Description
-----------------------------------------------------------------------------
                  0.00    0.00    0.00   clock clk (rise edge)
                          0.00    0.00   clock network delay (ideal)
                  0.00    0.00    0.00 ^ v_decode.v_rf.regs[1158]$_DFF_P_/CLK (gf180mcu_fd_sc_mcu9t5v0__dffq_2)
     6    0.04    0.12    0.41    0.41 v v_decode.v_rf.regs[1158]$_DFF_P_/Q (gf180mcu_fd_sc_mcu9t5v0__dffq_2)
                                         v_decode.v_rf.regs[1158] (net)
                  0.12    0.00    0.41 v _364291_/I (gf180mcu_fd_sc_mcu9t5v0__clkinv_2)
     1    0.01    0.08    0.07    0.48 ^ _364291_/ZN (gf180mcu_fd_sc_mcu9t5v0__clkinv_2)
                                         _100756_ (net)
                  0.08    0.00    0.48 ^ _364294_/A1 (gf180mcu_fd_sc_mcu9t5v0__oai22_2)
     1    0.00    0.05    0.04    0.53 v _364294_/ZN (gf180mcu_fd_sc_mcu9t5v0__oai22_2)
                                         v_decode.v_rf.regs_nxt[1158] (net)
                  0.05    0.00    0.53 v v_decode.v_rf.regs[1158]$_DFF_P_/D (gf180mcu_fd_sc_mcu9t5v0__dffq_2)
                                  0.53   data arrival time

                  0.00    0.00    0.00   clock clk (rise edge)
                          0.00    0.00   clock network delay (ideal)
                          0.00    0.00   clock reconvergence pessimism
                                  0.00 ^ v_decode.v_rf.regs[1158]$_DFF_P_/CLK (gf180mcu_fd_sc_mcu9t5v0__dffq_2)
                          0.07    0.07   library hold time
                                  0.07   data required time
-----------------------------------------------------------------------------
                                  0.07   data required time
                                 -0.53   data arrival time
-----------------------------------------------------------------------------
                                  0.46   slack (MET)



==========================================================================
resizer report_checks -path_delay max
--------------------------------------------------------------------------
Startpoint: rst (input port clocked by clk)
Endpoint: v_decode.v_csr.vl[4]$_DFF_PP1_
          (recovery check against rising-edge clock clk)
Path Group: asynchronous
Path Type: max

Fanout     Cap    Slew   Delay    Time   Description
-----------------------------------------------------------------------------
                  0.00    0.00    0.00   clock clk (rise edge)
                          0.00    0.00   clock network delay (ideal)
                         20.00   20.00 v input external delay
     1    0.01    0.00    0.00   20.00 v rst (in)
                                         rst (net)
                  0.00    0.00   20.00 v input77/I (gf180mcu_fd_sc_mcu9t5v0__buf_4)
     1    0.15    0.18    0.20   20.20 v input77/Z (gf180mcu_fd_sc_mcu9t5v0__buf_4)
                                         net77 (net)
                  0.18    0.00   20.20 v _182358_/I (gf180mcu_fd_sc_mcu9t5v0__inv_20)
   144    2.07    0.76    0.50   20.70 ^ _182358_/ZN (gf180mcu_fd_sc_mcu9t5v0__inv_20)
                                         _000000_ (net)
                  0.76    0.00   20.70 ^ v_decode.v_csr.vl[4]$_DFF_PP1_/SETN (gf180mcu_fd_sc_mcu9t5v0__dffsnq_2)
                                 20.70   data arrival time

                  0.00  100.00  100.00   clock clk (rise edge)
                          0.00  100.00   clock network delay (ideal)
                          0.00  100.00   clock reconvergence pessimism
                                100.00 ^ v_decode.v_csr.vl[4]$_DFF_PP1_/CLK (gf180mcu_fd_sc_mcu9t5v0__dffsnq_2)
                         -0.21   99.79   library recovery time
                                 99.79   data required time
-----------------------------------------------------------------------------
                                 99.79   data required time
                                -20.70   data arrival time
-----------------------------------------------------------------------------
                                 79.09   slack (MET)


Startpoint: v_decode.v_csr_ctrl.stage_vtype.internal_data[12]$_DFFE_PP0P_
            (rising edge-triggered flip-flop clocked by clk)
Endpoint: v_decode.v_rf_ctrl.stage_rf_wr_data.internal_data[142]$_DFFE_PN_
          (rising edge-triggered flip-flop clocked by clk)
Path Group: clk
Path Type: max

Fanout     Cap    Slew   Delay    Time   Description
-----------------------------------------------------------------------------
                  0.00    0.00    0.00   clock clk (rise edge)
                          0.00    0.00   clock network delay (ideal)
                  0.00    0.00    0.00 ^ v_decode.v_csr_ctrl.stage_vtype.internal_data[12]$_DFFE_PP0P_/CLK (gf180mcu_fd_sc_mcu9t5v0__dffrnq_4)
    21    0.83    1.56    1.38    1.38 ^ v_decode.v_csr_ctrl.stage_vtype.internal_data[12]$_DFFE_PP0P_/Q (gf180mcu_fd_sc_mcu9t5v0__dffrnq_4)
                                         v_decode.v_csr_ctrl.stage_vtype.data_out[3] (net)
                  1.56    0.00    1.38 ^ _183247_/I (gf180mcu_fd_sc_mcu9t5v0__inv_20)
    77    2.67    0.85    0.60    1.97 v _183247_/ZN (gf180mcu_fd_sc_mcu9t5v0__inv_20)
                                         _009748_ (net)
                  0.85    0.00    1.97 v _183357_/A2 (gf180mcu_fd_sc_mcu9t5v0__and2_4)
    35    1.16    1.26    1.11    3.09 v _183357_/Z (gf180mcu_fd_sc_mcu9t5v0__and2_4)
                                         _010954_ (net)
                  1.26    0.00    3.09 v _183358_/A2 (gf180mcu_fd_sc_mcu9t5v0__nand2_4)
     9    0.44    1.02    0.93    4.01 ^ _183358_/ZN (gf180mcu_fd_sc_mcu9t5v0__nand2_4)
                                         _010965_ (net)
                  1.02    0.00    4.01 ^ load_slew1973/I (gf180mcu_fd_sc_mcu9t5v0__buf_20)
    12    0.78    0.31    0.28    4.30 ^ load_slew1973/Z (gf180mcu_fd_sc_mcu9t5v0__buf_20)
                                         net1973 (net)
                  0.31    0.00    4.30 ^ load_slew1972/I (gf180mcu_fd_sc_mcu9t5v0__buf_20)
    29    0.71    0.28    0.26    4.56 ^ load_slew1972/Z (gf180mcu_fd_sc_mcu9t5v0__buf_20)
                                         net1972 (net)
                  0.28    0.00    4.56 ^ load_slew1971/I (gf180mcu_fd_sc_mcu9t5v0__buf_16)
    23    0.59    0.29    0.26    4.82 ^ load_slew1971/Z (gf180mcu_fd_sc_mcu9t5v0__buf_16)
                                         net1971 (net)
                  0.29    0.00    4.82 ^ _188018_/B2 (gf180mcu_fd_sc_mcu9t5v0__oai222_4)
     2    0.22    0.78    0.42    5.24 v _188018_/ZN (gf180mcu_fd_sc_mcu9t5v0__oai222_4)
                                         _061834_ (net)
                  0.78    0.00    5.24 v _188054_/A2 (gf180mcu_fd_sc_mcu9t5v0__aoi222_4)
    15    0.26    1.48    1.02    6.26 ^ _188054_/ZN (gf180mcu_fd_sc_mcu9t5v0__aoi222_4)
                                         _062230_ (net)
                  1.48    0.00    6.26 ^ _188116_/A3 (gf180mcu_fd_sc_mcu9t5v0__oai31_4)
    16    0.17    0.73    0.34    6.60 v _188116_/ZN (gf180mcu_fd_sc_mcu9t5v0__oai31_4)
                                         _062912_ (net)
                  0.73    0.00    6.60 v _188159_/A1 (gf180mcu_fd_sc_mcu9t5v0__xnor2_4)
    30    0.50    0.95    1.15    7.75 ^ _188159_/ZN (gf180mcu_fd_sc_mcu9t5v0__xnor2_4)
                                         _063385_ (net)
                  0.95    0.00    7.75 ^ _188160_/A2 (gf180mcu_fd_sc_mcu9t5v0__and2_2)
     4    0.06    0.27    0.28    8.03 ^ _188160_/Z (gf180mcu_fd_sc_mcu9t5v0__and2_2)
                                         _063396_ (net)
                  0.27    0.00    8.03 ^ _188161_/A2 (gf180mcu_fd_sc_mcu9t5v0__and2_4)
     8    0.11    0.23    0.25    8.28 ^ _188161_/Z (gf180mcu_fd_sc_mcu9t5v0__and2_4)
                                         _063407_ (net)
                  0.23    0.00    8.28 ^ _188344_/A2 (gf180mcu_fd_sc_mcu9t5v0__and4_4)
    15    0.26    0.53    0.49    8.77 ^ _188344_/Z (gf180mcu_fd_sc_mcu9t5v0__and4_4)
                                         _065420_ (net)
                  0.53    0.00    8.77 ^ _188367_/A1 (gf180mcu_fd_sc_mcu9t5v0__aoi21_4)
    20    0.36    0.63    0.45    9.22 v _188367_/ZN (gf180mcu_fd_sc_mcu9t5v0__aoi21_4)
                                         _065673_ (net)
                  0.63    0.00    9.22 v _188555_/A2 (gf180mcu_fd_sc_mcu9t5v0__nor4_4)
    17    0.38    2.37    1.40   10.62 ^ _188555_/ZN (gf180mcu_fd_sc_mcu9t5v0__nor4_4)
                                         _067741_ (net)
                  2.37    0.00   10.62 ^ _202758_/A1 (gf180mcu_fd_sc_mcu9t5v0__aoi21_4)
    39    0.74    1.55    1.03   11.65 v _202758_/ZN (gf180mcu_fd_sc_mcu9t5v0__aoi21_4)
                                         _112667_ (net)
                  1.55    0.00   11.65 v _203266_/A1 (gf180mcu_fd_sc_mcu9t5v0__oai31_4)
    21    0.42    2.04    1.57   13.22 ^ _203266_/ZN (gf180mcu_fd_sc_mcu9t5v0__oai31_4)
                                         _113175_ (net)
                  2.04    0.00   13.22 ^ _203469_/A3 (gf180mcu_fd_sc_mcu9t5v0__nand4_4)
    17    0.26    0.98    0.51   13.73 v _203469_/ZN (gf180mcu_fd_sc_mcu9t5v0__nand4_4)
                                         _113378_ (net)
                  0.98    0.00   13.73 v _205130_/A1 (gf180mcu_fd_sc_mcu9t5v0__oai31_4)
    19    0.39    1.89    1.31   15.04 ^ _205130_/ZN (gf180mcu_fd_sc_mcu9t5v0__oai31_4)
                                         _115039_ (net)
                  1.89    0.00   15.04 ^ wire1165/I (gf180mcu_fd_sc_mcu9t5v0__clkbuf_16)
    24    0.43    0.24    0.39   15.42 ^ wire1165/Z (gf180mcu_fd_sc_mcu9t5v0__clkbuf_16)
                                         net1165 (net)
                  0.24    0.00   15.42 ^ _205878_/A1 (gf180mcu_fd_sc_mcu9t5v0__and4_4)
     8    0.18    0.38    0.41   15.83 ^ _205878_/Z (gf180mcu_fd_sc_mcu9t5v0__and4_4)
                                         _115787_ (net)
                  0.38    0.00   15.83 ^ _210799_/A2 (gf180mcu_fd_sc_mcu9t5v0__oai211_4)
     6    0.22    0.54    0.37   16.20 v _210799_/ZN (gf180mcu_fd_sc_mcu9t5v0__oai211_4)
                                         _120708_ (net)
                  0.54    0.00   16.20 v _217325_/A1 (gf180mcu_fd_sc_mcu9t5v0__oai21_4)
    19    0.40    1.33    0.89   17.09 ^ _217325_/ZN (gf180mcu_fd_sc_mcu9t5v0__oai21_4)
                                         _127234_ (net)
                  1.33    0.00   17.09 ^ load_slew1042/I (gf180mcu_fd_sc_mcu9t5v0__buf_20)
    32    0.62    0.26    0.24   17.33 ^ load_slew1042/Z (gf180mcu_fd_sc_mcu9t5v0__buf_20)
                                         net1042 (net)
                  0.26    0.00   17.33 ^ _217329_/A1 (gf180mcu_fd_sc_mcu9t5v0__and4_4)
    26    0.62    1.17    0.87   18.20 ^ _217329_/Z (gf180mcu_fd_sc_mcu9t5v0__and4_4)
                                         _127238_ (net)
                  1.17    0.00   18.20 ^ _217331_/A1 (gf180mcu_fd_sc_mcu9t5v0__aoi21_4)
    13    0.36    0.76    0.52   18.72 v _217331_/ZN (gf180mcu_fd_sc_mcu9t5v0__aoi21_4)
                                         _127240_ (net)
                  0.76    0.00   18.72 v load_slew987/I (gf180mcu_fd_sc_mcu9t5v0__buf_20)
    31    0.61    0.16    0.38   19.10 v load_slew987/Z (gf180mcu_fd_sc_mcu9t5v0__buf_20)
                                         net987 (net)
                  0.16    0.00   19.10 v _217332_/A3 (gf180mcu_fd_sc_mcu9t5v0__or4_4)
    51    1.22    1.34    1.21   20.31 v _217332_/Z (gf180mcu_fd_sc_mcu9t5v0__or4_4)
                                         _127241_ (net)
                  1.34    0.00   20.31 v _218232_/A2 (gf180mcu_fd_sc_mcu9t5v0__or3_4)
    12    0.28    0.39    0.81   21.12 v _218232_/Z (gf180mcu_fd_sc_mcu9t5v0__or3_4)
                                         _128141_ (net)
                  0.39    0.00   21.12 v _218348_/A1 (gf180mcu_fd_sc_mcu9t5v0__nand2_4)
    21    0.58    1.24    0.81   21.93 ^ _218348_/ZN (gf180mcu_fd_sc_mcu9t5v0__nand2_4)
                                         _128257_ (net)
                  1.24    0.00   21.93 ^ _238631_/A1 (gf180mcu_fd_sc_mcu9t5v0__aoi21_4)
    27    0.60    1.07    0.77   22.70 v _238631_/ZN (gf180mcu_fd_sc_mcu9t5v0__aoi21_4)
                                         _148540_ (net)
                  1.07    0.00   22.70 v load_slew701/I (gf180mcu_fd_sc_mcu9t5v0__buf_16)
    28    0.54    0.19    0.45   23.16 v load_slew701/Z (gf180mcu_fd_sc_mcu9t5v0__buf_16)
                                         net701 (net)
                  0.19    0.00   23.16 v _243984_/A1 (gf180mcu_fd_sc_mcu9t5v0__oai31_4)
    11    0.19    1.03    0.59   23.74 ^ _243984_/ZN (gf180mcu_fd_sc_mcu9t5v0__oai31_4)
                                         _153893_ (net)
                  1.03    0.00   23.74 ^ load_slew638/I (gf180mcu_fd_sc_mcu9t5v0__buf_12)
    18    0.40    0.28    0.26   24.00 ^ load_slew638/Z (gf180mcu_fd_sc_mcu9t5v0__buf_12)
                                         net638 (net)
                  0.28    0.00   24.00 ^ load_slew637/I (gf180mcu_fd_sc_mcu9t5v0__clkbuf_16)
    16    0.42    0.21    0.25   24.25 ^ load_slew637/Z (gf180mcu_fd_sc_mcu9t5v0__clkbuf_16)
                                         net637 (net)
                  0.21    0.00   24.25 ^ _255107_/A1 (gf180mcu_fd_sc_mcu9t5v0__and4_4)
    46    0.90    1.68    1.16   25.41 ^ _255107_/Z (gf180mcu_fd_sc_mcu9t5v0__and4_4)
                                         _165016_ (net)
                  1.68    0.00   25.41 ^ _266706_/A2 (gf180mcu_fd_sc_mcu9t5v0__oai21_4)
    24    0.45    1.04    0.70   26.11 v _266706_/ZN (gf180mcu_fd_sc_mcu9t5v0__oai21_4)
                                         _176615_ (net)
                  1.04    0.00   26.11 v _266713_/A1 (gf180mcu_fd_sc_mcu9t5v0__nand2_4)
    16    0.27    0.68    0.64   26.75 ^ _266713_/ZN (gf180mcu_fd_sc_mcu9t5v0__nand2_4)
                                         _176622_ (net)
                  0.68    0.00   26.75 ^ _272555_/A3 (gf180mcu_fd_sc_mcu9t5v0__and3_4)
    54    1.45    2.69    1.70   28.45 ^ _272555_/Z (gf180mcu_fd_sc_mcu9t5v0__and3_4)
                                         _000898_ (net)
                  2.69    0.00   28.45 ^ _272562_/A1 (gf180mcu_fd_sc_mcu9t5v0__nand2_4)
    12    0.62    1.46    0.96   29.42 v _272562_/ZN (gf180mcu_fd_sc_mcu9t5v0__nand2_4)
                                         _000906_ (net)
                  1.46    0.00   29.42 v _272563_/B1 (gf180mcu_fd_sc_mcu9t5v0__oai32_2)
     1    0.01    0.54    0.51   29.93 ^ _272563_/ZN (gf180mcu_fd_sc_mcu9t5v0__oai32_2)
                                         _000907_ (net)
                  0.54    0.00   29.93 ^ _272564_/A2 (gf180mcu_fd_sc_mcu9t5v0__xnor2_2)
     3    0.03    0.14    0.31   30.24 v _272564_/ZN (gf180mcu_fd_sc_mcu9t5v0__xnor2_2)
                                         _000908_ (net)
                  0.14    0.00   30.24 v _272580_/A1 (gf180mcu_fd_sc_mcu9t5v0__xor2_4)
     5    0.10    0.22    0.50   30.74 ^ _272580_/Z (gf180mcu_fd_sc_mcu9t5v0__xor2_4)
                                         _000926_ (net)
                  0.22    0.00   30.74 ^ _272581_/A3 (gf180mcu_fd_sc_mcu9t5v0__xnor3_2)
     2    0.04    0.16    0.37   31.11 v _272581_/ZN (gf180mcu_fd_sc_mcu9t5v0__xnor3_2)
                                         _000927_ (net)
                  0.16    0.00   31.11 v _273066_/A1 (gf180mcu_fd_sc_mcu9t5v0__nand2_2)
     1    0.02    0.14    0.10   31.21 ^ _273066_/ZN (gf180mcu_fd_sc_mcu9t5v0__nand2_2)
                                         _001457_ (net)
                  0.14    0.00   31.21 ^ _273067_/B (gf180mcu_fd_sc_mcu9t5v0__oai21_2)
     2    0.04    0.20    0.15   31.36 v _273067_/ZN (gf180mcu_fd_sc_mcu9t5v0__oai21_2)
                                         _001458_ (net)
                  0.20    0.00   31.36 v _273195_/A1 (gf180mcu_fd_sc_mcu9t5v0__xnor3_2)
     1    0.01    0.09    0.56   31.92 v _273195_/ZN (gf180mcu_fd_sc_mcu9t5v0__xnor3_2)
                                         _001598_ (net)
                  0.09    0.00   31.92 v _273196_/A2 (gf180mcu_fd_sc_mcu9t5v0__xnor2_4)
     6    0.11    0.23    0.54   32.47 ^ _273196_/ZN (gf180mcu_fd_sc_mcu9t5v0__xnor2_4)
                                         _001599_ (net)
                  0.23    0.00   32.47 ^ _274428_/I (gf180mcu_fd_sc_mcu9t5v0__clkinv_2)
     4    0.04    0.19    0.16   32.63 v _274428_/ZN (gf180mcu_fd_sc_mcu9t5v0__clkinv_2)
                                         _002943_ (net)
                  0.19    0.00   32.63 v _274605_/B (gf180mcu_fd_sc_mcu9t5v0__oai21_2)
     1    0.01    0.19    0.16   32.78 ^ _274605_/ZN (gf180mcu_fd_sc_mcu9t5v0__oai21_2)
                                         _003136_ (net)
                  0.19    0.00   32.78 ^ _274606_/B (gf180mcu_fd_sc_mcu9t5v0__oai21_2)
     1    0.03    0.16    0.13   32.91 v _274606_/ZN (gf180mcu_fd_sc_mcu9t5v0__oai21_2)
                                         _003137_ (net)
                  0.16    0.00   32.91 v _274608_/B2 (gf180mcu_fd_sc_mcu9t5v0__aoi221_4)
     5    0.09    0.67    0.45   33.36 ^ _274608_/ZN (gf180mcu_fd_sc_mcu9t5v0__aoi221_4)
                                         _003139_ (net)
                  0.67    0.00   33.36 ^ _274609_/A2 (gf180mcu_fd_sc_mcu9t5v0__nor2_2)
     5    0.05    0.34    0.23   33.59 v _274609_/ZN (gf180mcu_fd_sc_mcu9t5v0__nor2_2)
                                         _003140_ (net)
                  0.34    0.00   33.59 v _274751_/A1 (gf180mcu_fd_sc_mcu9t5v0__xnor3_2)
     3    0.06    0.25    0.82   34.41 ^ _274751_/ZN (gf180mcu_fd_sc_mcu9t5v0__xnor3_2)
                                         _003296_ (net)
                  0.25    0.00   34.41 ^ _314755_/A2 (gf180mcu_fd_sc_mcu9t5v0__nor2_2)
     1    0.01    0.13    0.09   34.50 v _314755_/ZN (gf180mcu_fd_sc_mcu9t5v0__nor2_2)
                                         _046921_ (net)
                  0.13    0.00   34.50 v _314756_/B (gf180mcu_fd_sc_mcu9t5v0__aoi21_2)
     3    0.03    0.33    0.24   34.74 ^ _314756_/ZN (gf180mcu_fd_sc_mcu9t5v0__aoi21_2)
                                         _046922_ (net)
                  0.33    0.00   34.74 ^ _314765_/A2 (gf180mcu_fd_sc_mcu9t5v0__nor3_2)
     1    0.03    0.20    0.15   34.89 v _314765_/ZN (gf180mcu_fd_sc_mcu9t5v0__nor3_2)
                                         _046932_ (net)
                  0.20    0.00   34.89 v _314767_/B (gf180mcu_fd_sc_mcu9t5v0__aoi211_4)
     4    0.05    0.42    0.30   35.19 ^ _314767_/ZN (gf180mcu_fd_sc_mcu9t5v0__aoi211_4)
                                         _046934_ (net)
                  0.42    0.00   35.19 ^ _314773_/A2 (gf180mcu_fd_sc_mcu9t5v0__oai21_2)
     2    0.03    0.23    0.15   35.34 v _314773_/ZN (gf180mcu_fd_sc_mcu9t5v0__oai21_2)
                                         _046941_ (net)
                  0.23    0.00   35.34 v _314780_/B1 (gf180mcu_fd_sc_mcu9t5v0__aoi22_2)
     2    0.03    0.35    0.25   35.58 ^ _314780_/ZN (gf180mcu_fd_sc_mcu9t5v0__aoi22_2)
                                         _046949_ (net)
                  0.35    0.00   35.58 ^ _314793_/A1 (gf180mcu_fd_sc_mcu9t5v0__oai31_2)
     2    0.04    0.22    0.16   35.74 v _314793_/ZN (gf180mcu_fd_sc_mcu9t5v0__oai31_2)
                                         _046963_ (net)
                  0.22    0.00   35.74 v _314841_/A1 (gf180mcu_fd_sc_mcu9t5v0__xnor3_4)
     9    0.12    0.27    0.98   36.72 ^ _314841_/ZN (gf180mcu_fd_sc_mcu9t5v0__xnor3_4)
                                         _047015_ (net)
                  0.27    0.00   36.72 ^ _314860_/A1 (gf180mcu_fd_sc_mcu9t5v0__and3_2)
     4    0.05    0.21    0.29   37.01 ^ _314860_/Z (gf180mcu_fd_sc_mcu9t5v0__and3_2)
                                         _047036_ (net)
                  0.21    0.00   37.01 ^ _314862_/A1 (gf180mcu_fd_sc_mcu9t5v0__and2_2)
     4    0.05    0.21    0.25   37.25 ^ _314862_/Z (gf180mcu_fd_sc_mcu9t5v0__and2_2)
                                         _047038_ (net)
                  0.21    0.00   37.25 ^ _314865_/A1 (gf180mcu_fd_sc_mcu9t5v0__and2_2)
     5    0.07    0.30    0.30   37.55 ^ _314865_/Z (gf180mcu_fd_sc_mcu9t5v0__and2_2)
                                         _047041_ (net)
                  0.30    0.00   37.55 ^ _315039_/A1 (gf180mcu_fd_sc_mcu9t5v0__xor2_2)
     3    0.05    0.17    0.34   37.89 v _315039_/Z (gf180mcu_fd_sc_mcu9t5v0__xor2_2)
                                         _047232_ (net)
                  0.17    0.00   37.89 v _315041_/B2 (gf180mcu_fd_sc_mcu9t5v0__oai33_4)
     3    0.04    0.63    0.36   38.25 ^ _315041_/ZN (gf180mcu_fd_sc_mcu9t5v0__oai33_4)
                                         _047234_ (net)
                  0.63    0.00   38.25 ^ _315043_/A1 (gf180mcu_fd_sc_mcu9t5v0__or2_2)
     4    0.09    0.34    0.29   38.54 ^ _315043_/Z (gf180mcu_fd_sc_mcu9t5v0__or2_2)
                                         _047236_ (net)
                  0.34    0.00   38.54 ^ _315069_/A2 (gf180mcu_fd_sc_mcu9t5v0__oai32_4)
     9    0.12    0.33    0.23   38.76 v _315069_/ZN (gf180mcu_fd_sc_mcu9t5v0__oai32_4)
                                         _047264_ (net)
                  0.33    0.00   38.76 v _315071_/A1 (gf180mcu_fd_sc_mcu9t5v0__and2_2)
     1    0.03    0.10    0.24   39.00 v _315071_/Z (gf180mcu_fd_sc_mcu9t5v0__and2_2)
                                         _047267_ (net)
                  0.10    0.00   39.00 v _315077_/B2 (gf180mcu_fd_sc_mcu9t5v0__aoi221_4)
     8    0.12    0.78    0.51   39.51 ^ _315077_/ZN (gf180mcu_fd_sc_mcu9t5v0__aoi221_4)
                                         _047273_ (net)
                  0.78    0.00   39.51 ^ _315085_/B1 (gf180mcu_fd_sc_mcu9t5v0__aoi22_4)
    12    0.15    0.48    0.32   39.82 v _315085_/ZN (gf180mcu_fd_sc_mcu9t5v0__aoi22_4)
                                         _047282_ (net)
                  0.48    0.00   39.82 v _315734_/A3 (gf180mcu_fd_sc_mcu9t5v0__or4_4)
     8    0.12    0.24    0.51   40.33 v _315734_/Z (gf180mcu_fd_sc_mcu9t5v0__or4_4)
                                         _047992_ (net)
                  0.24    0.00   40.33 v _315742_/A2 (gf180mcu_fd_sc_mcu9t5v0__nor2_4)
     8    0.10    0.36    0.26   40.59 ^ _315742_/ZN (gf180mcu_fd_sc_mcu9t5v0__nor2_4)
                                         _048001_ (net)
                  0.36    0.00   40.59 ^ _315744_/A2 (gf180mcu_fd_sc_mcu9t5v0__xnor3_2)
     4    0.06    0.19    0.65   41.24 v _315744_/ZN (gf180mcu_fd_sc_mcu9t5v0__xnor3_2)
                                         _048003_ (net)
                  0.19    0.00   41.24 v _315750_/A1 (gf180mcu_fd_sc_mcu9t5v0__or2_2)
     2    0.03    0.12    0.26   41.50 v _315750_/Z (gf180mcu_fd_sc_mcu9t5v0__or2_2)
                                         _048010_ (net)
                  0.12    0.00   41.50 v _315751_/A3 (gf180mcu_fd_sc_mcu9t5v0__nor3_4)
     5    0.09    0.52    0.34   41.84 ^ _315751_/ZN (gf180mcu_fd_sc_mcu9t5v0__nor3_4)
                                         _048011_ (net)
                  0.52    0.00   41.84 ^ _315854_/A1 (gf180mcu_fd_sc_mcu9t5v0__oai211_4)
     4    0.05    0.27    0.16   41.99 v _315854_/ZN (gf180mcu_fd_sc_mcu9t5v0__oai211_4)
                                         _048123_ (net)
                  0.27    0.00   41.99 v _315855_/S (gf180mcu_fd_sc_mcu9t5v0__mux2_2)
     1    0.01    0.10    0.25   42.24 v _315855_/Z (gf180mcu_fd_sc_mcu9t5v0__mux2_2)
                                         _048124_ (net)
                  0.10    0.00   42.24 v _315858_/B (gf180mcu_fd_sc_mcu9t5v0__aoi211_2)
     1    0.01    0.29    0.21   42.45 ^ _315858_/ZN (gf180mcu_fd_sc_mcu9t5v0__aoi211_2)
                                         _048127_ (net)
                  0.29    0.00   42.45 ^ _315859_/A1 (gf180mcu_fd_sc_mcu9t5v0__xnor3_4)
    11    0.13    0.24    0.87   43.32 v _315859_/ZN (gf180mcu_fd_sc_mcu9t5v0__xnor3_4)
                                         _048128_ (net)
                  0.24    0.00   43.32 v _316033_/B (gf180mcu_fd_sc_mcu9t5v0__aoi211_2)
     2    0.02    0.39    0.28   43.60 ^ _316033_/ZN (gf180mcu_fd_sc_mcu9t5v0__aoi211_2)
                                         _048319_ (net)
                  0.39    0.00   43.60 ^ _316085_/A1 (gf180mcu_fd_sc_mcu9t5v0__xnor3_2)
     2    0.03    0.14    0.63   44.24 v _316085_/ZN (gf180mcu_fd_sc_mcu9t5v0__xnor3_2)
                                         _048375_ (net)
                  0.14    0.00   44.24 v _316086_/A2 (gf180mcu_fd_sc_mcu9t5v0__xnor2_2)
     3    0.05    0.23    0.42   44.66 ^ _316086_/ZN (gf180mcu_fd_sc_mcu9t5v0__xnor2_2)
                                         _048376_ (net)
                  0.23    0.00   44.66 ^ _316087_/B (gf180mcu_fd_sc_mcu9t5v0__aoi21_4)
     3    0.05    0.19    0.14   44.80 v _316087_/ZN (gf180mcu_fd_sc_mcu9t5v0__aoi21_4)
                                         _048377_ (net)
                  0.19    0.00   44.80 v _316518_/A2 (gf180mcu_fd_sc_mcu9t5v0__and2_2)
     1    0.01    0.07    0.19   45.00 v _316518_/Z (gf180mcu_fd_sc_mcu9t5v0__and2_2)
                                         _048849_ (net)
                  0.07    0.00   45.00 v _316519_/A4 (gf180mcu_fd_sc_mcu9t5v0__nand4_2)
     1    0.03    0.29    0.20   45.19 ^ _316519_/ZN (gf180mcu_fd_sc_mcu9t5v0__nand4_2)
                                         _048850_ (net)
                  0.29    0.00   45.19 ^ _316520_/C (gf180mcu_fd_sc_mcu9t5v0__oai211_4)
     8    0.10    0.32    0.22   45.41 v _316520_/ZN (gf180mcu_fd_sc_mcu9t5v0__oai211_4)
                                         _048852_ (net)
                  0.32    0.00   45.41 v _334150_/A1 (gf180mcu_fd_sc_mcu9t5v0__and2_4)
     9    0.11    0.15    0.27   45.68 v _334150_/Z (gf180mcu_fd_sc_mcu9t5v0__and2_4)
                                         _068160_ (net)
                  0.15    0.00   45.68 v _334160_/A2 (gf180mcu_fd_sc_mcu9t5v0__and2_2)
     3    0.04    0.11    0.22   45.90 v _334160_/Z (gf180mcu_fd_sc_mcu9t5v0__and2_2)
                                         _068171_ (net)
                  0.11    0.00   45.90 v _334185_/A2 (gf180mcu_fd_sc_mcu9t5v0__xnor2_2)
     1    0.02    0.09    0.34   46.23 ^ _334185_/ZN (gf180mcu_fd_sc_mcu9t5v0__xnor2_2)
                                         _068198_ (net)
                  0.09    0.00   46.23 ^ _334186_/A2 (gf180mcu_fd_sc_mcu9t5v0__nand2_2)
     4    0.05    0.17    0.13   46.36 v _334186_/ZN (gf180mcu_fd_sc_mcu9t5v0__nand2_2)
                                         _068199_ (net)
                  0.17    0.00   46.36 v _334187_/B (gf180mcu_fd_sc_mcu9t5v0__oai31_2)
     2    0.04    0.51    0.23   46.59 ^ _334187_/ZN (gf180mcu_fd_sc_mcu9t5v0__oai31_2)
                                         _068200_ (net)
                  0.51    0.00   46.59 ^ _334203_/B (gf180mcu_fd_sc_mcu9t5v0__aoi211_4)
     2    0.05    0.29    0.20   46.79 v _334203_/ZN (gf180mcu_fd_sc_mcu9t5v0__aoi211_4)
                                         _068218_ (net)
                  0.29    0.00   46.79 v _334906_/A2 (gf180mcu_fd_sc_mcu9t5v0__nand2_2)
     5    0.06    0.31    0.26   47.06 ^ _334906_/ZN (gf180mcu_fd_sc_mcu9t5v0__nand2_2)
                                         _068991_ (net)
                  0.31    0.00   47.06 ^ _334909_/A1 (gf180mcu_fd_sc_mcu9t5v0__aoi21_2)
     1    0.01    0.14    0.07   47.13 v _334909_/ZN (gf180mcu_fd_sc_mcu9t5v0__aoi21_2)
                                         _068994_ (net)
                  0.14    0.00   47.13 v _334910_/A3 (gf180mcu_fd_sc_mcu9t5v0__xnor3_4)
    11    0.14    0.30    0.60   47.73 ^ _334910_/ZN (gf180mcu_fd_sc_mcu9t5v0__xnor3_4)
                                         _068996_ (net)
                  0.30    0.00   47.73 ^ _334918_/A1 (gf180mcu_fd_sc_mcu9t5v0__nand2_2)
     1    0.01    0.12    0.07   47.80 v _334918_/ZN (gf180mcu_fd_sc_mcu9t5v0__nand2_2)
                                         _069004_ (net)
                  0.12    0.00   47.80 v _334919_/A3 (gf180mcu_fd_sc_mcu9t5v0__or3_2)
     1    0.01    0.11    0.28   48.09 v _334919_/Z (gf180mcu_fd_sc_mcu9t5v0__or3_2)
                                         _069005_ (net)
                  0.11    0.00   48.09 v _334920_/A4 (gf180mcu_fd_sc_mcu9t5v0__or4_4)
    10    0.15    0.26    0.48   48.56 v _334920_/Z (gf180mcu_fd_sc_mcu9t5v0__or4_4)
                                         _069007_ (net)
                  0.26    0.00   48.56 v _334956_/A1 (gf180mcu_fd_sc_mcu9t5v0__or4_4)
    18    0.22    0.34    0.51   49.07 v _334956_/Z (gf180mcu_fd_sc_mcu9t5v0__or4_4)
                                         _069046_ (net)
                  0.34    0.00   49.07 v _334967_/A3 (gf180mcu_fd_sc_mcu9t5v0__or4_4)
     8    0.11    0.23    0.47   49.54 v _334967_/Z (gf180mcu_fd_sc_mcu9t5v0__or4_4)
                                         _069058_ (net)
                  0.23    0.00   49.54 v _334976_/A2 (gf180mcu_fd_sc_mcu9t5v0__nor3_4)
     6    0.08    0.45    0.31   49.85 ^ _334976_/ZN (gf180mcu_fd_sc_mcu9t5v0__nor3_4)
                                         _069068_ (net)
                  0.45    0.00   49.85 ^ _334984_/A2 (gf180mcu_fd_sc_mcu9t5v0__and3_4)
     8    0.10    0.23    0.30   50.15 ^ _334984_/Z (gf180mcu_fd_sc_mcu9t5v0__and3_4)
                                         _069077_ (net)
                  0.23    0.00   50.15 ^ _334992_/A1 (gf180mcu_fd_sc_mcu9t5v0__and2_2)
     6    0.07    0.28    0.29   50.44 ^ _334992_/Z (gf180mcu_fd_sc_mcu9t5v0__and2_2)
                                         _069086_ (net)
                  0.28    0.00   50.44 ^ _334993_/A3 (gf180mcu_fd_sc_mcu9t5v0__and3_2)
     4    0.05    0.22    0.28   50.72 ^ _334993_/Z (gf180mcu_fd_sc_mcu9t5v0__and3_2)
                                         _069087_ (net)
                  0.22    0.00   50.72 ^ _335072_/A1 (gf180mcu_fd_sc_mcu9t5v0__oai31_2)
     1    0.02    0.20    0.09   50.81 v _335072_/ZN (gf180mcu_fd_sc_mcu9t5v0__oai31_2)
                                         _069174_ (net)
                  0.20    0.00   50.81 v _335073_/B (gf180mcu_fd_sc_mcu9t5v0__aoi21_2)
     2    0.03    0.29    0.22   51.03 ^ _335073_/ZN (gf180mcu_fd_sc_mcu9t5v0__aoi21_2)
                                         _069175_ (net)
                  0.29    0.00   51.03 ^ _335104_/A1 (gf180mcu_fd_sc_mcu9t5v0__nand2_2)
     1    0.01    0.11    0.07   51.10 v _335104_/ZN (gf180mcu_fd_sc_mcu9t5v0__nand2_2)
                                         _069209_ (net)
                  0.11    0.00   51.10 v _335105_/A1 (gf180mcu_fd_sc_mcu9t5v0__xnor3_2)
     5    0.07    0.29    0.78   51.88 ^ _335105_/ZN (gf180mcu_fd_sc_mcu9t5v0__xnor3_2)
                                         _069210_ (net)
                  0.29    0.00   51.88 ^ _335109_/A2 (gf180mcu_fd_sc_mcu9t5v0__or2_2)
     2    0.02    0.10    0.17   52.05 ^ _335109_/Z (gf180mcu_fd_sc_mcu9t5v0__or2_2)
                                         _069214_ (net)
                  0.10    0.00   52.05 ^ _343494_/A1 (gf180mcu_fd_sc_mcu9t5v0__and3_2)
     2    0.04    0.19    0.25   52.30 ^ _343494_/Z (gf180mcu_fd_sc_mcu9t5v0__and3_2)
                                         _078438_ (net)
                  0.19    0.00   52.30 ^ _343568_/A2 (gf180mcu_fd_sc_mcu9t5v0__and2_2)
     4    0.05    0.22    0.24   52.55 ^ _343568_/Z (gf180mcu_fd_sc_mcu9t5v0__and2_2)
                                         _078519_ (net)
                  0.22    0.00   52.55 ^ _343588_/A1 (gf180mcu_fd_sc_mcu9t5v0__oai211_2)
     2    0.02    0.21    0.12   52.67 v _343588_/ZN (gf180mcu_fd_sc_mcu9t5v0__oai211_2)
                                         _078541_ (net)
                  0.21    0.00   52.67 v _343589_/A2 (gf180mcu_fd_sc_mcu9t5v0__xnor2_2)
     1    0.01    0.09    0.37   53.03 ^ _343589_/ZN (gf180mcu_fd_sc_mcu9t5v0__xnor2_2)
                                         _078542_ (net)
                  0.09    0.00   53.03 ^ _343590_/C1 (gf180mcu_fd_sc_mcu9t5v0__aoi222_2)
     2    0.02    0.58    0.15   53.18 v _343590_/ZN (gf180mcu_fd_sc_mcu9t5v0__aoi222_2)
                                         _078544_ (net)
                  0.58    0.00   53.18 v _343591_/A2 (gf180mcu_fd_sc_mcu9t5v0__xnor2_2)
     1    0.01    0.07    0.48   53.66 ^ _343591_/ZN (gf180mcu_fd_sc_mcu9t5v0__xnor2_2)
                                         _078545_ (net)
                  0.07    0.00   53.66 ^ _343610_/A1 (gf180mcu_fd_sc_mcu9t5v0__and3_2)
     1    0.03    0.14    0.21   53.88 ^ _343610_/Z (gf180mcu_fd_sc_mcu9t5v0__and3_2)
                                         _078566_ (net)
                  0.14    0.00   53.88 ^ _343611_/A4 (gf180mcu_fd_sc_mcu9t5v0__nand4_4)
     5    0.07    0.33    0.19   54.06 v _343611_/ZN (gf180mcu_fd_sc_mcu9t5v0__nand4_4)
                                         _078567_ (net)
                  0.33    0.00   54.06 v _343668_/A1 (gf180mcu_fd_sc_mcu9t5v0__oai31_2)
     4    0.04    0.53    0.38   54.44 ^ _343668_/ZN (gf180mcu_fd_sc_mcu9t5v0__oai31_2)
                                         _078629_ (net)
                  0.53    0.00   54.44 ^ _348525_/A1 (gf180mcu_fd_sc_mcu9t5v0__and3_2)
     3    0.04    0.18    0.30   54.74 ^ _348525_/Z (gf180mcu_fd_sc_mcu9t5v0__and3_2)
                                         _083972_ (net)
                  0.18    0.00   54.74 ^ _348569_/A1 (gf180mcu_fd_sc_mcu9t5v0__nand4_2)
     3    0.03    0.23    0.15   54.89 v _348569_/ZN (gf180mcu_fd_sc_mcu9t5v0__nand4_2)
                                         _084020_ (net)
                  0.23    0.00   54.89 v _348588_/A2 (gf180mcu_fd_sc_mcu9t5v0__or4_2)
     2    0.03    0.17    0.37   55.26 v _348588_/Z (gf180mcu_fd_sc_mcu9t5v0__or4_2)
                                         _084041_ (net)
                  0.17    0.00   55.26 v _351352_/A2 (gf180mcu_fd_sc_mcu9t5v0__aoi21_2)
     3    0.04    0.39    0.26   55.53 ^ _351352_/ZN (gf180mcu_fd_sc_mcu9t5v0__aoi21_2)
                                         _087082_ (net)
                  0.39    0.00   55.53 ^ _351353_/C (gf180mcu_fd_sc_mcu9t5v0__oai221_4)
     4    0.06    0.27    0.21   55.73 v _351353_/ZN (gf180mcu_fd_sc_mcu9t5v0__oai221_4)
                                         _087083_ (net)
                  0.27    0.00   55.73 v _351398_/A1 (gf180mcu_fd_sc_mcu9t5v0__or4_2)
     3    0.06    0.24    0.44   56.17 v _351398_/Z (gf180mcu_fd_sc_mcu9t5v0__or4_2)
                                         _087132_ (net)
                  0.24    0.00   56.17 v _351466_/A1 (gf180mcu_fd_sc_mcu9t5v0__nor3_4)
     2    0.04    0.28    0.20   56.38 ^ _351466_/ZN (gf180mcu_fd_sc_mcu9t5v0__nor3_4)
                                         _087207_ (net)
                  0.28    0.00   56.38 ^ _351503_/B1 (gf180mcu_fd_sc_mcu9t5v0__aoi22_4)
     6    0.27    0.78    0.36   56.73 v _351503_/ZN (gf180mcu_fd_sc_mcu9t5v0__aoi22_4)
                                         _087248_ (net)
                  0.78    0.00   56.73 v _352630_/A2 (gf180mcu_fd_sc_mcu9t5v0__or4_4)
     9    0.11    0.23    0.58   57.31 v _352630_/Z (gf180mcu_fd_sc_mcu9t5v0__or4_4)
                                         _088488_ (net)
                  0.23    0.00   57.31 v _354925_/A1 (gf180mcu_fd_sc_mcu9t5v0__or4_2)
     5    0.06    0.23    0.42   57.73 v _354925_/Z (gf180mcu_fd_sc_mcu9t5v0__or4_2)
                                         _091008_ (net)
                  0.23    0.00   57.73 v _355810_/A1 (gf180mcu_fd_sc_mcu9t5v0__or3_2)
     2    0.04    0.17    0.35   58.07 v _355810_/Z (gf180mcu_fd_sc_mcu9t5v0__or3_2)
                                         _091981_ (net)
                  0.17    0.00   58.07 v _356241_/A1 (gf180mcu_fd_sc_mcu9t5v0__xnor2_2)
     1    0.01    0.07    0.34   58.41 ^ _356241_/ZN (gf180mcu_fd_sc_mcu9t5v0__xnor2_2)
                                         _092454_ (net)
                  0.07    0.00   58.41 ^ _356242_/A2 (gf180mcu_fd_sc_mcu9t5v0__and2_2)
     1    0.08    0.33    0.30   58.71 ^ _356242_/Z (gf180mcu_fd_sc_mcu9t5v0__and2_2)
                                         _092455_ (net)
                  0.33    0.00   58.71 ^ _356284_/A1 (gf180mcu_fd_sc_mcu9t5v0__oai221_4)
     5    0.12    0.40    0.25   58.96 v _356284_/ZN (gf180mcu_fd_sc_mcu9t5v0__oai221_4)
                                         _092501_ (net)
                  0.40    0.00   58.96 v _357741_/A2 (gf180mcu_fd_sc_mcu9t5v0__aoi211_2)
     1    0.02    0.38    0.31   59.27 ^ _357741_/ZN (gf180mcu_fd_sc_mcu9t5v0__aoi211_2)
                                         _094096_ (net)
                  0.38    0.00   59.27 ^ _357742_/B (gf180mcu_fd_sc_mcu9t5v0__aoi21_2)
     1    0.01    0.39    0.11   59.38 v _357742_/ZN (gf180mcu_fd_sc_mcu9t5v0__aoi21_2)
                                         _000477_ (net)
                  0.39    0.00   59.38 v v_decode.v_rf_ctrl.stage_rf_wr_data.internal_data[142]$_DFFE_PN_/D (gf180mcu_fd_sc_mcu9t5v0__dffq_4)
                                 59.38   data arrival time

                  0.00  100.00  100.00   clock clk (rise edge)
                          0.00  100.00   clock network delay (ideal)
                          0.00  100.00   clock reconvergence pessimism
                                100.00 ^ v_decode.v_rf_ctrl.stage_rf_wr_data.internal_data[142]$_DFFE_PN_/CLK (gf180mcu_fd_sc_mcu9t5v0__dffq_4)
                         -0.19   99.81   library setup time
                                 99.81   data required time
-----------------------------------------------------------------------------
                                 99.81   data required time
                                -59.38   data arrival time
-----------------------------------------------------------------------------
                                 40.43   slack (MET)



==========================================================================
resizer report_checks -unconstrained
--------------------------------------------------------------------------
Startpoint: rst (input port clocked by clk)
Endpoint: v_decode.v_csr.vl[4]$_DFF_PP1_
          (recovery check against rising-edge clock clk)
Path Group: asynchronous
Path Type: max

Fanout     Cap    Slew   Delay    Time   Description
-----------------------------------------------------------------------------
                  0.00    0.00    0.00   clock clk (rise edge)
                          0.00    0.00   clock network delay (ideal)
                         20.00   20.00 v input external delay
     1    0.01    0.00    0.00   20.00 v rst (in)
                                         rst (net)
                  0.00    0.00   20.00 v input77/I (gf180mcu_fd_sc_mcu9t5v0__buf_4)
     1    0.15    0.18    0.20   20.20 v input77/Z (gf180mcu_fd_sc_mcu9t5v0__buf_4)
                                         net77 (net)
                  0.18    0.00   20.20 v _182358_/I (gf180mcu_fd_sc_mcu9t5v0__inv_20)
   144    2.07    0.76    0.50   20.70 ^ _182358_/ZN (gf180mcu_fd_sc_mcu9t5v0__inv_20)
                                         _000000_ (net)
                  0.76    0.00   20.70 ^ v_decode.v_csr.vl[4]$_DFF_PP1_/SETN (gf180mcu_fd_sc_mcu9t5v0__dffsnq_2)
                                 20.70   data arrival time

                  0.00  100.00  100.00   clock clk (rise edge)
                          0.00  100.00   clock network delay (ideal)
                          0.00  100.00   clock reconvergence pessimism
                                100.00 ^ v_decode.v_csr.vl[4]$_DFF_PP1_/CLK (gf180mcu_fd_sc_mcu9t5v0__dffsnq_2)
                         -0.21   99.79   library recovery time
                                 99.79   data required time
-----------------------------------------------------------------------------
                                 99.79   data required time
                                -20.70   data arrival time
-----------------------------------------------------------------------------
                                 79.09   slack (MET)


Startpoint: v_decode.v_csr_ctrl.stage_vtype.internal_data[12]$_DFFE_PP0P_
            (rising edge-triggered flip-flop clocked by clk)
Endpoint: v_decode.v_rf_ctrl.stage_rf_wr_data.internal_data[142]$_DFFE_PN_
          (rising edge-triggered flip-flop clocked by clk)
Path Group: clk
Path Type: max

Fanout     Cap    Slew   Delay    Time   Description
-----------------------------------------------------------------------------
                  0.00    0.00    0.00   clock clk (rise edge)
                          0.00    0.00   clock network delay (ideal)
                  0.00    0.00    0.00 ^ v_decode.v_csr_ctrl.stage_vtype.internal_data[12]$_DFFE_PP0P_/CLK (gf180mcu_fd_sc_mcu9t5v0__dffrnq_4)
    21    0.83    1.56    1.38    1.38 ^ v_decode.v_csr_ctrl.stage_vtype.internal_data[12]$_DFFE_PP0P_/Q (gf180mcu_fd_sc_mcu9t5v0__dffrnq_4)
                                         v_decode.v_csr_ctrl.stage_vtype.data_out[3] (net)
                  1.56    0.00    1.38 ^ _183247_/I (gf180mcu_fd_sc_mcu9t5v0__inv_20)
    77    2.67    0.85    0.60    1.97 v _183247_/ZN (gf180mcu_fd_sc_mcu9t5v0__inv_20)
                                         _009748_ (net)
                  0.85    0.00    1.97 v _183357_/A2 (gf180mcu_fd_sc_mcu9t5v0__and2_4)
    35    1.16    1.26    1.11    3.09 v _183357_/Z (gf180mcu_fd_sc_mcu9t5v0__and2_4)
                                         _010954_ (net)
                  1.26    0.00    3.09 v _183358_/A2 (gf180mcu_fd_sc_mcu9t5v0__nand2_4)
     9    0.44    1.02    0.93    4.01 ^ _183358_/ZN (gf180mcu_fd_sc_mcu9t5v0__nand2_4)
                                         _010965_ (net)
                  1.02    0.00    4.01 ^ load_slew1973/I (gf180mcu_fd_sc_mcu9t5v0__buf_20)
    12    0.78    0.31    0.28    4.30 ^ load_slew1973/Z (gf180mcu_fd_sc_mcu9t5v0__buf_20)
                                         net1973 (net)
                  0.31    0.00    4.30 ^ load_slew1972/I (gf180mcu_fd_sc_mcu9t5v0__buf_20)
    29    0.71    0.28    0.26    4.56 ^ load_slew1972/Z (gf180mcu_fd_sc_mcu9t5v0__buf_20)
                                         net1972 (net)
                  0.28    0.00    4.56 ^ load_slew1971/I (gf180mcu_fd_sc_mcu9t5v0__buf_16)
    23    0.59    0.29    0.26    4.82 ^ load_slew1971/Z (gf180mcu_fd_sc_mcu9t5v0__buf_16)
                                         net1971 (net)
                  0.29    0.00    4.82 ^ _188018_/B2 (gf180mcu_fd_sc_mcu9t5v0__oai222_4)
     2    0.22    0.78    0.42    5.24 v _188018_/ZN (gf180mcu_fd_sc_mcu9t5v0__oai222_4)
                                         _061834_ (net)
                  0.78    0.00    5.24 v _188054_/A2 (gf180mcu_fd_sc_mcu9t5v0__aoi222_4)
    15    0.26    1.48    1.02    6.26 ^ _188054_/ZN (gf180mcu_fd_sc_mcu9t5v0__aoi222_4)
                                         _062230_ (net)
                  1.48    0.00    6.26 ^ _188116_/A3 (gf180mcu_fd_sc_mcu9t5v0__oai31_4)
    16    0.17    0.73    0.34    6.60 v _188116_/ZN (gf180mcu_fd_sc_mcu9t5v0__oai31_4)
                                         _062912_ (net)
                  0.73    0.00    6.60 v _188159_/A1 (gf180mcu_fd_sc_mcu9t5v0__xnor2_4)
    30    0.50    0.95    1.15    7.75 ^ _188159_/ZN (gf180mcu_fd_sc_mcu9t5v0__xnor2_4)
                                         _063385_ (net)
                  0.95    0.00    7.75 ^ _188160_/A2 (gf180mcu_fd_sc_mcu9t5v0__and2_2)
     4    0.06    0.27    0.28    8.03 ^ _188160_/Z (gf180mcu_fd_sc_mcu9t5v0__and2_2)
                                         _063396_ (net)
                  0.27    0.00    8.03 ^ _188161_/A2 (gf180mcu_fd_sc_mcu9t5v0__and2_4)
     8    0.11    0.23    0.25    8.28 ^ _188161_/Z (gf180mcu_fd_sc_mcu9t5v0__and2_4)
                                         _063407_ (net)
                  0.23    0.00    8.28 ^ _188344_/A2 (gf180mcu_fd_sc_mcu9t5v0__and4_4)
    15    0.26    0.53    0.49    8.77 ^ _188344_/Z (gf180mcu_fd_sc_mcu9t5v0__and4_4)
                                         _065420_ (net)
                  0.53    0.00    8.77 ^ _188367_/A1 (gf180mcu_fd_sc_mcu9t5v0__aoi21_4)
    20    0.36    0.63    0.45    9.22 v _188367_/ZN (gf180mcu_fd_sc_mcu9t5v0__aoi21_4)
                                         _065673_ (net)
                  0.63    0.00    9.22 v _188555_/A2 (gf180mcu_fd_sc_mcu9t5v0__nor4_4)
    17    0.38    2.37    1.40   10.62 ^ _188555_/ZN (gf180mcu_fd_sc_mcu9t5v0__nor4_4)
                                         _067741_ (net)
                  2.37    0.00   10.62 ^ _202758_/A1 (gf180mcu_fd_sc_mcu9t5v0__aoi21_4)
    39    0.74    1.55    1.03   11.65 v _202758_/ZN (gf180mcu_fd_sc_mcu9t5v0__aoi21_4)
                                         _112667_ (net)
                  1.55    0.00   11.65 v _203266_/A1 (gf180mcu_fd_sc_mcu9t5v0__oai31_4)
    21    0.42    2.04    1.57   13.22 ^ _203266_/ZN (gf180mcu_fd_sc_mcu9t5v0__oai31_4)
                                         _113175_ (net)
                  2.04    0.00   13.22 ^ _203469_/A3 (gf180mcu_fd_sc_mcu9t5v0__nand4_4)
    17    0.26    0.98    0.51   13.73 v _203469_/ZN (gf180mcu_fd_sc_mcu9t5v0__nand4_4)
                                         _113378_ (net)
                  0.98    0.00   13.73 v _205130_/A1 (gf180mcu_fd_sc_mcu9t5v0__oai31_4)
    19    0.39    1.89    1.31   15.04 ^ _205130_/ZN (gf180mcu_fd_sc_mcu9t5v0__oai31_4)
                                         _115039_ (net)
                  1.89    0.00   15.04 ^ wire1165/I (gf180mcu_fd_sc_mcu9t5v0__clkbuf_16)
    24    0.43    0.24    0.39   15.42 ^ wire1165/Z (gf180mcu_fd_sc_mcu9t5v0__clkbuf_16)
                                         net1165 (net)
                  0.24    0.00   15.42 ^ _205878_/A1 (gf180mcu_fd_sc_mcu9t5v0__and4_4)
     8    0.18    0.38    0.41   15.83 ^ _205878_/Z (gf180mcu_fd_sc_mcu9t5v0__and4_4)
                                         _115787_ (net)
                  0.38    0.00   15.83 ^ _210799_/A2 (gf180mcu_fd_sc_mcu9t5v0__oai211_4)
     6    0.22    0.54    0.37   16.20 v _210799_/ZN (gf180mcu_fd_sc_mcu9t5v0__oai211_4)
                                         _120708_ (net)
                  0.54    0.00   16.20 v _217325_/A1 (gf180mcu_fd_sc_mcu9t5v0__oai21_4)
    19    0.40    1.33    0.89   17.09 ^ _217325_/ZN (gf180mcu_fd_sc_mcu9t5v0__oai21_4)
                                         _127234_ (net)
                  1.33    0.00   17.09 ^ load_slew1042/I (gf180mcu_fd_sc_mcu9t5v0__buf_20)
    32    0.62    0.26    0.24   17.33 ^ load_slew1042/Z (gf180mcu_fd_sc_mcu9t5v0__buf_20)
                                         net1042 (net)
                  0.26    0.00   17.33 ^ _217329_/A1 (gf180mcu_fd_sc_mcu9t5v0__and4_4)
    26    0.62    1.17    0.87   18.20 ^ _217329_/Z (gf180mcu_fd_sc_mcu9t5v0__and4_4)
                                         _127238_ (net)
                  1.17    0.00   18.20 ^ _217331_/A1 (gf180mcu_fd_sc_mcu9t5v0__aoi21_4)
    13    0.36    0.76    0.52   18.72 v _217331_/ZN (gf180mcu_fd_sc_mcu9t5v0__aoi21_4)
                                         _127240_ (net)
                  0.76    0.00   18.72 v load_slew987/I (gf180mcu_fd_sc_mcu9t5v0__buf_20)
    31    0.61    0.16    0.38   19.10 v load_slew987/Z (gf180mcu_fd_sc_mcu9t5v0__buf_20)
                                         net987 (net)
                  0.16    0.00   19.10 v _217332_/A3 (gf180mcu_fd_sc_mcu9t5v0__or4_4)
    51    1.22    1.34    1.21   20.31 v _217332_/Z (gf180mcu_fd_sc_mcu9t5v0__or4_4)
                                         _127241_ (net)
                  1.34    0.00   20.31 v _218232_/A2 (gf180mcu_fd_sc_mcu9t5v0__or3_4)
    12    0.28    0.39    0.81   21.12 v _218232_/Z (gf180mcu_fd_sc_mcu9t5v0__or3_4)
                                         _128141_ (net)
                  0.39    0.00   21.12 v _218348_/A1 (gf180mcu_fd_sc_mcu9t5v0__nand2_4)
    21    0.58    1.24    0.81   21.93 ^ _218348_/ZN (gf180mcu_fd_sc_mcu9t5v0__nand2_4)
                                         _128257_ (net)
                  1.24    0.00   21.93 ^ _238631_/A1 (gf180mcu_fd_sc_mcu9t5v0__aoi21_4)
    27    0.60    1.07    0.77   22.70 v _238631_/ZN (gf180mcu_fd_sc_mcu9t5v0__aoi21_4)
                                         _148540_ (net)
                  1.07    0.00   22.70 v load_slew701/I (gf180mcu_fd_sc_mcu9t5v0__buf_16)
    28    0.54    0.19    0.45   23.16 v load_slew701/Z (gf180mcu_fd_sc_mcu9t5v0__buf_16)
                                         net701 (net)
                  0.19    0.00   23.16 v _243984_/A1 (gf180mcu_fd_sc_mcu9t5v0__oai31_4)
    11    0.19    1.03    0.59   23.74 ^ _243984_/ZN (gf180mcu_fd_sc_mcu9t5v0__oai31_4)
                                         _153893_ (net)
                  1.03    0.00   23.74 ^ load_slew638/I (gf180mcu_fd_sc_mcu9t5v0__buf_12)
    18    0.40    0.28    0.26   24.00 ^ load_slew638/Z (gf180mcu_fd_sc_mcu9t5v0__buf_12)
                                         net638 (net)
                  0.28    0.00   24.00 ^ load_slew637/I (gf180mcu_fd_sc_mcu9t5v0__clkbuf_16)
    16    0.42    0.21    0.25   24.25 ^ load_slew637/Z (gf180mcu_fd_sc_mcu9t5v0__clkbuf_16)
                                         net637 (net)
                  0.21    0.00   24.25 ^ _255107_/A1 (gf180mcu_fd_sc_mcu9t5v0__and4_4)
    46    0.90    1.68    1.16   25.41 ^ _255107_/Z (gf180mcu_fd_sc_mcu9t5v0__and4_4)
                                         _165016_ (net)
                  1.68    0.00   25.41 ^ _266706_/A2 (gf180mcu_fd_sc_mcu9t5v0__oai21_4)
    24    0.45    1.04    0.70   26.11 v _266706_/ZN (gf180mcu_fd_sc_mcu9t5v0__oai21_4)
                                         _176615_ (net)
                  1.04    0.00   26.11 v _266713_/A1 (gf180mcu_fd_sc_mcu9t5v0__nand2_4)
    16    0.27    0.68    0.64   26.75 ^ _266713_/ZN (gf180mcu_fd_sc_mcu9t5v0__nand2_4)
                                         _176622_ (net)
                  0.68    0.00   26.75 ^ _272555_/A3 (gf180mcu_fd_sc_mcu9t5v0__and3_4)
    54    1.45    2.69    1.70   28.45 ^ _272555_/Z (gf180mcu_fd_sc_mcu9t5v0__and3_4)
                                         _000898_ (net)
                  2.69    0.00   28.45 ^ _272562_/A1 (gf180mcu_fd_sc_mcu9t5v0__nand2_4)
    12    0.62    1.46    0.96   29.42 v _272562_/ZN (gf180mcu_fd_sc_mcu9t5v0__nand2_4)
                                         _000906_ (net)
                  1.46    0.00   29.42 v _272563_/B1 (gf180mcu_fd_sc_mcu9t5v0__oai32_2)
     1    0.01    0.54    0.51   29.93 ^ _272563_/ZN (gf180mcu_fd_sc_mcu9t5v0__oai32_2)
                                         _000907_ (net)
                  0.54    0.00   29.93 ^ _272564_/A2 (gf180mcu_fd_sc_mcu9t5v0__xnor2_2)
     3    0.03    0.14    0.31   30.24 v _272564_/ZN (gf180mcu_fd_sc_mcu9t5v0__xnor2_2)
                                         _000908_ (net)
                  0.14    0.00   30.24 v _272580_/A1 (gf180mcu_fd_sc_mcu9t5v0__xor2_4)
     5    0.10    0.22    0.50   30.74 ^ _272580_/Z (gf180mcu_fd_sc_mcu9t5v0__xor2_4)
                                         _000926_ (net)
                  0.22    0.00   30.74 ^ _272581_/A3 (gf180mcu_fd_sc_mcu9t5v0__xnor3_2)
     2    0.04    0.16    0.37   31.11 v _272581_/ZN (gf180mcu_fd_sc_mcu9t5v0__xnor3_2)
                                         _000927_ (net)
                  0.16    0.00   31.11 v _273066_/A1 (gf180mcu_fd_sc_mcu9t5v0__nand2_2)
     1    0.02    0.14    0.10   31.21 ^ _273066_/ZN (gf180mcu_fd_sc_mcu9t5v0__nand2_2)
                                         _001457_ (net)
                  0.14    0.00   31.21 ^ _273067_/B (gf180mcu_fd_sc_mcu9t5v0__oai21_2)
     2    0.04    0.20    0.15   31.36 v _273067_/ZN (gf180mcu_fd_sc_mcu9t5v0__oai21_2)
                                         _001458_ (net)
                  0.20    0.00   31.36 v _273195_/A1 (gf180mcu_fd_sc_mcu9t5v0__xnor3_2)
     1    0.01    0.09    0.56   31.92 v _273195_/ZN (gf180mcu_fd_sc_mcu9t5v0__xnor3_2)
                                         _001598_ (net)
                  0.09    0.00   31.92 v _273196_/A2 (gf180mcu_fd_sc_mcu9t5v0__xnor2_4)
     6    0.11    0.23    0.54   32.47 ^ _273196_/ZN (gf180mcu_fd_sc_mcu9t5v0__xnor2_4)
                                         _001599_ (net)
                  0.23    0.00   32.47 ^ _274428_/I (gf180mcu_fd_sc_mcu9t5v0__clkinv_2)
     4    0.04    0.19    0.16   32.63 v _274428_/ZN (gf180mcu_fd_sc_mcu9t5v0__clkinv_2)
                                         _002943_ (net)
                  0.19    0.00   32.63 v _274605_/B (gf180mcu_fd_sc_mcu9t5v0__oai21_2)
     1    0.01    0.19    0.16   32.78 ^ _274605_/ZN (gf180mcu_fd_sc_mcu9t5v0__oai21_2)
                                         _003136_ (net)
                  0.19    0.00   32.78 ^ _274606_/B (gf180mcu_fd_sc_mcu9t5v0__oai21_2)
     1    0.03    0.16    0.13   32.91 v _274606_/ZN (gf180mcu_fd_sc_mcu9t5v0__oai21_2)
                                         _003137_ (net)
                  0.16    0.00   32.91 v _274608_/B2 (gf180mcu_fd_sc_mcu9t5v0__aoi221_4)
     5    0.09    0.67    0.45   33.36 ^ _274608_/ZN (gf180mcu_fd_sc_mcu9t5v0__aoi221_4)
                                         _003139_ (net)
                  0.67    0.00   33.36 ^ _274609_/A2 (gf180mcu_fd_sc_mcu9t5v0__nor2_2)
     5    0.05    0.34    0.23   33.59 v _274609_/ZN (gf180mcu_fd_sc_mcu9t5v0__nor2_2)
                                         _003140_ (net)
                  0.34    0.00   33.59 v _274751_/A1 (gf180mcu_fd_sc_mcu9t5v0__xnor3_2)
     3    0.06    0.25    0.82   34.41 ^ _274751_/ZN (gf180mcu_fd_sc_mcu9t5v0__xnor3_2)
                                         _003296_ (net)
                  0.25    0.00   34.41 ^ _314755_/A2 (gf180mcu_fd_sc_mcu9t5v0__nor2_2)
     1    0.01    0.13    0.09   34.50 v _314755_/ZN (gf180mcu_fd_sc_mcu9t5v0__nor2_2)
                                         _046921_ (net)
                  0.13    0.00   34.50 v _314756_/B (gf180mcu_fd_sc_mcu9t5v0__aoi21_2)
     3    0.03    0.33    0.24   34.74 ^ _314756_/ZN (gf180mcu_fd_sc_mcu9t5v0__aoi21_2)
                                         _046922_ (net)
                  0.33    0.00   34.74 ^ _314765_/A2 (gf180mcu_fd_sc_mcu9t5v0__nor3_2)
     1    0.03    0.20    0.15   34.89 v _314765_/ZN (gf180mcu_fd_sc_mcu9t5v0__nor3_2)
                                         _046932_ (net)
                  0.20    0.00   34.89 v _314767_/B (gf180mcu_fd_sc_mcu9t5v0__aoi211_4)
     4    0.05    0.42    0.30   35.19 ^ _314767_/ZN (gf180mcu_fd_sc_mcu9t5v0__aoi211_4)
                                         _046934_ (net)
                  0.42    0.00   35.19 ^ _314773_/A2 (gf180mcu_fd_sc_mcu9t5v0__oai21_2)
     2    0.03    0.23    0.15   35.34 v _314773_/ZN (gf180mcu_fd_sc_mcu9t5v0__oai21_2)
                                         _046941_ (net)
                  0.23    0.00   35.34 v _314780_/B1 (gf180mcu_fd_sc_mcu9t5v0__aoi22_2)
     2    0.03    0.35    0.25   35.58 ^ _314780_/ZN (gf180mcu_fd_sc_mcu9t5v0__aoi22_2)
                                         _046949_ (net)
                  0.35    0.00   35.58 ^ _314793_/A1 (gf180mcu_fd_sc_mcu9t5v0__oai31_2)
     2    0.04    0.22    0.16   35.74 v _314793_/ZN (gf180mcu_fd_sc_mcu9t5v0__oai31_2)
                                         _046963_ (net)
                  0.22    0.00   35.74 v _314841_/A1 (gf180mcu_fd_sc_mcu9t5v0__xnor3_4)
     9    0.12    0.27    0.98   36.72 ^ _314841_/ZN (gf180mcu_fd_sc_mcu9t5v0__xnor3_4)
                                         _047015_ (net)
                  0.27    0.00   36.72 ^ _314860_/A1 (gf180mcu_fd_sc_mcu9t5v0__and3_2)
     4    0.05    0.21    0.29   37.01 ^ _314860_/Z (gf180mcu_fd_sc_mcu9t5v0__and3_2)
                                         _047036_ (net)
                  0.21    0.00   37.01 ^ _314862_/A1 (gf180mcu_fd_sc_mcu9t5v0__and2_2)
     4    0.05    0.21    0.25   37.25 ^ _314862_/Z (gf180mcu_fd_sc_mcu9t5v0__and2_2)
                                         _047038_ (net)
                  0.21    0.00   37.25 ^ _314865_/A1 (gf180mcu_fd_sc_mcu9t5v0__and2_2)
     5    0.07    0.30    0.30   37.55 ^ _314865_/Z (gf180mcu_fd_sc_mcu9t5v0__and2_2)
                                         _047041_ (net)
                  0.30    0.00   37.55 ^ _315039_/A1 (gf180mcu_fd_sc_mcu9t5v0__xor2_2)
     3    0.05    0.17    0.34   37.89 v _315039_/Z (gf180mcu_fd_sc_mcu9t5v0__xor2_2)
                                         _047232_ (net)
                  0.17    0.00   37.89 v _315041_/B2 (gf180mcu_fd_sc_mcu9t5v0__oai33_4)
     3    0.04    0.63    0.36   38.25 ^ _315041_/ZN (gf180mcu_fd_sc_mcu9t5v0__oai33_4)
                                         _047234_ (net)
                  0.63    0.00   38.25 ^ _315043_/A1 (gf180mcu_fd_sc_mcu9t5v0__or2_2)
     4    0.09    0.34    0.29   38.54 ^ _315043_/Z (gf180mcu_fd_sc_mcu9t5v0__or2_2)
                                         _047236_ (net)
                  0.34    0.00   38.54 ^ _315069_/A2 (gf180mcu_fd_sc_mcu9t5v0__oai32_4)
     9    0.12    0.33    0.23   38.76 v _315069_/ZN (gf180mcu_fd_sc_mcu9t5v0__oai32_4)
                                         _047264_ (net)
                  0.33    0.00   38.76 v _315071_/A1 (gf180mcu_fd_sc_mcu9t5v0__and2_2)
     1    0.03    0.10    0.24   39.00 v _315071_/Z (gf180mcu_fd_sc_mcu9t5v0__and2_2)
                                         _047267_ (net)
                  0.10    0.00   39.00 v _315077_/B2 (gf180mcu_fd_sc_mcu9t5v0__aoi221_4)
     8    0.12    0.78    0.51   39.51 ^ _315077_/ZN (gf180mcu_fd_sc_mcu9t5v0__aoi221_4)
                                         _047273_ (net)
                  0.78    0.00   39.51 ^ _315085_/B1 (gf180mcu_fd_sc_mcu9t5v0__aoi22_4)
    12    0.15    0.48    0.32   39.82 v _315085_/ZN (gf180mcu_fd_sc_mcu9t5v0__aoi22_4)
                                         _047282_ (net)
                  0.48    0.00   39.82 v _315734_/A3 (gf180mcu_fd_sc_mcu9t5v0__or4_4)
     8    0.12    0.24    0.51   40.33 v _315734_/Z (gf180mcu_fd_sc_mcu9t5v0__or4_4)
                                         _047992_ (net)
                  0.24    0.00   40.33 v _315742_/A2 (gf180mcu_fd_sc_mcu9t5v0__nor2_4)
     8    0.10    0.36    0.26   40.59 ^ _315742_/ZN (gf180mcu_fd_sc_mcu9t5v0__nor2_4)
                                         _048001_ (net)
                  0.36    0.00   40.59 ^ _315744_/A2 (gf180mcu_fd_sc_mcu9t5v0__xnor3_2)
     4    0.06    0.19    0.65   41.24 v _315744_/ZN (gf180mcu_fd_sc_mcu9t5v0__xnor3_2)
                                         _048003_ (net)
                  0.19    0.00   41.24 v _315750_/A1 (gf180mcu_fd_sc_mcu9t5v0__or2_2)
     2    0.03    0.12    0.26   41.50 v _315750_/Z (gf180mcu_fd_sc_mcu9t5v0__or2_2)
                                         _048010_ (net)
                  0.12    0.00   41.50 v _315751_/A3 (gf180mcu_fd_sc_mcu9t5v0__nor3_4)
     5    0.09    0.52    0.34   41.84 ^ _315751_/ZN (gf180mcu_fd_sc_mcu9t5v0__nor3_4)
                                         _048011_ (net)
                  0.52    0.00   41.84 ^ _315854_/A1 (gf180mcu_fd_sc_mcu9t5v0__oai211_4)
     4    0.05    0.27    0.16   41.99 v _315854_/ZN (gf180mcu_fd_sc_mcu9t5v0__oai211_4)
                                         _048123_ (net)
                  0.27    0.00   41.99 v _315855_/S (gf180mcu_fd_sc_mcu9t5v0__mux2_2)
     1    0.01    0.10    0.25   42.24 v _315855_/Z (gf180mcu_fd_sc_mcu9t5v0__mux2_2)
                                         _048124_ (net)
                  0.10    0.00   42.24 v _315858_/B (gf180mcu_fd_sc_mcu9t5v0__aoi211_2)
     1    0.01    0.29    0.21   42.45 ^ _315858_/ZN (gf180mcu_fd_sc_mcu9t5v0__aoi211_2)
                                         _048127_ (net)
                  0.29    0.00   42.45 ^ _315859_/A1 (gf180mcu_fd_sc_mcu9t5v0__xnor3_4)
    11    0.13    0.24    0.87   43.32 v _315859_/ZN (gf180mcu_fd_sc_mcu9t5v0__xnor3_4)
                                         _048128_ (net)
                  0.24    0.00   43.32 v _316033_/B (gf180mcu_fd_sc_mcu9t5v0__aoi211_2)
     2    0.02    0.39    0.28   43.60 ^ _316033_/ZN (gf180mcu_fd_sc_mcu9t5v0__aoi211_2)
                                         _048319_ (net)
                  0.39    0.00   43.60 ^ _316085_/A1 (gf180mcu_fd_sc_mcu9t5v0__xnor3_2)
     2    0.03    0.14    0.63   44.24 v _316085_/ZN (gf180mcu_fd_sc_mcu9t5v0__xnor3_2)
                                         _048375_ (net)
                  0.14    0.00   44.24 v _316086_/A2 (gf180mcu_fd_sc_mcu9t5v0__xnor2_2)
     3    0.05    0.23    0.42   44.66 ^ _316086_/ZN (gf180mcu_fd_sc_mcu9t5v0__xnor2_2)
                                         _048376_ (net)
                  0.23    0.00   44.66 ^ _316087_/B (gf180mcu_fd_sc_mcu9t5v0__aoi21_4)
     3    0.05    0.19    0.14   44.80 v _316087_/ZN (gf180mcu_fd_sc_mcu9t5v0__aoi21_4)
                                         _048377_ (net)
                  0.19    0.00   44.80 v _316518_/A2 (gf180mcu_fd_sc_mcu9t5v0__and2_2)
     1    0.01    0.07    0.19   45.00 v _316518_/Z (gf180mcu_fd_sc_mcu9t5v0__and2_2)
                                         _048849_ (net)
                  0.07    0.00   45.00 v _316519_/A4 (gf180mcu_fd_sc_mcu9t5v0__nand4_2)
     1    0.03    0.29    0.20   45.19 ^ _316519_/ZN (gf180mcu_fd_sc_mcu9t5v0__nand4_2)
                                         _048850_ (net)
                  0.29    0.00   45.19 ^ _316520_/C (gf180mcu_fd_sc_mcu9t5v0__oai211_4)
     8    0.10    0.32    0.22   45.41 v _316520_/ZN (gf180mcu_fd_sc_mcu9t5v0__oai211_4)
                                         _048852_ (net)
                  0.32    0.00   45.41 v _334150_/A1 (gf180mcu_fd_sc_mcu9t5v0__and2_4)
     9    0.11    0.15    0.27   45.68 v _334150_/Z (gf180mcu_fd_sc_mcu9t5v0__and2_4)
                                         _068160_ (net)
                  0.15    0.00   45.68 v _334160_/A2 (gf180mcu_fd_sc_mcu9t5v0__and2_2)
     3    0.04    0.11    0.22   45.90 v _334160_/Z (gf180mcu_fd_sc_mcu9t5v0__and2_2)
                                         _068171_ (net)
                  0.11    0.00   45.90 v _334185_/A2 (gf180mcu_fd_sc_mcu9t5v0__xnor2_2)
     1    0.02    0.09    0.34   46.23 ^ _334185_/ZN (gf180mcu_fd_sc_mcu9t5v0__xnor2_2)
                                         _068198_ (net)
                  0.09    0.00   46.23 ^ _334186_/A2 (gf180mcu_fd_sc_mcu9t5v0__nand2_2)
     4    0.05    0.17    0.13   46.36 v _334186_/ZN (gf180mcu_fd_sc_mcu9t5v0__nand2_2)
                                         _068199_ (net)
                  0.17    0.00   46.36 v _334187_/B (gf180mcu_fd_sc_mcu9t5v0__oai31_2)
     2    0.04    0.51    0.23   46.59 ^ _334187_/ZN (gf180mcu_fd_sc_mcu9t5v0__oai31_2)
                                         _068200_ (net)
                  0.51    0.00   46.59 ^ _334203_/B (gf180mcu_fd_sc_mcu9t5v0__aoi211_4)
     2    0.05    0.29    0.20   46.79 v _334203_/ZN (gf180mcu_fd_sc_mcu9t5v0__aoi211_4)
                                         _068218_ (net)
                  0.29    0.00   46.79 v _334906_/A2 (gf180mcu_fd_sc_mcu9t5v0__nand2_2)
     5    0.06    0.31    0.26   47.06 ^ _334906_/ZN (gf180mcu_fd_sc_mcu9t5v0__nand2_2)
                                         _068991_ (net)
                  0.31    0.00   47.06 ^ _334909_/A1 (gf180mcu_fd_sc_mcu9t5v0__aoi21_2)
     1    0.01    0.14    0.07   47.13 v _334909_/ZN (gf180mcu_fd_sc_mcu9t5v0__aoi21_2)
                                         _068994_ (net)
                  0.14    0.00   47.13 v _334910_/A3 (gf180mcu_fd_sc_mcu9t5v0__xnor3_4)
    11    0.14    0.30    0.60   47.73 ^ _334910_/ZN (gf180mcu_fd_sc_mcu9t5v0__xnor3_4)
                                         _068996_ (net)
                  0.30    0.00   47.73 ^ _334918_/A1 (gf180mcu_fd_sc_mcu9t5v0__nand2_2)
     1    0.01    0.12    0.07   47.80 v _334918_/ZN (gf180mcu_fd_sc_mcu9t5v0__nand2_2)
                                         _069004_ (net)
                  0.12    0.00   47.80 v _334919_/A3 (gf180mcu_fd_sc_mcu9t5v0__or3_2)
     1    0.01    0.11    0.28   48.09 v _334919_/Z (gf180mcu_fd_sc_mcu9t5v0__or3_2)
                                         _069005_ (net)
                  0.11    0.00   48.09 v _334920_/A4 (gf180mcu_fd_sc_mcu9t5v0__or4_4)
    10    0.15    0.26    0.48   48.56 v _334920_/Z (gf180mcu_fd_sc_mcu9t5v0__or4_4)
                                         _069007_ (net)
                  0.26    0.00   48.56 v _334956_/A1 (gf180mcu_fd_sc_mcu9t5v0__or4_4)
    18    0.22    0.34    0.51   49.07 v _334956_/Z (gf180mcu_fd_sc_mcu9t5v0__or4_4)
                                         _069046_ (net)
                  0.34    0.00   49.07 v _334967_/A3 (gf180mcu_fd_sc_mcu9t5v0__or4_4)
     8    0.11    0.23    0.47   49.54 v _334967_/Z (gf180mcu_fd_sc_mcu9t5v0__or4_4)
                                         _069058_ (net)
                  0.23    0.00   49.54 v _334976_/A2 (gf180mcu_fd_sc_mcu9t5v0__nor3_4)
     6    0.08    0.45    0.31   49.85 ^ _334976_/ZN (gf180mcu_fd_sc_mcu9t5v0__nor3_4)
                                         _069068_ (net)
                  0.45    0.00   49.85 ^ _334984_/A2 (gf180mcu_fd_sc_mcu9t5v0__and3_4)
     8    0.10    0.23    0.30   50.15 ^ _334984_/Z (gf180mcu_fd_sc_mcu9t5v0__and3_4)
                                         _069077_ (net)
                  0.23    0.00   50.15 ^ _334992_/A1 (gf180mcu_fd_sc_mcu9t5v0__and2_2)
     6    0.07    0.28    0.29   50.44 ^ _334992_/Z (gf180mcu_fd_sc_mcu9t5v0__and2_2)
                                         _069086_ (net)
                  0.28    0.00   50.44 ^ _334993_/A3 (gf180mcu_fd_sc_mcu9t5v0__and3_2)
     4    0.05    0.22    0.28   50.72 ^ _334993_/Z (gf180mcu_fd_sc_mcu9t5v0__and3_2)
                                         _069087_ (net)
                  0.22    0.00   50.72 ^ _335072_/A1 (gf180mcu_fd_sc_mcu9t5v0__oai31_2)
     1    0.02    0.20    0.09   50.81 v _335072_/ZN (gf180mcu_fd_sc_mcu9t5v0__oai31_2)
                                         _069174_ (net)
                  0.20    0.00   50.81 v _335073_/B (gf180mcu_fd_sc_mcu9t5v0__aoi21_2)
     2    0.03    0.29    0.22   51.03 ^ _335073_/ZN (gf180mcu_fd_sc_mcu9t5v0__aoi21_2)
                                         _069175_ (net)
                  0.29    0.00   51.03 ^ _335104_/A1 (gf180mcu_fd_sc_mcu9t5v0__nand2_2)
     1    0.01    0.11    0.07   51.10 v _335104_/ZN (gf180mcu_fd_sc_mcu9t5v0__nand2_2)
                                         _069209_ (net)
                  0.11    0.00   51.10 v _335105_/A1 (gf180mcu_fd_sc_mcu9t5v0__xnor3_2)
     5    0.07    0.29    0.78   51.88 ^ _335105_/ZN (gf180mcu_fd_sc_mcu9t5v0__xnor3_2)
                                         _069210_ (net)
                  0.29    0.00   51.88 ^ _335109_/A2 (gf180mcu_fd_sc_mcu9t5v0__or2_2)
     2    0.02    0.10    0.17   52.05 ^ _335109_/Z (gf180mcu_fd_sc_mcu9t5v0__or2_2)
                                         _069214_ (net)
                  0.10    0.00   52.05 ^ _343494_/A1 (gf180mcu_fd_sc_mcu9t5v0__and3_2)
     2    0.04    0.19    0.25   52.30 ^ _343494_/Z (gf180mcu_fd_sc_mcu9t5v0__and3_2)
                                         _078438_ (net)
                  0.19    0.00   52.30 ^ _343568_/A2 (gf180mcu_fd_sc_mcu9t5v0__and2_2)
     4    0.05    0.22    0.24   52.55 ^ _343568_/Z (gf180mcu_fd_sc_mcu9t5v0__and2_2)
                                         _078519_ (net)
                  0.22    0.00   52.55 ^ _343588_/A1 (gf180mcu_fd_sc_mcu9t5v0__oai211_2)
     2    0.02    0.21    0.12   52.67 v _343588_/ZN (gf180mcu_fd_sc_mcu9t5v0__oai211_2)
                                         _078541_ (net)
                  0.21    0.00   52.67 v _343589_/A2 (gf180mcu_fd_sc_mcu9t5v0__xnor2_2)
     1    0.01    0.09    0.37   53.03 ^ _343589_/ZN (gf180mcu_fd_sc_mcu9t5v0__xnor2_2)
                                         _078542_ (net)
                  0.09    0.00   53.03 ^ _343590_/C1 (gf180mcu_fd_sc_mcu9t5v0__aoi222_2)
     2    0.02    0.58    0.15   53.18 v _343590_/ZN (gf180mcu_fd_sc_mcu9t5v0__aoi222_2)
                                         _078544_ (net)
                  0.58    0.00   53.18 v _343591_/A2 (gf180mcu_fd_sc_mcu9t5v0__xnor2_2)
     1    0.01    0.07    0.48   53.66 ^ _343591_/ZN (gf180mcu_fd_sc_mcu9t5v0__xnor2_2)
                                         _078545_ (net)
                  0.07    0.00   53.66 ^ _343610_/A1 (gf180mcu_fd_sc_mcu9t5v0__and3_2)
     1    0.03    0.14    0.21   53.88 ^ _343610_/Z (gf180mcu_fd_sc_mcu9t5v0__and3_2)
                                         _078566_ (net)
                  0.14    0.00   53.88 ^ _343611_/A4 (gf180mcu_fd_sc_mcu9t5v0__nand4_4)
     5    0.07    0.33    0.19   54.06 v _343611_/ZN (gf180mcu_fd_sc_mcu9t5v0__nand4_4)
                                         _078567_ (net)
                  0.33    0.00   54.06 v _343668_/A1 (gf180mcu_fd_sc_mcu9t5v0__oai31_2)
     4    0.04    0.53    0.38   54.44 ^ _343668_/ZN (gf180mcu_fd_sc_mcu9t5v0__oai31_2)
                                         _078629_ (net)
                  0.53    0.00   54.44 ^ _348525_/A1 (gf180mcu_fd_sc_mcu9t5v0__and3_2)
     3    0.04    0.18    0.30   54.74 ^ _348525_/Z (gf180mcu_fd_sc_mcu9t5v0__and3_2)
                                         _083972_ (net)
                  0.18    0.00   54.74 ^ _348569_/A1 (gf180mcu_fd_sc_mcu9t5v0__nand4_2)
     3    0.03    0.23    0.15   54.89 v _348569_/ZN (gf180mcu_fd_sc_mcu9t5v0__nand4_2)
                                         _084020_ (net)
                  0.23    0.00   54.89 v _348588_/A2 (gf180mcu_fd_sc_mcu9t5v0__or4_2)
     2    0.03    0.17    0.37   55.26 v _348588_/Z (gf180mcu_fd_sc_mcu9t5v0__or4_2)
                                         _084041_ (net)
                  0.17    0.00   55.26 v _351352_/A2 (gf180mcu_fd_sc_mcu9t5v0__aoi21_2)
     3    0.04    0.39    0.26   55.53 ^ _351352_/ZN (gf180mcu_fd_sc_mcu9t5v0__aoi21_2)
                                         _087082_ (net)
                  0.39    0.00   55.53 ^ _351353_/C (gf180mcu_fd_sc_mcu9t5v0__oai221_4)
     4    0.06    0.27    0.21   55.73 v _351353_/ZN (gf180mcu_fd_sc_mcu9t5v0__oai221_4)
                                         _087083_ (net)
                  0.27    0.00   55.73 v _351398_/A1 (gf180mcu_fd_sc_mcu9t5v0__or4_2)
     3    0.06    0.24    0.44   56.17 v _351398_/Z (gf180mcu_fd_sc_mcu9t5v0__or4_2)
                                         _087132_ (net)
                  0.24    0.00   56.17 v _351466_/A1 (gf180mcu_fd_sc_mcu9t5v0__nor3_4)
     2    0.04    0.28    0.20   56.38 ^ _351466_/ZN (gf180mcu_fd_sc_mcu9t5v0__nor3_4)
                                         _087207_ (net)
                  0.28    0.00   56.38 ^ _351503_/B1 (gf180mcu_fd_sc_mcu9t5v0__aoi22_4)
     6    0.27    0.78    0.36   56.73 v _351503_/ZN (gf180mcu_fd_sc_mcu9t5v0__aoi22_4)
                                         _087248_ (net)
                  0.78    0.00   56.73 v _352630_/A2 (gf180mcu_fd_sc_mcu9t5v0__or4_4)
     9    0.11    0.23    0.58   57.31 v _352630_/Z (gf180mcu_fd_sc_mcu9t5v0__or4_4)
                                         _088488_ (net)
                  0.23    0.00   57.31 v _354925_/A1 (gf180mcu_fd_sc_mcu9t5v0__or4_2)
     5    0.06    0.23    0.42   57.73 v _354925_/Z (gf180mcu_fd_sc_mcu9t5v0__or4_2)
                                         _091008_ (net)
                  0.23    0.00   57.73 v _355810_/A1 (gf180mcu_fd_sc_mcu9t5v0__or3_2)
     2    0.04    0.17    0.35   58.07 v _355810_/Z (gf180mcu_fd_sc_mcu9t5v0__or3_2)
                                         _091981_ (net)
                  0.17    0.00   58.07 v _356241_/A1 (gf180mcu_fd_sc_mcu9t5v0__xnor2_2)
     1    0.01    0.07    0.34   58.41 ^ _356241_/ZN (gf180mcu_fd_sc_mcu9t5v0__xnor2_2)
                                         _092454_ (net)
                  0.07    0.00   58.41 ^ _356242_/A2 (gf180mcu_fd_sc_mcu9t5v0__and2_2)
     1    0.08    0.33    0.30   58.71 ^ _356242_/Z (gf180mcu_fd_sc_mcu9t5v0__and2_2)
                                         _092455_ (net)
                  0.33    0.00   58.71 ^ _356284_/A1 (gf180mcu_fd_sc_mcu9t5v0__oai221_4)
     5    0.12    0.40    0.25   58.96 v _356284_/ZN (gf180mcu_fd_sc_mcu9t5v0__oai221_4)
                                         _092501_ (net)
                  0.40    0.00   58.96 v _357741_/A2 (gf180mcu_fd_sc_mcu9t5v0__aoi211_2)
     1    0.02    0.38    0.31   59.27 ^ _357741_/ZN (gf180mcu_fd_sc_mcu9t5v0__aoi211_2)
                                         _094096_ (net)
                  0.38    0.00   59.27 ^ _357742_/B (gf180mcu_fd_sc_mcu9t5v0__aoi21_2)
     1    0.01    0.39    0.11   59.38 v _357742_/ZN (gf180mcu_fd_sc_mcu9t5v0__aoi21_2)
                                         _000477_ (net)
                  0.39    0.00   59.38 v v_decode.v_rf_ctrl.stage_rf_wr_data.internal_data[142]$_DFFE_PN_/D (gf180mcu_fd_sc_mcu9t5v0__dffq_4)
                                 59.38   data arrival time

                  0.00  100.00  100.00   clock clk (rise edge)
                          0.00  100.00   clock network delay (ideal)
                          0.00  100.00   clock reconvergence pessimism
                                100.00 ^ v_decode.v_rf_ctrl.stage_rf_wr_data.internal_data[142]$_DFFE_PN_/CLK (gf180mcu_fd_sc_mcu9t5v0__dffq_4)
                         -0.19   99.81   library setup time
                                 99.81   data required time
-----------------------------------------------------------------------------
                                 99.81   data required time
                                -59.38   data arrival time
-----------------------------------------------------------------------------
                                 40.43   slack (MET)



==========================================================================
resizer report_check_types -max_slew -max_cap -max_fanout -violators
--------------------------------------------------------------------------

==========================================================================
resizer max_slew_check_slack
--------------------------------------------------------------------------
0.038613781332969666

==========================================================================
resizer max_slew_check_limit
--------------------------------------------------------------------------
2.799999952316284

==========================================================================
resizer max_slew_check_slack_limit
--------------------------------------------------------------------------
0.0138

==========================================================================
resizer max_fanout_check_slack
--------------------------------------------------------------------------
1.0000000150474662e+30

==========================================================================
resizer max_fanout_check_limit
--------------------------------------------------------------------------
1.0000000150474662e+30

==========================================================================
resizer max_capacitance_check_slack
--------------------------------------------------------------------------
0.003310123458504677

==========================================================================
resizer max_capacitance_check_limit
--------------------------------------------------------------------------
0.8393999934196472

==========================================================================
resizer max_capacitance_check_slack_limit
--------------------------------------------------------------------------
0.0039

==========================================================================
resizer max_slew_violation_count
--------------------------------------------------------------------------
max slew violation count 0

==========================================================================
resizer max_fanout_violation_count
--------------------------------------------------------------------------
max fanout violation count 0

==========================================================================
resizer max_cap_violation_count
--------------------------------------------------------------------------
max cap violation count 0

==========================================================================
resizer setup_violation_count
--------------------------------------------------------------------------
setup violation count 0

==========================================================================
resizer hold_violation_count
--------------------------------------------------------------------------
hold violation count 0

==========================================================================
resizer report_checks -path_delay max reg to reg
--------------------------------------------------------------------------
Startpoint: v_decode.v_csr_ctrl.stage_vtype.internal_data[12]$_DFFE_PP0P_
            (rising edge-triggered flip-flop clocked by clk)
Endpoint: v_decode.v_rf_ctrl.stage_rf_wr_data.internal_data[142]$_DFFE_PN_
          (rising edge-triggered flip-flop clocked by clk)
Path Group: clk
Path Type: max

  Delay    Time   Description
---------------------------------------------------------
   0.00    0.00   clock clk (rise edge)
   0.00    0.00   clock network delay (ideal)
   0.00    0.00 ^ v_decode.v_csr_ctrl.stage_vtype.internal_data[12]$_DFFE_PP0P_/CLK (gf180mcu_fd_sc_mcu9t5v0__dffrnq_4)
   1.38    1.38 ^ v_decode.v_csr_ctrl.stage_vtype.internal_data[12]$_DFFE_PP0P_/Q (gf180mcu_fd_sc_mcu9t5v0__dffrnq_4)
   0.60    1.97 v _183247_/ZN (gf180mcu_fd_sc_mcu9t5v0__inv_20)
   1.11    3.09 v _183357_/Z (gf180mcu_fd_sc_mcu9t5v0__and2_4)
   0.93    4.01 ^ _183358_/ZN (gf180mcu_fd_sc_mcu9t5v0__nand2_4)
   0.28    4.30 ^ load_slew1973/Z (gf180mcu_fd_sc_mcu9t5v0__buf_20)
   0.26    4.56 ^ load_slew1972/Z (gf180mcu_fd_sc_mcu9t5v0__buf_20)
   0.27    4.82 ^ load_slew1971/Z (gf180mcu_fd_sc_mcu9t5v0__buf_16)
   0.42    5.24 v _188018_/ZN (gf180mcu_fd_sc_mcu9t5v0__oai222_4)
   1.02    6.26 ^ _188054_/ZN (gf180mcu_fd_sc_mcu9t5v0__aoi222_4)
   0.34    6.60 v _188116_/ZN (gf180mcu_fd_sc_mcu9t5v0__oai31_4)
   1.15    7.75 ^ _188159_/ZN (gf180mcu_fd_sc_mcu9t5v0__xnor2_4)
   0.28    8.03 ^ _188160_/Z (gf180mcu_fd_sc_mcu9t5v0__and2_2)
   0.25    8.28 ^ _188161_/Z (gf180mcu_fd_sc_mcu9t5v0__and2_4)
   0.49    8.77 ^ _188344_/Z (gf180mcu_fd_sc_mcu9t5v0__and4_4)
   0.45    9.22 v _188367_/ZN (gf180mcu_fd_sc_mcu9t5v0__aoi21_4)
   1.40   10.62 ^ _188555_/ZN (gf180mcu_fd_sc_mcu9t5v0__nor4_4)
   1.03   11.65 v _202758_/ZN (gf180mcu_fd_sc_mcu9t5v0__aoi21_4)
   1.57   13.22 ^ _203266_/ZN (gf180mcu_fd_sc_mcu9t5v0__oai31_4)
   0.51   13.73 v _203469_/ZN (gf180mcu_fd_sc_mcu9t5v0__nand4_4)
   1.31   15.04 ^ _205130_/ZN (gf180mcu_fd_sc_mcu9t5v0__oai31_4)
   0.39   15.42 ^ wire1165/Z (gf180mcu_fd_sc_mcu9t5v0__clkbuf_16)
   0.41   15.83 ^ _205878_/Z (gf180mcu_fd_sc_mcu9t5v0__and4_4)
   0.37   16.20 v _210799_/ZN (gf180mcu_fd_sc_mcu9t5v0__oai211_4)
   0.89   17.09 ^ _217325_/ZN (gf180mcu_fd_sc_mcu9t5v0__oai21_4)
   0.24   17.33 ^ load_slew1042/Z (gf180mcu_fd_sc_mcu9t5v0__buf_20)
   0.87   18.20 ^ _217329_/Z (gf180mcu_fd_sc_mcu9t5v0__and4_4)
   0.52   18.72 v _217331_/ZN (gf180mcu_fd_sc_mcu9t5v0__aoi21_4)
   0.38   19.10 v load_slew987/Z (gf180mcu_fd_sc_mcu9t5v0__buf_20)
   1.21   20.31 v _217332_/Z (gf180mcu_fd_sc_mcu9t5v0__or4_4)
   0.81   21.12 v _218232_/Z (gf180mcu_fd_sc_mcu9t5v0__or3_4)
   0.81   21.93 ^ _218348_/ZN (gf180mcu_fd_sc_mcu9t5v0__nand2_4)
   0.77   22.70 v _238631_/ZN (gf180mcu_fd_sc_mcu9t5v0__aoi21_4)
   0.45   23.16 v load_slew701/Z (gf180mcu_fd_sc_mcu9t5v0__buf_16)
   0.59   23.74 ^ _243984_/ZN (gf180mcu_fd_sc_mcu9t5v0__oai31_4)
   0.26   24.00 ^ load_slew638/Z (gf180mcu_fd_sc_mcu9t5v0__buf_12)
   0.25   24.25 ^ load_slew637/Z (gf180mcu_fd_sc_mcu9t5v0__clkbuf_16)
   1.16   25.41 ^ _255107_/Z (gf180mcu_fd_sc_mcu9t5v0__and4_4)
   0.70   26.11 v _266706_/ZN (gf180mcu_fd_sc_mcu9t5v0__oai21_4)
   0.64   26.75 ^ _266713_/ZN (gf180mcu_fd_sc_mcu9t5v0__nand2_4)
   1.70   28.45 ^ _272555_/Z (gf180mcu_fd_sc_mcu9t5v0__and3_4)
   0.96   29.42 v _272562_/ZN (gf180mcu_fd_sc_mcu9t5v0__nand2_4)
   0.51   29.93 ^ _272563_/ZN (gf180mcu_fd_sc_mcu9t5v0__oai32_2)
   0.31   30.24 v _272564_/ZN (gf180mcu_fd_sc_mcu9t5v0__xnor2_2)
   0.50   30.74 ^ _272580_/Z (gf180mcu_fd_sc_mcu9t5v0__xor2_4)
   0.37   31.11 v _272581_/ZN (gf180mcu_fd_sc_mcu9t5v0__xnor3_2)
   0.10   31.21 ^ _273066_/ZN (gf180mcu_fd_sc_mcu9t5v0__nand2_2)
   0.15   31.36 v _273067_/ZN (gf180mcu_fd_sc_mcu9t5v0__oai21_2)
   0.56   31.92 v _273195_/ZN (gf180mcu_fd_sc_mcu9t5v0__xnor3_2)
   0.54   32.47 ^ _273196_/ZN (gf180mcu_fd_sc_mcu9t5v0__xnor2_4)
   0.16   32.63 v _274428_/ZN (gf180mcu_fd_sc_mcu9t5v0__clkinv_2)
   0.16   32.78 ^ _274605_/ZN (gf180mcu_fd_sc_mcu9t5v0__oai21_2)
   0.13   32.91 v _274606_/ZN (gf180mcu_fd_sc_mcu9t5v0__oai21_2)
   0.45   33.36 ^ _274608_/ZN (gf180mcu_fd_sc_mcu9t5v0__aoi221_4)
   0.23   33.59 v _274609_/ZN (gf180mcu_fd_sc_mcu9t5v0__nor2_2)
   0.82   34.41 ^ _274751_/ZN (gf180mcu_fd_sc_mcu9t5v0__xnor3_2)
   0.09   34.50 v _314755_/ZN (gf180mcu_fd_sc_mcu9t5v0__nor2_2)
   0.24   34.74 ^ _314756_/ZN (gf180mcu_fd_sc_mcu9t5v0__aoi21_2)
   0.15   34.89 v _314765_/ZN (gf180mcu_fd_sc_mcu9t5v0__nor3_2)
   0.30   35.19 ^ _314767_/ZN (gf180mcu_fd_sc_mcu9t5v0__aoi211_4)
   0.15   35.34 v _314773_/ZN (gf180mcu_fd_sc_mcu9t5v0__oai21_2)
   0.25   35.58 ^ _314780_/ZN (gf180mcu_fd_sc_mcu9t5v0__aoi22_2)
   0.16   35.74 v _314793_/ZN (gf180mcu_fd_sc_mcu9t5v0__oai31_2)
   0.98   36.72 ^ _314841_/ZN (gf180mcu_fd_sc_mcu9t5v0__xnor3_4)
   0.29   37.01 ^ _314860_/Z (gf180mcu_fd_sc_mcu9t5v0__and3_2)
   0.25   37.25 ^ _314862_/Z (gf180mcu_fd_sc_mcu9t5v0__and2_2)
   0.30   37.55 ^ _314865_/Z (gf180mcu_fd_sc_mcu9t5v0__and2_2)
   0.34   37.89 v _315039_/Z (gf180mcu_fd_sc_mcu9t5v0__xor2_2)
   0.36   38.25 ^ _315041_/ZN (gf180mcu_fd_sc_mcu9t5v0__oai33_4)
   0.29   38.54 ^ _315043_/Z (gf180mcu_fd_sc_mcu9t5v0__or2_2)
   0.23   38.76 v _315069_/ZN (gf180mcu_fd_sc_mcu9t5v0__oai32_4)
   0.24   39.00 v _315071_/Z (gf180mcu_fd_sc_mcu9t5v0__and2_2)
   0.51   39.51 ^ _315077_/ZN (gf180mcu_fd_sc_mcu9t5v0__aoi221_4)
   0.32   39.82 v _315085_/ZN (gf180mcu_fd_sc_mcu9t5v0__aoi22_4)
   0.51   40.33 v _315734_/Z (gf180mcu_fd_sc_mcu9t5v0__or4_4)
   0.26   40.59 ^ _315742_/ZN (gf180mcu_fd_sc_mcu9t5v0__nor2_4)
   0.65   41.24 v _315744_/ZN (gf180mcu_fd_sc_mcu9t5v0__xnor3_2)
   0.26   41.50 v _315750_/Z (gf180mcu_fd_sc_mcu9t5v0__or2_2)
   0.34   41.84 ^ _315751_/ZN (gf180mcu_fd_sc_mcu9t5v0__nor3_4)
   0.16   41.99 v _315854_/ZN (gf180mcu_fd_sc_mcu9t5v0__oai211_4)
   0.25   42.24 v _315855_/Z (gf180mcu_fd_sc_mcu9t5v0__mux2_2)
   0.21   42.45 ^ _315858_/ZN (gf180mcu_fd_sc_mcu9t5v0__aoi211_2)
   0.87   43.32 v _315859_/ZN (gf180mcu_fd_sc_mcu9t5v0__xnor3_4)
   0.28   43.60 ^ _316033_/ZN (gf180mcu_fd_sc_mcu9t5v0__aoi211_2)
   0.63   44.24 v _316085_/ZN (gf180mcu_fd_sc_mcu9t5v0__xnor3_2)
   0.42   44.66 ^ _316086_/ZN (gf180mcu_fd_sc_mcu9t5v0__xnor2_2)
   0.14   44.80 v _316087_/ZN (gf180mcu_fd_sc_mcu9t5v0__aoi21_4)
   0.19   45.00 v _316518_/Z (gf180mcu_fd_sc_mcu9t5v0__and2_2)
   0.20   45.19 ^ _316519_/ZN (gf180mcu_fd_sc_mcu9t5v0__nand4_2)
   0.22   45.41 v _316520_/ZN (gf180mcu_fd_sc_mcu9t5v0__oai211_4)
   0.27   45.68 v _334150_/Z (gf180mcu_fd_sc_mcu9t5v0__and2_4)
   0.22   45.90 v _334160_/Z (gf180mcu_fd_sc_mcu9t5v0__and2_2)
   0.34   46.23 ^ _334185_/ZN (gf180mcu_fd_sc_mcu9t5v0__xnor2_2)
   0.13   46.36 v _334186_/ZN (gf180mcu_fd_sc_mcu9t5v0__nand2_2)
   0.23   46.59 ^ _334187_/ZN (gf180mcu_fd_sc_mcu9t5v0__oai31_2)
   0.20   46.79 v _334203_/ZN (gf180mcu_fd_sc_mcu9t5v0__aoi211_4)
   0.26   47.06 ^ _334906_/ZN (gf180mcu_fd_sc_mcu9t5v0__nand2_2)
   0.07   47.13 v _334909_/ZN (gf180mcu_fd_sc_mcu9t5v0__aoi21_2)
   0.60   47.73 ^ _334910_/ZN (gf180mcu_fd_sc_mcu9t5v0__xnor3_4)
   0.07   47.80 v _334918_/ZN (gf180mcu_fd_sc_mcu9t5v0__nand2_2)
   0.28   48.09 v _334919_/Z (gf180mcu_fd_sc_mcu9t5v0__or3_2)
   0.48   48.56 v _334920_/Z (gf180mcu_fd_sc_mcu9t5v0__or4_4)
   0.51   49.07 v _334956_/Z (gf180mcu_fd_sc_mcu9t5v0__or4_4)
   0.47   49.54 v _334967_/Z (gf180mcu_fd_sc_mcu9t5v0__or4_4)
   0.31   49.85 ^ _334976_/ZN (gf180mcu_fd_sc_mcu9t5v0__nor3_4)
   0.30   50.15 ^ _334984_/Z (gf180mcu_fd_sc_mcu9t5v0__and3_4)
   0.29   50.44 ^ _334992_/Z (gf180mcu_fd_sc_mcu9t5v0__and2_2)
   0.28   50.72 ^ _334993_/Z (gf180mcu_fd_sc_mcu9t5v0__and3_2)
   0.09   50.81 v _335072_/ZN (gf180mcu_fd_sc_mcu9t5v0__oai31_2)
   0.22   51.03 ^ _335073_/ZN (gf180mcu_fd_sc_mcu9t5v0__aoi21_2)
   0.07   51.10 v _335104_/ZN (gf180mcu_fd_sc_mcu9t5v0__nand2_2)
   0.78   51.88 ^ _335105_/ZN (gf180mcu_fd_sc_mcu9t5v0__xnor3_2)
   0.17   52.05 ^ _335109_/Z (gf180mcu_fd_sc_mcu9t5v0__or2_2)
   0.25   52.30 ^ _343494_/Z (gf180mcu_fd_sc_mcu9t5v0__and3_2)
   0.24   52.55 ^ _343568_/Z (gf180mcu_fd_sc_mcu9t5v0__and2_2)
   0.12   52.67 v _343588_/ZN (gf180mcu_fd_sc_mcu9t5v0__oai211_2)
   0.37   53.03 ^ _343589_/ZN (gf180mcu_fd_sc_mcu9t5v0__xnor2_2)
   0.15   53.18 v _343590_/ZN (gf180mcu_fd_sc_mcu9t5v0__aoi222_2)
   0.48   53.66 ^ _343591_/ZN (gf180mcu_fd_sc_mcu9t5v0__xnor2_2)
   0.21   53.88 ^ _343610_/Z (gf180mcu_fd_sc_mcu9t5v0__and3_2)
   0.19   54.06 v _343611_/ZN (gf180mcu_fd_sc_mcu9t5v0__nand4_4)
   0.38   54.44 ^ _343668_/ZN (gf180mcu_fd_sc_mcu9t5v0__oai31_2)
   0.30   54.74 ^ _348525_/Z (gf180mcu_fd_sc_mcu9t5v0__and3_2)
   0.15   54.89 v _348569_/ZN (gf180mcu_fd_sc_mcu9t5v0__nand4_2)
   0.37   55.26 v _348588_/Z (gf180mcu_fd_sc_mcu9t5v0__or4_2)
   0.26   55.53 ^ _351352_/ZN (gf180mcu_fd_sc_mcu9t5v0__aoi21_2)
   0.21   55.73 v _351353_/ZN (gf180mcu_fd_sc_mcu9t5v0__oai221_4)
   0.44   56.17 v _351398_/Z (gf180mcu_fd_sc_mcu9t5v0__or4_2)
   0.20   56.38 ^ _351466_/ZN (gf180mcu_fd_sc_mcu9t5v0__nor3_4)
   0.36   56.73 v _351503_/ZN (gf180mcu_fd_sc_mcu9t5v0__aoi22_4)
   0.58   57.31 v _352630_/Z (gf180mcu_fd_sc_mcu9t5v0__or4_4)
   0.42   57.73 v _354925_/Z (gf180mcu_fd_sc_mcu9t5v0__or4_2)
   0.35   58.07 v _355810_/Z (gf180mcu_fd_sc_mcu9t5v0__or3_2)
   0.34   58.41 ^ _356241_/ZN (gf180mcu_fd_sc_mcu9t5v0__xnor2_2)
   0.30   58.71 ^ _356242_/Z (gf180mcu_fd_sc_mcu9t5v0__and2_2)
   0.25   58.96 v _356284_/ZN (gf180mcu_fd_sc_mcu9t5v0__oai221_4)
   0.31   59.27 ^ _357741_/ZN (gf180mcu_fd_sc_mcu9t5v0__aoi211_2)
   0.11   59.38 v _357742_/ZN (gf180mcu_fd_sc_mcu9t5v0__aoi21_2)
   0.00   59.38 v v_decode.v_rf_ctrl.stage_rf_wr_data.internal_data[142]$_DFFE_PN_/D (gf180mcu_fd_sc_mcu9t5v0__dffq_4)
          59.38   data arrival time

 100.00  100.00   clock clk (rise edge)
   0.00  100.00   clock network delay (ideal)
   0.00  100.00   clock reconvergence pessimism
         100.00 ^ v_decode.v_rf_ctrl.stage_rf_wr_data.internal_data[142]$_DFFE_PN_/CLK (gf180mcu_fd_sc_mcu9t5v0__dffq_4)
  -0.19   99.81   library setup time
          99.81   data required time
---------------------------------------------------------
          99.81   data required time
         -59.38   data arrival time
---------------------------------------------------------
          40.43   slack (MET)



==========================================================================
resizer report_checks -path_delay min reg to reg
--------------------------------------------------------------------------
Startpoint: v_decode.v_rf.regs[1158]$_DFF_P_
            (rising edge-triggered flip-flop clocked by clk)
Endpoint: v_decode.v_rf.regs[1158]$_DFF_P_
          (rising edge-triggered flip-flop clocked by clk)
Path Group: clk
Path Type: min

  Delay    Time   Description
---------------------------------------------------------
   0.00    0.00   clock clk (rise edge)
   0.00    0.00   clock network delay (ideal)
   0.00    0.00 ^ v_decode.v_rf.regs[1158]$_DFF_P_/CLK (gf180mcu_fd_sc_mcu9t5v0__dffq_2)
   0.41    0.41 v v_decode.v_rf.regs[1158]$_DFF_P_/Q (gf180mcu_fd_sc_mcu9t5v0__dffq_2)
   0.07    0.48 ^ _364291_/ZN (gf180mcu_fd_sc_mcu9t5v0__clkinv_2)
   0.04    0.53 v _364294_/ZN (gf180mcu_fd_sc_mcu9t5v0__oai22_2)
   0.00    0.53 v v_decode.v_rf.regs[1158]$_DFF_P_/D (gf180mcu_fd_sc_mcu9t5v0__dffq_2)
           0.53   data arrival time

   0.00    0.00   clock clk (rise edge)
   0.00    0.00   clock network delay (ideal)
   0.00    0.00   clock reconvergence pessimism
           0.00 ^ v_decode.v_rf.regs[1158]$_DFF_P_/CLK (gf180mcu_fd_sc_mcu9t5v0__dffq_2)
   0.07    0.07   library hold time
           0.07   data required time
---------------------------------------------------------
           0.07   data required time
          -0.53   data arrival time
---------------------------------------------------------
           0.46   slack (MET)



==========================================================================
resizer critical path target clock latency max path
--------------------------------------------------------------------------
0.0000

==========================================================================
resizer critical path target clock latency min path
--------------------------------------------------------------------------
0.0000

==========================================================================
resizer critical path source clock latency min path
--------------------------------------------------------------------------
0.0000

==========================================================================
resizer critical path delay
--------------------------------------------------------------------------
59.3827

==========================================================================
resizer critical path slack
--------------------------------------------------------------------------
40.4296

==========================================================================
resizer slack div critical path delay
--------------------------------------------------------------------------
68.083129

==========================================================================
resizer report_power
--------------------------------------------------------------------------
Group                  Internal  Switching    Leakage      Total
                          Power      Power      Power      Power (Watts)
----------------------------------------------------------------
Sequential             4.51e-02   3.89e-03   2.89e-06   4.90e-02  30.6%
Combinational          5.86e-02   5.26e-02   4.31e-05   1.11e-01  69.4%
Clock                  0.00e+00   0.00e+00   2.71e-06   2.71e-06   0.0%
Macro                  0.00e+00   0.00e+00   0.00e+00   0.00e+00   0.0%
Pad                    0.00e+00   0.00e+00   0.00e+00   0.00e+00   0.0%
----------------------------------------------------------------
Total                  1.04e-01   5.65e-02   4.87e-05   1.60e-01 100.0%
                          64.7%      35.3%       0.0%
