
==========================================================================
global place report_tns
--------------------------------------------------------------------------
tns -4641.81

==========================================================================
global place report_wns
--------------------------------------------------------------------------
wns -37.60

==========================================================================
global place report_worst_slack
--------------------------------------------------------------------------
worst slack -37.60

==========================================================================
global place report_checks -path_delay min
--------------------------------------------------------------------------
Startpoint: rst (input port clocked by clk)
Endpoint: v_decode.v_csr_ctrl.ext_stage_wr_vl.internal_data[1]$_DFFE_PP0P_
          (removal check against rising-edge clock clk)
Path Group: asynchronous
Path Type: min

Fanout     Cap    Slew   Delay    Time   Description
-----------------------------------------------------------------------------
                  0.00    0.00    0.00   clock clk (rise edge)
                          0.00    0.00   clock network delay (ideal)
                         20.00   20.00 v input external delay
     1    0.03    0.00    0.00   20.00 v rst (in)
                                         rst (net)
                  0.00    0.00   20.00 v _182358_/I (gf180mcu_fd_sc_mcu9t5v0__clkinv_2)
   144    2.09    7.81    4.47   24.47 ^ _182358_/ZN (gf180mcu_fd_sc_mcu9t5v0__clkinv_2)
                                         _000000_ (net)
                  7.81    0.00   24.47 ^ v_decode.v_csr_ctrl.ext_stage_wr_vl.internal_data[1]$_DFFE_PP0P_/RN (gf180mcu_fd_sc_mcu9t5v0__dffrnq_2)
                                 24.47   data arrival time

                  0.00    0.00    0.00   clock clk (rise edge)
                          0.00    0.00   clock network delay (ideal)
                          0.00    0.00   clock reconvergence pessimism
                                  0.00 ^ v_decode.v_csr_ctrl.ext_stage_wr_vl.internal_data[1]$_DFFE_PP0P_/CLK (gf180mcu_fd_sc_mcu9t5v0__dffrnq_2)
                          1.36    1.36   library removal time
                                  1.36   data required time
-----------------------------------------------------------------------------
                                  1.36   data required time
                                -24.47   data arrival time
-----------------------------------------------------------------------------
                                 23.12   slack (MET)


Startpoint: v_decode.v_rf.regs[1158]$_DFF_P_
            (rising edge-triggered flip-flop clocked by clk)
Endpoint: v_decode.v_rf.regs[1158]$_DFF_P_
          (rising edge-triggered flip-flop clocked by clk)
Path Group: clk
Path Type: min

Fanout     Cap    Slew   Delay    Time   Description
-----------------------------------------------------------------------------
                  0.00    0.00    0.00   clock clk (rise edge)
                          0.00    0.00   clock network delay (ideal)
                  0.00    0.00    0.00 ^ v_decode.v_rf.regs[1158]$_DFF_P_/CLK (gf180mcu_fd_sc_mcu9t5v0__dffq_2)
     6    0.04    0.12    0.41    0.41 v v_decode.v_rf.regs[1158]$_DFF_P_/Q (gf180mcu_fd_sc_mcu9t5v0__dffq_2)
                                         v_decode.v_rf.regs[1158] (net)
                  0.12    0.00    0.41 v _364291_/I (gf180mcu_fd_sc_mcu9t5v0__clkinv_2)
     1    0.01    0.08    0.07    0.48 ^ _364291_/ZN (gf180mcu_fd_sc_mcu9t5v0__clkinv_2)
                                         _100756_ (net)
                  0.08    0.00    0.48 ^ _364294_/A1 (gf180mcu_fd_sc_mcu9t5v0__oai22_2)
     1    0.00    0.05    0.04    0.53 v _364294_/ZN (gf180mcu_fd_sc_mcu9t5v0__oai22_2)
                                         v_decode.v_rf.regs_nxt[1158] (net)
                  0.05    0.00    0.53 v v_decode.v_rf.regs[1158]$_DFF_P_/D (gf180mcu_fd_sc_mcu9t5v0__dffq_2)
                                  0.53   data arrival time

                  0.00    0.00    0.00   clock clk (rise edge)
                          0.00    0.00   clock network delay (ideal)
                          0.00    0.00   clock reconvergence pessimism
                                  0.00 ^ v_decode.v_rf.regs[1158]$_DFF_P_/CLK (gf180mcu_fd_sc_mcu9t5v0__dffq_2)
                          0.07    0.07   library hold time
                                  0.07   data required time
-----------------------------------------------------------------------------
                                  0.07   data required time
                                 -0.53   data arrival time
-----------------------------------------------------------------------------
                                  0.46   slack (MET)



==========================================================================
global place report_checks -path_delay max
--------------------------------------------------------------------------
Startpoint: rst (input port clocked by clk)
Endpoint: v_decode.v_ctrl.stage_is_add.internal_data[1]$_DFFE_PP0P_
          (recovery check against rising-edge clock clk)
Path Group: asynchronous
Path Type: max

Fanout     Cap    Slew   Delay    Time   Description
-----------------------------------------------------------------------------
                  0.00    0.00    0.00   clock clk (rise edge)
                          0.00    0.00   clock network delay (ideal)
                         20.00   20.00 v input external delay
     1    0.03    0.00    0.00   20.00 v rst (in)
                                         rst (net)
                  0.00    0.00   20.00 v _182358_/I (gf180mcu_fd_sc_mcu9t5v0__clkinv_2)
   144    2.09    7.81    4.47   24.47 ^ _182358_/ZN (gf180mcu_fd_sc_mcu9t5v0__clkinv_2)
                                         _000000_ (net)
                  7.81    0.00   24.47 ^ v_decode.v_ctrl.stage_is_add.internal_data[1]$_DFFE_PP0P_/RN (gf180mcu_fd_sc_mcu9t5v0__dffrnq_2)
                                 24.47   data arrival time

                  0.00  100.00  100.00   clock clk (rise edge)
                          0.00  100.00   clock network delay (ideal)
                          0.00  100.00   clock reconvergence pessimism
                                100.00 ^ v_decode.v_ctrl.stage_is_add.internal_data[1]$_DFFE_PP0P_/CLK (gf180mcu_fd_sc_mcu9t5v0__dffrnq_2)
                         -3.57   96.43   library recovery time
                                 96.43   data required time
-----------------------------------------------------------------------------
                                 96.43   data required time
                                -24.47   data arrival time
-----------------------------------------------------------------------------
                                 71.95   slack (MET)


Startpoint: v_decode.v_rf_ctrl.stage_rf_wr_addr.internal_data[15]$_DFFE_PN_
            (rising edge-triggered flip-flop clocked by clk)
Endpoint: v_decode.v_rf_ctrl.stage_rf_wr_data.internal_data[143]$_DFFE_PN_
          (rising edge-triggered flip-flop clocked by clk)
Path Group: clk
Path Type: max

Fanout     Cap    Slew   Delay    Time   Description
-----------------------------------------------------------------------------
                  0.00    0.00    0.00   clock clk (rise edge)
                          0.00    0.00   clock network delay (ideal)
                  0.00    0.00    0.00 ^ v_decode.v_rf_ctrl.stage_rf_wr_addr.internal_data[15]$_DFFE_PN_/CLK (gf180mcu_fd_sc_mcu9t5v0__dffq_2)
  1035   22.99   85.35   49.15   49.15 ^ v_decode.v_rf_ctrl.stage_rf_wr_addr.internal_data[15]$_DFFE_PN_/Q (gf180mcu_fd_sc_mcu9t5v0__dffq_2)
                                         rf_wr_addr_wb[0] (net)
                 85.35    0.00   49.15 ^ _183566_/A1 (gf180mcu_fd_sc_mcu9t5v0__xor2_2)
     2    0.03    1.41   -3.76   45.38 v _183566_/Z (gf180mcu_fd_sc_mcu9t5v0__xor2_2)
                                         _013197_ (net)
                  1.41    0.00   45.38 v _183568_/A2 (gf180mcu_fd_sc_mcu9t5v0__nor3_4)
    22    0.44    2.09    1.44   46.82 ^ _183568_/ZN (gf180mcu_fd_sc_mcu9t5v0__nor3_4)
                                         _013219_ (net)
                  2.09    0.00   46.82 ^ _187984_/A2 (gf180mcu_fd_sc_mcu9t5v0__and3_4)
     8    0.22    0.46    0.44   47.27 ^ _187984_/Z (gf180mcu_fd_sc_mcu9t5v0__and3_4)
                                         _061460_ (net)
                  0.46    0.00   47.27 ^ _187985_/S (gf180mcu_fd_sc_mcu9t5v0__mux2_2)
     2    0.02    0.12    0.22   47.49 ^ _187985_/Z (gf180mcu_fd_sc_mcu9t5v0__mux2_2)
                                         _061471_ (net)
                  0.12    0.00   47.49 ^ _187988_/I0 (gf180mcu_fd_sc_mcu9t5v0__mux2_2)
    17    0.80    2.96    1.84   49.33 ^ _187988_/Z (gf180mcu_fd_sc_mcu9t5v0__mux2_2)
                                         _061504_ (net)
                  2.96    0.00   49.33 ^ _187990_/C1 (gf180mcu_fd_sc_mcu9t5v0__aoi222_4)
     3    0.06    4.09    0.22   49.55 v _187990_/ZN (gf180mcu_fd_sc_mcu9t5v0__aoi222_4)
                                         _061526_ (net)
                  4.09    0.00   49.55 v _188453_/A1 (gf180mcu_fd_sc_mcu9t5v0__aoi21_4)
    14    0.29    1.57    1.78   51.33 ^ _188453_/ZN (gf180mcu_fd_sc_mcu9t5v0__aoi21_4)
                                         _066619_ (net)
                  1.57    0.00   51.33 ^ _188459_/A2 (gf180mcu_fd_sc_mcu9t5v0__aoi21_4)
    17    0.20    1.85    0.25   51.57 v _188459_/ZN (gf180mcu_fd_sc_mcu9t5v0__aoi21_4)
                                         _066685_ (net)
                  1.85    0.00   51.57 v _188516_/A2 (gf180mcu_fd_sc_mcu9t5v0__xnor2_2)
    14    0.49    1.83    1.88   53.45 ^ _188516_/ZN (gf180mcu_fd_sc_mcu9t5v0__xnor2_2)
                                         _067312_ (net)
                  1.83    0.00   53.45 ^ _188517_/A3 (gf180mcu_fd_sc_mcu9t5v0__and3_4)
     1    0.03    0.12    0.15   53.60 ^ _188517_/Z (gf180mcu_fd_sc_mcu9t5v0__and3_4)
                                         _067323_ (net)
                  0.12    0.00   53.60 ^ _188518_/C (gf180mcu_fd_sc_mcu9t5v0__oai211_4)
     5    0.08    0.49    0.19   53.79 v _188518_/ZN (gf180mcu_fd_sc_mcu9t5v0__oai211_4)
                                         _067334_ (net)
                  0.49    0.00   53.79 v _188521_/A2 (gf180mcu_fd_sc_mcu9t5v0__oai31_4)
    18    0.28    1.38    0.87   54.67 ^ _188521_/ZN (gf180mcu_fd_sc_mcu9t5v0__oai31_4)
                                         _067367_ (net)
                  1.38    0.00   54.67 ^ _188574_/A2 (gf180mcu_fd_sc_mcu9t5v0__and4_4)
     9    0.14    0.31    0.43   55.09 ^ _188574_/Z (gf180mcu_fd_sc_mcu9t5v0__and4_4)
                                         _067950_ (net)
                  0.31    0.00   55.09 ^ _188661_/A1 (gf180mcu_fd_sc_mcu9t5v0__and4_4)
     7    0.12    0.26    0.35   55.44 ^ _188661_/Z (gf180mcu_fd_sc_mcu9t5v0__and4_4)
                                         _068907_ (net)
                  0.26    0.00   55.44 ^ _199412_/A2 (gf180mcu_fd_sc_mcu9t5v0__aoi21_2)
    38    0.54    1.69    1.04   56.48 v _199412_/ZN (gf180mcu_fd_sc_mcu9t5v0__aoi21_2)
                                         _109321_ (net)
                  1.69    0.00   56.48 v _199456_/A1 (gf180mcu_fd_sc_mcu9t5v0__nor3_4)
     4    0.07    0.60    0.69   57.17 ^ _199456_/ZN (gf180mcu_fd_sc_mcu9t5v0__nor3_4)
                                         _109365_ (net)
                  0.60    0.00   57.17 ^ _199573_/A2 (gf180mcu_fd_sc_mcu9t5v0__oai211_4)
    19    0.29    0.70    0.49   57.66 v _199573_/ZN (gf180mcu_fd_sc_mcu9t5v0__oai211_4)
                                         _109482_ (net)
                  0.70    0.00   57.66 v _202050_/A3 (gf180mcu_fd_sc_mcu9t5v0__or4_4)
     9    0.14    0.27    0.58   58.24 v _202050_/Z (gf180mcu_fd_sc_mcu9t5v0__or4_4)
                                         _111959_ (net)
                  0.27    0.00   58.24 v _202065_/A2 (gf180mcu_fd_sc_mcu9t5v0__aoi211_4)
    14    0.19    1.04    0.61   58.85 ^ _202065_/ZN (gf180mcu_fd_sc_mcu9t5v0__aoi211_4)
                                         _111974_ (net)
                  1.04    0.00   58.85 ^ _202066_/A4 (gf180mcu_fd_sc_mcu9t5v0__and4_4)
    12    0.22    0.46    0.44   59.29 ^ _202066_/Z (gf180mcu_fd_sc_mcu9t5v0__and4_4)
                                         _111975_ (net)
                  0.46    0.00   59.29 ^ _202067_/B2 (gf180mcu_fd_sc_mcu9t5v0__aoi22_2)
    22    0.31    1.64    0.67   59.96 v _202067_/ZN (gf180mcu_fd_sc_mcu9t5v0__aoi22_2)
                                         _111976_ (net)
                  1.64    0.00   59.96 v _209899_/A2 (gf180mcu_fd_sc_mcu9t5v0__nor4_4)
     8    0.10    0.89    0.81   60.78 ^ _209899_/ZN (gf180mcu_fd_sc_mcu9t5v0__nor4_4)
                                         _119808_ (net)
                  0.89    0.00   60.78 ^ _211665_/A2 (gf180mcu_fd_sc_mcu9t5v0__and4_4)
    15    0.25    0.49    0.52   61.30 ^ _211665_/Z (gf180mcu_fd_sc_mcu9t5v0__and4_4)
                                         _121574_ (net)
                  0.49    0.00   61.30 ^ _211674_/A2 (gf180mcu_fd_sc_mcu9t5v0__oai211_4)
    59    0.95    2.28    1.24   62.54 v _211674_/ZN (gf180mcu_fd_sc_mcu9t5v0__oai211_4)
                                         _121583_ (net)
                  2.28    0.00   62.54 v _211696_/A2 (gf180mcu_fd_sc_mcu9t5v0__oai31_4)
   165    2.38   10.77    6.08   68.62 ^ _211696_/ZN (gf180mcu_fd_sc_mcu9t5v0__oai31_4)
                                         _121605_ (net)
                 10.77    0.00   68.62 ^ _211735_/A1 (gf180mcu_fd_sc_mcu9t5v0__aoi21_4)
    42    0.67    3.73    1.48   70.10 v _211735_/ZN (gf180mcu_fd_sc_mcu9t5v0__aoi21_4)
                                         _121644_ (net)
                  3.73    0.00   70.10 v _212483_/A2 (gf180mcu_fd_sc_mcu9t5v0__oai31_4)
    91    1.45    6.63    4.39   74.49 ^ _212483_/ZN (gf180mcu_fd_sc_mcu9t5v0__oai31_4)
                                         _122392_ (net)
                  6.63    0.00   74.49 ^ _244574_/A1 (gf180mcu_fd_sc_mcu9t5v0__aoi21_2)
    33    0.43    2.86    1.56   76.05 v _244574_/ZN (gf180mcu_fd_sc_mcu9t5v0__aoi21_2)
                                         _154483_ (net)
                  2.86    0.00   76.05 v _244575_/A3 (gf180mcu_fd_sc_mcu9t5v0__nor3_2)
   204    3.45   30.95   15.97   92.02 ^ _244575_/ZN (gf180mcu_fd_sc_mcu9t5v0__nor3_2)
                                         _154484_ (net)
                 30.95    0.00   92.02 ^ _252987_/B (gf180mcu_fd_sc_mcu9t5v0__aoi21_2)
    18    0.66   11.04    7.56   99.57 v _252987_/ZN (gf180mcu_fd_sc_mcu9t5v0__aoi21_2)
                                         _162896_ (net)
                 11.04    0.00   99.57 v _253267_/A1 (gf180mcu_fd_sc_mcu9t5v0__or3_2)
     3    0.04    0.46    3.40  102.97 v _253267_/Z (gf180mcu_fd_sc_mcu9t5v0__or3_2)
                                         _163176_ (net)
                  0.46    0.00  102.97 v _253272_/A1 (gf180mcu_fd_sc_mcu9t5v0__oai32_2)
     2    0.02    0.93    0.42  103.39 ^ _253272_/ZN (gf180mcu_fd_sc_mcu9t5v0__oai32_2)
                                         _163181_ (net)
                  0.93    0.00  103.39 ^ _253281_/A3 (gf180mcu_fd_sc_mcu9t5v0__or4_2)
     3    0.04    0.19    0.35  103.73 ^ _253281_/Z (gf180mcu_fd_sc_mcu9t5v0__or4_2)
                                         _163190_ (net)
                  0.19    0.00  103.73 ^ _253282_/A2 (gf180mcu_fd_sc_mcu9t5v0__nand2_2)
     1    0.01    0.14    0.05  103.79 v _253282_/ZN (gf180mcu_fd_sc_mcu9t5v0__nand2_2)
                                         _163191_ (net)
                  0.14    0.00  103.79 v _253295_/A2 (gf180mcu_fd_sc_mcu9t5v0__xnor3_2)
     1    0.01    0.09    0.67  104.45 ^ _253295_/ZN (gf180mcu_fd_sc_mcu9t5v0__xnor3_2)
                                         _163204_ (net)
                  0.09    0.00  104.45 ^ _253296_/A2 (gf180mcu_fd_sc_mcu9t5v0__xnor2_2)
     3    0.04    0.15    0.31  104.77 v _253296_/ZN (gf180mcu_fd_sc_mcu9t5v0__xnor2_2)
                                         _163205_ (net)
                  0.15    0.00  104.77 v _253493_/B (gf180mcu_fd_sc_mcu9t5v0__oai211_2)
     5    0.07    0.53    0.31  105.07 ^ _253493_/ZN (gf180mcu_fd_sc_mcu9t5v0__oai211_2)
                                         _163402_ (net)
                  0.53    0.00  105.07 ^ _256985_/C (gf180mcu_fd_sc_mcu9t5v0__oai221_2)
     1    0.01    5.05    0.17  105.25 v _256985_/ZN (gf180mcu_fd_sc_mcu9t5v0__oai221_2)
                                         _166894_ (net)
                  5.05    0.00  105.25 v _256986_/B (gf180mcu_fd_sc_mcu9t5v0__aoi21_2)
     3    0.04    1.18    1.07  106.31 ^ _256986_/ZN (gf180mcu_fd_sc_mcu9t5v0__aoi21_2)
                                         _166895_ (net)
                  1.18    0.00  106.31 ^ _257430_/A1 (gf180mcu_fd_sc_mcu9t5v0__oai211_2)
     1    0.02    0.33    0.11  106.42 v _257430_/ZN (gf180mcu_fd_sc_mcu9t5v0__oai211_2)
                                         _167339_ (net)
                  0.33    0.00  106.42 v _257433_/A2 (gf180mcu_fd_sc_mcu9t5v0__aoi21_2)
     3    0.04    0.40    0.31  106.73 ^ _257433_/ZN (gf180mcu_fd_sc_mcu9t5v0__aoi21_2)
                                         _167342_ (net)
                  0.40    0.00  106.73 ^ _257457_/A1 (gf180mcu_fd_sc_mcu9t5v0__xnor2_2)
     3    0.07    0.20    0.41  107.14 v _257457_/ZN (gf180mcu_fd_sc_mcu9t5v0__xnor2_2)
                                         _167366_ (net)
                  0.20    0.00  107.14 v _257513_/A1 (gf180mcu_fd_sc_mcu9t5v0__xor3_2)
     5    0.08    0.33    0.76  107.90 ^ _257513_/Z (gf180mcu_fd_sc_mcu9t5v0__xor3_2)
                                         _167422_ (net)
                  0.33    0.00  107.90 ^ _259500_/A1 (gf180mcu_fd_sc_mcu9t5v0__xnor2_2)
     1    0.01    0.09    0.31  108.21 v _259500_/ZN (gf180mcu_fd_sc_mcu9t5v0__xnor2_2)
                                         _169409_ (net)
                  0.09    0.00  108.21 v _259501_/C2 (gf180mcu_fd_sc_mcu9t5v0__aoi222_2)
     2    0.03    0.62    0.43  108.64 ^ _259501_/ZN (gf180mcu_fd_sc_mcu9t5v0__aoi222_2)
                                         _169410_ (net)
                  0.62    0.00  108.64 ^ _259504_/B1 (gf180mcu_fd_sc_mcu9t5v0__aoi22_2)
    10    0.11    0.51    0.37  109.01 v _259504_/ZN (gf180mcu_fd_sc_mcu9t5v0__aoi22_2)
                                         _169413_ (net)
                  0.51    0.00  109.01 v _259505_/A2 (gf180mcu_fd_sc_mcu9t5v0__xnor2_2)
     3    0.04    0.19    0.53  109.54 ^ _259505_/ZN (gf180mcu_fd_sc_mcu9t5v0__xnor2_2)
                                         _169414_ (net)
                  0.19    0.00  109.54 ^ _259506_/A2 (gf180mcu_fd_sc_mcu9t5v0__xnor2_2)
     4    0.04    0.14    0.32  109.85 v _259506_/ZN (gf180mcu_fd_sc_mcu9t5v0__xnor2_2)
                                         _169415_ (net)
                  0.14    0.00  109.85 v _260313_/A2 (gf180mcu_fd_sc_mcu9t5v0__and2_2)
     1    0.01    0.07    0.18  110.03 v _260313_/Z (gf180mcu_fd_sc_mcu9t5v0__and2_2)
                                         _170222_ (net)
                  0.07    0.00  110.03 v _260314_/B (gf180mcu_fd_sc_mcu9t5v0__aoi21_2)
     3    0.05    0.40    0.26  110.29 ^ _260314_/ZN (gf180mcu_fd_sc_mcu9t5v0__aoi21_2)
                                         _170223_ (net)
                  0.40    0.00  110.29 ^ _263101_/A3 (gf180mcu_fd_sc_mcu9t5v0__oai32_2)
     5    0.09    0.41    0.30  110.59 v _263101_/ZN (gf180mcu_fd_sc_mcu9t5v0__oai32_2)
                                         _173010_ (net)
                  0.41    0.00  110.59 v _264056_/A2 (gf180mcu_fd_sc_mcu9t5v0__oai32_4)
     6    0.10    0.80    0.53  111.12 ^ _264056_/ZN (gf180mcu_fd_sc_mcu9t5v0__oai32_4)
                                         _173965_ (net)
                  0.80    0.00  111.12 ^ _269228_/A1 (gf180mcu_fd_sc_mcu9t5v0__oai211_2)
     3    0.05    0.40    0.25  111.37 v _269228_/ZN (gf180mcu_fd_sc_mcu9t5v0__oai211_2)
                                         _179137_ (net)
                  0.40    0.00  111.37 v _273789_/A1 (gf180mcu_fd_sc_mcu9t5v0__aoi211_2)
     4    0.06    0.70    0.45  111.82 ^ _273789_/ZN (gf180mcu_fd_sc_mcu9t5v0__aoi211_2)
                                         _002246_ (net)
                  0.70    0.00  111.82 ^ _331639_/A2 (gf180mcu_fd_sc_mcu9t5v0__oai21_2)
     5    0.09    0.47    0.30  112.12 v _331639_/ZN (gf180mcu_fd_sc_mcu9t5v0__oai21_2)
                                         _065397_ (net)
                  0.47    0.00  112.12 v _331731_/A2 (gf180mcu_fd_sc_mcu9t5v0__and2_2)
     3    0.03    0.11    0.31  112.43 v _331731_/Z (gf180mcu_fd_sc_mcu9t5v0__and2_2)
                                         _065499_ (net)
                  0.11    0.00  112.43 v _331772_/A1 (gf180mcu_fd_sc_mcu9t5v0__xnor2_2)
     3    0.05    0.20    0.41  112.84 ^ _331772_/ZN (gf180mcu_fd_sc_mcu9t5v0__xnor2_2)
                                         _065544_ (net)
                  0.20    0.00  112.84 ^ _331779_/A2 (gf180mcu_fd_sc_mcu9t5v0__oai221_2)
     1    0.03    0.68    0.18  113.01 v _331779_/ZN (gf180mcu_fd_sc_mcu9t5v0__oai221_2)
                                         _065551_ (net)
                  0.68    0.00  113.01 v _331781_/A3 (gf180mcu_fd_sc_mcu9t5v0__oai31_4)
    10    0.14    0.78    0.58  113.59 ^ _331781_/ZN (gf180mcu_fd_sc_mcu9t5v0__oai31_4)
                                         _065554_ (net)
                  0.78    0.00  113.59 ^ _331811_/A1 (gf180mcu_fd_sc_mcu9t5v0__oai211_2)
     3    0.05    0.39    0.24  113.83 v _331811_/ZN (gf180mcu_fd_sc_mcu9t5v0__oai211_2)
                                         _065587_ (net)
                  0.39    0.00  113.83 v _332028_/A2 (gf180mcu_fd_sc_mcu9t5v0__and2_2)
     1    0.01    0.07    0.24  114.08 v _332028_/Z (gf180mcu_fd_sc_mcu9t5v0__and2_2)
                                         _065825_ (net)
                  0.07    0.00  114.08 v _332033_/A1 (gf180mcu_fd_sc_mcu9t5v0__xnor3_2)
     5    0.18    0.69    1.00  115.08 ^ _332033_/ZN (gf180mcu_fd_sc_mcu9t5v0__xnor3_2)
                                         _065831_ (net)
                  0.69    0.00  115.08 ^ _332044_/A1 (gf180mcu_fd_sc_mcu9t5v0__nor2_2)
     5    0.06    0.33    0.21  115.28 v _332044_/ZN (gf180mcu_fd_sc_mcu9t5v0__nor2_2)
                                         _065843_ (net)
                  0.33    0.00  115.28 v _332510_/A1 (gf180mcu_fd_sc_mcu9t5v0__or2_2)
     2    0.05    0.15    0.33  115.62 v _332510_/Z (gf180mcu_fd_sc_mcu9t5v0__or2_2)
                                         _066356_ (net)
                  0.15    0.00  115.62 v _332512_/A3 (gf180mcu_fd_sc_mcu9t5v0__oai31_4)
     4    0.06    0.43    0.29  115.91 ^ _332512_/ZN (gf180mcu_fd_sc_mcu9t5v0__oai31_4)
                                         _066358_ (net)
                  0.43    0.00  115.91 ^ _332600_/A2 (gf180mcu_fd_sc_mcu9t5v0__oai21_2)
     1    0.01    0.18    0.10  116.01 v _332600_/ZN (gf180mcu_fd_sc_mcu9t5v0__oai21_2)
                                         _066455_ (net)
                  0.18    0.00  116.01 v _332601_/A2 (gf180mcu_fd_sc_mcu9t5v0__xor2_4)
     6    0.08    0.19    0.46  116.47 ^ _332601_/Z (gf180mcu_fd_sc_mcu9t5v0__xor2_4)
                                         _066456_ (net)
                  0.19    0.00  116.47 ^ _332609_/A2 (gf180mcu_fd_sc_mcu9t5v0__and3_4)
     4    0.07    0.17    0.25  116.71 ^ _332609_/Z (gf180mcu_fd_sc_mcu9t5v0__and3_4)
                                         _066464_ (net)
                  0.17    0.00  116.71 ^ _332612_/A3 (gf180mcu_fd_sc_mcu9t5v0__nand4_2)
     6    0.07    0.44    0.27  116.99 v _332612_/ZN (gf180mcu_fd_sc_mcu9t5v0__nand4_2)
                                         _066468_ (net)
                  0.44    0.00  116.99 v _332620_/A3 (gf180mcu_fd_sc_mcu9t5v0__or4_4)
     4    0.07    0.19    0.45  117.43 v _332620_/Z (gf180mcu_fd_sc_mcu9t5v0__or4_4)
                                         _066477_ (net)
                  0.19    0.00  117.43 v _332621_/B (gf180mcu_fd_sc_mcu9t5v0__aoi21_4)
     3    0.05    0.28    0.21  117.65 ^ _332621_/ZN (gf180mcu_fd_sc_mcu9t5v0__aoi21_4)
                                         _066478_ (net)
                  0.28    0.00  117.65 ^ _332636_/A1 (gf180mcu_fd_sc_mcu9t5v0__and2_4)
     3    0.04    0.11    0.19  117.84 ^ _332636_/Z (gf180mcu_fd_sc_mcu9t5v0__and2_4)
                                         _066494_ (net)
                  0.11    0.00  117.84 ^ _332637_/B (gf180mcu_fd_sc_mcu9t5v0__oai31_4)
     6    0.08    0.23    0.16  118.00 v _332637_/ZN (gf180mcu_fd_sc_mcu9t5v0__oai31_4)
                                         _066495_ (net)
                  0.23    0.00  118.00 v _332638_/A4 (gf180mcu_fd_sc_mcu9t5v0__or4_4)
     7    0.11    0.22    0.45  118.45 v _332638_/Z (gf180mcu_fd_sc_mcu9t5v0__or4_4)
                                         _066496_ (net)
                  0.22    0.00  118.45 v _332639_/A3 (gf180mcu_fd_sc_mcu9t5v0__nor3_4)
    10    0.13    0.70    0.45  118.90 ^ _332639_/ZN (gf180mcu_fd_sc_mcu9t5v0__nor3_4)
                                         _066497_ (net)
                  0.70    0.00  118.90 ^ _332640_/A3 (gf180mcu_fd_sc_mcu9t5v0__and3_4)
     6    0.07    0.18    0.25  119.15 ^ _332640_/Z (gf180mcu_fd_sc_mcu9t5v0__and3_4)
                                         _066499_ (net)
                  0.18    0.00  119.15 ^ _332937_/A1 (gf180mcu_fd_sc_mcu9t5v0__aoi21_2)
     3    0.04    0.20    0.13  119.28 v _332937_/ZN (gf180mcu_fd_sc_mcu9t5v0__aoi21_2)
                                         _066825_ (net)
                  0.20    0.00  119.28 v _333386_/A1 (gf180mcu_fd_sc_mcu9t5v0__oai21_2)
     5    0.21    1.38    0.82  120.11 ^ _333386_/ZN (gf180mcu_fd_sc_mcu9t5v0__oai21_2)
                                         _067319_ (net)
                  1.38    0.00  120.11 ^ _333402_/B (gf180mcu_fd_sc_mcu9t5v0__oai211_2)
     1    0.04    0.48    0.22  120.33 v _333402_/ZN (gf180mcu_fd_sc_mcu9t5v0__oai211_2)
                                         _067337_ (net)
                  0.48    0.00  120.33 v _333403_/A4 (gf180mcu_fd_sc_mcu9t5v0__nand4_4)
     9    0.32    0.99    0.71  121.03 ^ _333403_/ZN (gf180mcu_fd_sc_mcu9t5v0__nand4_4)
                                         _067338_ (net)
                  0.99    0.00  121.03 ^ _334141_/A1 (gf180mcu_fd_sc_mcu9t5v0__nand2_4)
     2    0.03    0.23    0.07  121.10 v _334141_/ZN (gf180mcu_fd_sc_mcu9t5v0__nand2_4)
                                         _068150_ (net)
                  0.23    0.00  121.10 v _334142_/A3 (gf180mcu_fd_sc_mcu9t5v0__xnor3_2)
     4    0.23    0.86    0.82  121.92 ^ _334142_/ZN (gf180mcu_fd_sc_mcu9t5v0__xnor3_2)
                                         _068151_ (net)
                  0.86    0.00  121.92 ^ _334145_/A1 (gf180mcu_fd_sc_mcu9t5v0__xnor3_2)
     3    0.04    0.15    0.63  122.55 v _334145_/ZN (gf180mcu_fd_sc_mcu9t5v0__xnor3_2)
                                         _068154_ (net)
                  0.15    0.00  122.55 v _334146_/A2 (gf180mcu_fd_sc_mcu9t5v0__or2_4)
     2    0.04    0.10    0.22  122.77 v _334146_/Z (gf180mcu_fd_sc_mcu9t5v0__or2_4)
                                         _068155_ (net)
                  0.10    0.00  122.77 v _334167_/A1 (gf180mcu_fd_sc_mcu9t5v0__nor3_2)
     1    0.03    0.35    0.20  122.97 ^ _334167_/ZN (gf180mcu_fd_sc_mcu9t5v0__nor3_2)
                                         _068178_ (net)
                  0.35    0.00  122.97 ^ _334168_/B (gf180mcu_fd_sc_mcu9t5v0__oai31_4)
     3    0.09    0.30    0.19  123.16 v _334168_/ZN (gf180mcu_fd_sc_mcu9t5v0__oai31_4)
                                         _068179_ (net)
                  0.30    0.00  123.16 v _334906_/A1 (gf180mcu_fd_sc_mcu9t5v0__nand2_4)
     5    0.06    0.21    0.18  123.34 ^ _334906_/ZN (gf180mcu_fd_sc_mcu9t5v0__nand2_4)
                                         _068991_ (net)
                  0.21    0.00  123.34 ^ _334909_/A1 (gf180mcu_fd_sc_mcu9t5v0__aoi21_2)
     1    0.01    0.14    0.07  123.41 v _334909_/ZN (gf180mcu_fd_sc_mcu9t5v0__aoi21_2)
                                         _068994_ (net)
                  0.14    0.00  123.41 v _334910_/A3 (gf180mcu_fd_sc_mcu9t5v0__xnor3_2)
    11    0.13    0.49    0.58  123.99 ^ _334910_/ZN (gf180mcu_fd_sc_mcu9t5v0__xnor3_2)
                                         _068996_ (net)
                  0.49    0.00  123.99 ^ _334918_/A1 (gf180mcu_fd_sc_mcu9t5v0__nand2_2)
     1    0.02    0.18    0.10  124.09 v _334918_/ZN (gf180mcu_fd_sc_mcu9t5v0__nand2_2)
                                         _069004_ (net)
                  0.18    0.00  124.09 v _334919_/A3 (gf180mcu_fd_sc_mcu9t5v0__or3_4)
     1    0.01    0.08    0.25  124.35 v _334919_/Z (gf180mcu_fd_sc_mcu9t5v0__or3_4)
                                         _069005_ (net)
                  0.08    0.00  124.35 v _334920_/A4 (gf180mcu_fd_sc_mcu9t5v0__or4_2)
    10    0.13    0.38    0.58  124.93 v _334920_/Z (gf180mcu_fd_sc_mcu9t5v0__or4_2)
                                         _069007_ (net)
                  0.38    0.00  124.93 v _334956_/A1 (gf180mcu_fd_sc_mcu9t5v0__or4_4)
    18    0.22    0.34    0.55  125.48 v _334956_/Z (gf180mcu_fd_sc_mcu9t5v0__or4_4)
                                         _069046_ (net)
                  0.34    0.00  125.48 v _334967_/A3 (gf180mcu_fd_sc_mcu9t5v0__or4_4)
     8    0.11    0.23    0.47  125.95 v _334967_/Z (gf180mcu_fd_sc_mcu9t5v0__or4_4)
                                         _069058_ (net)
                  0.23    0.00  125.95 v _334976_/A2 (gf180mcu_fd_sc_mcu9t5v0__nor3_4)
     6    0.08    0.48    0.32  126.27 ^ _334976_/ZN (gf180mcu_fd_sc_mcu9t5v0__nor3_4)
                                         _069068_ (net)
                  0.48    0.00  126.27 ^ _334984_/A2 (gf180mcu_fd_sc_mcu9t5v0__and3_4)
     8    0.11    0.24    0.31  126.58 ^ _334984_/Z (gf180mcu_fd_sc_mcu9t5v0__and3_4)
                                         _069077_ (net)
                  0.24    0.00  126.58 ^ _334992_/A1 (gf180mcu_fd_sc_mcu9t5v0__and2_4)
     6    0.08    0.17    0.22  126.80 ^ _334992_/Z (gf180mcu_fd_sc_mcu9t5v0__and2_4)
                                         _069086_ (net)
                  0.17    0.00  126.80 ^ _334993_/A3 (gf180mcu_fd_sc_mcu9t5v0__and3_4)
     4    0.05    0.13    0.22  127.02 ^ _334993_/Z (gf180mcu_fd_sc_mcu9t5v0__and3_4)
                                         _069087_ (net)
                  0.13    0.00  127.02 ^ _335072_/A1 (gf180mcu_fd_sc_mcu9t5v0__oai31_2)
     1    0.02    0.20    0.09  127.11 v _335072_/ZN (gf180mcu_fd_sc_mcu9t5v0__oai31_2)
                                         _069174_ (net)
                  0.20    0.00  127.11 v _335073_/B (gf180mcu_fd_sc_mcu9t5v0__aoi21_2)
     2    0.03    0.30    0.23  127.33 ^ _335073_/ZN (gf180mcu_fd_sc_mcu9t5v0__aoi21_2)
                                         _069175_ (net)
                  0.30    0.00  127.33 ^ _335104_/A1 (gf180mcu_fd_sc_mcu9t5v0__nand2_2)
     1    0.01    0.11    0.07  127.40 v _335104_/ZN (gf180mcu_fd_sc_mcu9t5v0__nand2_2)
                                         _069209_ (net)
                  0.11    0.00  127.40 v _335105_/A1 (gf180mcu_fd_sc_mcu9t5v0__xnor3_2)
     5    0.07    0.29    0.78  128.18 ^ _335105_/ZN (gf180mcu_fd_sc_mcu9t5v0__xnor3_2)
                                         _069210_ (net)
                  0.29    0.00  128.18 ^ _335109_/A2 (gf180mcu_fd_sc_mcu9t5v0__or2_2)
     2    0.03    0.12    0.19  128.37 ^ _335109_/Z (gf180mcu_fd_sc_mcu9t5v0__or2_2)
                                         _069214_ (net)
                  0.12    0.00  128.37 ^ _343494_/A1 (gf180mcu_fd_sc_mcu9t5v0__and3_4)
     2    0.04    0.12    0.20  128.57 ^ _343494_/Z (gf180mcu_fd_sc_mcu9t5v0__and3_4)
                                         _078438_ (net)
                  0.12    0.00  128.57 ^ _343568_/A2 (gf180mcu_fd_sc_mcu9t5v0__and2_2)
     4    0.05    0.22    0.24  128.81 ^ _343568_/Z (gf180mcu_fd_sc_mcu9t5v0__and2_2)
                                         _078519_ (net)
                  0.22    0.00  128.81 ^ _343569_/A1 (gf180mcu_fd_sc_mcu9t5v0__oai211_2)
     1    0.01    0.18    0.09  128.90 v _343569_/ZN (gf180mcu_fd_sc_mcu9t5v0__oai211_2)
                                         _078520_ (net)
                  0.18    0.00  128.90 v _343570_/A2 (gf180mcu_fd_sc_mcu9t5v0__xnor2_2)
     1    0.02    0.09    0.36  129.26 ^ _343570_/ZN (gf180mcu_fd_sc_mcu9t5v0__xnor2_2)
                                         _078522_ (net)
                  0.09    0.00  129.26 ^ _343571_/C1 (gf180mcu_fd_sc_mcu9t5v0__aoi222_2)
     1    0.01    3.87    0.13  129.39 v _343571_/ZN (gf180mcu_fd_sc_mcu9t5v0__aoi222_2)
                                         _078523_ (net)
                  3.87    0.00  129.39 v _343572_/A2 (gf180mcu_fd_sc_mcu9t5v0__xnor2_4)
     2    0.02    0.13    1.71  131.11 ^ _343572_/ZN (gf180mcu_fd_sc_mcu9t5v0__xnor2_4)
                                         _078524_ (net)
                  0.13    0.00  131.11 ^ _343586_/A1 (gf180mcu_fd_sc_mcu9t5v0__and2_2)
     2    0.04    0.18    0.21  131.32 ^ _343586_/Z (gf180mcu_fd_sc_mcu9t5v0__and2_2)
                                         _078539_ (net)
                  0.18    0.00  131.32 ^ _343611_/A3 (gf180mcu_fd_sc_mcu9t5v0__nand4_4)
     5    0.08    0.45    0.20  131.52 v _343611_/ZN (gf180mcu_fd_sc_mcu9t5v0__nand4_4)
                                         _078567_ (net)
                  0.45    0.00  131.52 v _343668_/A1 (gf180mcu_fd_sc_mcu9t5v0__oai31_4)
     4    0.05    0.59    0.33  131.86 ^ _343668_/ZN (gf180mcu_fd_sc_mcu9t5v0__oai31_4)
                                         _078629_ (net)
                  0.59    0.00  131.86 ^ _348525_/A1 (gf180mcu_fd_sc_mcu9t5v0__and3_4)
     3    0.05    0.13    0.26  132.12 ^ _348525_/Z (gf180mcu_fd_sc_mcu9t5v0__and3_4)
                                         _083972_ (net)
                  0.13    0.00  132.12 ^ _348569_/A1 (gf180mcu_fd_sc_mcu9t5v0__nand4_4)
     3    0.03    0.18    0.11  132.23 v _348569_/ZN (gf180mcu_fd_sc_mcu9t5v0__nand4_4)
                                         _084020_ (net)
                  0.18    0.00  132.23 v _348588_/A2 (gf180mcu_fd_sc_mcu9t5v0__or4_4)
     2    0.04    0.20    0.34  132.57 v _348588_/Z (gf180mcu_fd_sc_mcu9t5v0__or4_4)
                                         _084041_ (net)
                  0.20    0.00  132.57 v _351352_/A2 (gf180mcu_fd_sc_mcu9t5v0__aoi21_4)
     3    0.04    0.26    0.20  132.77 ^ _351352_/ZN (gf180mcu_fd_sc_mcu9t5v0__aoi21_4)
                                         _087082_ (net)
                  0.26    0.00  132.77 ^ _351353_/C (gf180mcu_fd_sc_mcu9t5v0__oai221_4)
     4    0.05    0.31    0.19  132.95 v _351353_/ZN (gf180mcu_fd_sc_mcu9t5v0__oai221_4)
                                         _087083_ (net)
                  0.31    0.00  132.95 v _351398_/A1 (gf180mcu_fd_sc_mcu9t5v0__or4_4)
     3    0.05    0.16    0.37  133.32 v _351398_/Z (gf180mcu_fd_sc_mcu9t5v0__or4_4)
                                         _087132_ (net)
                  0.16    0.00  133.32 v _351466_/A1 (gf180mcu_fd_sc_mcu9t5v0__nor3_4)
     2    0.04    0.30    0.18  133.50 ^ _351466_/ZN (gf180mcu_fd_sc_mcu9t5v0__nor3_4)
                                         _087207_ (net)
                  0.30    0.00  133.50 ^ _351503_/B1 (gf180mcu_fd_sc_mcu9t5v0__aoi22_4)
     6    0.27    1.31    0.36  133.86 v _351503_/ZN (gf180mcu_fd_sc_mcu9t5v0__aoi22_4)
                                         _087248_ (net)
                  1.31    0.00  133.86 v _352630_/A2 (gf180mcu_fd_sc_mcu9t5v0__or4_4)
     9    0.11    0.25    0.74  134.60 v _352630_/Z (gf180mcu_fd_sc_mcu9t5v0__or4_4)
                                         _088488_ (net)
                  0.25    0.00  134.60 v _352652_/A2 (gf180mcu_fd_sc_mcu9t5v0__or3_2)
     3    0.03    0.16    0.35  134.94 v _352652_/Z (gf180mcu_fd_sc_mcu9t5v0__or3_2)
                                         _088512_ (net)
                  0.16    0.00  134.94 v _356685_/A2 (gf180mcu_fd_sc_mcu9t5v0__and3_2)
     1    0.01    0.18    0.20  135.15 v _356685_/Z (gf180mcu_fd_sc_mcu9t5v0__and3_2)
                                         _092941_ (net)
                  0.18    0.00  135.15 v _356686_/C (gf180mcu_fd_sc_mcu9t5v0__aoi211_2)
     1    0.06    1.73    0.45  135.60 ^ _356686_/ZN (gf180mcu_fd_sc_mcu9t5v0__aoi211_2)
                                         _092942_ (net)
                  1.73    0.00  135.60 ^ _356714_/A2 (gf180mcu_fd_sc_mcu9t5v0__oai221_2)
     5    0.12    0.93    0.61  136.21 v _356714_/ZN (gf180mcu_fd_sc_mcu9t5v0__oai221_2)
                                         _092973_ (net)
                  0.93    0.00  136.21 v _357839_/A2 (gf180mcu_fd_sc_mcu9t5v0__aoi221_2)
     1    0.13    2.54    1.04  137.25 ^ _357839_/ZN (gf180mcu_fd_sc_mcu9t5v0__aoi221_2)
                                         _094202_ (net)
                  2.54    0.00  137.25 ^ _357840_/B (gf180mcu_fd_sc_mcu9t5v0__aoi21_2)
     1    0.01    0.60    0.11  137.36 v _357840_/ZN (gf180mcu_fd_sc_mcu9t5v0__aoi21_2)
                                         _000478_ (net)
                  0.60    0.00  137.36 v v_decode.v_rf_ctrl.stage_rf_wr_data.internal_data[143]$_DFFE_PN_/D (gf180mcu_fd_sc_mcu9t5v0__dffq_2)
                                137.36   data arrival time

                  0.00  100.00  100.00   clock clk (rise edge)
                          0.00  100.00   clock network delay (ideal)
                          0.00  100.00   clock reconvergence pessimism
                                100.00 ^ v_decode.v_rf_ctrl.stage_rf_wr_data.internal_data[143]$_DFFE_PN_/CLK (gf180mcu_fd_sc_mcu9t5v0__dffq_2)
                         -0.24   99.76   library setup time
                                 99.76   data required time
-----------------------------------------------------------------------------
                                 99.76   data required time
                               -137.36   data arrival time
-----------------------------------------------------------------------------
                                -37.60   slack (VIOLATED)



==========================================================================
global place report_checks -unconstrained
--------------------------------------------------------------------------
Startpoint: rst (input port clocked by clk)
Endpoint: v_decode.v_ctrl.stage_is_add.internal_data[1]$_DFFE_PP0P_
          (recovery check against rising-edge clock clk)
Path Group: asynchronous
Path Type: max

Fanout     Cap    Slew   Delay    Time   Description
-----------------------------------------------------------------------------
                  0.00    0.00    0.00   clock clk (rise edge)
                          0.00    0.00   clock network delay (ideal)
                         20.00   20.00 v input external delay
     1    0.03    0.00    0.00   20.00 v rst (in)
                                         rst (net)
                  0.00    0.00   20.00 v _182358_/I (gf180mcu_fd_sc_mcu9t5v0__clkinv_2)
   144    2.09    7.81    4.47   24.47 ^ _182358_/ZN (gf180mcu_fd_sc_mcu9t5v0__clkinv_2)
                                         _000000_ (net)
                  7.81    0.00   24.47 ^ v_decode.v_ctrl.stage_is_add.internal_data[1]$_DFFE_PP0P_/RN (gf180mcu_fd_sc_mcu9t5v0__dffrnq_2)
                                 24.47   data arrival time

                  0.00  100.00  100.00   clock clk (rise edge)
                          0.00  100.00   clock network delay (ideal)
                          0.00  100.00   clock reconvergence pessimism
                                100.00 ^ v_decode.v_ctrl.stage_is_add.internal_data[1]$_DFFE_PP0P_/CLK (gf180mcu_fd_sc_mcu9t5v0__dffrnq_2)
                         -3.57   96.43   library recovery time
                                 96.43   data required time
-----------------------------------------------------------------------------
                                 96.43   data required time
                                -24.47   data arrival time
-----------------------------------------------------------------------------
                                 71.95   slack (MET)


Startpoint: v_decode.v_rf_ctrl.stage_rf_wr_addr.internal_data[15]$_DFFE_PN_
            (rising edge-triggered flip-flop clocked by clk)
Endpoint: v_decode.v_rf_ctrl.stage_rf_wr_data.internal_data[143]$_DFFE_PN_
          (rising edge-triggered flip-flop clocked by clk)
Path Group: clk
Path Type: max

Fanout     Cap    Slew   Delay    Time   Description
-----------------------------------------------------------------------------
                  0.00    0.00    0.00   clock clk (rise edge)
                          0.00    0.00   clock network delay (ideal)
                  0.00    0.00    0.00 ^ v_decode.v_rf_ctrl.stage_rf_wr_addr.internal_data[15]$_DFFE_PN_/CLK (gf180mcu_fd_sc_mcu9t5v0__dffq_2)
  1035   22.99   85.35   49.15   49.15 ^ v_decode.v_rf_ctrl.stage_rf_wr_addr.internal_data[15]$_DFFE_PN_/Q (gf180mcu_fd_sc_mcu9t5v0__dffq_2)
                                         rf_wr_addr_wb[0] (net)
                 85.35    0.00   49.15 ^ _183566_/A1 (gf180mcu_fd_sc_mcu9t5v0__xor2_2)
     2    0.03    1.41   -3.76   45.38 v _183566_/Z (gf180mcu_fd_sc_mcu9t5v0__xor2_2)
                                         _013197_ (net)
                  1.41    0.00   45.38 v _183568_/A2 (gf180mcu_fd_sc_mcu9t5v0__nor3_4)
    22    0.44    2.09    1.44   46.82 ^ _183568_/ZN (gf180mcu_fd_sc_mcu9t5v0__nor3_4)
                                         _013219_ (net)
                  2.09    0.00   46.82 ^ _187984_/A2 (gf180mcu_fd_sc_mcu9t5v0__and3_4)
     8    0.22    0.46    0.44   47.27 ^ _187984_/Z (gf180mcu_fd_sc_mcu9t5v0__and3_4)
                                         _061460_ (net)
                  0.46    0.00   47.27 ^ _187985_/S (gf180mcu_fd_sc_mcu9t5v0__mux2_2)
     2    0.02    0.12    0.22   47.49 ^ _187985_/Z (gf180mcu_fd_sc_mcu9t5v0__mux2_2)
                                         _061471_ (net)
                  0.12    0.00   47.49 ^ _187988_/I0 (gf180mcu_fd_sc_mcu9t5v0__mux2_2)
    17    0.80    2.96    1.84   49.33 ^ _187988_/Z (gf180mcu_fd_sc_mcu9t5v0__mux2_2)
                                         _061504_ (net)
                  2.96    0.00   49.33 ^ _187990_/C1 (gf180mcu_fd_sc_mcu9t5v0__aoi222_4)
     3    0.06    4.09    0.22   49.55 v _187990_/ZN (gf180mcu_fd_sc_mcu9t5v0__aoi222_4)
                                         _061526_ (net)
                  4.09    0.00   49.55 v _188453_/A1 (gf180mcu_fd_sc_mcu9t5v0__aoi21_4)
    14    0.29    1.57    1.78   51.33 ^ _188453_/ZN (gf180mcu_fd_sc_mcu9t5v0__aoi21_4)
                                         _066619_ (net)
                  1.57    0.00   51.33 ^ _188459_/A2 (gf180mcu_fd_sc_mcu9t5v0__aoi21_4)
    17    0.20    1.85    0.25   51.57 v _188459_/ZN (gf180mcu_fd_sc_mcu9t5v0__aoi21_4)
                                         _066685_ (net)
                  1.85    0.00   51.57 v _188516_/A2 (gf180mcu_fd_sc_mcu9t5v0__xnor2_2)
    14    0.49    1.83    1.88   53.45 ^ _188516_/ZN (gf180mcu_fd_sc_mcu9t5v0__xnor2_2)
                                         _067312_ (net)
                  1.83    0.00   53.45 ^ _188517_/A3 (gf180mcu_fd_sc_mcu9t5v0__and3_4)
     1    0.03    0.12    0.15   53.60 ^ _188517_/Z (gf180mcu_fd_sc_mcu9t5v0__and3_4)
                                         _067323_ (net)
                  0.12    0.00   53.60 ^ _188518_/C (gf180mcu_fd_sc_mcu9t5v0__oai211_4)
     5    0.08    0.49    0.19   53.79 v _188518_/ZN (gf180mcu_fd_sc_mcu9t5v0__oai211_4)
                                         _067334_ (net)
                  0.49    0.00   53.79 v _188521_/A2 (gf180mcu_fd_sc_mcu9t5v0__oai31_4)
    18    0.28    1.38    0.87   54.67 ^ _188521_/ZN (gf180mcu_fd_sc_mcu9t5v0__oai31_4)
                                         _067367_ (net)
                  1.38    0.00   54.67 ^ _188574_/A2 (gf180mcu_fd_sc_mcu9t5v0__and4_4)
     9    0.14    0.31    0.43   55.09 ^ _188574_/Z (gf180mcu_fd_sc_mcu9t5v0__and4_4)
                                         _067950_ (net)
                  0.31    0.00   55.09 ^ _188661_/A1 (gf180mcu_fd_sc_mcu9t5v0__and4_4)
     7    0.12    0.26    0.35   55.44 ^ _188661_/Z (gf180mcu_fd_sc_mcu9t5v0__and4_4)
                                         _068907_ (net)
                  0.26    0.00   55.44 ^ _199412_/A2 (gf180mcu_fd_sc_mcu9t5v0__aoi21_2)
    38    0.54    1.69    1.04   56.48 v _199412_/ZN (gf180mcu_fd_sc_mcu9t5v0__aoi21_2)
                                         _109321_ (net)
                  1.69    0.00   56.48 v _199456_/A1 (gf180mcu_fd_sc_mcu9t5v0__nor3_4)
     4    0.07    0.60    0.69   57.17 ^ _199456_/ZN (gf180mcu_fd_sc_mcu9t5v0__nor3_4)
                                         _109365_ (net)
                  0.60    0.00   57.17 ^ _199573_/A2 (gf180mcu_fd_sc_mcu9t5v0__oai211_4)
    19    0.29    0.70    0.49   57.66 v _199573_/ZN (gf180mcu_fd_sc_mcu9t5v0__oai211_4)
                                         _109482_ (net)
                  0.70    0.00   57.66 v _202050_/A3 (gf180mcu_fd_sc_mcu9t5v0__or4_4)
     9    0.14    0.27    0.58   58.24 v _202050_/Z (gf180mcu_fd_sc_mcu9t5v0__or4_4)
                                         _111959_ (net)
                  0.27    0.00   58.24 v _202065_/A2 (gf180mcu_fd_sc_mcu9t5v0__aoi211_4)
    14    0.19    1.04    0.61   58.85 ^ _202065_/ZN (gf180mcu_fd_sc_mcu9t5v0__aoi211_4)
                                         _111974_ (net)
                  1.04    0.00   58.85 ^ _202066_/A4 (gf180mcu_fd_sc_mcu9t5v0__and4_4)
    12    0.22    0.46    0.44   59.29 ^ _202066_/Z (gf180mcu_fd_sc_mcu9t5v0__and4_4)
                                         _111975_ (net)
                  0.46    0.00   59.29 ^ _202067_/B2 (gf180mcu_fd_sc_mcu9t5v0__aoi22_2)
    22    0.31    1.64    0.67   59.96 v _202067_/ZN (gf180mcu_fd_sc_mcu9t5v0__aoi22_2)
                                         _111976_ (net)
                  1.64    0.00   59.96 v _209899_/A2 (gf180mcu_fd_sc_mcu9t5v0__nor4_4)
     8    0.10    0.89    0.81   60.78 ^ _209899_/ZN (gf180mcu_fd_sc_mcu9t5v0__nor4_4)
                                         _119808_ (net)
                  0.89    0.00   60.78 ^ _211665_/A2 (gf180mcu_fd_sc_mcu9t5v0__and4_4)
    15    0.25    0.49    0.52   61.30 ^ _211665_/Z (gf180mcu_fd_sc_mcu9t5v0__and4_4)
                                         _121574_ (net)
                  0.49    0.00   61.30 ^ _211674_/A2 (gf180mcu_fd_sc_mcu9t5v0__oai211_4)
    59    0.95    2.28    1.24   62.54 v _211674_/ZN (gf180mcu_fd_sc_mcu9t5v0__oai211_4)
                                         _121583_ (net)
                  2.28    0.00   62.54 v _211696_/A2 (gf180mcu_fd_sc_mcu9t5v0__oai31_4)
   165    2.38   10.77    6.08   68.62 ^ _211696_/ZN (gf180mcu_fd_sc_mcu9t5v0__oai31_4)
                                         _121605_ (net)
                 10.77    0.00   68.62 ^ _211735_/A1 (gf180mcu_fd_sc_mcu9t5v0__aoi21_4)
    42    0.67    3.73    1.48   70.10 v _211735_/ZN (gf180mcu_fd_sc_mcu9t5v0__aoi21_4)
                                         _121644_ (net)
                  3.73    0.00   70.10 v _212483_/A2 (gf180mcu_fd_sc_mcu9t5v0__oai31_4)
    91    1.45    6.63    4.39   74.49 ^ _212483_/ZN (gf180mcu_fd_sc_mcu9t5v0__oai31_4)
                                         _122392_ (net)
                  6.63    0.00   74.49 ^ _244574_/A1 (gf180mcu_fd_sc_mcu9t5v0__aoi21_2)
    33    0.43    2.86    1.56   76.05 v _244574_/ZN (gf180mcu_fd_sc_mcu9t5v0__aoi21_2)
                                         _154483_ (net)
                  2.86    0.00   76.05 v _244575_/A3 (gf180mcu_fd_sc_mcu9t5v0__nor3_2)
   204    3.45   30.95   15.97   92.02 ^ _244575_/ZN (gf180mcu_fd_sc_mcu9t5v0__nor3_2)
                                         _154484_ (net)
                 30.95    0.00   92.02 ^ _252987_/B (gf180mcu_fd_sc_mcu9t5v0__aoi21_2)
    18    0.66   11.04    7.56   99.57 v _252987_/ZN (gf180mcu_fd_sc_mcu9t5v0__aoi21_2)
                                         _162896_ (net)
                 11.04    0.00   99.57 v _253267_/A1 (gf180mcu_fd_sc_mcu9t5v0__or3_2)
     3    0.04    0.46    3.40  102.97 v _253267_/Z (gf180mcu_fd_sc_mcu9t5v0__or3_2)
                                         _163176_ (net)
                  0.46    0.00  102.97 v _253272_/A1 (gf180mcu_fd_sc_mcu9t5v0__oai32_2)
     2    0.02    0.93    0.42  103.39 ^ _253272_/ZN (gf180mcu_fd_sc_mcu9t5v0__oai32_2)
                                         _163181_ (net)
                  0.93    0.00  103.39 ^ _253281_/A3 (gf180mcu_fd_sc_mcu9t5v0__or4_2)
     3    0.04    0.19    0.35  103.73 ^ _253281_/Z (gf180mcu_fd_sc_mcu9t5v0__or4_2)
                                         _163190_ (net)
                  0.19    0.00  103.73 ^ _253282_/A2 (gf180mcu_fd_sc_mcu9t5v0__nand2_2)
     1    0.01    0.14    0.05  103.79 v _253282_/ZN (gf180mcu_fd_sc_mcu9t5v0__nand2_2)
                                         _163191_ (net)
                  0.14    0.00  103.79 v _253295_/A2 (gf180mcu_fd_sc_mcu9t5v0__xnor3_2)
     1    0.01    0.09    0.67  104.45 ^ _253295_/ZN (gf180mcu_fd_sc_mcu9t5v0__xnor3_2)
                                         _163204_ (net)
                  0.09    0.00  104.45 ^ _253296_/A2 (gf180mcu_fd_sc_mcu9t5v0__xnor2_2)
     3    0.04    0.15    0.31  104.77 v _253296_/ZN (gf180mcu_fd_sc_mcu9t5v0__xnor2_2)
                                         _163205_ (net)
                  0.15    0.00  104.77 v _253493_/B (gf180mcu_fd_sc_mcu9t5v0__oai211_2)
     5    0.07    0.53    0.31  105.07 ^ _253493_/ZN (gf180mcu_fd_sc_mcu9t5v0__oai211_2)
                                         _163402_ (net)
                  0.53    0.00  105.07 ^ _256985_/C (gf180mcu_fd_sc_mcu9t5v0__oai221_2)
     1    0.01    5.05    0.17  105.25 v _256985_/ZN (gf180mcu_fd_sc_mcu9t5v0__oai221_2)
                                         _166894_ (net)
                  5.05    0.00  105.25 v _256986_/B (gf180mcu_fd_sc_mcu9t5v0__aoi21_2)
     3    0.04    1.18    1.07  106.31 ^ _256986_/ZN (gf180mcu_fd_sc_mcu9t5v0__aoi21_2)
                                         _166895_ (net)
                  1.18    0.00  106.31 ^ _257430_/A1 (gf180mcu_fd_sc_mcu9t5v0__oai211_2)
     1    0.02    0.33    0.11  106.42 v _257430_/ZN (gf180mcu_fd_sc_mcu9t5v0__oai211_2)
                                         _167339_ (net)
                  0.33    0.00  106.42 v _257433_/A2 (gf180mcu_fd_sc_mcu9t5v0__aoi21_2)
     3    0.04    0.40    0.31  106.73 ^ _257433_/ZN (gf180mcu_fd_sc_mcu9t5v0__aoi21_2)
                                         _167342_ (net)
                  0.40    0.00  106.73 ^ _257457_/A1 (gf180mcu_fd_sc_mcu9t5v0__xnor2_2)
     3    0.07    0.20    0.41  107.14 v _257457_/ZN (gf180mcu_fd_sc_mcu9t5v0__xnor2_2)
                                         _167366_ (net)
                  0.20    0.00  107.14 v _257513_/A1 (gf180mcu_fd_sc_mcu9t5v0__xor3_2)
     5    0.08    0.33    0.76  107.90 ^ _257513_/Z (gf180mcu_fd_sc_mcu9t5v0__xor3_2)
                                         _167422_ (net)
                  0.33    0.00  107.90 ^ _259500_/A1 (gf180mcu_fd_sc_mcu9t5v0__xnor2_2)
     1    0.01    0.09    0.31  108.21 v _259500_/ZN (gf180mcu_fd_sc_mcu9t5v0__xnor2_2)
                                         _169409_ (net)
                  0.09    0.00  108.21 v _259501_/C2 (gf180mcu_fd_sc_mcu9t5v0__aoi222_2)
     2    0.03    0.62    0.43  108.64 ^ _259501_/ZN (gf180mcu_fd_sc_mcu9t5v0__aoi222_2)
                                         _169410_ (net)
                  0.62    0.00  108.64 ^ _259504_/B1 (gf180mcu_fd_sc_mcu9t5v0__aoi22_2)
    10    0.11    0.51    0.37  109.01 v _259504_/ZN (gf180mcu_fd_sc_mcu9t5v0__aoi22_2)
                                         _169413_ (net)
                  0.51    0.00  109.01 v _259505_/A2 (gf180mcu_fd_sc_mcu9t5v0__xnor2_2)
     3    0.04    0.19    0.53  109.54 ^ _259505_/ZN (gf180mcu_fd_sc_mcu9t5v0__xnor2_2)
                                         _169414_ (net)
                  0.19    0.00  109.54 ^ _259506_/A2 (gf180mcu_fd_sc_mcu9t5v0__xnor2_2)
     4    0.04    0.14    0.32  109.85 v _259506_/ZN (gf180mcu_fd_sc_mcu9t5v0__xnor2_2)
                                         _169415_ (net)
                  0.14    0.00  109.85 v _260313_/A2 (gf180mcu_fd_sc_mcu9t5v0__and2_2)
     1    0.01    0.07    0.18  110.03 v _260313_/Z (gf180mcu_fd_sc_mcu9t5v0__and2_2)
                                         _170222_ (net)
                  0.07    0.00  110.03 v _260314_/B (gf180mcu_fd_sc_mcu9t5v0__aoi21_2)
     3    0.05    0.40    0.26  110.29 ^ _260314_/ZN (gf180mcu_fd_sc_mcu9t5v0__aoi21_2)
                                         _170223_ (net)
                  0.40    0.00  110.29 ^ _263101_/A3 (gf180mcu_fd_sc_mcu9t5v0__oai32_2)
     5    0.09    0.41    0.30  110.59 v _263101_/ZN (gf180mcu_fd_sc_mcu9t5v0__oai32_2)
                                         _173010_ (net)
                  0.41    0.00  110.59 v _264056_/A2 (gf180mcu_fd_sc_mcu9t5v0__oai32_4)
     6    0.10    0.80    0.53  111.12 ^ _264056_/ZN (gf180mcu_fd_sc_mcu9t5v0__oai32_4)
                                         _173965_ (net)
                  0.80    0.00  111.12 ^ _269228_/A1 (gf180mcu_fd_sc_mcu9t5v0__oai211_2)
     3    0.05    0.40    0.25  111.37 v _269228_/ZN (gf180mcu_fd_sc_mcu9t5v0__oai211_2)
                                         _179137_ (net)
                  0.40    0.00  111.37 v _273789_/A1 (gf180mcu_fd_sc_mcu9t5v0__aoi211_2)
     4    0.06    0.70    0.45  111.82 ^ _273789_/ZN (gf180mcu_fd_sc_mcu9t5v0__aoi211_2)
                                         _002246_ (net)
                  0.70    0.00  111.82 ^ _331639_/A2 (gf180mcu_fd_sc_mcu9t5v0__oai21_2)
     5    0.09    0.47    0.30  112.12 v _331639_/ZN (gf180mcu_fd_sc_mcu9t5v0__oai21_2)
                                         _065397_ (net)
                  0.47    0.00  112.12 v _331731_/A2 (gf180mcu_fd_sc_mcu9t5v0__and2_2)
     3    0.03    0.11    0.31  112.43 v _331731_/Z (gf180mcu_fd_sc_mcu9t5v0__and2_2)
                                         _065499_ (net)
                  0.11    0.00  112.43 v _331772_/A1 (gf180mcu_fd_sc_mcu9t5v0__xnor2_2)
     3    0.05    0.20    0.41  112.84 ^ _331772_/ZN (gf180mcu_fd_sc_mcu9t5v0__xnor2_2)
                                         _065544_ (net)
                  0.20    0.00  112.84 ^ _331779_/A2 (gf180mcu_fd_sc_mcu9t5v0__oai221_2)
     1    0.03    0.68    0.18  113.01 v _331779_/ZN (gf180mcu_fd_sc_mcu9t5v0__oai221_2)
                                         _065551_ (net)
                  0.68    0.00  113.01 v _331781_/A3 (gf180mcu_fd_sc_mcu9t5v0__oai31_4)
    10    0.14    0.78    0.58  113.59 ^ _331781_/ZN (gf180mcu_fd_sc_mcu9t5v0__oai31_4)
                                         _065554_ (net)
                  0.78    0.00  113.59 ^ _331811_/A1 (gf180mcu_fd_sc_mcu9t5v0__oai211_2)
     3    0.05    0.39    0.24  113.83 v _331811_/ZN (gf180mcu_fd_sc_mcu9t5v0__oai211_2)
                                         _065587_ (net)
                  0.39    0.00  113.83 v _332028_/A2 (gf180mcu_fd_sc_mcu9t5v0__and2_2)
     1    0.01    0.07    0.24  114.08 v _332028_/Z (gf180mcu_fd_sc_mcu9t5v0__and2_2)
                                         _065825_ (net)
                  0.07    0.00  114.08 v _332033_/A1 (gf180mcu_fd_sc_mcu9t5v0__xnor3_2)
     5    0.18    0.69    1.00  115.08 ^ _332033_/ZN (gf180mcu_fd_sc_mcu9t5v0__xnor3_2)
                                         _065831_ (net)
                  0.69    0.00  115.08 ^ _332044_/A1 (gf180mcu_fd_sc_mcu9t5v0__nor2_2)
     5    0.06    0.33    0.21  115.28 v _332044_/ZN (gf180mcu_fd_sc_mcu9t5v0__nor2_2)
                                         _065843_ (net)
                  0.33    0.00  115.28 v _332510_/A1 (gf180mcu_fd_sc_mcu9t5v0__or2_2)
     2    0.05    0.15    0.33  115.62 v _332510_/Z (gf180mcu_fd_sc_mcu9t5v0__or2_2)
                                         _066356_ (net)
                  0.15    0.00  115.62 v _332512_/A3 (gf180mcu_fd_sc_mcu9t5v0__oai31_4)
     4    0.06    0.43    0.29  115.91 ^ _332512_/ZN (gf180mcu_fd_sc_mcu9t5v0__oai31_4)
                                         _066358_ (net)
                  0.43    0.00  115.91 ^ _332600_/A2 (gf180mcu_fd_sc_mcu9t5v0__oai21_2)
     1    0.01    0.18    0.10  116.01 v _332600_/ZN (gf180mcu_fd_sc_mcu9t5v0__oai21_2)
                                         _066455_ (net)
                  0.18    0.00  116.01 v _332601_/A2 (gf180mcu_fd_sc_mcu9t5v0__xor2_4)
     6    0.08    0.19    0.46  116.47 ^ _332601_/Z (gf180mcu_fd_sc_mcu9t5v0__xor2_4)
                                         _066456_ (net)
                  0.19    0.00  116.47 ^ _332609_/A2 (gf180mcu_fd_sc_mcu9t5v0__and3_4)
     4    0.07    0.17    0.25  116.71 ^ _332609_/Z (gf180mcu_fd_sc_mcu9t5v0__and3_4)
                                         _066464_ (net)
                  0.17    0.00  116.71 ^ _332612_/A3 (gf180mcu_fd_sc_mcu9t5v0__nand4_2)
     6    0.07    0.44    0.27  116.99 v _332612_/ZN (gf180mcu_fd_sc_mcu9t5v0__nand4_2)
                                         _066468_ (net)
                  0.44    0.00  116.99 v _332620_/A3 (gf180mcu_fd_sc_mcu9t5v0__or4_4)
     4    0.07    0.19    0.45  117.43 v _332620_/Z (gf180mcu_fd_sc_mcu9t5v0__or4_4)
                                         _066477_ (net)
                  0.19    0.00  117.43 v _332621_/B (gf180mcu_fd_sc_mcu9t5v0__aoi21_4)
     3    0.05    0.28    0.21  117.65 ^ _332621_/ZN (gf180mcu_fd_sc_mcu9t5v0__aoi21_4)
                                         _066478_ (net)
                  0.28    0.00  117.65 ^ _332636_/A1 (gf180mcu_fd_sc_mcu9t5v0__and2_4)
     3    0.04    0.11    0.19  117.84 ^ _332636_/Z (gf180mcu_fd_sc_mcu9t5v0__and2_4)
                                         _066494_ (net)
                  0.11    0.00  117.84 ^ _332637_/B (gf180mcu_fd_sc_mcu9t5v0__oai31_4)
     6    0.08    0.23    0.16  118.00 v _332637_/ZN (gf180mcu_fd_sc_mcu9t5v0__oai31_4)
                                         _066495_ (net)
                  0.23    0.00  118.00 v _332638_/A4 (gf180mcu_fd_sc_mcu9t5v0__or4_4)
     7    0.11    0.22    0.45  118.45 v _332638_/Z (gf180mcu_fd_sc_mcu9t5v0__or4_4)
                                         _066496_ (net)
                  0.22    0.00  118.45 v _332639_/A3 (gf180mcu_fd_sc_mcu9t5v0__nor3_4)
    10    0.13    0.70    0.45  118.90 ^ _332639_/ZN (gf180mcu_fd_sc_mcu9t5v0__nor3_4)
                                         _066497_ (net)
                  0.70    0.00  118.90 ^ _332640_/A3 (gf180mcu_fd_sc_mcu9t5v0__and3_4)
     6    0.07    0.18    0.25  119.15 ^ _332640_/Z (gf180mcu_fd_sc_mcu9t5v0__and3_4)
                                         _066499_ (net)
                  0.18    0.00  119.15 ^ _332937_/A1 (gf180mcu_fd_sc_mcu9t5v0__aoi21_2)
     3    0.04    0.20    0.13  119.28 v _332937_/ZN (gf180mcu_fd_sc_mcu9t5v0__aoi21_2)
                                         _066825_ (net)
                  0.20    0.00  119.28 v _333386_/A1 (gf180mcu_fd_sc_mcu9t5v0__oai21_2)
     5    0.21    1.38    0.82  120.11 ^ _333386_/ZN (gf180mcu_fd_sc_mcu9t5v0__oai21_2)
                                         _067319_ (net)
                  1.38    0.00  120.11 ^ _333402_/B (gf180mcu_fd_sc_mcu9t5v0__oai211_2)
     1    0.04    0.48    0.22  120.33 v _333402_/ZN (gf180mcu_fd_sc_mcu9t5v0__oai211_2)
                                         _067337_ (net)
                  0.48    0.00  120.33 v _333403_/A4 (gf180mcu_fd_sc_mcu9t5v0__nand4_4)
     9    0.32    0.99    0.71  121.03 ^ _333403_/ZN (gf180mcu_fd_sc_mcu9t5v0__nand4_4)
                                         _067338_ (net)
                  0.99    0.00  121.03 ^ _334141_/A1 (gf180mcu_fd_sc_mcu9t5v0__nand2_4)
     2    0.03    0.23    0.07  121.10 v _334141_/ZN (gf180mcu_fd_sc_mcu9t5v0__nand2_4)
                                         _068150_ (net)
                  0.23    0.00  121.10 v _334142_/A3 (gf180mcu_fd_sc_mcu9t5v0__xnor3_2)
     4    0.23    0.86    0.82  121.92 ^ _334142_/ZN (gf180mcu_fd_sc_mcu9t5v0__xnor3_2)
                                         _068151_ (net)
                  0.86    0.00  121.92 ^ _334145_/A1 (gf180mcu_fd_sc_mcu9t5v0__xnor3_2)
     3    0.04    0.15    0.63  122.55 v _334145_/ZN (gf180mcu_fd_sc_mcu9t5v0__xnor3_2)
                                         _068154_ (net)
                  0.15    0.00  122.55 v _334146_/A2 (gf180mcu_fd_sc_mcu9t5v0__or2_4)
     2    0.04    0.10    0.22  122.77 v _334146_/Z (gf180mcu_fd_sc_mcu9t5v0__or2_4)
                                         _068155_ (net)
                  0.10    0.00  122.77 v _334167_/A1 (gf180mcu_fd_sc_mcu9t5v0__nor3_2)
     1    0.03    0.35    0.20  122.97 ^ _334167_/ZN (gf180mcu_fd_sc_mcu9t5v0__nor3_2)
                                         _068178_ (net)
                  0.35    0.00  122.97 ^ _334168_/B (gf180mcu_fd_sc_mcu9t5v0__oai31_4)
     3    0.09    0.30    0.19  123.16 v _334168_/ZN (gf180mcu_fd_sc_mcu9t5v0__oai31_4)
                                         _068179_ (net)
                  0.30    0.00  123.16 v _334906_/A1 (gf180mcu_fd_sc_mcu9t5v0__nand2_4)
     5    0.06    0.21    0.18  123.34 ^ _334906_/ZN (gf180mcu_fd_sc_mcu9t5v0__nand2_4)
                                         _068991_ (net)
                  0.21    0.00  123.34 ^ _334909_/A1 (gf180mcu_fd_sc_mcu9t5v0__aoi21_2)
     1    0.01    0.14    0.07  123.41 v _334909_/ZN (gf180mcu_fd_sc_mcu9t5v0__aoi21_2)
                                         _068994_ (net)
                  0.14    0.00  123.41 v _334910_/A3 (gf180mcu_fd_sc_mcu9t5v0__xnor3_2)
    11    0.13    0.49    0.58  123.99 ^ _334910_/ZN (gf180mcu_fd_sc_mcu9t5v0__xnor3_2)
                                         _068996_ (net)
                  0.49    0.00  123.99 ^ _334918_/A1 (gf180mcu_fd_sc_mcu9t5v0__nand2_2)
     1    0.02    0.18    0.10  124.09 v _334918_/ZN (gf180mcu_fd_sc_mcu9t5v0__nand2_2)
                                         _069004_ (net)
                  0.18    0.00  124.09 v _334919_/A3 (gf180mcu_fd_sc_mcu9t5v0__or3_4)
     1    0.01    0.08    0.25  124.35 v _334919_/Z (gf180mcu_fd_sc_mcu9t5v0__or3_4)
                                         _069005_ (net)
                  0.08    0.00  124.35 v _334920_/A4 (gf180mcu_fd_sc_mcu9t5v0__or4_2)
    10    0.13    0.38    0.58  124.93 v _334920_/Z (gf180mcu_fd_sc_mcu9t5v0__or4_2)
                                         _069007_ (net)
                  0.38    0.00  124.93 v _334956_/A1 (gf180mcu_fd_sc_mcu9t5v0__or4_4)
    18    0.22    0.34    0.55  125.48 v _334956_/Z (gf180mcu_fd_sc_mcu9t5v0__or4_4)
                                         _069046_ (net)
                  0.34    0.00  125.48 v _334967_/A3 (gf180mcu_fd_sc_mcu9t5v0__or4_4)
     8    0.11    0.23    0.47  125.95 v _334967_/Z (gf180mcu_fd_sc_mcu9t5v0__or4_4)
                                         _069058_ (net)
                  0.23    0.00  125.95 v _334976_/A2 (gf180mcu_fd_sc_mcu9t5v0__nor3_4)
     6    0.08    0.48    0.32  126.27 ^ _334976_/ZN (gf180mcu_fd_sc_mcu9t5v0__nor3_4)
                                         _069068_ (net)
                  0.48    0.00  126.27 ^ _334984_/A2 (gf180mcu_fd_sc_mcu9t5v0__and3_4)
     8    0.11    0.24    0.31  126.58 ^ _334984_/Z (gf180mcu_fd_sc_mcu9t5v0__and3_4)
                                         _069077_ (net)
                  0.24    0.00  126.58 ^ _334992_/A1 (gf180mcu_fd_sc_mcu9t5v0__and2_4)
     6    0.08    0.17    0.22  126.80 ^ _334992_/Z (gf180mcu_fd_sc_mcu9t5v0__and2_4)
                                         _069086_ (net)
                  0.17    0.00  126.80 ^ _334993_/A3 (gf180mcu_fd_sc_mcu9t5v0__and3_4)
     4    0.05    0.13    0.22  127.02 ^ _334993_/Z (gf180mcu_fd_sc_mcu9t5v0__and3_4)
                                         _069087_ (net)
                  0.13    0.00  127.02 ^ _335072_/A1 (gf180mcu_fd_sc_mcu9t5v0__oai31_2)
     1    0.02    0.20    0.09  127.11 v _335072_/ZN (gf180mcu_fd_sc_mcu9t5v0__oai31_2)
                                         _069174_ (net)
                  0.20    0.00  127.11 v _335073_/B (gf180mcu_fd_sc_mcu9t5v0__aoi21_2)
     2    0.03    0.30    0.23  127.33 ^ _335073_/ZN (gf180mcu_fd_sc_mcu9t5v0__aoi21_2)
                                         _069175_ (net)
                  0.30    0.00  127.33 ^ _335104_/A1 (gf180mcu_fd_sc_mcu9t5v0__nand2_2)
     1    0.01    0.11    0.07  127.40 v _335104_/ZN (gf180mcu_fd_sc_mcu9t5v0__nand2_2)
                                         _069209_ (net)
                  0.11    0.00  127.40 v _335105_/A1 (gf180mcu_fd_sc_mcu9t5v0__xnor3_2)
     5    0.07    0.29    0.78  128.18 ^ _335105_/ZN (gf180mcu_fd_sc_mcu9t5v0__xnor3_2)
                                         _069210_ (net)
                  0.29    0.00  128.18 ^ _335109_/A2 (gf180mcu_fd_sc_mcu9t5v0__or2_2)
     2    0.03    0.12    0.19  128.37 ^ _335109_/Z (gf180mcu_fd_sc_mcu9t5v0__or2_2)
                                         _069214_ (net)
                  0.12    0.00  128.37 ^ _343494_/A1 (gf180mcu_fd_sc_mcu9t5v0__and3_4)
     2    0.04    0.12    0.20  128.57 ^ _343494_/Z (gf180mcu_fd_sc_mcu9t5v0__and3_4)
                                         _078438_ (net)
                  0.12    0.00  128.57 ^ _343568_/A2 (gf180mcu_fd_sc_mcu9t5v0__and2_2)
     4    0.05    0.22    0.24  128.81 ^ _343568_/Z (gf180mcu_fd_sc_mcu9t5v0__and2_2)
                                         _078519_ (net)
                  0.22    0.00  128.81 ^ _343569_/A1 (gf180mcu_fd_sc_mcu9t5v0__oai211_2)
     1    0.01    0.18    0.09  128.90 v _343569_/ZN (gf180mcu_fd_sc_mcu9t5v0__oai211_2)
                                         _078520_ (net)
                  0.18    0.00  128.90 v _343570_/A2 (gf180mcu_fd_sc_mcu9t5v0__xnor2_2)
     1    0.02    0.09    0.36  129.26 ^ _343570_/ZN (gf180mcu_fd_sc_mcu9t5v0__xnor2_2)
                                         _078522_ (net)
                  0.09    0.00  129.26 ^ _343571_/C1 (gf180mcu_fd_sc_mcu9t5v0__aoi222_2)
     1    0.01    3.87    0.13  129.39 v _343571_/ZN (gf180mcu_fd_sc_mcu9t5v0__aoi222_2)
                                         _078523_ (net)
                  3.87    0.00  129.39 v _343572_/A2 (gf180mcu_fd_sc_mcu9t5v0__xnor2_4)
     2    0.02    0.13    1.71  131.11 ^ _343572_/ZN (gf180mcu_fd_sc_mcu9t5v0__xnor2_4)
                                         _078524_ (net)
                  0.13    0.00  131.11 ^ _343586_/A1 (gf180mcu_fd_sc_mcu9t5v0__and2_2)
     2    0.04    0.18    0.21  131.32 ^ _343586_/Z (gf180mcu_fd_sc_mcu9t5v0__and2_2)
                                         _078539_ (net)
                  0.18    0.00  131.32 ^ _343611_/A3 (gf180mcu_fd_sc_mcu9t5v0__nand4_4)
     5    0.08    0.45    0.20  131.52 v _343611_/ZN (gf180mcu_fd_sc_mcu9t5v0__nand4_4)
                                         _078567_ (net)
                  0.45    0.00  131.52 v _343668_/A1 (gf180mcu_fd_sc_mcu9t5v0__oai31_4)
     4    0.05    0.59    0.33  131.86 ^ _343668_/ZN (gf180mcu_fd_sc_mcu9t5v0__oai31_4)
                                         _078629_ (net)
                  0.59    0.00  131.86 ^ _348525_/A1 (gf180mcu_fd_sc_mcu9t5v0__and3_4)
     3    0.05    0.13    0.26  132.12 ^ _348525_/Z (gf180mcu_fd_sc_mcu9t5v0__and3_4)
                                         _083972_ (net)
                  0.13    0.00  132.12 ^ _348569_/A1 (gf180mcu_fd_sc_mcu9t5v0__nand4_4)
     3    0.03    0.18    0.11  132.23 v _348569_/ZN (gf180mcu_fd_sc_mcu9t5v0__nand4_4)
                                         _084020_ (net)
                  0.18    0.00  132.23 v _348588_/A2 (gf180mcu_fd_sc_mcu9t5v0__or4_4)
     2    0.04    0.20    0.34  132.57 v _348588_/Z (gf180mcu_fd_sc_mcu9t5v0__or4_4)
                                         _084041_ (net)
                  0.20    0.00  132.57 v _351352_/A2 (gf180mcu_fd_sc_mcu9t5v0__aoi21_4)
     3    0.04    0.26    0.20  132.77 ^ _351352_/ZN (gf180mcu_fd_sc_mcu9t5v0__aoi21_4)
                                         _087082_ (net)
                  0.26    0.00  132.77 ^ _351353_/C (gf180mcu_fd_sc_mcu9t5v0__oai221_4)
     4    0.05    0.31    0.19  132.95 v _351353_/ZN (gf180mcu_fd_sc_mcu9t5v0__oai221_4)
                                         _087083_ (net)
                  0.31    0.00  132.95 v _351398_/A1 (gf180mcu_fd_sc_mcu9t5v0__or4_4)
     3    0.05    0.16    0.37  133.32 v _351398_/Z (gf180mcu_fd_sc_mcu9t5v0__or4_4)
                                         _087132_ (net)
                  0.16    0.00  133.32 v _351466_/A1 (gf180mcu_fd_sc_mcu9t5v0__nor3_4)
     2    0.04    0.30    0.18  133.50 ^ _351466_/ZN (gf180mcu_fd_sc_mcu9t5v0__nor3_4)
                                         _087207_ (net)
                  0.30    0.00  133.50 ^ _351503_/B1 (gf180mcu_fd_sc_mcu9t5v0__aoi22_4)
     6    0.27    1.31    0.36  133.86 v _351503_/ZN (gf180mcu_fd_sc_mcu9t5v0__aoi22_4)
                                         _087248_ (net)
                  1.31    0.00  133.86 v _352630_/A2 (gf180mcu_fd_sc_mcu9t5v0__or4_4)
     9    0.11    0.25    0.74  134.60 v _352630_/Z (gf180mcu_fd_sc_mcu9t5v0__or4_4)
                                         _088488_ (net)
                  0.25    0.00  134.60 v _352652_/A2 (gf180mcu_fd_sc_mcu9t5v0__or3_2)
     3    0.03    0.16    0.35  134.94 v _352652_/Z (gf180mcu_fd_sc_mcu9t5v0__or3_2)
                                         _088512_ (net)
                  0.16    0.00  134.94 v _356685_/A2 (gf180mcu_fd_sc_mcu9t5v0__and3_2)
     1    0.01    0.18    0.20  135.15 v _356685_/Z (gf180mcu_fd_sc_mcu9t5v0__and3_2)
                                         _092941_ (net)
                  0.18    0.00  135.15 v _356686_/C (gf180mcu_fd_sc_mcu9t5v0__aoi211_2)
     1    0.06    1.73    0.45  135.60 ^ _356686_/ZN (gf180mcu_fd_sc_mcu9t5v0__aoi211_2)
                                         _092942_ (net)
                  1.73    0.00  135.60 ^ _356714_/A2 (gf180mcu_fd_sc_mcu9t5v0__oai221_2)
     5    0.12    0.93    0.61  136.21 v _356714_/ZN (gf180mcu_fd_sc_mcu9t5v0__oai221_2)
                                         _092973_ (net)
                  0.93    0.00  136.21 v _357839_/A2 (gf180mcu_fd_sc_mcu9t5v0__aoi221_2)
     1    0.13    2.54    1.04  137.25 ^ _357839_/ZN (gf180mcu_fd_sc_mcu9t5v0__aoi221_2)
                                         _094202_ (net)
                  2.54    0.00  137.25 ^ _357840_/B (gf180mcu_fd_sc_mcu9t5v0__aoi21_2)
     1    0.01    0.60    0.11  137.36 v _357840_/ZN (gf180mcu_fd_sc_mcu9t5v0__aoi21_2)
                                         _000478_ (net)
                  0.60    0.00  137.36 v v_decode.v_rf_ctrl.stage_rf_wr_data.internal_data[143]$_DFFE_PN_/D (gf180mcu_fd_sc_mcu9t5v0__dffq_2)
                                137.36   data arrival time

                  0.00  100.00  100.00   clock clk (rise edge)
                          0.00  100.00   clock network delay (ideal)
                          0.00  100.00   clock reconvergence pessimism
                                100.00 ^ v_decode.v_rf_ctrl.stage_rf_wr_data.internal_data[143]$_DFFE_PN_/CLK (gf180mcu_fd_sc_mcu9t5v0__dffq_2)
                         -0.24   99.76   library setup time
                                 99.76   data required time
-----------------------------------------------------------------------------
                                 99.76   data required time
                               -137.36   data arrival time
-----------------------------------------------------------------------------
                                -37.60   slack (VIOLATED)



==========================================================================
global place report_power
--------------------------------------------------------------------------
Group                  Internal  Switching    Leakage      Total
                          Power      Power      Power      Power (Watts)
----------------------------------------------------------------
Sequential             4.54e-02   7.19e-03   2.89e-06   5.25e-02  10.7%
Combinational          3.96e-01   4.14e-02   3.88e-05   4.38e-01  89.3%
Clock                  0.00e+00   0.00e+00   2.71e-06   2.71e-06   0.0%
Macro                  0.00e+00   0.00e+00   0.00e+00   0.00e+00   0.0%
Pad                    0.00e+00   0.00e+00   0.00e+00   0.00e+00   0.0%
----------------------------------------------------------------
Total                  4.42e-01   4.85e-02   4.44e-05   4.90e-01 100.0%
                          90.1%       9.9%       0.0%
