
==========================================================================
global place report_tns
--------------------------------------------------------------------------
tns -344.23

==========================================================================
global place report_wns
--------------------------------------------------------------------------
wns -3.04

==========================================================================
global place report_worst_slack
--------------------------------------------------------------------------
worst slack -3.04

==========================================================================
global place report_checks -path_delay min
--------------------------------------------------------------------------
Startpoint: rst (input port clocked by clk)
Endpoint: v_decode.v_rf_ctrl.stage_mask_merge.internal_data[22]$_DFFE_PP0P_
          (removal check against rising-edge clock clk)
Path Group: asynchronous
Path Type: min

Fanout     Cap    Slew   Delay    Time   Description
-----------------------------------------------------------------------------
                  0.00    0.00    0.00   clock clk (rise edge)
                          0.00    0.00   clock network delay (ideal)
                          6.00    6.00 v input external delay
     1   27.30    0.00    0.00    6.00 v rst (in)
                                         rst (net)
                  0.01    0.01    6.01 v _212903_/A (INV_X1)
   144  367.05    0.79    0.84    6.85 ^ _212903_/ZN (INV_X1)
                                         _000823_ (net)
                  0.79    0.02    6.87 ^ v_decode.v_rf_ctrl.stage_mask_merge.internal_data[22]$_DFFE_PP0P_/RN (DFFR_X1)
                                  6.87   data arrival time

                  0.00    0.00    0.00   clock clk (rise edge)
                          0.00    0.00   clock network delay (ideal)
                          0.00    0.00   clock reconvergence pessimism
                                  0.00 ^ v_decode.v_rf_ctrl.stage_mask_merge.internal_data[22]$_DFFE_PP0P_/CK (DFFR_X1)
                          1.16    1.16   library removal time
                                  1.16   data required time
-----------------------------------------------------------------------------
                                  1.16   data required time
                                 -6.87   data arrival time
-----------------------------------------------------------------------------
                                  5.70   slack (MET)


Startpoint: v_decode.v_rf_ctrl.stage_rf_wr_data.internal_data[241]$_DFFE_PN_
            (rising edge-triggered flip-flop clocked by clk)
Endpoint: v_decode.v_rf_ctrl.stage_rf_wr_data.internal_data[241]$_DFFE_PN_
          (rising edge-triggered flip-flop clocked by clk)
Path Group: clk
Path Type: min

Fanout     Cap    Slew   Delay    Time   Description
-----------------------------------------------------------------------------
                  0.00    0.00    0.00   clock clk (rise edge)
                          0.00    0.00   clock network delay (ideal)
                  0.00    0.00    0.00 ^ v_decode.v_rf_ctrl.stage_rf_wr_data.internal_data[241]$_DFFE_PN_/CK (DFF_X1)
     2    2.59    0.01    0.08    0.08 v v_decode.v_rf_ctrl.stage_rf_wr_data.internal_data[241]$_DFFE_PN_/Q (DFF_X1)
                                         rf_wr_data_mem[113] (net)
                  0.01    0.00    0.08 v _406355_/A (INV_X1)
     1    1.76    0.01    0.01    0.09 ^ _406355_/ZN (INV_X1)
                                         _114897_ (net)
                  0.01    0.00    0.09 ^ _406356_/B1 (AOI21_X1)
     1    1.12    0.01    0.01    0.10 v _406356_/ZN (AOI21_X1)
                                         _001399_ (net)
                  0.01    0.00    0.10 v v_decode.v_rf_ctrl.stage_rf_wr_data.internal_data[241]$_DFFE_PN_/D (DFF_X1)
                                  0.10   data arrival time

                  0.00    0.00    0.00   clock clk (rise edge)
                          0.00    0.00   clock network delay (ideal)
                          0.00    0.00   clock reconvergence pessimism
                                  0.00 ^ v_decode.v_rf_ctrl.stage_rf_wr_data.internal_data[241]$_DFFE_PN_/CK (DFF_X1)
                          0.00    0.00   library hold time
                                  0.00   data required time
-----------------------------------------------------------------------------
                                  0.00   data required time
                                 -0.10   data arrival time
-----------------------------------------------------------------------------
                                  0.10   slack (MET)



==========================================================================
global place report_checks -path_delay max
--------------------------------------------------------------------------
Startpoint: rst (input port clocked by clk)
Endpoint: v_decode.v_rf_ctrl.stage_rf_wr_en.internal_data[46]$_DFFE_PP0P_
          (recovery check against rising-edge clock clk)
Path Group: asynchronous
Path Type: max

Fanout     Cap    Slew   Delay    Time   Description
-----------------------------------------------------------------------------
                  0.00    0.00    0.00   clock clk (rise edge)
                          0.00    0.00   clock network delay (ideal)
                          6.00    6.00 v input external delay
     1   27.30    0.00    0.00    6.00 v rst (in)
                                         rst (net)
                  0.01    0.01    6.01 v _212903_/A (INV_X1)
   144  367.05    0.79    0.84    6.85 ^ _212903_/ZN (INV_X1)
                                         _000823_ (net)
                  0.81    0.16    7.01 ^ v_decode.v_rf_ctrl.stage_rf_wr_en.internal_data[46]$_DFFE_PP0P_/RN (DFFR_X1)
                                  7.01   data arrival time

                  0.00   30.00   30.00   clock clk (rise edge)
                          0.00   30.00   clock network delay (ideal)
                          0.00   30.00   clock reconvergence pessimism
                                 30.00 ^ v_decode.v_rf_ctrl.stage_rf_wr_en.internal_data[46]$_DFFE_PP0P_/CK (DFFR_X1)
                         -0.13   29.87   library recovery time
                                 29.87   data required time
-----------------------------------------------------------------------------
                                 29.87   data required time
                                 -7.01   data arrival time
-----------------------------------------------------------------------------
                                 22.86   slack (MET)


Startpoint: v_decode.v_rf_ctrl.stage_rf_wr_addr.internal_data[15]$_DFFE_PN_
            (rising edge-triggered flip-flop clocked by clk)
Endpoint: v_decode.v_rf_ctrl.stage_rf_wr_data.internal_data[131]$_DFFE_PN_
          (rising edge-triggered flip-flop clocked by clk)
Path Group: clk
Path Type: max

Fanout     Cap    Slew   Delay    Time   Description
-----------------------------------------------------------------------------
                  0.00    0.00    0.00   clock clk (rise edge)
                          0.00    0.00   clock network delay (ideal)
                  0.00    0.00    0.00 ^ v_decode.v_rf_ctrl.stage_rf_wr_addr.internal_data[15]$_DFFE_PN_/CK (DFF_X1)
  2063 4797.97    9.74    9.59    9.59 ^ v_decode.v_rf_ctrl.stage_rf_wr_addr.internal_data[15]$_DFFE_PN_/Q (DFF_X1)
                                         rf_wr_addr_wb[0] (net)
                  9.75    0.31    9.90 ^ _214932_/A (XNOR2_X2)
     2    3.46    0.52    0.54   10.44 ^ _214932_/ZN (XNOR2_X2)
                                         _031326_ (net)
                  0.52    0.00   10.44 ^ _214934_/A2 (AND3_X2)
    16   53.83    0.06    0.17   10.61 ^ _214934_/ZN (AND3_X2)
                                         _031348_ (net)
                  0.06    0.00   10.61 ^ _214936_/B2 (AOI22_X1)
     1    3.06    0.03    0.04   10.65 v _214936_/ZN (AOI22_X1)
                                         _031370_ (net)
                  0.03    0.00   10.65 v _214942_/B1 (AOI22_X2)
   257  653.73    1.35    1.34   11.99 ^ _214942_/ZN (AOI22_X2)
                                         _031436_ (net)
                  1.36    0.09   12.08 ^ _229735_/B (XNOR2_X1)
     6   14.80    0.12    0.16   12.24 ^ _229735_/ZN (XNOR2_X1)
                                         _136456_ (net)
                  0.12    0.00   12.24 ^ _230370_/A2 (AND4_X1)
     3    8.67    0.03    0.11   12.34 ^ _230370_/ZN (AND4_X1)
                                         _137091_ (net)
                  0.03    0.00   12.34 ^ _230523_/B (OAI211_X2)
     2    3.11    0.07    0.03   12.37 v _230523_/ZN (OAI211_X2)
                                         _137244_ (net)
                  0.07    0.00   12.37 v _230524_/B1 (AOI21_X1)
     6   27.77    0.14    0.18   12.55 ^ _230524_/ZN (AOI21_X1)
                                         _137245_ (net)
                  0.14    0.00   12.55 ^ _231586_/A (OAI221_X1)
     1    3.51    0.03    0.06   12.62 v _231586_/ZN (OAI221_X1)
                                         _138307_ (net)
                  0.03    0.00   12.62 v _231587_/B2 (OAI21_X2)
    12   31.12    0.16    0.11   12.73 ^ _231587_/ZN (OAI21_X2)
                                         _138308_ (net)
                  0.16    0.01   12.74 ^ _231722_/A1 (NAND4_X2)
     7   17.04    0.06    0.09   12.83 v _231722_/ZN (NAND4_X2)
                                         _138443_ (net)
                  0.06    0.00   12.83 v _232035_/B1 (AOI21_X2)
     6   15.60    0.05    0.08   12.91 ^ _232035_/ZN (AOI21_X2)
                                         _138756_ (net)
                  0.05    0.00   12.91 ^ _245052_/B2 (AOI21_X2)
    25   67.07    0.06    0.09   13.00 v _245052_/ZN (AOI21_X2)
                                         _151773_ (net)
                  0.06    0.01   13.01 v _245069_/B1 (OAI33_X1)
    39   76.57    0.60    0.66   13.67 ^ _245069_/ZN (OAI33_X1)
                                         _151790_ (net)
                  0.60    0.01   13.68 ^ _247797_/A1 (AND3_X1)
     6   13.30    0.04    0.16   13.84 ^ _247797_/ZN (AND3_X1)
                                         _154518_ (net)
                  0.04    0.00   13.84 ^ _247800_/C1 (OAI211_X2)
    17   33.09    0.08    0.08   13.91 v _247800_/ZN (OAI211_X2)
                                         _154521_ (net)
                  0.08    0.00   13.92 v _248058_/A1 (NOR4_X2)
     6   17.92    0.11    0.16   14.07 ^ _248058_/ZN (NOR4_X2)
                                         _154779_ (net)
                  0.11    0.00   14.07 ^ _251736_/C2 (OAI211_X2)
     6   20.21    0.05    0.08   14.15 v _251736_/ZN (OAI211_X2)
                                         _158457_ (net)
                  0.05    0.00   14.15 v _253080_/B3 (OAI33_X1)
    63  174.61    1.32    1.45   15.60 ^ _253080_/ZN (OAI33_X1)
                                         _159801_ (net)
                  1.32    0.03   15.63 ^ _272245_/A1 (AND4_X2)
    18   46.03    0.07    0.32   15.95 ^ _272245_/ZN (AND4_X2)
                                         _178966_ (net)
                  0.07    0.00   15.95 ^ _272732_/B1 (AOI21_X4)
    26   55.66    0.05    0.06   16.01 v _272732_/ZN (AOI21_X4)
                                         _179453_ (net)
                  0.05    0.00   16.01 v _273037_/A1 (NOR4_X2)
     7   29.30    0.16    0.20   16.21 ^ _273037_/ZN (NOR4_X2)
                                         _179758_ (net)
                  0.16    0.00   16.21 ^ _273043_/A1 (AND4_X1)
    24   47.13    0.11    0.20   16.42 ^ _273043_/ZN (AND4_X1)
                                         _179764_ (net)
                  0.11    0.00   16.42 ^ _273045_/C1 (OAI221_X1)
    27   60.53    0.20    0.25   16.67 v _273045_/ZN (OAI221_X1)
                                         _179766_ (net)
                  0.20    0.00   16.67 v _273617_/B2 (OAI33_X1)
    48   90.93    0.71    0.89   17.56 ^ _273617_/ZN (OAI33_X1)
                                         _180338_ (net)
                  0.71    0.01   17.57 ^ _277197_/A2 (AND4_X1)
    34   93.96    0.21    0.40   17.97 ^ _277197_/ZN (AND4_X1)
                                         _183918_ (net)
                  0.21    0.01   17.98 ^ _277671_/C2 (OAI211_X2)
    13   29.06    0.15    0.12   18.10 v _277671_/ZN (OAI211_X2)
                                         _184392_ (net)
                  0.15    0.00   18.10 v _277882_/B2 (AOI221_X1)
   178  431.92    2.98    3.49   21.59 ^ _277882_/ZN (AOI221_X1)
                                         _184603_ (net)
                  2.99    0.09   21.69 ^ _277901_/A1 (NOR2_X1)
    39  130.86    1.83    2.78   24.46 v _277901_/ZN (NOR2_X1)
                                         _184622_ (net)
                  1.83    0.03   24.50 v _279754_/A1 (NAND2_X1)
     8   47.36    0.42    1.02   25.52 ^ _279754_/ZN (NAND2_X1)
                                         _186475_ (net)
                  0.42    0.02   25.54 ^ _280281_/A3 (OAI33_X1)
     2    4.09    0.09    0.07   25.61 v _280281_/ZN (OAI33_X1)
                                         _187002_ (net)
                  0.09    0.00   25.61 v _280311_/A (XOR2_X1)
     2    2.88    0.03    0.09   25.70 v _280311_/Z (XOR2_X1)
                                         _187032_ (net)
                  0.03    0.00   25.70 v _280314_/A2 (AND3_X1)
     2    3.26    0.01    0.05   25.74 v _280314_/ZN (AND3_X1)
                                         _187035_ (net)
                  0.01    0.00   25.74 v _280338_/A2 (OAI33_X1)
     3    7.01    0.10    0.09   25.84 ^ _280338_/ZN (OAI33_X1)
                                         _187059_ (net)
                  0.10    0.00   25.84 ^ _280369_/A (OAI221_X1)
     3    5.79    0.04    0.07   25.91 v _280369_/ZN (OAI221_X1)
                                         _187090_ (net)
                  0.04    0.00   25.91 v _281148_/A2 (AOI22_X1)
     2    5.43    0.04    0.07   25.97 ^ _281148_/ZN (AOI22_X1)
                                         _187869_ (net)
                  0.04    0.00   25.98 ^ _281151_/A3 (NOR3_X1)
     1    1.42    0.01    0.02   25.99 v _281151_/ZN (NOR3_X1)
                                         _187872_ (net)
                  0.01    0.00   25.99 v _281239_/B1 (OAI33_X1)
     6   12.47    0.14    0.15   26.14 ^ _281239_/ZN (OAI33_X1)
                                         _187960_ (net)
                  0.14    0.00   26.14 ^ _281243_/B2 (OAI21_X1)
     2    3.98    0.04    0.04   26.18 v _281243_/ZN (OAI21_X1)
                                         _187964_ (net)
                  0.04    0.00   26.18 v _281244_/B2 (AOI21_X2)
     4    9.09    0.03    0.06   26.24 ^ _281244_/ZN (AOI21_X2)
                                         _187965_ (net)
                  0.03    0.00   26.24 ^ _281249_/B1 (OAI21_X1)
     6    9.91    0.03    0.04   26.28 v _281249_/ZN (OAI21_X1)
                                         _187970_ (net)
                  0.03    0.00   26.28 v _281272_/A3 (AND3_X1)
     1    1.48    0.01    0.04   26.33 v _281272_/ZN (AND3_X1)
                                         _187993_ (net)
                  0.01    0.00   26.33 v _281276_/A2 (NOR4_X1)
     2    2.74    0.05    0.07   26.40 ^ _281276_/ZN (NOR4_X1)
                                         _187997_ (net)
                  0.05    0.00   26.40 ^ _281285_/A2 (AND3_X1)
     4    6.16    0.02    0.07   26.47 ^ _281285_/ZN (AND3_X1)
                                         _188006_ (net)
                  0.02    0.00   26.47 ^ _282052_/A2 (OR3_X1)
     9   16.29    0.04    0.07   26.54 ^ _282052_/ZN (OR3_X1)
                                         _188773_ (net)
                  0.04    0.00   26.54 ^ _282182_/B1 (AOI22_X1)
     1    1.51    0.02    0.03   26.56 v _282182_/ZN (AOI22_X1)
                                         _188903_ (net)
                  0.02    0.00   26.56 v _282184_/B2 (OAI33_X1)
     1    2.84    0.07    0.09   26.65 ^ _282184_/ZN (OAI33_X1)
                                         _188905_ (net)
                  0.07    0.00   26.65 ^ _282189_/A (XNOR2_X1)
     3    3.87    0.03    0.06   26.71 ^ _282189_/ZN (XNOR2_X1)
                                         _188910_ (net)
                  0.03    0.00   26.71 ^ _282194_/A2 (AND2_X1)
     5    9.13    0.02    0.06   26.77 ^ _282194_/ZN (AND2_X1)
                                         _188915_ (net)
                  0.02    0.00   26.77 ^ _282572_/A (INV_X1)
     4    6.68    0.01    0.02   26.79 v _282572_/ZN (INV_X1)
                                         _189293_ (net)
                  0.01    0.00   26.79 v _282786_/A1 (NAND3_X1)
     1    2.13    0.01    0.02   26.80 ^ _282786_/ZN (NAND3_X1)
                                         _189507_ (net)
                  0.01    0.00   26.80 ^ _282787_/A (OAI21_X1)
     1    1.79    0.01    0.02   26.82 v _282787_/ZN (OAI21_X1)
                                         _189508_ (net)
                  0.01    0.00   26.82 v _282788_/B1 (AOI22_X1)
     6   12.33    0.07    0.10   26.92 ^ _282788_/ZN (AOI22_X1)
                                         _189509_ (net)
                  0.07    0.00   26.92 ^ _283171_/B (XNOR2_X1)
     2    5.24    0.04    0.06   26.98 ^ _283171_/ZN (XNOR2_X1)
                                         _189892_ (net)
                  0.04    0.00   26.98 ^ _283172_/B (XOR2_X1)
     4   23.70    0.12    0.16   27.14 ^ _283172_/Z (XOR2_X1)
                                         _189893_ (net)
                  0.12    0.01   27.15 ^ _283173_/B2 (AOI21_X1)
     1    1.57    0.02    0.02   27.17 v _283173_/ZN (AOI21_X1)
                                         _189894_ (net)
                  0.02    0.00   27.17 v _283175_/B1 (OAI21_X1)
     2   18.63    0.09    0.11   27.29 ^ _283175_/ZN (OAI21_X1)
                                         _189896_ (net)
                  0.09    0.01   27.29 ^ _283176_/B2 (AOI22_X1)
     2    3.42    0.03    0.04   27.33 v _283176_/ZN (AOI22_X1)
                                         _189897_ (net)
                  0.03    0.00   27.33 v _283177_/B3 (OAI33_X1)
     4    8.24    0.11    0.14   27.47 ^ _283177_/ZN (OAI33_X1)
                                         _189898_ (net)
                  0.11    0.00   27.47 ^ _283189_/B1 (AOI21_X1)
     1    1.85    0.03    0.02   27.49 v _283189_/ZN (AOI21_X1)
                                         _189910_ (net)
                  0.03    0.00   27.49 v _283196_/B1 (OAI21_X1)
     2    3.79    0.03    0.04   27.54 ^ _283196_/ZN (OAI21_X1)
                                         _189917_ (net)
                  0.03    0.00   27.54 ^ _317655_/B2 (AOI21_X1)
     1    3.27    0.02    0.02   27.56 v _317655_/ZN (AOI21_X1)
                                         _017777_ (net)
                  0.02    0.00   27.56 v _317657_/B1 (OAI21_X1)
     4   20.96    0.10    0.12   27.69 ^ _317657_/ZN (OAI21_X1)
                                         _017779_ (net)
                  0.10    0.01   27.69 ^ _324098_/B2 (AOI21_X1)
     2    4.22    0.02    0.03   27.73 v _324098_/ZN (AOI21_X1)
                                         _024853_ (net)
                  0.02    0.00   27.73 v _326242_/B2 (OAI21_X1)
     3   10.11    0.06    0.08   27.81 ^ _326242_/ZN (OAI21_X1)
                                         _027207_ (net)
                  0.06    0.00   27.81 ^ _328661_/C2 (AOI221_X1)
     1    1.89    0.02    0.02   27.83 v _328661_/ZN (AOI221_X1)
                                         _029855_ (net)
                  0.02    0.00   27.83 v _328662_/B2 (OAI21_X1)
     2    5.20    0.03    0.05   27.88 ^ _328662_/ZN (OAI21_X1)
                                         _029857_ (net)
                  0.03    0.00   27.88 ^ _328670_/A1 (NAND2_X1)
    10   18.70    0.04    0.06   27.94 v _328670_/ZN (NAND2_X1)
                                         _029865_ (net)
                  0.04    0.00   27.94 v _332925_/B2 (OAI221_X1)
     2    7.16    0.06    0.09   28.03 ^ _332925_/ZN (OAI221_X1)
                                         _034470_ (net)
                  0.06    0.00   28.03 ^ _345876_/B1 (AOI221_X1)
     2    4.50    0.03    0.04   28.08 v _345876_/ZN (AOI221_X1)
                                         _048648_ (net)
                  0.03    0.00   28.08 v _345983_/A2 (NOR2_X1)
     2    4.13    0.03    0.05   28.13 ^ _345983_/ZN (NOR2_X1)
                                         _048765_ (net)
                  0.03    0.00   28.13 ^ _345991_/A (XNOR2_X1)
     3   11.96    0.03    0.04   28.17 v _345991_/ZN (XNOR2_X1)
                                         _048773_ (net)
                  0.03    0.00   28.17 v _345992_/A (INV_X1)
     4    6.83    0.02    0.03   28.20 ^ _345992_/ZN (INV_X1)
                                         _048775_ (net)
                  0.02    0.00   28.20 ^ _345993_/A1 (NAND2_X1)
     3    4.66    0.02    0.02   28.23 v _345993_/ZN (NAND2_X1)
                                         _048776_ (net)
                  0.02    0.00   28.23 v _345994_/A3 (OR3_X1)
     2    5.00    0.02    0.09   28.32 v _345994_/ZN (OR3_X1)
                                         _048777_ (net)
                  0.02    0.00   28.32 v _346016_/A3 (NOR4_X2)
     7   13.22    0.09    0.13   28.45 ^ _346016_/ZN (NOR4_X2)
                                         _048801_ (net)
                  0.09    0.00   28.45 ^ _346017_/A2 (NAND2_X1)
     3    5.48    0.03    0.04   28.49 v _346017_/ZN (NAND2_X1)
                                         _048802_ (net)
                  0.03    0.00   28.49 v _346020_/A1 (NOR2_X1)
     5   15.83    0.08    0.10   28.59 ^ _346020_/ZN (NOR2_X1)
                                         _048805_ (net)
                  0.08    0.00   28.59 ^ _346036_/A1 (NAND4_X2)
     6    9.03    0.04    0.06   28.65 v _346036_/ZN (NAND4_X2)
                                         _048823_ (net)
                  0.04    0.00   28.65 v _346046_/A1 (OR3_X1)
     4    8.60    0.02    0.09   28.74 v _346046_/ZN (OR3_X1)
                                         _048834_ (net)
                  0.02    0.00   28.74 v _346047_/A2 (NOR2_X2)
     5   11.42    0.03    0.05   28.80 ^ _346047_/ZN (NOR2_X2)
                                         _048835_ (net)
                  0.03    0.00   28.80 ^ _346062_/B (OAI211_X2)
     6   15.22    0.03    0.05   28.85 v _346062_/ZN (OAI211_X2)
                                         _048852_ (net)
                  0.03    0.00   28.85 v _346205_/A1 (NOR2_X1)
     2    4.29    0.03    0.05   28.89 ^ _346205_/ZN (NOR2_X1)
                                         _049009_ (net)
                  0.03    0.00   28.89 ^ _346209_/A (XOR2_X1)
     3    5.96    0.04    0.07   28.97 ^ _346209_/Z (XOR2_X1)
                                         _049013_ (net)
                  0.04    0.00   28.97 ^ _346210_/B (XOR2_X1)
     2    4.42    0.03    0.07   29.03 ^ _346210_/Z (XOR2_X1)
                                         _049014_ (net)
                  0.03    0.00   29.03 ^ _346388_/A (OAI21_X1)
     2    5.98    0.02    0.03   29.07 v _346388_/ZN (OAI21_X1)
                                         _049209_ (net)
                  0.02    0.00   29.07 v _346747_/A2 (AND2_X1)
     1    2.79    0.01    0.04   29.10 v _346747_/ZN (AND2_X1)
                                         _049603_ (net)
                  0.01    0.00   29.10 v _346749_/A1 (OR2_X4)
     3    7.47    0.01    0.04   29.15 v _346749_/ZN (OR2_X4)
                                         _049605_ (net)
                  0.01    0.00   29.15 v _346750_/A4 (NOR4_X1)
     1    3.58    0.06    0.10   29.24 ^ _346750_/ZN (NOR4_X1)
                                         _049606_ (net)
                  0.06    0.00   29.24 ^ _346754_/A (AOI221_X2)
     1    4.09    0.02    0.02   29.27 v _346754_/ZN (AOI221_X2)
                                         _049611_ (net)
                  0.02    0.00   29.27 v _346756_/A (XNOR2_X2)
     8   24.64    0.07    0.09   29.35 ^ _346756_/ZN (XNOR2_X2)
                                         _049613_ (net)
                  0.07    0.00   29.36 ^ _355094_/A (INV_X4)
     5   13.10    0.02    0.02   29.37 v _355094_/ZN (INV_X4)
                                         _058762_ (net)
                  0.02    0.00   29.37 v _355095_/A3 (OR3_X1)
     3    4.32    0.02    0.09   29.46 v _355095_/ZN (OR3_X1)
                                         _058763_ (net)
                  0.02    0.00   29.46 v _355096_/A2 (OR2_X1)
     1    1.58    0.01    0.05   29.51 v _355096_/ZN (OR2_X1)
                                         _058764_ (net)
                  0.01    0.00   29.51 v _355097_/B2 (AOI22_X1)
     1    1.34    0.02    0.04   29.56 ^ _355097_/ZN (AOI22_X1)
                                         _058765_ (net)
                  0.02    0.00   29.56 ^ _355427_/A (MUX2_X1)
     1    2.65    0.01    0.04   29.60 ^ _355427_/Z (MUX2_X1)
                                         _059128_ (net)
                  0.01    0.00   29.60 ^ _355772_/A2 (AOI22_X1)
     2    3.13    0.04    0.02   29.62 v _355772_/ZN (AOI22_X1)
                                         _059507_ (net)
                  0.04    0.00   29.62 v _355774_/A2 (NOR2_X1)
     1    1.68    0.02    0.04   29.66 ^ _355774_/ZN (NOR2_X1)
                                         _059509_ (net)
                  0.02    0.00   29.66 ^ _356104_/B1 (OAI21_X1)
     1    2.46    0.02    0.02   29.68 v _356104_/ZN (OAI21_X1)
                                         _059871_ (net)
                  0.02    0.00   29.68 v _356600_/A (XNOR2_X1)
     6   20.30    0.10    0.12   29.80 ^ _356600_/ZN (XNOR2_X1)
                                         _060414_ (net)
                  0.10    0.00   29.80 ^ _357622_/A1 (AND2_X1)
     3    5.77    0.02    0.06   29.86 ^ _357622_/ZN (AND2_X1)
                                         _061537_ (net)
                  0.02    0.00   29.86 ^ _378823_/A2 (AND4_X1)
    10   23.24    0.06    0.11   29.98 ^ _378823_/ZN (AND4_X1)
                                         _084799_ (net)
                  0.06    0.00   29.98 ^ _378839_/A3 (NAND4_X2)
     6   17.64    0.05    0.07   30.05 v _378839_/ZN (NAND4_X2)
                                         _084816_ (net)
                  0.05    0.00   30.05 v _378852_/A3 (NOR4_X4)
     5   11.80    0.05    0.10   30.15 ^ _378852_/ZN (NOR4_X4)
                                         _084831_ (net)
                  0.05    0.00   30.15 ^ _378853_/A3 (NAND3_X1)
     6   18.70    0.06    0.08   30.23 v _378853_/ZN (NAND3_X1)
                                         _084832_ (net)
                  0.06    0.00   30.24 v _378898_/A1 (NOR4_X4)
     3    9.31    0.05    0.08   30.31 ^ _378898_/ZN (NOR4_X4)
                                         _084881_ (net)
                  0.05    0.00   30.31 ^ _378914_/A3 (NAND4_X1)
     3   10.65    0.05    0.07   30.39 v _378914_/ZN (NAND4_X1)
                                         _084899_ (net)
                  0.05    0.00   30.39 v _378915_/A4 (NOR4_X2)
     6   24.29    0.14    0.20   30.59 ^ _378915_/ZN (NOR4_X2)
                                         _084900_ (net)
                  0.14    0.00   30.59 ^ _379065_/A1 (AND3_X1)
     4    7.04    0.02    0.09   30.68 ^ _379065_/ZN (AND3_X1)
                                         _085065_ (net)
                  0.02    0.00   30.68 ^ _380487_/C2 (AOI221_X1)
     1    0.98    0.02    0.02   30.69 v _380487_/ZN (AOI221_X1)
                                         _086624_ (net)
                  0.02    0.00   30.69 v _380489_/A1 (OR2_X1)
     2    3.40    0.01    0.05   30.75 v _380489_/ZN (OR2_X1)
                                         _086626_ (net)
                  0.01    0.00   30.75 v _380490_/A2 (NOR2_X1)
     1    2.41    0.02    0.03   30.78 ^ _380490_/ZN (NOR2_X1)
                                         _086627_ (net)
                  0.02    0.00   30.78 ^ _380511_/A (XNOR2_X1)
     2   22.74    0.11    0.09   30.87 ^ _380511_/ZN (XNOR2_X1)
                                         _086650_ (net)
                  0.11    0.01   30.88 ^ _380512_/B (XOR2_X1)
     5    8.19    0.05    0.09   30.97 ^ _380512_/Z (XOR2_X1)
                                         _086652_ (net)
                  0.05    0.00   30.97 ^ _380515_/A (INV_X1)
     2    2.36    0.01    0.01   30.98 v _380515_/ZN (INV_X1)
                                         _086655_ (net)
                  0.01    0.00   30.98 v _380518_/A1 (OR3_X1)
     1    1.58    0.01    0.07   31.05 v _380518_/ZN (OR3_X1)
                                         _086658_ (net)
                  0.01    0.00   31.05 v _380519_/A (OAI21_X1)
     1    1.79    0.02    0.02   31.07 ^ _380519_/ZN (OAI21_X1)
                                         _086659_ (net)
                  0.02    0.00   31.07 ^ _380520_/C2 (AOI221_X1)
     1    1.67    0.51    0.02   31.09 v _380520_/ZN (AOI221_X1)
                                         _086660_ (net)
                  0.51    0.00   31.09 v _380523_/A (OAI21_X1)
     1   27.04    0.18    0.30   31.39 ^ _380523_/ZN (OAI21_X1)
                                         _086664_ (net)
                  0.18    0.01   31.40 ^ _380524_/B (XNOR2_X1)
     3    6.75    0.05    0.05   31.46 v _380524_/ZN (XNOR2_X1)
                                         _086665_ (net)
                  0.05    0.00   31.46 v _380525_/A4 (NOR4_X1)
     1    3.63    0.32    0.11   31.57 ^ _380525_/ZN (NOR4_X1)
                                         _086666_ (net)
                  0.32    0.00   31.57 ^ _380526_/B2 (AOI21_X2)
     5   22.03    0.06    0.07   31.64 v _380526_/ZN (AOI21_X2)
                                         _086667_ (net)
                  0.06    0.01   31.65 v _388277_/A1 (NOR4_X1)
     3    5.03    0.07    0.11   31.75 ^ _388277_/ZN (NOR4_X1)
                                         _095173_ (net)
                  0.07    0.00   31.75 ^ _388318_/A1 (AND4_X1)
     2   22.73    0.05    0.12   31.88 ^ _388318_/ZN (AND4_X1)
                                         _095218_ (net)
                  0.05    0.01   31.89 ^ _388327_/B1 (AOI21_X4)
    11   31.74    0.06    0.04   31.93 v _388327_/ZN (AOI21_X4)
                                         _095228_ (net)
                  0.06    0.00   31.93 v _393970_/A1 (NOR4_X2)
     7   24.84    0.14    0.18   32.11 ^ _393970_/ZN (NOR4_X2)
                                         _101419_ (net)
                  0.14    0.00   32.11 ^ _397426_/C2 (OAI211_X4)
     6   13.96    0.04    0.05   32.17 v _397426_/ZN (OAI211_X4)
                                         _105212_ (net)
                  0.04    0.00   32.17 v _400243_/A1 (OR3_X2)
     2    3.18    0.01    0.07   32.24 v _400243_/ZN (OR3_X2)
                                         _108300_ (net)
                  0.01    0.00   32.24 v _400244_/A2 (AND2_X2)
     3    7.89    0.01    0.04   32.28 v _400244_/ZN (AND2_X2)
                                         _108301_ (net)
                  0.01    0.00   32.28 v _400248_/A (MUX2_X2)
     1    1.61    0.06    0.05   32.33 v _400248_/Z (MUX2_X2)
                                         _108305_ (net)
                  0.06    0.00   32.33 v _400250_/B1 (AOI221_X4)
     1    6.60    0.01    0.13   32.46 ^ _400250_/ZN (AOI221_X4)
                                         _108307_ (net)
                  0.01    0.00   32.46 ^ _400269_/A (OAI21_X4)
     2    8.61    0.09    0.02   32.48 v _400269_/ZN (OAI21_X4)
                                         _108328_ (net)
                  0.09    0.00   32.48 v _400353_/B2 (AOI221_X4)
     1    1.70    0.01    0.15   32.63 ^ _400353_/ZN (AOI221_X4)
                                         _108421_ (net)
                  0.01    0.00   32.63 ^ _400441_/A (OAI221_X4)
     1    2.77    0.01    0.07   32.70 v _400441_/ZN (OAI221_X4)
                                         _108517_ (net)
                  0.01    0.00   32.70 v _400604_/A (AOI221_X1)
     1   20.85    0.18    0.22   32.91 ^ _400604_/ZN (AOI221_X1)
                                         _108696_ (net)
                  0.18    0.01   32.92 ^ _400606_/A (AOI21_X1)
     1    1.16    0.20    0.01   32.94 v _400606_/ZN (AOI21_X1)
                                         _001289_ (net)
                  0.20    0.00   32.94 v v_decode.v_rf_ctrl.stage_rf_wr_data.internal_data[131]$_DFFE_PN_/D (DFF_X1)
                                 32.94   data arrival time

                  0.00   30.00   30.00   clock clk (rise edge)
                          0.00   30.00   clock network delay (ideal)
                          0.00   30.00   clock reconvergence pessimism
                                 30.00 ^ v_decode.v_rf_ctrl.stage_rf_wr_data.internal_data[131]$_DFFE_PN_/CK (DFF_X1)
                         -0.10   29.90   library setup time
                                 29.90   data required time
-----------------------------------------------------------------------------
                                 29.90   data required time
                                -32.94   data arrival time
-----------------------------------------------------------------------------
                                 -3.04   slack (VIOLATED)



==========================================================================
global place report_checks -unconstrained
--------------------------------------------------------------------------
Startpoint: rst (input port clocked by clk)
Endpoint: v_decode.v_rf_ctrl.stage_rf_wr_en.internal_data[46]$_DFFE_PP0P_
          (recovery check against rising-edge clock clk)
Path Group: asynchronous
Path Type: max

Fanout     Cap    Slew   Delay    Time   Description
-----------------------------------------------------------------------------
                  0.00    0.00    0.00   clock clk (rise edge)
                          0.00    0.00   clock network delay (ideal)
                          6.00    6.00 v input external delay
     1   27.30    0.00    0.00    6.00 v rst (in)
                                         rst (net)
                  0.01    0.01    6.01 v _212903_/A (INV_X1)
   144  367.05    0.79    0.84    6.85 ^ _212903_/ZN (INV_X1)
                                         _000823_ (net)
                  0.81    0.16    7.01 ^ v_decode.v_rf_ctrl.stage_rf_wr_en.internal_data[46]$_DFFE_PP0P_/RN (DFFR_X1)
                                  7.01   data arrival time

                  0.00   30.00   30.00   clock clk (rise edge)
                          0.00   30.00   clock network delay (ideal)
                          0.00   30.00   clock reconvergence pessimism
                                 30.00 ^ v_decode.v_rf_ctrl.stage_rf_wr_en.internal_data[46]$_DFFE_PP0P_/CK (DFFR_X1)
                         -0.13   29.87   library recovery time
                                 29.87   data required time
-----------------------------------------------------------------------------
                                 29.87   data required time
                                 -7.01   data arrival time
-----------------------------------------------------------------------------
                                 22.86   slack (MET)


Startpoint: v_decode.v_rf_ctrl.stage_rf_wr_addr.internal_data[15]$_DFFE_PN_
            (rising edge-triggered flip-flop clocked by clk)
Endpoint: v_decode.v_rf_ctrl.stage_rf_wr_data.internal_data[131]$_DFFE_PN_
          (rising edge-triggered flip-flop clocked by clk)
Path Group: clk
Path Type: max

Fanout     Cap    Slew   Delay    Time   Description
-----------------------------------------------------------------------------
                  0.00    0.00    0.00   clock clk (rise edge)
                          0.00    0.00   clock network delay (ideal)
                  0.00    0.00    0.00 ^ v_decode.v_rf_ctrl.stage_rf_wr_addr.internal_data[15]$_DFFE_PN_/CK (DFF_X1)
  2063 4797.97    9.74    9.59    9.59 ^ v_decode.v_rf_ctrl.stage_rf_wr_addr.internal_data[15]$_DFFE_PN_/Q (DFF_X1)
                                         rf_wr_addr_wb[0] (net)
                  9.75    0.31    9.90 ^ _214932_/A (XNOR2_X2)
     2    3.46    0.52    0.54   10.44 ^ _214932_/ZN (XNOR2_X2)
                                         _031326_ (net)
                  0.52    0.00   10.44 ^ _214934_/A2 (AND3_X2)
    16   53.83    0.06    0.17   10.61 ^ _214934_/ZN (AND3_X2)
                                         _031348_ (net)
                  0.06    0.00   10.61 ^ _214936_/B2 (AOI22_X1)
     1    3.06    0.03    0.04   10.65 v _214936_/ZN (AOI22_X1)
                                         _031370_ (net)
                  0.03    0.00   10.65 v _214942_/B1 (AOI22_X2)
   257  653.73    1.35    1.34   11.99 ^ _214942_/ZN (AOI22_X2)
                                         _031436_ (net)
                  1.36    0.09   12.08 ^ _229735_/B (XNOR2_X1)
     6   14.80    0.12    0.16   12.24 ^ _229735_/ZN (XNOR2_X1)
                                         _136456_ (net)
                  0.12    0.00   12.24 ^ _230370_/A2 (AND4_X1)
     3    8.67    0.03    0.11   12.34 ^ _230370_/ZN (AND4_X1)
                                         _137091_ (net)
                  0.03    0.00   12.34 ^ _230523_/B (OAI211_X2)
     2    3.11    0.07    0.03   12.37 v _230523_/ZN (OAI211_X2)
                                         _137244_ (net)
                  0.07    0.00   12.37 v _230524_/B1 (AOI21_X1)
     6   27.77    0.14    0.18   12.55 ^ _230524_/ZN (AOI21_X1)
                                         _137245_ (net)
                  0.14    0.00   12.55 ^ _231586_/A (OAI221_X1)
     1    3.51    0.03    0.06   12.62 v _231586_/ZN (OAI221_X1)
                                         _138307_ (net)
                  0.03    0.00   12.62 v _231587_/B2 (OAI21_X2)
    12   31.12    0.16    0.11   12.73 ^ _231587_/ZN (OAI21_X2)
                                         _138308_ (net)
                  0.16    0.01   12.74 ^ _231722_/A1 (NAND4_X2)
     7   17.04    0.06    0.09   12.83 v _231722_/ZN (NAND4_X2)
                                         _138443_ (net)
                  0.06    0.00   12.83 v _232035_/B1 (AOI21_X2)
     6   15.60    0.05    0.08   12.91 ^ _232035_/ZN (AOI21_X2)
                                         _138756_ (net)
                  0.05    0.00   12.91 ^ _245052_/B2 (AOI21_X2)
    25   67.07    0.06    0.09   13.00 v _245052_/ZN (AOI21_X2)
                                         _151773_ (net)
                  0.06    0.01   13.01 v _245069_/B1 (OAI33_X1)
    39   76.57    0.60    0.66   13.67 ^ _245069_/ZN (OAI33_X1)
                                         _151790_ (net)
                  0.60    0.01   13.68 ^ _247797_/A1 (AND3_X1)
     6   13.30    0.04    0.16   13.84 ^ _247797_/ZN (AND3_X1)
                                         _154518_ (net)
                  0.04    0.00   13.84 ^ _247800_/C1 (OAI211_X2)
    17   33.09    0.08    0.08   13.91 v _247800_/ZN (OAI211_X2)
                                         _154521_ (net)
                  0.08    0.00   13.92 v _248058_/A1 (NOR4_X2)
     6   17.92    0.11    0.16   14.07 ^ _248058_/ZN (NOR4_X2)
                                         _154779_ (net)
                  0.11    0.00   14.07 ^ _251736_/C2 (OAI211_X2)
     6   20.21    0.05    0.08   14.15 v _251736_/ZN (OAI211_X2)
                                         _158457_ (net)
                  0.05    0.00   14.15 v _253080_/B3 (OAI33_X1)
    63  174.61    1.32    1.45   15.60 ^ _253080_/ZN (OAI33_X1)
                                         _159801_ (net)
                  1.32    0.03   15.63 ^ _272245_/A1 (AND4_X2)
    18   46.03    0.07    0.32   15.95 ^ _272245_/ZN (AND4_X2)
                                         _178966_ (net)
                  0.07    0.00   15.95 ^ _272732_/B1 (AOI21_X4)
    26   55.66    0.05    0.06   16.01 v _272732_/ZN (AOI21_X4)
                                         _179453_ (net)
                  0.05    0.00   16.01 v _273037_/A1 (NOR4_X2)
     7   29.30    0.16    0.20   16.21 ^ _273037_/ZN (NOR4_X2)
                                         _179758_ (net)
                  0.16    0.00   16.21 ^ _273043_/A1 (AND4_X1)
    24   47.13    0.11    0.20   16.42 ^ _273043_/ZN (AND4_X1)
                                         _179764_ (net)
                  0.11    0.00   16.42 ^ _273045_/C1 (OAI221_X1)
    27   60.53    0.20    0.25   16.67 v _273045_/ZN (OAI221_X1)
                                         _179766_ (net)
                  0.20    0.00   16.67 v _273617_/B2 (OAI33_X1)
    48   90.93    0.71    0.89   17.56 ^ _273617_/ZN (OAI33_X1)
                                         _180338_ (net)
                  0.71    0.01   17.57 ^ _277197_/A2 (AND4_X1)
    34   93.96    0.21    0.40   17.97 ^ _277197_/ZN (AND4_X1)
                                         _183918_ (net)
                  0.21    0.01   17.98 ^ _277671_/C2 (OAI211_X2)
    13   29.06    0.15    0.12   18.10 v _277671_/ZN (OAI211_X2)
                                         _184392_ (net)
                  0.15    0.00   18.10 v _277882_/B2 (AOI221_X1)
   178  431.92    2.98    3.49   21.59 ^ _277882_/ZN (AOI221_X1)
                                         _184603_ (net)
                  2.99    0.09   21.69 ^ _277901_/A1 (NOR2_X1)
    39  130.86    1.83    2.78   24.46 v _277901_/ZN (NOR2_X1)
                                         _184622_ (net)
                  1.83    0.03   24.50 v _279754_/A1 (NAND2_X1)
     8   47.36    0.42    1.02   25.52 ^ _279754_/ZN (NAND2_X1)
                                         _186475_ (net)
                  0.42    0.02   25.54 ^ _280281_/A3 (OAI33_X1)
     2    4.09    0.09    0.07   25.61 v _280281_/ZN (OAI33_X1)
                                         _187002_ (net)
                  0.09    0.00   25.61 v _280311_/A (XOR2_X1)
     2    2.88    0.03    0.09   25.70 v _280311_/Z (XOR2_X1)
                                         _187032_ (net)
                  0.03    0.00   25.70 v _280314_/A2 (AND3_X1)
     2    3.26    0.01    0.05   25.74 v _280314_/ZN (AND3_X1)
                                         _187035_ (net)
                  0.01    0.00   25.74 v _280338_/A2 (OAI33_X1)
     3    7.01    0.10    0.09   25.84 ^ _280338_/ZN (OAI33_X1)
                                         _187059_ (net)
                  0.10    0.00   25.84 ^ _280369_/A (OAI221_X1)
     3    5.79    0.04    0.07   25.91 v _280369_/ZN (OAI221_X1)
                                         _187090_ (net)
                  0.04    0.00   25.91 v _281148_/A2 (AOI22_X1)
     2    5.43    0.04    0.07   25.97 ^ _281148_/ZN (AOI22_X1)
                                         _187869_ (net)
                  0.04    0.00   25.98 ^ _281151_/A3 (NOR3_X1)
     1    1.42    0.01    0.02   25.99 v _281151_/ZN (NOR3_X1)
                                         _187872_ (net)
                  0.01    0.00   25.99 v _281239_/B1 (OAI33_X1)
     6   12.47    0.14    0.15   26.14 ^ _281239_/ZN (OAI33_X1)
                                         _187960_ (net)
                  0.14    0.00   26.14 ^ _281243_/B2 (OAI21_X1)
     2    3.98    0.04    0.04   26.18 v _281243_/ZN (OAI21_X1)
                                         _187964_ (net)
                  0.04    0.00   26.18 v _281244_/B2 (AOI21_X2)
     4    9.09    0.03    0.06   26.24 ^ _281244_/ZN (AOI21_X2)
                                         _187965_ (net)
                  0.03    0.00   26.24 ^ _281249_/B1 (OAI21_X1)
     6    9.91    0.03    0.04   26.28 v _281249_/ZN (OAI21_X1)
                                         _187970_ (net)
                  0.03    0.00   26.28 v _281272_/A3 (AND3_X1)
     1    1.48    0.01    0.04   26.33 v _281272_/ZN (AND3_X1)
                                         _187993_ (net)
                  0.01    0.00   26.33 v _281276_/A2 (NOR4_X1)
     2    2.74    0.05    0.07   26.40 ^ _281276_/ZN (NOR4_X1)
                                         _187997_ (net)
                  0.05    0.00   26.40 ^ _281285_/A2 (AND3_X1)
     4    6.16    0.02    0.07   26.47 ^ _281285_/ZN (AND3_X1)
                                         _188006_ (net)
                  0.02    0.00   26.47 ^ _282052_/A2 (OR3_X1)
     9   16.29    0.04    0.07   26.54 ^ _282052_/ZN (OR3_X1)
                                         _188773_ (net)
                  0.04    0.00   26.54 ^ _282182_/B1 (AOI22_X1)
     1    1.51    0.02    0.03   26.56 v _282182_/ZN (AOI22_X1)
                                         _188903_ (net)
                  0.02    0.00   26.56 v _282184_/B2 (OAI33_X1)
     1    2.84    0.07    0.09   26.65 ^ _282184_/ZN (OAI33_X1)
                                         _188905_ (net)
                  0.07    0.00   26.65 ^ _282189_/A (XNOR2_X1)
     3    3.87    0.03    0.06   26.71 ^ _282189_/ZN (XNOR2_X1)
                                         _188910_ (net)
                  0.03    0.00   26.71 ^ _282194_/A2 (AND2_X1)
     5    9.13    0.02    0.06   26.77 ^ _282194_/ZN (AND2_X1)
                                         _188915_ (net)
                  0.02    0.00   26.77 ^ _282572_/A (INV_X1)
     4    6.68    0.01    0.02   26.79 v _282572_/ZN (INV_X1)
                                         _189293_ (net)
                  0.01    0.00   26.79 v _282786_/A1 (NAND3_X1)
     1    2.13    0.01    0.02   26.80 ^ _282786_/ZN (NAND3_X1)
                                         _189507_ (net)
                  0.01    0.00   26.80 ^ _282787_/A (OAI21_X1)
     1    1.79    0.01    0.02   26.82 v _282787_/ZN (OAI21_X1)
                                         _189508_ (net)
                  0.01    0.00   26.82 v _282788_/B1 (AOI22_X1)
     6   12.33    0.07    0.10   26.92 ^ _282788_/ZN (AOI22_X1)
                                         _189509_ (net)
                  0.07    0.00   26.92 ^ _283171_/B (XNOR2_X1)
     2    5.24    0.04    0.06   26.98 ^ _283171_/ZN (XNOR2_X1)
                                         _189892_ (net)
                  0.04    0.00   26.98 ^ _283172_/B (XOR2_X1)
     4   23.70    0.12    0.16   27.14 ^ _283172_/Z (XOR2_X1)
                                         _189893_ (net)
                  0.12    0.01   27.15 ^ _283173_/B2 (AOI21_X1)
     1    1.57    0.02    0.02   27.17 v _283173_/ZN (AOI21_X1)
                                         _189894_ (net)
                  0.02    0.00   27.17 v _283175_/B1 (OAI21_X1)
     2   18.63    0.09    0.11   27.29 ^ _283175_/ZN (OAI21_X1)
                                         _189896_ (net)
                  0.09    0.01   27.29 ^ _283176_/B2 (AOI22_X1)
     2    3.42    0.03    0.04   27.33 v _283176_/ZN (AOI22_X1)
                                         _189897_ (net)
                  0.03    0.00   27.33 v _283177_/B3 (OAI33_X1)
     4    8.24    0.11    0.14   27.47 ^ _283177_/ZN (OAI33_X1)
                                         _189898_ (net)
                  0.11    0.00   27.47 ^ _283189_/B1 (AOI21_X1)
     1    1.85    0.03    0.02   27.49 v _283189_/ZN (AOI21_X1)
                                         _189910_ (net)
                  0.03    0.00   27.49 v _283196_/B1 (OAI21_X1)
     2    3.79    0.03    0.04   27.54 ^ _283196_/ZN (OAI21_X1)
                                         _189917_ (net)
                  0.03    0.00   27.54 ^ _317655_/B2 (AOI21_X1)
     1    3.27    0.02    0.02   27.56 v _317655_/ZN (AOI21_X1)
                                         _017777_ (net)
                  0.02    0.00   27.56 v _317657_/B1 (OAI21_X1)
     4   20.96    0.10    0.12   27.69 ^ _317657_/ZN (OAI21_X1)
                                         _017779_ (net)
                  0.10    0.01   27.69 ^ _324098_/B2 (AOI21_X1)
     2    4.22    0.02    0.03   27.73 v _324098_/ZN (AOI21_X1)
                                         _024853_ (net)
                  0.02    0.00   27.73 v _326242_/B2 (OAI21_X1)
     3   10.11    0.06    0.08   27.81 ^ _326242_/ZN (OAI21_X1)
                                         _027207_ (net)
                  0.06    0.00   27.81 ^ _328661_/C2 (AOI221_X1)
     1    1.89    0.02    0.02   27.83 v _328661_/ZN (AOI221_X1)
                                         _029855_ (net)
                  0.02    0.00   27.83 v _328662_/B2 (OAI21_X1)
     2    5.20    0.03    0.05   27.88 ^ _328662_/ZN (OAI21_X1)
                                         _029857_ (net)
                  0.03    0.00   27.88 ^ _328670_/A1 (NAND2_X1)
    10   18.70    0.04    0.06   27.94 v _328670_/ZN (NAND2_X1)
                                         _029865_ (net)
                  0.04    0.00   27.94 v _332925_/B2 (OAI221_X1)
     2    7.16    0.06    0.09   28.03 ^ _332925_/ZN (OAI221_X1)
                                         _034470_ (net)
                  0.06    0.00   28.03 ^ _345876_/B1 (AOI221_X1)
     2    4.50    0.03    0.04   28.08 v _345876_/ZN (AOI221_X1)
                                         _048648_ (net)
                  0.03    0.00   28.08 v _345983_/A2 (NOR2_X1)
     2    4.13    0.03    0.05   28.13 ^ _345983_/ZN (NOR2_X1)
                                         _048765_ (net)
                  0.03    0.00   28.13 ^ _345991_/A (XNOR2_X1)
     3   11.96    0.03    0.04   28.17 v _345991_/ZN (XNOR2_X1)
                                         _048773_ (net)
                  0.03    0.00   28.17 v _345992_/A (INV_X1)
     4    6.83    0.02    0.03   28.20 ^ _345992_/ZN (INV_X1)
                                         _048775_ (net)
                  0.02    0.00   28.20 ^ _345993_/A1 (NAND2_X1)
     3    4.66    0.02    0.02   28.23 v _345993_/ZN (NAND2_X1)
                                         _048776_ (net)
                  0.02    0.00   28.23 v _345994_/A3 (OR3_X1)
     2    5.00    0.02    0.09   28.32 v _345994_/ZN (OR3_X1)
                                         _048777_ (net)
                  0.02    0.00   28.32 v _346016_/A3 (NOR4_X2)
     7   13.22    0.09    0.13   28.45 ^ _346016_/ZN (NOR4_X2)
                                         _048801_ (net)
                  0.09    0.00   28.45 ^ _346017_/A2 (NAND2_X1)
     3    5.48    0.03    0.04   28.49 v _346017_/ZN (NAND2_X1)
                                         _048802_ (net)
                  0.03    0.00   28.49 v _346020_/A1 (NOR2_X1)
     5   15.83    0.08    0.10   28.59 ^ _346020_/ZN (NOR2_X1)
                                         _048805_ (net)
                  0.08    0.00   28.59 ^ _346036_/A1 (NAND4_X2)
     6    9.03    0.04    0.06   28.65 v _346036_/ZN (NAND4_X2)
                                         _048823_ (net)
                  0.04    0.00   28.65 v _346046_/A1 (OR3_X1)
     4    8.60    0.02    0.09   28.74 v _346046_/ZN (OR3_X1)
                                         _048834_ (net)
                  0.02    0.00   28.74 v _346047_/A2 (NOR2_X2)
     5   11.42    0.03    0.05   28.80 ^ _346047_/ZN (NOR2_X2)
                                         _048835_ (net)
                  0.03    0.00   28.80 ^ _346062_/B (OAI211_X2)
     6   15.22    0.03    0.05   28.85 v _346062_/ZN (OAI211_X2)
                                         _048852_ (net)
                  0.03    0.00   28.85 v _346205_/A1 (NOR2_X1)
     2    4.29    0.03    0.05   28.89 ^ _346205_/ZN (NOR2_X1)
                                         _049009_ (net)
                  0.03    0.00   28.89 ^ _346209_/A (XOR2_X1)
     3    5.96    0.04    0.07   28.97 ^ _346209_/Z (XOR2_X1)
                                         _049013_ (net)
                  0.04    0.00   28.97 ^ _346210_/B (XOR2_X1)
     2    4.42    0.03    0.07   29.03 ^ _346210_/Z (XOR2_X1)
                                         _049014_ (net)
                  0.03    0.00   29.03 ^ _346388_/A (OAI21_X1)
     2    5.98    0.02    0.03   29.07 v _346388_/ZN (OAI21_X1)
                                         _049209_ (net)
                  0.02    0.00   29.07 v _346747_/A2 (AND2_X1)
     1    2.79    0.01    0.04   29.10 v _346747_/ZN (AND2_X1)
                                         _049603_ (net)
                  0.01    0.00   29.10 v _346749_/A1 (OR2_X4)
     3    7.47    0.01    0.04   29.15 v _346749_/ZN (OR2_X4)
                                         _049605_ (net)
                  0.01    0.00   29.15 v _346750_/A4 (NOR4_X1)
     1    3.58    0.06    0.10   29.24 ^ _346750_/ZN (NOR4_X1)
                                         _049606_ (net)
                  0.06    0.00   29.24 ^ _346754_/A (AOI221_X2)
     1    4.09    0.02    0.02   29.27 v _346754_/ZN (AOI221_X2)
                                         _049611_ (net)
                  0.02    0.00   29.27 v _346756_/A (XNOR2_X2)
     8   24.64    0.07    0.09   29.35 ^ _346756_/ZN (XNOR2_X2)
                                         _049613_ (net)
                  0.07    0.00   29.36 ^ _355094_/A (INV_X4)
     5   13.10    0.02    0.02   29.37 v _355094_/ZN (INV_X4)
                                         _058762_ (net)
                  0.02    0.00   29.37 v _355095_/A3 (OR3_X1)
     3    4.32    0.02    0.09   29.46 v _355095_/ZN (OR3_X1)
                                         _058763_ (net)
                  0.02    0.00   29.46 v _355096_/A2 (OR2_X1)
     1    1.58    0.01    0.05   29.51 v _355096_/ZN (OR2_X1)
                                         _058764_ (net)
                  0.01    0.00   29.51 v _355097_/B2 (AOI22_X1)
     1    1.34    0.02    0.04   29.56 ^ _355097_/ZN (AOI22_X1)
                                         _058765_ (net)
                  0.02    0.00   29.56 ^ _355427_/A (MUX2_X1)
     1    2.65    0.01    0.04   29.60 ^ _355427_/Z (MUX2_X1)
                                         _059128_ (net)
                  0.01    0.00   29.60 ^ _355772_/A2 (AOI22_X1)
     2    3.13    0.04    0.02   29.62 v _355772_/ZN (AOI22_X1)
                                         _059507_ (net)
                  0.04    0.00   29.62 v _355774_/A2 (NOR2_X1)
     1    1.68    0.02    0.04   29.66 ^ _355774_/ZN (NOR2_X1)
                                         _059509_ (net)
                  0.02    0.00   29.66 ^ _356104_/B1 (OAI21_X1)
     1    2.46    0.02    0.02   29.68 v _356104_/ZN (OAI21_X1)
                                         _059871_ (net)
                  0.02    0.00   29.68 v _356600_/A (XNOR2_X1)
     6   20.30    0.10    0.12   29.80 ^ _356600_/ZN (XNOR2_X1)
                                         _060414_ (net)
                  0.10    0.00   29.80 ^ _357622_/A1 (AND2_X1)
     3    5.77    0.02    0.06   29.86 ^ _357622_/ZN (AND2_X1)
                                         _061537_ (net)
                  0.02    0.00   29.86 ^ _378823_/A2 (AND4_X1)
    10   23.24    0.06    0.11   29.98 ^ _378823_/ZN (AND4_X1)
                                         _084799_ (net)
                  0.06    0.00   29.98 ^ _378839_/A3 (NAND4_X2)
     6   17.64    0.05    0.07   30.05 v _378839_/ZN (NAND4_X2)
                                         _084816_ (net)
                  0.05    0.00   30.05 v _378852_/A3 (NOR4_X4)
     5   11.80    0.05    0.10   30.15 ^ _378852_/ZN (NOR4_X4)
                                         _084831_ (net)
                  0.05    0.00   30.15 ^ _378853_/A3 (NAND3_X1)
     6   18.70    0.06    0.08   30.23 v _378853_/ZN (NAND3_X1)
                                         _084832_ (net)
                  0.06    0.00   30.24 v _378898_/A1 (NOR4_X4)
     3    9.31    0.05    0.08   30.31 ^ _378898_/ZN (NOR4_X4)
                                         _084881_ (net)
                  0.05    0.00   30.31 ^ _378914_/A3 (NAND4_X1)
     3   10.65    0.05    0.07   30.39 v _378914_/ZN (NAND4_X1)
                                         _084899_ (net)
                  0.05    0.00   30.39 v _378915_/A4 (NOR4_X2)
     6   24.29    0.14    0.20   30.59 ^ _378915_/ZN (NOR4_X2)
                                         _084900_ (net)
                  0.14    0.00   30.59 ^ _379065_/A1 (AND3_X1)
     4    7.04    0.02    0.09   30.68 ^ _379065_/ZN (AND3_X1)
                                         _085065_ (net)
                  0.02    0.00   30.68 ^ _380487_/C2 (AOI221_X1)
     1    0.98    0.02    0.02   30.69 v _380487_/ZN (AOI221_X1)
                                         _086624_ (net)
                  0.02    0.00   30.69 v _380489_/A1 (OR2_X1)
     2    3.40    0.01    0.05   30.75 v _380489_/ZN (OR2_X1)
                                         _086626_ (net)
                  0.01    0.00   30.75 v _380490_/A2 (NOR2_X1)
     1    2.41    0.02    0.03   30.78 ^ _380490_/ZN (NOR2_X1)
                                         _086627_ (net)
                  0.02    0.00   30.78 ^ _380511_/A (XNOR2_X1)
     2   22.74    0.11    0.09   30.87 ^ _380511_/ZN (XNOR2_X1)
                                         _086650_ (net)
                  0.11    0.01   30.88 ^ _380512_/B (XOR2_X1)
     5    8.19    0.05    0.09   30.97 ^ _380512_/Z (XOR2_X1)
                                         _086652_ (net)
                  0.05    0.00   30.97 ^ _380515_/A (INV_X1)
     2    2.36    0.01    0.01   30.98 v _380515_/ZN (INV_X1)
                                         _086655_ (net)
                  0.01    0.00   30.98 v _380518_/A1 (OR3_X1)
     1    1.58    0.01    0.07   31.05 v _380518_/ZN (OR3_X1)
                                         _086658_ (net)
                  0.01    0.00   31.05 v _380519_/A (OAI21_X1)
     1    1.79    0.02    0.02   31.07 ^ _380519_/ZN (OAI21_X1)
                                         _086659_ (net)
                  0.02    0.00   31.07 ^ _380520_/C2 (AOI221_X1)
     1    1.67    0.51    0.02   31.09 v _380520_/ZN (AOI221_X1)
                                         _086660_ (net)
                  0.51    0.00   31.09 v _380523_/A (OAI21_X1)
     1   27.04    0.18    0.30   31.39 ^ _380523_/ZN (OAI21_X1)
                                         _086664_ (net)
                  0.18    0.01   31.40 ^ _380524_/B (XNOR2_X1)
     3    6.75    0.05    0.05   31.46 v _380524_/ZN (XNOR2_X1)
                                         _086665_ (net)
                  0.05    0.00   31.46 v _380525_/A4 (NOR4_X1)
     1    3.63    0.32    0.11   31.57 ^ _380525_/ZN (NOR4_X1)
                                         _086666_ (net)
                  0.32    0.00   31.57 ^ _380526_/B2 (AOI21_X2)
     5   22.03    0.06    0.07   31.64 v _380526_/ZN (AOI21_X2)
                                         _086667_ (net)
                  0.06    0.01   31.65 v _388277_/A1 (NOR4_X1)
     3    5.03    0.07    0.11   31.75 ^ _388277_/ZN (NOR4_X1)
                                         _095173_ (net)
                  0.07    0.00   31.75 ^ _388318_/A1 (AND4_X1)
     2   22.73    0.05    0.12   31.88 ^ _388318_/ZN (AND4_X1)
                                         _095218_ (net)
                  0.05    0.01   31.89 ^ _388327_/B1 (AOI21_X4)
    11   31.74    0.06    0.04   31.93 v _388327_/ZN (AOI21_X4)
                                         _095228_ (net)
                  0.06    0.00   31.93 v _393970_/A1 (NOR4_X2)
     7   24.84    0.14    0.18   32.11 ^ _393970_/ZN (NOR4_X2)
                                         _101419_ (net)
                  0.14    0.00   32.11 ^ _397426_/C2 (OAI211_X4)
     6   13.96    0.04    0.05   32.17 v _397426_/ZN (OAI211_X4)
                                         _105212_ (net)
                  0.04    0.00   32.17 v _400243_/A1 (OR3_X2)
     2    3.18    0.01    0.07   32.24 v _400243_/ZN (OR3_X2)
                                         _108300_ (net)
                  0.01    0.00   32.24 v _400244_/A2 (AND2_X2)
     3    7.89    0.01    0.04   32.28 v _400244_/ZN (AND2_X2)
                                         _108301_ (net)
                  0.01    0.00   32.28 v _400248_/A (MUX2_X2)
     1    1.61    0.06    0.05   32.33 v _400248_/Z (MUX2_X2)
                                         _108305_ (net)
                  0.06    0.00   32.33 v _400250_/B1 (AOI221_X4)
     1    6.60    0.01    0.13   32.46 ^ _400250_/ZN (AOI221_X4)
                                         _108307_ (net)
                  0.01    0.00   32.46 ^ _400269_/A (OAI21_X4)
     2    8.61    0.09    0.02   32.48 v _400269_/ZN (OAI21_X4)
                                         _108328_ (net)
                  0.09    0.00   32.48 v _400353_/B2 (AOI221_X4)
     1    1.70    0.01    0.15   32.63 ^ _400353_/ZN (AOI221_X4)
                                         _108421_ (net)
                  0.01    0.00   32.63 ^ _400441_/A (OAI221_X4)
     1    2.77    0.01    0.07   32.70 v _400441_/ZN (OAI221_X4)
                                         _108517_ (net)
                  0.01    0.00   32.70 v _400604_/A (AOI221_X1)
     1   20.85    0.18    0.22   32.91 ^ _400604_/ZN (AOI221_X1)
                                         _108696_ (net)
                  0.18    0.01   32.92 ^ _400606_/A (AOI21_X1)
     1    1.16    0.20    0.01   32.94 v _400606_/ZN (AOI21_X1)
                                         _001289_ (net)
                  0.20    0.00   32.94 v v_decode.v_rf_ctrl.stage_rf_wr_data.internal_data[131]$_DFFE_PN_/D (DFF_X1)
                                 32.94   data arrival time

                  0.00   30.00   30.00   clock clk (rise edge)
                          0.00   30.00   clock network delay (ideal)
                          0.00   30.00   clock reconvergence pessimism
                                 30.00 ^ v_decode.v_rf_ctrl.stage_rf_wr_data.internal_data[131]$_DFFE_PN_/CK (DFF_X1)
                         -0.10   29.90   library setup time
                                 29.90   data required time
-----------------------------------------------------------------------------
                                 29.90   data required time
                                -32.94   data arrival time
-----------------------------------------------------------------------------
                                 -3.04   slack (VIOLATED)



==========================================================================
global place report_power
--------------------------------------------------------------------------
Group                  Internal  Switching    Leakage      Total
                          Power      Power      Power      Power (Watts)
----------------------------------------------------------------
Sequential             2.30e-03   6.70e-04   3.82e-04   3.35e-03  15.5%
Combinational          7.86e-03   4.76e-03   5.64e-03   1.83e-02  84.5%
Clock                  0.00e+00   0.00e+00   0.00e+00   0.00e+00   0.0%
Macro                  0.00e+00   0.00e+00   0.00e+00   0.00e+00   0.0%
Pad                    0.00e+00   0.00e+00   0.00e+00   0.00e+00   0.0%
----------------------------------------------------------------
Total                  1.02e-02   5.44e-03   6.03e-03   2.16e-02 100.0%
                          47.0%      25.1%      27.9%
