
==========================================================================
detailed place report_tns
--------------------------------------------------------------------------
tns 0.00

==========================================================================
detailed place report_wns
--------------------------------------------------------------------------
wns 0.00

==========================================================================
detailed place report_worst_slack
--------------------------------------------------------------------------
worst slack 2207.56

==========================================================================
detailed place report_checks -path_delay min
--------------------------------------------------------------------------
Startpoint: is_or (input port clocked by clk)
Endpoint: result[7] (output port clocked by clk)
Path Group: clk
Path Type: min

Fanout     Cap    Slew   Delay    Time   Description
-----------------------------------------------------------------------------
                  0.00    0.00    0.00   clock clk (rise edge)
                          0.00    0.00   clock network delay (ideal)
                       1000.00 1000.00 v input external delay
     1    2.08    0.00    0.00 1000.00 v is_or (in)
                                         is_or (net)
                  0.04    0.01 1000.01 v input6/A (BUFx12f_ASAP7_75t_R)
    21   15.64   12.79   11.58 1011.60 v input6/Y (BUFx12f_ASAP7_75t_R)
                                         net6 (net)
                 16.71    3.57 1015.16 v _1153_/B (OA21x2_ASAP7_75t_R)
     9    5.76   17.41   21.33 1036.49 v _1153_/Y (OA21x2_ASAP7_75t_R)
                                         net390 (net)
                 17.41    0.26 1036.75 v output390/A (BUFx2_ASAP7_75t_R)
     1    0.30    4.57   15.59 1052.34 v output390/Y (BUFx2_ASAP7_75t_R)
                                         result[7] (net)
                  4.57    0.01 1052.35 v result[7] (out)
                               1052.35   data arrival time

                  0.00    0.00    0.00   clock clk (rise edge)
                          0.00    0.00   clock network delay (ideal)
                          0.00    0.00   clock reconvergence pessimism
                       -1000.00 -1000.00   output external delay
                               -1000.00   data required time
-----------------------------------------------------------------------------
                               -1000.00   data required time
                               -1052.35   data arrival time
-----------------------------------------------------------------------------
                               2052.35   slack (MET)



==========================================================================
detailed place report_checks -path_delay max
--------------------------------------------------------------------------
Startpoint: is_mask (input port clocked by clk)
Endpoint: result[127] (output port clocked by clk)
Path Group: clk
Path Type: max

Fanout     Cap    Slew   Delay    Time   Description
-----------------------------------------------------------------------------
                  0.00    0.00    0.00   clock clk (rise edge)
                          0.00    0.00   clock network delay (ideal)
                       1000.00 1000.00 v input external delay
     1    1.48    0.00    0.00 1000.00 v is_mask (in)
                                         is_mask (net)
                  0.09    0.03 1000.03 v input5/A (BUFx6f_ASAP7_75t_R)
     6    8.26   11.24   12.35 1012.38 v input5/Y (BUFx6f_ASAP7_75t_R)
                                         net5 (net)
                 11.65    1.16 1013.54 v wire498/A (BUFx16f_ASAP7_75t_R)
     6   26.46    8.96   17.34 1030.89 v wire498/Y (BUFx16f_ASAP7_75t_R)
                                         net498 (net)
                119.99   37.87 1068.75 v wire497/A (BUFx16f_ASAP7_75t_R)
    18   32.72   13.26   37.62 1106.38 v wire497/Y (BUFx16f_ASAP7_75t_R)
                                         net497 (net)
                163.55   51.57 1157.94 v _0846_/A (OR2x6_ASAP7_75t_R)
     4   20.83   27.37   60.41 1218.36 v _0846_/Y (OR2x6_ASAP7_75t_R)
                                         _0317_ (net)
                 87.68   26.03 1244.39 v wire477/A (BUFx16f_ASAP7_75t_R)
     5   23.49   12.10   33.53 1277.92 v wire477/Y (BUFx16f_ASAP7_75t_R)
                                         net477 (net)
                111.46   35.05 1312.97 v _1150_/A3 (AO32x1_ASAP7_75t_R)
     4    2.42   18.41   45.82 1358.79 v _1150_/Y (AO32x1_ASAP7_75t_R)
                                         _0597_ (net)
                 18.41    0.01 1358.79 v _1151_/E (OR5x2_ASAP7_75t_R)
     8    5.87   30.11   60.01 1418.80 v _1151_/Y (OR5x2_ASAP7_75t_R)
                                         _0598_ (net)
                 30.11    0.14 1418.94 v _1184_/B1 (AO221x1_ASAP7_75t_R)
     1    0.65   10.31   25.02 1443.96 v _1184_/Y (AO221x1_ASAP7_75t_R)
                                         _0629_ (net)
                 10.31    0.00 1443.97 v _1187_/A1 (AO21x2_ASAP7_75t_R)
     5    3.80   14.26   22.72 1466.69 v _1187_/Y (AO21x2_ASAP7_75t_R)
                                         net354 (net)
                 14.26    0.04 1466.73 v _1189_/A (OR2x2_ASAP7_75t_R)
     2    1.37    8.91   21.72 1488.45 v _1189_/Y (OR2x2_ASAP7_75t_R)
                                         _0633_ (net)
                  8.91    0.02 1488.47 v _1192_/A1 (AO21x2_ASAP7_75t_R)
     4   23.53   62.20   36.77 1525.25 v _1192_/Y (AO21x2_ASAP7_75t_R)
                                         net372 (net)
                 62.20    0.12 1525.37 v _1204_/B (OR3x1_ASAP7_75t_R)
     3    1.98   17.98   38.79 1564.16 v _1204_/Y (OR3x1_ASAP7_75t_R)
                                         _0645_ (net)
                 17.98    0.01 1564.17 v _1205_/C (OR3x4_ASAP7_75t_R)
     1   21.10   40.97   54.55 1618.72 v _1205_/Y (OR3x4_ASAP7_75t_R)
                                         _0646_ (net)
                112.20   32.70 1651.42 v wire417/A (BUFx16f_ASAP7_75t_R)
     5   20.08   12.57   36.39 1687.81 v wire417/Y (BUFx16f_ASAP7_75t_R)
                                         net417 (net)
                 86.36   26.95 1714.76 v _1750_/B (OR4x1_ASAP7_75t_R)
     1    0.61   12.10   43.05 1757.81 v _1750_/Y (OR4x1_ASAP7_75t_R)
                                         _0286_ (net)
                 12.10    0.00 1757.82 v _1753_/B1 (AO221x1_ASAP7_75t_R)
     1    0.82   11.45   21.12 1778.94 v _1753_/Y (AO221x1_ASAP7_75t_R)
                                         net315 (net)
                 11.45    0.03 1778.97 v output315/A (BUFx2_ASAP7_75t_R)
     1    0.13    3.95   13.47 1792.44 v output315/Y (BUFx2_ASAP7_75t_R)
                                         result[127] (net)
                  3.95    0.00 1792.44 v result[127] (out)
                               1792.44   data arrival time

                  0.00 5000.00 5000.00   clock clk (rise edge)
                          0.00 5000.00   clock network delay (ideal)
                          0.00 5000.00   clock reconvergence pessimism
                       -1000.00 4000.00   output external delay
                               4000.00   data required time
-----------------------------------------------------------------------------
                               4000.00   data required time
                               -1792.44   data arrival time
-----------------------------------------------------------------------------
                               2207.56   slack (MET)



==========================================================================
detailed place report_checks -unconstrained
--------------------------------------------------------------------------
Startpoint: is_mask (input port clocked by clk)
Endpoint: result[127] (output port clocked by clk)
Path Group: clk
Path Type: max

Fanout     Cap    Slew   Delay    Time   Description
-----------------------------------------------------------------------------
                  0.00    0.00    0.00   clock clk (rise edge)
                          0.00    0.00   clock network delay (ideal)
                       1000.00 1000.00 v input external delay
     1    1.48    0.00    0.00 1000.00 v is_mask (in)
                                         is_mask (net)
                  0.09    0.03 1000.03 v input5/A (BUFx6f_ASAP7_75t_R)
     6    8.26   11.24   12.35 1012.38 v input5/Y (BUFx6f_ASAP7_75t_R)
                                         net5 (net)
                 11.65    1.16 1013.54 v wire498/A (BUFx16f_ASAP7_75t_R)
     6   26.46    8.96   17.34 1030.89 v wire498/Y (BUFx16f_ASAP7_75t_R)
                                         net498 (net)
                119.99   37.87 1068.75 v wire497/A (BUFx16f_ASAP7_75t_R)
    18   32.72   13.26   37.62 1106.38 v wire497/Y (BUFx16f_ASAP7_75t_R)
                                         net497 (net)
                163.55   51.57 1157.94 v _0846_/A (OR2x6_ASAP7_75t_R)
     4   20.83   27.37   60.41 1218.36 v _0846_/Y (OR2x6_ASAP7_75t_R)
                                         _0317_ (net)
                 87.68   26.03 1244.39 v wire477/A (BUFx16f_ASAP7_75t_R)
     5   23.49   12.10   33.53 1277.92 v wire477/Y (BUFx16f_ASAP7_75t_R)
                                         net477 (net)
                111.46   35.05 1312.97 v _1150_/A3 (AO32x1_ASAP7_75t_R)
     4    2.42   18.41   45.82 1358.79 v _1150_/Y (AO32x1_ASAP7_75t_R)
                                         _0597_ (net)
                 18.41    0.01 1358.79 v _1151_/E (OR5x2_ASAP7_75t_R)
     8    5.87   30.11   60.01 1418.80 v _1151_/Y (OR5x2_ASAP7_75t_R)
                                         _0598_ (net)
                 30.11    0.14 1418.94 v _1184_/B1 (AO221x1_ASAP7_75t_R)
     1    0.65   10.31   25.02 1443.96 v _1184_/Y (AO221x1_ASAP7_75t_R)
                                         _0629_ (net)
                 10.31    0.00 1443.97 v _1187_/A1 (AO21x2_ASAP7_75t_R)
     5    3.80   14.26   22.72 1466.69 v _1187_/Y (AO21x2_ASAP7_75t_R)
                                         net354 (net)
                 14.26    0.04 1466.73 v _1189_/A (OR2x2_ASAP7_75t_R)
     2    1.37    8.91   21.72 1488.45 v _1189_/Y (OR2x2_ASAP7_75t_R)
                                         _0633_ (net)
                  8.91    0.02 1488.47 v _1192_/A1 (AO21x2_ASAP7_75t_R)
     4   23.53   62.20   36.77 1525.25 v _1192_/Y (AO21x2_ASAP7_75t_R)
                                         net372 (net)
                 62.20    0.12 1525.37 v _1204_/B (OR3x1_ASAP7_75t_R)
     3    1.98   17.98   38.79 1564.16 v _1204_/Y (OR3x1_ASAP7_75t_R)
                                         _0645_ (net)
                 17.98    0.01 1564.17 v _1205_/C (OR3x4_ASAP7_75t_R)
     1   21.10   40.97   54.55 1618.72 v _1205_/Y (OR3x4_ASAP7_75t_R)
                                         _0646_ (net)
                112.20   32.70 1651.42 v wire417/A (BUFx16f_ASAP7_75t_R)
     5   20.08   12.57   36.39 1687.81 v wire417/Y (BUFx16f_ASAP7_75t_R)
                                         net417 (net)
                 86.36   26.95 1714.76 v _1750_/B (OR4x1_ASAP7_75t_R)
     1    0.61   12.10   43.05 1757.81 v _1750_/Y (OR4x1_ASAP7_75t_R)
                                         _0286_ (net)
                 12.10    0.00 1757.82 v _1753_/B1 (AO221x1_ASAP7_75t_R)
     1    0.82   11.45   21.12 1778.94 v _1753_/Y (AO221x1_ASAP7_75t_R)
                                         net315 (net)
                 11.45    0.03 1778.97 v output315/A (BUFx2_ASAP7_75t_R)
     1    0.13    3.95   13.47 1792.44 v output315/Y (BUFx2_ASAP7_75t_R)
                                         result[127] (net)
                  3.95    0.00 1792.44 v result[127] (out)
                               1792.44   data arrival time

                  0.00 5000.00 5000.00   clock clk (rise edge)
                          0.00 5000.00   clock network delay (ideal)
                          0.00 5000.00   clock reconvergence pessimism
                       -1000.00 4000.00   output external delay
                               4000.00   data required time
-----------------------------------------------------------------------------
                               4000.00   data required time
                               -1792.44   data arrival time
-----------------------------------------------------------------------------
                               2207.56   slack (MET)



==========================================================================
detailed place report_check_types -max_slew -max_cap -max_fanout -violators
--------------------------------------------------------------------------

==========================================================================
detailed place max_slew_check_slack
--------------------------------------------------------------------------
50.343563079833984

==========================================================================
detailed place max_slew_check_limit
--------------------------------------------------------------------------
320.0

==========================================================================
detailed place max_slew_check_slack_limit
--------------------------------------------------------------------------
0.1573

==========================================================================
detailed place max_fanout_check_slack
--------------------------------------------------------------------------
1.0000000150474662e+30

==========================================================================
detailed place max_fanout_check_limit
--------------------------------------------------------------------------
1.0000000150474662e+30

==========================================================================
detailed place max_capacitance_check_slack
--------------------------------------------------------------------------
3.738154649734497

==========================================================================
detailed place max_capacitance_check_limit
--------------------------------------------------------------------------
23.040000915527344

==========================================================================
detailed place max_capacitance_check_slack_limit
--------------------------------------------------------------------------
0.1622

==========================================================================
detailed place max_slew_violation_count
--------------------------------------------------------------------------
max slew violation count 0

==========================================================================
detailed place max_fanout_violation_count
--------------------------------------------------------------------------
max fanout violation count 0

==========================================================================
detailed place max_cap_violation_count
--------------------------------------------------------------------------
max cap violation count 0

==========================================================================
detailed place setup_violation_count
--------------------------------------------------------------------------
setup violation count 0

==========================================================================
detailed place hold_violation_count
--------------------------------------------------------------------------
hold violation count 0

==========================================================================
detailed place critical path delay
--------------------------------------------------------------------------
1792.4377

==========================================================================
detailed place critical path slack
--------------------------------------------------------------------------
2207.5623

==========================================================================
detailed place slack div critical path delay
--------------------------------------------------------------------------
123.159778

==========================================================================
detailed place report_power
--------------------------------------------------------------------------
Group                  Internal  Switching    Leakage      Total
                          Power      Power      Power      Power (Watts)
----------------------------------------------------------------
Sequential             0.00e+00   0.00e+00   0.00e+00   0.00e+00   0.0%
Combinational          4.97e-05   6.55e-05   1.54e-07   1.15e-04 100.0%
Clock                  0.00e+00   0.00e+00   0.00e+00   0.00e+00   0.0%
Macro                  0.00e+00   0.00e+00   0.00e+00   0.00e+00   0.0%
Pad                    0.00e+00   0.00e+00   0.00e+00   0.00e+00   0.0%
----------------------------------------------------------------
Total                  4.97e-05   6.55e-05   1.54e-07   1.15e-04 100.0%
                          43.1%      56.8%       0.1%
