
==========================================================================
detailed place report_tns
--------------------------------------------------------------------------
tns -90229.52

==========================================================================
detailed place report_wns
--------------------------------------------------------------------------
wns -838.15

==========================================================================
detailed place report_worst_slack
--------------------------------------------------------------------------
worst slack -838.15

==========================================================================
detailed place report_checks -path_delay min
--------------------------------------------------------------------------
Startpoint: rst (input port clocked by clk)
Endpoint: v_decode.v_rf_ctrl.stage_rf_wr_en.internal_data[41]$_DFFE_PP0P_
          (removal check against rising-edge clock clk)
Path Group: asynchronous
Path Type: min

Fanout     Cap    Slew   Delay    Time   Description
-----------------------------------------------------------------------------
                  0.00    0.00    0.00   clock clk (rise edge)
                          0.00    0.00   clock network delay (ideal)
                       1000.00 1000.00 v input external delay
     1    2.15    0.00    0.00 1000.00 v rst (in)
                                         rst (net)
                  0.11    0.03 1000.03 v input77/A (BUFx12f_ASAP7_75t_R)
     1   17.39    7.34   10.82 1010.86 v input77/Y (BUFx12f_ASAP7_75t_R)
                                         net77 (net)
                 52.14   16.12 1026.98 v _204575_/A (CKINVDCx20_ASAP7_75t_R)
    42   49.23   33.47   15.00 1041.98 ^ _204575_/Y (CKINVDCx20_ASAP7_75t_R)
                                         _004863_ (net)
                 45.49    9.20 1051.19 ^ v_decode.v_rf_ctrl.stage_rf_wr_en.internal_data[41]$_DFFE_PP0P_/SETN (DFFASRHQNx1_ASAP7_75t_R)
                               1051.19   data arrival time

                  0.00    0.00    0.00   clock clk (rise edge)
                          0.00    0.00   clock network delay (ideal)
                          0.00    0.00   clock reconvergence pessimism
                                  0.00 ^ v_decode.v_rf_ctrl.stage_rf_wr_en.internal_data[41]$_DFFE_PP0P_/CLK (DFFASRHQNx1_ASAP7_75t_R)
                         11.00   11.00   library removal time
                                 11.00   data required time
-----------------------------------------------------------------------------
                                 11.00   data required time
                               -1051.19   data arrival time
-----------------------------------------------------------------------------
                               1040.19   slack (MET)


Startpoint: v_decode.v_csr.vstart[4]$_DFF_PP0_
            (rising edge-triggered flip-flop clocked by clk)
Endpoint: v_decode.v_csr.vstart[4]$_DFF_PP0_
          (rising edge-triggered flip-flop clocked by clk)
Path Group: clk
Path Type: min

Fanout     Cap    Slew   Delay    Time   Description
-----------------------------------------------------------------------------
                  0.00    0.00    0.00   clock clk (rise edge)
                          0.00    0.00   clock network delay (ideal)
                  0.00    0.00    0.00 ^ v_decode.v_csr.vstart[4]$_DFF_PP0_/CLK (DFFASRHQNx1_ASAP7_75t_R)
     1    1.01   15.17   36.86   36.86 ^ v_decode.v_csr.vstart[4]$_DFF_PP0_/QN (DFFASRHQNx1_ASAP7_75t_R)
                                         _001011_ (net)
                 15.17    0.01   36.87 ^ _204678_/A2 (OAI21x1_ASAP7_75t_R)
     2    1.08    8.38    8.56   45.44 v _204678_/Y (OAI21x1_ASAP7_75t_R)
                                         v_decode.v_csr.vstart_data_out[4] (net)
                  8.38    0.02   45.46 v v_decode.v_csr.vstart[4]$_DFF_PP0_/D (DFFASRHQNx1_ASAP7_75t_R)
                                 45.46   data arrival time

                  0.00    0.00    0.00   clock clk (rise edge)
                          0.00    0.00   clock network delay (ideal)
                          0.00    0.00   clock reconvergence pessimism
                                  0.00 ^ v_decode.v_csr.vstart[4]$_DFF_PP0_/CLK (DFFASRHQNx1_ASAP7_75t_R)
                          9.03    9.03   library hold time
                                  9.03   data required time
-----------------------------------------------------------------------------
                                  9.03   data required time
                                -45.46   data arrival time
-----------------------------------------------------------------------------
                                 36.43   slack (MET)



==========================================================================
detailed place report_checks -path_delay max
--------------------------------------------------------------------------
Startpoint: rst (input port clocked by clk)
Endpoint: v_decode.v_rf_ctrl.stage_mask_merge.internal_data[18]$_DFFE_PP0P_
          (recovery check against rising-edge clock clk)
Path Group: asynchronous
Path Type: max

Fanout     Cap    Slew   Delay    Time   Description
-----------------------------------------------------------------------------
                  0.00    0.00    0.00   clock clk (rise edge)
                          0.00    0.00   clock network delay (ideal)
                       1000.00 1000.00 v input external delay
     1    2.72    0.00    0.00 1000.00 v rst (in)
                                         rst (net)
                  0.14    0.04 1000.04 v input77/A (BUFx12f_ASAP7_75t_R)
     1   21.94    7.50   10.85 1010.89 v input77/Y (BUFx12f_ASAP7_75t_R)
                                         net77 (net)
                 70.10   21.79 1032.69 v _204575_/A (CKINVDCx20_ASAP7_75t_R)
    42   60.68   45.88   18.28 1050.97 ^ _204575_/Y (CKINVDCx20_ASAP7_75t_R)
                                         _004863_ (net)
                104.51   30.66 1081.63 ^ load_slew3645/A (BUFx16f_ASAP7_75t_R)
    54   76.18   33.08   30.48 1112.11 ^ load_slew3645/Y (BUFx16f_ASAP7_75t_R)
                                         net3645 (net)
                162.99   50.95 1163.06 ^ v_decode.v_rf_ctrl.stage_mask_merge.internal_data[18]$_DFFE_PP0P_/SETN (DFFASRHQNx1_ASAP7_75t_R)
                               1163.06   data arrival time

                  0.00 5000.00 5000.00   clock clk (rise edge)
                          0.00 5000.00   clock network delay (ideal)
                          0.00 5000.00   clock reconvergence pessimism
                               5000.00 ^ v_decode.v_rf_ctrl.stage_mask_merge.internal_data[18]$_DFFE_PP0P_/CLK (DFFASRHQNx1_ASAP7_75t_R)
                        -17.68 4982.32   library recovery time
                               4982.32   data required time
-----------------------------------------------------------------------------
                               4982.32   data required time
                               -1163.06   data arrival time
-----------------------------------------------------------------------------
                               3819.26   slack (MET)


Startpoint: v_decode.v_csr_ctrl.stage_vtype.internal_data[12]$_DFFE_PP0P_
            (rising edge-triggered flip-flop clocked by clk)
Endpoint: v_decode.v_rf_ctrl.stage_rf_wr_data.internal_data[142]$_DFFE_PN_
          (rising edge-triggered flip-flop clocked by clk)
Path Group: clk
Path Type: max

Fanout     Cap    Slew   Delay    Time   Description
-----------------------------------------------------------------------------
                  0.00    0.00    0.00   clock clk (rise edge)
                          0.00    0.00   clock network delay (ideal)
                  0.00    0.00    0.00 ^ v_decode.v_csr_ctrl.stage_vtype.internal_data[12]$_DFFE_PP0P_/CLK (DFFASRHQNx1_ASAP7_75t_R)
    31   30.48  199.82  115.68  115.68 ^ v_decode.v_csr_ctrl.stage_vtype.internal_data[12]$_DFFE_PP0P_/QN (DFFASRHQNx1_ASAP7_75t_R)
                                         _000990_ (net)
                201.26    9.68  125.36 ^ load_slew3500/A (BUFx16f_ASAP7_75t_R)
    35   32.47   26.20   39.93  165.30 ^ load_slew3500/Y (BUFx16f_ASAP7_75t_R)
                                         net3500 (net)
                 27.34    2.88  168.17 ^ max_cap3499/A (BUFx16f_ASAP7_75t_R)
    35   31.18   20.65   24.43  192.61 ^ max_cap3499/Y (BUFx16f_ASAP7_75t_R)
                                         net3499 (net)
                 22.22    3.00  195.61 ^ wire3498/A (BUFx16f_ASAP7_75t_R)
    34   32.03   21.85   20.97  216.58 ^ wire3498/Y (BUFx16f_ASAP7_75t_R)
                                         net3498 (net)
                 31.80    7.74  224.32 ^ load_slew3497/A (BUFx16f_ASAP7_75t_R)
    18   28.48   18.16   22.70  247.02 ^ load_slew3497/Y (BUFx16f_ASAP7_75t_R)
                                         net3497 (net)
                 19.96    2.73  249.74 ^ load_slew3495/A (BUFx16f_ASAP7_75t_R)
    31   31.44   20.99   21.76  271.50 ^ load_slew3495/Y (BUFx16f_ASAP7_75t_R)
                                         net3495 (net)
                 22.49    2.96  274.47 ^ wire3494/A (BUFx16f_ASAP7_75t_R)
    25   31.31   19.45   20.11  294.57 ^ wire3494/Y (BUFx16f_ASAP7_75t_R)
                                         net3494 (net)
                 50.31   15.18  309.75 ^ wire3492/A (BUFx16f_ASAP7_75t_R)
    21   32.79   23.34   26.25  336.00 ^ wire3492/Y (BUFx16f_ASAP7_75t_R)
                                         net3492 (net)
                 30.92    6.76  342.76 ^ _204707_/A (CKINVDCx20_ASAP7_75t_R)
    25   30.39   20.53   10.81  353.57 v _204707_/Y (CKINVDCx20_ASAP7_75t_R)
                                         _006710_ (net)
                 24.34    4.43  358.00 v _207364_/C (OR3x4_ASAP7_75t_R)
    29   54.69   98.77   64.82  422.81 v _207364_/Y (OR3x4_ASAP7_75t_R)
                                         _035769_ (net)
                148.07   34.79  457.61 v _207367_/A (OR3x4_ASAP7_75t_R)
    23   21.16   49.37   92.76  550.37 v _207367_/Y (OR3x4_ASAP7_75t_R)
                                         _035802_ (net)
                 49.37    0.08  550.45 v _226696_/A1 (AO21x2_ASAP7_75t_R)
     6    4.84   17.83   34.30  584.74 v _226696_/Y (AO21x2_ASAP7_75t_R)
                                         _136666_ (net)
                 17.83    0.03  584.77 v _226697_/C (AND3x4_ASAP7_75t_R)
     4    9.25   21.59   30.87  615.65 v _226697_/Y (AND3x4_ASAP7_75t_R)
                                         _136667_ (net)
                 27.73    5.87  621.51 v _233059_/C (OR3x1_ASAP7_75t_R)
     2    2.66   20.85   34.39  655.90 v _233059_/Y (OR3x1_ASAP7_75t_R)
                                         _143029_ (net)
                 20.87    0.37  656.28 v _233133_/A2 (AOI21x1_ASAP7_75t_R)
     4    2.73   32.29   16.47  672.74 ^ _233133_/Y (AOI21x1_ASAP7_75t_R)
                                         _143103_ (net)
                 32.29    0.05  672.80 ^ _233134_/A2 (OA21x2_ASAP7_75t_R)
    16   22.10   74.26   49.54  722.34 ^ _233134_/Y (OA21x2_ASAP7_75t_R)
                                         _143104_ (net)
                 74.35    1.49  723.82 ^ _233174_/A (XNOR2x2_ASAP7_75t_R)
     5    6.73   25.56   50.64  774.46 v _233174_/Y (XNOR2x2_ASAP7_75t_R)
                                         _143144_ (net)
                 25.57    0.34  774.80 v _233175_/B2 (OA33x2_ASAP7_75t_R)
    12   11.49   40.63   46.76  821.56 v _233175_/Y (OA33x2_ASAP7_75t_R)
                                         _143145_ (net)
                 40.66    0.60  822.16 v _233192_/B (OR5x2_ASAP7_75t_R)
     6    6.80   34.24   61.74  883.90 v _233192_/Y (OR5x2_ASAP7_75t_R)
                                         _143162_ (net)
                 34.51    1.68  885.58 v _233202_/A2 (AO211x2_ASAP7_75t_R)
    19   26.63   76.48   50.69  936.27 v _233202_/Y (AO211x2_ASAP7_75t_R)
                                         _143172_ (net)
                 77.64    5.32  941.60 v _233212_/B (OR3x4_ASAP7_75t_R)
    15   15.20   37.74   69.75 1011.35 v _233212_/Y (OR3x4_ASAP7_75t_R)
                                         _143182_ (net)
                 38.10    2.04 1013.39 v _233224_/A2 (AO211x2_ASAP7_75t_R)
     9   10.15   31.14   34.45 1047.84 v _233224_/Y (AO211x2_ASAP7_75t_R)
                                         _143194_ (net)
                 31.15    0.25 1048.09 v _233232_/B (OR5x2_ASAP7_75t_R)
    14   16.89   68.73   72.20 1120.29 v _233232_/Y (OR5x2_ASAP7_75t_R)
                                         _143202_ (net)
                 72.56    8.73 1129.02 v _233241_/A2 (AO211x2_ASAP7_75t_R)
    23   27.31   76.21   57.63 1186.65 v _233241_/Y (AO211x2_ASAP7_75t_R)
                                         _143211_ (net)
                 76.45    2.45 1189.10 v _233257_/B1 (OA33x2_ASAP7_75t_R)
    10   11.81   43.92   50.82 1239.92 v _233257_/Y (OA33x2_ASAP7_75t_R)
                                         _143227_ (net)
                 45.86    4.99 1244.91 v _233511_/A (OR4x2_ASAP7_75t_R)
    12   11.08   43.68   62.26 1307.17 v _233511_/Y (OR4x2_ASAP7_75t_R)
                                         _143481_ (net)
                 43.83    1.39 1308.56 v _234026_/C (OR5x2_ASAP7_75t_R)
    10   10.61   47.75   71.20 1379.76 v _234026_/Y (OR5x2_ASAP7_75t_R)
                                         _143996_ (net)
                 47.77    0.55 1380.31 v _234061_/A2 (AO211x2_ASAP7_75t_R)
    11   12.00   36.29   36.87 1417.18 v _234061_/Y (AO211x2_ASAP7_75t_R)
                                         _144031_ (net)
                 36.44    1.42 1418.60 v _234065_/D (OR5x2_ASAP7_75t_R)
     4    3.70   24.91   57.80 1476.40 v _234065_/Y (OR5x2_ASAP7_75t_R)
                                         _144035_ (net)
                 24.91    0.05 1476.45 v _251038_/A2 (AO211x2_ASAP7_75t_R)
     3    2.70   11.67   22.72 1499.17 v _251038_/Y (AO211x2_ASAP7_75t_R)
                                         _161008_ (net)
                 11.68    0.17 1499.34 v _253799_/B (OR4x2_ASAP7_75t_R)
    11   16.43   66.87   55.95 1555.28 v _253799_/Y (OR4x2_ASAP7_75t_R)
                                         _163769_ (net)
                 78.67   14.39 1569.68 v _270769_/A2 (AO211x2_ASAP7_75t_R)
    29   29.70   83.19   60.62 1630.30 v _270769_/Y (AO211x2_ASAP7_75t_R)
                                         _180739_ (net)
                 83.57    3.32 1633.62 v _271164_/C (OR4x2_ASAP7_75t_R)
    16   15.38   56.78   75.80 1709.42 v _271164_/Y (OR4x2_ASAP7_75t_R)
                                         _181134_ (net)
                 56.83    0.98 1710.40 v _271171_/A2 (AO211x2_ASAP7_75t_R)
    21   22.87   67.90   46.90 1757.29 v _271171_/Y (AO211x2_ASAP7_75t_R)
                                         _181141_ (net)
                 73.83   10.60 1767.89 v _272527_/B2 (OA33x2_ASAP7_75t_R)
    25   29.45   92.47   70.60 1838.49 v _272527_/Y (OA33x2_ASAP7_75t_R)
                                         _182497_ (net)
                 99.52   13.53 1852.02 v _273198_/B (OR4x2_ASAP7_75t_R)
    11   14.10   53.42   77.76 1929.78 v _273198_/Y (OR4x2_ASAP7_75t_R)
                                         _183168_ (net)
                 54.35    3.86 1933.64 v _273309_/A2 (OA31x2_ASAP7_75t_R)
    28   29.52   85.84   56.34 1989.99 v _273309_/Y (OA31x2_ASAP7_75t_R)
                                         _183279_ (net)
                 85.86    0.65 1990.63 v _273328_/C (OR5x2_ASAP7_75t_R)
    27   31.48  118.72   88.58 2079.22 v _273328_/Y (OR5x2_ASAP7_75t_R)
                                         _183298_ (net)
                154.01   34.18 2113.40 v _273597_/A2 (AOI211x1_ASAP7_75t_R)
    20   22.41  213.13  115.25 2228.65 ^ _273597_/Y (AOI211x1_ASAP7_75t_R)
                                         _183567_ (net)
                213.29    3.37 2232.02 ^ _273603_/A1 (AO31x2_ASAP7_75t_R)
    82   74.36  244.05  130.36 2362.38 ^ _273603_/Y (AO31x2_ASAP7_75t_R)
                                         _183573_ (net)
                244.68    7.28 2369.66 ^ _274269_/A1 (AO21x2_ASAP7_75t_R)
    61   70.03  235.99  110.17 2479.83 ^ _274269_/Y (AO21x2_ASAP7_75t_R)
                                         _184239_ (net)
                242.41   21.68 2501.51 ^ _274272_/A (NAND2x2_ASAP7_75t_R)
    23   21.44  101.79   62.94 2564.45 v _274272_/Y (NAND2x2_ASAP7_75t_R)
                                         _184242_ (net)
                101.80    0.68 2565.13 v load_slew376/A (BUFx16f_ASAP7_75t_R)
    41   40.99   22.94   35.74 2600.86 v load_slew376/Y (BUFx16f_ASAP7_75t_R)
                                         net376 (net)
                 77.18   23.49 2624.35 v load_slew373/A (BUFx16f_ASAP7_75t_R)
    41   35.64   23.67   32.92 2657.27 v load_slew373/Y (BUFx16f_ASAP7_75t_R)
                                         net373 (net)
                 40.48   10.48 2667.75 v _274273_/A2 (AO21x1_ASAP7_75t_R)
     1    0.55    7.24   20.71 2688.46 v _274273_/Y (AO21x1_ASAP7_75t_R)
                                         _184243_ (net)
                  7.24    0.00 2688.46 v _274275_/A3 (AO32x1_ASAP7_75t_R)
     1    0.59    9.73   21.88 2710.34 v _274275_/Y (AO32x1_ASAP7_75t_R)
                                         _184245_ (net)
                  9.73    0.01 2710.35 v _274280_/A (AND2x2_ASAP7_75t_R)
     2    2.25   10.38   19.72 2730.07 v _274280_/Y (AND2x2_ASAP7_75t_R)
                                         _184250_ (net)
                 10.38    0.02 2730.09 v _274302_/A (XNOR2x2_ASAP7_75t_R)
     4    4.85   20.09   29.96 2760.05 v _274302_/Y (XNOR2x2_ASAP7_75t_R)
                                         _184272_ (net)
                 20.11    0.40 2760.45 v _274308_/A2 (AO21x2_ASAP7_75t_R)
     4    3.73   14.10   24.72 2785.17 v _274308_/Y (AO21x2_ASAP7_75t_R)
                                         _184278_ (net)
                 14.11    0.13 2785.30 v _274421_/B (AND3x4_ASAP7_75t_R)
     6    5.39   13.41   26.93 2812.23 v _274421_/Y (AND3x4_ASAP7_75t_R)
                                         _184391_ (net)
                 13.41    0.01 2812.25 v _274850_/B1 (OA22x2_ASAP7_75t_R)
     4    3.26   13.31   23.86 2836.10 v _274850_/Y (OA22x2_ASAP7_75t_R)
                                         _184820_ (net)
                 13.31    0.00 2836.11 v _274851_/B (AND2x2_ASAP7_75t_R)
     3    3.55   14.05   22.22 2858.32 v _274851_/Y (AND2x2_ASAP7_75t_R)
                                         _184821_ (net)
                 14.05    0.10 2858.43 v _274870_/A (XOR2x2_ASAP7_75t_R)
     4    4.74   21.98   36.18 2894.61 ^ _274870_/Y (XOR2x2_ASAP7_75t_R)
                                         _184840_ (net)
                 21.99    0.18 2894.79 ^ _275511_/A (AND2x2_ASAP7_75t_R)
     3    3.10   15.46   23.56 2918.35 ^ _275511_/Y (AND2x2_ASAP7_75t_R)
                                         _185481_ (net)
                 15.46    0.05 2918.41 ^ _275596_/C (AOI221x1_ASAP7_75t_R)
     4    2.77   42.83   18.59 2937.00 v _275596_/Y (AOI221x1_ASAP7_75t_R)
                                         _185566_ (net)
                 42.83    0.10 2937.10 v _275597_/C (OA211x2_ASAP7_75t_R)
     2    1.76   12.19   40.55 2977.65 v _275597_/Y (OA211x2_ASAP7_75t_R)
                                         _185567_ (net)
                 12.19    0.01 2977.66 v _275601_/B (OR4x1_ASAP7_75t_R)
     1    1.55   16.40   33.55 3011.21 v _275601_/Y (OR4x1_ASAP7_75t_R)
                                         _185571_ (net)
                 16.41    0.12 3011.33 v _275602_/B (XOR2x2_ASAP7_75t_R)
     4    2.85   15.13   34.21 3045.54 ^ _275602_/Y (XOR2x2_ASAP7_75t_R)
                                         _185572_ (net)
                 15.13    0.02 3045.56 ^ _275635_/A (AND2x2_ASAP7_75t_R)
     4    3.49   16.81   22.85 3068.40 ^ _275635_/Y (AND2x2_ASAP7_75t_R)
                                         _185605_ (net)
                 16.81    0.02 3068.42 ^ _275936_/D (AND4x2_ASAP7_75t_R)
     5    5.44   28.74   41.69 3110.11 ^ _275936_/Y (AND4x2_ASAP7_75t_R)
                                         _185906_ (net)
                 28.74    0.02 3110.13 ^ _275937_/B (XNOR2x2_ASAP7_75t_R)
    10   10.98   36.74   48.90 3159.03 v _275937_/Y (XNOR2x2_ASAP7_75t_R)
                                         _185907_ (net)
                 36.74    0.04 3159.06 v _275938_/B (NAND2x2_ASAP7_75t_R)
     4    2.84   22.89   18.79 3177.86 ^ _275938_/Y (NAND2x2_ASAP7_75t_R)
                                         _185908_ (net)
                 22.89    0.03 3177.89 ^ _276104_/C (AND4x1_ASAP7_75t_R)
     2    1.54   17.80   31.49 3209.38 ^ _276104_/Y (AND4x1_ASAP7_75t_R)
                                         _186074_ (net)
                 17.81    0.08 3209.46 ^ _284853_/A (OR2x4_ASAP7_75t_R)
     6    4.87   14.95   27.79 3237.25 ^ _284853_/Y (OR2x4_ASAP7_75t_R)
                                         _194823_ (net)
                 14.95    0.11 3237.36 ^ _284854_/C (OA211x2_ASAP7_75t_R)
     2    1.69   11.55   22.12 3259.48 ^ _284854_/Y (OA211x2_ASAP7_75t_R)
                                         _194824_ (net)
                 11.55    0.04 3259.52 ^ _286795_/B1 (AOI221x1_ASAP7_75t_R)
    13   12.06  124.06   56.87 3316.39 v _286795_/Y (AOI221x1_ASAP7_75t_R)
                                         _196765_ (net)
                124.11    1.38 3317.77 v _286796_/C (OR4x2_ASAP7_75t_R)
     4    4.45   25.53   63.39 3381.16 v _286796_/Y (OR4x2_ASAP7_75t_R)
                                         _196766_ (net)
                 25.53    0.05 3381.22 v _286807_/A2 (AO21x1_ASAP7_75t_R)
     3    2.47   16.03   23.42 3404.64 v _286807_/Y (AO21x1_ASAP7_75t_R)
                                         _196777_ (net)
                 16.03    0.03 3404.67 v _287472_/A1 (AO21x1_ASAP7_75t_R)
     2    1.29   10.01   19.22 3423.89 v _287472_/Y (AO21x1_ASAP7_75t_R)
                                         _197442_ (net)
                 10.01    0.03 3423.92 v _287473_/C (AO221x2_ASAP7_75t_R)
     7    6.44   23.80   35.01 3458.93 v _287473_/Y (AO221x2_ASAP7_75t_R)
                                         _197443_ (net)
                 23.90    0.86 3459.79 v _308410_/A (AND3x1_ASAP7_75t_R)
     3    2.38   16.10   21.82 3481.61 v _308410_/Y (AND3x1_ASAP7_75t_R)
                                         _020676_ (net)
                 16.10    0.08 3481.69 v _308411_/A2 (OA21x2_ASAP7_75t_R)
     3    3.51   13.50   23.40 3505.10 v _308411_/Y (OA21x2_ASAP7_75t_R)
                                         _020677_ (net)
                 13.50    0.15 3505.25 v _353432_/A2 (OA21x2_ASAP7_75t_R)
     3    5.45   19.56   24.48 3529.73 v _353432_/Y (OA21x2_ASAP7_75t_R)
                                         _070028_ (net)
                 20.55    2.37 3532.10 v _353447_/B (OR5x2_ASAP7_75t_R)
    14   15.15   60.00   69.98 3602.08 v _353447_/Y (OR5x2_ASAP7_75t_R)
                                         _070045_ (net)
                 60.73    3.70 3605.78 v _353489_/B (AND2x2_ASAP7_75t_R)
     1    0.59    7.86   29.67 3635.45 v _353489_/Y (AND2x2_ASAP7_75t_R)
                                         _070091_ (net)
                  7.86    0.00 3635.46 v _353490_/A2 (OA211x2_ASAP7_75t_R)
     1    0.73    9.34   21.63 3657.08 v _353490_/Y (OA211x2_ASAP7_75t_R)
                                         _070092_ (net)
                  9.34    0.02 3657.11 v _353501_/A (OR5x1_ASAP7_75t_R)
     1    1.10   15.42   32.68 3689.78 v _353501_/Y (OR5x1_ASAP7_75t_R)
                                         _070104_ (net)
                 15.42    0.01 3689.79 v _353502_/B (XOR2x2_ASAP7_75t_R)
     3    3.31   15.16   28.34 3718.14 v _353502_/Y (XOR2x2_ASAP7_75t_R)
                                         _070105_ (net)
                 15.17    0.17 3718.31 v _353628_/A1 (OA21x2_ASAP7_75t_R)
     1    0.67    6.19   17.87 3736.18 v _353628_/Y (OA21x2_ASAP7_75t_R)
                                         _070244_ (net)
                  6.19    0.01 3736.19 v _353629_/C (OR3x2_ASAP7_75t_R)
     2    3.28   17.67   33.29 3769.48 v _353629_/Y (OR3x2_ASAP7_75t_R)
                                         _070245_ (net)
                 17.77    0.72 3770.20 v _353630_/B (AND2x6_ASAP7_75t_R)
    11   13.24   17.91   28.25 3798.46 v _353630_/Y (AND2x6_ASAP7_75t_R)
                                         _070246_ (net)
                 17.91    0.16 3798.61 v _353970_/A1 (AO21x1_ASAP7_75t_R)
     1    1.09    9.28   19.16 3817.77 v _353970_/Y (AO21x1_ASAP7_75t_R)
                                         _070619_ (net)
                  9.28    0.01 3817.78 v _353971_/C (MAJx2_ASAP7_75t_R)
     1    1.04    9.08   23.34 3841.12 v _353971_/Y (MAJx2_ASAP7_75t_R)
                                         _070620_ (net)
                  9.08    0.01 3841.13 v _353973_/A (XOR2x2_ASAP7_75t_R)
     4   10.98   46.98   41.46 3882.58 ^ _353973_/Y (XOR2x2_ASAP7_75t_R)
                                         _070622_ (net)
                 50.88    7.17 3889.75 ^ _353974_/B (XNOR2x1_ASAP7_75t_R)
     2    1.72   23.87   26.68 3916.43 ^ _353974_/Y (XNOR2x1_ASAP7_75t_R)
                                         _070624_ (net)
                 23.87    0.01 3916.44 ^ _353975_/B (AND2x2_ASAP7_75t_R)
     1    3.72   18.19   25.89 3942.34 ^ _353975_/Y (AND2x2_ASAP7_75t_R)
                                         _070625_ (net)
                 18.48    1.24 3943.58 ^ _353976_/A (INVx1_ASAP7_75t_R)
     2    1.88   13.93   11.07 3954.64 v _353976_/Y (INVx1_ASAP7_75t_R)
                                         _070626_ (net)
                 13.93    0.02 3954.66 v _353977_/C (AO221x2_ASAP7_75t_R)
     3    2.94   14.33   30.66 3985.32 v _353977_/Y (AO221x2_ASAP7_75t_R)
                                         _070627_ (net)
                 14.33    0.05 3985.37 v _353986_/A1 (AOI21x1_ASAP7_75t_R)
     2    1.53   15.03   11.09 3996.46 ^ _353986_/Y (AOI21x1_ASAP7_75t_R)
                                         _070637_ (net)
                 15.03    0.08 3996.54 ^ _353989_/A2 (OA21x2_ASAP7_75t_R)
     1    0.95    7.40   17.10 4013.64 ^ _353989_/Y (OA21x2_ASAP7_75t_R)
                                         _070640_ (net)
                  7.40    0.05 4013.68 ^ _354011_/A2 (OA21x2_ASAP7_75t_R)
    16   15.31   51.47   35.22 4048.90 ^ _354011_/Y (OA21x2_ASAP7_75t_R)
                                         _070664_ (net)
                 51.53    1.07 4049.97 ^ _354261_/B (MAJx2_ASAP7_75t_R)
     1    1.09   10.66   32.07 4082.04 ^ _354261_/Y (MAJx2_ASAP7_75t_R)
                                         _070939_ (net)
                 10.66    0.01 4082.05 ^ _354262_/C (MAJx2_ASAP7_75t_R)
     1    1.10    9.58   20.34 4102.40 ^ _354262_/Y (MAJx2_ASAP7_75t_R)
                                         _070940_ (net)
                  9.58    0.01 4102.41 ^ _354264_/A (XNOR2x2_ASAP7_75t_R)
     5    5.85   22.23   37.44 4139.85 v _354264_/Y (XNOR2x2_ASAP7_75t_R)
                                         _070943_ (net)
                 22.24    0.27 4140.12 v _354409_/A (OR3x4_ASAP7_75t_R)
     9    7.99   24.70   49.41 4189.53 v _354409_/Y (OR3x4_ASAP7_75t_R)
                                         _071102_ (net)
                 24.70    0.19 4189.72 v _354605_/A (OR4x1_ASAP7_75t_R)
     1    0.52   10.21   29.83 4219.55 v _354605_/Y (OR4x1_ASAP7_75t_R)
                                         _071318_ (net)
                 10.21    0.01 4219.56 v _354606_/C (OA211x2_ASAP7_75t_R)
     1    1.19   10.38   28.23 4247.79 v _354606_/Y (OA211x2_ASAP7_75t_R)
                                         _071319_ (net)
                 10.38    0.03 4247.82 v _354607_/B (XOR2x2_ASAP7_75t_R)
     4    4.47   21.07   34.92 4282.74 ^ _354607_/Y (XOR2x2_ASAP7_75t_R)
                                         _071320_ (net)
                 21.09    0.39 4283.13 ^ _354975_/B (OR2x6_ASAP7_75t_R)
     8    9.19   16.91   26.36 4309.49 ^ _354975_/Y (OR2x6_ASAP7_75t_R)
                                         _071724_ (net)
                 16.91    0.15 4309.64 ^ _354978_/B (AND3x1_ASAP7_75t_R)
     1    0.64   10.00   21.63 4331.27 ^ _354978_/Y (AND3x1_ASAP7_75t_R)
                                         _071727_ (net)
                 10.00    0.00 4331.27 ^ _354982_/A1 (OA21x2_ASAP7_75t_R)
     1    1.12    7.60   16.68 4347.95 ^ _354982_/Y (OA21x2_ASAP7_75t_R)
                                         _071731_ (net)
                  7.60    0.01 4347.97 ^ _354985_/A (NAND2x1_ASAP7_75t_R)
     1    0.54    7.26    6.55 4354.51 v _354985_/Y (NAND2x1_ASAP7_75t_R)
                                         _071735_ (net)
                  7.26    0.00 4354.52 v _354990_/B1 (AO32x2_ASAP7_75t_R)
     6    6.56   23.91   34.36 4388.88 v _354990_/Y (AO32x2_ASAP7_75t_R)
                                         _071740_ (net)
                 23.92    0.32 4389.20 v _370246_/B (AND3x1_ASAP7_75t_R)
     1    0.63    6.60   17.79 4406.99 v _370246_/Y (AND3x1_ASAP7_75t_R)
                                         _088505_ (net)
                  6.60    0.01 4407.00 v _370247_/C (AO221x1_ASAP7_75t_R)
     1    1.10   10.56   22.68 4429.68 v _370247_/Y (AO221x1_ASAP7_75t_R)
                                         _088506_ (net)
                 10.56    0.01 4429.69 v _370248_/B (XOR2x2_ASAP7_75t_R)
     4    8.80   38.40   40.04 4469.73 ^ _370248_/Y (XOR2x2_ASAP7_75t_R)
                                         _088507_ (net)
                 40.86    5.19 4474.93 ^ _370249_/B (XNOR2x2_ASAP7_75t_R)
     4    3.75   16.66   40.23 4515.15 v _370249_/Y (XNOR2x2_ASAP7_75t_R)
                                         _088508_ (net)
                 16.66    0.07 4515.23 v _370414_/B (NOR2x1_ASAP7_75t_R)
     1    1.10   13.67   11.33 4526.55 ^ _370414_/Y (NOR2x1_ASAP7_75t_R)
                                         _088690_ (net)
                 13.67    0.02 4526.57 ^ _370415_/E (AND5x2_ASAP7_75t_R)
     5    4.37   23.88   40.92 4567.49 ^ _370415_/Y (AND5x2_ASAP7_75t_R)
                                         _088691_ (net)
                 23.88    0.10 4567.59 ^ _370422_/E (OR5x1_ASAP7_75t_R)
     1    0.68   10.88   22.30 4589.90 ^ _370422_/Y (OR5x1_ASAP7_75t_R)
                                         _088698_ (net)
                 10.88    0.00 4589.90 ^ _370423_/B (OA21x2_ASAP7_75t_R)
     1    0.60    6.31   15.80 4605.70 ^ _370423_/Y (OA21x2_ASAP7_75t_R)
                                         _088699_ (net)
                  6.31    0.01 4605.71 ^ _370428_/B (AND5x1_ASAP7_75t_R)
     1    1.23   17.18   33.05 4638.77 ^ _370428_/Y (AND5x1_ASAP7_75t_R)
                                         _088705_ (net)
                 17.18    0.05 4638.81 ^ _370429_/B (XNOR2x2_ASAP7_75t_R)
     3    2.77   14.83   25.67 4664.48 ^ _370429_/Y (XNOR2x2_ASAP7_75t_R)
                                         _088706_ (net)
                 14.84    0.04 4664.52 ^ _370607_/A (AND5x2_ASAP7_75t_R)
     9   12.23   51.58   47.34 4711.86 ^ _370607_/Y (AND5x2_ASAP7_75t_R)
                                         _088901_ (net)
                 51.73    1.54 4713.39 ^ _370655_/B (AND5x2_ASAP7_75t_R)
     8    8.63   40.16   52.11 4765.50 ^ _370655_/Y (AND5x2_ASAP7_75t_R)
                                         _088954_ (net)
                 40.18    0.80 4766.30 ^ _370671_/B (AND3x4_ASAP7_75t_R)
    13   10.87   27.07   39.42 4805.72 ^ _370671_/Y (AND3x4_ASAP7_75t_R)
                                         _088971_ (net)
                 27.11    0.58 4806.30 ^ _370698_/B (AND4x2_ASAP7_75t_R)
     8   10.20   45.81   51.70 4858.00 ^ _370698_/Y (AND4x2_ASAP7_75t_R)
                                         _089001_ (net)
                 45.84    0.71 4858.71 ^ _371742_/A (NAND2x2_ASAP7_75t_R)
     6    6.43   24.89   19.71 4878.42 v _371742_/Y (NAND2x2_ASAP7_75t_R)
                                         _090148_ (net)
                 24.89    0.05 4878.47 v _371797_/B (OA211x2_ASAP7_75t_R)
     1    0.65    9.26   30.40 4908.88 v _371797_/Y (OA211x2_ASAP7_75t_R)
                                         _090209_ (net)
                  9.26    0.01 4908.88 v _371801_/B (OR4x1_ASAP7_75t_R)
     1    1.08   13.45   30.88 4939.76 v _371801_/Y (OR4x1_ASAP7_75t_R)
                                         _090213_ (net)
                 13.46    0.03 4939.80 v _371802_/B (XNOR2x2_ASAP7_75t_R)
     3    3.07   14.41   27.11 4966.91 v _371802_/Y (XNOR2x2_ASAP7_75t_R)
                                         _090214_ (net)
                 14.41    0.05 4966.96 v _371803_/B (XOR2x2_ASAP7_75t_R)
     3    4.57   21.29   36.61 5003.56 ^ _371803_/Y (XOR2x2_ASAP7_75t_R)
                                         _090215_ (net)
                 21.29    0.03 5003.60 ^ _371817_/B (AND3x1_ASAP7_75t_R)
     1    1.20   13.74   24.85 5028.44 ^ _371817_/Y (AND3x1_ASAP7_75t_R)
                                         _090231_ (net)
                 13.74    0.03 5028.47 ^ _371818_/B (NOR2x1_ASAP7_75t_R)
     2    2.02   16.25   12.59 5041.06 v _371818_/Y (NOR2x1_ASAP7_75t_R)
                                         _090232_ (net)
                 16.25    0.02 5041.08 v _371824_/A2 (OAI22x1_ASAP7_75t_R)
     6    4.71   37.27   21.26 5062.34 ^ _371824_/Y (OAI22x1_ASAP7_75t_R)
                                         _090239_ (net)
                 37.28    0.37 5062.72 ^ _371966_/A (OR2x2_ASAP7_75t_R)
     1    0.76    7.54   24.23 5086.95 ^ _371966_/Y (OR2x2_ASAP7_75t_R)
                                         _090395_ (net)
                  7.54    0.02 5086.96 ^ _371969_/A2 (OA21x2_ASAP7_75t_R)
     1    0.62    6.60   14.47 5101.43 ^ _371969_/Y (OA21x2_ASAP7_75t_R)
                                         _090398_ (net)
                  6.60    0.01 5101.44 ^ _371983_/A2 (OA211x2_ASAP7_75t_R)
    10   11.83   44.61   31.61 5133.05 ^ _371983_/Y (OA211x2_ASAP7_75t_R)
                                         _090413_ (net)
                 50.39    8.37 5141.42 ^ _372027_/A1 (OA211x2_ASAP7_75t_R)
     7    8.84   35.05   40.49 5181.91 ^ _372027_/Y (OA211x2_ASAP7_75t_R)
                                         _090462_ (net)
                 35.95    3.07 5184.97 ^ _372080_/A (AND5x2_ASAP7_75t_R)
     4    4.59   25.06   39.01 5223.99 ^ _372080_/Y (AND5x2_ASAP7_75t_R)
                                         _090520_ (net)
                 25.09    0.44 5224.43 ^ _372083_/C (AND4x2_ASAP7_75t_R)
     3    3.71   22.42   39.32 5263.75 ^ _372083_/Y (AND4x2_ASAP7_75t_R)
                                         _090523_ (net)
                 22.42    0.17 5263.92 ^ _372084_/C (AND3x1_ASAP7_75t_R)
     2    2.32   21.31   28.55 5292.47 ^ _372084_/Y (AND3x1_ASAP7_75t_R)
                                         _090525_ (net)
                 21.31    0.03 5292.50 ^ _372085_/B (AND2x2_ASAP7_75t_R)
     3    3.96   18.57   26.00 5318.50 ^ _372085_/Y (AND2x2_ASAP7_75t_R)
                                         _090526_ (net)
                 18.58    0.26 5318.76 ^ _372086_/C (OA211x2_ASAP7_75t_R)
     4    4.34   19.17   27.37 5346.13 ^ _372086_/Y (OA211x2_ASAP7_75t_R)
                                         _090527_ (net)
                 19.18    0.12 5346.24 ^ _372100_/B (OA211x2_ASAP7_75t_R)
     7    5.75   23.49   30.47 5376.72 ^ _372100_/Y (OA211x2_ASAP7_75t_R)
                                         _090542_ (net)
                 23.49    0.20 5376.92 ^ _374405_/B (AND5x2_ASAP7_75t_R)
     7    7.29   34.98   44.24 5421.16 ^ _374405_/Y (AND5x2_ASAP7_75t_R)
                                         _093075_ (net)
                 35.06    0.95 5422.11 ^ _375921_/B (AND5x2_ASAP7_75t_R)
    10    9.42   43.01   50.76 5472.87 ^ _375921_/Y (AND5x2_ASAP7_75t_R)
                                         _094740_ (net)
                 43.03    0.56 5473.43 ^ _376007_/C (AND4x1_ASAP7_75t_R)
     2    1.99   21.31   36.20 5509.63 ^ _376007_/Y (AND4x1_ASAP7_75t_R)
                                         _094835_ (net)
                 21.31    0.01 5509.64 ^ _376008_/C (NAND3x1_ASAP7_75t_R)
     1    0.60   35.69   10.03 5519.67 v _376008_/Y (NAND3x1_ASAP7_75t_R)
                                         _094836_ (net)
                 35.69    0.00 5519.68 v _376018_/A1 (AO32x1_ASAP7_75t_R)
     1    1.11   10.50   26.41 5546.09 v _376018_/Y (AO32x1_ASAP7_75t_R)
                                         _094847_ (net)
                 10.50    0.01 5546.10 v _376019_/B (XOR2x2_ASAP7_75t_R)
     3    2.99   16.71   32.46 5578.56 ^ _376019_/Y (XOR2x2_ASAP7_75t_R)
                                         _094848_ (net)
                 16.71    0.03 5578.59 ^ _377071_/D (AND5x1_ASAP7_75t_R)
     2    1.89   21.62   39.63 5618.22 ^ _377071_/Y (AND5x1_ASAP7_75t_R)
                                         _096003_ (net)
                 21.62    0.04 5618.27 ^ _378907_/C (AND5x2_ASAP7_75t_R)
     4    3.29   20.49   39.05 5657.31 ^ _378907_/Y (AND5x2_ASAP7_75t_R)
                                         _098018_ (net)
                 20.49    0.14 5657.45 ^ _379592_/A (AND3x1_ASAP7_75t_R)
     1    1.67   17.01   26.39 5683.84 ^ _379592_/Y (AND3x1_ASAP7_75t_R)
                                         _098768_ (net)
                 17.01    0.02 5683.85 ^ _379626_/A (XNOR2x1_ASAP7_75t_R)
     1    1.30   16.72   21.12 5704.97 ^ _379626_/Y (XNOR2x1_ASAP7_75t_R)
                                         _098806_ (net)
                 16.72    0.04 5705.02 ^ _379627_/B1 (AOI22x1_ASAP7_75t_R)
     1    3.27   40.38   14.51 5719.53 v _379627_/Y (AOI22x1_ASAP7_75t_R)
                                         _098807_ (net)
                 40.46    0.97 5720.50 v _379820_/A (OR5x2_ASAP7_75t_R)
     5    4.06   25.31   53.85 5774.36 v _379820_/Y (OR5x2_ASAP7_75t_R)
                                         _099019_ (net)
                 25.36    0.66 5775.01 v _381581_/A2 (AO221x2_ASAP7_75t_R)
     1    5.91   24.01   36.34 5811.35 v _381581_/Y (AO221x2_ASAP7_75t_R)
                                         _100946_ (net)
                 25.50    3.15 5814.50 v _381582_/B (OA21x2_ASAP7_75t_R)
     1    0.72    6.90   17.39 5831.89 v _381582_/Y (OA21x2_ASAP7_75t_R)
                                         _005340_ (net)
                  6.90    0.01 5831.90 v v_decode.v_rf_ctrl.stage_rf_wr_data.internal_data[142]$_DFFE_PN_/D (DFFHQNx2_ASAP7_75t_R)
                               5831.90   data arrival time

                  0.00 5000.00 5000.00   clock clk (rise edge)
                          0.00 5000.00   clock network delay (ideal)
                          0.00 5000.00   clock reconvergence pessimism
                               5000.00 ^ v_decode.v_rf_ctrl.stage_rf_wr_data.internal_data[142]$_DFFE_PN_/CLK (DFFHQNx2_ASAP7_75t_R)
                         -6.25 4993.75   library setup time
                               4993.75   data required time
-----------------------------------------------------------------------------
                               4993.75   data required time
                               -5831.90   data arrival time
-----------------------------------------------------------------------------
                               -838.15   slack (VIOLATED)



==========================================================================
detailed place report_checks -unconstrained
--------------------------------------------------------------------------
Startpoint: rst (input port clocked by clk)
Endpoint: v_decode.v_rf_ctrl.stage_mask_merge.internal_data[18]$_DFFE_PP0P_
          (recovery check against rising-edge clock clk)
Path Group: asynchronous
Path Type: max

Fanout     Cap    Slew   Delay    Time   Description
-----------------------------------------------------------------------------
                  0.00    0.00    0.00   clock clk (rise edge)
                          0.00    0.00   clock network delay (ideal)
                       1000.00 1000.00 v input external delay
     1    2.72    0.00    0.00 1000.00 v rst (in)
                                         rst (net)
                  0.14    0.04 1000.04 v input77/A (BUFx12f_ASAP7_75t_R)
     1   21.94    7.50   10.85 1010.89 v input77/Y (BUFx12f_ASAP7_75t_R)
                                         net77 (net)
                 70.10   21.79 1032.69 v _204575_/A (CKINVDCx20_ASAP7_75t_R)
    42   60.68   45.88   18.28 1050.97 ^ _204575_/Y (CKINVDCx20_ASAP7_75t_R)
                                         _004863_ (net)
                104.51   30.66 1081.63 ^ load_slew3645/A (BUFx16f_ASAP7_75t_R)
    54   76.18   33.08   30.48 1112.11 ^ load_slew3645/Y (BUFx16f_ASAP7_75t_R)
                                         net3645 (net)
                162.99   50.95 1163.06 ^ v_decode.v_rf_ctrl.stage_mask_merge.internal_data[18]$_DFFE_PP0P_/SETN (DFFASRHQNx1_ASAP7_75t_R)
                               1163.06   data arrival time

                  0.00 5000.00 5000.00   clock clk (rise edge)
                          0.00 5000.00   clock network delay (ideal)
                          0.00 5000.00   clock reconvergence pessimism
                               5000.00 ^ v_decode.v_rf_ctrl.stage_mask_merge.internal_data[18]$_DFFE_PP0P_/CLK (DFFASRHQNx1_ASAP7_75t_R)
                        -17.68 4982.32   library recovery time
                               4982.32   data required time
-----------------------------------------------------------------------------
                               4982.32   data required time
                               -1163.06   data arrival time
-----------------------------------------------------------------------------
                               3819.26   slack (MET)


Startpoint: v_decode.v_csr_ctrl.stage_vtype.internal_data[12]$_DFFE_PP0P_
            (rising edge-triggered flip-flop clocked by clk)
Endpoint: v_decode.v_rf_ctrl.stage_rf_wr_data.internal_data[142]$_DFFE_PN_
          (rising edge-triggered flip-flop clocked by clk)
Path Group: clk
Path Type: max

Fanout     Cap    Slew   Delay    Time   Description
-----------------------------------------------------------------------------
                  0.00    0.00    0.00   clock clk (rise edge)
                          0.00    0.00   clock network delay (ideal)
                  0.00    0.00    0.00 ^ v_decode.v_csr_ctrl.stage_vtype.internal_data[12]$_DFFE_PP0P_/CLK (DFFASRHQNx1_ASAP7_75t_R)
    31   30.48  199.82  115.68  115.68 ^ v_decode.v_csr_ctrl.stage_vtype.internal_data[12]$_DFFE_PP0P_/QN (DFFASRHQNx1_ASAP7_75t_R)
                                         _000990_ (net)
                201.26    9.68  125.36 ^ load_slew3500/A (BUFx16f_ASAP7_75t_R)
    35   32.47   26.20   39.93  165.30 ^ load_slew3500/Y (BUFx16f_ASAP7_75t_R)
                                         net3500 (net)
                 27.34    2.88  168.17 ^ max_cap3499/A (BUFx16f_ASAP7_75t_R)
    35   31.18   20.65   24.43  192.61 ^ max_cap3499/Y (BUFx16f_ASAP7_75t_R)
                                         net3499 (net)
                 22.22    3.00  195.61 ^ wire3498/A (BUFx16f_ASAP7_75t_R)
    34   32.03   21.85   20.97  216.58 ^ wire3498/Y (BUFx16f_ASAP7_75t_R)
                                         net3498 (net)
                 31.80    7.74  224.32 ^ load_slew3497/A (BUFx16f_ASAP7_75t_R)
    18   28.48   18.16   22.70  247.02 ^ load_slew3497/Y (BUFx16f_ASAP7_75t_R)
                                         net3497 (net)
                 19.96    2.73  249.74 ^ load_slew3495/A (BUFx16f_ASAP7_75t_R)
    31   31.44   20.99   21.76  271.50 ^ load_slew3495/Y (BUFx16f_ASAP7_75t_R)
                                         net3495 (net)
                 22.49    2.96  274.47 ^ wire3494/A (BUFx16f_ASAP7_75t_R)
    25   31.31   19.45   20.11  294.57 ^ wire3494/Y (BUFx16f_ASAP7_75t_R)
                                         net3494 (net)
                 50.31   15.18  309.75 ^ wire3492/A (BUFx16f_ASAP7_75t_R)
    21   32.79   23.34   26.25  336.00 ^ wire3492/Y (BUFx16f_ASAP7_75t_R)
                                         net3492 (net)
                 30.92    6.76  342.76 ^ _204707_/A (CKINVDCx20_ASAP7_75t_R)
    25   30.39   20.53   10.81  353.57 v _204707_/Y (CKINVDCx20_ASAP7_75t_R)
                                         _006710_ (net)
                 24.34    4.43  358.00 v _207364_/C (OR3x4_ASAP7_75t_R)
    29   54.69   98.77   64.82  422.81 v _207364_/Y (OR3x4_ASAP7_75t_R)
                                         _035769_ (net)
                148.07   34.79  457.61 v _207367_/A (OR3x4_ASAP7_75t_R)
    23   21.16   49.37   92.76  550.37 v _207367_/Y (OR3x4_ASAP7_75t_R)
                                         _035802_ (net)
                 49.37    0.08  550.45 v _226696_/A1 (AO21x2_ASAP7_75t_R)
     6    4.84   17.83   34.30  584.74 v _226696_/Y (AO21x2_ASAP7_75t_R)
                                         _136666_ (net)
                 17.83    0.03  584.77 v _226697_/C (AND3x4_ASAP7_75t_R)
     4    9.25   21.59   30.87  615.65 v _226697_/Y (AND3x4_ASAP7_75t_R)
                                         _136667_ (net)
                 27.73    5.87  621.51 v _233059_/C (OR3x1_ASAP7_75t_R)
     2    2.66   20.85   34.39  655.90 v _233059_/Y (OR3x1_ASAP7_75t_R)
                                         _143029_ (net)
                 20.87    0.37  656.28 v _233133_/A2 (AOI21x1_ASAP7_75t_R)
     4    2.73   32.29   16.47  672.74 ^ _233133_/Y (AOI21x1_ASAP7_75t_R)
                                         _143103_ (net)
                 32.29    0.05  672.80 ^ _233134_/A2 (OA21x2_ASAP7_75t_R)
    16   22.10   74.26   49.54  722.34 ^ _233134_/Y (OA21x2_ASAP7_75t_R)
                                         _143104_ (net)
                 74.35    1.49  723.82 ^ _233174_/A (XNOR2x2_ASAP7_75t_R)
     5    6.73   25.56   50.64  774.46 v _233174_/Y (XNOR2x2_ASAP7_75t_R)
                                         _143144_ (net)
                 25.57    0.34  774.80 v _233175_/B2 (OA33x2_ASAP7_75t_R)
    12   11.49   40.63   46.76  821.56 v _233175_/Y (OA33x2_ASAP7_75t_R)
                                         _143145_ (net)
                 40.66    0.60  822.16 v _233192_/B (OR5x2_ASAP7_75t_R)
     6    6.80   34.24   61.74  883.90 v _233192_/Y (OR5x2_ASAP7_75t_R)
                                         _143162_ (net)
                 34.51    1.68  885.58 v _233202_/A2 (AO211x2_ASAP7_75t_R)
    19   26.63   76.48   50.69  936.27 v _233202_/Y (AO211x2_ASAP7_75t_R)
                                         _143172_ (net)
                 77.64    5.32  941.60 v _233212_/B (OR3x4_ASAP7_75t_R)
    15   15.20   37.74   69.75 1011.35 v _233212_/Y (OR3x4_ASAP7_75t_R)
                                         _143182_ (net)
                 38.10    2.04 1013.39 v _233224_/A2 (AO211x2_ASAP7_75t_R)
     9   10.15   31.14   34.45 1047.84 v _233224_/Y (AO211x2_ASAP7_75t_R)
                                         _143194_ (net)
                 31.15    0.25 1048.09 v _233232_/B (OR5x2_ASAP7_75t_R)
    14   16.89   68.73   72.20 1120.29 v _233232_/Y (OR5x2_ASAP7_75t_R)
                                         _143202_ (net)
                 72.56    8.73 1129.02 v _233241_/A2 (AO211x2_ASAP7_75t_R)
    23   27.31   76.21   57.63 1186.65 v _233241_/Y (AO211x2_ASAP7_75t_R)
                                         _143211_ (net)
                 76.45    2.45 1189.10 v _233257_/B1 (OA33x2_ASAP7_75t_R)
    10   11.81   43.92   50.82 1239.92 v _233257_/Y (OA33x2_ASAP7_75t_R)
                                         _143227_ (net)
                 45.86    4.99 1244.91 v _233511_/A (OR4x2_ASAP7_75t_R)
    12   11.08   43.68   62.26 1307.17 v _233511_/Y (OR4x2_ASAP7_75t_R)
                                         _143481_ (net)
                 43.83    1.39 1308.56 v _234026_/C (OR5x2_ASAP7_75t_R)
    10   10.61   47.75   71.20 1379.76 v _234026_/Y (OR5x2_ASAP7_75t_R)
                                         _143996_ (net)
                 47.77    0.55 1380.31 v _234061_/A2 (AO211x2_ASAP7_75t_R)
    11   12.00   36.29   36.87 1417.18 v _234061_/Y (AO211x2_ASAP7_75t_R)
                                         _144031_ (net)
                 36.44    1.42 1418.60 v _234065_/D (OR5x2_ASAP7_75t_R)
     4    3.70   24.91   57.80 1476.40 v _234065_/Y (OR5x2_ASAP7_75t_R)
                                         _144035_ (net)
                 24.91    0.05 1476.45 v _251038_/A2 (AO211x2_ASAP7_75t_R)
     3    2.70   11.67   22.72 1499.17 v _251038_/Y (AO211x2_ASAP7_75t_R)
                                         _161008_ (net)
                 11.68    0.17 1499.34 v _253799_/B (OR4x2_ASAP7_75t_R)
    11   16.43   66.87   55.95 1555.28 v _253799_/Y (OR4x2_ASAP7_75t_R)
                                         _163769_ (net)
                 78.67   14.39 1569.68 v _270769_/A2 (AO211x2_ASAP7_75t_R)
    29   29.70   83.19   60.62 1630.30 v _270769_/Y (AO211x2_ASAP7_75t_R)
                                         _180739_ (net)
                 83.57    3.32 1633.62 v _271164_/C (OR4x2_ASAP7_75t_R)
    16   15.38   56.78   75.80 1709.42 v _271164_/Y (OR4x2_ASAP7_75t_R)
                                         _181134_ (net)
                 56.83    0.98 1710.40 v _271171_/A2 (AO211x2_ASAP7_75t_R)
    21   22.87   67.90   46.90 1757.29 v _271171_/Y (AO211x2_ASAP7_75t_R)
                                         _181141_ (net)
                 73.83   10.60 1767.89 v _272527_/B2 (OA33x2_ASAP7_75t_R)
    25   29.45   92.47   70.60 1838.49 v _272527_/Y (OA33x2_ASAP7_75t_R)
                                         _182497_ (net)
                 99.52   13.53 1852.02 v _273198_/B (OR4x2_ASAP7_75t_R)
    11   14.10   53.42   77.76 1929.78 v _273198_/Y (OR4x2_ASAP7_75t_R)
                                         _183168_ (net)
                 54.35    3.86 1933.64 v _273309_/A2 (OA31x2_ASAP7_75t_R)
    28   29.52   85.84   56.34 1989.99 v _273309_/Y (OA31x2_ASAP7_75t_R)
                                         _183279_ (net)
                 85.86    0.65 1990.63 v _273328_/C (OR5x2_ASAP7_75t_R)
    27   31.48  118.72   88.58 2079.22 v _273328_/Y (OR5x2_ASAP7_75t_R)
                                         _183298_ (net)
                154.01   34.18 2113.40 v _273597_/A2 (AOI211x1_ASAP7_75t_R)
    20   22.41  213.13  115.25 2228.65 ^ _273597_/Y (AOI211x1_ASAP7_75t_R)
                                         _183567_ (net)
                213.29    3.37 2232.02 ^ _273603_/A1 (AO31x2_ASAP7_75t_R)
    82   74.36  244.05  130.36 2362.38 ^ _273603_/Y (AO31x2_ASAP7_75t_R)
                                         _183573_ (net)
                244.68    7.28 2369.66 ^ _274269_/A1 (AO21x2_ASAP7_75t_R)
    61   70.03  235.99  110.17 2479.83 ^ _274269_/Y (AO21x2_ASAP7_75t_R)
                                         _184239_ (net)
                242.41   21.68 2501.51 ^ _274272_/A (NAND2x2_ASAP7_75t_R)
    23   21.44  101.79   62.94 2564.45 v _274272_/Y (NAND2x2_ASAP7_75t_R)
                                         _184242_ (net)
                101.80    0.68 2565.13 v load_slew376/A (BUFx16f_ASAP7_75t_R)
    41   40.99   22.94   35.74 2600.86 v load_slew376/Y (BUFx16f_ASAP7_75t_R)
                                         net376 (net)
                 77.18   23.49 2624.35 v load_slew373/A (BUFx16f_ASAP7_75t_R)
    41   35.64   23.67   32.92 2657.27 v load_slew373/Y (BUFx16f_ASAP7_75t_R)
                                         net373 (net)
                 40.48   10.48 2667.75 v _274273_/A2 (AO21x1_ASAP7_75t_R)
     1    0.55    7.24   20.71 2688.46 v _274273_/Y (AO21x1_ASAP7_75t_R)
                                         _184243_ (net)
                  7.24    0.00 2688.46 v _274275_/A3 (AO32x1_ASAP7_75t_R)
     1    0.59    9.73   21.88 2710.34 v _274275_/Y (AO32x1_ASAP7_75t_R)
                                         _184245_ (net)
                  9.73    0.01 2710.35 v _274280_/A (AND2x2_ASAP7_75t_R)
     2    2.25   10.38   19.72 2730.07 v _274280_/Y (AND2x2_ASAP7_75t_R)
                                         _184250_ (net)
                 10.38    0.02 2730.09 v _274302_/A (XNOR2x2_ASAP7_75t_R)
     4    4.85   20.09   29.96 2760.05 v _274302_/Y (XNOR2x2_ASAP7_75t_R)
                                         _184272_ (net)
                 20.11    0.40 2760.45 v _274308_/A2 (AO21x2_ASAP7_75t_R)
     4    3.73   14.10   24.72 2785.17 v _274308_/Y (AO21x2_ASAP7_75t_R)
                                         _184278_ (net)
                 14.11    0.13 2785.30 v _274421_/B (AND3x4_ASAP7_75t_R)
     6    5.39   13.41   26.93 2812.23 v _274421_/Y (AND3x4_ASAP7_75t_R)
                                         _184391_ (net)
                 13.41    0.01 2812.25 v _274850_/B1 (OA22x2_ASAP7_75t_R)
     4    3.26   13.31   23.86 2836.10 v _274850_/Y (OA22x2_ASAP7_75t_R)
                                         _184820_ (net)
                 13.31    0.00 2836.11 v _274851_/B (AND2x2_ASAP7_75t_R)
     3    3.55   14.05   22.22 2858.32 v _274851_/Y (AND2x2_ASAP7_75t_R)
                                         _184821_ (net)
                 14.05    0.10 2858.43 v _274870_/A (XOR2x2_ASAP7_75t_R)
     4    4.74   21.98   36.18 2894.61 ^ _274870_/Y (XOR2x2_ASAP7_75t_R)
                                         _184840_ (net)
                 21.99    0.18 2894.79 ^ _275511_/A (AND2x2_ASAP7_75t_R)
     3    3.10   15.46   23.56 2918.35 ^ _275511_/Y (AND2x2_ASAP7_75t_R)
                                         _185481_ (net)
                 15.46    0.05 2918.41 ^ _275596_/C (AOI221x1_ASAP7_75t_R)
     4    2.77   42.83   18.59 2937.00 v _275596_/Y (AOI221x1_ASAP7_75t_R)
                                         _185566_ (net)
                 42.83    0.10 2937.10 v _275597_/C (OA211x2_ASAP7_75t_R)
     2    1.76   12.19   40.55 2977.65 v _275597_/Y (OA211x2_ASAP7_75t_R)
                                         _185567_ (net)
                 12.19    0.01 2977.66 v _275601_/B (OR4x1_ASAP7_75t_R)
     1    1.55   16.40   33.55 3011.21 v _275601_/Y (OR4x1_ASAP7_75t_R)
                                         _185571_ (net)
                 16.41    0.12 3011.33 v _275602_/B (XOR2x2_ASAP7_75t_R)
     4    2.85   15.13   34.21 3045.54 ^ _275602_/Y (XOR2x2_ASAP7_75t_R)
                                         _185572_ (net)
                 15.13    0.02 3045.56 ^ _275635_/A (AND2x2_ASAP7_75t_R)
     4    3.49   16.81   22.85 3068.40 ^ _275635_/Y (AND2x2_ASAP7_75t_R)
                                         _185605_ (net)
                 16.81    0.02 3068.42 ^ _275936_/D (AND4x2_ASAP7_75t_R)
     5    5.44   28.74   41.69 3110.11 ^ _275936_/Y (AND4x2_ASAP7_75t_R)
                                         _185906_ (net)
                 28.74    0.02 3110.13 ^ _275937_/B (XNOR2x2_ASAP7_75t_R)
    10   10.98   36.74   48.90 3159.03 v _275937_/Y (XNOR2x2_ASAP7_75t_R)
                                         _185907_ (net)
                 36.74    0.04 3159.06 v _275938_/B (NAND2x2_ASAP7_75t_R)
     4    2.84   22.89   18.79 3177.86 ^ _275938_/Y (NAND2x2_ASAP7_75t_R)
                                         _185908_ (net)
                 22.89    0.03 3177.89 ^ _276104_/C (AND4x1_ASAP7_75t_R)
     2    1.54   17.80   31.49 3209.38 ^ _276104_/Y (AND4x1_ASAP7_75t_R)
                                         _186074_ (net)
                 17.81    0.08 3209.46 ^ _284853_/A (OR2x4_ASAP7_75t_R)
     6    4.87   14.95   27.79 3237.25 ^ _284853_/Y (OR2x4_ASAP7_75t_R)
                                         _194823_ (net)
                 14.95    0.11 3237.36 ^ _284854_/C (OA211x2_ASAP7_75t_R)
     2    1.69   11.55   22.12 3259.48 ^ _284854_/Y (OA211x2_ASAP7_75t_R)
                                         _194824_ (net)
                 11.55    0.04 3259.52 ^ _286795_/B1 (AOI221x1_ASAP7_75t_R)
    13   12.06  124.06   56.87 3316.39 v _286795_/Y (AOI221x1_ASAP7_75t_R)
                                         _196765_ (net)
                124.11    1.38 3317.77 v _286796_/C (OR4x2_ASAP7_75t_R)
     4    4.45   25.53   63.39 3381.16 v _286796_/Y (OR4x2_ASAP7_75t_R)
                                         _196766_ (net)
                 25.53    0.05 3381.22 v _286807_/A2 (AO21x1_ASAP7_75t_R)
     3    2.47   16.03   23.42 3404.64 v _286807_/Y (AO21x1_ASAP7_75t_R)
                                         _196777_ (net)
                 16.03    0.03 3404.67 v _287472_/A1 (AO21x1_ASAP7_75t_R)
     2    1.29   10.01   19.22 3423.89 v _287472_/Y (AO21x1_ASAP7_75t_R)
                                         _197442_ (net)
                 10.01    0.03 3423.92 v _287473_/C (AO221x2_ASAP7_75t_R)
     7    6.44   23.80   35.01 3458.93 v _287473_/Y (AO221x2_ASAP7_75t_R)
                                         _197443_ (net)
                 23.90    0.86 3459.79 v _308410_/A (AND3x1_ASAP7_75t_R)
     3    2.38   16.10   21.82 3481.61 v _308410_/Y (AND3x1_ASAP7_75t_R)
                                         _020676_ (net)
                 16.10    0.08 3481.69 v _308411_/A2 (OA21x2_ASAP7_75t_R)
     3    3.51   13.50   23.40 3505.10 v _308411_/Y (OA21x2_ASAP7_75t_R)
                                         _020677_ (net)
                 13.50    0.15 3505.25 v _353432_/A2 (OA21x2_ASAP7_75t_R)
     3    5.45   19.56   24.48 3529.73 v _353432_/Y (OA21x2_ASAP7_75t_R)
                                         _070028_ (net)
                 20.55    2.37 3532.10 v _353447_/B (OR5x2_ASAP7_75t_R)
    14   15.15   60.00   69.98 3602.08 v _353447_/Y (OR5x2_ASAP7_75t_R)
                                         _070045_ (net)
                 60.73    3.70 3605.78 v _353489_/B (AND2x2_ASAP7_75t_R)
     1    0.59    7.86   29.67 3635.45 v _353489_/Y (AND2x2_ASAP7_75t_R)
                                         _070091_ (net)
                  7.86    0.00 3635.46 v _353490_/A2 (OA211x2_ASAP7_75t_R)
     1    0.73    9.34   21.63 3657.08 v _353490_/Y (OA211x2_ASAP7_75t_R)
                                         _070092_ (net)
                  9.34    0.02 3657.11 v _353501_/A (OR5x1_ASAP7_75t_R)
     1    1.10   15.42   32.68 3689.78 v _353501_/Y (OR5x1_ASAP7_75t_R)
                                         _070104_ (net)
                 15.42    0.01 3689.79 v _353502_/B (XOR2x2_ASAP7_75t_R)
     3    3.31   15.16   28.34 3718.14 v _353502_/Y (XOR2x2_ASAP7_75t_R)
                                         _070105_ (net)
                 15.17    0.17 3718.31 v _353628_/A1 (OA21x2_ASAP7_75t_R)
     1    0.67    6.19   17.87 3736.18 v _353628_/Y (OA21x2_ASAP7_75t_R)
                                         _070244_ (net)
                  6.19    0.01 3736.19 v _353629_/C (OR3x2_ASAP7_75t_R)
     2    3.28   17.67   33.29 3769.48 v _353629_/Y (OR3x2_ASAP7_75t_R)
                                         _070245_ (net)
                 17.77    0.72 3770.20 v _353630_/B (AND2x6_ASAP7_75t_R)
    11   13.24   17.91   28.25 3798.46 v _353630_/Y (AND2x6_ASAP7_75t_R)
                                         _070246_ (net)
                 17.91    0.16 3798.61 v _353970_/A1 (AO21x1_ASAP7_75t_R)
     1    1.09    9.28   19.16 3817.77 v _353970_/Y (AO21x1_ASAP7_75t_R)
                                         _070619_ (net)
                  9.28    0.01 3817.78 v _353971_/C (MAJx2_ASAP7_75t_R)
     1    1.04    9.08   23.34 3841.12 v _353971_/Y (MAJx2_ASAP7_75t_R)
                                         _070620_ (net)
                  9.08    0.01 3841.13 v _353973_/A (XOR2x2_ASAP7_75t_R)
     4   10.98   46.98   41.46 3882.58 ^ _353973_/Y (XOR2x2_ASAP7_75t_R)
                                         _070622_ (net)
                 50.88    7.17 3889.75 ^ _353974_/B (XNOR2x1_ASAP7_75t_R)
     2    1.72   23.87   26.68 3916.43 ^ _353974_/Y (XNOR2x1_ASAP7_75t_R)
                                         _070624_ (net)
                 23.87    0.01 3916.44 ^ _353975_/B (AND2x2_ASAP7_75t_R)
     1    3.72   18.19   25.89 3942.34 ^ _353975_/Y (AND2x2_ASAP7_75t_R)
                                         _070625_ (net)
                 18.48    1.24 3943.58 ^ _353976_/A (INVx1_ASAP7_75t_R)
     2    1.88   13.93   11.07 3954.64 v _353976_/Y (INVx1_ASAP7_75t_R)
                                         _070626_ (net)
                 13.93    0.02 3954.66 v _353977_/C (AO221x2_ASAP7_75t_R)
     3    2.94   14.33   30.66 3985.32 v _353977_/Y (AO221x2_ASAP7_75t_R)
                                         _070627_ (net)
                 14.33    0.05 3985.37 v _353986_/A1 (AOI21x1_ASAP7_75t_R)
     2    1.53   15.03   11.09 3996.46 ^ _353986_/Y (AOI21x1_ASAP7_75t_R)
                                         _070637_ (net)
                 15.03    0.08 3996.54 ^ _353989_/A2 (OA21x2_ASAP7_75t_R)
     1    0.95    7.40   17.10 4013.64 ^ _353989_/Y (OA21x2_ASAP7_75t_R)
                                         _070640_ (net)
                  7.40    0.05 4013.68 ^ _354011_/A2 (OA21x2_ASAP7_75t_R)
    16   15.31   51.47   35.22 4048.90 ^ _354011_/Y (OA21x2_ASAP7_75t_R)
                                         _070664_ (net)
                 51.53    1.07 4049.97 ^ _354261_/B (MAJx2_ASAP7_75t_R)
     1    1.09   10.66   32.07 4082.04 ^ _354261_/Y (MAJx2_ASAP7_75t_R)
                                         _070939_ (net)
                 10.66    0.01 4082.05 ^ _354262_/C (MAJx2_ASAP7_75t_R)
     1    1.10    9.58   20.34 4102.40 ^ _354262_/Y (MAJx2_ASAP7_75t_R)
                                         _070940_ (net)
                  9.58    0.01 4102.41 ^ _354264_/A (XNOR2x2_ASAP7_75t_R)
     5    5.85   22.23   37.44 4139.85 v _354264_/Y (XNOR2x2_ASAP7_75t_R)
                                         _070943_ (net)
                 22.24    0.27 4140.12 v _354409_/A (OR3x4_ASAP7_75t_R)
     9    7.99   24.70   49.41 4189.53 v _354409_/Y (OR3x4_ASAP7_75t_R)
                                         _071102_ (net)
                 24.70    0.19 4189.72 v _354605_/A (OR4x1_ASAP7_75t_R)
     1    0.52   10.21   29.83 4219.55 v _354605_/Y (OR4x1_ASAP7_75t_R)
                                         _071318_ (net)
                 10.21    0.01 4219.56 v _354606_/C (OA211x2_ASAP7_75t_R)
     1    1.19   10.38   28.23 4247.79 v _354606_/Y (OA211x2_ASAP7_75t_R)
                                         _071319_ (net)
                 10.38    0.03 4247.82 v _354607_/B (XOR2x2_ASAP7_75t_R)
     4    4.47   21.07   34.92 4282.74 ^ _354607_/Y (XOR2x2_ASAP7_75t_R)
                                         _071320_ (net)
                 21.09    0.39 4283.13 ^ _354975_/B (OR2x6_ASAP7_75t_R)
     8    9.19   16.91   26.36 4309.49 ^ _354975_/Y (OR2x6_ASAP7_75t_R)
                                         _071724_ (net)
                 16.91    0.15 4309.64 ^ _354978_/B (AND3x1_ASAP7_75t_R)
     1    0.64   10.00   21.63 4331.27 ^ _354978_/Y (AND3x1_ASAP7_75t_R)
                                         _071727_ (net)
                 10.00    0.00 4331.27 ^ _354982_/A1 (OA21x2_ASAP7_75t_R)
     1    1.12    7.60   16.68 4347.95 ^ _354982_/Y (OA21x2_ASAP7_75t_R)
                                         _071731_ (net)
                  7.60    0.01 4347.97 ^ _354985_/A (NAND2x1_ASAP7_75t_R)
     1    0.54    7.26    6.55 4354.51 v _354985_/Y (NAND2x1_ASAP7_75t_R)
                                         _071735_ (net)
                  7.26    0.00 4354.52 v _354990_/B1 (AO32x2_ASAP7_75t_R)
     6    6.56   23.91   34.36 4388.88 v _354990_/Y (AO32x2_ASAP7_75t_R)
                                         _071740_ (net)
                 23.92    0.32 4389.20 v _370246_/B (AND3x1_ASAP7_75t_R)
     1    0.63    6.60   17.79 4406.99 v _370246_/Y (AND3x1_ASAP7_75t_R)
                                         _088505_ (net)
                  6.60    0.01 4407.00 v _370247_/C (AO221x1_ASAP7_75t_R)
     1    1.10   10.56   22.68 4429.68 v _370247_/Y (AO221x1_ASAP7_75t_R)
                                         _088506_ (net)
                 10.56    0.01 4429.69 v _370248_/B (XOR2x2_ASAP7_75t_R)
     4    8.80   38.40   40.04 4469.73 ^ _370248_/Y (XOR2x2_ASAP7_75t_R)
                                         _088507_ (net)
                 40.86    5.19 4474.93 ^ _370249_/B (XNOR2x2_ASAP7_75t_R)
     4    3.75   16.66   40.23 4515.15 v _370249_/Y (XNOR2x2_ASAP7_75t_R)
                                         _088508_ (net)
                 16.66    0.07 4515.23 v _370414_/B (NOR2x1_ASAP7_75t_R)
     1    1.10   13.67   11.33 4526.55 ^ _370414_/Y (NOR2x1_ASAP7_75t_R)
                                         _088690_ (net)
                 13.67    0.02 4526.57 ^ _370415_/E (AND5x2_ASAP7_75t_R)
     5    4.37   23.88   40.92 4567.49 ^ _370415_/Y (AND5x2_ASAP7_75t_R)
                                         _088691_ (net)
                 23.88    0.10 4567.59 ^ _370422_/E (OR5x1_ASAP7_75t_R)
     1    0.68   10.88   22.30 4589.90 ^ _370422_/Y (OR5x1_ASAP7_75t_R)
                                         _088698_ (net)
                 10.88    0.00 4589.90 ^ _370423_/B (OA21x2_ASAP7_75t_R)
     1    0.60    6.31   15.80 4605.70 ^ _370423_/Y (OA21x2_ASAP7_75t_R)
                                         _088699_ (net)
                  6.31    0.01 4605.71 ^ _370428_/B (AND5x1_ASAP7_75t_R)
     1    1.23   17.18   33.05 4638.77 ^ _370428_/Y (AND5x1_ASAP7_75t_R)
                                         _088705_ (net)
                 17.18    0.05 4638.81 ^ _370429_/B (XNOR2x2_ASAP7_75t_R)
     3    2.77   14.83   25.67 4664.48 ^ _370429_/Y (XNOR2x2_ASAP7_75t_R)
                                         _088706_ (net)
                 14.84    0.04 4664.52 ^ _370607_/A (AND5x2_ASAP7_75t_R)
     9   12.23   51.58   47.34 4711.86 ^ _370607_/Y (AND5x2_ASAP7_75t_R)
                                         _088901_ (net)
                 51.73    1.54 4713.39 ^ _370655_/B (AND5x2_ASAP7_75t_R)
     8    8.63   40.16   52.11 4765.50 ^ _370655_/Y (AND5x2_ASAP7_75t_R)
                                         _088954_ (net)
                 40.18    0.80 4766.30 ^ _370671_/B (AND3x4_ASAP7_75t_R)
    13   10.87   27.07   39.42 4805.72 ^ _370671_/Y (AND3x4_ASAP7_75t_R)
                                         _088971_ (net)
                 27.11    0.58 4806.30 ^ _370698_/B (AND4x2_ASAP7_75t_R)
     8   10.20   45.81   51.70 4858.00 ^ _370698_/Y (AND4x2_ASAP7_75t_R)
                                         _089001_ (net)
                 45.84    0.71 4858.71 ^ _371742_/A (NAND2x2_ASAP7_75t_R)
     6    6.43   24.89   19.71 4878.42 v _371742_/Y (NAND2x2_ASAP7_75t_R)
                                         _090148_ (net)
                 24.89    0.05 4878.47 v _371797_/B (OA211x2_ASAP7_75t_R)
     1    0.65    9.26   30.40 4908.88 v _371797_/Y (OA211x2_ASAP7_75t_R)
                                         _090209_ (net)
                  9.26    0.01 4908.88 v _371801_/B (OR4x1_ASAP7_75t_R)
     1    1.08   13.45   30.88 4939.76 v _371801_/Y (OR4x1_ASAP7_75t_R)
                                         _090213_ (net)
                 13.46    0.03 4939.80 v _371802_/B (XNOR2x2_ASAP7_75t_R)
     3    3.07   14.41   27.11 4966.91 v _371802_/Y (XNOR2x2_ASAP7_75t_R)
                                         _090214_ (net)
                 14.41    0.05 4966.96 v _371803_/B (XOR2x2_ASAP7_75t_R)
     3    4.57   21.29   36.61 5003.56 ^ _371803_/Y (XOR2x2_ASAP7_75t_R)
                                         _090215_ (net)
                 21.29    0.03 5003.60 ^ _371817_/B (AND3x1_ASAP7_75t_R)
     1    1.20   13.74   24.85 5028.44 ^ _371817_/Y (AND3x1_ASAP7_75t_R)
                                         _090231_ (net)
                 13.74    0.03 5028.47 ^ _371818_/B (NOR2x1_ASAP7_75t_R)
     2    2.02   16.25   12.59 5041.06 v _371818_/Y (NOR2x1_ASAP7_75t_R)
                                         _090232_ (net)
                 16.25    0.02 5041.08 v _371824_/A2 (OAI22x1_ASAP7_75t_R)
     6    4.71   37.27   21.26 5062.34 ^ _371824_/Y (OAI22x1_ASAP7_75t_R)
                                         _090239_ (net)
                 37.28    0.37 5062.72 ^ _371966_/A (OR2x2_ASAP7_75t_R)
     1    0.76    7.54   24.23 5086.95 ^ _371966_/Y (OR2x2_ASAP7_75t_R)
                                         _090395_ (net)
                  7.54    0.02 5086.96 ^ _371969_/A2 (OA21x2_ASAP7_75t_R)
     1    0.62    6.60   14.47 5101.43 ^ _371969_/Y (OA21x2_ASAP7_75t_R)
                                         _090398_ (net)
                  6.60    0.01 5101.44 ^ _371983_/A2 (OA211x2_ASAP7_75t_R)
    10   11.83   44.61   31.61 5133.05 ^ _371983_/Y (OA211x2_ASAP7_75t_R)
                                         _090413_ (net)
                 50.39    8.37 5141.42 ^ _372027_/A1 (OA211x2_ASAP7_75t_R)
     7    8.84   35.05   40.49 5181.91 ^ _372027_/Y (OA211x2_ASAP7_75t_R)
                                         _090462_ (net)
                 35.95    3.07 5184.97 ^ _372080_/A (AND5x2_ASAP7_75t_R)
     4    4.59   25.06   39.01 5223.99 ^ _372080_/Y (AND5x2_ASAP7_75t_R)
                                         _090520_ (net)
                 25.09    0.44 5224.43 ^ _372083_/C (AND4x2_ASAP7_75t_R)
     3    3.71   22.42   39.32 5263.75 ^ _372083_/Y (AND4x2_ASAP7_75t_R)
                                         _090523_ (net)
                 22.42    0.17 5263.92 ^ _372084_/C (AND3x1_ASAP7_75t_R)
     2    2.32   21.31   28.55 5292.47 ^ _372084_/Y (AND3x1_ASAP7_75t_R)
                                         _090525_ (net)
                 21.31    0.03 5292.50 ^ _372085_/B (AND2x2_ASAP7_75t_R)
     3    3.96   18.57   26.00 5318.50 ^ _372085_/Y (AND2x2_ASAP7_75t_R)
                                         _090526_ (net)
                 18.58    0.26 5318.76 ^ _372086_/C (OA211x2_ASAP7_75t_R)
     4    4.34   19.17   27.37 5346.13 ^ _372086_/Y (OA211x2_ASAP7_75t_R)
                                         _090527_ (net)
                 19.18    0.12 5346.24 ^ _372100_/B (OA211x2_ASAP7_75t_R)
     7    5.75   23.49   30.47 5376.72 ^ _372100_/Y (OA211x2_ASAP7_75t_R)
                                         _090542_ (net)
                 23.49    0.20 5376.92 ^ _374405_/B (AND5x2_ASAP7_75t_R)
     7    7.29   34.98   44.24 5421.16 ^ _374405_/Y (AND5x2_ASAP7_75t_R)
                                         _093075_ (net)
                 35.06    0.95 5422.11 ^ _375921_/B (AND5x2_ASAP7_75t_R)
    10    9.42   43.01   50.76 5472.87 ^ _375921_/Y (AND5x2_ASAP7_75t_R)
                                         _094740_ (net)
                 43.03    0.56 5473.43 ^ _376007_/C (AND4x1_ASAP7_75t_R)
     2    1.99   21.31   36.20 5509.63 ^ _376007_/Y (AND4x1_ASAP7_75t_R)
                                         _094835_ (net)
                 21.31    0.01 5509.64 ^ _376008_/C (NAND3x1_ASAP7_75t_R)
     1    0.60   35.69   10.03 5519.67 v _376008_/Y (NAND3x1_ASAP7_75t_R)
                                         _094836_ (net)
                 35.69    0.00 5519.68 v _376018_/A1 (AO32x1_ASAP7_75t_R)
     1    1.11   10.50   26.41 5546.09 v _376018_/Y (AO32x1_ASAP7_75t_R)
                                         _094847_ (net)
                 10.50    0.01 5546.10 v _376019_/B (XOR2x2_ASAP7_75t_R)
     3    2.99   16.71   32.46 5578.56 ^ _376019_/Y (XOR2x2_ASAP7_75t_R)
                                         _094848_ (net)
                 16.71    0.03 5578.59 ^ _377071_/D (AND5x1_ASAP7_75t_R)
     2    1.89   21.62   39.63 5618.22 ^ _377071_/Y (AND5x1_ASAP7_75t_R)
                                         _096003_ (net)
                 21.62    0.04 5618.27 ^ _378907_/C (AND5x2_ASAP7_75t_R)
     4    3.29   20.49   39.05 5657.31 ^ _378907_/Y (AND5x2_ASAP7_75t_R)
                                         _098018_ (net)
                 20.49    0.14 5657.45 ^ _379592_/A (AND3x1_ASAP7_75t_R)
     1    1.67   17.01   26.39 5683.84 ^ _379592_/Y (AND3x1_ASAP7_75t_R)
                                         _098768_ (net)
                 17.01    0.02 5683.85 ^ _379626_/A (XNOR2x1_ASAP7_75t_R)
     1    1.30   16.72   21.12 5704.97 ^ _379626_/Y (XNOR2x1_ASAP7_75t_R)
                                         _098806_ (net)
                 16.72    0.04 5705.02 ^ _379627_/B1 (AOI22x1_ASAP7_75t_R)
     1    3.27   40.38   14.51 5719.53 v _379627_/Y (AOI22x1_ASAP7_75t_R)
                                         _098807_ (net)
                 40.46    0.97 5720.50 v _379820_/A (OR5x2_ASAP7_75t_R)
     5    4.06   25.31   53.85 5774.36 v _379820_/Y (OR5x2_ASAP7_75t_R)
                                         _099019_ (net)
                 25.36    0.66 5775.01 v _381581_/A2 (AO221x2_ASAP7_75t_R)
     1    5.91   24.01   36.34 5811.35 v _381581_/Y (AO221x2_ASAP7_75t_R)
                                         _100946_ (net)
                 25.50    3.15 5814.50 v _381582_/B (OA21x2_ASAP7_75t_R)
     1    0.72    6.90   17.39 5831.89 v _381582_/Y (OA21x2_ASAP7_75t_R)
                                         _005340_ (net)
                  6.90    0.01 5831.90 v v_decode.v_rf_ctrl.stage_rf_wr_data.internal_data[142]$_DFFE_PN_/D (DFFHQNx2_ASAP7_75t_R)
                               5831.90   data arrival time

                  0.00 5000.00 5000.00   clock clk (rise edge)
                          0.00 5000.00   clock network delay (ideal)
                          0.00 5000.00   clock reconvergence pessimism
                               5000.00 ^ v_decode.v_rf_ctrl.stage_rf_wr_data.internal_data[142]$_DFFE_PN_/CLK (DFFHQNx2_ASAP7_75t_R)
                         -6.25 4993.75   library setup time
                               4993.75   data required time
-----------------------------------------------------------------------------
                               4993.75   data required time
                               -5831.90   data arrival time
-----------------------------------------------------------------------------
                               -838.15   slack (VIOLATED)



==========================================================================
detailed place report_check_types -max_slew -max_cap -max_fanout -violators
--------------------------------------------------------------------------
max slew

Pin                                    Limit    Slew   Slack
------------------------------------------------------------
_326637_/A                            320.00  338.79  -18.79 (VIOLATED)
_326633_/B                            320.00  338.79  -18.79 (VIOLATED)
_326665_/C                            320.00  338.67  -18.67 (VIOLATED)
_326586_/C                            320.00  338.55  -18.55 (VIOLATED)
_327077_/B                            320.00  338.54  -18.54 (VIOLATED)
_327284_/B2                           320.00  338.38  -18.38 (VIOLATED)
_327277_/C                            320.00  337.95  -17.95 (VIOLATED)
_327075_/A                            320.00  337.84  -17.84 (VIOLATED)
_326683_/C                            320.00  337.84  -17.84 (VIOLATED)
_326625_/C                            320.00  337.65  -17.65 (VIOLATED)
_327356_/C                            320.00  337.62  -17.62 (VIOLATED)
_327396_/B                            320.00  337.57  -17.57 (VIOLATED)
_327083_/C                            320.00  337.33  -17.33 (VIOLATED)
_327338_/C                            320.00  337.10  -17.10 (VIOLATED)
_327082_/A                            320.00  337.04  -17.04 (VIOLATED)
_327516_/C                            320.00  337.00  -17.00 (VIOLATED)
_327430_/C                            320.00  336.63  -16.63 (VIOLATED)
_329598_/C                            320.00  335.78  -15.78 (VIOLATED)
_343919_/B                            320.00  328.02   -8.02 (VIOLATED)
_343921_/C                            320.00  327.59   -7.59 (VIOLATED)
_344329_/B                            320.00  327.21   -7.21 (VIOLATED)
_330104_/B2                           320.00  325.46   -5.46 (VIOLATED)
_343671_/A2                           320.00  324.05   -4.05 (VIOLATED)
_343710_/B                            320.00  324.04   -4.04 (VIOLATED)
_330184_/B                            320.00  323.82   -3.82 (VIOLATED)
_330966_/A                            320.00  323.60   -3.60 (VIOLATED)
_329596_/A                            320.00  323.59   -3.59 (VIOLATED)
_330963_/A                            320.00  323.54   -3.54 (VIOLATED)
_343667_/B                            320.00  323.51   -3.51 (VIOLATED)
_331177_/C                            320.00  322.41   -2.41 (VIOLATED)
_343781_/A2                           320.00  322.14   -2.14 (VIOLATED)
_344240_/B                            320.00  322.12   -2.12 (VIOLATED)
_343696_/B                            320.00  322.10   -2.10 (VIOLATED)
_343773_/B2                           320.00  321.84   -1.84 (VIOLATED)
_343907_/B                            320.00  321.29   -1.29 (VIOLATED)
_321710_/A1                           320.00  320.17   -0.17 (VIOLATED)
_321657_/A1                           320.00  320.16   -0.16 (VIOLATED)


==========================================================================
detailed place max_slew_check_slack
--------------------------------------------------------------------------
-18.79096794128418

==========================================================================
detailed place max_slew_check_limit
--------------------------------------------------------------------------
320.0

==========================================================================
detailed place max_slew_check_slack_limit
--------------------------------------------------------------------------
-0.0587

==========================================================================
detailed place max_fanout_check_slack
--------------------------------------------------------------------------
1.0000000150474662e+30

==========================================================================
detailed place max_fanout_check_limit
--------------------------------------------------------------------------
1.0000000150474662e+30

==========================================================================
detailed place max_capacitance_check_slack
--------------------------------------------------------------------------
0.9137181639671326

==========================================================================
detailed place max_capacitance_check_limit
--------------------------------------------------------------------------
46.08000183105469

==========================================================================
detailed place max_capacitance_check_slack_limit
--------------------------------------------------------------------------
0.0198

==========================================================================
detailed place max_slew_violation_count
--------------------------------------------------------------------------
max slew violation count 37

==========================================================================
detailed place max_fanout_violation_count
--------------------------------------------------------------------------
max fanout violation count 0

==========================================================================
detailed place max_cap_violation_count
--------------------------------------------------------------------------
max cap violation count 0

==========================================================================
detailed place setup_violation_count
--------------------------------------------------------------------------
setup violation count 128

==========================================================================
detailed place hold_violation_count
--------------------------------------------------------------------------
hold violation count 0

==========================================================================
detailed place report_checks -path_delay max reg to reg
--------------------------------------------------------------------------
Startpoint: v_decode.v_csr_ctrl.stage_vtype.internal_data[12]$_DFFE_PP0P_
            (rising edge-triggered flip-flop clocked by clk)
Endpoint: v_decode.v_rf_ctrl.stage_rf_wr_data.internal_data[142]$_DFFE_PN_
          (rising edge-triggered flip-flop clocked by clk)
Path Group: clk
Path Type: max

  Delay    Time   Description
---------------------------------------------------------
   0.00    0.00   clock clk (rise edge)
   0.00    0.00   clock network delay (ideal)
   0.00    0.00 ^ v_decode.v_csr_ctrl.stage_vtype.internal_data[12]$_DFFE_PP0P_/CLK (DFFASRHQNx1_ASAP7_75t_R)
 115.68  115.68 ^ v_decode.v_csr_ctrl.stage_vtype.internal_data[12]$_DFFE_PP0P_/QN (DFFASRHQNx1_ASAP7_75t_R)
  49.62  165.30 ^ load_slew3500/Y (BUFx16f_ASAP7_75t_R)
  27.31  192.61 ^ max_cap3499/Y (BUFx16f_ASAP7_75t_R)
  23.97  216.58 ^ wire3498/Y (BUFx16f_ASAP7_75t_R)
  30.44  247.02 ^ load_slew3497/Y (BUFx16f_ASAP7_75t_R)
  24.49  271.50 ^ load_slew3495/Y (BUFx16f_ASAP7_75t_R)
  23.07  294.57 ^ wire3494/Y (BUFx16f_ASAP7_75t_R)
  41.43  336.00 ^ wire3492/Y (BUFx16f_ASAP7_75t_R)
  17.57  353.57 v _204707_/Y (CKINVDCx20_ASAP7_75t_R)
  69.24  422.81 v _207364_/Y (OR3x4_ASAP7_75t_R)
 127.55  550.37 v _207367_/Y (OR3x4_ASAP7_75t_R)
  34.38  584.74 v _226696_/Y (AO21x2_ASAP7_75t_R)
  30.90  615.65 v _226697_/Y (AND3x4_ASAP7_75t_R)
  40.26  655.90 v _233059_/Y (OR3x1_ASAP7_75t_R)
  16.84  672.74 ^ _233133_/Y (AOI21x1_ASAP7_75t_R)
  49.59  722.34 ^ _233134_/Y (OA21x2_ASAP7_75t_R)
  52.13  774.46 v _233174_/Y (XNOR2x2_ASAP7_75t_R)
  47.10  821.56 v _233175_/Y (OA33x2_ASAP7_75t_R)
  62.34  883.90 v _233192_/Y (OR5x2_ASAP7_75t_R)
  52.37  936.27 v _233202_/Y (AO211x2_ASAP7_75t_R)
  75.07 1011.35 v _233212_/Y (OR3x4_ASAP7_75t_R)
  36.49 1047.84 v _233224_/Y (AO211x2_ASAP7_75t_R)
  72.45 1120.29 v _233232_/Y (OR5x2_ASAP7_75t_R)
  66.36 1186.65 v _233241_/Y (AO211x2_ASAP7_75t_R)
  53.27 1239.92 v _233257_/Y (OA33x2_ASAP7_75t_R)
  67.25 1307.17 v _233511_/Y (OR4x2_ASAP7_75t_R)
  72.60 1379.76 v _234026_/Y (OR5x2_ASAP7_75t_R)
  37.42 1417.18 v _234061_/Y (AO211x2_ASAP7_75t_R)
  59.22 1476.40 v _234065_/Y (OR5x2_ASAP7_75t_R)
  22.77 1499.17 v _251038_/Y (AO211x2_ASAP7_75t_R)
  56.12 1555.28 v _253799_/Y (OR4x2_ASAP7_75t_R)
  75.02 1630.30 v _270769_/Y (AO211x2_ASAP7_75t_R)
  79.12 1709.42 v _271164_/Y (OR4x2_ASAP7_75t_R)
  47.87 1757.29 v _271171_/Y (AO211x2_ASAP7_75t_R)
  81.20 1838.49 v _272527_/Y (OA33x2_ASAP7_75t_R)
  91.29 1929.78 v _273198_/Y (OR4x2_ASAP7_75t_R)
  60.20 1989.99 v _273309_/Y (OA31x2_ASAP7_75t_R)
  89.23 2079.22 v _273328_/Y (OR5x2_ASAP7_75t_R)
 149.43 2228.65 ^ _273597_/Y (AOI211x1_ASAP7_75t_R)
 133.73 2362.38 ^ _273603_/Y (AO31x2_ASAP7_75t_R)
 117.45 2479.83 ^ _274269_/Y (AO21x2_ASAP7_75t_R)
  84.62 2564.45 v _274272_/Y (NAND2x2_ASAP7_75t_R)
  36.41 2600.86 v load_slew376/Y (BUFx16f_ASAP7_75t_R)
  56.40 2657.27 v load_slew373/Y (BUFx16f_ASAP7_75t_R)
  31.19 2688.46 v _274273_/Y (AO21x1_ASAP7_75t_R)
  21.88 2710.34 v _274275_/Y (AO32x1_ASAP7_75t_R)
  19.73 2730.07 v _274280_/Y (AND2x2_ASAP7_75t_R)
  29.98 2760.05 v _274302_/Y (XNOR2x2_ASAP7_75t_R)
  25.11 2785.17 v _274308_/Y (AO21x2_ASAP7_75t_R)
  27.07 2812.23 v _274421_/Y (AND3x4_ASAP7_75t_R)
  23.87 2836.10 v _274850_/Y (OA22x2_ASAP7_75t_R)
  22.22 2858.32 v _274851_/Y (AND2x2_ASAP7_75t_R)
  36.29 2894.61 ^ _274870_/Y (XOR2x2_ASAP7_75t_R)
  23.75 2918.35 ^ _275511_/Y (AND2x2_ASAP7_75t_R)
  18.64 2937.00 v _275596_/Y (AOI221x1_ASAP7_75t_R)
  40.65 2977.65 v _275597_/Y (OA211x2_ASAP7_75t_R)
  33.56 3011.21 v _275601_/Y (OR4x1_ASAP7_75t_R)
  34.33 3045.54 ^ _275602_/Y (XOR2x2_ASAP7_75t_R)
  22.86 3068.40 ^ _275635_/Y (AND2x2_ASAP7_75t_R)
  41.71 3110.11 ^ _275936_/Y (AND4x2_ASAP7_75t_R)
  48.91 3159.03 v _275937_/Y (XNOR2x2_ASAP7_75t_R)
  18.83 3177.86 ^ _275938_/Y (NAND2x2_ASAP7_75t_R)
  31.52 3209.38 ^ _276104_/Y (AND4x1_ASAP7_75t_R)
  27.88 3237.25 ^ _284853_/Y (OR2x4_ASAP7_75t_R)
  22.23 3259.48 ^ _284854_/Y (OA211x2_ASAP7_75t_R)
  56.91 3316.39 v _286795_/Y (AOI221x1_ASAP7_75t_R)
  64.78 3381.16 v _286796_/Y (OR4x2_ASAP7_75t_R)
  23.48 3404.64 v _286807_/Y (AO21x1_ASAP7_75t_R)
  19.25 3423.89 v _287472_/Y (AO21x1_ASAP7_75t_R)
  35.04 3458.93 v _287473_/Y (AO221x2_ASAP7_75t_R)
  22.68 3481.61 v _308410_/Y (AND3x1_ASAP7_75t_R)
  23.49 3505.10 v _308411_/Y (OA21x2_ASAP7_75t_R)
  24.64 3529.73 v _353432_/Y (OA21x2_ASAP7_75t_R)
  72.35 3602.08 v _353447_/Y (OR5x2_ASAP7_75t_R)
  33.37 3635.45 v _353489_/Y (AND2x2_ASAP7_75t_R)
  21.63 3657.08 v _353490_/Y (OA211x2_ASAP7_75t_R)
  32.70 3689.78 v _353501_/Y (OR5x1_ASAP7_75t_R)
  28.35 3718.14 v _353502_/Y (XOR2x2_ASAP7_75t_R)
  18.04 3736.18 v _353628_/Y (OA21x2_ASAP7_75t_R)
  33.30 3769.48 v _353629_/Y (OR3x2_ASAP7_75t_R)
  28.98 3798.46 v _353630_/Y (AND2x6_ASAP7_75t_R)
  19.31 3817.77 v _353970_/Y (AO21x1_ASAP7_75t_R)
  23.35 3841.12 v _353971_/Y (MAJx2_ASAP7_75t_R)
  41.46 3882.58 ^ _353973_/Y (XOR2x2_ASAP7_75t_R)
  33.85 3916.43 ^ _353974_/Y (XNOR2x1_ASAP7_75t_R)
  25.91 3942.34 ^ _353975_/Y (AND2x2_ASAP7_75t_R)
  12.31 3954.64 v _353976_/Y (INVx1_ASAP7_75t_R)
  30.68 3985.32 v _353977_/Y (AO221x2_ASAP7_75t_R)
  11.14 3996.46 ^ _353986_/Y (AOI21x1_ASAP7_75t_R)
  17.18 4013.64 ^ _353989_/Y (OA21x2_ASAP7_75t_R)
  35.27 4048.90 ^ _354011_/Y (OA21x2_ASAP7_75t_R)
  33.14 4082.04 ^ _354261_/Y (MAJx2_ASAP7_75t_R)
  20.35 4102.40 ^ _354262_/Y (MAJx2_ASAP7_75t_R)
  37.45 4139.85 v _354264_/Y (XNOR2x2_ASAP7_75t_R)
  49.68 4189.53 v _354409_/Y (OR3x4_ASAP7_75t_R)
  30.02 4219.55 v _354605_/Y (OR4x1_ASAP7_75t_R)
  28.24 4247.79 v _354606_/Y (OA211x2_ASAP7_75t_R)
  34.95 4282.74 ^ _354607_/Y (XOR2x2_ASAP7_75t_R)
  26.75 4309.49 ^ _354975_/Y (OR2x6_ASAP7_75t_R)
  21.78 4331.27 ^ _354978_/Y (AND3x1_ASAP7_75t_R)
  16.68 4347.95 ^ _354982_/Y (OA21x2_ASAP7_75t_R)
   6.56 4354.51 v _354985_/Y (NAND2x1_ASAP7_75t_R)
  34.37 4388.88 v _354990_/Y (AO32x2_ASAP7_75t_R)
  18.11 4406.99 v _370246_/Y (AND3x1_ASAP7_75t_R)
  22.69 4429.68 v _370247_/Y (AO221x1_ASAP7_75t_R)
  40.06 4469.73 ^ _370248_/Y (XOR2x2_ASAP7_75t_R)
  45.42 4515.15 v _370249_/Y (XNOR2x2_ASAP7_75t_R)
  11.40 4526.55 ^ _370414_/Y (NOR2x1_ASAP7_75t_R)
  40.93 4567.49 ^ _370415_/Y (AND5x2_ASAP7_75t_R)
  22.41 4589.90 ^ _370422_/Y (OR5x1_ASAP7_75t_R)
  15.81 4605.70 ^ _370423_/Y (OA21x2_ASAP7_75t_R)
  33.06 4638.77 ^ _370428_/Y (AND5x1_ASAP7_75t_R)
  25.72 4664.48 ^ _370429_/Y (XNOR2x2_ASAP7_75t_R)
  47.38 4711.86 ^ _370607_/Y (AND5x2_ASAP7_75t_R)
  53.65 4765.50 ^ _370655_/Y (AND5x2_ASAP7_75t_R)
  40.22 4805.72 ^ _370671_/Y (AND3x4_ASAP7_75t_R)
  52.28 4858.00 ^ _370698_/Y (AND4x2_ASAP7_75t_R)
  20.42 4878.42 v _371742_/Y (NAND2x2_ASAP7_75t_R)
  30.46 4908.88 v _371797_/Y (OA211x2_ASAP7_75t_R)
  30.89 4939.76 v _371801_/Y (OR4x1_ASAP7_75t_R)
  27.14 4966.91 v _371802_/Y (XNOR2x2_ASAP7_75t_R)
  36.66 5003.56 ^ _371803_/Y (XOR2x2_ASAP7_75t_R)
  24.88 5028.44 ^ _371817_/Y (AND3x1_ASAP7_75t_R)
  12.62 5041.06 v _371818_/Y (NOR2x1_ASAP7_75t_R)
  21.28 5062.34 ^ _371824_/Y (OAI22x1_ASAP7_75t_R)
  24.60 5086.95 ^ _371966_/Y (OR2x2_ASAP7_75t_R)
  14.48 5101.43 ^ _371969_/Y (OA21x2_ASAP7_75t_R)
  31.61 5133.05 ^ _371983_/Y (OA211x2_ASAP7_75t_R)
  48.86 5181.91 ^ _372027_/Y (OA211x2_ASAP7_75t_R)
  42.08 5223.99 ^ _372080_/Y (AND5x2_ASAP7_75t_R)
  39.76 5263.75 ^ _372083_/Y (AND4x2_ASAP7_75t_R)
  28.73 5292.47 ^ _372084_/Y (AND3x1_ASAP7_75t_R)
  26.03 5318.50 ^ _372085_/Y (AND2x2_ASAP7_75t_R)
  27.63 5346.13 ^ _372086_/Y (OA211x2_ASAP7_75t_R)
  30.59 5376.72 ^ _372100_/Y (OA211x2_ASAP7_75t_R)
  44.44 5421.16 ^ _374405_/Y (AND5x2_ASAP7_75t_R)
  51.71 5472.87 ^ _375921_/Y (AND5x2_ASAP7_75t_R)
  36.76 5509.63 ^ _376007_/Y (AND4x1_ASAP7_75t_R)
  10.04 5519.67 v _376008_/Y (NAND3x1_ASAP7_75t_R)
  26.42 5546.09 v _376018_/Y (AO32x1_ASAP7_75t_R)
  32.47 5578.56 ^ _376019_/Y (XOR2x2_ASAP7_75t_R)
  39.66 5618.22 ^ _377071_/Y (AND5x1_ASAP7_75t_R)
  39.09 5657.31 ^ _378907_/Y (AND5x2_ASAP7_75t_R)
  26.52 5683.84 ^ _379592_/Y (AND3x1_ASAP7_75t_R)
  21.14 5704.97 ^ _379626_/Y (XNOR2x1_ASAP7_75t_R)
  14.56 5719.53 v _379627_/Y (AOI22x1_ASAP7_75t_R)
  54.82 5774.36 v _379820_/Y (OR5x2_ASAP7_75t_R)
  37.00 5811.35 v _381581_/Y (AO221x2_ASAP7_75t_R)
  20.53 5831.89 v _381582_/Y (OA21x2_ASAP7_75t_R)
   0.01 5831.90 v v_decode.v_rf_ctrl.stage_rf_wr_data.internal_data[142]$_DFFE_PN_/D (DFFHQNx2_ASAP7_75t_R)
        5831.90   data arrival time

5000.00 5000.00   clock clk (rise edge)
   0.00 5000.00   clock network delay (ideal)
   0.00 5000.00   clock reconvergence pessimism
        5000.00 ^ v_decode.v_rf_ctrl.stage_rf_wr_data.internal_data[142]$_DFFE_PN_/CLK (DFFHQNx2_ASAP7_75t_R)
  -6.25 4993.75   library setup time
        4993.75   data required time
---------------------------------------------------------
        4993.75   data required time
        -5831.90   data arrival time
---------------------------------------------------------
        -838.15   slack (VIOLATED)



==========================================================================
detailed place report_checks -path_delay min reg to reg
--------------------------------------------------------------------------
Startpoint: v_decode.v_csr.vstart[4]$_DFF_PP0_
            (rising edge-triggered flip-flop clocked by clk)
Endpoint: v_decode.v_csr.vstart[4]$_DFF_PP0_
          (rising edge-triggered flip-flop clocked by clk)
Path Group: clk
Path Type: min

  Delay    Time   Description
---------------------------------------------------------
   0.00    0.00   clock clk (rise edge)
   0.00    0.00   clock network delay (ideal)
   0.00    0.00 ^ v_decode.v_csr.vstart[4]$_DFF_PP0_/CLK (DFFASRHQNx1_ASAP7_75t_R)
  36.86   36.86 ^ v_decode.v_csr.vstart[4]$_DFF_PP0_/QN (DFFASRHQNx1_ASAP7_75t_R)
   8.58   45.44 v _204678_/Y (OAI21x1_ASAP7_75t_R)
   0.02   45.46 v v_decode.v_csr.vstart[4]$_DFF_PP0_/D (DFFASRHQNx1_ASAP7_75t_R)
          45.46   data arrival time

   0.00    0.00   clock clk (rise edge)
   0.00    0.00   clock network delay (ideal)
   0.00    0.00   clock reconvergence pessimism
           0.00 ^ v_decode.v_csr.vstart[4]$_DFF_PP0_/CLK (DFFASRHQNx1_ASAP7_75t_R)
   9.03    9.03   library hold time
           9.03   data required time
---------------------------------------------------------
           9.03   data required time
         -45.46   data arrival time
---------------------------------------------------------
          36.43   slack (MET)



==========================================================================
detailed place critical path target clock latency max path
--------------------------------------------------------------------------
0.0000

==========================================================================
detailed place critical path target clock latency min path
--------------------------------------------------------------------------
0.0000

==========================================================================
detailed place critical path source clock latency min path
--------------------------------------------------------------------------
0.0000

==========================================================================
detailed place critical path delay
--------------------------------------------------------------------------
5831.8994

==========================================================================
detailed place critical path slack
--------------------------------------------------------------------------
-838.1526

==========================================================================
detailed place slack div critical path delay
--------------------------------------------------------------------------
-14.371863

==========================================================================
detailed place report_power
--------------------------------------------------------------------------
Group                  Internal  Switching    Leakage      Total
                          Power      Power      Power      Power (Watts)
----------------------------------------------------------------
Sequential             3.05e-03   9.52e-04   8.28e-07   4.00e-03  32.8%
Combinational          3.73e-03   4.44e-03   2.97e-05   8.20e-03  67.2%
Clock                  0.00e+00   0.00e+00   0.00e+00   0.00e+00   0.0%
Macro                  0.00e+00   0.00e+00   0.00e+00   0.00e+00   0.0%
Pad                    0.00e+00   0.00e+00   0.00e+00   0.00e+00   0.0%
----------------------------------------------------------------
Total                  6.78e-03   5.39e-03   3.05e-05   1.22e-02 100.0%
                          55.6%      44.2%       0.3%
