
==========================================================================
resizer report_tns
--------------------------------------------------------------------------
tns 0.00

==========================================================================
resizer report_wns
--------------------------------------------------------------------------
wns 0.00

==========================================================================
resizer report_worst_slack
--------------------------------------------------------------------------
worst slack 32.91

==========================================================================
resizer report_checks -path_delay min
--------------------------------------------------------------------------
Startpoint: srca[94] (input port clocked by clk)
Endpoint: srca_alu[126] (output port clocked by clk)
Path Group: clk
Path Type: min

Fanout     Cap    Slew   Delay    Time   Description
-----------------------------------------------------------------------------
                  0.00    0.00    0.00   clock clk (rise edge)
                          0.00    0.00   clock network delay (ideal)
                         12.00   12.00 ^ input external delay
     1    0.00    0.00    0.00   12.00 ^ srca[94] (in)
                                         srca[94] (net)
                  0.00    0.00   12.00 ^ _675_/A (sky130_fd_sc_hd__clkbuf_1)
     1    0.00    0.04    0.06   12.06 ^ _675_/X (sky130_fd_sc_hd__clkbuf_1)
                                         net155 (net)
                  0.04    0.00   12.06 ^ output155/A (sky130_fd_sc_hd__clkbuf_1)
     1    0.00    0.02    0.06   12.12 ^ output155/X (sky130_fd_sc_hd__clkbuf_1)
                                         srca_alu[126] (net)
                  0.02    0.00   12.12 ^ srca_alu[126] (out)
                                 12.12   data arrival time

                  0.00    0.00    0.00   clock clk (rise edge)
                          0.00    0.00   clock network delay (ideal)
                          0.00    0.00   clock reconvergence pessimism
                        -12.00  -12.00   output external delay
                                -12.00   data required time
-----------------------------------------------------------------------------
                                -12.00   data required time
                                -12.12   data arrival time
-----------------------------------------------------------------------------
                                 24.12   slack (MET)



==========================================================================
resizer report_checks -path_delay max
--------------------------------------------------------------------------
Startpoint: vtype[5] (input port clocked by clk)
Endpoint: srca_alu[4] (output port clocked by clk)
Path Group: clk
Path Type: max

Fanout     Cap    Slew   Delay    Time   Description
-----------------------------------------------------------------------------
                  0.00    0.00    0.00   clock clk (rise edge)
                          0.00    0.00   clock network delay (ideal)
                         12.00   12.00 ^ input external delay
     1    0.05    0.00    0.00   12.00 ^ vtype[5] (in)
                                         vtype[5] (net)
                  0.01    0.00   12.00 ^ input59/A (sky130_fd_sc_hd__buf_16)
    23    0.34    0.27    0.21   12.22 ^ input59/X (sky130_fd_sc_hd__buf_16)
                                         net59 (net)
                  0.56    0.24   12.45 ^ _241_/C_N (sky130_fd_sc_hd__or3b_4)
     9    0.11    0.20    0.62   13.07 v _241_/X (sky130_fd_sc_hd__or3b_4)
                                         net72 (net)
                  0.20    0.00   13.08 v _244_/B (sky130_fd_sc_hd__nand2_8)
    10    0.28    0.44    0.37   13.45 ^ _244_/Y (sky130_fd_sc_hd__nand2_8)
                                         net67 (net)
                  0.44    0.01   13.46 ^ _530_/A1 (sky130_fd_sc_hd__a311oi_4)
     3    0.02    0.18    0.23   13.69 v _530_/Y (sky130_fd_sc_hd__a311oi_4)
                                         _216_ (net)
                  0.18    0.00   13.69 v _534_/A2 (sky130_fd_sc_hd__a211oi_4)
     1    0.10    1.10    0.96   14.65 ^ _534_/Y (sky130_fd_sc_hd__a211oi_4)
                                         net229 (net)
                  1.10    0.03   14.67 ^ wire455/A (sky130_fd_sc_hd__buf_12)
     1    0.14    0.17    0.28   14.95 ^ wire455/X (sky130_fd_sc_hd__buf_12)
                                         net455 (net)
                  0.19    0.05   15.00 ^ output229/A (sky130_fd_sc_hd__clkbuf_1)
     1    0.00    0.02    0.09   15.09 ^ output229/X (sky130_fd_sc_hd__clkbuf_1)
                                         srca_alu[4] (net)
                  0.02    0.00   15.09 ^ srca_alu[4] (out)
                                 15.09   data arrival time

                  0.00   60.00   60.00   clock clk (rise edge)
                          0.00   60.00   clock network delay (ideal)
                          0.00   60.00   clock reconvergence pessimism
                        -12.00   48.00   output external delay
                                 48.00   data required time
-----------------------------------------------------------------------------
                                 48.00   data required time
                                -15.09   data arrival time
-----------------------------------------------------------------------------
                                 32.91   slack (MET)



==========================================================================
resizer report_checks -unconstrained
--------------------------------------------------------------------------
Startpoint: vtype[5] (input port clocked by clk)
Endpoint: srca_alu[4] (output port clocked by clk)
Path Group: clk
Path Type: max

Fanout     Cap    Slew   Delay    Time   Description
-----------------------------------------------------------------------------
                  0.00    0.00    0.00   clock clk (rise edge)
                          0.00    0.00   clock network delay (ideal)
                         12.00   12.00 ^ input external delay
     1    0.05    0.00    0.00   12.00 ^ vtype[5] (in)
                                         vtype[5] (net)
                  0.01    0.00   12.00 ^ input59/A (sky130_fd_sc_hd__buf_16)
    23    0.34    0.27    0.21   12.22 ^ input59/X (sky130_fd_sc_hd__buf_16)
                                         net59 (net)
                  0.56    0.24   12.45 ^ _241_/C_N (sky130_fd_sc_hd__or3b_4)
     9    0.11    0.20    0.62   13.07 v _241_/X (sky130_fd_sc_hd__or3b_4)
                                         net72 (net)
                  0.20    0.00   13.08 v _244_/B (sky130_fd_sc_hd__nand2_8)
    10    0.28    0.44    0.37   13.45 ^ _244_/Y (sky130_fd_sc_hd__nand2_8)
                                         net67 (net)
                  0.44    0.01   13.46 ^ _530_/A1 (sky130_fd_sc_hd__a311oi_4)
     3    0.02    0.18    0.23   13.69 v _530_/Y (sky130_fd_sc_hd__a311oi_4)
                                         _216_ (net)
                  0.18    0.00   13.69 v _534_/A2 (sky130_fd_sc_hd__a211oi_4)
     1    0.10    1.10    0.96   14.65 ^ _534_/Y (sky130_fd_sc_hd__a211oi_4)
                                         net229 (net)
                  1.10    0.03   14.67 ^ wire455/A (sky130_fd_sc_hd__buf_12)
     1    0.14    0.17    0.28   14.95 ^ wire455/X (sky130_fd_sc_hd__buf_12)
                                         net455 (net)
                  0.19    0.05   15.00 ^ output229/A (sky130_fd_sc_hd__clkbuf_1)
     1    0.00    0.02    0.09   15.09 ^ output229/X (sky130_fd_sc_hd__clkbuf_1)
                                         srca_alu[4] (net)
                  0.02    0.00   15.09 ^ srca_alu[4] (out)
                                 15.09   data arrival time

                  0.00   60.00   60.00   clock clk (rise edge)
                          0.00   60.00   clock network delay (ideal)
                          0.00   60.00   clock reconvergence pessimism
                        -12.00   48.00   output external delay
                                 48.00   data required time
-----------------------------------------------------------------------------
                                 48.00   data required time
                                -15.09   data arrival time
-----------------------------------------------------------------------------
                                 32.91   slack (MET)



==========================================================================
resizer report_check_types -max_slew -max_cap -max_fanout -violators
--------------------------------------------------------------------------

==========================================================================
resizer max_slew_check_slack
--------------------------------------------------------------------------
0.20734259486198425

==========================================================================
resizer max_slew_check_limit
--------------------------------------------------------------------------
1.5

==========================================================================
resizer max_slew_check_slack_limit
--------------------------------------------------------------------------
0.1382

==========================================================================
resizer max_fanout_check_slack
--------------------------------------------------------------------------
1.0000000150474662e+30

==========================================================================
resizer max_fanout_check_limit
--------------------------------------------------------------------------
1.0000000150474662e+30

==========================================================================
resizer max_capacitance_check_slack
--------------------------------------------------------------------------
0.029126370325684547

==========================================================================
resizer max_capacitance_check_limit
--------------------------------------------------------------------------
0.03663099929690361

==========================================================================
resizer max_capacitance_check_slack_limit
--------------------------------------------------------------------------
0.7951

==========================================================================
resizer max_slew_violation_count
--------------------------------------------------------------------------
max slew violation count 0

==========================================================================
resizer max_fanout_violation_count
--------------------------------------------------------------------------
max fanout violation count 0

==========================================================================
resizer max_cap_violation_count
--------------------------------------------------------------------------
max cap violation count 0

==========================================================================
resizer setup_violation_count
--------------------------------------------------------------------------
setup violation count 0

==========================================================================
resizer hold_violation_count
--------------------------------------------------------------------------
hold violation count 0

==========================================================================
resizer critical path delay
--------------------------------------------------------------------------
15.0882

==========================================================================
resizer critical path slack
--------------------------------------------------------------------------
32.9118

==========================================================================
resizer slack div critical path delay
--------------------------------------------------------------------------
218.129399

==========================================================================
resizer report_power
--------------------------------------------------------------------------
Group                  Internal  Switching    Leakage      Total
                          Power      Power      Power      Power (Watts)
----------------------------------------------------------------
Sequential             0.00e+00   0.00e+00   0.00e+00   0.00e+00   0.0%
Combinational          3.60e-05   7.88e-05   3.92e-09   1.15e-04 100.0%
Clock                  0.00e+00   0.00e+00   0.00e+00   0.00e+00   0.0%
Macro                  0.00e+00   0.00e+00   0.00e+00   0.00e+00   0.0%
Pad                    0.00e+00   0.00e+00   0.00e+00   0.00e+00   0.0%
----------------------------------------------------------------
Total                  3.60e-05   7.88e-05   3.92e-09   1.15e-04 100.0%
                          31.3%      68.7%       0.0%
