
==========================================================================
resizer report_tns
--------------------------------------------------------------------------
tns 0.00

==========================================================================
resizer report_wns
--------------------------------------------------------------------------
wns 0.00

==========================================================================
resizer report_worst_slack
--------------------------------------------------------------------------
worst slack 2630.45

==========================================================================
resizer report_checks -path_delay min
--------------------------------------------------------------------------
Startpoint: src_data[45] (input port clocked by clk)
Endpoint: result[45] (output port clocked by clk)
Path Group: clk
Path Type: min

Fanout     Cap    Slew   Delay    Time   Description
-----------------------------------------------------------------------------
                  0.00    0.00    0.00   clock clk (rise edge)
                          0.00    0.00   clock network delay (ideal)
                       1000.00 1000.00 ^ input external delay
     1    0.50    0.00    0.00 1000.00 ^ src_data[45] (in)
                                         src_data[45] (net)
                  0.01    0.00 1000.00 ^ input74/A (BUFx2_ASAP7_75t_R)
     5    2.36   10.27   12.75 1012.75 ^ input74/Y (BUFx2_ASAP7_75t_R)
                                         net74 (net)
                 10.27    0.03 1012.79 ^ _605_/A1 (AO22x1_ASAP7_75t_R)
     1    0.49    6.94   15.33 1028.12 ^ _605_/Y (AO22x1_ASAP7_75t_R)
                                         net202 (net)
                  6.94    0.00 1028.12 ^ output202/A (BUFx2_ASAP7_75t_R)
     1    0.07    3.75   11.23 1039.35 ^ output202/Y (BUFx2_ASAP7_75t_R)
                                         result[45] (net)
                  3.75    0.00 1039.35 ^ result[45] (out)
                               1039.35   data arrival time

                  0.00    0.00    0.00   clock clk (rise edge)
                          0.00    0.00   clock network delay (ideal)
                          0.00    0.00   clock reconvergence pessimism
                       -1000.00 -1000.00   output external delay
                               -1000.00   data required time
-----------------------------------------------------------------------------
                               -1000.00   data required time
                               -1039.35   data arrival time
-----------------------------------------------------------------------------
                               2039.35   slack (MET)



==========================================================================
resizer report_checks -path_delay max
--------------------------------------------------------------------------
Startpoint: invert (input port clocked by clk)
Endpoint: result[86] (output port clocked by clk)
Path Group: clk
Path Type: max

Fanout     Cap    Slew   Delay    Time   Description
-----------------------------------------------------------------------------
                  0.00    0.00    0.00   clock clk (rise edge)
                          0.00    0.00   clock network delay (ideal)
                       1000.00 1000.00 v input external delay
     1    2.64    0.00    0.00 1000.00 v invert (in)
                                         invert (net)
                  0.05    0.02 1000.02 v input1/A (BUFx16f_ASAP7_75t_R)
   129   77.03   39.56   19.72 1019.74 v input1/Y (BUFx16f_ASAP7_75t_R)
                                         net1 (net)
                 66.73   18.09 1037.83 v _352_/B (NAND2x2_ASAP7_75t_R)
   128   71.88  274.21  129.97 1167.80 ^ _352_/Y (NAND2x2_ASAP7_75t_R)
                                         _010_ (net)
                278.25   18.62 1186.43 ^ _766_/A2 (AO22x2_ASAP7_75t_R)
     1   22.26   72.44   66.38 1252.81 ^ _766_/Y (AO22x2_ASAP7_75t_R)
                                         net247 (net)
                139.06   38.03 1290.84 ^ wire264/A (BUFx16f_ASAP7_75t_R)
     1   18.28   13.52   33.37 1324.20 ^ wire264/Y (BUFx16f_ASAP7_75t_R)
                                         net264 (net)
                 73.85   22.92 1347.13 ^ output247/A (BUFx2_ASAP7_75t_R)
     1    0.02    6.06   22.43 1369.55 ^ output247/Y (BUFx2_ASAP7_75t_R)
                                         result[86] (net)
                  6.06    0.00 1369.55 ^ result[86] (out)
                               1369.55   data arrival time

                  0.00 5000.00 5000.00   clock clk (rise edge)
                          0.00 5000.00   clock network delay (ideal)
                          0.00 5000.00   clock reconvergence pessimism
                       -1000.00 4000.00   output external delay
                               4000.00   data required time
-----------------------------------------------------------------------------
                               4000.00   data required time
                               -1369.55   data arrival time
-----------------------------------------------------------------------------
                               2630.45   slack (MET)



==========================================================================
resizer report_checks -unconstrained
--------------------------------------------------------------------------
Startpoint: invert (input port clocked by clk)
Endpoint: result[86] (output port clocked by clk)
Path Group: clk
Path Type: max

Fanout     Cap    Slew   Delay    Time   Description
-----------------------------------------------------------------------------
                  0.00    0.00    0.00   clock clk (rise edge)
                          0.00    0.00   clock network delay (ideal)
                       1000.00 1000.00 v input external delay
     1    2.64    0.00    0.00 1000.00 v invert (in)
                                         invert (net)
                  0.05    0.02 1000.02 v input1/A (BUFx16f_ASAP7_75t_R)
   129   77.03   39.56   19.72 1019.74 v input1/Y (BUFx16f_ASAP7_75t_R)
                                         net1 (net)
                 66.73   18.09 1037.83 v _352_/B (NAND2x2_ASAP7_75t_R)
   128   71.88  274.21  129.97 1167.80 ^ _352_/Y (NAND2x2_ASAP7_75t_R)
                                         _010_ (net)
                278.25   18.62 1186.43 ^ _766_/A2 (AO22x2_ASAP7_75t_R)
     1   22.26   72.44   66.38 1252.81 ^ _766_/Y (AO22x2_ASAP7_75t_R)
                                         net247 (net)
                139.06   38.03 1290.84 ^ wire264/A (BUFx16f_ASAP7_75t_R)
     1   18.28   13.52   33.37 1324.20 ^ wire264/Y (BUFx16f_ASAP7_75t_R)
                                         net264 (net)
                 73.85   22.92 1347.13 ^ output247/A (BUFx2_ASAP7_75t_R)
     1    0.02    6.06   22.43 1369.55 ^ output247/Y (BUFx2_ASAP7_75t_R)
                                         result[86] (net)
                  6.06    0.00 1369.55 ^ result[86] (out)
                               1369.55   data arrival time

                  0.00 5000.00 5000.00   clock clk (rise edge)
                          0.00 5000.00   clock network delay (ideal)
                          0.00 5000.00   clock reconvergence pessimism
                       -1000.00 4000.00   output external delay
                               4000.00   data required time
-----------------------------------------------------------------------------
                               4000.00   data required time
                               -1369.55   data arrival time
-----------------------------------------------------------------------------
                               2630.45   slack (MET)



==========================================================================
resizer report_check_types -max_slew -max_cap -max_fanout -violators
--------------------------------------------------------------------------

==========================================================================
resizer max_slew_check_slack
--------------------------------------------------------------------------
41.55392837524414

==========================================================================
resizer max_slew_check_limit
--------------------------------------------------------------------------
320.0

==========================================================================
resizer max_slew_check_slack_limit
--------------------------------------------------------------------------
0.1299

==========================================================================
resizer max_fanout_check_slack
--------------------------------------------------------------------------
1.0000000150474662e+30

==========================================================================
resizer max_fanout_check_limit
--------------------------------------------------------------------------
1.0000000150474662e+30

==========================================================================
resizer max_capacitance_check_slack
--------------------------------------------------------------------------
19.553911209106445

==========================================================================
resizer max_capacitance_check_limit
--------------------------------------------------------------------------
92.16000366210938

==========================================================================
resizer max_capacitance_check_slack_limit
--------------------------------------------------------------------------
0.2122

==========================================================================
resizer max_slew_violation_count
--------------------------------------------------------------------------
max slew violation count 0

==========================================================================
resizer max_fanout_violation_count
--------------------------------------------------------------------------
max fanout violation count 0

==========================================================================
resizer max_cap_violation_count
--------------------------------------------------------------------------
max cap violation count 0

==========================================================================
resizer setup_violation_count
--------------------------------------------------------------------------
setup violation count 0

==========================================================================
resizer hold_violation_count
--------------------------------------------------------------------------
hold violation count 0

==========================================================================
resizer critical path delay
--------------------------------------------------------------------------
1369.5548

==========================================================================
resizer critical path slack
--------------------------------------------------------------------------
2630.4453

==========================================================================
resizer slack div critical path delay
--------------------------------------------------------------------------
192.065721

==========================================================================
resizer report_power
--------------------------------------------------------------------------
Group                  Internal  Switching    Leakage      Total
                          Power      Power      Power      Power (Watts)
----------------------------------------------------------------
Sequential             0.00e+00   0.00e+00   0.00e+00   0.00e+00   0.0%
Combinational          1.53e-05   1.53e-05   3.71e-08   3.07e-05 100.0%
Clock                  0.00e+00   0.00e+00   0.00e+00   0.00e+00   0.0%
Macro                  0.00e+00   0.00e+00   0.00e+00   0.00e+00   0.0%
Pad                    0.00e+00   0.00e+00   0.00e+00   0.00e+00   0.0%
----------------------------------------------------------------
Total                  1.53e-05   1.53e-05   3.71e-08   3.07e-05 100.0%
                          49.9%      49.9%       0.1%
