
==========================================================================
global route report_tns
--------------------------------------------------------------------------
tns 0.00

==========================================================================
global route report_wns
--------------------------------------------------------------------------
wns 0.00

==========================================================================
global route report_worst_slack
--------------------------------------------------------------------------
worst slack 6.75

==========================================================================
global route report_clock_skew
--------------------------------------------------------------------------
Clock clk
No launch/capture paths found.


==========================================================================
global route report_checks -path_delay min
--------------------------------------------------------------------------
Startpoint: srca[91] (input port clocked by clk)
Endpoint: result[59] (output port clocked by clk)
Path Group: clk
Path Type: min

Fanout     Cap    Slew   Delay    Time   Description
-----------------------------------------------------------------------------
                  0.00    0.00    0.00   clock clk (rise edge)
                          0.00    0.00   clock network delay (ideal)
                          4.00    4.00 ^ input external delay
     1    0.01    0.00    0.00    4.00 ^ srca[91] (in)
                                         srca[91] (net)
                  0.00    0.00    4.00 ^ input132/I (gf180mcu_fd_sc_mcu9t5v0__clkbuf_2)
     2    0.04    0.18    0.19    4.19 ^ input132/Z (gf180mcu_fd_sc_mcu9t5v0__clkbuf_2)
                                         net132 (net)
                  0.18    0.00    4.19 ^ _1969_/A1 (gf180mcu_fd_sc_mcu9t5v0__aoi222_4)
     3    0.07    0.17    0.13    4.32 v _1969_/ZN (gf180mcu_fd_sc_mcu9t5v0__aoi222_4)
                                         _0274_ (net)
                  0.17    0.00    4.32 v _1970_/B (gf180mcu_fd_sc_mcu9t5v0__oai21_4)
     7    0.09    0.26    0.21    4.53 ^ _1970_/ZN (gf180mcu_fd_sc_mcu9t5v0__oai21_4)
                                         net367 (net)
                  0.26    0.00    4.53 ^ output367/I (gf180mcu_fd_sc_mcu9t5v0__dlyb_2)
     1    0.00    0.08    0.57    5.11 ^ output367/Z (gf180mcu_fd_sc_mcu9t5v0__dlyb_2)
                                         result[59] (net)
                  0.08    0.00    5.11 ^ result[59] (out)
                                  5.11   data arrival time

                  0.00    0.00    0.00   clock clk (rise edge)
                          0.00    0.00   clock network delay (ideal)
                          0.00    0.00   clock reconvergence pessimism
                         -4.00   -4.00   output external delay
                                 -4.00   data required time
-----------------------------------------------------------------------------
                                 -4.00   data required time
                                 -5.11   data arrival time
-----------------------------------------------------------------------------
                                  9.11   slack (MET)



==========================================================================
global route report_checks -path_delay max
--------------------------------------------------------------------------
Startpoint: srcb[2] (input port clocked by clk)
Endpoint: result[126] (output port clocked by clk)
Path Group: clk
Path Type: max

Fanout     Cap    Slew   Delay    Time   Description
-----------------------------------------------------------------------------
                  0.00    0.00    0.00   clock clk (rise edge)
                          0.00    0.00   clock network delay (ideal)
                          4.00    4.00 v input external delay
     1    0.01    0.00    0.00    4.00 v srcb[2] (in)
                                         srcb[2] (net)
                  0.00    0.00    4.00 v input209/I (gf180mcu_fd_sc_mcu9t5v0__dlyb_2)
     1    0.04    0.25    0.78    4.78 v input209/Z (gf180mcu_fd_sc_mcu9t5v0__dlyb_2)
                                         net209 (net)
                  0.25    0.00    4.78 v _1110_/A2 (gf180mcu_fd_sc_mcu9t5v0__oai21_4)
     8    0.43    1.39    0.86    5.64 ^ _1110_/ZN (gf180mcu_fd_sc_mcu9t5v0__oai21_4)
                                         _0550_ (net)
                  1.39    0.01    5.64 ^ _1383_/A2 (gf180mcu_fd_sc_mcu9t5v0__oai22_4)
     5    0.16    0.61    0.34    5.99 v _1383_/ZN (gf180mcu_fd_sc_mcu9t5v0__oai22_4)
                                         _0814_ (net)
                  0.61    0.00    5.99 v _1401_/A1 (gf180mcu_fd_sc_mcu9t5v0__or2_2)
     4    0.09    0.22    0.48    6.47 v _1401_/Z (gf180mcu_fd_sc_mcu9t5v0__or2_2)
                                         _0831_ (net)
                  0.22    0.00    6.47 v _1437_/A1 (gf180mcu_fd_sc_mcu9t5v0__oai21_4)
     3    0.06    0.26    0.21    6.68 ^ _1437_/ZN (gf180mcu_fd_sc_mcu9t5v0__oai21_4)
                                         _0867_ (net)
                  0.26    0.00    6.68 ^ _1447_/I (gf180mcu_fd_sc_mcu9t5v0__inv_4)
     3    0.13    0.18    0.14    6.82 v _1447_/ZN (gf180mcu_fd_sc_mcu9t5v0__inv_4)
                                         net336 (net)
                  0.18    0.00    6.83 v _1450_/A2 (gf180mcu_fd_sc_mcu9t5v0__oai21_4)
     2    0.05    0.26    0.19    7.02 ^ _1450_/ZN (gf180mcu_fd_sc_mcu9t5v0__oai21_4)
                                         _0879_ (net)
                  0.26    0.00    7.02 ^ _1451_/A4 (gf180mcu_fd_sc_mcu9t5v0__nand4_4)
     3    0.04    0.18    0.13    7.15 v _1451_/ZN (gf180mcu_fd_sc_mcu9t5v0__nand4_4)
                                         _0880_ (net)
                  0.18    0.00    7.15 v _1456_/A1 (gf180mcu_fd_sc_mcu9t5v0__nand2_2)
     2    0.05    0.26    0.19    7.34 ^ _1456_/ZN (gf180mcu_fd_sc_mcu9t5v0__nand2_2)
                                         _0885_ (net)
                  0.26    0.00    7.34 ^ _1457_/I (gf180mcu_fd_sc_mcu9t5v0__inv_4)
     4    0.08    0.13    0.10    7.44 v _1457_/ZN (gf180mcu_fd_sc_mcu9t5v0__inv_4)
                                         net371 (net)
                  0.13    0.00    7.44 v _1476_/A2 (gf180mcu_fd_sc_mcu9t5v0__nor4_4)
     1    0.03    0.36    0.22    7.65 ^ _1476_/ZN (gf180mcu_fd_sc_mcu9t5v0__nor4_4)
                                         _0903_ (net)
                  0.36    0.00    7.66 ^ _1484_/A2 (gf180mcu_fd_sc_mcu9t5v0__oai211_4)
     4    0.12    0.37    0.25    7.91 v _1484_/ZN (gf180mcu_fd_sc_mcu9t5v0__oai211_4)
                                         net288 (net)
                  0.37    0.00    7.91 v _2181_/A1 (gf180mcu_fd_sc_mcu9t5v0__nor3_4)
     2    0.05    0.36    0.28    8.19 ^ _2181_/ZN (gf180mcu_fd_sc_mcu9t5v0__nor3_4)
                                         _0458_ (net)
                  0.36    0.00    8.19 ^ _2249_/B1 (gf180mcu_fd_sc_mcu9t5v0__oai221_4)
     1    0.07    0.33    0.20    8.38 v _2249_/ZN (gf180mcu_fd_sc_mcu9t5v0__oai221_4)
                                         net314 (net)
                  0.33    0.00    8.39 v output314/I (gf180mcu_fd_sc_mcu9t5v0__dlyb_2)
     1    0.03    0.23    0.87    9.25 v output314/Z (gf180mcu_fd_sc_mcu9t5v0__dlyb_2)
                                         result[126] (net)
                  0.23    0.00    9.25 v result[126] (out)
                                  9.25   data arrival time

                  0.00   20.00   20.00   clock clk (rise edge)
                          0.00   20.00   clock network delay (ideal)
                          0.00   20.00   clock reconvergence pessimism
                         -4.00   16.00   output external delay
                                 16.00   data required time
-----------------------------------------------------------------------------
                                 16.00   data required time
                                 -9.25   data arrival time
-----------------------------------------------------------------------------
                                  6.75   slack (MET)



==========================================================================
global route report_checks -unconstrained
--------------------------------------------------------------------------
Startpoint: srcb[2] (input port clocked by clk)
Endpoint: result[126] (output port clocked by clk)
Path Group: clk
Path Type: max

Fanout     Cap    Slew   Delay    Time   Description
-----------------------------------------------------------------------------
                  0.00    0.00    0.00   clock clk (rise edge)
                          0.00    0.00   clock network delay (ideal)
                          4.00    4.00 v input external delay
     1    0.01    0.00    0.00    4.00 v srcb[2] (in)
                                         srcb[2] (net)
                  0.00    0.00    4.00 v input209/I (gf180mcu_fd_sc_mcu9t5v0__dlyb_2)
     1    0.04    0.25    0.78    4.78 v input209/Z (gf180mcu_fd_sc_mcu9t5v0__dlyb_2)
                                         net209 (net)
                  0.25    0.00    4.78 v _1110_/A2 (gf180mcu_fd_sc_mcu9t5v0__oai21_4)
     8    0.43    1.39    0.86    5.64 ^ _1110_/ZN (gf180mcu_fd_sc_mcu9t5v0__oai21_4)
                                         _0550_ (net)
                  1.39    0.01    5.64 ^ _1383_/A2 (gf180mcu_fd_sc_mcu9t5v0__oai22_4)
     5    0.16    0.61    0.34    5.99 v _1383_/ZN (gf180mcu_fd_sc_mcu9t5v0__oai22_4)
                                         _0814_ (net)
                  0.61    0.00    5.99 v _1401_/A1 (gf180mcu_fd_sc_mcu9t5v0__or2_2)
     4    0.09    0.22    0.48    6.47 v _1401_/Z (gf180mcu_fd_sc_mcu9t5v0__or2_2)
                                         _0831_ (net)
                  0.22    0.00    6.47 v _1437_/A1 (gf180mcu_fd_sc_mcu9t5v0__oai21_4)
     3    0.06    0.26    0.21    6.68 ^ _1437_/ZN (gf180mcu_fd_sc_mcu9t5v0__oai21_4)
                                         _0867_ (net)
                  0.26    0.00    6.68 ^ _1447_/I (gf180mcu_fd_sc_mcu9t5v0__inv_4)
     3    0.13    0.18    0.14    6.82 v _1447_/ZN (gf180mcu_fd_sc_mcu9t5v0__inv_4)
                                         net336 (net)
                  0.18    0.00    6.83 v _1450_/A2 (gf180mcu_fd_sc_mcu9t5v0__oai21_4)
     2    0.05    0.26    0.19    7.02 ^ _1450_/ZN (gf180mcu_fd_sc_mcu9t5v0__oai21_4)
                                         _0879_ (net)
                  0.26    0.00    7.02 ^ _1451_/A4 (gf180mcu_fd_sc_mcu9t5v0__nand4_4)
     3    0.04    0.18    0.13    7.15 v _1451_/ZN (gf180mcu_fd_sc_mcu9t5v0__nand4_4)
                                         _0880_ (net)
                  0.18    0.00    7.15 v _1456_/A1 (gf180mcu_fd_sc_mcu9t5v0__nand2_2)
     2    0.05    0.26    0.19    7.34 ^ _1456_/ZN (gf180mcu_fd_sc_mcu9t5v0__nand2_2)
                                         _0885_ (net)
                  0.26    0.00    7.34 ^ _1457_/I (gf180mcu_fd_sc_mcu9t5v0__inv_4)
     4    0.08    0.13    0.10    7.44 v _1457_/ZN (gf180mcu_fd_sc_mcu9t5v0__inv_4)
                                         net371 (net)
                  0.13    0.00    7.44 v _1476_/A2 (gf180mcu_fd_sc_mcu9t5v0__nor4_4)
     1    0.03    0.36    0.22    7.65 ^ _1476_/ZN (gf180mcu_fd_sc_mcu9t5v0__nor4_4)
                                         _0903_ (net)
                  0.36    0.00    7.66 ^ _1484_/A2 (gf180mcu_fd_sc_mcu9t5v0__oai211_4)
     4    0.12    0.37    0.25    7.91 v _1484_/ZN (gf180mcu_fd_sc_mcu9t5v0__oai211_4)
                                         net288 (net)
                  0.37    0.00    7.91 v _2181_/A1 (gf180mcu_fd_sc_mcu9t5v0__nor3_4)
     2    0.05    0.36    0.28    8.19 ^ _2181_/ZN (gf180mcu_fd_sc_mcu9t5v0__nor3_4)
                                         _0458_ (net)
                  0.36    0.00    8.19 ^ _2249_/B1 (gf180mcu_fd_sc_mcu9t5v0__oai221_4)
     1    0.07    0.33    0.20    8.38 v _2249_/ZN (gf180mcu_fd_sc_mcu9t5v0__oai221_4)
                                         net314 (net)
                  0.33    0.00    8.39 v output314/I (gf180mcu_fd_sc_mcu9t5v0__dlyb_2)
     1    0.03    0.23    0.87    9.25 v output314/Z (gf180mcu_fd_sc_mcu9t5v0__dlyb_2)
                                         result[126] (net)
                  0.23    0.00    9.25 v result[126] (out)
                                  9.25   data arrival time

                  0.00   20.00   20.00   clock clk (rise edge)
                          0.00   20.00   clock network delay (ideal)
                          0.00   20.00   clock reconvergence pessimism
                         -4.00   16.00   output external delay
                                 16.00   data required time
-----------------------------------------------------------------------------
                                 16.00   data required time
                                 -9.25   data arrival time
-----------------------------------------------------------------------------
                                  6.75   slack (MET)



==========================================================================
global route report_check_types -max_slew -max_cap -max_fanout -violators
--------------------------------------------------------------------------

==========================================================================
global route max_slew_check_slack
--------------------------------------------------------------------------
0.47637850046157837

==========================================================================
global route max_slew_check_limit
--------------------------------------------------------------------------
2.799999952316284

==========================================================================
global route max_slew_check_slack_limit
--------------------------------------------------------------------------
0.1701

==========================================================================
global route max_fanout_check_slack
--------------------------------------------------------------------------
1.0000000150474662e+30

==========================================================================
global route max_fanout_check_limit
--------------------------------------------------------------------------
1.0000000150474662e+30

==========================================================================
global route max_capacitance_check_slack
--------------------------------------------------------------------------
0.210146963596344

==========================================================================
global route max_capacitance_check_limit
--------------------------------------------------------------------------
0.22310000658035278

==========================================================================
global route max_capacitance_check_slack_limit
--------------------------------------------------------------------------
0.9419

==========================================================================
global route max_slew_violation_count
--------------------------------------------------------------------------
max slew violation count 0

==========================================================================
global route max_fanout_violation_count
--------------------------------------------------------------------------
max fanout violation count 0

==========================================================================
global route max_cap_violation_count
--------------------------------------------------------------------------
max cap violation count 0

==========================================================================
global route setup_violation_count
--------------------------------------------------------------------------
setup violation count 0

==========================================================================
global route hold_violation_count
--------------------------------------------------------------------------
hold violation count 0

==========================================================================
global route critical path delay
--------------------------------------------------------------------------
9.2546

==========================================================================
global route critical path slack
--------------------------------------------------------------------------
6.7454

==========================================================================
global route slack div critical path delay
--------------------------------------------------------------------------
72.886997

==========================================================================
global route report_power
--------------------------------------------------------------------------
Group                  Internal  Switching    Leakage      Total
                          Power      Power      Power      Power (Watts)
----------------------------------------------------------------
Sequential             0.00e+00   0.00e+00   0.00e+00   0.00e+00   0.0%
Combinational          1.27e-02   8.66e-03   4.12e-07   2.13e-02 100.0%
Clock                 -3.14e-08   0.00e+00   1.63e-07   1.31e-07   0.0%
Macro                  0.00e+00   0.00e+00   0.00e+00   0.00e+00   0.0%
Pad                    0.00e+00   0.00e+00   0.00e+00   0.00e+00   0.0%
----------------------------------------------------------------
Total                  1.27e-02   8.66e-03   5.74e-07   2.13e-02 100.0%
                          59.4%      40.6%       0.0%
