
==========================================================================
global place report_tns
--------------------------------------------------------------------------
tns 0.00

==========================================================================
global place report_wns
--------------------------------------------------------------------------
wns 0.00

==========================================================================
global place report_worst_slack
--------------------------------------------------------------------------
worst slack 4.54

==========================================================================
global place report_checks -path_delay min
--------------------------------------------------------------------------
Startpoint: srca[152] (input port clocked by clk)
Endpoint: result[120] (output port clocked by clk)
Path Group: clk
Path Type: min

Fanout     Cap    Slew   Delay    Time   Description
-----------------------------------------------------------------------------
                  0.00    0.00    0.00   clock clk (rise edge)
                          0.00    0.00   clock network delay (ideal)
                          4.00    4.00 ^ input external delay
     1    0.02    0.00    0.00    4.00 ^ srca[152] (in)
                                         srca[152] (net)
                  0.00    0.00    4.00 ^ _2203_/A1 (gf180mcu_fd_sc_mcu9t5v0__aoi222_2)
     1    0.01    0.09    0.07    4.07 v _2203_/ZN (gf180mcu_fd_sc_mcu9t5v0__aoi222_2)
                                         _0476_ (net)
                  0.09    0.00    4.07 v _2208_/A2 (gf180mcu_fd_sc_mcu9t5v0__nand4_2)
     1    0.00    0.09    0.10    4.17 ^ _2208_/ZN (gf180mcu_fd_sc_mcu9t5v0__nand4_2)
                                         result[120] (net)
                  0.09    0.00    4.17 ^ result[120] (out)
                                  4.17   data arrival time

                  0.00    0.00    0.00   clock clk (rise edge)
                          0.00    0.00   clock network delay (ideal)
                          0.00    0.00   clock reconvergence pessimism
                         -4.00   -4.00   output external delay
                                 -4.00   data required time
-----------------------------------------------------------------------------
                                 -4.00   data required time
                                 -4.17   data arrival time
-----------------------------------------------------------------------------
                                  8.17   slack (MET)



==========================================================================
global place report_checks -path_delay max
--------------------------------------------------------------------------
Startpoint: osize_vector[0] (input port clocked by clk)
Endpoint: result[107] (output port clocked by clk)
Path Group: clk
Path Type: max

Fanout     Cap    Slew   Delay    Time   Description
-----------------------------------------------------------------------------
                  0.00    0.00    0.00   clock clk (rise edge)
                          0.00    0.00   clock network delay (ideal)
                          4.00    4.00 v input external delay
     7    0.12    0.00    0.00    4.00 v osize_vector[0] (in)
                                         osize_vector[0] (net)
                  0.00    0.00    4.00 v _1090_/A2 (gf180mcu_fd_sc_mcu9t5v0__nand2_2)
    66    1.21    5.02    2.91    6.91 ^ _1090_/ZN (gf180mcu_fd_sc_mcu9t5v0__nand2_2)
                                         _0531_ (net)
                  5.02    0.00    6.91 ^ _1098_/A1 (gf180mcu_fd_sc_mcu9t5v0__nand2_2)
    13    0.39    2.24    1.39    8.30 v _1098_/ZN (gf180mcu_fd_sc_mcu9t5v0__nand2_2)
                                         _0539_ (net)
                  2.24    0.00    8.30 v _1946_/B (gf180mcu_fd_sc_mcu9t5v0__oai31_2)
     1    0.01    0.64    0.67    8.97 ^ _1946_/ZN (gf180mcu_fd_sc_mcu9t5v0__oai31_2)
                                         _0252_ (net)
                  0.64    0.00    8.97 ^ _1954_/A1 (gf180mcu_fd_sc_mcu9t5v0__aoi22_2)
     4    0.04    1.23    0.18    9.15 v _1954_/ZN (gf180mcu_fd_sc_mcu9t5v0__aoi22_2)
                                         _0260_ (net)
                  1.23    0.00    9.15 v _1962_/A2 (gf180mcu_fd_sc_mcu9t5v0__nor4_2)
     2    0.05    0.79    0.69    9.83 ^ _1962_/ZN (gf180mcu_fd_sc_mcu9t5v0__nor4_2)
                                         _0268_ (net)
                  0.79    0.00    9.83 ^ _1990_/A2 (gf180mcu_fd_sc_mcu9t5v0__aoi21_2)
     3    0.05    1.34    0.15    9.98 v _1990_/ZN (gf180mcu_fd_sc_mcu9t5v0__aoi21_2)
                                         _0294_ (net)
                  1.34    0.00    9.98 v _1994_/A2 (gf180mcu_fd_sc_mcu9t5v0__oai22_4)
     5    0.06    0.56    0.46   10.45 ^ _1994_/ZN (gf180mcu_fd_sc_mcu9t5v0__oai22_4)
                                         _0298_ (net)
                  0.56    0.00   10.45 ^ _2032_/A1 (gf180mcu_fd_sc_mcu9t5v0__aoi22_2)
     1    0.01    1.06    0.09   10.54 v _2032_/ZN (gf180mcu_fd_sc_mcu9t5v0__aoi22_2)
                                         _0333_ (net)
                  1.06    0.00   10.54 v _2033_/A3 (gf180mcu_fd_sc_mcu9t5v0__or3_4)
     4    0.04    0.15    0.49   11.03 v _2033_/Z (gf180mcu_fd_sc_mcu9t5v0__or3_4)
                                         result[91] (net)
                  0.15    0.00   11.03 v _2034_/A2 (gf180mcu_fd_sc_mcu9t5v0__and2_2)
     1    0.01    0.13    0.17   11.20 v _2034_/Z (gf180mcu_fd_sc_mcu9t5v0__and2_2)
                                         _0334_ (net)
                  0.13    0.00   11.20 v _2035_/A3 (gf180mcu_fd_sc_mcu9t5v0__or3_2)
     1    0.00    0.08    0.26   11.46 v _2035_/Z (gf180mcu_fd_sc_mcu9t5v0__or3_2)
                                         result[107] (net)
                  0.08    0.00   11.46 v result[107] (out)
                                 11.46   data arrival time

                  0.00   20.00   20.00   clock clk (rise edge)
                          0.00   20.00   clock network delay (ideal)
                          0.00   20.00   clock reconvergence pessimism
                         -4.00   16.00   output external delay
                                 16.00   data required time
-----------------------------------------------------------------------------
                                 16.00   data required time
                                -11.46   data arrival time
-----------------------------------------------------------------------------
                                  4.54   slack (MET)



==========================================================================
global place report_checks -unconstrained
--------------------------------------------------------------------------
Startpoint: osize_vector[0] (input port clocked by clk)
Endpoint: result[107] (output port clocked by clk)
Path Group: clk
Path Type: max

Fanout     Cap    Slew   Delay    Time   Description
-----------------------------------------------------------------------------
                  0.00    0.00    0.00   clock clk (rise edge)
                          0.00    0.00   clock network delay (ideal)
                          4.00    4.00 v input external delay
     7    0.12    0.00    0.00    4.00 v osize_vector[0] (in)
                                         osize_vector[0] (net)
                  0.00    0.00    4.00 v _1090_/A2 (gf180mcu_fd_sc_mcu9t5v0__nand2_2)
    66    1.21    5.02    2.91    6.91 ^ _1090_/ZN (gf180mcu_fd_sc_mcu9t5v0__nand2_2)
                                         _0531_ (net)
                  5.02    0.00    6.91 ^ _1098_/A1 (gf180mcu_fd_sc_mcu9t5v0__nand2_2)
    13    0.39    2.24    1.39    8.30 v _1098_/ZN (gf180mcu_fd_sc_mcu9t5v0__nand2_2)
                                         _0539_ (net)
                  2.24    0.00    8.30 v _1946_/B (gf180mcu_fd_sc_mcu9t5v0__oai31_2)
     1    0.01    0.64    0.67    8.97 ^ _1946_/ZN (gf180mcu_fd_sc_mcu9t5v0__oai31_2)
                                         _0252_ (net)
                  0.64    0.00    8.97 ^ _1954_/A1 (gf180mcu_fd_sc_mcu9t5v0__aoi22_2)
     4    0.04    1.23    0.18    9.15 v _1954_/ZN (gf180mcu_fd_sc_mcu9t5v0__aoi22_2)
                                         _0260_ (net)
                  1.23    0.00    9.15 v _1962_/A2 (gf180mcu_fd_sc_mcu9t5v0__nor4_2)
     2    0.05    0.79    0.69    9.83 ^ _1962_/ZN (gf180mcu_fd_sc_mcu9t5v0__nor4_2)
                                         _0268_ (net)
                  0.79    0.00    9.83 ^ _1990_/A2 (gf180mcu_fd_sc_mcu9t5v0__aoi21_2)
     3    0.05    1.34    0.15    9.98 v _1990_/ZN (gf180mcu_fd_sc_mcu9t5v0__aoi21_2)
                                         _0294_ (net)
                  1.34    0.00    9.98 v _1994_/A2 (gf180mcu_fd_sc_mcu9t5v0__oai22_4)
     5    0.06    0.56    0.46   10.45 ^ _1994_/ZN (gf180mcu_fd_sc_mcu9t5v0__oai22_4)
                                         _0298_ (net)
                  0.56    0.00   10.45 ^ _2032_/A1 (gf180mcu_fd_sc_mcu9t5v0__aoi22_2)
     1    0.01    1.06    0.09   10.54 v _2032_/ZN (gf180mcu_fd_sc_mcu9t5v0__aoi22_2)
                                         _0333_ (net)
                  1.06    0.00   10.54 v _2033_/A3 (gf180mcu_fd_sc_mcu9t5v0__or3_4)
     4    0.04    0.15    0.49   11.03 v _2033_/Z (gf180mcu_fd_sc_mcu9t5v0__or3_4)
                                         result[91] (net)
                  0.15    0.00   11.03 v _2034_/A2 (gf180mcu_fd_sc_mcu9t5v0__and2_2)
     1    0.01    0.13    0.17   11.20 v _2034_/Z (gf180mcu_fd_sc_mcu9t5v0__and2_2)
                                         _0334_ (net)
                  0.13    0.00   11.20 v _2035_/A3 (gf180mcu_fd_sc_mcu9t5v0__or3_2)
     1    0.00    0.08    0.26   11.46 v _2035_/Z (gf180mcu_fd_sc_mcu9t5v0__or3_2)
                                         result[107] (net)
                  0.08    0.00   11.46 v result[107] (out)
                                 11.46   data arrival time

                  0.00   20.00   20.00   clock clk (rise edge)
                          0.00   20.00   clock network delay (ideal)
                          0.00   20.00   clock reconvergence pessimism
                         -4.00   16.00   output external delay
                                 16.00   data required time
-----------------------------------------------------------------------------
                                 16.00   data required time
                                -11.46   data arrival time
-----------------------------------------------------------------------------
                                  4.54   slack (MET)



==========================================================================
global place report_power
--------------------------------------------------------------------------
Group                  Internal  Switching    Leakage      Total
                          Power      Power      Power      Power (Watts)
----------------------------------------------------------------
Sequential             0.00e+00   0.00e+00   0.00e+00   0.00e+00   0.0%
Combinational          1.13e-02   6.67e-03   2.65e-07   1.79e-02 100.0%
Clock                  0.00e+00   0.00e+00   1.33e-07   1.33e-07   0.0%
Macro                  0.00e+00   0.00e+00   0.00e+00   0.00e+00   0.0%
Pad                    0.00e+00   0.00e+00   0.00e+00   0.00e+00   0.0%
----------------------------------------------------------------
Total                  1.13e-02   6.67e-03   3.98e-07   1.79e-02 100.0%
                          62.8%      37.2%       0.0%
