
==========================================================================
finish report_tns
--------------------------------------------------------------------------
tns 0.00

==========================================================================
finish report_wns
--------------------------------------------------------------------------
wns 0.00

==========================================================================
finish report_worst_slack
--------------------------------------------------------------------------
worst slack 5.83

==========================================================================
finish report_clock_skew
--------------------------------------------------------------------------
Clock clk
No launch/capture paths found.


==========================================================================
finish report_checks -path_delay min
--------------------------------------------------------------------------
Startpoint: srcb[124] (input port clocked by clk)
Endpoint: result[92] (output port clocked by clk)
Path Group: clk
Path Type: min

Fanout     Cap    Slew   Delay    Time   Description
-----------------------------------------------------------------------------
                  0.00    0.00    0.00   clock clk (rise edge)
                          0.00    0.00   clock network delay (ideal)
                          4.00    4.00 ^ input external delay
     1    0.02    0.00    0.00    4.00 ^ srcb[124] (in)
                                         srcb[124] (net)
                  0.00    0.00    4.00 ^ input168/I (gf180mcu_fd_sc_mcu9t5v0__buf_4)
     2    0.14    0.27    0.21    4.21 ^ input168/Z (gf180mcu_fd_sc_mcu9t5v0__buf_4)
                                         net168 (net)
                  0.27    0.00    4.22 ^ _2816_/A1 (gf180mcu_fd_sc_mcu9t5v0__nor2_2)
     2    0.03    0.14    0.11    4.33 v _2816_/ZN (gf180mcu_fd_sc_mcu9t5v0__nor2_2)
                                         _0770_ (net)
                  0.14    0.00    4.33 v _2892_/A1 (gf180mcu_fd_sc_mcu9t5v0__nor2_2)
     1    0.00    0.09    0.08    4.41 ^ _2892_/ZN (gf180mcu_fd_sc_mcu9t5v0__nor2_2)
                                         net404 (net)
                  0.09    0.00    4.41 ^ output404/I (gf180mcu_fd_sc_mcu9t5v0__dlyb_2)
     1    0.00    0.08    0.56    4.97 ^ output404/Z (gf180mcu_fd_sc_mcu9t5v0__dlyb_2)
                                         result[92] (net)
                  0.08    0.00    4.97 ^ result[92] (out)
                                  4.97   data arrival time

                  0.00    0.00    0.00   clock clk (rise edge)
                          0.00    0.00   clock network delay (ideal)
                          0.00    0.00   clock reconvergence pessimism
                         -4.00   -4.00   output external delay
                                 -4.00   data required time
-----------------------------------------------------------------------------
                                 -4.00   data required time
                                 -4.97   data arrival time
-----------------------------------------------------------------------------
                                  8.97   slack (MET)



==========================================================================
finish report_checks -path_delay max
--------------------------------------------------------------------------
Startpoint: is_greater_osize_vector[4] (input port clocked by clk)
Endpoint: result[122] (output port clocked by clk)
Path Group: clk
Path Type: max

Fanout     Cap    Slew   Delay    Time   Description
-----------------------------------------------------------------------------
                  0.00    0.00    0.00   clock clk (rise edge)
                          0.00    0.00   clock network delay (ideal)
                          4.00    4.00 v input external delay
     1    0.01    0.00    0.00    4.00 v is_greater_osize_vector[4] (in)
                                         is_greater_osize_vector[4] (net)
                  0.00    0.00    4.00 v input5/I (gf180mcu_fd_sc_mcu9t5v0__dlyb_2)
     1    0.01    0.17    0.70    4.70 v input5/Z (gf180mcu_fd_sc_mcu9t5v0__dlyb_2)
                                         net5 (net)
                  0.17    0.00    4.70 v _1538_/A2 (gf180mcu_fd_sc_mcu9t5v0__or2_2)
     1    0.02    0.08    0.22    4.92 v _1538_/Z (gf180mcu_fd_sc_mcu9t5v0__or2_2)
                                         _0978_ (net)
                  0.08    0.00    4.92 v _1539_/A2 (gf180mcu_fd_sc_mcu9t5v0__and2_4)
    66    1.55    1.57    1.00    5.91 v _1539_/Z (gf180mcu_fd_sc_mcu9t5v0__and2_4)
                                         _0979_ (net)
                  1.78    0.32    6.24 v _2342_/A2 (gf180mcu_fd_sc_mcu9t5v0__aoi22_2)
     2    0.03    0.56    0.73    6.96 ^ _2342_/ZN (gf180mcu_fd_sc_mcu9t5v0__aoi22_2)
                                         _0349_ (net)
                  0.56    0.00    6.96 ^ _2343_/B (gf180mcu_fd_sc_mcu9t5v0__oai31_2)
     1    0.01    0.22    0.13    7.10 v _2343_/ZN (gf180mcu_fd_sc_mcu9t5v0__oai31_2)
                                         _0350_ (net)
                  0.22    0.00    7.10 v _2347_/A2 (gf180mcu_fd_sc_mcu9t5v0__oai21_2)
     1    0.03    0.25    0.19    7.29 ^ _2347_/ZN (gf180mcu_fd_sc_mcu9t5v0__oai21_2)
                                         _0354_ (net)
                  0.25    0.00    7.29 ^ _2348_/C (gf180mcu_fd_sc_mcu9t5v0__oai221_4)
     2    0.04    0.62    0.17    7.46 v _2348_/ZN (gf180mcu_fd_sc_mcu9t5v0__oai221_4)
                                         _0355_ (net)
                  0.62    0.00    7.46 v _2420_/A3 (gf180mcu_fd_sc_mcu9t5v0__or3_2)
     3    0.05    0.19    0.46    7.92 v _2420_/Z (gf180mcu_fd_sc_mcu9t5v0__or3_2)
                                         _0424_ (net)
                  0.19    0.00    7.93 v _2424_/B2 (gf180mcu_fd_sc_mcu9t5v0__aoi221_2)
     1    0.02    0.43    0.31    8.24 ^ _2424_/ZN (gf180mcu_fd_sc_mcu9t5v0__aoi221_2)
                                         _0427_ (net)
                  0.43    0.00    8.24 ^ _2425_/B2 (gf180mcu_fd_sc_mcu9t5v0__oai32_2)
     1    0.01    0.19    0.13    8.37 v _2425_/ZN (gf180mcu_fd_sc_mcu9t5v0__oai32_2)
                                         _0428_ (net)
                  0.19    0.00    8.37 v _2431_/A1 (gf180mcu_fd_sc_mcu9t5v0__or2_2)
     6    0.07    0.20    0.32    8.70 v _2431_/Z (gf180mcu_fd_sc_mcu9t5v0__or2_2)
                                         net410 (net)
                  0.20    0.00    8.70 v _2707_/A4 (gf180mcu_fd_sc_mcu9t5v0__or4_2)
     2    0.03    0.16    0.40    9.10 v _2707_/Z (gf180mcu_fd_sc_mcu9t5v0__or4_2)
                                         _0679_ (net)
                  0.16    0.00    9.10 v _2796_/B1 (gf180mcu_fd_sc_mcu9t5v0__aoi221_2)
     1    0.02    0.41    0.27    9.37 ^ _2796_/ZN (gf180mcu_fd_sc_mcu9t5v0__aoi221_2)
                                         _0753_ (net)
                  0.41    0.00    9.37 ^ _2798_/B1 (gf180mcu_fd_sc_mcu9t5v0__oai22_2)
     1    0.00    0.16    0.08    9.45 v _2798_/ZN (gf180mcu_fd_sc_mcu9t5v0__oai22_2)
                                         net310 (net)
                  0.16    0.00    9.45 v output310/I (gf180mcu_fd_sc_mcu9t5v0__dlyb_2)
     1    0.00    0.14    0.72   10.17 v output310/Z (gf180mcu_fd_sc_mcu9t5v0__dlyb_2)
                                         result[122] (net)
                  0.14    0.00   10.17 v result[122] (out)
                                 10.17   data arrival time

                  0.00   20.00   20.00   clock clk (rise edge)
                          0.00   20.00   clock network delay (ideal)
                          0.00   20.00   clock reconvergence pessimism
                         -4.00   16.00   output external delay
                                 16.00   data required time
-----------------------------------------------------------------------------
                                 16.00   data required time
                                -10.17   data arrival time
-----------------------------------------------------------------------------
                                  5.83   slack (MET)



==========================================================================
finish report_checks -unconstrained
--------------------------------------------------------------------------
Startpoint: is_greater_osize_vector[4] (input port clocked by clk)
Endpoint: result[122] (output port clocked by clk)
Path Group: clk
Path Type: max

Fanout     Cap    Slew   Delay    Time   Description
-----------------------------------------------------------------------------
                  0.00    0.00    0.00   clock clk (rise edge)
                          0.00    0.00   clock network delay (ideal)
                          4.00    4.00 v input external delay
     1    0.01    0.00    0.00    4.00 v is_greater_osize_vector[4] (in)
                                         is_greater_osize_vector[4] (net)
                  0.00    0.00    4.00 v input5/I (gf180mcu_fd_sc_mcu9t5v0__dlyb_2)
     1    0.01    0.17    0.70    4.70 v input5/Z (gf180mcu_fd_sc_mcu9t5v0__dlyb_2)
                                         net5 (net)
                  0.17    0.00    4.70 v _1538_/A2 (gf180mcu_fd_sc_mcu9t5v0__or2_2)
     1    0.02    0.08    0.22    4.92 v _1538_/Z (gf180mcu_fd_sc_mcu9t5v0__or2_2)
                                         _0978_ (net)
                  0.08    0.00    4.92 v _1539_/A2 (gf180mcu_fd_sc_mcu9t5v0__and2_4)
    66    1.55    1.57    1.00    5.91 v _1539_/Z (gf180mcu_fd_sc_mcu9t5v0__and2_4)
                                         _0979_ (net)
                  1.78    0.32    6.24 v _2342_/A2 (gf180mcu_fd_sc_mcu9t5v0__aoi22_2)
     2    0.03    0.56    0.73    6.96 ^ _2342_/ZN (gf180mcu_fd_sc_mcu9t5v0__aoi22_2)
                                         _0349_ (net)
                  0.56    0.00    6.96 ^ _2343_/B (gf180mcu_fd_sc_mcu9t5v0__oai31_2)
     1    0.01    0.22    0.13    7.10 v _2343_/ZN (gf180mcu_fd_sc_mcu9t5v0__oai31_2)
                                         _0350_ (net)
                  0.22    0.00    7.10 v _2347_/A2 (gf180mcu_fd_sc_mcu9t5v0__oai21_2)
     1    0.03    0.25    0.19    7.29 ^ _2347_/ZN (gf180mcu_fd_sc_mcu9t5v0__oai21_2)
                                         _0354_ (net)
                  0.25    0.00    7.29 ^ _2348_/C (gf180mcu_fd_sc_mcu9t5v0__oai221_4)
     2    0.04    0.62    0.17    7.46 v _2348_/ZN (gf180mcu_fd_sc_mcu9t5v0__oai221_4)
                                         _0355_ (net)
                  0.62    0.00    7.46 v _2420_/A3 (gf180mcu_fd_sc_mcu9t5v0__or3_2)
     3    0.05    0.19    0.46    7.92 v _2420_/Z (gf180mcu_fd_sc_mcu9t5v0__or3_2)
                                         _0424_ (net)
                  0.19    0.00    7.93 v _2424_/B2 (gf180mcu_fd_sc_mcu9t5v0__aoi221_2)
     1    0.02    0.43    0.31    8.24 ^ _2424_/ZN (gf180mcu_fd_sc_mcu9t5v0__aoi221_2)
                                         _0427_ (net)
                  0.43    0.00    8.24 ^ _2425_/B2 (gf180mcu_fd_sc_mcu9t5v0__oai32_2)
     1    0.01    0.19    0.13    8.37 v _2425_/ZN (gf180mcu_fd_sc_mcu9t5v0__oai32_2)
                                         _0428_ (net)
                  0.19    0.00    8.37 v _2431_/A1 (gf180mcu_fd_sc_mcu9t5v0__or2_2)
     6    0.07    0.20    0.32    8.70 v _2431_/Z (gf180mcu_fd_sc_mcu9t5v0__or2_2)
                                         net410 (net)
                  0.20    0.00    8.70 v _2707_/A4 (gf180mcu_fd_sc_mcu9t5v0__or4_2)
     2    0.03    0.16    0.40    9.10 v _2707_/Z (gf180mcu_fd_sc_mcu9t5v0__or4_2)
                                         _0679_ (net)
                  0.16    0.00    9.10 v _2796_/B1 (gf180mcu_fd_sc_mcu9t5v0__aoi221_2)
     1    0.02    0.41    0.27    9.37 ^ _2796_/ZN (gf180mcu_fd_sc_mcu9t5v0__aoi221_2)
                                         _0753_ (net)
                  0.41    0.00    9.37 ^ _2798_/B1 (gf180mcu_fd_sc_mcu9t5v0__oai22_2)
     1    0.00    0.16    0.08    9.45 v _2798_/ZN (gf180mcu_fd_sc_mcu9t5v0__oai22_2)
                                         net310 (net)
                  0.16    0.00    9.45 v output310/I (gf180mcu_fd_sc_mcu9t5v0__dlyb_2)
     1    0.00    0.14    0.72   10.17 v output310/Z (gf180mcu_fd_sc_mcu9t5v0__dlyb_2)
                                         result[122] (net)
                  0.14    0.00   10.17 v result[122] (out)
                                 10.17   data arrival time

                  0.00   20.00   20.00   clock clk (rise edge)
                          0.00   20.00   clock network delay (ideal)
                          0.00   20.00   clock reconvergence pessimism
                         -4.00   16.00   output external delay
                                 16.00   data required time
-----------------------------------------------------------------------------
                                 16.00   data required time
                                -10.17   data arrival time
-----------------------------------------------------------------------------
                                  5.83   slack (MET)



==========================================================================
finish report_check_types -max_slew -max_cap -max_fanout -violators
--------------------------------------------------------------------------
max slew

Pin                                    Limit    Slew   Slack
------------------------------------------------------------
_2342_/A2                               2.80    2.84   -0.04 (VIOLATED)
_2396_/A2                               2.80    2.84   -0.04 (VIOLATED)
_2398_/A2                               2.80    2.84   -0.04 (VIOLATED)
_2793_/A2                               2.80    2.84   -0.04 (VIOLATED)
_2703_/A2                               2.80    2.84   -0.04 (VIOLATED)
_2381_/A2                               2.80    2.84   -0.04 (VIOLATED)
_2375_/A2                               2.80    2.84   -0.04 (VIOLATED)
_1696_/A2                               2.80    2.84   -0.04 (VIOLATED)
_2436_/A2                               2.80    2.84   -0.04 (VIOLATED)
_2422_/A2                               2.80    2.84   -0.04 (VIOLATED)
_1748_/A2                               2.80    2.84   -0.04 (VIOLATED)
_1713_/A2                               2.80    2.84   -0.04 (VIOLATED)
_2635_/A2                               2.80    2.84   -0.04 (VIOLATED)
_2733_/A2                               2.80    2.84   -0.04 (VIOLATED)
_1727_/A2                               2.80    2.84   -0.04 (VIOLATED)
_2828_/A2                               2.80    2.84   -0.04 (VIOLATED)
_1720_/A2                               2.80    2.84   -0.04 (VIOLATED)
_1968_/A2                               2.80    2.84   -0.04 (VIOLATED)
_2666_/A2                               2.80    2.84   -0.04 (VIOLATED)
_1975_/A2                               2.80    2.83   -0.03 (VIOLATED)
_2754_/A2                               2.80    2.83   -0.03 (VIOLATED)
_2860_/A2                               2.80    2.83   -0.03 (VIOLATED)
_1945_/A2                               2.80    2.82   -0.02 (VIOLATED)
_1993_/A2                               2.80    2.82   -0.02 (VIOLATED)
_1961_/A2                               2.80    2.81   -0.01 (VIOLATED)
_2818_/A2                               2.80    2.81   -0.01 (VIOLATED)

max capacitance

Pin                                    Limit     Cap   Slack
------------------------------------------------------------
_1539_/Z                                1.51    1.55   -0.04 (VIOLATED)


==========================================================================
finish max_slew_check_slack
--------------------------------------------------------------------------
-0.04279066249728203

==========================================================================
finish max_slew_check_limit
--------------------------------------------------------------------------
2.799999952316284

==========================================================================
finish max_slew_check_slack_limit
--------------------------------------------------------------------------
-0.0153

==========================================================================
finish max_fanout_check_slack
--------------------------------------------------------------------------
1.0000000150474662e+30

==========================================================================
finish max_fanout_check_limit
--------------------------------------------------------------------------
1.0000000150474662e+30

==========================================================================
finish max_capacitance_check_slack
--------------------------------------------------------------------------
-0.03869376704096794

==========================================================================
finish max_capacitance_check_limit
--------------------------------------------------------------------------
1.5089999437332153

==========================================================================
finish max_capacitance_check_slack_limit
--------------------------------------------------------------------------
-0.0256

==========================================================================
finish max_slew_violation_count
--------------------------------------------------------------------------
max slew violation count 26

==========================================================================
finish max_fanout_violation_count
--------------------------------------------------------------------------
max fanout violation count 0

==========================================================================
finish max_cap_violation_count
--------------------------------------------------------------------------
max cap violation count 1

==========================================================================
finish setup_violation_count
--------------------------------------------------------------------------
setup violation count 0

==========================================================================
finish hold_violation_count
--------------------------------------------------------------------------
hold violation count 0

==========================================================================
finish critical path delay
--------------------------------------------------------------------------
10.1719

==========================================================================
finish critical path slack
--------------------------------------------------------------------------
5.8281

==========================================================================
finish slack div critical path delay
--------------------------------------------------------------------------
57.296080

==========================================================================
finish report_power
--------------------------------------------------------------------------
Group                  Internal  Switching    Leakage      Total
                          Power      Power      Power      Power (Watts)
----------------------------------------------------------------
Sequential             0.00e+00   0.00e+00   0.00e+00   0.00e+00   0.0%
Combinational          1.02e-02   7.83e-03   4.35e-07   1.81e-02 100.0%
Clock                 -5.88e-09   0.00e+00   9.54e-07   9.49e-07   0.0%
Macro                  0.00e+00   0.00e+00   0.00e+00   0.00e+00   0.0%
Pad                    0.00e+00   0.00e+00   0.00e+00   0.00e+00   0.0%
----------------------------------------------------------------
Total                  1.02e-02   7.83e-03   1.39e-06   1.81e-02 100.0%
                          56.6%      43.4%       0.0%
