
==========================================================================
global place report_tns
--------------------------------------------------------------------------
tns -322.36

==========================================================================
global place report_wns
--------------------------------------------------------------------------
wns -34.40

==========================================================================
global place report_worst_slack
--------------------------------------------------------------------------
worst slack -34.40

==========================================================================
global place report_checks -path_delay min
--------------------------------------------------------------------------
Startpoint: is_high (input port clocked by clk)
Endpoint: result[126] (output port clocked by clk)
Path Group: clk
Path Type: min

Fanout     Cap    Slew   Delay    Time   Description
-----------------------------------------------------------------------------
                  0.00    0.00    0.00   clock clk (rise edge)
                          0.00    0.00   clock network delay (ideal)
                       1000.00 1000.00 ^ input external delay
   378  236.59    0.00    0.00 1000.00 ^ is_high (in)
                                         is_high (net)
                 78.62   24.80 1024.80 ^ _20957_/A1 (AOI22x1_ASAP7_75t_R)
     1    0.34    6.16    9.40 1034.21 v _20957_/Y (AOI22x1_ASAP7_75t_R)
                                         result[126] (net)
                  6.16    0.01 1034.22 v result[126] (out)
                               1034.22   data arrival time

                  0.00    0.00    0.00   clock clk (rise edge)
                          0.00    0.00   clock network delay (ideal)
                          0.00    0.00   clock reconvergence pessimism
                       -1000.00 -1000.00   output external delay
                               -1000.00   data required time
-----------------------------------------------------------------------------
                               -1000.00   data required time
                               -1034.22   data arrival time
-----------------------------------------------------------------------------
                               2034.22   slack (MET)



==========================================================================
global place report_checks -path_delay max
--------------------------------------------------------------------------
Startpoint: osize_vector[0] (input port clocked by clk)
Endpoint: result[105] (output port clocked by clk)
Path Group: clk
Path Type: max

Fanout     Cap    Slew   Delay    Time   Description
-----------------------------------------------------------------------------
                  0.00    0.00    0.00   clock clk (rise edge)
                          0.00    0.00   clock network delay (ideal)
                       1000.00 1000.00 v input external delay
   275  266.44    0.00    0.00 1000.00 v osize_vector[0] (in)
                                         osize_vector[0] (net)
                204.80   64.61 1064.61 v _17211_/B (AND2x2_ASAP7_75t_R)
    44   47.07  150.63  103.58 1168.18 v _17211_/Y (AND2x2_ASAP7_75t_R)
                                         _04666_ (net)
                153.75   12.25 1180.44 v _17345_/B (AND2x2_ASAP7_75t_R)
     3    2.29   15.11   47.62 1228.06 v _17345_/Y (AND2x2_ASAP7_75t_R)
                                         _04799_ (net)
                 15.11    0.01 1228.07 v _17350_/A3 (AO32x1_ASAP7_75t_R)
     7    7.49   43.28   41.92 1269.98 v _17350_/Y (AO32x1_ASAP7_75t_R)
                                         _04804_ (net)
                 43.28    0.25 1270.24 v _17500_/A (OR3x1_ASAP7_75t_R)
     7    6.43   41.92   48.72 1318.95 v _17500_/Y (OR3x1_ASAP7_75t_R)
                                         _04952_ (net)
                 41.93    0.42 1319.38 v _17549_/A (INVx1_ASAP7_75t_R)
     3    2.64   25.78   20.77 1340.15 ^ _17549_/Y (INVx1_ASAP7_75t_R)
                                         _05000_ (net)
                 25.78    0.02 1340.16 ^ _17558_/A2 (AOI221x1_ASAP7_75t_R)
     4    4.03   50.14   29.95 1370.11 v _17558_/Y (AOI221x1_ASAP7_75t_R)
                                         _05009_ (net)
                 50.14    0.35 1370.47 v _48504_/A2 (OAI21x1_ASAP7_75t_R)
     7    5.78   44.25   30.56 1401.03 ^ _48504_/Y (OAI21x1_ASAP7_75t_R)
                                         _16050_ (net)
                 44.26    0.32 1401.35 ^ _48655_/A1 (OA21x2_ASAP7_75t_R)
     1    0.99    9.14   24.00 1425.35 ^ _48655_/Y (OA21x2_ASAP7_75t_R)
                                         _16124_ (net)
                  9.14    0.00 1425.35 ^ _48657_/B1 (AOI221x1_ASAP7_75t_R)
   128  203.88 2040.44  688.57 2113.92 v _48657_/Y (AOI221x1_ASAP7_75t_R)
                                         _16126_ (net)
               2181.48  285.79 2399.71 v _52638_/B (AND2x2_ASAP7_75t_R)
     1    2.19   63.49  258.15 2657.86 v _52638_/Y (AND2x2_ASAP7_75t_R)
                                         vedic_mul.mul_la_hb.mul_ha_lb.mul_ha_lb.mul_ha_lb.mul_la_hb.high_adder.get_ripple_carry_adder.adder.gen_adder[2].adder.B (net)
                 63.49    0.00 2657.86 v vedic_mul.mul_la_hb.mul_ha_lb.mul_ha_lb.mul_ha_lb.mul_la_hb.high_adder.get_ripple_carry_adder.adder.gen_adder[2].adder.genblk1[0].genblk1.fulladder/B (FAx1_ASAP7_75t_R)
     1    0.71   34.94   29.48 2687.34 ^ vedic_mul.mul_la_hb.mul_ha_lb.mul_ha_lb.mul_ha_lb.mul_la_hb.high_adder.get_ripple_carry_adder.adder.gen_adder[2].adder.genblk1[0].genblk1.fulladder/SN (FAx1_ASAP7_75t_R)
                                         vedic_mul.mul_la_hb.mul_ha_lb.mul_ha_lb.mul_ha_lb.mul_la_hb.high_adder.get_ripple_carry_adder.adder.gen_adder[2].adder.NY (net)
                 34.94    0.00 2687.35 ^ _52568_/A (INVx1_ASAP7_75t_R)
     1    2.05   18.46   14.54 2701.89 v _52568_/Y (INVx1_ASAP7_75t_R)
                                         vedic_mul.mul_la_hb.mul_ha_lb.mul_ha_lb.mul_ha_lb.mid_adder.get_ripple_carry_adder.adder.gen_adder[6].adder.A (net)
                 18.46    0.02 2701.91 v vedic_mul.mul_la_hb.mul_ha_lb.mul_ha_lb.mul_ha_lb.mid_adder.get_ripple_carry_adder.adder.gen_adder[6].adder.genblk1[0].genblk1.fulladder/A (FAx1_ASAP7_75t_R)
     1    0.72   29.55   32.46 2734.37 ^ vedic_mul.mul_la_hb.mul_ha_lb.mul_ha_lb.mul_ha_lb.mid_adder.get_ripple_carry_adder.adder.gen_adder[6].adder.genblk1[0].genblk1.fulladder/SN (FAx1_ASAP7_75t_R)
                                         vedic_mul.mul_la_hb.mul_ha_lb.mul_ha_lb.mul_ha_lb.mid_adder.get_ripple_carry_adder.adder.gen_adder[6].adder.NY (net)
                 29.55    0.00 2734.37 ^ _52550_/A (INVx1_ASAP7_75t_R)
     1    2.25   18.13   14.26 2748.64 v _52550_/Y (INVx1_ASAP7_75t_R)
                                         vedic_mul.mul_la_hb.mul_ha_lb.mul_ha_lb.mul_ha_lb.low_adder.get_ripple_carry_adder.adder.gen_adder[6].adder.B (net)
                 18.13    0.03 2748.67 v vedic_mul.mul_la_hb.mul_ha_lb.mul_ha_lb.mul_ha_lb.low_adder.get_ripple_carry_adder.adder.gen_adder[6].adder.genblk1[0].genblk1.fulladder/B (FAx1_ASAP7_75t_R)
     1    0.73   28.98   22.68 2771.35 ^ vedic_mul.mul_la_hb.mul_ha_lb.mul_ha_lb.mul_ha_lb.low_adder.get_ripple_carry_adder.adder.gen_adder[6].adder.genblk1[0].genblk1.fulladder/SN (FAx1_ASAP7_75t_R)
                                         vedic_mul.mul_la_hb.mul_ha_lb.mul_ha_lb.mul_ha_lb.low_adder.get_ripple_carry_adder.adder.gen_adder[6].adder.NY (net)
                 28.98    0.01 2771.36 ^ _52531_/A (INVx1_ASAP7_75t_R)
     1    2.08   17.21   13.57 2784.93 v _52531_/Y (INVx1_ASAP7_75t_R)
                                         vedic_mul.mul_la_hb.mul_ha_lb.mul_ha_lb.mul_ha_lb.high_adder.get_ripple_carry_adder.adder.gen_adder[2].adder.A (net)
                 17.21    0.03 2784.96 v vedic_mul.mul_la_hb.mul_ha_lb.mul_ha_lb.mul_ha_lb.high_adder.get_ripple_carry_adder.adder.gen_adder[2].adder.genblk1[0].genblk1.fulladder/A (FAx1_ASAP7_75t_R)
     1    0.76   22.44   35.45 2820.41 v vedic_mul.mul_la_hb.mul_ha_lb.mul_ha_lb.mul_ha_lb.high_adder.get_ripple_carry_adder.adder.gen_adder[2].adder.genblk1[0].genblk1.fulladder/SN (FAx1_ASAP7_75t_R)
                                         vedic_mul.mul_la_hb.mul_ha_lb.mul_ha_lb.mul_ha_lb.high_adder.get_ripple_carry_adder.adder.gen_adder[2].adder.NY (net)
                 22.44    0.01 2820.42 v _52345_/A (INVx1_ASAP7_75t_R)
     1    2.23   18.77   14.60 2835.02 ^ _52345_/Y (INVx1_ASAP7_75t_R)
                                         vedic_mul.mul_la_hb.mul_ha_lb.mul_ha_lb.mid_adder.get_ripple_carry_adder.adder.gen_adder[10].adder.B (net)
                 18.77    0.02 2835.04 ^ vedic_mul.mul_la_hb.mul_ha_lb.mul_ha_lb.mid_adder.get_ripple_carry_adder.adder.gen_adder[10].adder.genblk1[0].genblk1.fulladder/B (FAx1_ASAP7_75t_R)
     1    0.75   30.06   32.36 2867.41 ^ vedic_mul.mul_la_hb.mul_ha_lb.mul_ha_lb.mid_adder.get_ripple_carry_adder.adder.gen_adder[10].adder.genblk1[0].genblk1.fulladder/SN (FAx1_ASAP7_75t_R)
                                         vedic_mul.mul_la_hb.mul_ha_lb.mul_ha_lb.mid_adder.get_ripple_carry_adder.adder.gen_adder[10].adder.NY (net)
                 30.06    0.01 2867.42 ^ _52319_/A (INVx1_ASAP7_75t_R)
     1    2.24   18.19   14.32 2881.74 v _52319_/Y (INVx1_ASAP7_75t_R)
                                         vedic_mul.mul_la_hb.mul_ha_lb.mul_ha_lb.low_adder.get_ripple_carry_adder.adder.gen_adder[10].adder.B (net)
                 18.19    0.03 2881.76 v vedic_mul.mul_la_hb.mul_ha_lb.mul_ha_lb.low_adder.get_ripple_carry_adder.adder.gen_adder[10].adder.genblk1[0].genblk1.fulladder/B (FAx1_ASAP7_75t_R)
     1    0.75   29.36   22.88 2904.64 ^ vedic_mul.mul_la_hb.mul_ha_lb.mul_ha_lb.low_adder.get_ripple_carry_adder.adder.gen_adder[10].adder.genblk1[0].genblk1.fulladder/SN (FAx1_ASAP7_75t_R)
                                         vedic_mul.mul_la_hb.mul_ha_lb.mul_ha_lb.low_adder.get_ripple_carry_adder.adder.gen_adder[10].adder.NY (net)
                 29.36    0.01 2904.65 ^ _52302_/A (INVx1_ASAP7_75t_R)
     1    2.22   18.00   14.09 2918.74 v _52302_/Y (INVx1_ASAP7_75t_R)
                                         vedic_mul.mul_la_hb.mul_ha_lb.mul_ha_lb.high_adder.get_ripple_carry_adder.adder.gen_adder[2].adder.A (net)
                 18.00    0.09 2918.83 v vedic_mul.mul_la_hb.mul_ha_lb.mul_ha_lb.high_adder.get_ripple_carry_adder.adder.gen_adder[2].adder.genblk1[0].genblk1.fulladder/A (FAx1_ASAP7_75t_R)
     1    0.76   22.52   35.70 2954.53 v vedic_mul.mul_la_hb.mul_ha_lb.mul_ha_lb.high_adder.get_ripple_carry_adder.adder.gen_adder[2].adder.genblk1[0].genblk1.fulladder/SN (FAx1_ASAP7_75t_R)
                                         vedic_mul.mul_la_hb.mul_ha_lb.mul_ha_lb.high_adder.get_ripple_carry_adder.adder.gen_adder[2].adder.NY (net)
                 22.52    0.01 2954.54 v _51543_/A (INVx1_ASAP7_75t_R)
     1    2.30   19.18   14.84 2969.38 ^ _51543_/Y (INVx1_ASAP7_75t_R)
                                         vedic_mul.mul_la_hb.mul_ha_lb.mid_adder.get_ripple_carry_adder.adder.gen_adder[18].adder.B (net)
                 19.18    0.05 2969.43 ^ vedic_mul.mul_la_hb.mul_ha_lb.mid_adder.get_ripple_carry_adder.adder.gen_adder[18].adder.genblk1[0].genblk1.fulladder/B (FAx1_ASAP7_75t_R)
     1    0.90   32.71   34.57 3004.00 ^ vedic_mul.mul_la_hb.mul_ha_lb.mid_adder.get_ripple_carry_adder.adder.gen_adder[18].adder.genblk1[0].genblk1.fulladder/SN (FAx1_ASAP7_75t_R)
                                         vedic_mul.mul_la_hb.mul_ha_lb.mid_adder.get_ripple_carry_adder.adder.gen_adder[18].adder.NY (net)
                 32.71    0.03 3004.04 ^ _51492_/A (INVx1_ASAP7_75t_R)
     1    2.50   20.10   15.69 3019.73 v _51492_/Y (INVx1_ASAP7_75t_R)
                                         vedic_mul.mul_la_hb.mul_ha_lb.low_adder.get_ripple_carry_adder.adder.gen_adder[18].adder.B (net)
                 20.11    0.14 3019.87 v vedic_mul.mul_la_hb.mul_ha_lb.low_adder.get_ripple_carry_adder.adder.gen_adder[18].adder.genblk1[0].genblk1.fulladder/B (FAx1_ASAP7_75t_R)
     1    0.77   29.83   23.45 3043.32 ^ vedic_mul.mul_la_hb.mul_ha_lb.low_adder.get_ripple_carry_adder.adder.gen_adder[18].adder.genblk1[0].genblk1.fulladder/SN (FAx1_ASAP7_75t_R)
                                         vedic_mul.mul_la_hb.mul_ha_lb.low_adder.get_ripple_carry_adder.adder.gen_adder[18].adder.NY (net)
                 29.83    0.01 3043.33 ^ _51458_/A (INVx1_ASAP7_75t_R)
     1    2.09   17.48   13.77 3057.10 v _51458_/Y (INVx1_ASAP7_75t_R)
                                         vedic_mul.mul_la_hb.mul_ha_lb.high_adder.get_ripple_carry_adder.adder.gen_adder[2].adder.A (net)
                 17.48    0.04 3057.13 v vedic_mul.mul_la_hb.mul_ha_lb.high_adder.get_ripple_carry_adder.adder.gen_adder[2].adder.genblk1[0].genblk1.fulladder/A (FAx1_ASAP7_75t_R)
     1    4.41  106.14   86.78 3143.91 v vedic_mul.mul_la_hb.mul_ha_lb.high_adder.get_ripple_carry_adder.adder.gen_adder[2].adder.genblk1[0].genblk1.fulladder/SN (FAx1_ASAP7_75t_R)
                                         vedic_mul.mul_la_hb.mul_ha_lb.high_adder.get_ripple_carry_adder.adder.gen_adder[2].adder.NY (net)
                106.23    1.81 3145.72 v _48165_/A (INVx1_ASAP7_75t_R)
     1    2.25   35.41   28.26 3173.98 ^ _48165_/Y (INVx1_ASAP7_75t_R)
                                         vedic_mul.mul_la_hb.mid_adder.get_ripple_carry_adder.adder.gen_adder[34].adder.B (net)
                 35.41    0.03 3174.01 ^ vedic_mul.mul_la_hb.mid_adder.get_ripple_carry_adder.adder.gen_adder[34].adder.genblk1[0].genblk1.fulladder/B (FAx1_ASAP7_75t_R)
     1    1.70   48.94   50.67 3224.68 ^ vedic_mul.mul_la_hb.mid_adder.get_ripple_carry_adder.adder.gen_adder[34].adder.genblk1[0].genblk1.fulladder/SN (FAx1_ASAP7_75t_R)
                                         vedic_mul.mul_la_hb.mid_adder.get_ripple_carry_adder.adder.gen_adder[34].adder.NY (net)
                 48.94    0.23 3224.91 ^ _48060_/A (INVx1_ASAP7_75t_R)
     1    2.24   22.10   17.16 3242.07 v _48060_/Y (INVx1_ASAP7_75t_R)
                                         vedic_mul.mul_la_hb.low_adder.get_ripple_carry_adder.adder.gen_adder[34].adder.B (net)
                 22.10    0.03 3242.09 v vedic_mul.mul_la_hb.low_adder.get_ripple_carry_adder.adder.gen_adder[34].adder.genblk1[0].genblk1.fulladder/B (FAx1_ASAP7_75t_R)
     1    0.75   29.60   23.57 3265.67 ^ vedic_mul.mul_la_hb.low_adder.get_ripple_carry_adder.adder.gen_adder[34].adder.genblk1[0].genblk1.fulladder/SN (FAx1_ASAP7_75t_R)
                                         vedic_mul.mul_la_hb.low_adder.get_ripple_carry_adder.adder.gen_adder[34].adder.NY (net)
                 29.60    0.01 3265.68 ^ _47955_/A (INVx1_ASAP7_75t_R)
     1    2.07   17.33   13.67 3279.34 v _47955_/Y (INVx1_ASAP7_75t_R)
                                         vedic_mul.mul_la_hb.high_adder.get_ripple_carry_adder.adder.gen_adder[2].adder.A (net)
                 17.33    0.03 3279.37 v vedic_mul.mul_la_hb.high_adder.get_ripple_carry_adder.adder.gen_adder[2].adder.genblk1[0].genblk1.fulladder/A (FAx1_ASAP7_75t_R)
     1    1.68   43.16   48.95 3328.32 v vedic_mul.mul_la_hb.high_adder.get_ripple_carry_adder.adder.gen_adder[2].adder.genblk1[0].genblk1.fulladder/SN (FAx1_ASAP7_75t_R)
                                         vedic_mul.mul_la_hb.high_adder.get_ripple_carry_adder.adder.gen_adder[2].adder.NY (net)
                 43.17    0.22 3328.54 v _22681_/A (INVx1_ASAP7_75t_R)
     1    2.71   26.63   21.14 3349.68 ^ _22681_/Y (INVx1_ASAP7_75t_R)
                                         vedic_mul.mid_adder.get_ripple_carry_adder.adder.gen_adder[66].adder.A (net)
                 26.65    0.31 3349.99 ^ vedic_mul.mid_adder.get_ripple_carry_adder.adder.gen_adder[66].adder.genblk1[0].genblk1.fulladder/A (FAx1_ASAP7_75t_R)
     1    0.74   30.72   34.19 3384.19 ^ vedic_mul.mid_adder.get_ripple_carry_adder.adder.gen_adder[66].adder.genblk1[0].genblk1.fulladder/SN (FAx1_ASAP7_75t_R)
                                         vedic_mul.mid_adder.get_ripple_carry_adder.adder.gen_adder[66].adder.NY (net)
                 30.72    0.01 3384.19 ^ _22445_/A (INVx1_ASAP7_75t_R)
     1    2.71   20.57   15.96 3400.15 v _22445_/Y (INVx1_ASAP7_75t_R)
                                         vedic_mul.low_adder.get_ripple_carry_adder.adder.gen_adder[66].adder.B (net)
                 20.58    0.24 3400.40 v vedic_mul.low_adder.get_ripple_carry_adder.adder.gen_adder[66].adder.genblk1[0].genblk1.fulladder/B (FAx1_ASAP7_75t_R)
     1    0.73   29.02   23.09 3423.49 ^ vedic_mul.low_adder.get_ripple_carry_adder.adder.gen_adder[66].adder.genblk1[0].genblk1.fulladder/SN (FAx1_ASAP7_75t_R)
                                         vedic_mul.low_adder.get_ripple_carry_adder.adder.gen_adder[66].adder.NY (net)
                 29.02    0.01 3423.50 ^ _22233_/A (INVx1_ASAP7_75t_R)
     1   10.47   61.17   31.24 3454.74 v _22233_/Y (INVx1_ASAP7_75t_R)
                                         vedic_mul.high_adder.get_ripple_carry_adder.adder.gen_adder[2].adder.A (net)
                 66.35    9.39 3464.13 v vedic_mul.high_adder.get_ripple_carry_adder.adder.gen_adder[2].adder.genblk1[0].genblk1.fulladder/A (FAx1_ASAP7_75t_R)
     2    1.40   50.23   50.97 3515.10 ^ vedic_mul.high_adder.get_ripple_carry_adder.adder.gen_adder[2].adder.genblk1[0].genblk1.fulladder/SN (FAx1_ASAP7_75t_R)
                                         vedic_mul.high_adder.get_ripple_carry_adder.adder.gen_adder[2].adder.NY (net)
                 50.23    0.02 3515.11 ^ _19662_/A (INVx1_ASAP7_75t_R)
     1    0.49   11.46    8.68 3523.79 v _19662_/Y (INVx1_ASAP7_75t_R)
                                         _06901_ (net)
                 11.46    0.00 3523.79 v _19663_/C (OA211x2_ASAP7_75t_R)
     1    0.56   17.77   27.37 3551.16 v _19663_/Y (OA211x2_ASAP7_75t_R)
                                         _06902_ (net)
                 17.77    0.00 3551.17 v _19664_/C (AO221x1_ASAP7_75t_R)
     3    3.00   21.21   30.98 3582.14 v _19664_/Y (AO221x1_ASAP7_75t_R)
                                         _06903_ (net)
                 21.21    0.07 3582.22 v _19667_/A (OR2x2_ASAP7_75t_R)
     4    3.06   13.76   26.61 3608.83 v _19667_/Y (OR2x2_ASAP7_75t_R)
                                         _06906_ (net)
                 13.76    0.05 3608.88 v _19668_/B (NOR2x1_ASAP7_75t_R)
     8    6.08   46.49   26.09 3634.96 ^ _19668_/Y (NOR2x1_ASAP7_75t_R)
                                         _06907_ (net)
                 46.49    0.22 3635.18 ^ _19696_/B (AND4x1_ASAP7_75t_R)
     3    2.20   23.00   38.01 3673.19 ^ _19696_/Y (AND4x1_ASAP7_75t_R)
                                         _06935_ (net)
                 23.00    0.15 3673.34 ^ _19698_/B (AND2x2_ASAP7_75t_R)
     1    0.46    7.42   19.76 3693.10 ^ _19698_/Y (AND2x2_ASAP7_75t_R)
                                         _06937_ (net)
                  7.42    0.00 3693.10 ^ _19699_/B (OA211x2_ASAP7_75t_R)
     1    0.66   11.31   18.92 3712.02 ^ _19699_/Y (OA211x2_ASAP7_75t_R)
                                         _06938_ (net)
                 11.31    0.00 3712.03 ^ _19700_/B (AO21x1_ASAP7_75t_R)
     2    1.30   11.64   13.81 3725.84 ^ _19700_/Y (AO21x1_ASAP7_75t_R)
                                         _06939_ (net)
                 11.64    0.03 3725.87 ^ _19702_/C (AND3x1_ASAP7_75t_R)
     2    1.62   16.69   24.45 3750.32 ^ _19702_/Y (AND3x1_ASAP7_75t_R)
                                         _06941_ (net)
                 16.69    0.00 3750.33 ^ _19704_/B1 (AO32x1_ASAP7_75t_R)
     8    6.56   45.34   37.21 3787.53 ^ _19704_/Y (AO32x1_ASAP7_75t_R)
                                         _06943_ (net)
                 45.45    1.33 3788.86 ^ _19710_/B1 (AO33x2_ASAP7_75t_R)
    14   12.37   46.20   48.52 3837.38 ^ _19710_/Y (AO33x2_ASAP7_75t_R)
                                         _06949_ (net)
                 46.65    2.53 3839.91 ^ _19715_/A2 (AO21x2_ASAP7_75t_R)
    16   14.94   50.14   43.15 3883.06 ^ _19715_/Y (AO21x2_ASAP7_75t_R)
                                         _06954_ (net)
                 50.15    0.32 3883.38 ^ _20148_/A (AND4x1_ASAP7_75t_R)
     3    3.13   29.11   42.08 3925.46 ^ _20148_/Y (AND4x1_ASAP7_75t_R)
                                         _07334_ (net)
                 29.11    0.01 3925.47 ^ _20150_/A (XNOR2x2_ASAP7_75t_R)
     2    2.65   13.50   36.90 3962.37 v _20150_/Y (XNOR2x2_ASAP7_75t_R)
                                         _07336_ (net)
                 13.57    0.53 3962.90 v _20151_/B (AND2x2_ASAP7_75t_R)
     4    2.76   14.70   21.11 3984.01 v _20151_/Y (AND2x2_ASAP7_75t_R)
                                         _07337_ (net)
                 14.70    0.09 3984.10 v _20152_/B (AO21x1_ASAP7_75t_R)
     1    0.61   22.38   16.75 4000.86 v _20152_/Y (AO21x1_ASAP7_75t_R)
                                         _07338_ (net)
                 22.38    0.00 4000.86 v _20184_/A2 (AO222x2_ASAP7_75t_R)
     1    0.93   16.98   33.46 4034.32 v _20184_/Y (AO222x2_ASAP7_75t_R)
                                         result[105] (net)
                 16.98    0.08 4034.40 v result[105] (out)
                               4034.40   data arrival time

                  0.00 5000.00 5000.00   clock clk (rise edge)
                          0.00 5000.00   clock network delay (ideal)
                          0.00 5000.00   clock reconvergence pessimism
                       -1000.00 4000.00   output external delay
                               4000.00   data required time
-----------------------------------------------------------------------------
                               4000.00   data required time
                               -4034.40   data arrival time
-----------------------------------------------------------------------------
                                -34.40   slack (VIOLATED)



==========================================================================
global place report_checks -unconstrained
--------------------------------------------------------------------------
Startpoint: osize_vector[0] (input port clocked by clk)
Endpoint: result[105] (output port clocked by clk)
Path Group: clk
Path Type: max

Fanout     Cap    Slew   Delay    Time   Description
-----------------------------------------------------------------------------
                  0.00    0.00    0.00   clock clk (rise edge)
                          0.00    0.00   clock network delay (ideal)
                       1000.00 1000.00 v input external delay
   275  266.44    0.00    0.00 1000.00 v osize_vector[0] (in)
                                         osize_vector[0] (net)
                204.80   64.61 1064.61 v _17211_/B (AND2x2_ASAP7_75t_R)
    44   47.07  150.63  103.58 1168.18 v _17211_/Y (AND2x2_ASAP7_75t_R)
                                         _04666_ (net)
                153.75   12.25 1180.44 v _17345_/B (AND2x2_ASAP7_75t_R)
     3    2.29   15.11   47.62 1228.06 v _17345_/Y (AND2x2_ASAP7_75t_R)
                                         _04799_ (net)
                 15.11    0.01 1228.07 v _17350_/A3 (AO32x1_ASAP7_75t_R)
     7    7.49   43.28   41.92 1269.98 v _17350_/Y (AO32x1_ASAP7_75t_R)
                                         _04804_ (net)
                 43.28    0.25 1270.24 v _17500_/A (OR3x1_ASAP7_75t_R)
     7    6.43   41.92   48.72 1318.95 v _17500_/Y (OR3x1_ASAP7_75t_R)
                                         _04952_ (net)
                 41.93    0.42 1319.38 v _17549_/A (INVx1_ASAP7_75t_R)
     3    2.64   25.78   20.77 1340.15 ^ _17549_/Y (INVx1_ASAP7_75t_R)
                                         _05000_ (net)
                 25.78    0.02 1340.16 ^ _17558_/A2 (AOI221x1_ASAP7_75t_R)
     4    4.03   50.14   29.95 1370.11 v _17558_/Y (AOI221x1_ASAP7_75t_R)
                                         _05009_ (net)
                 50.14    0.35 1370.47 v _48504_/A2 (OAI21x1_ASAP7_75t_R)
     7    5.78   44.25   30.56 1401.03 ^ _48504_/Y (OAI21x1_ASAP7_75t_R)
                                         _16050_ (net)
                 44.26    0.32 1401.35 ^ _48655_/A1 (OA21x2_ASAP7_75t_R)
     1    0.99    9.14   24.00 1425.35 ^ _48655_/Y (OA21x2_ASAP7_75t_R)
                                         _16124_ (net)
                  9.14    0.00 1425.35 ^ _48657_/B1 (AOI221x1_ASAP7_75t_R)
   128  203.88 2040.44  688.57 2113.92 v _48657_/Y (AOI221x1_ASAP7_75t_R)
                                         _16126_ (net)
               2181.48  285.79 2399.71 v _52638_/B (AND2x2_ASAP7_75t_R)
     1    2.19   63.49  258.15 2657.86 v _52638_/Y (AND2x2_ASAP7_75t_R)
                                         vedic_mul.mul_la_hb.mul_ha_lb.mul_ha_lb.mul_ha_lb.mul_la_hb.high_adder.get_ripple_carry_adder.adder.gen_adder[2].adder.B (net)
                 63.49    0.00 2657.86 v vedic_mul.mul_la_hb.mul_ha_lb.mul_ha_lb.mul_ha_lb.mul_la_hb.high_adder.get_ripple_carry_adder.adder.gen_adder[2].adder.genblk1[0].genblk1.fulladder/B (FAx1_ASAP7_75t_R)
     1    0.71   34.94   29.48 2687.34 ^ vedic_mul.mul_la_hb.mul_ha_lb.mul_ha_lb.mul_ha_lb.mul_la_hb.high_adder.get_ripple_carry_adder.adder.gen_adder[2].adder.genblk1[0].genblk1.fulladder/SN (FAx1_ASAP7_75t_R)
                                         vedic_mul.mul_la_hb.mul_ha_lb.mul_ha_lb.mul_ha_lb.mul_la_hb.high_adder.get_ripple_carry_adder.adder.gen_adder[2].adder.NY (net)
                 34.94    0.00 2687.35 ^ _52568_/A (INVx1_ASAP7_75t_R)
     1    2.05   18.46   14.54 2701.89 v _52568_/Y (INVx1_ASAP7_75t_R)
                                         vedic_mul.mul_la_hb.mul_ha_lb.mul_ha_lb.mul_ha_lb.mid_adder.get_ripple_carry_adder.adder.gen_adder[6].adder.A (net)
                 18.46    0.02 2701.91 v vedic_mul.mul_la_hb.mul_ha_lb.mul_ha_lb.mul_ha_lb.mid_adder.get_ripple_carry_adder.adder.gen_adder[6].adder.genblk1[0].genblk1.fulladder/A (FAx1_ASAP7_75t_R)
     1    0.72   29.55   32.46 2734.37 ^ vedic_mul.mul_la_hb.mul_ha_lb.mul_ha_lb.mul_ha_lb.mid_adder.get_ripple_carry_adder.adder.gen_adder[6].adder.genblk1[0].genblk1.fulladder/SN (FAx1_ASAP7_75t_R)
                                         vedic_mul.mul_la_hb.mul_ha_lb.mul_ha_lb.mul_ha_lb.mid_adder.get_ripple_carry_adder.adder.gen_adder[6].adder.NY (net)
                 29.55    0.00 2734.37 ^ _52550_/A (INVx1_ASAP7_75t_R)
     1    2.25   18.13   14.26 2748.64 v _52550_/Y (INVx1_ASAP7_75t_R)
                                         vedic_mul.mul_la_hb.mul_ha_lb.mul_ha_lb.mul_ha_lb.low_adder.get_ripple_carry_adder.adder.gen_adder[6].adder.B (net)
                 18.13    0.03 2748.67 v vedic_mul.mul_la_hb.mul_ha_lb.mul_ha_lb.mul_ha_lb.low_adder.get_ripple_carry_adder.adder.gen_adder[6].adder.genblk1[0].genblk1.fulladder/B (FAx1_ASAP7_75t_R)
     1    0.73   28.98   22.68 2771.35 ^ vedic_mul.mul_la_hb.mul_ha_lb.mul_ha_lb.mul_ha_lb.low_adder.get_ripple_carry_adder.adder.gen_adder[6].adder.genblk1[0].genblk1.fulladder/SN (FAx1_ASAP7_75t_R)
                                         vedic_mul.mul_la_hb.mul_ha_lb.mul_ha_lb.mul_ha_lb.low_adder.get_ripple_carry_adder.adder.gen_adder[6].adder.NY (net)
                 28.98    0.01 2771.36 ^ _52531_/A (INVx1_ASAP7_75t_R)
     1    2.08   17.21   13.57 2784.93 v _52531_/Y (INVx1_ASAP7_75t_R)
                                         vedic_mul.mul_la_hb.mul_ha_lb.mul_ha_lb.mul_ha_lb.high_adder.get_ripple_carry_adder.adder.gen_adder[2].adder.A (net)
                 17.21    0.03 2784.96 v vedic_mul.mul_la_hb.mul_ha_lb.mul_ha_lb.mul_ha_lb.high_adder.get_ripple_carry_adder.adder.gen_adder[2].adder.genblk1[0].genblk1.fulladder/A (FAx1_ASAP7_75t_R)
     1    0.76   22.44   35.45 2820.41 v vedic_mul.mul_la_hb.mul_ha_lb.mul_ha_lb.mul_ha_lb.high_adder.get_ripple_carry_adder.adder.gen_adder[2].adder.genblk1[0].genblk1.fulladder/SN (FAx1_ASAP7_75t_R)
                                         vedic_mul.mul_la_hb.mul_ha_lb.mul_ha_lb.mul_ha_lb.high_adder.get_ripple_carry_adder.adder.gen_adder[2].adder.NY (net)
                 22.44    0.01 2820.42 v _52345_/A (INVx1_ASAP7_75t_R)
     1    2.23   18.77   14.60 2835.02 ^ _52345_/Y (INVx1_ASAP7_75t_R)
                                         vedic_mul.mul_la_hb.mul_ha_lb.mul_ha_lb.mid_adder.get_ripple_carry_adder.adder.gen_adder[10].adder.B (net)
                 18.77    0.02 2835.04 ^ vedic_mul.mul_la_hb.mul_ha_lb.mul_ha_lb.mid_adder.get_ripple_carry_adder.adder.gen_adder[10].adder.genblk1[0].genblk1.fulladder/B (FAx1_ASAP7_75t_R)
     1    0.75   30.06   32.36 2867.41 ^ vedic_mul.mul_la_hb.mul_ha_lb.mul_ha_lb.mid_adder.get_ripple_carry_adder.adder.gen_adder[10].adder.genblk1[0].genblk1.fulladder/SN (FAx1_ASAP7_75t_R)
                                         vedic_mul.mul_la_hb.mul_ha_lb.mul_ha_lb.mid_adder.get_ripple_carry_adder.adder.gen_adder[10].adder.NY (net)
                 30.06    0.01 2867.42 ^ _52319_/A (INVx1_ASAP7_75t_R)
     1    2.24   18.19   14.32 2881.74 v _52319_/Y (INVx1_ASAP7_75t_R)
                                         vedic_mul.mul_la_hb.mul_ha_lb.mul_ha_lb.low_adder.get_ripple_carry_adder.adder.gen_adder[10].adder.B (net)
                 18.19    0.03 2881.76 v vedic_mul.mul_la_hb.mul_ha_lb.mul_ha_lb.low_adder.get_ripple_carry_adder.adder.gen_adder[10].adder.genblk1[0].genblk1.fulladder/B (FAx1_ASAP7_75t_R)
     1    0.75   29.36   22.88 2904.64 ^ vedic_mul.mul_la_hb.mul_ha_lb.mul_ha_lb.low_adder.get_ripple_carry_adder.adder.gen_adder[10].adder.genblk1[0].genblk1.fulladder/SN (FAx1_ASAP7_75t_R)
                                         vedic_mul.mul_la_hb.mul_ha_lb.mul_ha_lb.low_adder.get_ripple_carry_adder.adder.gen_adder[10].adder.NY (net)
                 29.36    0.01 2904.65 ^ _52302_/A (INVx1_ASAP7_75t_R)
     1    2.22   18.00   14.09 2918.74 v _52302_/Y (INVx1_ASAP7_75t_R)
                                         vedic_mul.mul_la_hb.mul_ha_lb.mul_ha_lb.high_adder.get_ripple_carry_adder.adder.gen_adder[2].adder.A (net)
                 18.00    0.09 2918.83 v vedic_mul.mul_la_hb.mul_ha_lb.mul_ha_lb.high_adder.get_ripple_carry_adder.adder.gen_adder[2].adder.genblk1[0].genblk1.fulladder/A (FAx1_ASAP7_75t_R)
     1    0.76   22.52   35.70 2954.53 v vedic_mul.mul_la_hb.mul_ha_lb.mul_ha_lb.high_adder.get_ripple_carry_adder.adder.gen_adder[2].adder.genblk1[0].genblk1.fulladder/SN (FAx1_ASAP7_75t_R)
                                         vedic_mul.mul_la_hb.mul_ha_lb.mul_ha_lb.high_adder.get_ripple_carry_adder.adder.gen_adder[2].adder.NY (net)
                 22.52    0.01 2954.54 v _51543_/A (INVx1_ASAP7_75t_R)
     1    2.30   19.18   14.84 2969.38 ^ _51543_/Y (INVx1_ASAP7_75t_R)
                                         vedic_mul.mul_la_hb.mul_ha_lb.mid_adder.get_ripple_carry_adder.adder.gen_adder[18].adder.B (net)
                 19.18    0.05 2969.43 ^ vedic_mul.mul_la_hb.mul_ha_lb.mid_adder.get_ripple_carry_adder.adder.gen_adder[18].adder.genblk1[0].genblk1.fulladder/B (FAx1_ASAP7_75t_R)
     1    0.90   32.71   34.57 3004.00 ^ vedic_mul.mul_la_hb.mul_ha_lb.mid_adder.get_ripple_carry_adder.adder.gen_adder[18].adder.genblk1[0].genblk1.fulladder/SN (FAx1_ASAP7_75t_R)
                                         vedic_mul.mul_la_hb.mul_ha_lb.mid_adder.get_ripple_carry_adder.adder.gen_adder[18].adder.NY (net)
                 32.71    0.03 3004.04 ^ _51492_/A (INVx1_ASAP7_75t_R)
     1    2.50   20.10   15.69 3019.73 v _51492_/Y (INVx1_ASAP7_75t_R)
                                         vedic_mul.mul_la_hb.mul_ha_lb.low_adder.get_ripple_carry_adder.adder.gen_adder[18].adder.B (net)
                 20.11    0.14 3019.87 v vedic_mul.mul_la_hb.mul_ha_lb.low_adder.get_ripple_carry_adder.adder.gen_adder[18].adder.genblk1[0].genblk1.fulladder/B (FAx1_ASAP7_75t_R)
     1    0.77   29.83   23.45 3043.32 ^ vedic_mul.mul_la_hb.mul_ha_lb.low_adder.get_ripple_carry_adder.adder.gen_adder[18].adder.genblk1[0].genblk1.fulladder/SN (FAx1_ASAP7_75t_R)
                                         vedic_mul.mul_la_hb.mul_ha_lb.low_adder.get_ripple_carry_adder.adder.gen_adder[18].adder.NY (net)
                 29.83    0.01 3043.33 ^ _51458_/A (INVx1_ASAP7_75t_R)
     1    2.09   17.48   13.77 3057.10 v _51458_/Y (INVx1_ASAP7_75t_R)
                                         vedic_mul.mul_la_hb.mul_ha_lb.high_adder.get_ripple_carry_adder.adder.gen_adder[2].adder.A (net)
                 17.48    0.04 3057.13 v vedic_mul.mul_la_hb.mul_ha_lb.high_adder.get_ripple_carry_adder.adder.gen_adder[2].adder.genblk1[0].genblk1.fulladder/A (FAx1_ASAP7_75t_R)
     1    4.41  106.14   86.78 3143.91 v vedic_mul.mul_la_hb.mul_ha_lb.high_adder.get_ripple_carry_adder.adder.gen_adder[2].adder.genblk1[0].genblk1.fulladder/SN (FAx1_ASAP7_75t_R)
                                         vedic_mul.mul_la_hb.mul_ha_lb.high_adder.get_ripple_carry_adder.adder.gen_adder[2].adder.NY (net)
                106.23    1.81 3145.72 v _48165_/A (INVx1_ASAP7_75t_R)
     1    2.25   35.41   28.26 3173.98 ^ _48165_/Y (INVx1_ASAP7_75t_R)
                                         vedic_mul.mul_la_hb.mid_adder.get_ripple_carry_adder.adder.gen_adder[34].adder.B (net)
                 35.41    0.03 3174.01 ^ vedic_mul.mul_la_hb.mid_adder.get_ripple_carry_adder.adder.gen_adder[34].adder.genblk1[0].genblk1.fulladder/B (FAx1_ASAP7_75t_R)
     1    1.70   48.94   50.67 3224.68 ^ vedic_mul.mul_la_hb.mid_adder.get_ripple_carry_adder.adder.gen_adder[34].adder.genblk1[0].genblk1.fulladder/SN (FAx1_ASAP7_75t_R)
                                         vedic_mul.mul_la_hb.mid_adder.get_ripple_carry_adder.adder.gen_adder[34].adder.NY (net)
                 48.94    0.23 3224.91 ^ _48060_/A (INVx1_ASAP7_75t_R)
     1    2.24   22.10   17.16 3242.07 v _48060_/Y (INVx1_ASAP7_75t_R)
                                         vedic_mul.mul_la_hb.low_adder.get_ripple_carry_adder.adder.gen_adder[34].adder.B (net)
                 22.10    0.03 3242.09 v vedic_mul.mul_la_hb.low_adder.get_ripple_carry_adder.adder.gen_adder[34].adder.genblk1[0].genblk1.fulladder/B (FAx1_ASAP7_75t_R)
     1    0.75   29.60   23.57 3265.67 ^ vedic_mul.mul_la_hb.low_adder.get_ripple_carry_adder.adder.gen_adder[34].adder.genblk1[0].genblk1.fulladder/SN (FAx1_ASAP7_75t_R)
                                         vedic_mul.mul_la_hb.low_adder.get_ripple_carry_adder.adder.gen_adder[34].adder.NY (net)
                 29.60    0.01 3265.68 ^ _47955_/A (INVx1_ASAP7_75t_R)
     1    2.07   17.33   13.67 3279.34 v _47955_/Y (INVx1_ASAP7_75t_R)
                                         vedic_mul.mul_la_hb.high_adder.get_ripple_carry_adder.adder.gen_adder[2].adder.A (net)
                 17.33    0.03 3279.37 v vedic_mul.mul_la_hb.high_adder.get_ripple_carry_adder.adder.gen_adder[2].adder.genblk1[0].genblk1.fulladder/A (FAx1_ASAP7_75t_R)
     1    1.68   43.16   48.95 3328.32 v vedic_mul.mul_la_hb.high_adder.get_ripple_carry_adder.adder.gen_adder[2].adder.genblk1[0].genblk1.fulladder/SN (FAx1_ASAP7_75t_R)
                                         vedic_mul.mul_la_hb.high_adder.get_ripple_carry_adder.adder.gen_adder[2].adder.NY (net)
                 43.17    0.22 3328.54 v _22681_/A (INVx1_ASAP7_75t_R)
     1    2.71   26.63   21.14 3349.68 ^ _22681_/Y (INVx1_ASAP7_75t_R)
                                         vedic_mul.mid_adder.get_ripple_carry_adder.adder.gen_adder[66].adder.A (net)
                 26.65    0.31 3349.99 ^ vedic_mul.mid_adder.get_ripple_carry_adder.adder.gen_adder[66].adder.genblk1[0].genblk1.fulladder/A (FAx1_ASAP7_75t_R)
     1    0.74   30.72   34.19 3384.19 ^ vedic_mul.mid_adder.get_ripple_carry_adder.adder.gen_adder[66].adder.genblk1[0].genblk1.fulladder/SN (FAx1_ASAP7_75t_R)
                                         vedic_mul.mid_adder.get_ripple_carry_adder.adder.gen_adder[66].adder.NY (net)
                 30.72    0.01 3384.19 ^ _22445_/A (INVx1_ASAP7_75t_R)
     1    2.71   20.57   15.96 3400.15 v _22445_/Y (INVx1_ASAP7_75t_R)
                                         vedic_mul.low_adder.get_ripple_carry_adder.adder.gen_adder[66].adder.B (net)
                 20.58    0.24 3400.40 v vedic_mul.low_adder.get_ripple_carry_adder.adder.gen_adder[66].adder.genblk1[0].genblk1.fulladder/B (FAx1_ASAP7_75t_R)
     1    0.73   29.02   23.09 3423.49 ^ vedic_mul.low_adder.get_ripple_carry_adder.adder.gen_adder[66].adder.genblk1[0].genblk1.fulladder/SN (FAx1_ASAP7_75t_R)
                                         vedic_mul.low_adder.get_ripple_carry_adder.adder.gen_adder[66].adder.NY (net)
                 29.02    0.01 3423.50 ^ _22233_/A (INVx1_ASAP7_75t_R)
     1   10.47   61.17   31.24 3454.74 v _22233_/Y (INVx1_ASAP7_75t_R)
                                         vedic_mul.high_adder.get_ripple_carry_adder.adder.gen_adder[2].adder.A (net)
                 66.35    9.39 3464.13 v vedic_mul.high_adder.get_ripple_carry_adder.adder.gen_adder[2].adder.genblk1[0].genblk1.fulladder/A (FAx1_ASAP7_75t_R)
     2    1.40   50.23   50.97 3515.10 ^ vedic_mul.high_adder.get_ripple_carry_adder.adder.gen_adder[2].adder.genblk1[0].genblk1.fulladder/SN (FAx1_ASAP7_75t_R)
                                         vedic_mul.high_adder.get_ripple_carry_adder.adder.gen_adder[2].adder.NY (net)
                 50.23    0.02 3515.11 ^ _19662_/A (INVx1_ASAP7_75t_R)
     1    0.49   11.46    8.68 3523.79 v _19662_/Y (INVx1_ASAP7_75t_R)
                                         _06901_ (net)
                 11.46    0.00 3523.79 v _19663_/C (OA211x2_ASAP7_75t_R)
     1    0.56   17.77   27.37 3551.16 v _19663_/Y (OA211x2_ASAP7_75t_R)
                                         _06902_ (net)
                 17.77    0.00 3551.17 v _19664_/C (AO221x1_ASAP7_75t_R)
     3    3.00   21.21   30.98 3582.14 v _19664_/Y (AO221x1_ASAP7_75t_R)
                                         _06903_ (net)
                 21.21    0.07 3582.22 v _19667_/A (OR2x2_ASAP7_75t_R)
     4    3.06   13.76   26.61 3608.83 v _19667_/Y (OR2x2_ASAP7_75t_R)
                                         _06906_ (net)
                 13.76    0.05 3608.88 v _19668_/B (NOR2x1_ASAP7_75t_R)
     8    6.08   46.49   26.09 3634.96 ^ _19668_/Y (NOR2x1_ASAP7_75t_R)
                                         _06907_ (net)
                 46.49    0.22 3635.18 ^ _19696_/B (AND4x1_ASAP7_75t_R)
     3    2.20   23.00   38.01 3673.19 ^ _19696_/Y (AND4x1_ASAP7_75t_R)
                                         _06935_ (net)
                 23.00    0.15 3673.34 ^ _19698_/B (AND2x2_ASAP7_75t_R)
     1    0.46    7.42   19.76 3693.10 ^ _19698_/Y (AND2x2_ASAP7_75t_R)
                                         _06937_ (net)
                  7.42    0.00 3693.10 ^ _19699_/B (OA211x2_ASAP7_75t_R)
     1    0.66   11.31   18.92 3712.02 ^ _19699_/Y (OA211x2_ASAP7_75t_R)
                                         _06938_ (net)
                 11.31    0.00 3712.03 ^ _19700_/B (AO21x1_ASAP7_75t_R)
     2    1.30   11.64   13.81 3725.84 ^ _19700_/Y (AO21x1_ASAP7_75t_R)
                                         _06939_ (net)
                 11.64    0.03 3725.87 ^ _19702_/C (AND3x1_ASAP7_75t_R)
     2    1.62   16.69   24.45 3750.32 ^ _19702_/Y (AND3x1_ASAP7_75t_R)
                                         _06941_ (net)
                 16.69    0.00 3750.33 ^ _19704_/B1 (AO32x1_ASAP7_75t_R)
     8    6.56   45.34   37.21 3787.53 ^ _19704_/Y (AO32x1_ASAP7_75t_R)
                                         _06943_ (net)
                 45.45    1.33 3788.86 ^ _19710_/B1 (AO33x2_ASAP7_75t_R)
    14   12.37   46.20   48.52 3837.38 ^ _19710_/Y (AO33x2_ASAP7_75t_R)
                                         _06949_ (net)
                 46.65    2.53 3839.91 ^ _19715_/A2 (AO21x2_ASAP7_75t_R)
    16   14.94   50.14   43.15 3883.06 ^ _19715_/Y (AO21x2_ASAP7_75t_R)
                                         _06954_ (net)
                 50.15    0.32 3883.38 ^ _20148_/A (AND4x1_ASAP7_75t_R)
     3    3.13   29.11   42.08 3925.46 ^ _20148_/Y (AND4x1_ASAP7_75t_R)
                                         _07334_ (net)
                 29.11    0.01 3925.47 ^ _20150_/A (XNOR2x2_ASAP7_75t_R)
     2    2.65   13.50   36.90 3962.37 v _20150_/Y (XNOR2x2_ASAP7_75t_R)
                                         _07336_ (net)
                 13.57    0.53 3962.90 v _20151_/B (AND2x2_ASAP7_75t_R)
     4    2.76   14.70   21.11 3984.01 v _20151_/Y (AND2x2_ASAP7_75t_R)
                                         _07337_ (net)
                 14.70    0.09 3984.10 v _20152_/B (AO21x1_ASAP7_75t_R)
     1    0.61   22.38   16.75 4000.86 v _20152_/Y (AO21x1_ASAP7_75t_R)
                                         _07338_ (net)
                 22.38    0.00 4000.86 v _20184_/A2 (AO222x2_ASAP7_75t_R)
     1    0.93   16.98   33.46 4034.32 v _20184_/Y (AO222x2_ASAP7_75t_R)
                                         result[105] (net)
                 16.98    0.08 4034.40 v result[105] (out)
                               4034.40   data arrival time

                  0.00 5000.00 5000.00   clock clk (rise edge)
                          0.00 5000.00   clock network delay (ideal)
                          0.00 5000.00   clock reconvergence pessimism
                       -1000.00 4000.00   output external delay
                               4000.00   data required time
-----------------------------------------------------------------------------
                               4000.00   data required time
                               -4034.40   data arrival time
-----------------------------------------------------------------------------
                                -34.40   slack (VIOLATED)



==========================================================================
global place report_power
--------------------------------------------------------------------------
Group                  Internal  Switching    Leakage      Total
                          Power      Power      Power      Power (Watts)
----------------------------------------------------------------
Sequential             0.00e+00   0.00e+00   0.00e+00   0.00e+00   0.0%
Combinational          7.65e-03   1.16e-02   5.09e-06   1.93e-02 100.0%
Clock                  0.00e+00   0.00e+00   0.00e+00   0.00e+00   0.0%
Macro                  0.00e+00   0.00e+00   0.00e+00   0.00e+00   0.0%
Pad                    0.00e+00   0.00e+00   0.00e+00   0.00e+00   0.0%
----------------------------------------------------------------
Total                  7.65e-03   1.16e-02   5.09e-06   1.93e-02 100.0%
                          39.6%      60.4%       0.0%
