
==========================================================================
floorplan final report_tns
--------------------------------------------------------------------------
tns 0.00

==========================================================================
floorplan final report_wns
--------------------------------------------------------------------------
wns 0.00

==========================================================================
floorplan final report_worst_slack
--------------------------------------------------------------------------
worst slack 7.87

==========================================================================
floorplan final report_checks -path_delay min
--------------------------------------------------------------------------
Startpoint: is_signed (input port clocked by clk)
Endpoint: of[7] (output port clocked by clk)
Path Group: clk
Path Type: min

Fanout     Cap    Slew   Delay    Time   Description
-----------------------------------------------------------------------------
                  0.00    0.00    0.00   clock clk (rise edge)
                          0.00    0.00   clock network delay (ideal)
                          6.00    6.00 ^ input external delay
    60   98.83    0.00    0.00    6.00 ^ is_signed (in)
                                         is_signed (net)
                  0.00    0.00    6.00 ^ _12688_/C2 (AOI221_X1)
     1    0.00    0.00    0.01    6.01 v _12688_/ZN (AOI221_X1)
                                         of[7] (net)
                  0.00    0.00    6.01 v of[7] (out)
                                  6.01   data arrival time

                  0.00    0.00    0.00   clock clk (rise edge)
                          0.00    0.00   clock network delay (ideal)
                          0.00    0.00   clock reconvergence pessimism
                         -6.00   -6.00   output external delay
                                 -6.00   data required time
-----------------------------------------------------------------------------
                                 -6.00   data required time
                                 -6.01   data arrival time
-----------------------------------------------------------------------------
                                 12.01   slack (MET)



==========================================================================
floorplan final report_checks -path_delay max
--------------------------------------------------------------------------
Startpoint: is_negate_srca (input port clocked by clk)
Endpoint: result[127] (output port clocked by clk)
Path Group: clk
Path Type: max

Fanout     Cap    Slew   Delay    Time   Description
-----------------------------------------------------------------------------
                  0.00    0.00    0.00   clock clk (rise edge)
                          0.00    0.00   clock network delay (ideal)
                          6.00    6.00 v input external delay
    56  100.23    0.00    0.00    6.00 v is_negate_srca (in)
                                         is_negate_srca (net)
                  0.00    0.00    6.00 v _06832_/A (INV_X2)
   126  269.80    0.31    0.33    6.33 ^ _06832_/ZN (INV_X2)
                                         _04408_ (net)
                  0.31    0.00    6.33 ^ _06987_/A2 (NAND3_X1)
     5    6.78    0.06    0.08    6.41 v _06987_/ZN (NAND3_X1)
                                         _06040_ (net)
                  0.06    0.00    6.41 v _06988_/A2 (AND2_X1)
    12   16.02    0.02    0.08    6.49 v _06988_/ZN (AND2_X1)
                                         _06049_ (net)
                  0.02    0.00    6.49 v _06992_/B1 (OAI33_X1)
     2    3.24    0.07    0.08    6.57 ^ _06992_/ZN (OAI33_X1)
                                         _06085_ (net)
                  0.07    0.00    6.57 ^ _06994_/B1 (OAI22_X1)
     1    3.21    0.02    0.03    6.60 v _06994_/ZN (OAI22_X1)
                                         _06107_ (net)
                  0.02    0.00    6.60 v _07020_/B1 (AOI221_X2)
     3    7.43    0.06    0.09    6.69 ^ _07020_/ZN (AOI221_X2)
                                         _06354_ (net)
                  0.06    0.00    6.69 ^ _07040_/A (OAI21_X2)
     5    9.61    0.03    0.04    6.73 v _07040_/ZN (OAI21_X2)
                                         _06534_ (net)
                  0.03    0.00    6.73 v _07243_/B2 (AOI221_X2)
    10   19.25    0.10    0.15    6.87 ^ _07243_/ZN (AOI221_X2)
                                         _06747_ (net)
                  0.10    0.00    6.87 ^ _07364_/S (MUX2_X1)
     5    7.46    0.02    0.08    6.95 v _07364_/Z (MUX2_X1)
                                         _00070_ (net)
                  0.02    0.00    6.95 v _07383_/C2 (AOI222_X1)
    11   18.86    0.17    0.23    7.18 ^ _07383_/ZN (AOI222_X1)
                                         _00089_ (net)
                  0.17    0.00    7.18 ^ _07389_/A (AOI21_X1)
     1    1.55    0.04    0.02    7.20 v _07389_/ZN (AOI21_X1)
                                         _00095_ (net)
                  0.04    0.00    7.20 v _07390_/B3 (OAI33_X1)
     9   11.80    0.13    0.17    7.37 ^ _07390_/ZN (OAI33_X1)
                                         _00096_ (net)
                  0.13    0.00    7.37 ^ _07439_/A1 (AND2_X1)
    15   27.98    0.07    0.12    7.49 ^ _07439_/ZN (AND2_X1)
                                         _00145_ (net)
                  0.07    0.00    7.49 ^ _07729_/B1 (AOI21_X1)
     1    1.57    0.02    0.02    7.51 v _07729_/ZN (AOI21_X1)
                                         _00435_ (net)
                  0.02    0.00    7.51 v _07734_/B2 (AOI221_X4)
     7   10.97    0.01    0.13    7.64 ^ _07734_/ZN (AOI221_X4)
                                         _00440_ (net)
                  0.01    0.00    7.64 ^ _07805_/B1 (OAI222_X2)
     3    7.57    0.03    0.04    7.68 v _07805_/ZN (OAI222_X2)
                                         _00511_ (net)
                  0.03    0.00    7.68 v _07806_/B2 (OAI21_X2)
     3    4.73    0.02    0.04    7.72 ^ _07806_/ZN (OAI21_X2)
                                         _00512_ (net)
                  0.02    0.00    7.72 ^ _07953_/B3 (OAI33_X1)
     2    7.39    0.02    0.04    7.76 v _07953_/ZN (OAI33_X1)
                                         _00658_ (net)
                  0.02    0.00    7.76 v _07954_/A4 (OR4_X2)
    17   31.72    0.03    0.15    7.91 v _07954_/ZN (OR4_X2)
                                         _00659_ (net)
                  0.03    0.00    7.91 v _08079_/B2 (OAI21_X2)
     4    8.16    0.03    0.05    7.97 ^ _08079_/ZN (OAI21_X2)
                                         _00784_ (net)
                  0.03    0.00    7.97 ^ _08081_/A3 (NAND4_X1)
     3    3.31    0.07    0.04    8.01 v _08081_/ZN (NAND4_X1)
                                         _00786_ (net)
                  0.07    0.00    8.01 v _08242_/A1 (AND3_X1)
     2    3.14    0.01    0.06    8.06 v _08242_/ZN (AND3_X1)
                                         _00947_ (net)
                  0.01    0.00    8.06 v _08258_/B2 (AOI221_X4)
     4   11.91    0.01    0.13    8.19 ^ _08258_/ZN (AOI221_X4)
                                         _00963_ (net)
                  0.01    0.00    8.19 ^ _08259_/B2 (AOI21_X4)
     8   18.72    0.02    0.02    8.21 v _08259_/ZN (AOI21_X4)
                                         _00964_ (net)
                  0.02    0.00    8.21 v _08268_/S (MUX2_X1)
    15   44.05    0.10    0.16    8.37 ^ _08268_/Z (MUX2_X1)
                                         _00973_ (net)
                  0.10    0.00    8.37 ^ _08330_/S (MUX2_X1)
    12   24.87    0.06    0.11    8.48 ^ _08330_/Z (MUX2_X1)
                                         _01035_ (net)
                  0.06    0.00    8.48 ^ _08568_/C1 (OAI211_X2)
     4    4.18    0.10    0.03    8.51 v _08568_/ZN (OAI211_X2)
                                         _01273_ (net)
                  0.10    0.00    8.51 v _08686_/A2 (AND2_X1)
     2    4.81    0.01    0.07    8.59 v _08686_/ZN (AND2_X1)
                                         _01390_ (net)
                  0.01    0.00    8.59 v _08687_/B2 (AOI22_X2)
     9   18.10    0.07    0.09    8.67 ^ _08687_/ZN (AOI22_X2)
                                         _01391_ (net)
                  0.07    0.00    8.67 ^ _08688_/B (OAI211_X2)
     2    2.45    0.02    0.03    8.71 v _08688_/ZN (OAI211_X2)
                                         _01392_ (net)
                  0.02    0.00    8.71 v _08717_/A4 (NOR4_X1)
     2    4.78    0.07    0.12    8.82 ^ _08717_/ZN (NOR4_X1)
                                         _01421_ (net)
                  0.07    0.00    8.82 ^ _08731_/A (AOI211_X2)
     2    4.45    0.02    0.03    8.85 v _08731_/ZN (AOI211_X2)
                                         _01435_ (net)
                  0.02    0.00    8.85 v _08736_/A (AOI211_X2)
    12   19.02    0.09    0.13    8.98 ^ _08736_/ZN (AOI211_X2)
                                         _01440_ (net)
                  0.09    0.00    8.98 ^ _08796_/B2 (OAI221_X1)
     4    7.17    0.05    0.06    9.05 v _08796_/ZN (OAI221_X1)
                                         _01500_ (net)
                  0.05    0.00    9.05 v _08799_/A1 (NOR3_X2)
    14   25.89    0.11    0.14    9.18 ^ _08799_/ZN (NOR3_X2)
                                         _01503_ (net)
                  0.11    0.00    9.18 ^ _08802_/A2 (AOI22_X1)
     1    1.55    0.02    0.02    9.21 v _08802_/ZN (AOI22_X1)
                                         _01506_ (net)
                  0.02    0.00    9.21 v _08804_/B2 (AOI221_X1)
     2    3.30    0.06    0.10    9.30 ^ _08804_/ZN (AOI221_X1)
                                         _01508_ (net)
                  0.06    0.00    9.30 ^ _08810_/A (AOI221_X1)
     1    0.91    0.02    0.02    9.32 v _08810_/ZN (AOI221_X1)
                                         _01514_ (net)
                  0.02    0.00    9.32 v _09048_/A (MUX2_X1)
    18   30.16    0.04    0.11    9.43 v _09048_/Z (MUX2_X1)
                                         _01752_ (net)
                  0.04    0.00    9.43 v _09199_/A2 (NOR2_X2)
    16   30.46    0.08    0.11    9.54 ^ _09199_/ZN (NOR2_X2)
                                         _01903_ (net)
                  0.08    0.00    9.54 ^ _09253_/S (MUX2_X1)
     1    1.57    0.01    0.06    9.60 v _09253_/Z (MUX2_X1)
                                         _01957_ (net)
                  0.01    0.00    9.60 v _09255_/B1 (AOI221_X1)
    11   15.52    0.14    0.18    9.78 ^ _09255_/ZN (AOI221_X1)
                                         _01959_ (net)
                  0.14    0.00    9.78 ^ _09258_/B2 (AOI22_X1)
     1    2.65    0.03    0.04    9.82 v _09258_/ZN (AOI22_X1)
                                         _01962_ (net)
                  0.03    0.00    9.82 v _09260_/B1 (OAI22_X2)
     5    8.72    0.04    0.06    9.88 ^ _09260_/ZN (OAI22_X2)
                                         _01964_ (net)
                  0.04    0.00    9.88 ^ _09470_/S (MUX2_X1)
     3    3.51    0.01    0.07    9.95 v _09470_/Z (MUX2_X1)
                                         _02173_ (net)
                  0.01    0.00    9.95 v _09479_/B1 (OAI33_X1)
     5    9.12    0.11    0.13   10.08 ^ _09479_/ZN (OAI33_X1)
                                         _02182_ (net)
                  0.11    0.00   10.08 ^ _09480_/S (MUX2_X1)
    11   20.55    0.05    0.10   10.18 ^ _09480_/Z (MUX2_X1)
                                         _02183_ (net)
                  0.05    0.00   10.18 ^ _09644_/S (MUX2_X1)
     2    2.82    0.01    0.07   10.24 v _09644_/Z (MUX2_X1)
                                         _02347_ (net)
                  0.01    0.00   10.24 v _09645_/C1 (AOI221_X1)
     9   15.87    0.14    0.16   10.40 ^ _09645_/ZN (AOI221_X1)
                                         _02348_ (net)
                  0.14    0.00   10.40 ^ _09735_/B (XNOR2_X2)
     7   12.39    0.04    0.05   10.45 v _09735_/ZN (XNOR2_X2)
                                         _02438_ (net)
                  0.04    0.00   10.45 v _09738_/A (AOI221_X2)
     2    3.31    0.04    0.08   10.53 ^ _09738_/ZN (AOI221_X2)
                                         _02441_ (net)
                  0.04    0.00   10.53 ^ _09767_/B1 (OAI221_X1)
     3    6.49    0.03    0.05   10.58 v _09767_/ZN (OAI221_X1)
                                         _02470_ (net)
                  0.03    0.00   10.58 v _09768_/C2 (AOI221_X2)
    30   52.15    0.22    0.25   10.84 ^ _09768_/ZN (AOI221_X2)
                                         _02471_ (net)
                  0.22    0.00   10.84 ^ _09904_/A2 (NAND2_X1)
    55   91.83    0.17    0.28   11.12 v _09904_/ZN (NAND2_X1)
                                         _02607_ (net)
                  0.17    0.00   11.12 v _09905_/S (MUX2_X1)
     2    5.14    0.02    0.10   11.22 ^ _09905_/Z (MUX2_X1)
                                         _02608_ (net)
                  0.02    0.00   11.22 ^ _09908_/B1 (OAI221_X2)
     3    4.69    0.05    0.03   11.25 v _09908_/ZN (OAI221_X2)
                                         _02611_ (net)
                  0.05    0.00   11.25 v _09948_/A3 (OAI33_X1)
     4    5.19    0.08    0.10   11.35 ^ _09948_/ZN (OAI33_X1)
                                         _02651_ (net)
                  0.08    0.00   11.35 ^ _10067_/A2 (AND2_X1)
     2    4.73    0.02    0.05   11.41 ^ _10067_/ZN (AND2_X1)
                                         _02770_ (net)
                  0.02    0.00   11.41 ^ _10070_/B2 (OAI221_X2)
     4   10.53    0.03    0.05   11.45 v _10070_/ZN (OAI221_X2)
                                         _02773_ (net)
                  0.03    0.00   11.45 v _10154_/C1 (OAI221_X4)
     7   13.99    0.01    0.08   11.53 ^ _10154_/ZN (OAI221_X4)
                                         _02856_ (net)
                  0.01    0.00   11.53 ^ _10189_/B1 (AOI21_X2)
     6   11.03    0.06    0.02   11.56 v _10189_/ZN (AOI21_X2)
                                         _02891_ (net)
                  0.06    0.00   11.56 v _10373_/A4 (NOR4_X2)
     3    5.09    0.05    0.10   11.66 ^ _10373_/ZN (NOR4_X2)
                                         _03075_ (net)
                  0.05    0.00   11.66 ^ _10375_/A1 (NOR2_X1)
     3    4.31    0.02    0.02   11.68 v _10375_/ZN (NOR2_X1)
                                         _03077_ (net)
                  0.02    0.00   11.68 v _10378_/B1 (OAI33_X1)
     9   14.99    0.16    0.17   11.85 ^ _10378_/ZN (OAI33_X1)
                                         _03080_ (net)
                  0.16    0.00   11.85 ^ _10477_/A1 (NOR2_X1)
     1    1.36    0.03    0.00   11.85 v _10477_/ZN (NOR2_X1)
                                         _03179_ (net)
                  0.03    0.00   11.85 v _10478_/B1 (OAI33_X1)
     3    7.69    0.10    0.12   11.97 ^ _10478_/ZN (OAI33_X1)
                                         _03180_ (net)
                  0.10    0.00   11.97 ^ _10480_/B1 (OAI21_X2)
     8   22.07    0.04    0.06   12.03 v _10480_/ZN (OAI21_X2)
                                         _03182_ (net)
                  0.04    0.00   12.03 v _10553_/B1 (AOI21_X2)
    16   30.50    0.08    0.11   12.14 ^ _10553_/ZN (AOI21_X2)
                                         _03255_ (net)
                  0.08    0.00   12.14 ^ _10554_/S (MUX2_X1)
     2    3.22    0.01    0.05   12.19 ^ _10554_/Z (MUX2_X1)
                                         _03256_ (net)
                  0.01    0.00   12.19 ^ _10555_/C1 (OAI221_X1)
    11   17.75    0.07    0.07   12.26 v _10555_/ZN (OAI221_X1)
                                         _03257_ (net)
                  0.07    0.00   12.26 v _10791_/B3 (OAI33_X1)
    12   21.53    0.21    0.26   12.52 ^ _10791_/ZN (OAI33_X1)
                                         _03493_ (net)
                  0.21    0.00   12.52 ^ _11027_/A1 (OR2_X1)
     1    1.66    0.01    0.03   12.55 ^ _11027_/ZN (OR2_X1)
                                         _03728_ (net)
                  0.01    0.00   12.55 ^ _11029_/B1 (OAI221_X1)
     1    2.97    0.05    0.03   12.58 v _11029_/ZN (OAI221_X1)
                                         _03730_ (net)
                  0.05    0.00   12.58 v _11032_/B1 (OAI221_X2)
     4   13.42    0.06    0.09   12.67 ^ _11032_/ZN (OAI221_X2)
                                         _03733_ (net)
                  0.06    0.00   12.67 ^ _11163_/B2 (AOI221_X1)
     1    3.05    0.02    0.04   12.71 v _11163_/ZN (AOI221_X1)
                                         _03864_ (net)
                  0.02    0.00   12.71 v _11164_/B (AOI211_X2)
     3    4.94    0.07    0.07   12.79 ^ _11164_/ZN (AOI211_X2)
                                         _03865_ (net)
                  0.07    0.00   12.79 ^ _11165_/B2 (OAI22_X1)
     4    5.70    0.02    0.05   12.83 v _11165_/ZN (OAI22_X1)
                                         _03866_ (net)
                  0.02    0.00   12.83 v _11170_/A2 (AND2_X1)
     4    8.20    0.01    0.05   12.88 v _11170_/ZN (AND2_X1)
                                         _03871_ (net)
                  0.01    0.00   12.88 v _11226_/A4 (NOR4_X2)
     1    3.44    0.04    0.08   12.96 ^ _11226_/ZN (NOR4_X2)
                                         _03927_ (net)
                  0.04    0.00   12.96 ^ _11227_/B2 (AOI22_X2)
     5    8.31    0.02    0.04   13.00 v _11227_/ZN (AOI22_X2)
                                         _03928_ (net)
                  0.02    0.00   13.00 v _11269_/A1 (OAI22_X1)
     3    9.39    0.07    0.07   13.07 ^ _11269_/ZN (OAI22_X1)
                                         _03970_ (net)
                  0.07    0.00   13.07 ^ _11273_/B1 (AOI21_X2)
     7   10.79    0.03    0.04   13.10 v _11273_/ZN (AOI21_X2)
                                         _03974_ (net)
                  0.03    0.00   13.10 v _11274_/A2 (NOR2_X1)
    32   58.58    0.28    0.32   13.43 ^ _11274_/ZN (NOR2_X1)
                                         _03975_ (net)
                  0.28    0.00   13.43 ^ _11544_/S (MUX2_X1)
     1    1.65    0.02    0.05   13.48 ^ _11544_/Z (MUX2_X1)
                                         _04267_ (net)
                  0.02    0.00   13.48 ^ _11545_/A2 (NOR2_X1)
     2    2.37    0.04    0.01   13.49 v _11545_/ZN (NOR2_X1)
                                         _04268_ (net)
                  0.04    0.00   13.49 v _11546_/A4 (OR4_X1)
     1    1.45    0.02    0.12   13.62 v _11546_/ZN (OR4_X1)
                                         _04269_ (net)
                  0.02    0.00   13.62 v _11547_/B1 (AOI21_X1)
     5    6.09    0.04    0.05   13.67 ^ _11547_/ZN (AOI21_X1)
                                         _04270_ (net)
                  0.04    0.00   13.67 ^ _11553_/A1 (NOR2_X1)
     5    6.27    0.02    0.02   13.69 v _11553_/ZN (NOR2_X1)
                                         _04276_ (net)
                  0.02    0.00   13.69 v _11556_/A1 (OR3_X1)
     3    4.44    0.02    0.07   13.77 v _11556_/ZN (OR3_X1)
                                         _04280_ (net)
                  0.02    0.00   13.77 v _11701_/A2 (NOR2_X1)
     2    3.19    0.02    0.04   13.81 ^ _11701_/ZN (NOR2_X1)
                                         _04438_ (net)
                  0.02    0.00   13.81 ^ _11799_/B2 (OAI33_X1)
     2    3.14    0.03    0.03   13.84 v _11799_/ZN (OAI33_X1)
                                         _04546_ (net)
                  0.03    0.00   13.84 v _11804_/A4 (NOR4_X1)
     2    4.65    0.07    0.12   13.95 ^ _11804_/ZN (NOR4_X1)
                                         _04552_ (net)
                  0.07    0.00   13.95 ^ _11855_/A2 (NOR2_X1)
     3    5.42    0.02    0.03   13.98 v _11855_/ZN (NOR2_X1)
                                         _04608_ (net)
                  0.02    0.00   13.98 v _11872_/S (MUX2_X1)
     2    3.31    0.01    0.06   14.04 ^ _11872_/Z (MUX2_X1)
                                         _04626_ (net)
                  0.01    0.00   14.04 ^ _11873_/B1 (OAI21_X1)
     1    1.57    0.08    0.01   14.05 v _11873_/ZN (OAI21_X1)
                                         _04627_ (net)
                  0.08    0.00   14.05 v _11877_/B1 (AOI221_X1)
    10   13.79    0.13    0.19   14.24 ^ _11877_/ZN (AOI221_X1)
                                         _04632_ (net)
                  0.13    0.00   14.24 ^ _11961_/A2 (NAND2_X1)
     2    3.02    0.04    0.03   14.27 v _11961_/ZN (NAND2_X1)
                                         _04724_ (net)
                  0.04    0.00   14.27 v _11962_/B2 (AOI22_X1)
    16   27.58    0.15    0.19   14.46 ^ _11962_/ZN (AOI22_X1)
                                         _04725_ (net)
                  0.15    0.00   14.46 ^ _11993_/A2 (NOR2_X1)
     1    1.52    0.03    0.01   14.47 v _11993_/ZN (NOR2_X1)
                                         _04759_ (net)
                  0.03    0.00   14.47 v _11995_/A (OAI21_X1)
     1    3.48    0.03    0.03   14.50 ^ _11995_/ZN (OAI21_X1)
                                         _04762_ (net)
                  0.03    0.00   14.50 ^ _11998_/B1 (OAI221_X2)
     4    8.94    0.03    0.04   14.55 v _11998_/ZN (OAI221_X2)
                                         _04765_ (net)
                  0.03    0.00   14.55 v _12029_/B1 (OAI21_X2)
    17   31.61    0.08    0.11   14.65 ^ _12029_/ZN (OAI21_X2)
                                         _04799_ (net)
                  0.08    0.00   14.65 ^ _12083_/S (MUX2_X1)
     3    5.90    0.01    0.07   14.73 v _12083_/Z (MUX2_X1)
                                         _04858_ (net)
                  0.01    0.00   14.73 v _12099_/C2 (AOI221_X2)
     5    8.12    0.06    0.07   14.80 ^ _12099_/ZN (AOI221_X2)
                                         _04876_ (net)
                  0.06    0.00   14.80 ^ _12101_/A1 (NOR2_X1)
     1    1.36    0.01    0.01   14.81 v _12101_/ZN (NOR2_X1)
                                         _04878_ (net)
                  0.01    0.00   14.81 v _12185_/B1 (OAI33_X1)
     3    5.51    0.09    0.10   14.91 ^ _12185_/ZN (OAI33_X1)
                                         _04971_ (net)
                  0.09    0.00   14.91 ^ _12189_/C1 (AOI221_X1)
     3    4.36    0.03    0.04   14.94 v _12189_/ZN (AOI221_X1)
                                         _04975_ (net)
                  0.03    0.00   14.94 v _12221_/A2 (OAI33_X1)
     3    4.30    0.08    0.08   15.02 ^ _12221_/ZN (OAI33_X1)
                                         _05010_ (net)
                  0.08    0.00   15.02 ^ _12298_/A3 (NAND4_X1)
     4    7.57    0.04    0.07   15.09 v _12298_/ZN (NAND4_X1)
                                         _05088_ (net)
                  0.04    0.00   15.09 v _12330_/A1 (AND3_X1)
     5   16.66    0.02    0.07   15.16 v _12330_/ZN (AND3_X1)
                                         _05123_ (net)
                  0.02    0.00   15.16 v _12398_/B2 (OAI21_X4)
    13   31.65    0.05    0.07   15.23 ^ _12398_/ZN (OAI21_X4)
                                         _05198_ (net)
                  0.05    0.00   15.23 ^ _12633_/S (MUX2_X1)
     1    2.99    0.01    0.07   15.30 v _12633_/Z (MUX2_X1)
                                         _05440_ (net)
                  0.01    0.00   15.30 v _12634_/B2 (AOI221_X2)
     3    6.31    0.05    0.09   15.39 ^ _12634_/ZN (AOI221_X2)
                                         _05442_ (net)
                  0.05    0.00   15.39 ^ _12638_/B2 (OAI22_X1)
     5   11.40    0.03    0.06   15.44 v _12638_/ZN (OAI22_X1)
                                         _05446_ (net)
                  0.03    0.00   15.44 v _12644_/A2 (OAI22_X2)
     2    7.39    0.04    0.05   15.49 ^ _12644_/ZN (OAI22_X2)
                                         _05453_ (net)
                  0.04    0.00   15.49 ^ _12647_/A2 (NAND4_X4)
     6    9.38    0.02    0.04   15.53 v _12647_/ZN (NAND4_X4)
                                         _05456_ (net)
                  0.02    0.00   15.53 v _12909_/B1 (AOI221_X2)
     1    3.37    0.04    0.07   15.61 ^ _12909_/ZN (AOI221_X2)
                                         _05734_ (net)
                  0.04    0.00   15.61 ^ _12913_/A1 (OR3_X4)
     6   16.79    0.01    0.04   15.64 ^ _12913_/ZN (OR3_X4)
                                         _05738_ (net)
                  0.01    0.00   15.64 ^ _12922_/B1 (OAI21_X4)
    74  130.96    0.07    0.08   15.72 v _12922_/ZN (OAI21_X4)
                                         _05748_ (net)
                  0.07    0.00   15.72 v _13086_/A2 (AOI22_X1)
    31   50.07    0.25    0.30   16.03 ^ _13086_/ZN (AOI22_X1)
                                         _05903_ (net)
                  0.25    0.00   16.03 ^ _13118_/A1 (AND3_X1)
     1    1.57    0.02    0.08   16.11 ^ _13118_/ZN (AND3_X1)
                                         _05934_ (net)
                  0.02    0.00   16.11 ^ _13119_/C1 (OAI221_X1)
     1    0.00    0.03    0.02   16.13 v _13119_/ZN (OAI221_X1)
                                         result[127] (net)
                  0.03    0.00   16.13 v result[127] (out)
                                 16.13   data arrival time

                  0.00   30.00   30.00   clock clk (rise edge)
                          0.00   30.00   clock network delay (ideal)
                          0.00   30.00   clock reconvergence pessimism
                         -6.00   24.00   output external delay
                                 24.00   data required time
-----------------------------------------------------------------------------
                                 24.00   data required time
                                -16.13   data arrival time
-----------------------------------------------------------------------------
                                  7.87   slack (MET)



==========================================================================
floorplan final report_checks -unconstrained
--------------------------------------------------------------------------
Startpoint: is_negate_srca (input port clocked by clk)
Endpoint: result[127] (output port clocked by clk)
Path Group: clk
Path Type: max

Fanout     Cap    Slew   Delay    Time   Description
-----------------------------------------------------------------------------
                  0.00    0.00    0.00   clock clk (rise edge)
                          0.00    0.00   clock network delay (ideal)
                          6.00    6.00 v input external delay
    56  100.23    0.00    0.00    6.00 v is_negate_srca (in)
                                         is_negate_srca (net)
                  0.00    0.00    6.00 v _06832_/A (INV_X2)
   126  269.80    0.31    0.33    6.33 ^ _06832_/ZN (INV_X2)
                                         _04408_ (net)
                  0.31    0.00    6.33 ^ _06987_/A2 (NAND3_X1)
     5    6.78    0.06    0.08    6.41 v _06987_/ZN (NAND3_X1)
                                         _06040_ (net)
                  0.06    0.00    6.41 v _06988_/A2 (AND2_X1)
    12   16.02    0.02    0.08    6.49 v _06988_/ZN (AND2_X1)
                                         _06049_ (net)
                  0.02    0.00    6.49 v _06992_/B1 (OAI33_X1)
     2    3.24    0.07    0.08    6.57 ^ _06992_/ZN (OAI33_X1)
                                         _06085_ (net)
                  0.07    0.00    6.57 ^ _06994_/B1 (OAI22_X1)
     1    3.21    0.02    0.03    6.60 v _06994_/ZN (OAI22_X1)
                                         _06107_ (net)
                  0.02    0.00    6.60 v _07020_/B1 (AOI221_X2)
     3    7.43    0.06    0.09    6.69 ^ _07020_/ZN (AOI221_X2)
                                         _06354_ (net)
                  0.06    0.00    6.69 ^ _07040_/A (OAI21_X2)
     5    9.61    0.03    0.04    6.73 v _07040_/ZN (OAI21_X2)
                                         _06534_ (net)
                  0.03    0.00    6.73 v _07243_/B2 (AOI221_X2)
    10   19.25    0.10    0.15    6.87 ^ _07243_/ZN (AOI221_X2)
                                         _06747_ (net)
                  0.10    0.00    6.87 ^ _07364_/S (MUX2_X1)
     5    7.46    0.02    0.08    6.95 v _07364_/Z (MUX2_X1)
                                         _00070_ (net)
                  0.02    0.00    6.95 v _07383_/C2 (AOI222_X1)
    11   18.86    0.17    0.23    7.18 ^ _07383_/ZN (AOI222_X1)
                                         _00089_ (net)
                  0.17    0.00    7.18 ^ _07389_/A (AOI21_X1)
     1    1.55    0.04    0.02    7.20 v _07389_/ZN (AOI21_X1)
                                         _00095_ (net)
                  0.04    0.00    7.20 v _07390_/B3 (OAI33_X1)
     9   11.80    0.13    0.17    7.37 ^ _07390_/ZN (OAI33_X1)
                                         _00096_ (net)
                  0.13    0.00    7.37 ^ _07439_/A1 (AND2_X1)
    15   27.98    0.07    0.12    7.49 ^ _07439_/ZN (AND2_X1)
                                         _00145_ (net)
                  0.07    0.00    7.49 ^ _07729_/B1 (AOI21_X1)
     1    1.57    0.02    0.02    7.51 v _07729_/ZN (AOI21_X1)
                                         _00435_ (net)
                  0.02    0.00    7.51 v _07734_/B2 (AOI221_X4)
     7   10.97    0.01    0.13    7.64 ^ _07734_/ZN (AOI221_X4)
                                         _00440_ (net)
                  0.01    0.00    7.64 ^ _07805_/B1 (OAI222_X2)
     3    7.57    0.03    0.04    7.68 v _07805_/ZN (OAI222_X2)
                                         _00511_ (net)
                  0.03    0.00    7.68 v _07806_/B2 (OAI21_X2)
     3    4.73    0.02    0.04    7.72 ^ _07806_/ZN (OAI21_X2)
                                         _00512_ (net)
                  0.02    0.00    7.72 ^ _07953_/B3 (OAI33_X1)
     2    7.39    0.02    0.04    7.76 v _07953_/ZN (OAI33_X1)
                                         _00658_ (net)
                  0.02    0.00    7.76 v _07954_/A4 (OR4_X2)
    17   31.72    0.03    0.15    7.91 v _07954_/ZN (OR4_X2)
                                         _00659_ (net)
                  0.03    0.00    7.91 v _08079_/B2 (OAI21_X2)
     4    8.16    0.03    0.05    7.97 ^ _08079_/ZN (OAI21_X2)
                                         _00784_ (net)
                  0.03    0.00    7.97 ^ _08081_/A3 (NAND4_X1)
     3    3.31    0.07    0.04    8.01 v _08081_/ZN (NAND4_X1)
                                         _00786_ (net)
                  0.07    0.00    8.01 v _08242_/A1 (AND3_X1)
     2    3.14    0.01    0.06    8.06 v _08242_/ZN (AND3_X1)
                                         _00947_ (net)
                  0.01    0.00    8.06 v _08258_/B2 (AOI221_X4)
     4   11.91    0.01    0.13    8.19 ^ _08258_/ZN (AOI221_X4)
                                         _00963_ (net)
                  0.01    0.00    8.19 ^ _08259_/B2 (AOI21_X4)
     8   18.72    0.02    0.02    8.21 v _08259_/ZN (AOI21_X4)
                                         _00964_ (net)
                  0.02    0.00    8.21 v _08268_/S (MUX2_X1)
    15   44.05    0.10    0.16    8.37 ^ _08268_/Z (MUX2_X1)
                                         _00973_ (net)
                  0.10    0.00    8.37 ^ _08330_/S (MUX2_X1)
    12   24.87    0.06    0.11    8.48 ^ _08330_/Z (MUX2_X1)
                                         _01035_ (net)
                  0.06    0.00    8.48 ^ _08568_/C1 (OAI211_X2)
     4    4.18    0.10    0.03    8.51 v _08568_/ZN (OAI211_X2)
                                         _01273_ (net)
                  0.10    0.00    8.51 v _08686_/A2 (AND2_X1)
     2    4.81    0.01    0.07    8.59 v _08686_/ZN (AND2_X1)
                                         _01390_ (net)
                  0.01    0.00    8.59 v _08687_/B2 (AOI22_X2)
     9   18.10    0.07    0.09    8.67 ^ _08687_/ZN (AOI22_X2)
                                         _01391_ (net)
                  0.07    0.00    8.67 ^ _08688_/B (OAI211_X2)
     2    2.45    0.02    0.03    8.71 v _08688_/ZN (OAI211_X2)
                                         _01392_ (net)
                  0.02    0.00    8.71 v _08717_/A4 (NOR4_X1)
     2    4.78    0.07    0.12    8.82 ^ _08717_/ZN (NOR4_X1)
                                         _01421_ (net)
                  0.07    0.00    8.82 ^ _08731_/A (AOI211_X2)
     2    4.45    0.02    0.03    8.85 v _08731_/ZN (AOI211_X2)
                                         _01435_ (net)
                  0.02    0.00    8.85 v _08736_/A (AOI211_X2)
    12   19.02    0.09    0.13    8.98 ^ _08736_/ZN (AOI211_X2)
                                         _01440_ (net)
                  0.09    0.00    8.98 ^ _08796_/B2 (OAI221_X1)
     4    7.17    0.05    0.06    9.05 v _08796_/ZN (OAI221_X1)
                                         _01500_ (net)
                  0.05    0.00    9.05 v _08799_/A1 (NOR3_X2)
    14   25.89    0.11    0.14    9.18 ^ _08799_/ZN (NOR3_X2)
                                         _01503_ (net)
                  0.11    0.00    9.18 ^ _08802_/A2 (AOI22_X1)
     1    1.55    0.02    0.02    9.21 v _08802_/ZN (AOI22_X1)
                                         _01506_ (net)
                  0.02    0.00    9.21 v _08804_/B2 (AOI221_X1)
     2    3.30    0.06    0.10    9.30 ^ _08804_/ZN (AOI221_X1)
                                         _01508_ (net)
                  0.06    0.00    9.30 ^ _08810_/A (AOI221_X1)
     1    0.91    0.02    0.02    9.32 v _08810_/ZN (AOI221_X1)
                                         _01514_ (net)
                  0.02    0.00    9.32 v _09048_/A (MUX2_X1)
    18   30.16    0.04    0.11    9.43 v _09048_/Z (MUX2_X1)
                                         _01752_ (net)
                  0.04    0.00    9.43 v _09199_/A2 (NOR2_X2)
    16   30.46    0.08    0.11    9.54 ^ _09199_/ZN (NOR2_X2)
                                         _01903_ (net)
                  0.08    0.00    9.54 ^ _09253_/S (MUX2_X1)
     1    1.57    0.01    0.06    9.60 v _09253_/Z (MUX2_X1)
                                         _01957_ (net)
                  0.01    0.00    9.60 v _09255_/B1 (AOI221_X1)
    11   15.52    0.14    0.18    9.78 ^ _09255_/ZN (AOI221_X1)
                                         _01959_ (net)
                  0.14    0.00    9.78 ^ _09258_/B2 (AOI22_X1)
     1    2.65    0.03    0.04    9.82 v _09258_/ZN (AOI22_X1)
                                         _01962_ (net)
                  0.03    0.00    9.82 v _09260_/B1 (OAI22_X2)
     5    8.72    0.04    0.06    9.88 ^ _09260_/ZN (OAI22_X2)
                                         _01964_ (net)
                  0.04    0.00    9.88 ^ _09470_/S (MUX2_X1)
     3    3.51    0.01    0.07    9.95 v _09470_/Z (MUX2_X1)
                                         _02173_ (net)
                  0.01    0.00    9.95 v _09479_/B1 (OAI33_X1)
     5    9.12    0.11    0.13   10.08 ^ _09479_/ZN (OAI33_X1)
                                         _02182_ (net)
                  0.11    0.00   10.08 ^ _09480_/S (MUX2_X1)
    11   20.55    0.05    0.10   10.18 ^ _09480_/Z (MUX2_X1)
                                         _02183_ (net)
                  0.05    0.00   10.18 ^ _09644_/S (MUX2_X1)
     2    2.82    0.01    0.07   10.24 v _09644_/Z (MUX2_X1)
                                         _02347_ (net)
                  0.01    0.00   10.24 v _09645_/C1 (AOI221_X1)
     9   15.87    0.14    0.16   10.40 ^ _09645_/ZN (AOI221_X1)
                                         _02348_ (net)
                  0.14    0.00   10.40 ^ _09735_/B (XNOR2_X2)
     7   12.39    0.04    0.05   10.45 v _09735_/ZN (XNOR2_X2)
                                         _02438_ (net)
                  0.04    0.00   10.45 v _09738_/A (AOI221_X2)
     2    3.31    0.04    0.08   10.53 ^ _09738_/ZN (AOI221_X2)
                                         _02441_ (net)
                  0.04    0.00   10.53 ^ _09767_/B1 (OAI221_X1)
     3    6.49    0.03    0.05   10.58 v _09767_/ZN (OAI221_X1)
                                         _02470_ (net)
                  0.03    0.00   10.58 v _09768_/C2 (AOI221_X2)
    30   52.15    0.22    0.25   10.84 ^ _09768_/ZN (AOI221_X2)
                                         _02471_ (net)
                  0.22    0.00   10.84 ^ _09904_/A2 (NAND2_X1)
    55   91.83    0.17    0.28   11.12 v _09904_/ZN (NAND2_X1)
                                         _02607_ (net)
                  0.17    0.00   11.12 v _09905_/S (MUX2_X1)
     2    5.14    0.02    0.10   11.22 ^ _09905_/Z (MUX2_X1)
                                         _02608_ (net)
                  0.02    0.00   11.22 ^ _09908_/B1 (OAI221_X2)
     3    4.69    0.05    0.03   11.25 v _09908_/ZN (OAI221_X2)
                                         _02611_ (net)
                  0.05    0.00   11.25 v _09948_/A3 (OAI33_X1)
     4    5.19    0.08    0.10   11.35 ^ _09948_/ZN (OAI33_X1)
                                         _02651_ (net)
                  0.08    0.00   11.35 ^ _10067_/A2 (AND2_X1)
     2    4.73    0.02    0.05   11.41 ^ _10067_/ZN (AND2_X1)
                                         _02770_ (net)
                  0.02    0.00   11.41 ^ _10070_/B2 (OAI221_X2)
     4   10.53    0.03    0.05   11.45 v _10070_/ZN (OAI221_X2)
                                         _02773_ (net)
                  0.03    0.00   11.45 v _10154_/C1 (OAI221_X4)
     7   13.99    0.01    0.08   11.53 ^ _10154_/ZN (OAI221_X4)
                                         _02856_ (net)
                  0.01    0.00   11.53 ^ _10189_/B1 (AOI21_X2)
     6   11.03    0.06    0.02   11.56 v _10189_/ZN (AOI21_X2)
                                         _02891_ (net)
                  0.06    0.00   11.56 v _10373_/A4 (NOR4_X2)
     3    5.09    0.05    0.10   11.66 ^ _10373_/ZN (NOR4_X2)
                                         _03075_ (net)
                  0.05    0.00   11.66 ^ _10375_/A1 (NOR2_X1)
     3    4.31    0.02    0.02   11.68 v _10375_/ZN (NOR2_X1)
                                         _03077_ (net)
                  0.02    0.00   11.68 v _10378_/B1 (OAI33_X1)
     9   14.99    0.16    0.17   11.85 ^ _10378_/ZN (OAI33_X1)
                                         _03080_ (net)
                  0.16    0.00   11.85 ^ _10477_/A1 (NOR2_X1)
     1    1.36    0.03    0.00   11.85 v _10477_/ZN (NOR2_X1)
                                         _03179_ (net)
                  0.03    0.00   11.85 v _10478_/B1 (OAI33_X1)
     3    7.69    0.10    0.12   11.97 ^ _10478_/ZN (OAI33_X1)
                                         _03180_ (net)
                  0.10    0.00   11.97 ^ _10480_/B1 (OAI21_X2)
     8   22.07    0.04    0.06   12.03 v _10480_/ZN (OAI21_X2)
                                         _03182_ (net)
                  0.04    0.00   12.03 v _10553_/B1 (AOI21_X2)
    16   30.50    0.08    0.11   12.14 ^ _10553_/ZN (AOI21_X2)
                                         _03255_ (net)
                  0.08    0.00   12.14 ^ _10554_/S (MUX2_X1)
     2    3.22    0.01    0.05   12.19 ^ _10554_/Z (MUX2_X1)
                                         _03256_ (net)
                  0.01    0.00   12.19 ^ _10555_/C1 (OAI221_X1)
    11   17.75    0.07    0.07   12.26 v _10555_/ZN (OAI221_X1)
                                         _03257_ (net)
                  0.07    0.00   12.26 v _10791_/B3 (OAI33_X1)
    12   21.53    0.21    0.26   12.52 ^ _10791_/ZN (OAI33_X1)
                                         _03493_ (net)
                  0.21    0.00   12.52 ^ _11027_/A1 (OR2_X1)
     1    1.66    0.01    0.03   12.55 ^ _11027_/ZN (OR2_X1)
                                         _03728_ (net)
                  0.01    0.00   12.55 ^ _11029_/B1 (OAI221_X1)
     1    2.97    0.05    0.03   12.58 v _11029_/ZN (OAI221_X1)
                                         _03730_ (net)
                  0.05    0.00   12.58 v _11032_/B1 (OAI221_X2)
     4   13.42    0.06    0.09   12.67 ^ _11032_/ZN (OAI221_X2)
                                         _03733_ (net)
                  0.06    0.00   12.67 ^ _11163_/B2 (AOI221_X1)
     1    3.05    0.02    0.04   12.71 v _11163_/ZN (AOI221_X1)
                                         _03864_ (net)
                  0.02    0.00   12.71 v _11164_/B (AOI211_X2)
     3    4.94    0.07    0.07   12.79 ^ _11164_/ZN (AOI211_X2)
                                         _03865_ (net)
                  0.07    0.00   12.79 ^ _11165_/B2 (OAI22_X1)
     4    5.70    0.02    0.05   12.83 v _11165_/ZN (OAI22_X1)
                                         _03866_ (net)
                  0.02    0.00   12.83 v _11170_/A2 (AND2_X1)
     4    8.20    0.01    0.05   12.88 v _11170_/ZN (AND2_X1)
                                         _03871_ (net)
                  0.01    0.00   12.88 v _11226_/A4 (NOR4_X2)
     1    3.44    0.04    0.08   12.96 ^ _11226_/ZN (NOR4_X2)
                                         _03927_ (net)
                  0.04    0.00   12.96 ^ _11227_/B2 (AOI22_X2)
     5    8.31    0.02    0.04   13.00 v _11227_/ZN (AOI22_X2)
                                         _03928_ (net)
                  0.02    0.00   13.00 v _11269_/A1 (OAI22_X1)
     3    9.39    0.07    0.07   13.07 ^ _11269_/ZN (OAI22_X1)
                                         _03970_ (net)
                  0.07    0.00   13.07 ^ _11273_/B1 (AOI21_X2)
     7   10.79    0.03    0.04   13.10 v _11273_/ZN (AOI21_X2)
                                         _03974_ (net)
                  0.03    0.00   13.10 v _11274_/A2 (NOR2_X1)
    32   58.58    0.28    0.32   13.43 ^ _11274_/ZN (NOR2_X1)
                                         _03975_ (net)
                  0.28    0.00   13.43 ^ _11544_/S (MUX2_X1)
     1    1.65    0.02    0.05   13.48 ^ _11544_/Z (MUX2_X1)
                                         _04267_ (net)
                  0.02    0.00   13.48 ^ _11545_/A2 (NOR2_X1)
     2    2.37    0.04    0.01   13.49 v _11545_/ZN (NOR2_X1)
                                         _04268_ (net)
                  0.04    0.00   13.49 v _11546_/A4 (OR4_X1)
     1    1.45    0.02    0.12   13.62 v _11546_/ZN (OR4_X1)
                                         _04269_ (net)
                  0.02    0.00   13.62 v _11547_/B1 (AOI21_X1)
     5    6.09    0.04    0.05   13.67 ^ _11547_/ZN (AOI21_X1)
                                         _04270_ (net)
                  0.04    0.00   13.67 ^ _11553_/A1 (NOR2_X1)
     5    6.27    0.02    0.02   13.69 v _11553_/ZN (NOR2_X1)
                                         _04276_ (net)
                  0.02    0.00   13.69 v _11556_/A1 (OR3_X1)
     3    4.44    0.02    0.07   13.77 v _11556_/ZN (OR3_X1)
                                         _04280_ (net)
                  0.02    0.00   13.77 v _11701_/A2 (NOR2_X1)
     2    3.19    0.02    0.04   13.81 ^ _11701_/ZN (NOR2_X1)
                                         _04438_ (net)
                  0.02    0.00   13.81 ^ _11799_/B2 (OAI33_X1)
     2    3.14    0.03    0.03   13.84 v _11799_/ZN (OAI33_X1)
                                         _04546_ (net)
                  0.03    0.00   13.84 v _11804_/A4 (NOR4_X1)
     2    4.65    0.07    0.12   13.95 ^ _11804_/ZN (NOR4_X1)
                                         _04552_ (net)
                  0.07    0.00   13.95 ^ _11855_/A2 (NOR2_X1)
     3    5.42    0.02    0.03   13.98 v _11855_/ZN (NOR2_X1)
                                         _04608_ (net)
                  0.02    0.00   13.98 v _11872_/S (MUX2_X1)
     2    3.31    0.01    0.06   14.04 ^ _11872_/Z (MUX2_X1)
                                         _04626_ (net)
                  0.01    0.00   14.04 ^ _11873_/B1 (OAI21_X1)
     1    1.57    0.08    0.01   14.05 v _11873_/ZN (OAI21_X1)
                                         _04627_ (net)
                  0.08    0.00   14.05 v _11877_/B1 (AOI221_X1)
    10   13.79    0.13    0.19   14.24 ^ _11877_/ZN (AOI221_X1)
                                         _04632_ (net)
                  0.13    0.00   14.24 ^ _11961_/A2 (NAND2_X1)
     2    3.02    0.04    0.03   14.27 v _11961_/ZN (NAND2_X1)
                                         _04724_ (net)
                  0.04    0.00   14.27 v _11962_/B2 (AOI22_X1)
    16   27.58    0.15    0.19   14.46 ^ _11962_/ZN (AOI22_X1)
                                         _04725_ (net)
                  0.15    0.00   14.46 ^ _11993_/A2 (NOR2_X1)
     1    1.52    0.03    0.01   14.47 v _11993_/ZN (NOR2_X1)
                                         _04759_ (net)
                  0.03    0.00   14.47 v _11995_/A (OAI21_X1)
     1    3.48    0.03    0.03   14.50 ^ _11995_/ZN (OAI21_X1)
                                         _04762_ (net)
                  0.03    0.00   14.50 ^ _11998_/B1 (OAI221_X2)
     4    8.94    0.03    0.04   14.55 v _11998_/ZN (OAI221_X2)
                                         _04765_ (net)
                  0.03    0.00   14.55 v _12029_/B1 (OAI21_X2)
    17   31.61    0.08    0.11   14.65 ^ _12029_/ZN (OAI21_X2)
                                         _04799_ (net)
                  0.08    0.00   14.65 ^ _12083_/S (MUX2_X1)
     3    5.90    0.01    0.07   14.73 v _12083_/Z (MUX2_X1)
                                         _04858_ (net)
                  0.01    0.00   14.73 v _12099_/C2 (AOI221_X2)
     5    8.12    0.06    0.07   14.80 ^ _12099_/ZN (AOI221_X2)
                                         _04876_ (net)
                  0.06    0.00   14.80 ^ _12101_/A1 (NOR2_X1)
     1    1.36    0.01    0.01   14.81 v _12101_/ZN (NOR2_X1)
                                         _04878_ (net)
                  0.01    0.00   14.81 v _12185_/B1 (OAI33_X1)
     3    5.51    0.09    0.10   14.91 ^ _12185_/ZN (OAI33_X1)
                                         _04971_ (net)
                  0.09    0.00   14.91 ^ _12189_/C1 (AOI221_X1)
     3    4.36    0.03    0.04   14.94 v _12189_/ZN (AOI221_X1)
                                         _04975_ (net)
                  0.03    0.00   14.94 v _12221_/A2 (OAI33_X1)
     3    4.30    0.08    0.08   15.02 ^ _12221_/ZN (OAI33_X1)
                                         _05010_ (net)
                  0.08    0.00   15.02 ^ _12298_/A3 (NAND4_X1)
     4    7.57    0.04    0.07   15.09 v _12298_/ZN (NAND4_X1)
                                         _05088_ (net)
                  0.04    0.00   15.09 v _12330_/A1 (AND3_X1)
     5   16.66    0.02    0.07   15.16 v _12330_/ZN (AND3_X1)
                                         _05123_ (net)
                  0.02    0.00   15.16 v _12398_/B2 (OAI21_X4)
    13   31.65    0.05    0.07   15.23 ^ _12398_/ZN (OAI21_X4)
                                         _05198_ (net)
                  0.05    0.00   15.23 ^ _12633_/S (MUX2_X1)
     1    2.99    0.01    0.07   15.30 v _12633_/Z (MUX2_X1)
                                         _05440_ (net)
                  0.01    0.00   15.30 v _12634_/B2 (AOI221_X2)
     3    6.31    0.05    0.09   15.39 ^ _12634_/ZN (AOI221_X2)
                                         _05442_ (net)
                  0.05    0.00   15.39 ^ _12638_/B2 (OAI22_X1)
     5   11.40    0.03    0.06   15.44 v _12638_/ZN (OAI22_X1)
                                         _05446_ (net)
                  0.03    0.00   15.44 v _12644_/A2 (OAI22_X2)
     2    7.39    0.04    0.05   15.49 ^ _12644_/ZN (OAI22_X2)
                                         _05453_ (net)
                  0.04    0.00   15.49 ^ _12647_/A2 (NAND4_X4)
     6    9.38    0.02    0.04   15.53 v _12647_/ZN (NAND4_X4)
                                         _05456_ (net)
                  0.02    0.00   15.53 v _12909_/B1 (AOI221_X2)
     1    3.37    0.04    0.07   15.61 ^ _12909_/ZN (AOI221_X2)
                                         _05734_ (net)
                  0.04    0.00   15.61 ^ _12913_/A1 (OR3_X4)
     6   16.79    0.01    0.04   15.64 ^ _12913_/ZN (OR3_X4)
                                         _05738_ (net)
                  0.01    0.00   15.64 ^ _12922_/B1 (OAI21_X4)
    74  130.96    0.07    0.08   15.72 v _12922_/ZN (OAI21_X4)
                                         _05748_ (net)
                  0.07    0.00   15.72 v _13086_/A2 (AOI22_X1)
    31   50.07    0.25    0.30   16.03 ^ _13086_/ZN (AOI22_X1)
                                         _05903_ (net)
                  0.25    0.00   16.03 ^ _13118_/A1 (AND3_X1)
     1    1.57    0.02    0.08   16.11 ^ _13118_/ZN (AND3_X1)
                                         _05934_ (net)
                  0.02    0.00   16.11 ^ _13119_/C1 (OAI221_X1)
     1    0.00    0.03    0.02   16.13 v _13119_/ZN (OAI221_X1)
                                         result[127] (net)
                  0.03    0.00   16.13 v result[127] (out)
                                 16.13   data arrival time

                  0.00   30.00   30.00   clock clk (rise edge)
                          0.00   30.00   clock network delay (ideal)
                          0.00   30.00   clock reconvergence pessimism
                         -6.00   24.00   output external delay
                                 24.00   data required time
-----------------------------------------------------------------------------
                                 24.00   data required time
                                -16.13   data arrival time
-----------------------------------------------------------------------------
                                  7.87   slack (MET)



==========================================================================
floorplan final report_power
--------------------------------------------------------------------------
Group                  Internal  Switching    Leakage      Total
                          Power      Power      Power      Power (Watts)
----------------------------------------------------------------
Sequential             0.00e+00   0.00e+00   0.00e+00   0.00e+00   0.0%
Combinational          2.10e-04   1.80e-04   1.84e-04   5.74e-04 100.0%
Clock                  0.00e+00   0.00e+00   0.00e+00   0.00e+00   0.0%
Macro                  0.00e+00   0.00e+00   0.00e+00   0.00e+00   0.0%
Pad                    0.00e+00   0.00e+00   0.00e+00   0.00e+00   0.0%
----------------------------------------------------------------
Total                  2.10e-04   1.80e-04   1.84e-04   5.74e-04 100.0%
                          36.5%      31.3%      32.1%
