
==========================================================================
global place report_tns
--------------------------------------------------------------------------
tns -779408.69

==========================================================================
global place report_wns
--------------------------------------------------------------------------
wns -5274.04

==========================================================================
global place report_worst_slack
--------------------------------------------------------------------------
worst slack -5274.04

==========================================================================
global place report_checks -path_delay min
--------------------------------------------------------------------------
Startpoint: srca[6] (input port clocked by clk)
Endpoint: result[6] (output port clocked by clk)
Path Group: clk
Path Type: min

Fanout     Cap    Slew   Delay    Time   Description
-----------------------------------------------------------------------------
                  0.00    0.00    0.00   clock clk (rise edge)
                          0.00    0.00   clock network delay (ideal)
                       1000.00 1000.00 v input external delay
     1    0.47    0.00    0.00 1000.00 v srca[6] (in)
                                         srca[6] (net)
                  0.01    0.00 1000.00 v _297754_/A (AND2x2_ASAP7_75t_R)
     1    0.04    4.48   12.62 1012.62 v _297754_/Y (AND2x2_ASAP7_75t_R)
                                         result[6] (net)
                  4.48    0.00 1012.62 v result[6] (out)
                               1012.62   data arrival time

                  0.00    0.00    0.00   clock clk (rise edge)
                          0.00    0.00   clock network delay (ideal)
                          0.00    0.00   clock reconvergence pessimism
                       -1000.00 -1000.00   output external delay
                               -1000.00   data required time
-----------------------------------------------------------------------------
                               -1000.00   data required time
                               -1012.62   data arrival time
-----------------------------------------------------------------------------
                               2012.62   slack (MET)



==========================================================================
global place report_checks -path_delay max
--------------------------------------------------------------------------
Startpoint: srcb[32] (input port clocked by clk)
Endpoint: result[143] (output port clocked by clk)
Path Group: clk
Path Type: max

Fanout     Cap    Slew   Delay    Time   Description
-----------------------------------------------------------------------------
                  0.00    0.00    0.00   clock clk (rise edge)
                          0.00    0.00   clock network delay (ideal)
                       1000.00 1000.00 ^ input external delay
   324  331.95    0.00    0.00 1000.00 ^ srcb[32] (in)
                                         srcb[32] (net)
               2023.62  638.38 1638.38 ^ _149087_/A (INVx1_ASAP7_75t_R)
   142  174.18 1123.56 2036.47 3674.85 v _149087_/Y (INVx1_ASAP7_75t_R)
                                         _107835_ (net)
               1123.56   84.42 3759.27 v _149088_/B (OR4x1_ASAP7_75t_R)
     2    1.37   33.76  162.85 3922.11 v _149088_/Y (OR4x1_ASAP7_75t_R)
                                         _107946_ (net)
                 33.76    0.08 3922.19 v _149091_/B (OA211x2_ASAP7_75t_R)
     3    2.52   13.89   37.19 3959.38 v _149091_/Y (OA211x2_ASAP7_75t_R)
                                         _108279_ (net)
                 13.89    0.03 3959.41 v _149092_/C (OR3x1_ASAP7_75t_R)
     1    1.28   12.96   27.28 3986.69 v _149092_/Y (OR3x1_ASAP7_75t_R)
                                         _108390_ (net)
                 12.96    0.02 3986.71 v _149127_/A1 (AOI22x1_ASAP7_75t_R)
     6    5.56   40.13   23.66 4010.37 ^ _149127_/Y (AOI22x1_ASAP7_75t_R)
                                         _112275_ (net)
                 40.15    0.42 4010.79 ^ _149137_/A2 (AOI21x1_ASAP7_75t_R)
     5    5.68   33.43   22.55 4033.34 v _149137_/Y (AOI21x1_ASAP7_75t_R)
                                         _113385_ (net)
                 33.43    0.11 4033.45 v _149264_/A1 (AOI22x1_ASAP7_75t_R)
     5    4.65   38.64   27.68 4061.14 ^ _149264_/Y (AOI22x1_ASAP7_75t_R)
                                         _127481_ (net)
                 38.66    0.48 4061.62 ^ _149309_/A1 (AO21x1_ASAP7_75t_R)
    13   10.89   71.83   43.98 4105.60 ^ _149309_/Y (AO21x1_ASAP7_75t_R)
                                         _132476_ (net)
                 71.86    0.91 4106.50 ^ _149363_/B (AND3x1_ASAP7_75t_R)
     3    3.33   29.20   39.88 4146.38 ^ _149363_/Y (AND3x1_ASAP7_75t_R)
                                         _138470_ (net)
                 29.20    0.18 4146.56 ^ _149372_/A2 (OA31x2_ASAP7_75t_R)
     7    6.07   27.53   33.48 4180.04 ^ _149372_/Y (OA31x2_ASAP7_75t_R)
                                         _139469_ (net)
                 27.54    0.35 4180.39 ^ _149373_/C2 (OA222x2_ASAP7_75t_R)
     1    0.53    8.47   27.43 4207.82 ^ _149373_/Y (OA222x2_ASAP7_75t_R)
                                         _139580_ (net)
                  8.47    0.00 4207.82 ^ _149379_/A2 (AO221x1_ASAP7_75t_R)
    12   11.16   72.55   49.32 4257.14 ^ _149379_/Y (AO221x1_ASAP7_75t_R)
                                         _140246_ (net)
                 72.57    0.63 4257.77 ^ _149431_/A1 (AOI21x1_ASAP7_75t_R)
    11   10.01   63.93   43.20 4300.96 v _149431_/Y (AOI21x1_ASAP7_75t_R)
                                         _146018_ (net)
                 63.95    0.65 4301.61 v _149453_/B (OR4x1_ASAP7_75t_R)
    16   13.02   81.68   77.20 4378.81 v _149453_/Y (OR4x1_ASAP7_75t_R)
                                         _148460_ (net)
                 81.78    1.63 4380.44 v _149547_/A (NAND2x2_ASAP7_75t_R)
    17   13.48   66.29   54.50 4434.93 ^ _149547_/Y (NAND2x2_ASAP7_75t_R)
                                         _009879_ (net)
                 66.31    0.74 4435.68 ^ _149594_/A1 (AO211x2_ASAP7_75t_R)
     3    3.38   16.27   38.38 4474.06 ^ _149594_/Y (AO211x2_ASAP7_75t_R)
                                         _015096_ (net)
                 16.30    0.38 4474.44 ^ _149611_/A1 (OA21x2_ASAP7_75t_R)
     4    4.43   18.18   23.61 4498.05 ^ _149611_/Y (OA21x2_ASAP7_75t_R)
                                         _016983_ (net)
                 18.26    0.67 4498.72 ^ _149635_/B (MAJx2_ASAP7_75t_R)
     5    4.17   20.63   30.06 4528.78 ^ _149635_/Y (MAJx2_ASAP7_75t_R)
                                         _019647_ (net)
                 20.63    0.06 4528.84 ^ _149694_/A1 (OA21x2_ASAP7_75t_R)
     8    7.77   27.90   29.68 4558.52 ^ _149694_/Y (OA21x2_ASAP7_75t_R)
                                         _026196_ (net)
                 27.92    0.55 4559.07 ^ _149700_/A2 (AO22x1_ASAP7_75t_R)
     3    2.91   21.99   28.84 4587.91 ^ _149700_/Y (AO22x1_ASAP7_75t_R)
                                         _026862_ (net)
                 21.99    0.13 4588.04 ^ _149790_/A1 (AOI221x1_ASAP7_75t_R)
    12   10.95  113.81   58.35 4646.40 v _149790_/Y (AOI221x1_ASAP7_75t_R)
                                         _036852_ (net)
                113.85    1.26 4647.65 v _149920_/E (AND5x1_ASAP7_75t_R)
     2    1.18   11.76   48.97 4696.62 v _149920_/Y (AND5x1_ASAP7_75t_R)
                                         _051252_ (net)
                 11.76    0.01 4696.63 v _149923_/C (OR4x1_ASAP7_75t_R)
     1    1.27   14.66   33.76 4730.38 v _149923_/Y (OR4x1_ASAP7_75t_R)
                                         _051582_ (net)
                 14.66    0.01 4730.39 v _149924_/B2 (OAI22x1_ASAP7_75t_R)
     9   11.22   75.33   38.25 4768.64 ^ _149924_/Y (OAI22x1_ASAP7_75t_R)
                                         _051693_ (net)
                 75.36    0.93 4769.57 ^ _149951_/A1 (AOI21x1_ASAP7_75t_R)
     2    1.99   25.77   20.27 4789.83 v _149951_/Y (AOI21x1_ASAP7_75t_R)
                                         _054613_ (net)
                 25.77    0.03 4789.86 v _149986_/B (NAND3x1_ASAP7_75t_R)
    18   15.70  124.04   62.13 4852.00 ^ _149986_/Y (NAND3x1_ASAP7_75t_R)
                                         _055413_ (net)
                124.45    4.06 4856.06 ^ _150053_/B (AND4x1_ASAP7_75t_R)
     4    3.59   33.37   52.70 4908.76 ^ _150053_/Y (AND4x1_ASAP7_75t_R)
                                         _056150_ (net)
                 33.37    0.05 4908.81 ^ _150108_/C (OR3x1_ASAP7_75t_R)
    28   25.20  186.17   90.03 4998.84 ^ _150108_/Y (OR3x1_ASAP7_75t_R)
                                         _056755_ (net)
                186.46    4.39 5003.23 ^ _150356_/A1 (AO211x2_ASAP7_75t_R)
     1    1.63   13.11   50.91 5054.14 ^ _150356_/Y (AO211x2_ASAP7_75t_R)
                                         _059483_ (net)
                 13.12    0.12 5054.27 ^ _150358_/A3 (OA31x2_ASAP7_75t_R)
    11   11.78   42.73   34.47 5088.73 ^ _150358_/Y (OA31x2_ASAP7_75t_R)
                                         _059505_ (net)
                 43.90    3.85 5092.58 ^ _150363_/A (AND2x2_ASAP7_75t_R)
     2    1.18    9.37   23.19 5115.78 ^ _150363_/Y (AND2x2_ASAP7_75t_R)
                                         _059560_ (net)
                  9.37    0.01 5115.79 ^ _150364_/C (AO221x1_ASAP7_75t_R)
     4    3.98   29.19   24.04 5139.82 ^ _150364_/Y (AO221x1_ASAP7_75t_R)
                                         _059571_ (net)
                 29.19    0.12 5139.94 ^ _150379_/C (AOI221x1_ASAP7_75t_R)
     4    3.53   76.73   25.31 5165.26 v _150379_/Y (AOI221x1_ASAP7_75t_R)
                                         _059736_ (net)
                 76.73    0.30 5165.55 v _150396_/A1 (OAI21x1_ASAP7_75t_R)
    10    6.89   58.76   44.08 5209.64 ^ _150396_/Y (OAI21x1_ASAP7_75t_R)
                                         _059923_ (net)
                 58.76    0.25 5209.89 ^ _150398_/A2 (AO21x1_ASAP7_75t_R)
     8    6.47   42.98   36.16 5246.05 ^ _150398_/Y (AO21x1_ASAP7_75t_R)
                                         _059945_ (net)
                 43.03    0.83 5246.88 ^ _150534_/C (AND5x1_ASAP7_75t_R)
     1    0.92   24.36   40.10 5286.98 ^ _150534_/Y (AND5x1_ASAP7_75t_R)
                                         _061441_ (net)
                 24.36    0.01 5286.98 ^ _150564_/B (AO211x2_ASAP7_75t_R)
    13   11.83   42.42   36.73 5323.71 ^ _150564_/Y (AO211x2_ASAP7_75t_R)
                                         _061771_ (net)
                 43.19    3.15 5326.86 ^ _150569_/A (OR2x2_ASAP7_75t_R)
     5    4.81   21.16   32.77 5359.62 ^ _150569_/Y (OR2x2_ASAP7_75t_R)
                                         _061826_ (net)
                 21.16    0.04 5359.66 ^ _150637_/A (AND3x1_ASAP7_75t_R)
     4    3.03   26.48   31.29 5390.95 ^ _150637_/Y (AND3x1_ASAP7_75t_R)
                                         _062574_ (net)
                 26.48    0.10 5391.06 ^ _150673_/C (AND4x1_ASAP7_75t_R)
     5    3.46   37.49   39.14 5430.19 ^ _150673_/Y (AND4x1_ASAP7_75t_R)
                                         _062970_ (net)
                 37.50    0.22 5430.42 ^ _150700_/A (OR4x1_ASAP7_75t_R)
     7    6.66   50.13   36.71 5467.12 ^ _150700_/Y (OR4x1_ASAP7_75t_R)
                                         _063267_ (net)
                 50.14    0.41 5467.54 ^ _150708_/A2 (AO21x1_ASAP7_75t_R)
    19   19.23  122.36   68.55 5536.09 ^ _150708_/Y (AO21x1_ASAP7_75t_R)
                                         _063355_ (net)
                122.38    0.97 5537.06 ^ _150715_/A2 (AOI211x1_ASAP7_75t_R)
     4    3.44   79.23   49.51 5586.57 v _150715_/Y (AOI211x1_ASAP7_75t_R)
                                         _063432_ (net)
                 79.24    0.47 5587.04 v _150748_/A1 (OA211x2_ASAP7_75t_R)
     5    3.93   17.78   40.46 5627.50 v _150748_/Y (OA211x2_ASAP7_75t_R)
                                         _063795_ (net)
                 17.78    0.08 5627.57 v _150758_/A (OR3x1_ASAP7_75t_R)
     3    3.32   24.46   33.50 5661.08 v _150758_/Y (OR3x1_ASAP7_75t_R)
                                         _063905_ (net)
                 24.46    0.07 5661.15 v _151054_/A1 (AO21x1_ASAP7_75t_R)
     6    6.12   34.57   33.14 5694.30 v _151054_/Y (AO21x1_ASAP7_75t_R)
                                         _067161_ (net)
                 34.60    0.57 5694.87 v _151068_/A1 (AO21x1_ASAP7_75t_R)
     8    7.09   39.66   37.77 5732.64 v _151068_/Y (AO21x1_ASAP7_75t_R)
                                         _067315_ (net)
                 39.67    0.44 5733.09 v _151081_/A1 (AO21x1_ASAP7_75t_R)
    10    9.14   50.29   43.67 5776.75 v _151081_/Y (AO21x1_ASAP7_75t_R)
                                         _067458_ (net)
                 50.30    0.43 5777.18 v _151129_/A2 (OA21x2_ASAP7_75t_R)
     3    2.69   12.42   29.95 5807.13 v _151129_/Y (OA21x2_ASAP7_75t_R)
                                         _067986_ (net)
                 12.42    0.04 5807.17 v _151131_/B (OR3x1_ASAP7_75t_R)
     4    3.63   26.08   34.19 5841.36 v _151131_/Y (OR3x1_ASAP7_75t_R)
                                         _068008_ (net)
                 26.08    0.14 5841.50 v _151418_/A2 (OAI21x1_ASAP7_75t_R)
     7    7.73   53.98   30.40 5871.90 ^ _151418_/Y (OAI21x1_ASAP7_75t_R)
                                         _071165_ (net)
                 53.98    0.40 5872.31 ^ _151456_/A (AND4x1_ASAP7_75t_R)
     2    1.54   18.31   36.65 5908.96 ^ _151456_/Y (AND4x1_ASAP7_75t_R)
                                         _071583_ (net)
                 18.31    0.02 5908.98 ^ _151463_/B2 (AOI221x1_ASAP7_75t_R)
    15   14.74  147.40   67.31 5976.29 v _151463_/Y (AOI221x1_ASAP7_75t_R)
                                         _071660_ (net)
                147.79    4.36 5980.65 v _151503_/B (OR4x1_ASAP7_75t_R)
    42   37.07  221.23  149.80 6130.46 v _151503_/Y (OR4x1_ASAP7_75t_R)
                                         _072100_ (net)
                221.62    5.45 6135.91 v _151619_/B (NAND2x1_ASAP7_75t_R)
    44   40.70  330.86  200.84 6336.75 ^ _151619_/Y (NAND2x1_ASAP7_75t_R)
                                         _073376_ (net)
                334.19   18.89 6355.64 ^ _151786_/A1 (AOI21x1_ASAP7_75t_R)
     1    1.74   52.33   31.67 6387.31 v _151786_/Y (AOI21x1_ASAP7_75t_R)
                                         _075213_ (net)
                 52.34    0.26 6387.57 v _151798_/C (AND5x1_ASAP7_75t_R)
     2    2.00   15.56   35.49 6423.06 v _151798_/Y (AND5x1_ASAP7_75t_R)
                                         _075345_ (net)
                 15.57    0.12 6423.18 v _151820_/A (OR2x2_ASAP7_75t_R)
     6    6.97   25.40   30.87 6454.05 v _151820_/Y (OR2x2_ASAP7_75t_R)
                                         _075587_ (net)
                 25.43    0.49 6454.54 v _151830_/B (MAJx2_ASAP7_75t_R)
     8    7.66   29.07   39.45 6493.99 v _151830_/Y (MAJx2_ASAP7_75t_R)
                                         _075697_ (net)
                 29.41    1.76 6495.75 v _151895_/A1 (AO32x1_ASAP7_75t_R)
     2    1.98   16.22   27.93 6523.68 v _151895_/Y (AO32x1_ASAP7_75t_R)
                                         _076412_ (net)
                 16.22    0.03 6523.72 v _151903_/B (AO21x1_ASAP7_75t_R)
     3    1.86   13.02   20.68 6544.40 v _151903_/Y (AO21x1_ASAP7_75t_R)
                                         _076500_ (net)
                 13.02    0.06 6544.46 v _151905_/C (OR4x1_ASAP7_75t_R)
    14   10.72   68.16   62.10 6606.57 v _151905_/Y (OR4x1_ASAP7_75t_R)
                                         _076522_ (net)
                 68.17    0.53 6607.09 v _152098_/A1 (AO221x1_ASAP7_75t_R)
     8    7.97   46.18   48.12 6655.22 v _152098_/Y (AO221x1_ASAP7_75t_R)
                                         _078645_ (net)
                 46.19    0.34 6655.56 v _152100_/B (NAND2x1_ASAP7_75t_R)
     2    2.48   28.86   25.53 6681.09 ^ _152100_/Y (NAND2x1_ASAP7_75t_R)
                                         _078667_ (net)
                 28.86    0.01 6681.10 ^ _152180_/A1 (AO31x2_ASAP7_75t_R)
     3    2.40   12.61   22.51 6703.62 ^ _152180_/Y (AO31x2_ASAP7_75t_R)
                                         _079547_ (net)
                 12.61    0.04 6703.66 ^ _152181_/B2 (AO32x1_ASAP7_75t_R)
    11   11.70   75.78   49.01 6752.67 ^ _152181_/Y (AO32x1_ASAP7_75t_R)
                                         _079558_ (net)
                 75.81    0.89 6753.55 ^ _152183_/C (AOI211x1_ASAP7_75t_R)
     4    2.54   36.23   24.21 6777.76 v _152183_/Y (AOI211x1_ASAP7_75t_R)
                                         _079580_ (net)
                 36.23    0.07 6777.83 v _152245_/B (OR4x1_ASAP7_75t_R)
     2    2.15   20.22   41.20 6819.03 v _152245_/Y (OR4x1_ASAP7_75t_R)
                                         _080262_ (net)
                 20.23    0.05 6819.08 v _152251_/B (OA21x2_ASAP7_75t_R)
    11    8.28   26.11   25.87 6844.95 v _152251_/Y (OA21x2_ASAP7_75t_R)
                                         _080328_ (net)
                 26.21    0.94 6845.89 v _152387_/D (OR4x1_ASAP7_75t_R)
     3    2.84   28.05   42.64 6888.53 v _152387_/Y (OR4x1_ASAP7_75t_R)
                                         _081824_ (net)
                 28.06    0.21 6888.74 v _152401_/D (AND5x1_ASAP7_75t_R)
     1    0.63    7.13   26.51 6915.25 v _152401_/Y (AND5x1_ASAP7_75t_R)
                                         _081978_ (net)
                  7.13    0.01 6915.26 v _152402_/C (AO221x1_ASAP7_75t_R)
     4    2.96   20.08   28.44 6943.71 v _152402_/Y (AO221x1_ASAP7_75t_R)
                                         _081989_ (net)
                 20.09    0.12 6943.82 v _152430_/A (MAJx2_ASAP7_75t_R)
     4    4.33   20.90   31.71 6975.53 v _152430_/Y (MAJx2_ASAP7_75t_R)
                                         _082297_ (net)
                 20.90    0.07 6975.60 v _152439_/A2 (AOI21x1_ASAP7_75t_R)
     5    4.72   33.85   21.55 6997.15 ^ _152439_/Y (AOI21x1_ASAP7_75t_R)
                                         _082396_ (net)
                 33.86    0.35 6997.51 ^ _152544_/A1 (OA211x2_ASAP7_75t_R)
     3    2.82   14.70   29.35 7026.86 ^ _152544_/Y (OA211x2_ASAP7_75t_R)
                                         _083551_ (net)
                 14.70    0.08 7026.93 ^ _152577_/A1 (OA21x2_ASAP7_75t_R)
     7    5.69   21.85   25.31 7052.24 ^ _152577_/Y (OA21x2_ASAP7_75t_R)
                                         _083913_ (net)
                 21.86    0.20 7052.44 ^ _152590_/A1 (AOI21x1_ASAP7_75t_R)
     7    6.19   34.10   22.19 7074.63 v _152590_/Y (AOI21x1_ASAP7_75t_R)
                                         _084056_ (net)
                 34.15    0.78 7075.40 v _152740_/B (OR4x1_ASAP7_75t_R)
     1    0.48   11.23   33.63 7109.04 v _152740_/Y (OR4x1_ASAP7_75t_R)
                                         _085706_ (net)
                 11.23    0.00 7109.04 v _152741_/B (OA211x2_ASAP7_75t_R)
    13   11.18   36.56   41.63 7150.67 v _152741_/Y (OA211x2_ASAP7_75t_R)
                                         _085717_ (net)
                 36.58    0.54 7151.21 v _152770_/B1 (AO221x1_ASAP7_75t_R)
     2    2.41   17.70   32.17 7183.37 v _152770_/Y (AO221x1_ASAP7_75t_R)
                                         _086036_ (net)
                 17.70    0.09 7183.46 v _152810_/A2 (OAI21x1_ASAP7_75t_R)
     4    4.25   37.17   19.60 7203.07 ^ _152810_/Y (OAI21x1_ASAP7_75t_R)
                                         _086476_ (net)
                 37.19    0.46 7203.53 ^ _152869_/A1 (AO21x1_ASAP7_75t_R)
     7    6.72   44.35   32.94 7236.47 ^ _152869_/Y (AO21x1_ASAP7_75t_R)
                                         _087125_ (net)
                 44.36    0.54 7237.01 ^ _152912_/A1 (AOI221x1_ASAP7_75t_R)
     2    1.95   34.91   28.68 7265.69 v _152912_/Y (AOI221x1_ASAP7_75t_R)
                                         _087597_ (net)
                 34.91    0.06 7265.75 v _152913_/C (OR3x1_ASAP7_75t_R)
    28   23.97  142.30   90.22 7355.97 v _152913_/Y (OR3x1_ASAP7_75t_R)
                                         _087608_ (net)
                142.59    3.76 7359.74 v _153033_/B (NAND2x1_ASAP7_75t_R)
    20   18.25  154.58  110.15 7469.89 ^ _153033_/Y (NAND2x1_ASAP7_75t_R)
                                         _088928_ (net)
                154.77    3.12 7473.01 ^ _153178_/A2 (AO21x1_ASAP7_75t_R)
     1    0.60    9.98   26.09 7499.10 ^ _153178_/Y (AO21x1_ASAP7_75t_R)
                                         _090523_ (net)
                  9.98    0.00 7499.10 ^ _153179_/B (AND2x2_ASAP7_75t_R)
     2    2.79   20.26   20.66 7519.76 ^ _153179_/Y (AND2x2_ASAP7_75t_R)
                                         _090534_ (net)
                 20.30    0.45 7520.22 ^ _153189_/A (OR4x1_ASAP7_75t_R)
     1    0.95    9.71   16.34 7536.56 ^ _153189_/Y (OR4x1_ASAP7_75t_R)
                                         _090644_ (net)
                  9.71    0.01 7536.57 ^ _153197_/A2 (AOI221x1_ASAP7_75t_R)
     7    7.48  139.05   40.06 7576.62 v _153197_/Y (AOI221x1_ASAP7_75t_R)
                                         _090732_ (net)
                139.13    1.88 7578.51 v _153212_/B (NOR2x1_ASAP7_75t_R)
     6    4.68   66.30   48.75 7627.26 ^ _153212_/Y (NOR2x1_ASAP7_75t_R)
                                         _090896_ (net)
                 66.30    0.14 7627.40 ^ _153215_/B (NOR2x1_ASAP7_75t_R)
     2    1.57   26.50   21.10 7648.51 v _153215_/Y (NOR2x1_ASAP7_75t_R)
                                         _090929_ (net)
                 26.50    0.00 7648.51 v _153217_/B1 (AOI221x1_ASAP7_75t_R)
     7    5.60   66.88   33.21 7681.72 ^ _153217_/Y (AOI221x1_ASAP7_75t_R)
                                         _090951_ (net)
                 66.88    0.19 7681.91 ^ _153227_/D (AND4x2_ASAP7_75t_R)
     7    5.58   29.65   47.23 7729.13 ^ _153227_/Y (AND4x2_ASAP7_75t_R)
                                         _091061_ (net)
                 29.67    0.37 7729.50 ^ _153265_/C (OR3x1_ASAP7_75t_R)
     3    1.88   16.28   22.39 7751.89 ^ _153265_/Y (OR3x1_ASAP7_75t_R)
                                         _091479_ (net)
                 16.28    0.03 7751.92 ^ _153293_/A1 (AO21x1_ASAP7_75t_R)
    10    8.68   56.11   35.65 7787.57 ^ _153293_/Y (AO21x1_ASAP7_75t_R)
                                         _091787_ (net)
                 56.11    0.24 7787.81 ^ _153366_/A2 (AO221x1_ASAP7_75t_R)
     1    0.64    9.73   27.70 7815.51 ^ _153366_/Y (AO221x1_ASAP7_75t_R)
                                         _092590_ (net)
                  9.73    0.00 7815.52 ^ _153367_/D (AND4x2_ASAP7_75t_R)
     5    5.45   28.62   40.52 7856.03 ^ _153367_/Y (AND4x2_ASAP7_75t_R)
                                         _092601_ (net)
                 28.65    0.52 7856.55 ^ _153428_/A1 (AOI211x1_ASAP7_75t_R)
     3    2.99   37.72   24.96 7881.51 v _153428_/Y (AOI211x1_ASAP7_75t_R)
                                         _093272_ (net)
                 37.73    0.37 7881.88 v _153463_/B2 (AO221x1_ASAP7_75t_R)
    10    9.40   52.98   50.94 7932.83 v _153463_/Y (AO221x1_ASAP7_75t_R)
                                         _093657_ (net)
                 52.98    0.16 7932.98 v _153518_/A2 (AO221x1_ASAP7_75t_R)
     5    5.40   36.39   41.61 7974.60 v _153518_/Y (AO221x1_ASAP7_75t_R)
                                         _094261_ (net)
                 36.39    0.13 7974.72 v _153519_/A3 (AO31x2_ASAP7_75t_R)
    22   18.96   58.63   39.93 8014.65 v _153519_/Y (AO31x2_ASAP7_75t_R)
                                         _094272_ (net)
                 60.37    5.53 8020.18 v _153582_/A (NAND2x1_ASAP7_75t_R)
     9    7.14   63.61   48.40 8068.58 ^ _153582_/Y (NAND2x1_ASAP7_75t_R)
                                         _094965_ (net)
                 63.64    0.78 8069.36 ^ _153604_/A1 (OA211x2_ASAP7_75t_R)
     2    2.93   15.75   34.35 8103.71 ^ _153604_/Y (OA211x2_ASAP7_75t_R)
                                         _095207_ (net)
                 15.80    0.46 8104.16 ^ _153605_/C (NAND3x1_ASAP7_75t_R)
     6    4.74   30.61   18.91 8123.08 v _153605_/Y (NAND3x1_ASAP7_75t_R)
                                         _095218_ (net)
                 30.63    0.49 8123.57 v _153718_/D (OR5x1_ASAP7_75t_R)
     2    1.21   16.14   44.42 8167.99 v _153718_/Y (OR5x1_ASAP7_75t_R)
                                         _096461_ (net)
                 16.15    0.03 8168.02 v _153723_/C (AND5x1_ASAP7_75t_R)
     3    2.98   20.22   27.50 8195.52 v _153723_/Y (AND5x1_ASAP7_75t_R)
                                         _096516_ (net)
                 20.22    0.07 8195.59 v _153726_/B (AO211x2_ASAP7_75t_R)
     3    3.26   13.04   23.16 8218.74 v _153726_/Y (AO211x2_ASAP7_75t_R)
                                         _096549_ (net)
                 13.08    0.39 8219.13 v _153850_/B (OA211x2_ASAP7_75t_R)
     1    0.63    9.20   26.50 8245.63 v _153850_/Y (OA211x2_ASAP7_75t_R)
                                         _097912_ (net)
                  9.20    0.00 8245.63 v _153851_/D (OR4x1_ASAP7_75t_R)
     3    2.44   21.53   38.25 8283.89 v _153851_/Y (OR4x1_ASAP7_75t_R)
                                         _097923_ (net)
                 21.53    0.08 8283.96 v _153852_/B (NOR2x1_ASAP7_75t_R)
     2    2.34   22.44   16.99 8300.95 ^ _153852_/Y (NOR2x1_ASAP7_75t_R)
                                         _097934_ (net)
                 22.44    0.03 8300.98 ^ _153853_/C (OR3x2_ASAP7_75t_R)
     6    5.44   29.78   25.96 8326.94 ^ _153853_/Y (OR3x2_ASAP7_75t_R)
                                         _097945_ (net)
                 29.78    0.11 8327.05 ^ _153856_/A (AND2x4_ASAP7_75t_R)
     5    4.57   13.39   22.77 8349.82 ^ _153856_/Y (AND2x4_ASAP7_75t_R)
                                         _097978_ (net)
                 13.40    0.06 8349.88 ^ _153966_/B (NAND2x1_ASAP7_75t_R)
     1    0.44    7.70    6.77 8356.65 v _153966_/Y (NAND2x1_ASAP7_75t_R)
                                         _099188_ (net)
                  7.70    0.00 8356.65 v _153967_/B (OA211x2_ASAP7_75t_R)
     1    0.69   18.35   24.92 8381.57 v _153967_/Y (OA211x2_ASAP7_75t_R)
                                         _099199_ (net)
                 18.35    0.01 8381.57 v _153983_/A (OR3x1_ASAP7_75t_R)
     6    6.45   42.29   41.78 8423.35 v _153983_/Y (OR3x1_ASAP7_75t_R)
                                         _099375_ (net)
                 42.40    1.32 8424.68 v _153987_/B (MAJx2_ASAP7_75t_R)
     4    3.68   17.27   39.10 8463.78 v _153987_/Y (MAJx2_ASAP7_75t_R)
                                         _099419_ (net)
                 17.27    0.11 8463.88 v _154012_/A1 (AO21x1_ASAP7_75t_R)
     2    2.03   13.85   21.59 8485.47 v _154012_/Y (AO21x1_ASAP7_75t_R)
                                         _099694_ (net)
                 13.85    0.00 8485.47 v _154013_/B (OA21x2_ASAP7_75t_R)
     2    1.41    8.03   15.27 8500.74 v _154013_/Y (OA21x2_ASAP7_75t_R)
                                         _099705_ (net)
                  8.03    0.03 8500.77 v _154038_/A1 (AO21x1_ASAP7_75t_R)
     2    2.29   14.90   19.54 8520.32 v _154038_/Y (AO21x1_ASAP7_75t_R)
                                         _099982_ (net)
                 14.90    0.05 8520.37 v _154039_/C (MAJx2_ASAP7_75t_R)
     2    2.25   12.62   27.28 8547.65 v _154039_/Y (MAJx2_ASAP7_75t_R)
                                         _099993_ (net)
                 12.62    0.04 8547.69 v _154040_/B (NAND2x1_ASAP7_75t_R)
     1    1.08   13.72   10.72 8558.41 ^ _154040_/Y (NAND2x1_ASAP7_75t_R)
                                         _100004_ (net)
                 13.72    0.00 8558.41 ^ _154041_/B (AND2x4_ASAP7_75t_R)
     6    5.56   14.46   21.17 8579.58 ^ _154041_/Y (AND2x4_ASAP7_75t_R)
                                         _100015_ (net)
                 14.48    0.24 8579.83 ^ _154064_/A (MAJx2_ASAP7_75t_R)
     3    2.81   15.34   24.70 8604.53 ^ _154064_/Y (MAJx2_ASAP7_75t_R)
                                         _100270_ (net)
                 15.34    0.05 8604.58 ^ _154066_/A2 (OAI21x1_ASAP7_75t_R)
     3    2.33   18.84   11.33 8615.91 v _154066_/Y (OAI21x1_ASAP7_75t_R)
                                         _100292_ (net)
                 18.84    0.06 8615.96 v _154089_/A (MAJx2_ASAP7_75t_R)
     3    2.41   13.59   28.01 8643.98 v _154089_/Y (MAJx2_ASAP7_75t_R)
                                         _100548_ (net)
                 13.59    0.02 8644.00 v _154244_/B (OR2x2_ASAP7_75t_R)
     2    3.31   20.70   24.95 8668.95 v _154244_/Y (OR2x2_ASAP7_75t_R)
                                         _102241_ (net)
                 20.70    0.10 8669.05 v _154258_/A (NAND2x2_ASAP7_75t_R)
    10   13.56   57.03   30.56 8699.62 ^ _154258_/Y (NAND2x2_ASAP7_75t_R)
                                         _102397_ (net)
                 57.30    2.35 8701.97 ^ _154259_/B (XNOR2x2_ASAP7_75t_R)
    98   91.66  358.36  139.64 8841.61 ^ _154259_/Y (XNOR2x2_ASAP7_75t_R)
                                         _102408_ (net)
                377.69   44.83 8886.44 ^ _154260_/B (NAND2x2_ASAP7_75t_R)
    87   79.08  315.95  194.42 9080.86 v _154260_/Y (NAND2x2_ASAP7_75t_R)
                                         _102419_ (net)
                316.45    7.64 9088.50 v _294660_/A3 (AO32x1_ASAP7_75t_R)
     3    2.85   28.08   69.94 9158.44 v _294660_/Y (AO32x1_ASAP7_75t_R)
                                         _051256_ (net)
                 28.10    0.44 9158.88 v _295708_/A (OR3x1_ASAP7_75t_R)
     7    5.28   35.95   41.60 9200.48 v _295708_/Y (OR3x1_ASAP7_75t_R)
                                         _052410_ (net)
                 35.97    0.46 9200.94 v _296114_/A2 (AO21x1_ASAP7_75t_R)
     1    0.61    7.53   20.09 9221.03 v _296114_/Y (AO21x1_ASAP7_75t_R)
                                         _052852_ (net)
                  7.53    0.01 9221.03 v _296115_/B (AND2x2_ASAP7_75t_R)
     1    0.62    5.95   15.30 9236.33 v _296115_/Y (AND2x2_ASAP7_75t_R)
                                         _052853_ (net)
                  5.95    0.00 9236.33 v _296150_/B (OR4x1_ASAP7_75t_R)
     1    2.85   24.34   36.94 9273.28 v _296150_/Y (OR4x1_ASAP7_75t_R)
                                         result[143] (net)
                 24.41    0.76 9274.04 v result[143] (out)
                               9274.04   data arrival time

                  0.00 5000.00 5000.00   clock clk (rise edge)
                          0.00 5000.00   clock network delay (ideal)
                          0.00 5000.00   clock reconvergence pessimism
                       -1000.00 4000.00   output external delay
                               4000.00   data required time
-----------------------------------------------------------------------------
                               4000.00   data required time
                               -9274.04   data arrival time
-----------------------------------------------------------------------------
                               -5274.04   slack (VIOLATED)



==========================================================================
global place report_checks -unconstrained
--------------------------------------------------------------------------
Startpoint: srcb[32] (input port clocked by clk)
Endpoint: result[143] (output port clocked by clk)
Path Group: clk
Path Type: max

Fanout     Cap    Slew   Delay    Time   Description
-----------------------------------------------------------------------------
                  0.00    0.00    0.00   clock clk (rise edge)
                          0.00    0.00   clock network delay (ideal)
                       1000.00 1000.00 ^ input external delay
   324  331.95    0.00    0.00 1000.00 ^ srcb[32] (in)
                                         srcb[32] (net)
               2023.62  638.38 1638.38 ^ _149087_/A (INVx1_ASAP7_75t_R)
   142  174.18 1123.56 2036.47 3674.85 v _149087_/Y (INVx1_ASAP7_75t_R)
                                         _107835_ (net)
               1123.56   84.42 3759.27 v _149088_/B (OR4x1_ASAP7_75t_R)
     2    1.37   33.76  162.85 3922.11 v _149088_/Y (OR4x1_ASAP7_75t_R)
                                         _107946_ (net)
                 33.76    0.08 3922.19 v _149091_/B (OA211x2_ASAP7_75t_R)
     3    2.52   13.89   37.19 3959.38 v _149091_/Y (OA211x2_ASAP7_75t_R)
                                         _108279_ (net)
                 13.89    0.03 3959.41 v _149092_/C (OR3x1_ASAP7_75t_R)
     1    1.28   12.96   27.28 3986.69 v _149092_/Y (OR3x1_ASAP7_75t_R)
                                         _108390_ (net)
                 12.96    0.02 3986.71 v _149127_/A1 (AOI22x1_ASAP7_75t_R)
     6    5.56   40.13   23.66 4010.37 ^ _149127_/Y (AOI22x1_ASAP7_75t_R)
                                         _112275_ (net)
                 40.15    0.42 4010.79 ^ _149137_/A2 (AOI21x1_ASAP7_75t_R)
     5    5.68   33.43   22.55 4033.34 v _149137_/Y (AOI21x1_ASAP7_75t_R)
                                         _113385_ (net)
                 33.43    0.11 4033.45 v _149264_/A1 (AOI22x1_ASAP7_75t_R)
     5    4.65   38.64   27.68 4061.14 ^ _149264_/Y (AOI22x1_ASAP7_75t_R)
                                         _127481_ (net)
                 38.66    0.48 4061.62 ^ _149309_/A1 (AO21x1_ASAP7_75t_R)
    13   10.89   71.83   43.98 4105.60 ^ _149309_/Y (AO21x1_ASAP7_75t_R)
                                         _132476_ (net)
                 71.86    0.91 4106.50 ^ _149363_/B (AND3x1_ASAP7_75t_R)
     3    3.33   29.20   39.88 4146.38 ^ _149363_/Y (AND3x1_ASAP7_75t_R)
                                         _138470_ (net)
                 29.20    0.18 4146.56 ^ _149372_/A2 (OA31x2_ASAP7_75t_R)
     7    6.07   27.53   33.48 4180.04 ^ _149372_/Y (OA31x2_ASAP7_75t_R)
                                         _139469_ (net)
                 27.54    0.35 4180.39 ^ _149373_/C2 (OA222x2_ASAP7_75t_R)
     1    0.53    8.47   27.43 4207.82 ^ _149373_/Y (OA222x2_ASAP7_75t_R)
                                         _139580_ (net)
                  8.47    0.00 4207.82 ^ _149379_/A2 (AO221x1_ASAP7_75t_R)
    12   11.16   72.55   49.32 4257.14 ^ _149379_/Y (AO221x1_ASAP7_75t_R)
                                         _140246_ (net)
                 72.57    0.63 4257.77 ^ _149431_/A1 (AOI21x1_ASAP7_75t_R)
    11   10.01   63.93   43.20 4300.96 v _149431_/Y (AOI21x1_ASAP7_75t_R)
                                         _146018_ (net)
                 63.95    0.65 4301.61 v _149453_/B (OR4x1_ASAP7_75t_R)
    16   13.02   81.68   77.20 4378.81 v _149453_/Y (OR4x1_ASAP7_75t_R)
                                         _148460_ (net)
                 81.78    1.63 4380.44 v _149547_/A (NAND2x2_ASAP7_75t_R)
    17   13.48   66.29   54.50 4434.93 ^ _149547_/Y (NAND2x2_ASAP7_75t_R)
                                         _009879_ (net)
                 66.31    0.74 4435.68 ^ _149594_/A1 (AO211x2_ASAP7_75t_R)
     3    3.38   16.27   38.38 4474.06 ^ _149594_/Y (AO211x2_ASAP7_75t_R)
                                         _015096_ (net)
                 16.30    0.38 4474.44 ^ _149611_/A1 (OA21x2_ASAP7_75t_R)
     4    4.43   18.18   23.61 4498.05 ^ _149611_/Y (OA21x2_ASAP7_75t_R)
                                         _016983_ (net)
                 18.26    0.67 4498.72 ^ _149635_/B (MAJx2_ASAP7_75t_R)
     5    4.17   20.63   30.06 4528.78 ^ _149635_/Y (MAJx2_ASAP7_75t_R)
                                         _019647_ (net)
                 20.63    0.06 4528.84 ^ _149694_/A1 (OA21x2_ASAP7_75t_R)
     8    7.77   27.90   29.68 4558.52 ^ _149694_/Y (OA21x2_ASAP7_75t_R)
                                         _026196_ (net)
                 27.92    0.55 4559.07 ^ _149700_/A2 (AO22x1_ASAP7_75t_R)
     3    2.91   21.99   28.84 4587.91 ^ _149700_/Y (AO22x1_ASAP7_75t_R)
                                         _026862_ (net)
                 21.99    0.13 4588.04 ^ _149790_/A1 (AOI221x1_ASAP7_75t_R)
    12   10.95  113.81   58.35 4646.40 v _149790_/Y (AOI221x1_ASAP7_75t_R)
                                         _036852_ (net)
                113.85    1.26 4647.65 v _149920_/E (AND5x1_ASAP7_75t_R)
     2    1.18   11.76   48.97 4696.62 v _149920_/Y (AND5x1_ASAP7_75t_R)
                                         _051252_ (net)
                 11.76    0.01 4696.63 v _149923_/C (OR4x1_ASAP7_75t_R)
     1    1.27   14.66   33.76 4730.38 v _149923_/Y (OR4x1_ASAP7_75t_R)
                                         _051582_ (net)
                 14.66    0.01 4730.39 v _149924_/B2 (OAI22x1_ASAP7_75t_R)
     9   11.22   75.33   38.25 4768.64 ^ _149924_/Y (OAI22x1_ASAP7_75t_R)
                                         _051693_ (net)
                 75.36    0.93 4769.57 ^ _149951_/A1 (AOI21x1_ASAP7_75t_R)
     2    1.99   25.77   20.27 4789.83 v _149951_/Y (AOI21x1_ASAP7_75t_R)
                                         _054613_ (net)
                 25.77    0.03 4789.86 v _149986_/B (NAND3x1_ASAP7_75t_R)
    18   15.70  124.04   62.13 4852.00 ^ _149986_/Y (NAND3x1_ASAP7_75t_R)
                                         _055413_ (net)
                124.45    4.06 4856.06 ^ _150053_/B (AND4x1_ASAP7_75t_R)
     4    3.59   33.37   52.70 4908.76 ^ _150053_/Y (AND4x1_ASAP7_75t_R)
                                         _056150_ (net)
                 33.37    0.05 4908.81 ^ _150108_/C (OR3x1_ASAP7_75t_R)
    28   25.20  186.17   90.03 4998.84 ^ _150108_/Y (OR3x1_ASAP7_75t_R)
                                         _056755_ (net)
                186.46    4.39 5003.23 ^ _150356_/A1 (AO211x2_ASAP7_75t_R)
     1    1.63   13.11   50.91 5054.14 ^ _150356_/Y (AO211x2_ASAP7_75t_R)
                                         _059483_ (net)
                 13.12    0.12 5054.27 ^ _150358_/A3 (OA31x2_ASAP7_75t_R)
    11   11.78   42.73   34.47 5088.73 ^ _150358_/Y (OA31x2_ASAP7_75t_R)
                                         _059505_ (net)
                 43.90    3.85 5092.58 ^ _150363_/A (AND2x2_ASAP7_75t_R)
     2    1.18    9.37   23.19 5115.78 ^ _150363_/Y (AND2x2_ASAP7_75t_R)
                                         _059560_ (net)
                  9.37    0.01 5115.79 ^ _150364_/C (AO221x1_ASAP7_75t_R)
     4    3.98   29.19   24.04 5139.82 ^ _150364_/Y (AO221x1_ASAP7_75t_R)
                                         _059571_ (net)
                 29.19    0.12 5139.94 ^ _150379_/C (AOI221x1_ASAP7_75t_R)
     4    3.53   76.73   25.31 5165.26 v _150379_/Y (AOI221x1_ASAP7_75t_R)
                                         _059736_ (net)
                 76.73    0.30 5165.55 v _150396_/A1 (OAI21x1_ASAP7_75t_R)
    10    6.89   58.76   44.08 5209.64 ^ _150396_/Y (OAI21x1_ASAP7_75t_R)
                                         _059923_ (net)
                 58.76    0.25 5209.89 ^ _150398_/A2 (AO21x1_ASAP7_75t_R)
     8    6.47   42.98   36.16 5246.05 ^ _150398_/Y (AO21x1_ASAP7_75t_R)
                                         _059945_ (net)
                 43.03    0.83 5246.88 ^ _150534_/C (AND5x1_ASAP7_75t_R)
     1    0.92   24.36   40.10 5286.98 ^ _150534_/Y (AND5x1_ASAP7_75t_R)
                                         _061441_ (net)
                 24.36    0.01 5286.98 ^ _150564_/B (AO211x2_ASAP7_75t_R)
    13   11.83   42.42   36.73 5323.71 ^ _150564_/Y (AO211x2_ASAP7_75t_R)
                                         _061771_ (net)
                 43.19    3.15 5326.86 ^ _150569_/A (OR2x2_ASAP7_75t_R)
     5    4.81   21.16   32.77 5359.62 ^ _150569_/Y (OR2x2_ASAP7_75t_R)
                                         _061826_ (net)
                 21.16    0.04 5359.66 ^ _150637_/A (AND3x1_ASAP7_75t_R)
     4    3.03   26.48   31.29 5390.95 ^ _150637_/Y (AND3x1_ASAP7_75t_R)
                                         _062574_ (net)
                 26.48    0.10 5391.06 ^ _150673_/C (AND4x1_ASAP7_75t_R)
     5    3.46   37.49   39.14 5430.19 ^ _150673_/Y (AND4x1_ASAP7_75t_R)
                                         _062970_ (net)
                 37.50    0.22 5430.42 ^ _150700_/A (OR4x1_ASAP7_75t_R)
     7    6.66   50.13   36.71 5467.12 ^ _150700_/Y (OR4x1_ASAP7_75t_R)
                                         _063267_ (net)
                 50.14    0.41 5467.54 ^ _150708_/A2 (AO21x1_ASAP7_75t_R)
    19   19.23  122.36   68.55 5536.09 ^ _150708_/Y (AO21x1_ASAP7_75t_R)
                                         _063355_ (net)
                122.38    0.97 5537.06 ^ _150715_/A2 (AOI211x1_ASAP7_75t_R)
     4    3.44   79.23   49.51 5586.57 v _150715_/Y (AOI211x1_ASAP7_75t_R)
                                         _063432_ (net)
                 79.24    0.47 5587.04 v _150748_/A1 (OA211x2_ASAP7_75t_R)
     5    3.93   17.78   40.46 5627.50 v _150748_/Y (OA211x2_ASAP7_75t_R)
                                         _063795_ (net)
                 17.78    0.08 5627.57 v _150758_/A (OR3x1_ASAP7_75t_R)
     3    3.32   24.46   33.50 5661.08 v _150758_/Y (OR3x1_ASAP7_75t_R)
                                         _063905_ (net)
                 24.46    0.07 5661.15 v _151054_/A1 (AO21x1_ASAP7_75t_R)
     6    6.12   34.57   33.14 5694.30 v _151054_/Y (AO21x1_ASAP7_75t_R)
                                         _067161_ (net)
                 34.60    0.57 5694.87 v _151068_/A1 (AO21x1_ASAP7_75t_R)
     8    7.09   39.66   37.77 5732.64 v _151068_/Y (AO21x1_ASAP7_75t_R)
                                         _067315_ (net)
                 39.67    0.44 5733.09 v _151081_/A1 (AO21x1_ASAP7_75t_R)
    10    9.14   50.29   43.67 5776.75 v _151081_/Y (AO21x1_ASAP7_75t_R)
                                         _067458_ (net)
                 50.30    0.43 5777.18 v _151129_/A2 (OA21x2_ASAP7_75t_R)
     3    2.69   12.42   29.95 5807.13 v _151129_/Y (OA21x2_ASAP7_75t_R)
                                         _067986_ (net)
                 12.42    0.04 5807.17 v _151131_/B (OR3x1_ASAP7_75t_R)
     4    3.63   26.08   34.19 5841.36 v _151131_/Y (OR3x1_ASAP7_75t_R)
                                         _068008_ (net)
                 26.08    0.14 5841.50 v _151418_/A2 (OAI21x1_ASAP7_75t_R)
     7    7.73   53.98   30.40 5871.90 ^ _151418_/Y (OAI21x1_ASAP7_75t_R)
                                         _071165_ (net)
                 53.98    0.40 5872.31 ^ _151456_/A (AND4x1_ASAP7_75t_R)
     2    1.54   18.31   36.65 5908.96 ^ _151456_/Y (AND4x1_ASAP7_75t_R)
                                         _071583_ (net)
                 18.31    0.02 5908.98 ^ _151463_/B2 (AOI221x1_ASAP7_75t_R)
    15   14.74  147.40   67.31 5976.29 v _151463_/Y (AOI221x1_ASAP7_75t_R)
                                         _071660_ (net)
                147.79    4.36 5980.65 v _151503_/B (OR4x1_ASAP7_75t_R)
    42   37.07  221.23  149.80 6130.46 v _151503_/Y (OR4x1_ASAP7_75t_R)
                                         _072100_ (net)
                221.62    5.45 6135.91 v _151619_/B (NAND2x1_ASAP7_75t_R)
    44   40.70  330.86  200.84 6336.75 ^ _151619_/Y (NAND2x1_ASAP7_75t_R)
                                         _073376_ (net)
                334.19   18.89 6355.64 ^ _151786_/A1 (AOI21x1_ASAP7_75t_R)
     1    1.74   52.33   31.67 6387.31 v _151786_/Y (AOI21x1_ASAP7_75t_R)
                                         _075213_ (net)
                 52.34    0.26 6387.57 v _151798_/C (AND5x1_ASAP7_75t_R)
     2    2.00   15.56   35.49 6423.06 v _151798_/Y (AND5x1_ASAP7_75t_R)
                                         _075345_ (net)
                 15.57    0.12 6423.18 v _151820_/A (OR2x2_ASAP7_75t_R)
     6    6.97   25.40   30.87 6454.05 v _151820_/Y (OR2x2_ASAP7_75t_R)
                                         _075587_ (net)
                 25.43    0.49 6454.54 v _151830_/B (MAJx2_ASAP7_75t_R)
     8    7.66   29.07   39.45 6493.99 v _151830_/Y (MAJx2_ASAP7_75t_R)
                                         _075697_ (net)
                 29.41    1.76 6495.75 v _151895_/A1 (AO32x1_ASAP7_75t_R)
     2    1.98   16.22   27.93 6523.68 v _151895_/Y (AO32x1_ASAP7_75t_R)
                                         _076412_ (net)
                 16.22    0.03 6523.72 v _151903_/B (AO21x1_ASAP7_75t_R)
     3    1.86   13.02   20.68 6544.40 v _151903_/Y (AO21x1_ASAP7_75t_R)
                                         _076500_ (net)
                 13.02    0.06 6544.46 v _151905_/C (OR4x1_ASAP7_75t_R)
    14   10.72   68.16   62.10 6606.57 v _151905_/Y (OR4x1_ASAP7_75t_R)
                                         _076522_ (net)
                 68.17    0.53 6607.09 v _152098_/A1 (AO221x1_ASAP7_75t_R)
     8    7.97   46.18   48.12 6655.22 v _152098_/Y (AO221x1_ASAP7_75t_R)
                                         _078645_ (net)
                 46.19    0.34 6655.56 v _152100_/B (NAND2x1_ASAP7_75t_R)
     2    2.48   28.86   25.53 6681.09 ^ _152100_/Y (NAND2x1_ASAP7_75t_R)
                                         _078667_ (net)
                 28.86    0.01 6681.10 ^ _152180_/A1 (AO31x2_ASAP7_75t_R)
     3    2.40   12.61   22.51 6703.62 ^ _152180_/Y (AO31x2_ASAP7_75t_R)
                                         _079547_ (net)
                 12.61    0.04 6703.66 ^ _152181_/B2 (AO32x1_ASAP7_75t_R)
    11   11.70   75.78   49.01 6752.67 ^ _152181_/Y (AO32x1_ASAP7_75t_R)
                                         _079558_ (net)
                 75.81    0.89 6753.55 ^ _152183_/C (AOI211x1_ASAP7_75t_R)
     4    2.54   36.23   24.21 6777.76 v _152183_/Y (AOI211x1_ASAP7_75t_R)
                                         _079580_ (net)
                 36.23    0.07 6777.83 v _152245_/B (OR4x1_ASAP7_75t_R)
     2    2.15   20.22   41.20 6819.03 v _152245_/Y (OR4x1_ASAP7_75t_R)
                                         _080262_ (net)
                 20.23    0.05 6819.08 v _152251_/B (OA21x2_ASAP7_75t_R)
    11    8.28   26.11   25.87 6844.95 v _152251_/Y (OA21x2_ASAP7_75t_R)
                                         _080328_ (net)
                 26.21    0.94 6845.89 v _152387_/D (OR4x1_ASAP7_75t_R)
     3    2.84   28.05   42.64 6888.53 v _152387_/Y (OR4x1_ASAP7_75t_R)
                                         _081824_ (net)
                 28.06    0.21 6888.74 v _152401_/D (AND5x1_ASAP7_75t_R)
     1    0.63    7.13   26.51 6915.25 v _152401_/Y (AND5x1_ASAP7_75t_R)
                                         _081978_ (net)
                  7.13    0.01 6915.26 v _152402_/C (AO221x1_ASAP7_75t_R)
     4    2.96   20.08   28.44 6943.71 v _152402_/Y (AO221x1_ASAP7_75t_R)
                                         _081989_ (net)
                 20.09    0.12 6943.82 v _152430_/A (MAJx2_ASAP7_75t_R)
     4    4.33   20.90   31.71 6975.53 v _152430_/Y (MAJx2_ASAP7_75t_R)
                                         _082297_ (net)
                 20.90    0.07 6975.60 v _152439_/A2 (AOI21x1_ASAP7_75t_R)
     5    4.72   33.85   21.55 6997.15 ^ _152439_/Y (AOI21x1_ASAP7_75t_R)
                                         _082396_ (net)
                 33.86    0.35 6997.51 ^ _152544_/A1 (OA211x2_ASAP7_75t_R)
     3    2.82   14.70   29.35 7026.86 ^ _152544_/Y (OA211x2_ASAP7_75t_R)
                                         _083551_ (net)
                 14.70    0.08 7026.93 ^ _152577_/A1 (OA21x2_ASAP7_75t_R)
     7    5.69   21.85   25.31 7052.24 ^ _152577_/Y (OA21x2_ASAP7_75t_R)
                                         _083913_ (net)
                 21.86    0.20 7052.44 ^ _152590_/A1 (AOI21x1_ASAP7_75t_R)
     7    6.19   34.10   22.19 7074.63 v _152590_/Y (AOI21x1_ASAP7_75t_R)
                                         _084056_ (net)
                 34.15    0.78 7075.40 v _152740_/B (OR4x1_ASAP7_75t_R)
     1    0.48   11.23   33.63 7109.04 v _152740_/Y (OR4x1_ASAP7_75t_R)
                                         _085706_ (net)
                 11.23    0.00 7109.04 v _152741_/B (OA211x2_ASAP7_75t_R)
    13   11.18   36.56   41.63 7150.67 v _152741_/Y (OA211x2_ASAP7_75t_R)
                                         _085717_ (net)
                 36.58    0.54 7151.21 v _152770_/B1 (AO221x1_ASAP7_75t_R)
     2    2.41   17.70   32.17 7183.37 v _152770_/Y (AO221x1_ASAP7_75t_R)
                                         _086036_ (net)
                 17.70    0.09 7183.46 v _152810_/A2 (OAI21x1_ASAP7_75t_R)
     4    4.25   37.17   19.60 7203.07 ^ _152810_/Y (OAI21x1_ASAP7_75t_R)
                                         _086476_ (net)
                 37.19    0.46 7203.53 ^ _152869_/A1 (AO21x1_ASAP7_75t_R)
     7    6.72   44.35   32.94 7236.47 ^ _152869_/Y (AO21x1_ASAP7_75t_R)
                                         _087125_ (net)
                 44.36    0.54 7237.01 ^ _152912_/A1 (AOI221x1_ASAP7_75t_R)
     2    1.95   34.91   28.68 7265.69 v _152912_/Y (AOI221x1_ASAP7_75t_R)
                                         _087597_ (net)
                 34.91    0.06 7265.75 v _152913_/C (OR3x1_ASAP7_75t_R)
    28   23.97  142.30   90.22 7355.97 v _152913_/Y (OR3x1_ASAP7_75t_R)
                                         _087608_ (net)
                142.59    3.76 7359.74 v _153033_/B (NAND2x1_ASAP7_75t_R)
    20   18.25  154.58  110.15 7469.89 ^ _153033_/Y (NAND2x1_ASAP7_75t_R)
                                         _088928_ (net)
                154.77    3.12 7473.01 ^ _153178_/A2 (AO21x1_ASAP7_75t_R)
     1    0.60    9.98   26.09 7499.10 ^ _153178_/Y (AO21x1_ASAP7_75t_R)
                                         _090523_ (net)
                  9.98    0.00 7499.10 ^ _153179_/B (AND2x2_ASAP7_75t_R)
     2    2.79   20.26   20.66 7519.76 ^ _153179_/Y (AND2x2_ASAP7_75t_R)
                                         _090534_ (net)
                 20.30    0.45 7520.22 ^ _153189_/A (OR4x1_ASAP7_75t_R)
     1    0.95    9.71   16.34 7536.56 ^ _153189_/Y (OR4x1_ASAP7_75t_R)
                                         _090644_ (net)
                  9.71    0.01 7536.57 ^ _153197_/A2 (AOI221x1_ASAP7_75t_R)
     7    7.48  139.05   40.06 7576.62 v _153197_/Y (AOI221x1_ASAP7_75t_R)
                                         _090732_ (net)
                139.13    1.88 7578.51 v _153212_/B (NOR2x1_ASAP7_75t_R)
     6    4.68   66.30   48.75 7627.26 ^ _153212_/Y (NOR2x1_ASAP7_75t_R)
                                         _090896_ (net)
                 66.30    0.14 7627.40 ^ _153215_/B (NOR2x1_ASAP7_75t_R)
     2    1.57   26.50   21.10 7648.51 v _153215_/Y (NOR2x1_ASAP7_75t_R)
                                         _090929_ (net)
                 26.50    0.00 7648.51 v _153217_/B1 (AOI221x1_ASAP7_75t_R)
     7    5.60   66.88   33.21 7681.72 ^ _153217_/Y (AOI221x1_ASAP7_75t_R)
                                         _090951_ (net)
                 66.88    0.19 7681.91 ^ _153227_/D (AND4x2_ASAP7_75t_R)
     7    5.58   29.65   47.23 7729.13 ^ _153227_/Y (AND4x2_ASAP7_75t_R)
                                         _091061_ (net)
                 29.67    0.37 7729.50 ^ _153265_/C (OR3x1_ASAP7_75t_R)
     3    1.88   16.28   22.39 7751.89 ^ _153265_/Y (OR3x1_ASAP7_75t_R)
                                         _091479_ (net)
                 16.28    0.03 7751.92 ^ _153293_/A1 (AO21x1_ASAP7_75t_R)
    10    8.68   56.11   35.65 7787.57 ^ _153293_/Y (AO21x1_ASAP7_75t_R)
                                         _091787_ (net)
                 56.11    0.24 7787.81 ^ _153366_/A2 (AO221x1_ASAP7_75t_R)
     1    0.64    9.73   27.70 7815.51 ^ _153366_/Y (AO221x1_ASAP7_75t_R)
                                         _092590_ (net)
                  9.73    0.00 7815.52 ^ _153367_/D (AND4x2_ASAP7_75t_R)
     5    5.45   28.62   40.52 7856.03 ^ _153367_/Y (AND4x2_ASAP7_75t_R)
                                         _092601_ (net)
                 28.65    0.52 7856.55 ^ _153428_/A1 (AOI211x1_ASAP7_75t_R)
     3    2.99   37.72   24.96 7881.51 v _153428_/Y (AOI211x1_ASAP7_75t_R)
                                         _093272_ (net)
                 37.73    0.37 7881.88 v _153463_/B2 (AO221x1_ASAP7_75t_R)
    10    9.40   52.98   50.94 7932.83 v _153463_/Y (AO221x1_ASAP7_75t_R)
                                         _093657_ (net)
                 52.98    0.16 7932.98 v _153518_/A2 (AO221x1_ASAP7_75t_R)
     5    5.40   36.39   41.61 7974.60 v _153518_/Y (AO221x1_ASAP7_75t_R)
                                         _094261_ (net)
                 36.39    0.13 7974.72 v _153519_/A3 (AO31x2_ASAP7_75t_R)
    22   18.96   58.63   39.93 8014.65 v _153519_/Y (AO31x2_ASAP7_75t_R)
                                         _094272_ (net)
                 60.37    5.53 8020.18 v _153582_/A (NAND2x1_ASAP7_75t_R)
     9    7.14   63.61   48.40 8068.58 ^ _153582_/Y (NAND2x1_ASAP7_75t_R)
                                         _094965_ (net)
                 63.64    0.78 8069.36 ^ _153604_/A1 (OA211x2_ASAP7_75t_R)
     2    2.93   15.75   34.35 8103.71 ^ _153604_/Y (OA211x2_ASAP7_75t_R)
                                         _095207_ (net)
                 15.80    0.46 8104.16 ^ _153605_/C (NAND3x1_ASAP7_75t_R)
     6    4.74   30.61   18.91 8123.08 v _153605_/Y (NAND3x1_ASAP7_75t_R)
                                         _095218_ (net)
                 30.63    0.49 8123.57 v _153718_/D (OR5x1_ASAP7_75t_R)
     2    1.21   16.14   44.42 8167.99 v _153718_/Y (OR5x1_ASAP7_75t_R)
                                         _096461_ (net)
                 16.15    0.03 8168.02 v _153723_/C (AND5x1_ASAP7_75t_R)
     3    2.98   20.22   27.50 8195.52 v _153723_/Y (AND5x1_ASAP7_75t_R)
                                         _096516_ (net)
                 20.22    0.07 8195.59 v _153726_/B (AO211x2_ASAP7_75t_R)
     3    3.26   13.04   23.16 8218.74 v _153726_/Y (AO211x2_ASAP7_75t_R)
                                         _096549_ (net)
                 13.08    0.39 8219.13 v _153850_/B (OA211x2_ASAP7_75t_R)
     1    0.63    9.20   26.50 8245.63 v _153850_/Y (OA211x2_ASAP7_75t_R)
                                         _097912_ (net)
                  9.20    0.00 8245.63 v _153851_/D (OR4x1_ASAP7_75t_R)
     3    2.44   21.53   38.25 8283.89 v _153851_/Y (OR4x1_ASAP7_75t_R)
                                         _097923_ (net)
                 21.53    0.08 8283.96 v _153852_/B (NOR2x1_ASAP7_75t_R)
     2    2.34   22.44   16.99 8300.95 ^ _153852_/Y (NOR2x1_ASAP7_75t_R)
                                         _097934_ (net)
                 22.44    0.03 8300.98 ^ _153853_/C (OR3x2_ASAP7_75t_R)
     6    5.44   29.78   25.96 8326.94 ^ _153853_/Y (OR3x2_ASAP7_75t_R)
                                         _097945_ (net)
                 29.78    0.11 8327.05 ^ _153856_/A (AND2x4_ASAP7_75t_R)
     5    4.57   13.39   22.77 8349.82 ^ _153856_/Y (AND2x4_ASAP7_75t_R)
                                         _097978_ (net)
                 13.40    0.06 8349.88 ^ _153966_/B (NAND2x1_ASAP7_75t_R)
     1    0.44    7.70    6.77 8356.65 v _153966_/Y (NAND2x1_ASAP7_75t_R)
                                         _099188_ (net)
                  7.70    0.00 8356.65 v _153967_/B (OA211x2_ASAP7_75t_R)
     1    0.69   18.35   24.92 8381.57 v _153967_/Y (OA211x2_ASAP7_75t_R)
                                         _099199_ (net)
                 18.35    0.01 8381.57 v _153983_/A (OR3x1_ASAP7_75t_R)
     6    6.45   42.29   41.78 8423.35 v _153983_/Y (OR3x1_ASAP7_75t_R)
                                         _099375_ (net)
                 42.40    1.32 8424.68 v _153987_/B (MAJx2_ASAP7_75t_R)
     4    3.68   17.27   39.10 8463.78 v _153987_/Y (MAJx2_ASAP7_75t_R)
                                         _099419_ (net)
                 17.27    0.11 8463.88 v _154012_/A1 (AO21x1_ASAP7_75t_R)
     2    2.03   13.85   21.59 8485.47 v _154012_/Y (AO21x1_ASAP7_75t_R)
                                         _099694_ (net)
                 13.85    0.00 8485.47 v _154013_/B (OA21x2_ASAP7_75t_R)
     2    1.41    8.03   15.27 8500.74 v _154013_/Y (OA21x2_ASAP7_75t_R)
                                         _099705_ (net)
                  8.03    0.03 8500.77 v _154038_/A1 (AO21x1_ASAP7_75t_R)
     2    2.29   14.90   19.54 8520.32 v _154038_/Y (AO21x1_ASAP7_75t_R)
                                         _099982_ (net)
                 14.90    0.05 8520.37 v _154039_/C (MAJx2_ASAP7_75t_R)
     2    2.25   12.62   27.28 8547.65 v _154039_/Y (MAJx2_ASAP7_75t_R)
                                         _099993_ (net)
                 12.62    0.04 8547.69 v _154040_/B (NAND2x1_ASAP7_75t_R)
     1    1.08   13.72   10.72 8558.41 ^ _154040_/Y (NAND2x1_ASAP7_75t_R)
                                         _100004_ (net)
                 13.72    0.00 8558.41 ^ _154041_/B (AND2x4_ASAP7_75t_R)
     6    5.56   14.46   21.17 8579.58 ^ _154041_/Y (AND2x4_ASAP7_75t_R)
                                         _100015_ (net)
                 14.48    0.24 8579.83 ^ _154064_/A (MAJx2_ASAP7_75t_R)
     3    2.81   15.34   24.70 8604.53 ^ _154064_/Y (MAJx2_ASAP7_75t_R)
                                         _100270_ (net)
                 15.34    0.05 8604.58 ^ _154066_/A2 (OAI21x1_ASAP7_75t_R)
     3    2.33   18.84   11.33 8615.91 v _154066_/Y (OAI21x1_ASAP7_75t_R)
                                         _100292_ (net)
                 18.84    0.06 8615.96 v _154089_/A (MAJx2_ASAP7_75t_R)
     3    2.41   13.59   28.01 8643.98 v _154089_/Y (MAJx2_ASAP7_75t_R)
                                         _100548_ (net)
                 13.59    0.02 8644.00 v _154244_/B (OR2x2_ASAP7_75t_R)
     2    3.31   20.70   24.95 8668.95 v _154244_/Y (OR2x2_ASAP7_75t_R)
                                         _102241_ (net)
                 20.70    0.10 8669.05 v _154258_/A (NAND2x2_ASAP7_75t_R)
    10   13.56   57.03   30.56 8699.62 ^ _154258_/Y (NAND2x2_ASAP7_75t_R)
                                         _102397_ (net)
                 57.30    2.35 8701.97 ^ _154259_/B (XNOR2x2_ASAP7_75t_R)
    98   91.66  358.36  139.64 8841.61 ^ _154259_/Y (XNOR2x2_ASAP7_75t_R)
                                         _102408_ (net)
                377.69   44.83 8886.44 ^ _154260_/B (NAND2x2_ASAP7_75t_R)
    87   79.08  315.95  194.42 9080.86 v _154260_/Y (NAND2x2_ASAP7_75t_R)
                                         _102419_ (net)
                316.45    7.64 9088.50 v _294660_/A3 (AO32x1_ASAP7_75t_R)
     3    2.85   28.08   69.94 9158.44 v _294660_/Y (AO32x1_ASAP7_75t_R)
                                         _051256_ (net)
                 28.10    0.44 9158.88 v _295708_/A (OR3x1_ASAP7_75t_R)
     7    5.28   35.95   41.60 9200.48 v _295708_/Y (OR3x1_ASAP7_75t_R)
                                         _052410_ (net)
                 35.97    0.46 9200.94 v _296114_/A2 (AO21x1_ASAP7_75t_R)
     1    0.61    7.53   20.09 9221.03 v _296114_/Y (AO21x1_ASAP7_75t_R)
                                         _052852_ (net)
                  7.53    0.01 9221.03 v _296115_/B (AND2x2_ASAP7_75t_R)
     1    0.62    5.95   15.30 9236.33 v _296115_/Y (AND2x2_ASAP7_75t_R)
                                         _052853_ (net)
                  5.95    0.00 9236.33 v _296150_/B (OR4x1_ASAP7_75t_R)
     1    2.85   24.34   36.94 9273.28 v _296150_/Y (OR4x1_ASAP7_75t_R)
                                         result[143] (net)
                 24.41    0.76 9274.04 v result[143] (out)
                               9274.04   data arrival time

                  0.00 5000.00 5000.00   clock clk (rise edge)
                          0.00 5000.00   clock network delay (ideal)
                          0.00 5000.00   clock reconvergence pessimism
                       -1000.00 4000.00   output external delay
                               4000.00   data required time
-----------------------------------------------------------------------------
                               4000.00   data required time
                               -9274.04   data arrival time
-----------------------------------------------------------------------------
                               -5274.04   slack (VIOLATED)



==========================================================================
global place report_power
--------------------------------------------------------------------------
Group                  Internal  Switching    Leakage      Total
                          Power      Power      Power      Power (Watts)
----------------------------------------------------------------
Sequential             0.00e+00   0.00e+00   0.00e+00   0.00e+00   0.0%
Combinational          1.60e+00   1.65e+00   1.48e-05   3.25e+00 100.0%
Clock                  0.00e+00   0.00e+00   0.00e+00   0.00e+00   0.0%
Macro                  0.00e+00   0.00e+00   0.00e+00   0.00e+00   0.0%
Pad                    0.00e+00   0.00e+00   0.00e+00   0.00e+00   0.0%
----------------------------------------------------------------
Total                  1.60e+00   1.65e+00   1.48e-05   3.25e+00 100.0%
                          49.1%      50.9%       0.0%
