
==========================================================================
global place report_tns
--------------------------------------------------------------------------
tns 0.00

==========================================================================
global place report_wns
--------------------------------------------------------------------------
wns 0.00

==========================================================================
global place report_worst_slack
--------------------------------------------------------------------------
worst slack 1100.39

==========================================================================
global place report_checks -path_delay min
--------------------------------------------------------------------------
Startpoint: srcb[155] (input port clocked by clk)
Endpoint: result[123] (output port clocked by clk)
Path Group: clk
Path Type: min

Fanout     Cap    Slew   Delay    Time   Description
-----------------------------------------------------------------------------
                  0.00    0.00    0.00   clock clk (rise edge)
                          0.00    0.00   clock network delay (ideal)
                       1000.00 1000.00 ^ input external delay
     1    0.88    0.00    0.00 1000.00 ^ srcb[155] (in)
                                         srcb[155] (net)
                  0.03    0.01 1000.01 ^ _3779_/A (NAND2x1_ASAP7_75t_R)
     1    1.26    8.73    6.47 1006.48 v _3779_/Y (NAND2x1_ASAP7_75t_R)
                                         _1244_ (net)
                  8.73    0.00 1006.48 v _3792_/A (XNOR2x1_ASAP7_75t_R)
     1    0.12    6.26    7.78 1014.26 ^ _3792_/Y (XNOR2x1_ASAP7_75t_R)
                                         result[123] (net)
                  6.26    0.00 1014.27 ^ result[123] (out)
                               1014.27   data arrival time

                  0.00    0.00    0.00   clock clk (rise edge)
                          0.00    0.00   clock network delay (ideal)
                          0.00    0.00   clock reconvergence pessimism
                       -1000.00 -1000.00   output external delay
                               -1000.00   data required time
-----------------------------------------------------------------------------
                               -1000.00   data required time
                               -1014.27   data arrival time
-----------------------------------------------------------------------------
                               2014.27   slack (MET)



==========================================================================
global place report_checks -path_delay max
--------------------------------------------------------------------------
Startpoint: is_reduct (input port clocked by clk)
Endpoint: result[121] (output port clocked by clk)
Path Group: clk
Path Type: max

Fanout     Cap    Slew   Delay    Time   Description
-----------------------------------------------------------------------------
                  0.00    0.00    0.00   clock clk (rise edge)
                          0.00    0.00   clock network delay (ideal)
                       1000.00 1000.00 v input external delay
    40   72.95    0.00    0.00 1000.00 v is_reduct (in)
                                         is_reduct (net)
                674.25  212.70 1212.70 v _1873_/A (NAND2x1_ASAP7_75t_R)
    86  118.14 1162.07  564.43 1777.13 ^ _1873_/Y (NAND2x1_ASAP7_75t_R)
                                         _1309_ (net)
               1352.13  249.12 2026.25 ^ _3105_/A (NOR3x1_ASAP7_75t_R)
     3   19.84  501.21  380.61 2406.86 v _3105_/Y (NOR3x1_ASAP7_75t_R)
                                         _0628_ (net)
                509.27   35.62 2442.48 v _3120_/C (OR5x1_ASAP7_75t_R)
     1    0.53   20.51   86.55 2529.03 v _3120_/Y (OR5x1_ASAP7_75t_R)
                                         _0643_ (net)
                 20.51    0.01 2529.04 v _3127_/B (OA211x2_ASAP7_75t_R)
     4    3.82   20.67   34.77 2563.81 v _3127_/Y (OA211x2_ASAP7_75t_R)
                                         _0650_ (net)
                 20.67    0.13 2563.93 v _3167_/E (AND5x1_ASAP7_75t_R)
     1    0.66   45.92   24.93 2588.86 v _3167_/Y (AND5x1_ASAP7_75t_R)
                                         _0687_ (net)
                 45.92    0.01 2588.87 v _3168_/D (OR4x1_ASAP7_75t_R)
     1    1.25   17.49   39.45 2628.32 v _3168_/Y (OR4x1_ASAP7_75t_R)
                                         _0688_ (net)
                 17.50    0.07 2628.39 v _3169_/B (XNOR2x2_ASAP7_75t_R)
     3    3.54   19.35   30.89 2659.28 ^ _3169_/Y (XNOR2x2_ASAP7_75t_R)
                                         result[73] (net)
                 19.35    0.11 2659.39 ^ _3176_/A2 (AOI21x1_ASAP7_75t_R)
     3    2.55  162.07   12.43 2671.81 v _3176_/Y (AOI21x1_ASAP7_75t_R)
                                         _0694_ (net)
                162.07    0.03 2671.84 v _3177_/B (OA21x2_ASAP7_75t_R)
     1    1.08   30.39   36.32 2708.16 v _3177_/Y (OA21x2_ASAP7_75t_R)
                                         _0695_ (net)
                 30.39    0.01 2708.17 v _3178_/B (XOR2x2_ASAP7_75t_R)
     5    4.66   23.19   41.40 2749.57 ^ _3178_/Y (XOR2x2_ASAP7_75t_R)
                                         result[89] (net)
                 23.20    0.19 2749.76 ^ _3192_/A2 (AO21x1_ASAP7_75t_R)
     2    1.78   31.64   19.63 2769.39 ^ _3192_/Y (AO21x1_ASAP7_75t_R)
                                         _0707_ (net)
                 31.64    0.05 2769.44 ^ _3193_/B (AO31x2_ASAP7_75t_R)
     1    1.11   33.21   23.79 2793.23 ^ _3193_/Y (AO31x2_ASAP7_75t_R)
                                         _0708_ (net)
                 33.21    0.02 2793.25 ^ _3194_/B (XNOR2x2_ASAP7_75t_R)
     2    1.53   12.15   34.77 2828.02 v _3194_/Y (XNOR2x2_ASAP7_75t_R)
                                         result[105] (net)
                 12.15    0.01 2828.04 v _3763_/A2 (AO221x1_ASAP7_75t_R)
     1    1.26   31.68   24.46 2852.49 v _3763_/Y (AO221x1_ASAP7_75t_R)
                                         _1230_ (net)
                 31.68    0.01 2852.50 v _3764_/B (AOI21x1_ASAP7_75t_R)
     1    1.77   20.94   17.22 2869.72 ^ _3764_/Y (AOI21x1_ASAP7_75t_R)
                                         _1231_ (net)
                 20.95    0.20 2869.92 ^ _3765_/B (XNOR2x2_ASAP7_75t_R)
     1    0.08    6.12   29.69 2899.61 v _3765_/Y (XNOR2x2_ASAP7_75t_R)
                                         result[121] (net)
                  6.12    0.00 2899.61 v result[121] (out)
                               2899.61   data arrival time

                  0.00 5000.00 5000.00   clock clk (rise edge)
                          0.00 5000.00   clock network delay (ideal)
                          0.00 5000.00   clock reconvergence pessimism
                       -1000.00 4000.00   output external delay
                               4000.00   data required time
-----------------------------------------------------------------------------
                               4000.00   data required time
                               -2899.61   data arrival time
-----------------------------------------------------------------------------
                               1100.39   slack (MET)



==========================================================================
global place report_checks -unconstrained
--------------------------------------------------------------------------
Startpoint: is_reduct (input port clocked by clk)
Endpoint: result[121] (output port clocked by clk)
Path Group: clk
Path Type: max

Fanout     Cap    Slew   Delay    Time   Description
-----------------------------------------------------------------------------
                  0.00    0.00    0.00   clock clk (rise edge)
                          0.00    0.00   clock network delay (ideal)
                       1000.00 1000.00 v input external delay
    40   72.95    0.00    0.00 1000.00 v is_reduct (in)
                                         is_reduct (net)
                674.25  212.70 1212.70 v _1873_/A (NAND2x1_ASAP7_75t_R)
    86  118.14 1162.07  564.43 1777.13 ^ _1873_/Y (NAND2x1_ASAP7_75t_R)
                                         _1309_ (net)
               1352.13  249.12 2026.25 ^ _3105_/A (NOR3x1_ASAP7_75t_R)
     3   19.84  501.21  380.61 2406.86 v _3105_/Y (NOR3x1_ASAP7_75t_R)
                                         _0628_ (net)
                509.27   35.62 2442.48 v _3120_/C (OR5x1_ASAP7_75t_R)
     1    0.53   20.51   86.55 2529.03 v _3120_/Y (OR5x1_ASAP7_75t_R)
                                         _0643_ (net)
                 20.51    0.01 2529.04 v _3127_/B (OA211x2_ASAP7_75t_R)
     4    3.82   20.67   34.77 2563.81 v _3127_/Y (OA211x2_ASAP7_75t_R)
                                         _0650_ (net)
                 20.67    0.13 2563.93 v _3167_/E (AND5x1_ASAP7_75t_R)
     1    0.66   45.92   24.93 2588.86 v _3167_/Y (AND5x1_ASAP7_75t_R)
                                         _0687_ (net)
                 45.92    0.01 2588.87 v _3168_/D (OR4x1_ASAP7_75t_R)
     1    1.25   17.49   39.45 2628.32 v _3168_/Y (OR4x1_ASAP7_75t_R)
                                         _0688_ (net)
                 17.50    0.07 2628.39 v _3169_/B (XNOR2x2_ASAP7_75t_R)
     3    3.54   19.35   30.89 2659.28 ^ _3169_/Y (XNOR2x2_ASAP7_75t_R)
                                         result[73] (net)
                 19.35    0.11 2659.39 ^ _3176_/A2 (AOI21x1_ASAP7_75t_R)
     3    2.55  162.07   12.43 2671.81 v _3176_/Y (AOI21x1_ASAP7_75t_R)
                                         _0694_ (net)
                162.07    0.03 2671.84 v _3177_/B (OA21x2_ASAP7_75t_R)
     1    1.08   30.39   36.32 2708.16 v _3177_/Y (OA21x2_ASAP7_75t_R)
                                         _0695_ (net)
                 30.39    0.01 2708.17 v _3178_/B (XOR2x2_ASAP7_75t_R)
     5    4.66   23.19   41.40 2749.57 ^ _3178_/Y (XOR2x2_ASAP7_75t_R)
                                         result[89] (net)
                 23.20    0.19 2749.76 ^ _3192_/A2 (AO21x1_ASAP7_75t_R)
     2    1.78   31.64   19.63 2769.39 ^ _3192_/Y (AO21x1_ASAP7_75t_R)
                                         _0707_ (net)
                 31.64    0.05 2769.44 ^ _3193_/B (AO31x2_ASAP7_75t_R)
     1    1.11   33.21   23.79 2793.23 ^ _3193_/Y (AO31x2_ASAP7_75t_R)
                                         _0708_ (net)
                 33.21    0.02 2793.25 ^ _3194_/B (XNOR2x2_ASAP7_75t_R)
     2    1.53   12.15   34.77 2828.02 v _3194_/Y (XNOR2x2_ASAP7_75t_R)
                                         result[105] (net)
                 12.15    0.01 2828.04 v _3763_/A2 (AO221x1_ASAP7_75t_R)
     1    1.26   31.68   24.46 2852.49 v _3763_/Y (AO221x1_ASAP7_75t_R)
                                         _1230_ (net)
                 31.68    0.01 2852.50 v _3764_/B (AOI21x1_ASAP7_75t_R)
     1    1.77   20.94   17.22 2869.72 ^ _3764_/Y (AOI21x1_ASAP7_75t_R)
                                         _1231_ (net)
                 20.95    0.20 2869.92 ^ _3765_/B (XNOR2x2_ASAP7_75t_R)
     1    0.08    6.12   29.69 2899.61 v _3765_/Y (XNOR2x2_ASAP7_75t_R)
                                         result[121] (net)
                  6.12    0.00 2899.61 v result[121] (out)
                               2899.61   data arrival time

                  0.00 5000.00 5000.00   clock clk (rise edge)
                          0.00 5000.00   clock network delay (ideal)
                          0.00 5000.00   clock reconvergence pessimism
                       -1000.00 4000.00   output external delay
                               4000.00   data required time
-----------------------------------------------------------------------------
                               4000.00   data required time
                               -2899.61   data arrival time
-----------------------------------------------------------------------------
                               1100.39   slack (MET)



==========================================================================
global place report_power
--------------------------------------------------------------------------
Group                  Internal  Switching    Leakage      Total
                          Power      Power      Power      Power (Watts)
----------------------------------------------------------------
Sequential             0.00e+00   0.00e+00   0.00e+00   0.00e+00   0.0%
Combinational          4.50e-05   7.65e-05   1.79e-07   1.22e-04 100.0%
Clock                  0.00e+00   0.00e+00   0.00e+00   0.00e+00   0.0%
Macro                  0.00e+00   0.00e+00   0.00e+00   0.00e+00   0.0%
Pad                    0.00e+00   0.00e+00   0.00e+00   0.00e+00   0.0%
----------------------------------------------------------------
Total                  4.50e-05   7.65e-05   1.79e-07   1.22e-04 100.0%
                          37.0%      62.9%       0.1%
