
==========================================================================
global route report_tns
--------------------------------------------------------------------------
tns 0.00

==========================================================================
global route report_wns
--------------------------------------------------------------------------
wns 0.00

==========================================================================
global route report_worst_slack
--------------------------------------------------------------------------
worst slack 2500.99

==========================================================================
global route report_clock_skew
--------------------------------------------------------------------------
Clock clk
No launch/capture paths found.


==========================================================================
global route report_checks -path_delay min
--------------------------------------------------------------------------
Startpoint: srca[34] (input port clocked by clk)
Endpoint: srca_alu[66] (output port clocked by clk)
Path Group: clk
Path Type: min

Fanout     Cap    Slew   Delay    Time   Description
-----------------------------------------------------------------------------
                  0.00    0.00    0.00   clock clk (rise edge)
                          0.00    0.00   clock network delay (ideal)
                       1000.00 1000.00 ^ input external delay
     1    0.57    0.00    0.00 1000.00 ^ srca[34] (in)
                                         srca[34] (net)
                  0.11    0.03 1000.03 ^ _635_/A (BUFx2_ASAP7_75t_R)
     1    0.48    4.80    9.77 1009.81 ^ _635_/Y (BUFx2_ASAP7_75t_R)
                                         net247 (net)
                  4.80    0.02 1009.82 ^ output247/A (BUFx2_ASAP7_75t_R)
     1    0.12    3.88   10.65 1020.48 ^ output247/Y (BUFx2_ASAP7_75t_R)
                                         srca_alu[66] (net)
                  3.88    0.01 1020.49 ^ srca_alu[66] (out)
                               1020.49   data arrival time

                  0.00    0.00    0.00   clock clk (rise edge)
                          0.00    0.00   clock network delay (ideal)
                          0.00    0.00   clock reconvergence pessimism
                       -1000.00 -1000.00   output external delay
                               -1000.00   data required time
-----------------------------------------------------------------------------
                               -1000.00   data required time
                               -1020.49   data arrival time
-----------------------------------------------------------------------------
                               2020.49   slack (MET)



==========================================================================
global route report_checks -path_delay max
--------------------------------------------------------------------------
Startpoint: vtype[3] (input port clocked by clk)
Endpoint: srcb_alu[9] (output port clocked by clk)
Path Group: clk
Path Type: max

Fanout     Cap    Slew   Delay    Time   Description
-----------------------------------------------------------------------------
                  0.00    0.00    0.00   clock clk (rise edge)
                          0.00    0.00   clock network delay (ideal)
                       1000.00 1000.00 v input external delay
     1    2.99    0.00    0.00 1000.00 v vtype[3] (in)
                                         vtype[3] (net)
                  0.71    0.22 1000.22 v input57/A (BUFx12f_ASAP7_75t_R)
     1   22.30    7.33   11.18 1011.41 v input57/Y (BUFx12f_ASAP7_75t_R)
                                         net57 (net)
                106.13   33.57 1044.98 v wire479/A (BUFx16f_ASAP7_75t_R)
    16   36.00   11.51   35.01 1079.99 v wire479/Y (BUFx16f_ASAP7_75t_R)
                                         net479 (net)
                216.83   68.42 1148.41 v _252_/B (NOR2x2_ASAP7_75t_R)
     6    8.35   75.24   54.10 1202.51 ^ _252_/Y (NOR2x2_ASAP7_75t_R)
                                         _007_ (net)
                 75.25    0.56 1203.07 ^ _253_/B (NAND2x2_ASAP7_75t_R)
     4    9.97   64.06   32.81 1235.88 v _253_/Y (NAND2x2_ASAP7_75t_R)
                                         net72 (net)
                 64.12    1.11 1236.99 v _254_/A (INVx11_ASAP7_75t_R)
    14   14.88   24.56   17.57 1254.56 ^ _254_/Y (INVx11_ASAP7_75t_R)
                                         net64 (net)
                 25.30    2.29 1256.85 ^ _341_/A (AND3x1_ASAP7_75t_R)
     3    2.52   23.26   30.44 1287.29 ^ _341_/Y (AND3x1_ASAP7_75t_R)
                                         _071_ (net)
                 23.26    0.10 1287.39 ^ _351_/B (AOI211x1_ASAP7_75t_R)
     4    4.78   66.66   21.70 1309.09 v _351_/Y (AOI211x1_ASAP7_75t_R)
                                         _081_ (net)
                 66.67    0.47 1309.56 v _360_/B1 (AOI22x1_ASAP7_75t_R)
     1   22.38  204.44   61.83 1371.39 ^ _360_/Y (AOI22x1_ASAP7_75t_R)
                                         net443 (net)
                237.91   42.94 1414.33 ^ wire468/A (BUFx16f_ASAP7_75t_R)
     1   18.17   14.98   38.16 1452.48 ^ wire468/Y (BUFx16f_ASAP7_75t_R)
                                         net468 (net)
                 76.05   23.52 1476.00 ^ output443/A (BUFx2_ASAP7_75t_R)
     1    0.20    6.60   23.00 1499.00 ^ output443/Y (BUFx2_ASAP7_75t_R)
                                         srcb_alu[9] (net)
                  6.60    0.01 1499.01 ^ srcb_alu[9] (out)
                               1499.01   data arrival time

                  0.00 5000.00 5000.00   clock clk (rise edge)
                          0.00 5000.00   clock network delay (ideal)
                          0.00 5000.00   clock reconvergence pessimism
                       -1000.00 4000.00   output external delay
                               4000.00   data required time
-----------------------------------------------------------------------------
                               4000.00   data required time
                               -1499.01   data arrival time
-----------------------------------------------------------------------------
                               2500.99   slack (MET)



==========================================================================
global route report_checks -unconstrained
--------------------------------------------------------------------------
Startpoint: vtype[3] (input port clocked by clk)
Endpoint: srcb_alu[9] (output port clocked by clk)
Path Group: clk
Path Type: max

Fanout     Cap    Slew   Delay    Time   Description
-----------------------------------------------------------------------------
                  0.00    0.00    0.00   clock clk (rise edge)
                          0.00    0.00   clock network delay (ideal)
                       1000.00 1000.00 v input external delay
     1    2.99    0.00    0.00 1000.00 v vtype[3] (in)
                                         vtype[3] (net)
                  0.71    0.22 1000.22 v input57/A (BUFx12f_ASAP7_75t_R)
     1   22.30    7.33   11.18 1011.41 v input57/Y (BUFx12f_ASAP7_75t_R)
                                         net57 (net)
                106.13   33.57 1044.98 v wire479/A (BUFx16f_ASAP7_75t_R)
    16   36.00   11.51   35.01 1079.99 v wire479/Y (BUFx16f_ASAP7_75t_R)
                                         net479 (net)
                216.83   68.42 1148.41 v _252_/B (NOR2x2_ASAP7_75t_R)
     6    8.35   75.24   54.10 1202.51 ^ _252_/Y (NOR2x2_ASAP7_75t_R)
                                         _007_ (net)
                 75.25    0.56 1203.07 ^ _253_/B (NAND2x2_ASAP7_75t_R)
     4    9.97   64.06   32.81 1235.88 v _253_/Y (NAND2x2_ASAP7_75t_R)
                                         net72 (net)
                 64.12    1.11 1236.99 v _254_/A (INVx11_ASAP7_75t_R)
    14   14.88   24.56   17.57 1254.56 ^ _254_/Y (INVx11_ASAP7_75t_R)
                                         net64 (net)
                 25.30    2.29 1256.85 ^ _341_/A (AND3x1_ASAP7_75t_R)
     3    2.52   23.26   30.44 1287.29 ^ _341_/Y (AND3x1_ASAP7_75t_R)
                                         _071_ (net)
                 23.26    0.10 1287.39 ^ _351_/B (AOI211x1_ASAP7_75t_R)
     4    4.78   66.66   21.70 1309.09 v _351_/Y (AOI211x1_ASAP7_75t_R)
                                         _081_ (net)
                 66.67    0.47 1309.56 v _360_/B1 (AOI22x1_ASAP7_75t_R)
     1   22.38  204.44   61.83 1371.39 ^ _360_/Y (AOI22x1_ASAP7_75t_R)
                                         net443 (net)
                237.91   42.94 1414.33 ^ wire468/A (BUFx16f_ASAP7_75t_R)
     1   18.17   14.98   38.16 1452.48 ^ wire468/Y (BUFx16f_ASAP7_75t_R)
                                         net468 (net)
                 76.05   23.52 1476.00 ^ output443/A (BUFx2_ASAP7_75t_R)
     1    0.20    6.60   23.00 1499.00 ^ output443/Y (BUFx2_ASAP7_75t_R)
                                         srcb_alu[9] (net)
                  6.60    0.01 1499.01 ^ srcb_alu[9] (out)
                               1499.01   data arrival time

                  0.00 5000.00 5000.00   clock clk (rise edge)
                          0.00 5000.00   clock network delay (ideal)
                          0.00 5000.00   clock reconvergence pessimism
                       -1000.00 4000.00   output external delay
                               4000.00   data required time
-----------------------------------------------------------------------------
                               4000.00   data required time
                               -1499.01   data arrival time
-----------------------------------------------------------------------------
                               2500.99   slack (MET)



==========================================================================
global route report_check_types -max_slew -max_cap -max_fanout -violators
--------------------------------------------------------------------------

==========================================================================
global route max_slew_check_slack
--------------------------------------------------------------------------
73.69760131835938

==========================================================================
global route max_slew_check_limit
--------------------------------------------------------------------------
320.0

==========================================================================
global route max_slew_check_slack_limit
--------------------------------------------------------------------------
0.2303

==========================================================================
global route max_fanout_check_slack
--------------------------------------------------------------------------
1.0000000150474662e+30

==========================================================================
global route max_fanout_check_limit
--------------------------------------------------------------------------
1.0000000150474662e+30

==========================================================================
global route max_capacitance_check_slack
--------------------------------------------------------------------------
17.09402847290039

==========================================================================
global route max_capacitance_check_limit
--------------------------------------------------------------------------
23.040000915527344

==========================================================================
global route max_capacitance_check_slack_limit
--------------------------------------------------------------------------
0.7419

==========================================================================
global route max_slew_violation_count
--------------------------------------------------------------------------
max slew violation count 0

==========================================================================
global route max_fanout_violation_count
--------------------------------------------------------------------------
max fanout violation count 0

==========================================================================
global route max_cap_violation_count
--------------------------------------------------------------------------
max cap violation count 0

==========================================================================
global route setup_violation_count
--------------------------------------------------------------------------
setup violation count 0

==========================================================================
global route hold_violation_count
--------------------------------------------------------------------------
hold violation count 0

==========================================================================
global route critical path delay
--------------------------------------------------------------------------
1499.0094

==========================================================================
global route critical path slack
--------------------------------------------------------------------------
2500.9905

==========================================================================
global route slack div critical path delay
--------------------------------------------------------------------------
166.842883

==========================================================================
global route report_power
--------------------------------------------------------------------------
Group                  Internal  Switching    Leakage      Total
                          Power      Power      Power      Power (Watts)
----------------------------------------------------------------
Sequential             0.00e+00   0.00e+00   0.00e+00   0.00e+00   0.0%
Combinational          1.71e-05   1.48e-05   9.31e-08   3.21e-05 100.0%
Clock                  0.00e+00   0.00e+00   0.00e+00   0.00e+00   0.0%
Macro                  0.00e+00   0.00e+00   0.00e+00   0.00e+00   0.0%
Pad                    0.00e+00   0.00e+00   0.00e+00   0.00e+00   0.0%
----------------------------------------------------------------
Total                  1.71e-05   1.48e-05   9.31e-08   3.21e-05 100.0%
                          53.4%      46.3%       0.3%
