
==========================================================================
resizer report_tns
--------------------------------------------------------------------------
tns 0.00

==========================================================================
resizer report_wns
--------------------------------------------------------------------------
wns 0.00

==========================================================================
resizer report_worst_slack
--------------------------------------------------------------------------
worst slack 2322.43

==========================================================================
resizer report_checks -path_delay min
--------------------------------------------------------------------------
Startpoint: rf_wr_data_mem[110] (input port clocked by clk)
Endpoint: srcb_byp[110] (output port clocked by clk)
Path Group: clk
Path Type: min

Fanout     Cap    Slew   Delay    Time   Description
-----------------------------------------------------------------------------
                  0.00    0.00    0.00   clock clk (rise edge)
                          0.00    0.00   clock network delay (ideal)
                       1000.00 1000.00 ^ input external delay
     1    0.49    0.00    0.00 1000.00 ^ rf_wr_data_mem[110] (in)
                                         rf_wr_data_mem[110] (net)
                  0.01    0.00 1000.00 ^ input116/A (BUFx2_ASAP7_75t_R)
     2    1.55    7.83   11.44 1011.45 ^ input116/Y (BUFx2_ASAP7_75t_R)
                                         net116 (net)
                  7.83    0.02 1011.47 ^ _3018_/A1 (OA21x2_ASAP7_75t_R)
     1    0.57    5.38   15.07 1026.54 ^ _3018_/Y (OA21x2_ASAP7_75t_R)
                                         net820 (net)
                  5.38    0.01 1026.56 ^ output820/A (BUFx2_ASAP7_75t_R)
     1    0.02    3.60   10.67 1037.23 ^ output820/Y (BUFx2_ASAP7_75t_R)
                                         srcb_byp[110] (net)
                  3.60    0.00 1037.23 ^ srcb_byp[110] (out)
                               1037.23   data arrival time

                  0.00    0.00    0.00   clock clk (rise edge)
                          0.00    0.00   clock network delay (ideal)
                          0.00    0.00   clock reconvergence pessimism
                       -1000.00 -1000.00   output external delay
                               -1000.00   data required time
-----------------------------------------------------------------------------
                               -1000.00   data required time
                               -1037.23   data arrival time
-----------------------------------------------------------------------------
                               2037.23   slack (MET)



==========================================================================
resizer report_checks -path_delay max
--------------------------------------------------------------------------
Startpoint: rf_wr_addr_mem[0] (input port clocked by clk)
Endpoint: srca_byp[63] (output port clocked by clk)
Path Group: clk
Path Type: max

Fanout     Cap    Slew   Delay    Time   Description
-----------------------------------------------------------------------------
                  0.00    0.00    0.00   clock clk (rise edge)
                          0.00    0.00   clock network delay (ideal)
                       1000.00 1000.00 v input external delay
     1    1.14    0.00    0.00 1000.00 v rf_wr_addr_mem[0] (in)
                                         rf_wr_addr_mem[0] (net)
                  0.02    0.01 1000.01 v input94/A (BUFx4f_ASAP7_75t_R)
     6    9.73   17.57   14.61 1014.62 v input94/Y (BUFx4f_ASAP7_75t_R)
                                         net94 (net)
                 18.91    2.58 1017.20 v _1740_/B (XOR2x2_ASAP7_75t_R)
     2    3.35   16.89   35.96 1053.16 ^ _1740_/Y (XOR2x2_ASAP7_75t_R)
                                         _0093_ (net)
                 16.89    0.04 1053.20 ^ _1742_/B (NOR3x2_ASAP7_75t_R)
     9   29.03   98.83   36.56 1089.76 v _1742_/Y (NOR3x2_ASAP7_75t_R)
                                         _0095_ (net)
                155.21   40.51 1130.27 v wire1089/A (BUFx16f_ASAP7_75t_R)
     6   25.70   13.31   41.26 1171.53 v wire1089/Y (BUFx16f_ASAP7_75t_R)
                                         net1089 (net)
                 76.46   23.08 1194.61 v _1826_/A (AND2x6_ASAP7_75t_R)
     2   15.65   21.49   44.97 1239.58 v _1826_/Y (AND2x6_ASAP7_75t_R)
                                         _0178_ (net)
                 21.76    1.19 1240.78 v wire1058/A (BUFx16f_ASAP7_75t_R)
    52   52.20    7.91   19.76 1260.54 v wire1058/Y (BUFx16f_ASAP7_75t_R)
                                         net1058 (net)
                245.55   77.37 1337.91 v _2471_/A2 (AO221x1_ASAP7_75t_R)
     1    0.71   12.11   41.99 1379.90 v _2471_/Y (AO221x1_ASAP7_75t_R)
                                         _0794_ (net)
                 12.11    0.01 1379.91 v _2472_/B (OA21x2_ASAP7_75t_R)
     2   11.87   37.95   24.20 1404.11 v _2472_/Y (OA21x2_ASAP7_75t_R)
                                         _0795_ (net)
                 47.10    9.56 1413.68 v wire1018/A (BUFx16f_ASAP7_75t_R)
     2   22.10   10.41   26.40 1440.08 v wire1018/Y (BUFx16f_ASAP7_75t_R)
                                         net1018 (net)
                100.92   31.81 1471.89 v _2677_/C (OR4x2_ASAP7_75t_R)
     1   19.61   69.77   76.43 1548.32 v _2677_/Y (OR4x2_ASAP7_75t_R)
                                         _0943_ (net)
                117.04   30.42 1578.74 v _2679_/B (OA211x2_ASAP7_75t_R)
     1   10.22   39.07   68.17 1646.92 v _2679_/Y (OA211x2_ASAP7_75t_R)
                                         net767 (net)
                 46.88    8.94 1655.86 v output767/A (BUFx2_ASAP7_75t_R)
     1    0.02    5.29   21.71 1677.57 v output767/Y (BUFx2_ASAP7_75t_R)
                                         srca_byp[63] (net)
                  5.29    0.00 1677.57 v srca_byp[63] (out)
                               1677.57   data arrival time

                  0.00 5000.00 5000.00   clock clk (rise edge)
                          0.00 5000.00   clock network delay (ideal)
                          0.00 5000.00   clock reconvergence pessimism
                       -1000.00 4000.00   output external delay
                               4000.00   data required time
-----------------------------------------------------------------------------
                               4000.00   data required time
                               -1677.57   data arrival time
-----------------------------------------------------------------------------
                               2322.43   slack (MET)



==========================================================================
resizer report_checks -unconstrained
--------------------------------------------------------------------------
Startpoint: rf_wr_addr_mem[0] (input port clocked by clk)
Endpoint: srca_byp[63] (output port clocked by clk)
Path Group: clk
Path Type: max

Fanout     Cap    Slew   Delay    Time   Description
-----------------------------------------------------------------------------
                  0.00    0.00    0.00   clock clk (rise edge)
                          0.00    0.00   clock network delay (ideal)
                       1000.00 1000.00 v input external delay
     1    1.14    0.00    0.00 1000.00 v rf_wr_addr_mem[0] (in)
                                         rf_wr_addr_mem[0] (net)
                  0.02    0.01 1000.01 v input94/A (BUFx4f_ASAP7_75t_R)
     6    9.73   17.57   14.61 1014.62 v input94/Y (BUFx4f_ASAP7_75t_R)
                                         net94 (net)
                 18.91    2.58 1017.20 v _1740_/B (XOR2x2_ASAP7_75t_R)
     2    3.35   16.89   35.96 1053.16 ^ _1740_/Y (XOR2x2_ASAP7_75t_R)
                                         _0093_ (net)
                 16.89    0.04 1053.20 ^ _1742_/B (NOR3x2_ASAP7_75t_R)
     9   29.03   98.83   36.56 1089.76 v _1742_/Y (NOR3x2_ASAP7_75t_R)
                                         _0095_ (net)
                155.21   40.51 1130.27 v wire1089/A (BUFx16f_ASAP7_75t_R)
     6   25.70   13.31   41.26 1171.53 v wire1089/Y (BUFx16f_ASAP7_75t_R)
                                         net1089 (net)
                 76.46   23.08 1194.61 v _1826_/A (AND2x6_ASAP7_75t_R)
     2   15.65   21.49   44.97 1239.58 v _1826_/Y (AND2x6_ASAP7_75t_R)
                                         _0178_ (net)
                 21.76    1.19 1240.78 v wire1058/A (BUFx16f_ASAP7_75t_R)
    52   52.20    7.91   19.76 1260.54 v wire1058/Y (BUFx16f_ASAP7_75t_R)
                                         net1058 (net)
                245.55   77.37 1337.91 v _2471_/A2 (AO221x1_ASAP7_75t_R)
     1    0.71   12.11   41.99 1379.90 v _2471_/Y (AO221x1_ASAP7_75t_R)
                                         _0794_ (net)
                 12.11    0.01 1379.91 v _2472_/B (OA21x2_ASAP7_75t_R)
     2   11.87   37.95   24.20 1404.11 v _2472_/Y (OA21x2_ASAP7_75t_R)
                                         _0795_ (net)
                 47.10    9.56 1413.68 v wire1018/A (BUFx16f_ASAP7_75t_R)
     2   22.10   10.41   26.40 1440.08 v wire1018/Y (BUFx16f_ASAP7_75t_R)
                                         net1018 (net)
                100.92   31.81 1471.89 v _2677_/C (OR4x2_ASAP7_75t_R)
     1   19.61   69.77   76.43 1548.32 v _2677_/Y (OR4x2_ASAP7_75t_R)
                                         _0943_ (net)
                117.04   30.42 1578.74 v _2679_/B (OA211x2_ASAP7_75t_R)
     1   10.22   39.07   68.17 1646.92 v _2679_/Y (OA211x2_ASAP7_75t_R)
                                         net767 (net)
                 46.88    8.94 1655.86 v output767/A (BUFx2_ASAP7_75t_R)
     1    0.02    5.29   21.71 1677.57 v output767/Y (BUFx2_ASAP7_75t_R)
                                         srca_byp[63] (net)
                  5.29    0.00 1677.57 v srca_byp[63] (out)
                               1677.57   data arrival time

                  0.00 5000.00 5000.00   clock clk (rise edge)
                          0.00 5000.00   clock network delay (ideal)
                          0.00 5000.00   clock reconvergence pessimism
                       -1000.00 4000.00   output external delay
                               4000.00   data required time
-----------------------------------------------------------------------------
                               4000.00   data required time
                               -1677.57   data arrival time
-----------------------------------------------------------------------------
                               2322.43   slack (MET)



==========================================================================
resizer report_check_types -max_slew -max_cap -max_fanout -violators
--------------------------------------------------------------------------

==========================================================================
resizer max_slew_check_slack
--------------------------------------------------------------------------
32.821189880371094

==========================================================================
resizer max_slew_check_limit
--------------------------------------------------------------------------
320.0

==========================================================================
resizer max_slew_check_slack_limit
--------------------------------------------------------------------------
0.1026

==========================================================================
resizer max_fanout_check_slack
--------------------------------------------------------------------------
1.0000000150474662e+30

==========================================================================
resizer max_fanout_check_limit
--------------------------------------------------------------------------
1.0000000150474662e+30

==========================================================================
resizer max_capacitance_check_slack
--------------------------------------------------------------------------
1.8421306610107422

==========================================================================
resizer max_capacitance_check_limit
--------------------------------------------------------------------------
23.040000915527344

==========================================================================
resizer max_capacitance_check_slack_limit
--------------------------------------------------------------------------
0.0800

==========================================================================
resizer max_slew_violation_count
--------------------------------------------------------------------------
max slew violation count 0

==========================================================================
resizer max_fanout_violation_count
--------------------------------------------------------------------------
max fanout violation count 0

==========================================================================
resizer max_cap_violation_count
--------------------------------------------------------------------------
max cap violation count 0

==========================================================================
resizer setup_violation_count
--------------------------------------------------------------------------
setup violation count 0

==========================================================================
resizer hold_violation_count
--------------------------------------------------------------------------
hold violation count 0

==========================================================================
resizer critical path delay
--------------------------------------------------------------------------
1677.5652

==========================================================================
resizer critical path slack
--------------------------------------------------------------------------
2322.4348

==========================================================================
resizer slack div critical path delay
--------------------------------------------------------------------------
138.440807

==========================================================================
resizer report_power
--------------------------------------------------------------------------
Group                  Internal  Switching    Leakage      Total
                          Power      Power      Power      Power (Watts)
----------------------------------------------------------------
Sequential             0.00e+00   0.00e+00   0.00e+00   0.00e+00   0.0%
Combinational          7.92e-05   1.04e-04   2.79e-07   1.83e-04 100.0%
Clock                  0.00e+00   0.00e+00   0.00e+00   0.00e+00   0.0%
Macro                  0.00e+00   0.00e+00   0.00e+00   0.00e+00   0.0%
Pad                    0.00e+00   0.00e+00   0.00e+00   0.00e+00   0.0%
----------------------------------------------------------------
Total                  7.92e-05   1.04e-04   2.79e-07   1.83e-04 100.0%
                          43.3%      56.6%       0.2%
