
==========================================================================
floorplan final report_tns
--------------------------------------------------------------------------
tns 0.00

==========================================================================
floorplan final report_wns
--------------------------------------------------------------------------
wns 0.00

==========================================================================
floorplan final report_worst_slack
--------------------------------------------------------------------------
worst slack 2894.99

==========================================================================
floorplan final report_checks -path_delay min
--------------------------------------------------------------------------
Startpoint: src[0] (input port clocked by clk)
Endpoint: src_o[0] (output port clocked by clk)
Path Group: clk
Path Type: min

Fanout     Cap    Slew   Delay    Time   Description
-----------------------------------------------------------------------------
                  0.00    0.00    0.00   clock clk (rise edge)
                          0.00    0.00   clock network delay (ideal)
                       1000.00 1000.00 ^ input external delay
     1    0.45    0.00    0.00 1000.00 ^ src[0] (in)
                                         src[0] (net)
                  0.00    0.00 1000.00 ^ _576_/A (BUFx2_ASAP7_75t_R)
     1    0.00    3.52    8.97 1008.97 ^ _576_/Y (BUFx2_ASAP7_75t_R)
                                         src_o[0] (net)
                  3.52    0.00 1008.97 ^ src_o[0] (out)
                               1008.97   data arrival time

                  0.00    0.00    0.00   clock clk (rise edge)
                          0.00    0.00   clock network delay (ideal)
                          0.00    0.00   clock reconvergence pessimism
                       -1000.00 -1000.00   output external delay
                               -1000.00   data required time
-----------------------------------------------------------------------------
                               -1000.00   data required time
                               -1008.97   data arrival time
-----------------------------------------------------------------------------
                               2008.97   slack (MET)



==========================================================================
floorplan final report_checks -path_delay max
--------------------------------------------------------------------------
Startpoint: is_reduct_n (input port clocked by clk)
Endpoint: src_o[101] (output port clocked by clk)
Path Group: clk
Path Type: max

Fanout     Cap    Slew   Delay    Time   Description
-----------------------------------------------------------------------------
                  0.00    0.00    0.00   clock clk (rise edge)
                          0.00    0.00   clock network delay (ideal)
                       1000.00 1000.00 ^ input external delay
     4    2.16    0.00    0.00 1000.00 ^ is_reduct_n (in)
                                         is_reduct_n (net)
                  0.00    0.00 1000.00 ^ _238_/A (OR2x2_ASAP7_75t_R)
    64   38.17  133.79   71.10 1071.10 ^ _238_/Y (OR2x2_ASAP7_75t_R)
                                         _010_ (net)
                133.79    0.00 1071.10 ^ _248_/A2 (AO22x2_ASAP7_75t_R)
     1    0.00    8.19   33.91 1105.01 ^ _248_/Y (AO22x2_ASAP7_75t_R)
                                         src_o[101] (net)
                  8.19    0.00 1105.01 ^ src_o[101] (out)
                               1105.01   data arrival time

                  0.00 5000.00 5000.00   clock clk (rise edge)
                          0.00 5000.00   clock network delay (ideal)
                          0.00 5000.00   clock reconvergence pessimism
                       -1000.00 4000.00   output external delay
                               4000.00   data required time
-----------------------------------------------------------------------------
                               4000.00   data required time
                               -1105.01   data arrival time
-----------------------------------------------------------------------------
                               2894.99   slack (MET)



==========================================================================
floorplan final report_checks -unconstrained
--------------------------------------------------------------------------
Startpoint: is_reduct_n (input port clocked by clk)
Endpoint: src_o[101] (output port clocked by clk)
Path Group: clk
Path Type: max

Fanout     Cap    Slew   Delay    Time   Description
-----------------------------------------------------------------------------
                  0.00    0.00    0.00   clock clk (rise edge)
                          0.00    0.00   clock network delay (ideal)
                       1000.00 1000.00 ^ input external delay
     4    2.16    0.00    0.00 1000.00 ^ is_reduct_n (in)
                                         is_reduct_n (net)
                  0.00    0.00 1000.00 ^ _238_/A (OR2x2_ASAP7_75t_R)
    64   38.17  133.79   71.10 1071.10 ^ _238_/Y (OR2x2_ASAP7_75t_R)
                                         _010_ (net)
                133.79    0.00 1071.10 ^ _248_/A2 (AO22x2_ASAP7_75t_R)
     1    0.00    8.19   33.91 1105.01 ^ _248_/Y (AO22x2_ASAP7_75t_R)
                                         src_o[101] (net)
                  8.19    0.00 1105.01 ^ src_o[101] (out)
                               1105.01   data arrival time

                  0.00 5000.00 5000.00   clock clk (rise edge)
                          0.00 5000.00   clock network delay (ideal)
                          0.00 5000.00   clock reconvergence pessimism
                       -1000.00 4000.00   output external delay
                               4000.00   data required time
-----------------------------------------------------------------------------
                               4000.00   data required time
                               -1105.01   data arrival time
-----------------------------------------------------------------------------
                               2894.99   slack (MET)



==========================================================================
floorplan final report_power
--------------------------------------------------------------------------
Group                  Internal  Switching    Leakage      Total
                          Power      Power      Power      Power (Watts)
----------------------------------------------------------------
Sequential             0.00e+00   0.00e+00   0.00e+00   0.00e+00   0.0%
Combinational          6.50e-06   1.31e-06   1.58e-08   7.83e-06 100.0%
Clock                  0.00e+00   0.00e+00   0.00e+00   0.00e+00   0.0%
Macro                  0.00e+00   0.00e+00   0.00e+00   0.00e+00   0.0%
Pad                    0.00e+00   0.00e+00   0.00e+00   0.00e+00   0.0%
----------------------------------------------------------------
Total                  6.50e-06   1.31e-06   1.58e-08   7.83e-06 100.0%
                          83.0%      16.8%       0.2%
