
==========================================================================
global route report_tns
--------------------------------------------------------------------------
tns 0.00

==========================================================================
global route report_wns
--------------------------------------------------------------------------
wns 0.00

==========================================================================
global route report_worst_slack
--------------------------------------------------------------------------
worst slack 2677.72

==========================================================================
global route report_clock_skew
--------------------------------------------------------------------------
Clock clk
No launch/capture paths found.


==========================================================================
global route report_checks -path_delay min
--------------------------------------------------------------------------
Startpoint: src[6] (input port clocked by clk)
Endpoint: src_o[6] (output port clocked by clk)
Path Group: clk
Path Type: min

Fanout     Cap    Slew   Delay    Time   Description
-----------------------------------------------------------------------------
                  0.00    0.00    0.00   clock clk (rise edge)
                          0.00    0.00   clock network delay (ideal)
                       1000.00 1000.00 ^ input external delay
     1    0.60    0.00    0.00 1000.00 ^ src[6] (in)
                                         src[6] (net)
                  0.11    0.03 1000.03 ^ _582_/A (BUFx2_ASAP7_75t_R)
     1    0.60    5.11    9.96 1009.99 ^ _582_/Y (BUFx2_ASAP7_75t_R)
                                         net345 (net)
                  5.11    0.03 1010.03 ^ output345/A (BUFx2_ASAP7_75t_R)
     1    0.17    4.03   10.83 1020.86 ^ output345/Y (BUFx2_ASAP7_75t_R)
                                         src_o[6] (net)
                  4.03    0.01 1020.87 ^ src_o[6] (out)
                               1020.87   data arrival time

                  0.00    0.00    0.00   clock clk (rise edge)
                          0.00    0.00   clock network delay (ideal)
                          0.00    0.00   clock reconvergence pessimism
                       -1000.00 -1000.00   output external delay
                               -1000.00   data required time
-----------------------------------------------------------------------------
                               -1000.00   data required time
                               -1020.87   data arrival time
-----------------------------------------------------------------------------
                               2020.87   slack (MET)



==========================================================================
global route report_checks -path_delay max
--------------------------------------------------------------------------
Startpoint: is_reduct (input port clocked by clk)
Endpoint: src_o[17] (output port clocked by clk)
Path Group: clk
Path Type: max

Fanout     Cap    Slew   Delay    Time   Description
-----------------------------------------------------------------------------
                  0.00    0.00    0.00   clock clk (rise edge)
                          0.00    0.00   clock network delay (ideal)
                       1000.00 1000.00 v input external delay
     1    1.27    0.00    0.00 1000.00 v is_reduct (in)
                                         is_reduct (net)
                  0.21    0.07 1000.07 v input5/A (BUFx4f_ASAP7_75t_R)
     1    9.98   17.58   13.45 1013.52 v input5/Y (BUFx4f_ASAP7_75t_R)
                                         net5 (net)
                 29.44    7.72 1021.24 v wire435/A (BUFx16f_ASAP7_75t_R)
    42   46.47    7.98   21.47 1042.72 v wire435/Y (BUFx16f_ASAP7_75t_R)
                                         net435 (net)
                201.51   63.64 1106.36 v load_slew434/A (BUFx16f_ASAP7_75t_R)
    65   63.29   18.67   47.89 1154.25 v load_slew434/Y (BUFx16f_ASAP7_75t_R)
                                         net434 (net)
                 41.16    9.48 1163.73 v _352_/A (AND2x6_ASAP7_75t_R)
    16   13.47   22.19   36.75 1200.48 v _352_/Y (AND2x6_ASAP7_75t_R)
                                         _090_ (net)
                 22.26    0.73 1201.21 v _359_/A2 (AO222x2_ASAP7_75t_R)
     1   21.58   69.86   51.36 1252.57 v _359_/Y (AO222x2_ASAP7_75t_R)
                                         net287 (net)
                130.37   36.74 1289.31 v output287/A (BUFx2_ASAP7_75t_R)
     1    0.19    8.24   32.96 1322.27 v output287/Y (BUFx2_ASAP7_75t_R)
                                         src_o[17] (net)
                  8.24    0.01 1322.28 v src_o[17] (out)
                               1322.28   data arrival time

                  0.00 5000.00 5000.00   clock clk (rise edge)
                          0.00 5000.00   clock network delay (ideal)
                          0.00 5000.00   clock reconvergence pessimism
                       -1000.00 4000.00   output external delay
                               4000.00   data required time
-----------------------------------------------------------------------------
                               4000.00   data required time
                               -1322.28   data arrival time
-----------------------------------------------------------------------------
                               2677.72   slack (MET)



==========================================================================
global route report_checks -unconstrained
--------------------------------------------------------------------------
Startpoint: is_reduct (input port clocked by clk)
Endpoint: src_o[17] (output port clocked by clk)
Path Group: clk
Path Type: max

Fanout     Cap    Slew   Delay    Time   Description
-----------------------------------------------------------------------------
                  0.00    0.00    0.00   clock clk (rise edge)
                          0.00    0.00   clock network delay (ideal)
                       1000.00 1000.00 v input external delay
     1    1.27    0.00    0.00 1000.00 v is_reduct (in)
                                         is_reduct (net)
                  0.21    0.07 1000.07 v input5/A (BUFx4f_ASAP7_75t_R)
     1    9.98   17.58   13.45 1013.52 v input5/Y (BUFx4f_ASAP7_75t_R)
                                         net5 (net)
                 29.44    7.72 1021.24 v wire435/A (BUFx16f_ASAP7_75t_R)
    42   46.47    7.98   21.47 1042.72 v wire435/Y (BUFx16f_ASAP7_75t_R)
                                         net435 (net)
                201.51   63.64 1106.36 v load_slew434/A (BUFx16f_ASAP7_75t_R)
    65   63.29   18.67   47.89 1154.25 v load_slew434/Y (BUFx16f_ASAP7_75t_R)
                                         net434 (net)
                 41.16    9.48 1163.73 v _352_/A (AND2x6_ASAP7_75t_R)
    16   13.47   22.19   36.75 1200.48 v _352_/Y (AND2x6_ASAP7_75t_R)
                                         _090_ (net)
                 22.26    0.73 1201.21 v _359_/A2 (AO222x2_ASAP7_75t_R)
     1   21.58   69.86   51.36 1252.57 v _359_/Y (AO222x2_ASAP7_75t_R)
                                         net287 (net)
                130.37   36.74 1289.31 v output287/A (BUFx2_ASAP7_75t_R)
     1    0.19    8.24   32.96 1322.27 v output287/Y (BUFx2_ASAP7_75t_R)
                                         src_o[17] (net)
                  8.24    0.01 1322.28 v src_o[17] (out)
                               1322.28   data arrival time

                  0.00 5000.00 5000.00   clock clk (rise edge)
                          0.00 5000.00   clock network delay (ideal)
                          0.00 5000.00   clock reconvergence pessimism
                       -1000.00 4000.00   output external delay
                               4000.00   data required time
-----------------------------------------------------------------------------
                               4000.00   data required time
                               -1322.28   data arrival time
-----------------------------------------------------------------------------
                               2677.72   slack (MET)



==========================================================================
global route report_check_types -max_slew -max_cap -max_fanout -violators
--------------------------------------------------------------------------

==========================================================================
global route max_slew_check_slack
--------------------------------------------------------------------------
84.51317596435547

==========================================================================
global route max_slew_check_limit
--------------------------------------------------------------------------
320.0

==========================================================================
global route max_slew_check_slack_limit
--------------------------------------------------------------------------
0.2641

==========================================================================
global route max_fanout_check_slack
--------------------------------------------------------------------------
1.0000000150474662e+30

==========================================================================
global route max_fanout_check_limit
--------------------------------------------------------------------------
1.0000000150474662e+30

==========================================================================
global route max_capacitance_check_slack
--------------------------------------------------------------------------
42.892120361328125

==========================================================================
global route max_capacitance_check_limit
--------------------------------------------------------------------------
46.08000183105469

==========================================================================
global route max_capacitance_check_slack_limit
--------------------------------------------------------------------------
0.9308

==========================================================================
global route max_slew_violation_count
--------------------------------------------------------------------------
max slew violation count 0

==========================================================================
global route max_fanout_violation_count
--------------------------------------------------------------------------
max fanout violation count 0

==========================================================================
global route max_cap_violation_count
--------------------------------------------------------------------------
max cap violation count 0

==========================================================================
global route setup_violation_count
--------------------------------------------------------------------------
setup violation count 0

==========================================================================
global route hold_violation_count
--------------------------------------------------------------------------
hold violation count 0

==========================================================================
global route critical path delay
--------------------------------------------------------------------------
1322.2839

==========================================================================
global route critical path slack
--------------------------------------------------------------------------
2677.7158

==========================================================================
global route slack div critical path delay
--------------------------------------------------------------------------
202.506875

==========================================================================
global route report_power
--------------------------------------------------------------------------
Group                  Internal  Switching    Leakage      Total
                          Power      Power      Power      Power (Watts)
----------------------------------------------------------------
Sequential             0.00e+00   0.00e+00   0.00e+00   0.00e+00   0.0%
Combinational          3.14e-05   5.76e-05   8.95e-08   8.90e-05 100.0%
Clock                  0.00e+00   0.00e+00   0.00e+00   0.00e+00   0.0%
Macro                  0.00e+00   0.00e+00   0.00e+00   0.00e+00   0.0%
Pad                    0.00e+00   0.00e+00   0.00e+00   0.00e+00   0.0%
----------------------------------------------------------------
Total                  3.14e-05   5.76e-05   8.95e-08   8.90e-05 100.0%
                          35.2%      64.7%       0.1%
