
==========================================================================
resizer report_tns
--------------------------------------------------------------------------
tns 0.00

==========================================================================
resizer report_wns
--------------------------------------------------------------------------
wns 0.00

==========================================================================
resizer report_worst_slack
--------------------------------------------------------------------------
worst slack 17.14

==========================================================================
resizer report_checks -path_delay min
--------------------------------------------------------------------------
Startpoint: osize_vector[0] (input port clocked by clk)
Endpoint: result[127] (output port clocked by clk)
Path Group: clk
Path Type: min

Fanout     Cap    Slew   Delay    Time   Description
-----------------------------------------------------------------------------
                  0.00    0.00    0.00   clock clk (rise edge)
                          0.00    0.00   clock network delay (ideal)
                         20.00   20.00 v input external delay
     1    0.01    0.00    0.00   20.00 v osize_vector[0] (in)
                                         osize_vector[0] (net)
                  0.00    0.00   20.00 v input4/A (sky130_fd_sc_hd__buf_16)
    38    0.34    0.14    0.16   20.16 v input4/X (sky130_fd_sc_hd__buf_16)
                                         net4 (net)
                  0.29    0.12   20.28 v _305633_/A (sky130_fd_sc_hd__nand2_1)
     1    0.01    0.11    0.20   20.48 ^ _305633_/Y (sky130_fd_sc_hd__nand2_1)
                                         _058512_ (net)
                  0.11    0.00   20.48 ^ _305659_/A1 (sky130_fd_sc_hd__a32oi_4)
     1    0.04    0.10    0.18   20.66 v _305659_/Y (sky130_fd_sc_hd__a32oi_4)
                                         net310 (net)
                  0.10    0.00   20.67 v output310/A (sky130_fd_sc_hd__clkbuf_1)
     1    0.00    0.01    0.10   20.76 v output310/X (sky130_fd_sc_hd__clkbuf_1)
                                         result[127] (net)
                  0.01    0.00   20.76 v result[127] (out)
                                 20.76   data arrival time

                  0.00    0.00    0.00   clock clk (rise edge)
                          0.00    0.00   clock network delay (ideal)
                          0.00    0.00   clock reconvergence pessimism
                        -20.00  -20.00   output external delay
                                -20.00   data required time
-----------------------------------------------------------------------------
                                -20.00   data required time
                                -20.76   data arrival time
-----------------------------------------------------------------------------
                                 40.76   slack (MET)



==========================================================================
resizer report_checks -path_delay max
--------------------------------------------------------------------------
Startpoint: osize_vector[0] (input port clocked by clk)
Endpoint: result[125] (output port clocked by clk)
Path Group: clk
Path Type: max

Fanout     Cap    Slew   Delay    Time   Description
-----------------------------------------------------------------------------
                  0.00    0.00    0.00   clock clk (rise edge)
                          0.00    0.00   clock network delay (ideal)
                         20.00   20.00 v input external delay
     1    0.01    0.00    0.00   20.00 v osize_vector[0] (in)
                                         osize_vector[0] (net)
                  0.00    0.00   20.00 v input4/A (sky130_fd_sc_hd__buf_16)
    38    0.34    0.14    0.16   20.16 v input4/X (sky130_fd_sc_hd__buf_16)
                                         net4 (net)
                  0.30    0.13   20.29 v wire3992/A (sky130_fd_sc_hd__buf_16)
    37    0.43    0.22    0.34   20.63 v wire3992/X (sky130_fd_sc_hd__buf_16)
                                         net3992 (net)
                  0.29    0.10   20.73 v wire3991/A (sky130_fd_sc_hd__buf_16)
    95    0.49    0.24    0.34   21.07 v wire3991/X (sky130_fd_sc_hd__buf_16)
                                         net3991 (net)
                  0.29    0.09   21.15 v load_slew3990/A (sky130_fd_sc_hd__buf_16)
    34    0.34    0.15    0.30   21.45 v load_slew3990/X (sky130_fd_sc_hd__buf_16)
                                         net3990 (net)
                  0.20    0.06   21.51 v load_slew3989/A (sky130_fd_sc_hd__buf_16)
    40    0.34    0.16    0.26   21.77 v load_slew3989/X (sky130_fd_sc_hd__buf_16)
                                         net3989 (net)
                  0.26    0.10   21.87 v _153329_/A2 (sky130_fd_sc_hd__a222oi_1)
     3    0.03    0.98    0.94   22.81 ^ _153329_/Y (sky130_fd_sc_hd__a222oi_1)
                                         _090588_ (net)
                  0.98    0.00   22.81 ^ load_slew3958/A (sky130_fd_sc_hd__clkbuf_2)
     4    0.03    0.15    0.33   23.14 ^ load_slew3958/X (sky130_fd_sc_hd__clkbuf_2)
                                         net3958 (net)
                  0.15    0.00   23.14 ^ wire3957/A (sky130_fd_sc_hd__buf_2)
     4    0.03    0.17    0.23   23.38 ^ wire3957/X (sky130_fd_sc_hd__buf_2)
                                         net3957 (net)
                  0.17    0.00   23.38 ^ wire3956/A (sky130_fd_sc_hd__buf_2)
     5    0.04    0.18    0.24   23.62 ^ wire3956/X (sky130_fd_sc_hd__buf_2)
                                         net3956 (net)
                  0.18    0.00   23.62 ^ _155276_/B (sky130_fd_sc_hd__and3_4)
     8    0.07    0.23    0.36   23.98 ^ _155276_/X (sky130_fd_sc_hd__and3_4)
                                         _068913_ (net)
                  0.23    0.00   23.98 ^ _157642_/A1 (sky130_fd_sc_hd__o2111ai_4)
     5    0.07    0.35    0.34   24.33 v _157642_/Y (sky130_fd_sc_hd__o2111ai_4)
                                         _095006_ (net)
                  0.35    0.00   24.33 v _160328_/A2 (sky130_fd_sc_hd__a22oi_4)
     2    0.02    0.20    0.34   24.67 ^ _160328_/Y (sky130_fd_sc_hd__a22oi_4)
                                         _124821_ (net)
                  0.20    0.00   24.67 ^ _160573_/A4 (sky130_fd_sc_hd__a41o_4)
    44    0.38    1.01    0.94   25.61 ^ _160573_/X (sky130_fd_sc_hd__a41o_4)
                                         _127540_ (net)
                  1.01    0.04   25.65 ^ _164428_/A1 (sky130_fd_sc_hd__o21ai_4)
    16    0.15    0.41    0.46   26.12 v _164428_/Y (sky130_fd_sc_hd__o21ai_4)
                                         _017028_ (net)
                  0.42    0.02   26.14 v load_slew2829/A (sky130_fd_sc_hd__buf_16)
    10    0.10    0.07    0.31   26.45 v load_slew2829/X (sky130_fd_sc_hd__buf_16)
                                         net2829 (net)
                  0.08    0.01   26.46 v _194261_/A1 (sky130_fd_sc_hd__o21a_4)
    60    0.41    0.50    0.60   27.05 v _194261_/X (sky130_fd_sc_hd__o21a_4)
                                         _088221_ (net)
                  0.50    0.02   27.08 v _194902_/A (sky130_fd_sc_hd__nor4_4)
     7    0.07    0.97    1.00   28.08 ^ _194902_/Y (sky130_fd_sc_hd__nor4_4)
                                         _088933_ (net)
                  0.97    0.00   28.08 ^ load_slew1813/A (sky130_fd_sc_hd__buf_6)
     9    0.07    0.16    0.29   28.37 ^ load_slew1813/X (sky130_fd_sc_hd__buf_6)
                                         net1813 (net)
                  0.16    0.00   28.38 ^ _204789_/A2 (sky130_fd_sc_hd__o31a_4)
    52    0.51    1.39    1.10   29.47 ^ _204789_/X (sky130_fd_sc_hd__o31a_4)
                                         _099907_ (net)
                  1.39    0.02   29.50 ^ _205053_/B (sky130_fd_sc_hd__nand4_4)
    21    0.15    0.74    0.84   30.33 v _205053_/Y (sky130_fd_sc_hd__nand4_4)
                                         _100200_ (net)
                  0.74    0.00   30.34 v _205102_/A1 (sky130_fd_sc_hd__a211oi_4)
    12    0.10    1.04    1.10   31.44 ^ _205102_/Y (sky130_fd_sc_hd__a211oi_4)
                                         _100255_ (net)
                  1.04    0.00   31.44 ^ load_slew904/A (sky130_fd_sc_hd__buf_8)
     6    0.09    0.16    0.28   31.72 ^ load_slew904/X (sky130_fd_sc_hd__buf_8)
                                         net904 (net)
                  0.17    0.02   31.74 ^ wire902/A (sky130_fd_sc_hd__buf_8)
    13    0.10    0.17    0.22   31.95 ^ wire902/X (sky130_fd_sc_hd__buf_8)
                                         net902 (net)
                  0.17    0.02   31.97 ^ wire901/A (sky130_fd_sc_hd__buf_8)
    13    0.11    0.19    0.23   32.20 ^ wire901/X (sky130_fd_sc_hd__buf_8)
                                         net901 (net)
                  0.19    0.01   32.20 ^ max_cap900/A (sky130_fd_sc_hd__buf_16)
    11    0.09    0.11    0.19   32.39 ^ max_cap900/X (sky130_fd_sc_hd__buf_16)
                                         net900 (net)
                  0.11    0.00   32.40 ^ _205149_/A (sky130_fd_sc_hd__nor2_8)
     6    0.11    0.10    0.10   32.50 v _205149_/Y (sky130_fd_sc_hd__nor2_8)
                                         _100307_ (net)
                  0.10    0.00   32.50 v load_slew700/A (sky130_fd_sc_hd__buf_12)
     9    0.19    0.10    0.18   32.69 v load_slew700/X (sky130_fd_sc_hd__buf_12)
                                         net700 (net)
                  0.17    0.07   32.76 v _205150_/B1 (sky130_fd_sc_hd__a211oi_4)
     9    0.04    0.46    0.48   33.24 ^ _205150_/Y (sky130_fd_sc_hd__a211oi_4)
                                         _100308_ (net)
                  0.46    0.00   33.24 ^ _206014_/C (sky130_fd_sc_hd__nand3b_1)
     2    0.01    0.12    0.16   33.40 v _206014_/Y (sky130_fd_sc_hd__nand3b_1)
                                         _101268_ (net)
                  0.12    0.00   33.40 v _206015_/A2 (sky130_fd_sc_hd__a31oi_1)
     1    0.00    0.15    0.20   33.59 ^ _206015_/Y (sky130_fd_sc_hd__a31oi_1)
                                         _101269_ (net)
                  0.15    0.00   33.59 ^ _206016_/B2 (sky130_fd_sc_hd__o2bb2ai_1)
     1    0.01    0.06    0.10   33.69 v _206016_/Y (sky130_fd_sc_hd__o2bb2ai_1)
                                         _101270_ (net)
                  0.06    0.00   33.69 v _206020_/A2 (sky130_fd_sc_hd__a211oi_2)
     2    0.02    0.34    0.35   34.04 ^ _206020_/Y (sky130_fd_sc_hd__a211oi_2)
                                         _101274_ (net)
                  0.34    0.00   34.04 ^ _206025_/A (sky130_fd_sc_hd__xnor2_1)
     3    0.01    0.31    0.24   34.28 ^ _206025_/Y (sky130_fd_sc_hd__xnor2_1)
                                         _101280_ (net)
                  0.31    0.00   34.28 ^ _206026_/C (sky130_fd_sc_hd__xnor3_4)
     6    0.03    0.14    0.47   34.74 v _206026_/X (sky130_fd_sc_hd__xnor3_4)
                                         _101281_ (net)
                  0.14    0.00   34.74 v _206077_/B (sky130_fd_sc_hd__or3b_1)
     2    0.01    0.11    0.44   35.18 v _206077_/X (sky130_fd_sc_hd__or3b_1)
                                         _101337_ (net)
                  0.11    0.00   35.18 v _206078_/A3 (sky130_fd_sc_hd__a311oi_4)
     4    0.03    0.40    0.46   35.64 ^ _206078_/Y (sky130_fd_sc_hd__a311oi_4)
                                         _101338_ (net)
                  0.40    0.00   35.64 ^ _206091_/A (sky130_fd_sc_hd__xnor2_2)
     4    0.01    0.11    0.16   35.80 v _206091_/Y (sky130_fd_sc_hd__xnor2_2)
                                         _101352_ (net)
                  0.11    0.00   35.80 v _206840_/A2 (sky130_fd_sc_hd__a211o_1)
     3    0.01    0.09    0.36   36.16 v _206840_/X (sky130_fd_sc_hd__a211o_1)
                                         _102184_ (net)
                  0.09    0.00   36.16 v _206842_/B (sky130_fd_sc_hd__nand3_1)
     1    0.01    0.10    0.13   36.28 ^ _206842_/Y (sky130_fd_sc_hd__nand3_1)
                                         _102186_ (net)
                  0.10    0.00   36.28 ^ _206862_/B (sky130_fd_sc_hd__xnor3_1)
     2    0.01    0.09    0.33   36.61 v _206862_/X (sky130_fd_sc_hd__xnor3_1)
                                         _102208_ (net)
                  0.09    0.00   36.61 v _206863_/B1 (sky130_fd_sc_hd__o21a_1)
     2    0.01    0.05    0.14   36.75 v _206863_/X (sky130_fd_sc_hd__o21a_1)
                                         _102209_ (net)
                  0.05    0.00   36.75 v _207188_/A (sky130_fd_sc_hd__or4_2)
     2    0.01    0.14    0.73   37.48 v _207188_/X (sky130_fd_sc_hd__or4_2)
                                         _102570_ (net)
                  0.14    0.00   37.48 v _207891_/D1 (sky130_fd_sc_hd__a2111oi_4)
    11    0.04    0.71    0.59   38.07 ^ _207891_/Y (sky130_fd_sc_hd__a2111oi_4)
                                         _103350_ (net)
                  0.71    0.00   38.07 ^ _207907_/B (sky130_fd_sc_hd__and2_0)
     2    0.01    0.19    0.31   38.38 ^ _207907_/X (sky130_fd_sc_hd__and2_0)
                                         _103369_ (net)
                  0.19    0.00   38.38 ^ _207915_/D1 (sky130_fd_sc_hd__a2111oi_1)
     2    0.01    0.17    0.09   38.47 v _207915_/Y (sky130_fd_sc_hd__a2111oi_1)
                                         _103378_ (net)
                  0.17    0.00   38.47 v _208293_/A2 (sky130_fd_sc_hd__a211o_2)
     6    0.02    0.09    0.43   38.90 v _208293_/X (sky130_fd_sc_hd__a211o_2)
                                         _103796_ (net)
                  0.09    0.00   38.90 v _208298_/A (sky130_fd_sc_hd__and2_2)
     4    0.03    0.08    0.24   39.14 v _208298_/X (sky130_fd_sc_hd__and2_2)
                                         _103803_ (net)
                  0.08    0.00   39.14 v _208375_/A (sky130_fd_sc_hd__xor2_1)
     2    0.01    0.28    0.28   39.42 ^ _208375_/X (sky130_fd_sc_hd__xor2_1)
                                         _103888_ (net)
                  0.28    0.00   39.42 ^ _209037_/B2 (sky130_fd_sc_hd__a221oi_2)
     1    0.01    0.12    0.12   39.54 v _209037_/Y (sky130_fd_sc_hd__a221oi_2)
                                         _104623_ (net)
                  0.12    0.00   39.54 v _209038_/C1 (sky130_fd_sc_hd__a211oi_4)
     6    0.05    0.61    0.52   40.06 ^ _209038_/Y (sky130_fd_sc_hd__a211oi_4)
                                         _104624_ (net)
                  0.61    0.00   40.06 ^ _230109_/A1 (sky130_fd_sc_hd__a211oi_2)
     2    0.02    0.18    0.22   40.28 v _230109_/Y (sky130_fd_sc_hd__a211oi_2)
                                         _128013_ (net)
                  0.18    0.00   40.28 v _263354_/A2 (sky130_fd_sc_hd__o21ai_4)
     2    0.04    0.32    0.33   40.61 ^ _263354_/Y (sky130_fd_sc_hd__o21ai_4)
                                         _011612_ (net)
                  0.32    0.00   40.62 ^ _263355_/A2 (sky130_fd_sc_hd__a21oi_4)
     6    0.03    0.12    0.15   40.76 v _263355_/Y (sky130_fd_sc_hd__a21oi_4)
                                         _011613_ (net)
                  0.12    0.00   40.76 v _263382_/C (sky130_fd_sc_hd__nor4_4)
     5    0.06    0.88    0.75   41.51 ^ _263382_/Y (sky130_fd_sc_hd__nor4_4)
                                         _011642_ (net)
                  0.88    0.01   41.52 ^ _263452_/S (sky130_fd_sc_hd__mux2_1)
     2    0.01    0.09    0.44   41.96 v _263452_/X (sky130_fd_sc_hd__mux2_1)
                                         _011720_ (net)
                  0.09    0.00   41.96 v _263455_/A1 (sky130_fd_sc_hd__o31ai_4)
     2    0.04    0.53    0.53   42.49 ^ _263455_/Y (sky130_fd_sc_hd__o31ai_4)
                                         _011724_ (net)
                  0.53    0.01   42.50 ^ _263457_/B (sky130_fd_sc_hd__nand3_2)
     4    0.01    0.16    0.21   42.70 v _263457_/Y (sky130_fd_sc_hd__nand3_2)
                                         _011726_ (net)
                  0.16    0.00   42.70 v _263463_/B (sky130_fd_sc_hd__maj3_1)
     3    0.01    0.10    0.40   43.11 v _263463_/X (sky130_fd_sc_hd__maj3_1)
                                         _011732_ (net)
                  0.10    0.00   43.11 v _263466_/B1 (sky130_fd_sc_hd__a22oi_1)
     1    0.00    0.15    0.15   43.26 ^ _263466_/Y (sky130_fd_sc_hd__a22oi_1)
                                         _011736_ (net)
                  0.15    0.00   43.26 ^ _263467_/B1 (sky130_fd_sc_hd__o21ai_0)
     1    0.00    0.14    0.11   43.37 v _263467_/Y (sky130_fd_sc_hd__o21ai_0)
                                         _011737_ (net)
                  0.14    0.00   43.37 v _263621_/A2 (sky130_fd_sc_hd__o32a_2)
     4    0.02    0.10    0.46   43.83 v _263621_/X (sky130_fd_sc_hd__o32a_2)
                                         _011908_ (net)
                  0.10    0.00   43.83 v _263639_/A1 (sky130_fd_sc_hd__a2111oi_4)
     3    0.04    0.71    0.67   44.50 ^ _263639_/Y (sky130_fd_sc_hd__a2111oi_4)
                                         _011928_ (net)
                  0.71    0.00   44.50 ^ _263744_/A2 (sky130_fd_sc_hd__o21ai_2)
     6    0.02    0.16    0.18   44.69 v _263744_/Y (sky130_fd_sc_hd__o21ai_2)
                                         _012045_ (net)
                  0.16    0.00   44.69 v _267183_/A (sky130_fd_sc_hd__nor2_2)
     6    0.02    0.24    0.27   44.96 ^ _267183_/Y (sky130_fd_sc_hd__nor2_2)
                                         _015861_ (net)
                  0.24    0.00   44.96 ^ _268719_/A (sky130_fd_sc_hd__xnor3_1)
     2    0.01    0.08    0.46   45.42 v _268719_/X (sky130_fd_sc_hd__xnor3_1)
                                         _017567_ (net)
                  0.08    0.00   45.42 v _268723_/B (sky130_fd_sc_hd__or3_1)
     1    0.01    0.08    0.38   45.80 v _268723_/X (sky130_fd_sc_hd__or3_1)
                                         _017571_ (net)
                  0.08    0.00   45.80 v _268725_/C (sky130_fd_sc_hd__nand4_2)
     3    0.01    0.11    0.14   45.93 ^ _268725_/Y (sky130_fd_sc_hd__nand4_2)
                                         _017574_ (net)
                  0.11    0.00   45.93 ^ _268729_/B1 (sky130_fd_sc_hd__o21ai_2)
     4    0.01    0.09    0.10   46.03 v _268729_/Y (sky130_fd_sc_hd__o21ai_2)
                                         _017578_ (net)
                  0.09    0.00   46.03 v _269027_/A1 (sky130_fd_sc_hd__a311o_2)
     3    0.02    0.09    0.38   46.41 v _269027_/X (sky130_fd_sc_hd__a311o_2)
                                         _017909_ (net)
                  0.09    0.00   46.41 v _269297_/A3 (sky130_fd_sc_hd__o311ai_2)
     2    0.01    0.28    0.27   46.69 ^ _269297_/Y (sky130_fd_sc_hd__o311ai_2)
                                         _018209_ (net)
                  0.28    0.00   46.69 ^ _269298_/B2 (sky130_fd_sc_hd__o221ai_1)
     1    0.00    0.11    0.16   46.85 v _269298_/Y (sky130_fd_sc_hd__o221ai_1)
                                         _018210_ (net)
                  0.11    0.00   46.85 v _269301_/A2 (sky130_fd_sc_hd__a222oi_1)
     3    0.02    0.75    0.73   47.57 ^ _269301_/Y (sky130_fd_sc_hd__a222oi_1)
                                         _018213_ (net)
                  0.75    0.00   47.57 ^ load_slew413/A (sky130_fd_sc_hd__clkbuf_2)
     2    0.03    0.17    0.32   47.89 ^ load_slew413/X (sky130_fd_sc_hd__clkbuf_2)
                                         net413 (net)
                  0.17    0.00   47.89 ^ _269305_/A (sky130_fd_sc_hd__xor2_4)
     3    0.02    0.21    0.23   48.13 ^ _269305_/X (sky130_fd_sc_hd__xor2_4)
                                         _018218_ (net)
                  0.21    0.00   48.13 ^ _269306_/S (sky130_fd_sc_hd__mux2i_1)
     1    0.00    0.10    0.11   48.24 v _269306_/Y (sky130_fd_sc_hd__mux2i_1)
                                         _018219_ (net)
                  0.10    0.00   48.24 v _269310_/A2 (sky130_fd_sc_hd__a21oi_1)
     2    0.01    0.27    0.28   48.52 ^ _269310_/Y (sky130_fd_sc_hd__a21oi_1)
                                         _018223_ (net)
                  0.27    0.00   48.52 ^ _269937_/A (sky130_fd_sc_hd__inv_2)
     2    0.01    0.07    0.09   48.60 v _269937_/Y (sky130_fd_sc_hd__inv_2)
                                         _018919_ (net)
                  0.07    0.00   48.60 v _269938_/A (sky130_fd_sc_hd__or2_0)
     1    0.01    0.09    0.26   48.87 v _269938_/X (sky130_fd_sc_hd__or2_0)
                                         _018920_ (net)
                  0.09    0.00   48.87 v _269939_/B2 (sky130_fd_sc_hd__o221ai_4)
     3    0.03    0.31    0.27   49.13 ^ _269939_/Y (sky130_fd_sc_hd__o221ai_4)
                                         _018921_ (net)
                  0.31    0.00   49.13 ^ _269984_/S (sky130_fd_sc_hd__mux2_1)
     1    0.01    0.09    0.40   49.53 v _269984_/X (sky130_fd_sc_hd__mux2_1)
                                         _018971_ (net)
                  0.09    0.00   49.53 v _269985_/C1 (sky130_fd_sc_hd__a311oi_4)
     1    0.02    0.32    0.30   49.84 ^ _269985_/Y (sky130_fd_sc_hd__a311oi_4)
                                         _018972_ (net)
                  0.32    0.00   49.84 ^ _269986_/B (sky130_fd_sc_hd__xor2_4)
     4    0.04    0.30    0.31   50.15 ^ _269986_/X (sky130_fd_sc_hd__xor2_4)
                                         _018973_ (net)
                  0.30    0.00   50.15 ^ _269997_/A (sky130_fd_sc_hd__nor2_1)
     3    0.01    0.16    0.13   50.28 v _269997_/Y (sky130_fd_sc_hd__nor2_1)
                                         _018986_ (net)
                  0.16    0.00   50.28 v _269998_/C (sky130_fd_sc_hd__maj3_1)
     1    0.01    0.08    0.41   50.69 v _269998_/X (sky130_fd_sc_hd__maj3_1)
                                         _018987_ (net)
                  0.08    0.00   50.69 v _270003_/A2 (sky130_fd_sc_hd__a21oi_2)
     3    0.02    0.23    0.25   50.94 ^ _270003_/Y (sky130_fd_sc_hd__a21oi_2)
                                         _018992_ (net)
                  0.23    0.00   50.94 ^ _270004_/B (sky130_fd_sc_hd__nand2_1)
     3    0.01    0.11    0.14   51.08 v _270004_/Y (sky130_fd_sc_hd__nand2_1)
                                         _018994_ (net)
                  0.11    0.00   51.08 v _270011_/A (sky130_fd_sc_hd__xnor2_1)
     3    0.01    0.29    0.30   51.38 ^ _270011_/Y (sky130_fd_sc_hd__xnor2_1)
                                         _019001_ (net)
                  0.29    0.00   51.38 ^ _270012_/A (sky130_fd_sc_hd__inv_1)
     2    0.01    0.08    0.11   51.48 v _270012_/Y (sky130_fd_sc_hd__inv_1)
                                         _019002_ (net)
                  0.08    0.00   51.48 v _270192_/A (sky130_fd_sc_hd__or4b_2)
     3    0.01    0.14    0.75   52.23 v _270192_/X (sky130_fd_sc_hd__or4b_2)
                                         _019201_ (net)
                  0.14    0.00   52.23 v _290442_/C1 (sky130_fd_sc_hd__a2111oi_4)
     6    0.03    0.53    0.53   52.76 ^ _290442_/Y (sky130_fd_sc_hd__a2111oi_4)
                                         _041679_ (net)
                  0.53    0.00   52.76 ^ _290443_/B (sky130_fd_sc_hd__nand2_4)
    15    0.05    0.17    0.20   52.97 v _290443_/Y (sky130_fd_sc_hd__nand2_4)
                                         _041680_ (net)
                  0.17    0.00   52.97 v _290467_/B (sky130_fd_sc_hd__nor4_4)
     6    0.03    0.43    0.48   53.45 ^ _290467_/Y (sky130_fd_sc_hd__nor4_4)
                                         _041707_ (net)
                  0.43    0.00   53.45 ^ _290476_/C (sky130_fd_sc_hd__nand4_4)
     8    0.04    0.20    0.24   53.70 v _290476_/Y (sky130_fd_sc_hd__nand4_4)
                                         _041717_ (net)
                  0.20    0.00   53.70 v _290490_/B (sky130_fd_sc_hd__or4_4)
     9    0.04    0.14    0.65   54.35 v _290490_/X (sky130_fd_sc_hd__or4_4)
                                         _041732_ (net)
                  0.14    0.00   54.35 v _290848_/B (sky130_fd_sc_hd__or4_2)
     4    0.02    0.15    0.75   55.09 v _290848_/X (sky130_fd_sc_hd__or4_2)
                                         _042130_ (net)
                  0.15    0.00   55.09 v _290852_/A (sky130_fd_sc_hd__xnor3_2)
     2    0.02    0.11    0.47   55.57 ^ _290852_/X (sky130_fd_sc_hd__xnor3_2)
                                         _042134_ (net)
                  0.11    0.00   55.57 ^ _290853_/C (sky130_fd_sc_hd__nand3b_2)
     2    0.01    0.11    0.12   55.69 v _290853_/Y (sky130_fd_sc_hd__nand3b_2)
                                         _042135_ (net)
                  0.11    0.00   55.69 v _290860_/A (sky130_fd_sc_hd__nor2_1)
     1    0.00    0.10    0.13   55.82 ^ _290860_/Y (sky130_fd_sc_hd__nor2_1)
                                         _042143_ (net)
                  0.10    0.00   55.82 ^ _290861_/B1 (sky130_fd_sc_hd__o21a_2)
     3    0.02    0.13    0.21   56.03 ^ _290861_/X (sky130_fd_sc_hd__o21a_2)
                                         _042144_ (net)
                  0.13    0.00   56.03 ^ _290881_/A1 (sky130_fd_sc_hd__o21ai_2)
     3    0.01    0.09    0.11   56.14 v _290881_/Y (sky130_fd_sc_hd__o21ai_2)
                                         _042166_ (net)
                  0.09    0.00   56.14 v _290885_/A2 (sky130_fd_sc_hd__a2111oi_4)
     2    0.02    0.38    0.46   56.60 ^ _290885_/Y (sky130_fd_sc_hd__a2111oi_4)
                                         _042171_ (net)
                  0.38    0.00   56.60 ^ _290929_/A2 (sky130_fd_sc_hd__o21bai_4)
    12    0.06    0.18    0.22   56.82 v _290929_/Y (sky130_fd_sc_hd__o21bai_4)
                                         _042220_ (net)
                  0.18    0.00   56.82 v _297480_/A1 (sky130_fd_sc_hd__a21oi_4)
     4    0.03    0.27    0.30   57.12 ^ _297480_/Y (sky130_fd_sc_hd__a21oi_4)
                                         _049491_ (net)
                  0.27    0.00   57.12 ^ _301815_/A (sky130_fd_sc_hd__nand3_1)
     2    0.01    0.12    0.15   57.28 v _301815_/Y (sky130_fd_sc_hd__nand3_1)
                                         _054304_ (net)
                  0.12    0.00   57.28 v _301818_/C (sky130_fd_sc_hd__or4b_1)
     4    0.01    0.12    0.54   57.82 v _301818_/X (sky130_fd_sc_hd__or4b_1)
                                         _054307_ (net)
                  0.12    0.00   57.82 v _301819_/D (sky130_fd_sc_hd__or4_2)
     4    0.02    0.15    0.64   58.46 v _301819_/X (sky130_fd_sc_hd__or4_2)
                                         _054308_ (net)
                  0.15    0.00   58.46 v _301827_/B (sky130_fd_sc_hd__nor4b_4)
    23    0.07    1.00    0.90   59.36 ^ _301827_/Y (sky130_fd_sc_hd__nor4b_4)
                                         _054317_ (net)
                  1.00    0.00   59.36 ^ _304829_/A (sky130_fd_sc_hd__nand4_4)
    11    0.03    0.31    0.31   59.67 v _304829_/Y (sky130_fd_sc_hd__nand4_4)
                                         _057631_ (net)
                  0.31    0.00   59.67 v _305031_/B (sky130_fd_sc_hd__or4_1)
     1    0.01    0.13    0.64   60.31 v _305031_/X (sky130_fd_sc_hd__or4_1)
                                         _057854_ (net)
                  0.13    0.00   60.31 v _305043_/A1 (sky130_fd_sc_hd__a311oi_4)
     1    0.02    0.35    0.35   60.65 ^ _305043_/Y (sky130_fd_sc_hd__a311oi_4)
                                         _057867_ (net)
                  0.35    0.00   60.65 ^ _305044_/B (sky130_fd_sc_hd__xnor2_4)
     3    0.02    0.10    0.14   60.80 v _305044_/Y (sky130_fd_sc_hd__xnor2_4)
                                         _057869_ (net)
                  0.10    0.00   60.80 v _305231_/B1 (sky130_fd_sc_hd__a21oi_1)
     1    0.00    0.12    0.14   60.94 ^ _305231_/Y (sky130_fd_sc_hd__a21oi_1)
                                         _058073_ (net)
                  0.12    0.00   60.94 ^ _305232_/D_N (sky130_fd_sc_hd__nor4b_1)
     3    0.01    0.51    0.44   61.38 ^ _305232_/Y (sky130_fd_sc_hd__nor4b_1)
                                         _058074_ (net)
                  0.51    0.00   61.38 ^ _305233_/C_N (sky130_fd_sc_hd__or3b_2)
     6    0.02    0.13    0.57   61.95 v _305233_/X (sky130_fd_sc_hd__or3b_2)
                                         _058075_ (net)
                  0.13    0.00   61.95 v _305542_/A (sky130_fd_sc_hd__nor3_1)
     1    0.01    0.25    0.28   62.23 ^ _305542_/Y (sky130_fd_sc_hd__nor3_1)
                                         _058413_ (net)
                  0.25    0.00   62.23 ^ _305587_/A (sky130_fd_sc_hd__xnor2_1)
     1    0.01    0.11    0.16   62.38 v _305587_/Y (sky130_fd_sc_hd__xnor2_1)
                                         _058463_ (net)
                  0.11    0.00   62.38 v _305588_/B1 (sky130_fd_sc_hd__a32oi_4)
     1    0.04    0.40    0.36   62.75 ^ _305588_/Y (sky130_fd_sc_hd__a32oi_4)
                                         net308 (net)
                  0.40    0.00   62.75 ^ output308/A (sky130_fd_sc_hd__clkbuf_1)
     1    0.00    0.03    0.11   62.86 ^ output308/X (sky130_fd_sc_hd__clkbuf_1)
                                         result[125] (net)
                  0.03    0.00   62.86 ^ result[125] (out)
                                 62.86   data arrival time

                  0.00  100.00  100.00   clock clk (rise edge)
                          0.00  100.00   clock network delay (ideal)
                          0.00  100.00   clock reconvergence pessimism
                        -20.00   80.00   output external delay
                                 80.00   data required time
-----------------------------------------------------------------------------
                                 80.00   data required time
                                -62.86   data arrival time
-----------------------------------------------------------------------------
                                 17.14   slack (MET)



==========================================================================
resizer report_checks -unconstrained
--------------------------------------------------------------------------
Startpoint: osize_vector[0] (input port clocked by clk)
Endpoint: result[125] (output port clocked by clk)
Path Group: clk
Path Type: max

Fanout     Cap    Slew   Delay    Time   Description
-----------------------------------------------------------------------------
                  0.00    0.00    0.00   clock clk (rise edge)
                          0.00    0.00   clock network delay (ideal)
                         20.00   20.00 v input external delay
     1    0.01    0.00    0.00   20.00 v osize_vector[0] (in)
                                         osize_vector[0] (net)
                  0.00    0.00   20.00 v input4/A (sky130_fd_sc_hd__buf_16)
    38    0.34    0.14    0.16   20.16 v input4/X (sky130_fd_sc_hd__buf_16)
                                         net4 (net)
                  0.30    0.13   20.29 v wire3992/A (sky130_fd_sc_hd__buf_16)
    37    0.43    0.22    0.34   20.63 v wire3992/X (sky130_fd_sc_hd__buf_16)
                                         net3992 (net)
                  0.29    0.10   20.73 v wire3991/A (sky130_fd_sc_hd__buf_16)
    95    0.49    0.24    0.34   21.07 v wire3991/X (sky130_fd_sc_hd__buf_16)
                                         net3991 (net)
                  0.29    0.09   21.15 v load_slew3990/A (sky130_fd_sc_hd__buf_16)
    34    0.34    0.15    0.30   21.45 v load_slew3990/X (sky130_fd_sc_hd__buf_16)
                                         net3990 (net)
                  0.20    0.06   21.51 v load_slew3989/A (sky130_fd_sc_hd__buf_16)
    40    0.34    0.16    0.26   21.77 v load_slew3989/X (sky130_fd_sc_hd__buf_16)
                                         net3989 (net)
                  0.26    0.10   21.87 v _153329_/A2 (sky130_fd_sc_hd__a222oi_1)
     3    0.03    0.98    0.94   22.81 ^ _153329_/Y (sky130_fd_sc_hd__a222oi_1)
                                         _090588_ (net)
                  0.98    0.00   22.81 ^ load_slew3958/A (sky130_fd_sc_hd__clkbuf_2)
     4    0.03    0.15    0.33   23.14 ^ load_slew3958/X (sky130_fd_sc_hd__clkbuf_2)
                                         net3958 (net)
                  0.15    0.00   23.14 ^ wire3957/A (sky130_fd_sc_hd__buf_2)
     4    0.03    0.17    0.23   23.38 ^ wire3957/X (sky130_fd_sc_hd__buf_2)
                                         net3957 (net)
                  0.17    0.00   23.38 ^ wire3956/A (sky130_fd_sc_hd__buf_2)
     5    0.04    0.18    0.24   23.62 ^ wire3956/X (sky130_fd_sc_hd__buf_2)
                                         net3956 (net)
                  0.18    0.00   23.62 ^ _155276_/B (sky130_fd_sc_hd__and3_4)
     8    0.07    0.23    0.36   23.98 ^ _155276_/X (sky130_fd_sc_hd__and3_4)
                                         _068913_ (net)
                  0.23    0.00   23.98 ^ _157642_/A1 (sky130_fd_sc_hd__o2111ai_4)
     5    0.07    0.35    0.34   24.33 v _157642_/Y (sky130_fd_sc_hd__o2111ai_4)
                                         _095006_ (net)
                  0.35    0.00   24.33 v _160328_/A2 (sky130_fd_sc_hd__a22oi_4)
     2    0.02    0.20    0.34   24.67 ^ _160328_/Y (sky130_fd_sc_hd__a22oi_4)
                                         _124821_ (net)
                  0.20    0.00   24.67 ^ _160573_/A4 (sky130_fd_sc_hd__a41o_4)
    44    0.38    1.01    0.94   25.61 ^ _160573_/X (sky130_fd_sc_hd__a41o_4)
                                         _127540_ (net)
                  1.01    0.04   25.65 ^ _164428_/A1 (sky130_fd_sc_hd__o21ai_4)
    16    0.15    0.41    0.46   26.12 v _164428_/Y (sky130_fd_sc_hd__o21ai_4)
                                         _017028_ (net)
                  0.42    0.02   26.14 v load_slew2829/A (sky130_fd_sc_hd__buf_16)
    10    0.10    0.07    0.31   26.45 v load_slew2829/X (sky130_fd_sc_hd__buf_16)
                                         net2829 (net)
                  0.08    0.01   26.46 v _194261_/A1 (sky130_fd_sc_hd__o21a_4)
    60    0.41    0.50    0.60   27.05 v _194261_/X (sky130_fd_sc_hd__o21a_4)
                                         _088221_ (net)
                  0.50    0.02   27.08 v _194902_/A (sky130_fd_sc_hd__nor4_4)
     7    0.07    0.97    1.00   28.08 ^ _194902_/Y (sky130_fd_sc_hd__nor4_4)
                                         _088933_ (net)
                  0.97    0.00   28.08 ^ load_slew1813/A (sky130_fd_sc_hd__buf_6)
     9    0.07    0.16    0.29   28.37 ^ load_slew1813/X (sky130_fd_sc_hd__buf_6)
                                         net1813 (net)
                  0.16    0.00   28.38 ^ _204789_/A2 (sky130_fd_sc_hd__o31a_4)
    52    0.51    1.39    1.10   29.47 ^ _204789_/X (sky130_fd_sc_hd__o31a_4)
                                         _099907_ (net)
                  1.39    0.02   29.50 ^ _205053_/B (sky130_fd_sc_hd__nand4_4)
    21    0.15    0.74    0.84   30.33 v _205053_/Y (sky130_fd_sc_hd__nand4_4)
                                         _100200_ (net)
                  0.74    0.00   30.34 v _205102_/A1 (sky130_fd_sc_hd__a211oi_4)
    12    0.10    1.04    1.10   31.44 ^ _205102_/Y (sky130_fd_sc_hd__a211oi_4)
                                         _100255_ (net)
                  1.04    0.00   31.44 ^ load_slew904/A (sky130_fd_sc_hd__buf_8)
     6    0.09    0.16    0.28   31.72 ^ load_slew904/X (sky130_fd_sc_hd__buf_8)
                                         net904 (net)
                  0.17    0.02   31.74 ^ wire902/A (sky130_fd_sc_hd__buf_8)
    13    0.10    0.17    0.22   31.95 ^ wire902/X (sky130_fd_sc_hd__buf_8)
                                         net902 (net)
                  0.17    0.02   31.97 ^ wire901/A (sky130_fd_sc_hd__buf_8)
    13    0.11    0.19    0.23   32.20 ^ wire901/X (sky130_fd_sc_hd__buf_8)
                                         net901 (net)
                  0.19    0.01   32.20 ^ max_cap900/A (sky130_fd_sc_hd__buf_16)
    11    0.09    0.11    0.19   32.39 ^ max_cap900/X (sky130_fd_sc_hd__buf_16)
                                         net900 (net)
                  0.11    0.00   32.40 ^ _205149_/A (sky130_fd_sc_hd__nor2_8)
     6    0.11    0.10    0.10   32.50 v _205149_/Y (sky130_fd_sc_hd__nor2_8)
                                         _100307_ (net)
                  0.10    0.00   32.50 v load_slew700/A (sky130_fd_sc_hd__buf_12)
     9    0.19    0.10    0.18   32.69 v load_slew700/X (sky130_fd_sc_hd__buf_12)
                                         net700 (net)
                  0.17    0.07   32.76 v _205150_/B1 (sky130_fd_sc_hd__a211oi_4)
     9    0.04    0.46    0.48   33.24 ^ _205150_/Y (sky130_fd_sc_hd__a211oi_4)
                                         _100308_ (net)
                  0.46    0.00   33.24 ^ _206014_/C (sky130_fd_sc_hd__nand3b_1)
     2    0.01    0.12    0.16   33.40 v _206014_/Y (sky130_fd_sc_hd__nand3b_1)
                                         _101268_ (net)
                  0.12    0.00   33.40 v _206015_/A2 (sky130_fd_sc_hd__a31oi_1)
     1    0.00    0.15    0.20   33.59 ^ _206015_/Y (sky130_fd_sc_hd__a31oi_1)
                                         _101269_ (net)
                  0.15    0.00   33.59 ^ _206016_/B2 (sky130_fd_sc_hd__o2bb2ai_1)
     1    0.01    0.06    0.10   33.69 v _206016_/Y (sky130_fd_sc_hd__o2bb2ai_1)
                                         _101270_ (net)
                  0.06    0.00   33.69 v _206020_/A2 (sky130_fd_sc_hd__a211oi_2)
     2    0.02    0.34    0.35   34.04 ^ _206020_/Y (sky130_fd_sc_hd__a211oi_2)
                                         _101274_ (net)
                  0.34    0.00   34.04 ^ _206025_/A (sky130_fd_sc_hd__xnor2_1)
     3    0.01    0.31    0.24   34.28 ^ _206025_/Y (sky130_fd_sc_hd__xnor2_1)
                                         _101280_ (net)
                  0.31    0.00   34.28 ^ _206026_/C (sky130_fd_sc_hd__xnor3_4)
     6    0.03    0.14    0.47   34.74 v _206026_/X (sky130_fd_sc_hd__xnor3_4)
                                         _101281_ (net)
                  0.14    0.00   34.74 v _206077_/B (sky130_fd_sc_hd__or3b_1)
     2    0.01    0.11    0.44   35.18 v _206077_/X (sky130_fd_sc_hd__or3b_1)
                                         _101337_ (net)
                  0.11    0.00   35.18 v _206078_/A3 (sky130_fd_sc_hd__a311oi_4)
     4    0.03    0.40    0.46   35.64 ^ _206078_/Y (sky130_fd_sc_hd__a311oi_4)
                                         _101338_ (net)
                  0.40    0.00   35.64 ^ _206091_/A (sky130_fd_sc_hd__xnor2_2)
     4    0.01    0.11    0.16   35.80 v _206091_/Y (sky130_fd_sc_hd__xnor2_2)
                                         _101352_ (net)
                  0.11    0.00   35.80 v _206840_/A2 (sky130_fd_sc_hd__a211o_1)
     3    0.01    0.09    0.36   36.16 v _206840_/X (sky130_fd_sc_hd__a211o_1)
                                         _102184_ (net)
                  0.09    0.00   36.16 v _206842_/B (sky130_fd_sc_hd__nand3_1)
     1    0.01    0.10    0.13   36.28 ^ _206842_/Y (sky130_fd_sc_hd__nand3_1)
                                         _102186_ (net)
                  0.10    0.00   36.28 ^ _206862_/B (sky130_fd_sc_hd__xnor3_1)
     2    0.01    0.09    0.33   36.61 v _206862_/X (sky130_fd_sc_hd__xnor3_1)
                                         _102208_ (net)
                  0.09    0.00   36.61 v _206863_/B1 (sky130_fd_sc_hd__o21a_1)
     2    0.01    0.05    0.14   36.75 v _206863_/X (sky130_fd_sc_hd__o21a_1)
                                         _102209_ (net)
                  0.05    0.00   36.75 v _207188_/A (sky130_fd_sc_hd__or4_2)
     2    0.01    0.14    0.73   37.48 v _207188_/X (sky130_fd_sc_hd__or4_2)
                                         _102570_ (net)
                  0.14    0.00   37.48 v _207891_/D1 (sky130_fd_sc_hd__a2111oi_4)
    11    0.04    0.71    0.59   38.07 ^ _207891_/Y (sky130_fd_sc_hd__a2111oi_4)
                                         _103350_ (net)
                  0.71    0.00   38.07 ^ _207907_/B (sky130_fd_sc_hd__and2_0)
     2    0.01    0.19    0.31   38.38 ^ _207907_/X (sky130_fd_sc_hd__and2_0)
                                         _103369_ (net)
                  0.19    0.00   38.38 ^ _207915_/D1 (sky130_fd_sc_hd__a2111oi_1)
     2    0.01    0.17    0.09   38.47 v _207915_/Y (sky130_fd_sc_hd__a2111oi_1)
                                         _103378_ (net)
                  0.17    0.00   38.47 v _208293_/A2 (sky130_fd_sc_hd__a211o_2)
     6    0.02    0.09    0.43   38.90 v _208293_/X (sky130_fd_sc_hd__a211o_2)
                                         _103796_ (net)
                  0.09    0.00   38.90 v _208298_/A (sky130_fd_sc_hd__and2_2)
     4    0.03    0.08    0.24   39.14 v _208298_/X (sky130_fd_sc_hd__and2_2)
                                         _103803_ (net)
                  0.08    0.00   39.14 v _208375_/A (sky130_fd_sc_hd__xor2_1)
     2    0.01    0.28    0.28   39.42 ^ _208375_/X (sky130_fd_sc_hd__xor2_1)
                                         _103888_ (net)
                  0.28    0.00   39.42 ^ _209037_/B2 (sky130_fd_sc_hd__a221oi_2)
     1    0.01    0.12    0.12   39.54 v _209037_/Y (sky130_fd_sc_hd__a221oi_2)
                                         _104623_ (net)
                  0.12    0.00   39.54 v _209038_/C1 (sky130_fd_sc_hd__a211oi_4)
     6    0.05    0.61    0.52   40.06 ^ _209038_/Y (sky130_fd_sc_hd__a211oi_4)
                                         _104624_ (net)
                  0.61    0.00   40.06 ^ _230109_/A1 (sky130_fd_sc_hd__a211oi_2)
     2    0.02    0.18    0.22   40.28 v _230109_/Y (sky130_fd_sc_hd__a211oi_2)
                                         _128013_ (net)
                  0.18    0.00   40.28 v _263354_/A2 (sky130_fd_sc_hd__o21ai_4)
     2    0.04    0.32    0.33   40.61 ^ _263354_/Y (sky130_fd_sc_hd__o21ai_4)
                                         _011612_ (net)
                  0.32    0.00   40.62 ^ _263355_/A2 (sky130_fd_sc_hd__a21oi_4)
     6    0.03    0.12    0.15   40.76 v _263355_/Y (sky130_fd_sc_hd__a21oi_4)
                                         _011613_ (net)
                  0.12    0.00   40.76 v _263382_/C (sky130_fd_sc_hd__nor4_4)
     5    0.06    0.88    0.75   41.51 ^ _263382_/Y (sky130_fd_sc_hd__nor4_4)
                                         _011642_ (net)
                  0.88    0.01   41.52 ^ _263452_/S (sky130_fd_sc_hd__mux2_1)
     2    0.01    0.09    0.44   41.96 v _263452_/X (sky130_fd_sc_hd__mux2_1)
                                         _011720_ (net)
                  0.09    0.00   41.96 v _263455_/A1 (sky130_fd_sc_hd__o31ai_4)
     2    0.04    0.53    0.53   42.49 ^ _263455_/Y (sky130_fd_sc_hd__o31ai_4)
                                         _011724_ (net)
                  0.53    0.01   42.50 ^ _263457_/B (sky130_fd_sc_hd__nand3_2)
     4    0.01    0.16    0.21   42.70 v _263457_/Y (sky130_fd_sc_hd__nand3_2)
                                         _011726_ (net)
                  0.16    0.00   42.70 v _263463_/B (sky130_fd_sc_hd__maj3_1)
     3    0.01    0.10    0.40   43.11 v _263463_/X (sky130_fd_sc_hd__maj3_1)
                                         _011732_ (net)
                  0.10    0.00   43.11 v _263466_/B1 (sky130_fd_sc_hd__a22oi_1)
     1    0.00    0.15    0.15   43.26 ^ _263466_/Y (sky130_fd_sc_hd__a22oi_1)
                                         _011736_ (net)
                  0.15    0.00   43.26 ^ _263467_/B1 (sky130_fd_sc_hd__o21ai_0)
     1    0.00    0.14    0.11   43.37 v _263467_/Y (sky130_fd_sc_hd__o21ai_0)
                                         _011737_ (net)
                  0.14    0.00   43.37 v _263621_/A2 (sky130_fd_sc_hd__o32a_2)
     4    0.02    0.10    0.46   43.83 v _263621_/X (sky130_fd_sc_hd__o32a_2)
                                         _011908_ (net)
                  0.10    0.00   43.83 v _263639_/A1 (sky130_fd_sc_hd__a2111oi_4)
     3    0.04    0.71    0.67   44.50 ^ _263639_/Y (sky130_fd_sc_hd__a2111oi_4)
                                         _011928_ (net)
                  0.71    0.00   44.50 ^ _263744_/A2 (sky130_fd_sc_hd__o21ai_2)
     6    0.02    0.16    0.18   44.69 v _263744_/Y (sky130_fd_sc_hd__o21ai_2)
                                         _012045_ (net)
                  0.16    0.00   44.69 v _267183_/A (sky130_fd_sc_hd__nor2_2)
     6    0.02    0.24    0.27   44.96 ^ _267183_/Y (sky130_fd_sc_hd__nor2_2)
                                         _015861_ (net)
                  0.24    0.00   44.96 ^ _268719_/A (sky130_fd_sc_hd__xnor3_1)
     2    0.01    0.08    0.46   45.42 v _268719_/X (sky130_fd_sc_hd__xnor3_1)
                                         _017567_ (net)
                  0.08    0.00   45.42 v _268723_/B (sky130_fd_sc_hd__or3_1)
     1    0.01    0.08    0.38   45.80 v _268723_/X (sky130_fd_sc_hd__or3_1)
                                         _017571_ (net)
                  0.08    0.00   45.80 v _268725_/C (sky130_fd_sc_hd__nand4_2)
     3    0.01    0.11    0.14   45.93 ^ _268725_/Y (sky130_fd_sc_hd__nand4_2)
                                         _017574_ (net)
                  0.11    0.00   45.93 ^ _268729_/B1 (sky130_fd_sc_hd__o21ai_2)
     4    0.01    0.09    0.10   46.03 v _268729_/Y (sky130_fd_sc_hd__o21ai_2)
                                         _017578_ (net)
                  0.09    0.00   46.03 v _269027_/A1 (sky130_fd_sc_hd__a311o_2)
     3    0.02    0.09    0.38   46.41 v _269027_/X (sky130_fd_sc_hd__a311o_2)
                                         _017909_ (net)
                  0.09    0.00   46.41 v _269297_/A3 (sky130_fd_sc_hd__o311ai_2)
     2    0.01    0.28    0.27   46.69 ^ _269297_/Y (sky130_fd_sc_hd__o311ai_2)
                                         _018209_ (net)
                  0.28    0.00   46.69 ^ _269298_/B2 (sky130_fd_sc_hd__o221ai_1)
     1    0.00    0.11    0.16   46.85 v _269298_/Y (sky130_fd_sc_hd__o221ai_1)
                                         _018210_ (net)
                  0.11    0.00   46.85 v _269301_/A2 (sky130_fd_sc_hd__a222oi_1)
     3    0.02    0.75    0.73   47.57 ^ _269301_/Y (sky130_fd_sc_hd__a222oi_1)
                                         _018213_ (net)
                  0.75    0.00   47.57 ^ load_slew413/A (sky130_fd_sc_hd__clkbuf_2)
     2    0.03    0.17    0.32   47.89 ^ load_slew413/X (sky130_fd_sc_hd__clkbuf_2)
                                         net413 (net)
                  0.17    0.00   47.89 ^ _269305_/A (sky130_fd_sc_hd__xor2_4)
     3    0.02    0.21    0.23   48.13 ^ _269305_/X (sky130_fd_sc_hd__xor2_4)
                                         _018218_ (net)
                  0.21    0.00   48.13 ^ _269306_/S (sky130_fd_sc_hd__mux2i_1)
     1    0.00    0.10    0.11   48.24 v _269306_/Y (sky130_fd_sc_hd__mux2i_1)
                                         _018219_ (net)
                  0.10    0.00   48.24 v _269310_/A2 (sky130_fd_sc_hd__a21oi_1)
     2    0.01    0.27    0.28   48.52 ^ _269310_/Y (sky130_fd_sc_hd__a21oi_1)
                                         _018223_ (net)
                  0.27    0.00   48.52 ^ _269937_/A (sky130_fd_sc_hd__inv_2)
     2    0.01    0.07    0.09   48.60 v _269937_/Y (sky130_fd_sc_hd__inv_2)
                                         _018919_ (net)
                  0.07    0.00   48.60 v _269938_/A (sky130_fd_sc_hd__or2_0)
     1    0.01    0.09    0.26   48.87 v _269938_/X (sky130_fd_sc_hd__or2_0)
                                         _018920_ (net)
                  0.09    0.00   48.87 v _269939_/B2 (sky130_fd_sc_hd__o221ai_4)
     3    0.03    0.31    0.27   49.13 ^ _269939_/Y (sky130_fd_sc_hd__o221ai_4)
                                         _018921_ (net)
                  0.31    0.00   49.13 ^ _269984_/S (sky130_fd_sc_hd__mux2_1)
     1    0.01    0.09    0.40   49.53 v _269984_/X (sky130_fd_sc_hd__mux2_1)
                                         _018971_ (net)
                  0.09    0.00   49.53 v _269985_/C1 (sky130_fd_sc_hd__a311oi_4)
     1    0.02    0.32    0.30   49.84 ^ _269985_/Y (sky130_fd_sc_hd__a311oi_4)
                                         _018972_ (net)
                  0.32    0.00   49.84 ^ _269986_/B (sky130_fd_sc_hd__xor2_4)
     4    0.04    0.30    0.31   50.15 ^ _269986_/X (sky130_fd_sc_hd__xor2_4)
                                         _018973_ (net)
                  0.30    0.00   50.15 ^ _269997_/A (sky130_fd_sc_hd__nor2_1)
     3    0.01    0.16    0.13   50.28 v _269997_/Y (sky130_fd_sc_hd__nor2_1)
                                         _018986_ (net)
                  0.16    0.00   50.28 v _269998_/C (sky130_fd_sc_hd__maj3_1)
     1    0.01    0.08    0.41   50.69 v _269998_/X (sky130_fd_sc_hd__maj3_1)
                                         _018987_ (net)
                  0.08    0.00   50.69 v _270003_/A2 (sky130_fd_sc_hd__a21oi_2)
     3    0.02    0.23    0.25   50.94 ^ _270003_/Y (sky130_fd_sc_hd__a21oi_2)
                                         _018992_ (net)
                  0.23    0.00   50.94 ^ _270004_/B (sky130_fd_sc_hd__nand2_1)
     3    0.01    0.11    0.14   51.08 v _270004_/Y (sky130_fd_sc_hd__nand2_1)
                                         _018994_ (net)
                  0.11    0.00   51.08 v _270011_/A (sky130_fd_sc_hd__xnor2_1)
     3    0.01    0.29    0.30   51.38 ^ _270011_/Y (sky130_fd_sc_hd__xnor2_1)
                                         _019001_ (net)
                  0.29    0.00   51.38 ^ _270012_/A (sky130_fd_sc_hd__inv_1)
     2    0.01    0.08    0.11   51.48 v _270012_/Y (sky130_fd_sc_hd__inv_1)
                                         _019002_ (net)
                  0.08    0.00   51.48 v _270192_/A (sky130_fd_sc_hd__or4b_2)
     3    0.01    0.14    0.75   52.23 v _270192_/X (sky130_fd_sc_hd__or4b_2)
                                         _019201_ (net)
                  0.14    0.00   52.23 v _290442_/C1 (sky130_fd_sc_hd__a2111oi_4)
     6    0.03    0.53    0.53   52.76 ^ _290442_/Y (sky130_fd_sc_hd__a2111oi_4)
                                         _041679_ (net)
                  0.53    0.00   52.76 ^ _290443_/B (sky130_fd_sc_hd__nand2_4)
    15    0.05    0.17    0.20   52.97 v _290443_/Y (sky130_fd_sc_hd__nand2_4)
                                         _041680_ (net)
                  0.17    0.00   52.97 v _290467_/B (sky130_fd_sc_hd__nor4_4)
     6    0.03    0.43    0.48   53.45 ^ _290467_/Y (sky130_fd_sc_hd__nor4_4)
                                         _041707_ (net)
                  0.43    0.00   53.45 ^ _290476_/C (sky130_fd_sc_hd__nand4_4)
     8    0.04    0.20    0.24   53.70 v _290476_/Y (sky130_fd_sc_hd__nand4_4)
                                         _041717_ (net)
                  0.20    0.00   53.70 v _290490_/B (sky130_fd_sc_hd__or4_4)
     9    0.04    0.14    0.65   54.35 v _290490_/X (sky130_fd_sc_hd__or4_4)
                                         _041732_ (net)
                  0.14    0.00   54.35 v _290848_/B (sky130_fd_sc_hd__or4_2)
     4    0.02    0.15    0.75   55.09 v _290848_/X (sky130_fd_sc_hd__or4_2)
                                         _042130_ (net)
                  0.15    0.00   55.09 v _290852_/A (sky130_fd_sc_hd__xnor3_2)
     2    0.02    0.11    0.47   55.57 ^ _290852_/X (sky130_fd_sc_hd__xnor3_2)
                                         _042134_ (net)
                  0.11    0.00   55.57 ^ _290853_/C (sky130_fd_sc_hd__nand3b_2)
     2    0.01    0.11    0.12   55.69 v _290853_/Y (sky130_fd_sc_hd__nand3b_2)
                                         _042135_ (net)
                  0.11    0.00   55.69 v _290860_/A (sky130_fd_sc_hd__nor2_1)
     1    0.00    0.10    0.13   55.82 ^ _290860_/Y (sky130_fd_sc_hd__nor2_1)
                                         _042143_ (net)
                  0.10    0.00   55.82 ^ _290861_/B1 (sky130_fd_sc_hd__o21a_2)
     3    0.02    0.13    0.21   56.03 ^ _290861_/X (sky130_fd_sc_hd__o21a_2)
                                         _042144_ (net)
                  0.13    0.00   56.03 ^ _290881_/A1 (sky130_fd_sc_hd__o21ai_2)
     3    0.01    0.09    0.11   56.14 v _290881_/Y (sky130_fd_sc_hd__o21ai_2)
                                         _042166_ (net)
                  0.09    0.00   56.14 v _290885_/A2 (sky130_fd_sc_hd__a2111oi_4)
     2    0.02    0.38    0.46   56.60 ^ _290885_/Y (sky130_fd_sc_hd__a2111oi_4)
                                         _042171_ (net)
                  0.38    0.00   56.60 ^ _290929_/A2 (sky130_fd_sc_hd__o21bai_4)
    12    0.06    0.18    0.22   56.82 v _290929_/Y (sky130_fd_sc_hd__o21bai_4)
                                         _042220_ (net)
                  0.18    0.00   56.82 v _297480_/A1 (sky130_fd_sc_hd__a21oi_4)
     4    0.03    0.27    0.30   57.12 ^ _297480_/Y (sky130_fd_sc_hd__a21oi_4)
                                         _049491_ (net)
                  0.27    0.00   57.12 ^ _301815_/A (sky130_fd_sc_hd__nand3_1)
     2    0.01    0.12    0.15   57.28 v _301815_/Y (sky130_fd_sc_hd__nand3_1)
                                         _054304_ (net)
                  0.12    0.00   57.28 v _301818_/C (sky130_fd_sc_hd__or4b_1)
     4    0.01    0.12    0.54   57.82 v _301818_/X (sky130_fd_sc_hd__or4b_1)
                                         _054307_ (net)
                  0.12    0.00   57.82 v _301819_/D (sky130_fd_sc_hd__or4_2)
     4    0.02    0.15    0.64   58.46 v _301819_/X (sky130_fd_sc_hd__or4_2)
                                         _054308_ (net)
                  0.15    0.00   58.46 v _301827_/B (sky130_fd_sc_hd__nor4b_4)
    23    0.07    1.00    0.90   59.36 ^ _301827_/Y (sky130_fd_sc_hd__nor4b_4)
                                         _054317_ (net)
                  1.00    0.00   59.36 ^ _304829_/A (sky130_fd_sc_hd__nand4_4)
    11    0.03    0.31    0.31   59.67 v _304829_/Y (sky130_fd_sc_hd__nand4_4)
                                         _057631_ (net)
                  0.31    0.00   59.67 v _305031_/B (sky130_fd_sc_hd__or4_1)
     1    0.01    0.13    0.64   60.31 v _305031_/X (sky130_fd_sc_hd__or4_1)
                                         _057854_ (net)
                  0.13    0.00   60.31 v _305043_/A1 (sky130_fd_sc_hd__a311oi_4)
     1    0.02    0.35    0.35   60.65 ^ _305043_/Y (sky130_fd_sc_hd__a311oi_4)
                                         _057867_ (net)
                  0.35    0.00   60.65 ^ _305044_/B (sky130_fd_sc_hd__xnor2_4)
     3    0.02    0.10    0.14   60.80 v _305044_/Y (sky130_fd_sc_hd__xnor2_4)
                                         _057869_ (net)
                  0.10    0.00   60.80 v _305231_/B1 (sky130_fd_sc_hd__a21oi_1)
     1    0.00    0.12    0.14   60.94 ^ _305231_/Y (sky130_fd_sc_hd__a21oi_1)
                                         _058073_ (net)
                  0.12    0.00   60.94 ^ _305232_/D_N (sky130_fd_sc_hd__nor4b_1)
     3    0.01    0.51    0.44   61.38 ^ _305232_/Y (sky130_fd_sc_hd__nor4b_1)
                                         _058074_ (net)
                  0.51    0.00   61.38 ^ _305233_/C_N (sky130_fd_sc_hd__or3b_2)
     6    0.02    0.13    0.57   61.95 v _305233_/X (sky130_fd_sc_hd__or3b_2)
                                         _058075_ (net)
                  0.13    0.00   61.95 v _305542_/A (sky130_fd_sc_hd__nor3_1)
     1    0.01    0.25    0.28   62.23 ^ _305542_/Y (sky130_fd_sc_hd__nor3_1)
                                         _058413_ (net)
                  0.25    0.00   62.23 ^ _305587_/A (sky130_fd_sc_hd__xnor2_1)
     1    0.01    0.11    0.16   62.38 v _305587_/Y (sky130_fd_sc_hd__xnor2_1)
                                         _058463_ (net)
                  0.11    0.00   62.38 v _305588_/B1 (sky130_fd_sc_hd__a32oi_4)
     1    0.04    0.40    0.36   62.75 ^ _305588_/Y (sky130_fd_sc_hd__a32oi_4)
                                         net308 (net)
                  0.40    0.00   62.75 ^ output308/A (sky130_fd_sc_hd__clkbuf_1)
     1    0.00    0.03    0.11   62.86 ^ output308/X (sky130_fd_sc_hd__clkbuf_1)
                                         result[125] (net)
                  0.03    0.00   62.86 ^ result[125] (out)
                                 62.86   data arrival time

                  0.00  100.00  100.00   clock clk (rise edge)
                          0.00  100.00   clock network delay (ideal)
                          0.00  100.00   clock reconvergence pessimism
                        -20.00   80.00   output external delay
                                 80.00   data required time
-----------------------------------------------------------------------------
                                 80.00   data required time
                                -62.86   data arrival time
-----------------------------------------------------------------------------
                                 17.14   slack (MET)



==========================================================================
resizer report_check_types -max_slew -max_cap -max_fanout -violators
--------------------------------------------------------------------------

==========================================================================
resizer max_slew_check_slack
--------------------------------------------------------------------------
0.0035759173333644867

==========================================================================
resizer max_slew_check_limit
--------------------------------------------------------------------------
1.5

==========================================================================
resizer max_slew_check_slack_limit
--------------------------------------------------------------------------
0.0024

==========================================================================
resizer max_fanout_check_slack
--------------------------------------------------------------------------
1.0000000150474662e+30

==========================================================================
resizer max_fanout_check_limit
--------------------------------------------------------------------------
1.0000000150474662e+30

==========================================================================
resizer max_capacitance_check_slack
--------------------------------------------------------------------------
0.00022132632147986442

==========================================================================
resizer max_capacitance_check_limit
--------------------------------------------------------------------------
0.2215680032968521

==========================================================================
resizer max_capacitance_check_slack_limit
--------------------------------------------------------------------------
0.0010

==========================================================================
resizer max_slew_violation_count
--------------------------------------------------------------------------
max slew violation count 0

==========================================================================
resizer max_fanout_violation_count
--------------------------------------------------------------------------
max fanout violation count 0

==========================================================================
resizer max_cap_violation_count
--------------------------------------------------------------------------
max cap violation count 0

==========================================================================
resizer setup_violation_count
--------------------------------------------------------------------------
setup violation count 0

==========================================================================
resizer hold_violation_count
--------------------------------------------------------------------------
hold violation count 0

==========================================================================
resizer critical path delay
--------------------------------------------------------------------------
62.8611

==========================================================================
resizer critical path slack
--------------------------------------------------------------------------
17.1389

==========================================================================
resizer slack div critical path delay
--------------------------------------------------------------------------
27.264715

==========================================================================
resizer report_power
--------------------------------------------------------------------------
Group                  Internal  Switching    Leakage      Total
                          Power      Power      Power      Power (Watts)
----------------------------------------------------------------
Sequential             0.00e+00   0.00e+00   0.00e+00   0.00e+00   0.0%
Combinational          2.05e+00   3.39e+00   4.73e-07   5.44e+00 100.0%
Clock                  0.00e+00   0.00e+00   0.00e+00   0.00e+00   0.0%
Macro                  0.00e+00   0.00e+00   0.00e+00   0.00e+00   0.0%
Pad                    0.00e+00   0.00e+00   0.00e+00   0.00e+00   0.0%
----------------------------------------------------------------
Total                  2.05e+00   3.39e+00   4.73e-07   5.44e+00 100.0%
                          37.7%      62.3%       0.0%
