
==========================================================================
resizer report_tns
--------------------------------------------------------------------------
tns 0.00

==========================================================================
resizer report_wns
--------------------------------------------------------------------------
wns 0.00

==========================================================================
resizer report_worst_slack
--------------------------------------------------------------------------
worst slack 8.44

==========================================================================
resizer report_checks -path_delay min
--------------------------------------------------------------------------
Startpoint: src_data[116] (input port clocked by clk)
Endpoint: result[116] (output port clocked by clk)
Path Group: clk
Path Type: min

Fanout     Cap    Slew   Delay    Time   Description
-----------------------------------------------------------------------------
                  0.00    0.00    0.00   clock clk (rise edge)
                          0.00    0.00   clock network delay (ideal)
                          4.00    4.00 ^ input external delay
     1    0.01    0.00    0.00    4.00 ^ src_data[116] (in)
                                         src_data[116] (net)
                  0.00    0.00    4.00 ^ input25/I (gf180mcu_fd_sc_mcu9t5v0__clkbuf_3)
     5    0.07    0.20    0.20    4.20 ^ input25/Z (gf180mcu_fd_sc_mcu9t5v0__clkbuf_3)
                                         net25 (net)
                  0.20    0.00    4.20 ^ _0715_/I (gf180mcu_fd_sc_mcu9t5v0__clkinv_2)
     1    0.01    0.10    0.08    4.28 v _0715_/ZN (gf180mcu_fd_sc_mcu9t5v0__clkinv_2)
                                         _0099_ (net)
                  0.10    0.00    4.28 v _0720_/A1 (gf180mcu_fd_sc_mcu9t5v0__oai22_2)
     1    0.00    0.10    0.09    4.36 ^ _0720_/ZN (gf180mcu_fd_sc_mcu9t5v0__oai22_2)
                                         net153 (net)
                  0.10    0.00    4.36 ^ output153/I (gf180mcu_fd_sc_mcu9t5v0__dlyb_2)
     1    0.00    0.07    0.56    4.92 ^ output153/Z (gf180mcu_fd_sc_mcu9t5v0__dlyb_2)
                                         result[116] (net)
                  0.07    0.00    4.92 ^ result[116] (out)
                                  4.92   data arrival time

                  0.00    0.00    0.00   clock clk (rise edge)
                          0.00    0.00   clock network delay (ideal)
                          0.00    0.00   clock reconvergence pessimism
                         -4.00   -4.00   output external delay
                                 -4.00   data required time
-----------------------------------------------------------------------------
                                 -4.00   data required time
                                 -4.92   data arrival time
-----------------------------------------------------------------------------
                                  8.92   slack (MET)



==========================================================================
resizer report_checks -path_delay max
--------------------------------------------------------------------------
Startpoint: osize_vec[4] (input port clocked by clk)
Endpoint: result[50] (output port clocked by clk)
Path Group: clk
Path Type: max

Fanout     Cap    Slew   Delay    Time   Description
-----------------------------------------------------------------------------
                  0.00    0.00    0.00   clock clk (rise edge)
                          0.00    0.00   clock network delay (ideal)
                          4.00    4.00 v input external delay
     1    0.00    0.00    0.00    4.00 v osize_vec[4] (in)
                                         osize_vec[4] (net)
                  0.00    0.00    4.00 v input6/I (gf180mcu_fd_sc_mcu9t5v0__dlyb_2)
     1    0.03    0.23    0.75    4.75 v input6/Z (gf180mcu_fd_sc_mcu9t5v0__dlyb_2)
                                         net6 (net)
                  0.23    0.00    4.75 v _0612_/A1 (gf180mcu_fd_sc_mcu9t5v0__nor2_4)
    21    0.37    1.22    0.73    5.48 ^ _0612_/ZN (gf180mcu_fd_sc_mcu9t5v0__nor2_4)
                                         _0014_ (net)
                  1.22    0.00    5.48 ^ load_slew267/I (gf180mcu_fd_sc_mcu9t5v0__clkbuf_20)
    15    0.37    0.18    0.31    5.80 ^ load_slew267/Z (gf180mcu_fd_sc_mcu9t5v0__clkbuf_20)
                                         net267 (net)
                  0.18    0.00    5.80 ^ load_slew266/I (gf180mcu_fd_sc_mcu9t5v0__clkbuf_20)
    26    0.50    0.21    0.23    6.03 ^ load_slew266/Z (gf180mcu_fd_sc_mcu9t5v0__clkbuf_20)
                                         net266 (net)
                  0.21    0.00    6.03 ^ load_slew265/I (gf180mcu_fd_sc_mcu9t5v0__buf_20)
    25    0.60    0.24    0.23    6.26 ^ load_slew265/Z (gf180mcu_fd_sc_mcu9t5v0__buf_20)
                                         net265 (net)
                  0.24    0.00    6.26 ^ load_slew264/I (gf180mcu_fd_sc_mcu9t5v0__clkbuf_20)
    21    0.43    0.18    0.23    6.49 ^ load_slew264/Z (gf180mcu_fd_sc_mcu9t5v0__clkbuf_20)
                                         net264 (net)
                  0.18    0.00    6.49 ^ load_slew263/I (gf180mcu_fd_sc_mcu9t5v0__clkbuf_20)
    25    0.39    0.17    0.21    6.70 ^ load_slew263/Z (gf180mcu_fd_sc_mcu9t5v0__clkbuf_20)
                                         net263 (net)
                  0.17    0.00    6.70 ^ _1032_/A2 (gf180mcu_fd_sc_mcu9t5v0__oai22_2)
     1    0.01    0.29    0.10    6.80 v _1032_/ZN (gf180mcu_fd_sc_mcu9t5v0__oai22_2)
                                         net208 (net)
                  0.29    0.00    6.80 v output208/I (gf180mcu_fd_sc_mcu9t5v0__dlyb_2)
     1    0.00    0.14    0.77    7.56 v output208/Z (gf180mcu_fd_sc_mcu9t5v0__dlyb_2)
                                         result[50] (net)
                  0.14    0.00    7.56 v result[50] (out)
                                  7.56   data arrival time

                  0.00   20.00   20.00   clock clk (rise edge)
                          0.00   20.00   clock network delay (ideal)
                          0.00   20.00   clock reconvergence pessimism
                         -4.00   16.00   output external delay
                                 16.00   data required time
-----------------------------------------------------------------------------
                                 16.00   data required time
                                 -7.56   data arrival time
-----------------------------------------------------------------------------
                                  8.44   slack (MET)



==========================================================================
resizer report_checks -unconstrained
--------------------------------------------------------------------------
Startpoint: osize_vec[4] (input port clocked by clk)
Endpoint: result[50] (output port clocked by clk)
Path Group: clk
Path Type: max

Fanout     Cap    Slew   Delay    Time   Description
-----------------------------------------------------------------------------
                  0.00    0.00    0.00   clock clk (rise edge)
                          0.00    0.00   clock network delay (ideal)
                          4.00    4.00 v input external delay
     1    0.00    0.00    0.00    4.00 v osize_vec[4] (in)
                                         osize_vec[4] (net)
                  0.00    0.00    4.00 v input6/I (gf180mcu_fd_sc_mcu9t5v0__dlyb_2)
     1    0.03    0.23    0.75    4.75 v input6/Z (gf180mcu_fd_sc_mcu9t5v0__dlyb_2)
                                         net6 (net)
                  0.23    0.00    4.75 v _0612_/A1 (gf180mcu_fd_sc_mcu9t5v0__nor2_4)
    21    0.37    1.22    0.73    5.48 ^ _0612_/ZN (gf180mcu_fd_sc_mcu9t5v0__nor2_4)
                                         _0014_ (net)
                  1.22    0.00    5.48 ^ load_slew267/I (gf180mcu_fd_sc_mcu9t5v0__clkbuf_20)
    15    0.37    0.18    0.31    5.80 ^ load_slew267/Z (gf180mcu_fd_sc_mcu9t5v0__clkbuf_20)
                                         net267 (net)
                  0.18    0.00    5.80 ^ load_slew266/I (gf180mcu_fd_sc_mcu9t5v0__clkbuf_20)
    26    0.50    0.21    0.23    6.03 ^ load_slew266/Z (gf180mcu_fd_sc_mcu9t5v0__clkbuf_20)
                                         net266 (net)
                  0.21    0.00    6.03 ^ load_slew265/I (gf180mcu_fd_sc_mcu9t5v0__buf_20)
    25    0.60    0.24    0.23    6.26 ^ load_slew265/Z (gf180mcu_fd_sc_mcu9t5v0__buf_20)
                                         net265 (net)
                  0.24    0.00    6.26 ^ load_slew264/I (gf180mcu_fd_sc_mcu9t5v0__clkbuf_20)
    21    0.43    0.18    0.23    6.49 ^ load_slew264/Z (gf180mcu_fd_sc_mcu9t5v0__clkbuf_20)
                                         net264 (net)
                  0.18    0.00    6.49 ^ load_slew263/I (gf180mcu_fd_sc_mcu9t5v0__clkbuf_20)
    25    0.39    0.17    0.21    6.70 ^ load_slew263/Z (gf180mcu_fd_sc_mcu9t5v0__clkbuf_20)
                                         net263 (net)
                  0.17    0.00    6.70 ^ _1032_/A2 (gf180mcu_fd_sc_mcu9t5v0__oai22_2)
     1    0.01    0.29    0.10    6.80 v _1032_/ZN (gf180mcu_fd_sc_mcu9t5v0__oai22_2)
                                         net208 (net)
                  0.29    0.00    6.80 v output208/I (gf180mcu_fd_sc_mcu9t5v0__dlyb_2)
     1    0.00    0.14    0.77    7.56 v output208/Z (gf180mcu_fd_sc_mcu9t5v0__dlyb_2)
                                         result[50] (net)
                  0.14    0.00    7.56 v result[50] (out)
                                  7.56   data arrival time

                  0.00   20.00   20.00   clock clk (rise edge)
                          0.00   20.00   clock network delay (ideal)
                          0.00   20.00   clock reconvergence pessimism
                         -4.00   16.00   output external delay
                                 16.00   data required time
-----------------------------------------------------------------------------
                                 16.00   data required time
                                 -7.56   data arrival time
-----------------------------------------------------------------------------
                                  8.44   slack (MET)



==========================================================================
resizer report_check_types -max_slew -max_cap -max_fanout -violators
--------------------------------------------------------------------------

==========================================================================
resizer max_slew_check_slack
--------------------------------------------------------------------------
1.5825668573379517

==========================================================================
resizer max_slew_check_limit
--------------------------------------------------------------------------
2.799999952316284

==========================================================================
resizer max_slew_check_slack_limit
--------------------------------------------------------------------------
0.5652

==========================================================================
resizer max_fanout_check_slack
--------------------------------------------------------------------------
1.0000000150474662e+30

==========================================================================
resizer max_fanout_check_limit
--------------------------------------------------------------------------
1.0000000150474662e+30

==========================================================================
resizer max_capacitance_check_slack
--------------------------------------------------------------------------
0.39157360792160034

==========================================================================
resizer max_capacitance_check_limit
--------------------------------------------------------------------------
0.4104999899864197

==========================================================================
resizer max_capacitance_check_slack_limit
--------------------------------------------------------------------------
0.9539

==========================================================================
resizer max_slew_violation_count
--------------------------------------------------------------------------
max slew violation count 0

==========================================================================
resizer max_fanout_violation_count
--------------------------------------------------------------------------
max fanout violation count 0

==========================================================================
resizer max_cap_violation_count
--------------------------------------------------------------------------
max cap violation count 0

==========================================================================
resizer setup_violation_count
--------------------------------------------------------------------------
setup violation count 0

==========================================================================
resizer hold_violation_count
--------------------------------------------------------------------------
hold violation count 0

==========================================================================
resizer critical path delay
--------------------------------------------------------------------------
7.5648

==========================================================================
resizer critical path slack
--------------------------------------------------------------------------
8.4352

==========================================================================
resizer slack div critical path delay
--------------------------------------------------------------------------
111.505922

==========================================================================
resizer report_power
--------------------------------------------------------------------------
Group                  Internal  Switching    Leakage      Total
                          Power      Power      Power      Power (Watts)
----------------------------------------------------------------
Sequential             0.00e+00   0.00e+00   0.00e+00   0.00e+00   0.0%
Combinational          4.78e-03   3.04e-03   2.10e-07   7.82e-03 100.0%
Clock                  0.00e+00   0.00e+00   1.33e-07   1.33e-07   0.0%
Macro                  0.00e+00   0.00e+00   0.00e+00   0.00e+00   0.0%
Pad                    0.00e+00   0.00e+00   0.00e+00   0.00e+00   0.0%
----------------------------------------------------------------
Total                  4.78e-03   3.04e-03   3.43e-07   7.82e-03 100.0%
                          61.1%      38.9%       0.0%
