
==========================================================================
global place report_tns
--------------------------------------------------------------------------
tns 0.00

==========================================================================
global place report_wns
--------------------------------------------------------------------------
wns 0.00

==========================================================================
global place report_worst_slack
--------------------------------------------------------------------------
worst slack 15.42

==========================================================================
global place report_checks -path_delay min
--------------------------------------------------------------------------
Startpoint: srca[7] (input port clocked by clk)
Endpoint: result[7] (output port clocked by clk)
Path Group: clk
Path Type: min

Fanout     Cap    Slew   Delay    Time   Description
-----------------------------------------------------------------------------
                  0.00    0.00    0.00   clock clk (rise edge)
                          0.00    0.00   clock network delay (ideal)
                         12.00   12.00 ^ input external delay
     1    0.00    0.00    0.00   12.00 ^ srca[7] (in)
                                         srca[7] (net)
                  0.00    0.00   12.00 ^ _14935_/B_N (sky130_fd_sc_hd__nor2b_1)
     1    0.00    0.05    0.07   12.07 ^ _14935_/Y (sky130_fd_sc_hd__nor2b_1)
                                         result[7] (net)
                  0.05    0.00   12.07 ^ result[7] (out)
                                 12.07   data arrival time

                  0.00    0.00    0.00   clock clk (rise edge)
                          0.00    0.00   clock network delay (ideal)
                          0.00    0.00   clock reconvergence pessimism
                        -12.00  -12.00   output external delay
                                -12.00   data required time
-----------------------------------------------------------------------------
                                -12.00   data required time
                                -12.07   data arrival time
-----------------------------------------------------------------------------
                                 24.07   slack (MET)



==========================================================================
global place report_checks -path_delay max
--------------------------------------------------------------------------
Startpoint: dst_osize_vector[0] (input port clocked by clk)
Endpoint: result[139] (output port clocked by clk)
Path Group: clk
Path Type: max

Fanout     Cap    Slew   Delay    Time   Description
-----------------------------------------------------------------------------
                  0.00    0.00    0.00   clock clk (rise edge)
                          0.00    0.00   clock network delay (ideal)
                         12.00   12.00 ^ input external delay
    55    0.37    0.00    0.00   12.00 ^ dst_osize_vector[0] (in)
                                         dst_osize_vector[0] (net)
                  0.25    0.12   12.12 ^ _08660_/A (sky130_fd_sc_hd__and2_1)
   238    1.01    9.47    6.71   18.83 ^ _08660_/X (sky130_fd_sc_hd__and2_1)
                                         _00701_ (net)
                  9.47    0.08   18.91 ^ _08700_/B (sky130_fd_sc_hd__nand2_1)
     8    0.07    1.75    2.90   21.81 v _08700_/Y (sky130_fd_sc_hd__nand2_1)
                                         _00741_ (net)
                  1.75    0.01   21.82 v _11183_/A1 (sky130_fd_sc_hd__o21ai_1)
     2    0.01    0.42    0.71   22.53 ^ _11183_/Y (sky130_fd_sc_hd__o21ai_1)
                                         _03217_ (net)
                  0.42    0.00   22.53 ^ _11184_/B (sky130_fd_sc_hd__xor2_1)
     7    0.02    0.48    0.46   22.98 ^ _11184_/X (sky130_fd_sc_hd__xor2_1)
                                         _03218_ (net)
                  0.48    0.00   22.98 ^ _11194_/C (sky130_fd_sc_hd__and3_1)
     2    0.01    0.09    0.26   23.24 ^ _11194_/X (sky130_fd_sc_hd__and3_1)
                                         _03228_ (net)
                  0.09    0.00   23.24 ^ _11215_/C (sky130_fd_sc_hd__nor3_1)
     4    0.01    1.34    0.09   23.33 v _11215_/Y (sky130_fd_sc_hd__nor3_1)
                                         _03249_ (net)
                  1.34    0.00   23.33 v _11233_/A1 (sky130_fd_sc_hd__o2111ai_1)
     1    0.00    0.31    0.59   23.92 ^ _11233_/Y (sky130_fd_sc_hd__o2111ai_1)
                                         _03267_ (net)
                  0.31    0.00   23.92 ^ _11234_/C1 (sky130_fd_sc_hd__o311a_1)
     2    0.01    0.08    0.25   24.17 ^ _11234_/X (sky130_fd_sc_hd__o311a_1)
                                         _03268_ (net)
                  0.08    0.00   24.17 ^ _11238_/B (sky130_fd_sc_hd__nand4_1)
     3    0.01    1.58    0.14   24.31 v _11238_/Y (sky130_fd_sc_hd__nand4_1)
                                         _03272_ (net)
                  1.58    0.00   24.31 v _11240_/A2 (sky130_fd_sc_hd__a21oi_1)
     5    0.01    0.49    0.78   25.09 ^ _11240_/Y (sky130_fd_sc_hd__a21oi_1)
                                         _03274_ (net)
                  0.49    0.00   25.09 ^ _11272_/A1 (sky130_fd_sc_hd__o2111ai_1)
     2    0.01    1.22    0.22   25.32 v _11272_/Y (sky130_fd_sc_hd__o2111ai_1)
                                         _03306_ (net)
                  1.22    0.00   25.32 v _11275_/D (sky130_fd_sc_hd__nand4_1)
     2    0.01    0.29    0.47   25.79 ^ _11275_/Y (sky130_fd_sc_hd__nand4_1)
                                         _03309_ (net)
                  0.29    0.00   25.79 ^ _11276_/C (sky130_fd_sc_hd__nand3_1)
     3    0.01    1.35    0.17   25.96 v _11276_/Y (sky130_fd_sc_hd__nand3_1)
                                         _03310_ (net)
                  1.35    0.00   25.96 v _12146_/C (sky130_fd_sc_hd__and3_1)
     1    0.01    0.09    0.68   26.64 v _12146_/X (sky130_fd_sc_hd__and3_1)
                                         _04206_ (net)
                  0.09    0.00   26.64 v _12151_/A2 (sky130_fd_sc_hd__a2111oi_4)
     5    0.02    0.56    0.49   27.13 ^ _12151_/Y (sky130_fd_sc_hd__a2111oi_4)
                                         _04212_ (net)
                  0.56    0.00   27.13 ^ _12157_/A2 (sky130_fd_sc_hd__a211oi_1)
     2    0.01    1.18    0.18   27.32 v _12157_/Y (sky130_fd_sc_hd__a211oi_1)
                                         _04218_ (net)
                  1.18    0.00   27.32 v _12160_/C (sky130_fd_sc_hd__nand3_1)
     3    0.01    0.31    0.50   27.82 ^ _12160_/Y (sky130_fd_sc_hd__nand3_1)
                                         _04222_ (net)
                  0.31    0.00   27.82 ^ _12813_/A3 (sky130_fd_sc_hd__a31oi_1)
     1    0.01    1.27    0.15   27.97 v _12813_/Y (sky130_fd_sc_hd__a31oi_1)
                                         _04931_ (net)
                  1.27    0.00   27.97 v _12814_/B (sky130_fd_sc_hd__xor2_1)
     2    0.01    0.16    0.46   28.43 v _12814_/X (sky130_fd_sc_hd__xor2_1)
                                         _04932_ (net)
                  0.16    0.00   28.43 v _13911_/B1 (sky130_fd_sc_hd__a221oi_1)
     1    0.00    0.74    0.29   28.72 ^ _13911_/Y (sky130_fd_sc_hd__a221oi_1)
                                         _06122_ (net)
                  0.74    0.00   28.72 ^ _13912_/B1 (sky130_fd_sc_hd__o31ai_1)
     2    0.01    1.08    0.23   28.94 v _13912_/Y (sky130_fd_sc_hd__o31ai_1)
                                         _06123_ (net)
                  1.08    0.00   28.94 v _13914_/B (sky130_fd_sc_hd__or4b_1)
     2    0.01    0.11    0.84   29.78 v _13914_/X (sky130_fd_sc_hd__or4b_1)
                                         _06125_ (net)
                  0.11    0.00   29.78 v _13915_/C (sky130_fd_sc_hd__and3_1)
     1    0.02    0.11    0.28   30.06 v _13915_/X (sky130_fd_sc_hd__and3_1)
                                         _06126_ (net)
                  0.11    0.00   30.06 v _13952_/B1 (sky130_fd_sc_hd__o221ai_1)
     1    0.16    3.30    2.46   32.52 ^ _13952_/Y (sky130_fd_sc_hd__o221ai_1)
                                         result[139] (net)
                  3.30    0.07   32.58 ^ result[139] (out)
                                 32.58   data arrival time

                  0.00   60.00   60.00   clock clk (rise edge)
                          0.00   60.00   clock network delay (ideal)
                          0.00   60.00   clock reconvergence pessimism
                        -12.00   48.00   output external delay
                                 48.00   data required time
-----------------------------------------------------------------------------
                                 48.00   data required time
                                -32.58   data arrival time
-----------------------------------------------------------------------------
                                 15.42   slack (MET)



==========================================================================
global place report_checks -unconstrained
--------------------------------------------------------------------------
Startpoint: dst_osize_vector[0] (input port clocked by clk)
Endpoint: result[139] (output port clocked by clk)
Path Group: clk
Path Type: max

Fanout     Cap    Slew   Delay    Time   Description
-----------------------------------------------------------------------------
                  0.00    0.00    0.00   clock clk (rise edge)
                          0.00    0.00   clock network delay (ideal)
                         12.00   12.00 ^ input external delay
    55    0.37    0.00    0.00   12.00 ^ dst_osize_vector[0] (in)
                                         dst_osize_vector[0] (net)
                  0.25    0.12   12.12 ^ _08660_/A (sky130_fd_sc_hd__and2_1)
   238    1.01    9.47    6.71   18.83 ^ _08660_/X (sky130_fd_sc_hd__and2_1)
                                         _00701_ (net)
                  9.47    0.08   18.91 ^ _08700_/B (sky130_fd_sc_hd__nand2_1)
     8    0.07    1.75    2.90   21.81 v _08700_/Y (sky130_fd_sc_hd__nand2_1)
                                         _00741_ (net)
                  1.75    0.01   21.82 v _11183_/A1 (sky130_fd_sc_hd__o21ai_1)
     2    0.01    0.42    0.71   22.53 ^ _11183_/Y (sky130_fd_sc_hd__o21ai_1)
                                         _03217_ (net)
                  0.42    0.00   22.53 ^ _11184_/B (sky130_fd_sc_hd__xor2_1)
     7    0.02    0.48    0.46   22.98 ^ _11184_/X (sky130_fd_sc_hd__xor2_1)
                                         _03218_ (net)
                  0.48    0.00   22.98 ^ _11194_/C (sky130_fd_sc_hd__and3_1)
     2    0.01    0.09    0.26   23.24 ^ _11194_/X (sky130_fd_sc_hd__and3_1)
                                         _03228_ (net)
                  0.09    0.00   23.24 ^ _11215_/C (sky130_fd_sc_hd__nor3_1)
     4    0.01    1.34    0.09   23.33 v _11215_/Y (sky130_fd_sc_hd__nor3_1)
                                         _03249_ (net)
                  1.34    0.00   23.33 v _11233_/A1 (sky130_fd_sc_hd__o2111ai_1)
     1    0.00    0.31    0.59   23.92 ^ _11233_/Y (sky130_fd_sc_hd__o2111ai_1)
                                         _03267_ (net)
                  0.31    0.00   23.92 ^ _11234_/C1 (sky130_fd_sc_hd__o311a_1)
     2    0.01    0.08    0.25   24.17 ^ _11234_/X (sky130_fd_sc_hd__o311a_1)
                                         _03268_ (net)
                  0.08    0.00   24.17 ^ _11238_/B (sky130_fd_sc_hd__nand4_1)
     3    0.01    1.58    0.14   24.31 v _11238_/Y (sky130_fd_sc_hd__nand4_1)
                                         _03272_ (net)
                  1.58    0.00   24.31 v _11240_/A2 (sky130_fd_sc_hd__a21oi_1)
     5    0.01    0.49    0.78   25.09 ^ _11240_/Y (sky130_fd_sc_hd__a21oi_1)
                                         _03274_ (net)
                  0.49    0.00   25.09 ^ _11272_/A1 (sky130_fd_sc_hd__o2111ai_1)
     2    0.01    1.22    0.22   25.32 v _11272_/Y (sky130_fd_sc_hd__o2111ai_1)
                                         _03306_ (net)
                  1.22    0.00   25.32 v _11275_/D (sky130_fd_sc_hd__nand4_1)
     2    0.01    0.29    0.47   25.79 ^ _11275_/Y (sky130_fd_sc_hd__nand4_1)
                                         _03309_ (net)
                  0.29    0.00   25.79 ^ _11276_/C (sky130_fd_sc_hd__nand3_1)
     3    0.01    1.35    0.17   25.96 v _11276_/Y (sky130_fd_sc_hd__nand3_1)
                                         _03310_ (net)
                  1.35    0.00   25.96 v _12146_/C (sky130_fd_sc_hd__and3_1)
     1    0.01    0.09    0.68   26.64 v _12146_/X (sky130_fd_sc_hd__and3_1)
                                         _04206_ (net)
                  0.09    0.00   26.64 v _12151_/A2 (sky130_fd_sc_hd__a2111oi_4)
     5    0.02    0.56    0.49   27.13 ^ _12151_/Y (sky130_fd_sc_hd__a2111oi_4)
                                         _04212_ (net)
                  0.56    0.00   27.13 ^ _12157_/A2 (sky130_fd_sc_hd__a211oi_1)
     2    0.01    1.18    0.18   27.32 v _12157_/Y (sky130_fd_sc_hd__a211oi_1)
                                         _04218_ (net)
                  1.18    0.00   27.32 v _12160_/C (sky130_fd_sc_hd__nand3_1)
     3    0.01    0.31    0.50   27.82 ^ _12160_/Y (sky130_fd_sc_hd__nand3_1)
                                         _04222_ (net)
                  0.31    0.00   27.82 ^ _12813_/A3 (sky130_fd_sc_hd__a31oi_1)
     1    0.01    1.27    0.15   27.97 v _12813_/Y (sky130_fd_sc_hd__a31oi_1)
                                         _04931_ (net)
                  1.27    0.00   27.97 v _12814_/B (sky130_fd_sc_hd__xor2_1)
     2    0.01    0.16    0.46   28.43 v _12814_/X (sky130_fd_sc_hd__xor2_1)
                                         _04932_ (net)
                  0.16    0.00   28.43 v _13911_/B1 (sky130_fd_sc_hd__a221oi_1)
     1    0.00    0.74    0.29   28.72 ^ _13911_/Y (sky130_fd_sc_hd__a221oi_1)
                                         _06122_ (net)
                  0.74    0.00   28.72 ^ _13912_/B1 (sky130_fd_sc_hd__o31ai_1)
     2    0.01    1.08    0.23   28.94 v _13912_/Y (sky130_fd_sc_hd__o31ai_1)
                                         _06123_ (net)
                  1.08    0.00   28.94 v _13914_/B (sky130_fd_sc_hd__or4b_1)
     2    0.01    0.11    0.84   29.78 v _13914_/X (sky130_fd_sc_hd__or4b_1)
                                         _06125_ (net)
                  0.11    0.00   29.78 v _13915_/C (sky130_fd_sc_hd__and3_1)
     1    0.02    0.11    0.28   30.06 v _13915_/X (sky130_fd_sc_hd__and3_1)
                                         _06126_ (net)
                  0.11    0.00   30.06 v _13952_/B1 (sky130_fd_sc_hd__o221ai_1)
     1    0.16    3.30    2.46   32.52 ^ _13952_/Y (sky130_fd_sc_hd__o221ai_1)
                                         result[139] (net)
                  3.30    0.07   32.58 ^ result[139] (out)
                                 32.58   data arrival time

                  0.00   60.00   60.00   clock clk (rise edge)
                          0.00   60.00   clock network delay (ideal)
                          0.00   60.00   clock reconvergence pessimism
                        -12.00   48.00   output external delay
                                 48.00   data required time
-----------------------------------------------------------------------------
                                 48.00   data required time
                                -32.58   data arrival time
-----------------------------------------------------------------------------
                                 15.42   slack (MET)



==========================================================================
global place report_power
--------------------------------------------------------------------------
Group                  Internal  Switching    Leakage      Total
                          Power      Power      Power      Power (Watts)
----------------------------------------------------------------
Sequential             0.00e+00   0.00e+00   0.00e+00   0.00e+00   0.0%
Combinational          2.37e-04   6.49e-04   1.62e-08   8.86e-04 100.0%
Clock                  0.00e+00   0.00e+00   0.00e+00   0.00e+00   0.0%
Macro                  0.00e+00   0.00e+00   0.00e+00   0.00e+00   0.0%
Pad                    0.00e+00   0.00e+00   0.00e+00   0.00e+00   0.0%
----------------------------------------------------------------
Total                  2.37e-04   6.49e-04   1.62e-08   8.86e-04 100.0%
                          26.8%      73.2%       0.0%
