
==========================================================================
resizer report_tns
--------------------------------------------------------------------------
tns 0.00

==========================================================================
resizer report_wns
--------------------------------------------------------------------------
wns 0.00

==========================================================================
resizer report_worst_slack
--------------------------------------------------------------------------
worst slack 5.93

==========================================================================
resizer report_checks -path_delay min
--------------------------------------------------------------------------
Startpoint: srca[5] (input port clocked by clk)
Endpoint: result[5] (output port clocked by clk)
Path Group: clk
Path Type: min

Fanout     Cap    Slew   Delay    Time   Description
-----------------------------------------------------------------------------
                  0.00    0.00    0.00   clock clk (rise edge)
                          0.00    0.00   clock network delay (ideal)
                          3.00    3.00 ^ input external delay
     1    1.07    0.00    0.00    3.00 ^ srca[5] (in)
                                         srca[5] (net)
                  0.00    0.00    3.00 ^ input135/A (BUF_X1)
     1    1.16    0.01    0.02    3.02 ^ input135/Z (BUF_X1)
                                         net135 (net)
                  0.01    0.00    3.02 ^ _16324_/A1 (AND2_X1)
     1    1.03    0.01    0.03    3.04 ^ _16324_/ZN (AND2_X1)
                                         net438 (net)
                  0.01    0.00    3.04 ^ output438/A (BUF_X1)
     1    0.08    0.00    0.02    3.06 ^ output438/Z (BUF_X1)
                                         result[5] (net)
                  0.00    0.00    3.06 ^ result[5] (out)
                                  3.06   data arrival time

                  0.00    0.00    0.00   clock clk (rise edge)
                          0.00    0.00   clock network delay (ideal)
                          0.00    0.00   clock reconvergence pessimism
                         -3.00   -3.00   output external delay
                                 -3.00   data required time
-----------------------------------------------------------------------------
                                 -3.00   data required time
                                 -3.06   data arrival time
-----------------------------------------------------------------------------
                                  6.06   slack (MET)



==========================================================================
resizer report_checks -path_delay max
--------------------------------------------------------------------------
Startpoint: is_negate_srca (input port clocked by clk)
Endpoint: result[139] (output port clocked by clk)
Path Group: clk
Path Type: max

Fanout     Cap    Slew   Delay    Time   Description
-----------------------------------------------------------------------------
                  0.00    0.00    0.00   clock clk (rise edge)
                          0.00    0.00   clock network delay (ideal)
                          3.00    3.00 v input external delay
     1   23.72    0.00    0.00    3.00 v is_negate_srca (in)
                                         is_negate_srca (net)
                  0.00    0.00    3.00 v input15/A (BUF_X32)
     1   66.89    0.00    0.02    3.02 v input15/Z (BUF_X32)
                                         net15 (net)
                  0.08    0.06    3.08 v wire1465/A (BUF_X16)
     1   74.29    0.01    0.05    3.13 v wire1465/Z (BUF_X16)
                                         net1465 (net)
                  0.09    0.07    3.20 v wire1464/A (BUF_X32)
     1   78.02    0.01    0.05    3.25 v wire1464/Z (BUF_X32)
                                         net1464 (net)
                  0.10    0.08    3.33 v wire1463/A (BUF_X32)
     1   78.02    0.01    0.05    3.39 v wire1463/Z (BUF_X32)
                                         net1463 (net)
                  0.10    0.08    3.46 v wire1462/A (BUF_X32)
     8  107.85    0.01    0.05    3.52 v wire1462/Z (BUF_X32)
                                         net1462 (net)
                  0.14    0.11    3.63 v wire1461/A (BUF_X32)
   155  665.44    0.01    0.07    3.70 v wire1461/Z (BUF_X32)
                                         net1461 (net)
                  0.19    0.16    3.85 v _12890_/A (XNOR2_X2)
     3    9.18    0.05    0.09    3.95 v _12890_/ZN (XNOR2_X2)
                                         _03947_ (net)
                  0.05    0.00    3.95 v _12891_/B (XNOR2_X2)
     4   22.18    0.06    0.10    4.04 ^ _12891_/ZN (XNOR2_X2)
                                         _03948_ (net)
                  0.06    0.00    4.04 ^ _12903_/A2 (OAI22_X4)
     2    9.06    0.02    0.03    4.08 v _12903_/ZN (OAI22_X4)
                                         _03961_ (net)
                  0.02    0.00    4.08 v _12914_/B (XNOR2_X2)
     5   24.06    0.06    0.09    4.17 ^ _12914_/ZN (XNOR2_X2)
                                         _03973_ (net)
                  0.06    0.00    4.17 ^ _12916_/A2 (OAI22_X4)
     3   11.95    0.03    0.04    4.20 v _12916_/ZN (OAI22_X4)
                                         _03975_ (net)
                  0.03    0.00    4.20 v _12949_/A (AOI221_X2)
     5   20.99    0.10    0.15    4.35 ^ _12949_/ZN (AOI221_X2)
                                         _04012_ (net)
                  0.10    0.00    4.35 ^ _12996_/B3 (OAI33_X1)
     2    4.14    0.03    0.05    4.41 v _12996_/ZN (OAI33_X1)
                                         _04063_ (net)
                  0.03    0.00    4.41 v _13007_/A (AOI211_X2)
     3    5.03    0.04    0.08    4.49 ^ _13007_/ZN (AOI211_X2)
                                         _04075_ (net)
                  0.04    0.00    4.49 ^ _13027_/B (XNOR2_X1)
     1    2.05    0.02    0.05    4.53 ^ _13027_/ZN (XNOR2_X1)
                                         _04097_ (net)
                  0.02    0.00    4.53 ^ _13028_/S (MUX2_X1)
     1    1.07    0.01    0.06    4.59 v _13028_/Z (MUX2_X1)
                                         _04099_ (net)
                  0.01    0.00    4.59 v _13031_/A (MUX2_X1)
     2    6.57    0.01    0.07    4.66 v _13031_/Z (MUX2_X1)
                                         _04102_ (net)
                  0.01    0.00    4.66 v _14000_/B1 (AOI221_X2)
     2    4.08    0.04    0.07    4.74 ^ _14000_/ZN (AOI221_X2)
                                         _05158_ (net)
                  0.04    0.00    4.74 ^ _14001_/S (MUX2_X1)
     1    3.02    0.01    0.07    4.80 v _14001_/Z (MUX2_X1)
                                         _05159_ (net)
                  0.01    0.00    4.80 v _14007_/A (AOI211_X2)
     5   16.54    0.08    0.12    4.92 ^ _14007_/ZN (AOI211_X2)
                                         _05165_ (net)
                  0.08    0.00    4.92 ^ _14020_/S (MUX2_X1)
     1    5.58    0.01    0.07    5.00 v _14020_/Z (MUX2_X1)
                                         _05180_ (net)
                  0.01    0.00    5.00 v _14023_/A3 (NOR4_X4)
     2    7.41    0.04    0.08    5.08 ^ _14023_/ZN (NOR4_X4)
                                         _05183_ (net)
                  0.04    0.00    5.08 ^ _15301_/S (MUX2_X1)
     1    3.19    0.01    0.07    5.14 v _15301_/Z (MUX2_X1)
                                         _06571_ (net)
                  0.01    0.00    5.14 v _15303_/B (AOI211_X2)
     3    5.34    0.04    0.07    5.22 ^ _15303_/ZN (AOI211_X2)
                                         _06573_ (net)
                  0.04    0.00    5.22 ^ _15905_/A3 (NAND3_X1)
     1    2.92    0.02    0.03    5.25 v _15905_/ZN (NAND3_X1)
                                         _07227_ (net)
                  0.02    0.00    5.25 v _15906_/B (OAI211_X2)
     3    4.76    0.02    0.03    5.27 ^ _15906_/ZN (OAI211_X2)
                                         _07228_ (net)
                  0.02    0.00    5.27 ^ _15917_/A2 (NOR4_X1)
     1    3.06    0.01    0.02    5.29 v _15917_/ZN (NOR4_X1)
                                         _07240_ (net)
                  0.01    0.00    5.29 v _15923_/A (AOI211_X2)
     1   15.68    0.08    0.12    5.41 ^ _15923_/ZN (AOI211_X2)
                                         _07247_ (net)
                  0.08    0.00    5.41 ^ _15924_/B (XNOR2_X2)
     1    6.32    0.05    0.05    5.47 ^ _15924_/ZN (XNOR2_X2)
                                         _07248_ (net)
                  0.05    0.00    5.47 ^ _15925_/A2 (NAND2_X4)
     1   65.39    0.03    0.04    5.51 v _15925_/ZN (NAND2_X4)
                                         net382 (net)
                  0.08    0.07    5.57 v wire623/A (BUF_X16)
     1   59.96    0.01    0.05    5.63 v wire623/Z (BUF_X16)
                                         net623 (net)
                  0.06    0.05    5.68 v wire622/A (BUF_X16)
     1   77.39    0.01    0.05    5.72 v wire622/Z (BUF_X16)
                                         net622 (net)
                  0.10    0.08    5.80 v wire621/A (BUF_X32)
     1   77.13    0.01    0.05    5.85 v wire621/Z (BUF_X32)
                                         net621 (net)
                  0.09    0.08    5.93 v wire620/A (BUF_X32)
     1   54.37    0.01    0.05    5.98 v wire620/Z (BUF_X32)
                                         net620 (net)
                  0.05    0.04    6.03 v output382/A (BUF_X1)
     1    0.08    0.01    0.04    6.07 v output382/Z (BUF_X1)
                                         result[139] (net)
                  0.01    0.00    6.07 v result[139] (out)
                                  6.07   data arrival time

                  0.00   15.00   15.00   clock clk (rise edge)
                          0.00   15.00   clock network delay (ideal)
                          0.00   15.00   clock reconvergence pessimism
                         -3.00   12.00   output external delay
                                 12.00   data required time
-----------------------------------------------------------------------------
                                 12.00   data required time
                                 -6.07   data arrival time
-----------------------------------------------------------------------------
                                  5.93   slack (MET)



==========================================================================
resizer report_checks -unconstrained
--------------------------------------------------------------------------
Startpoint: is_negate_srca (input port clocked by clk)
Endpoint: result[139] (output port clocked by clk)
Path Group: clk
Path Type: max

Fanout     Cap    Slew   Delay    Time   Description
-----------------------------------------------------------------------------
                  0.00    0.00    0.00   clock clk (rise edge)
                          0.00    0.00   clock network delay (ideal)
                          3.00    3.00 v input external delay
     1   23.72    0.00    0.00    3.00 v is_negate_srca (in)
                                         is_negate_srca (net)
                  0.00    0.00    3.00 v input15/A (BUF_X32)
     1   66.89    0.00    0.02    3.02 v input15/Z (BUF_X32)
                                         net15 (net)
                  0.08    0.06    3.08 v wire1465/A (BUF_X16)
     1   74.29    0.01    0.05    3.13 v wire1465/Z (BUF_X16)
                                         net1465 (net)
                  0.09    0.07    3.20 v wire1464/A (BUF_X32)
     1   78.02    0.01    0.05    3.25 v wire1464/Z (BUF_X32)
                                         net1464 (net)
                  0.10    0.08    3.33 v wire1463/A (BUF_X32)
     1   78.02    0.01    0.05    3.39 v wire1463/Z (BUF_X32)
                                         net1463 (net)
                  0.10    0.08    3.46 v wire1462/A (BUF_X32)
     8  107.85    0.01    0.05    3.52 v wire1462/Z (BUF_X32)
                                         net1462 (net)
                  0.14    0.11    3.63 v wire1461/A (BUF_X32)
   155  665.44    0.01    0.07    3.70 v wire1461/Z (BUF_X32)
                                         net1461 (net)
                  0.19    0.16    3.85 v _12890_/A (XNOR2_X2)
     3    9.18    0.05    0.09    3.95 v _12890_/ZN (XNOR2_X2)
                                         _03947_ (net)
                  0.05    0.00    3.95 v _12891_/B (XNOR2_X2)
     4   22.18    0.06    0.10    4.04 ^ _12891_/ZN (XNOR2_X2)
                                         _03948_ (net)
                  0.06    0.00    4.04 ^ _12903_/A2 (OAI22_X4)
     2    9.06    0.02    0.03    4.08 v _12903_/ZN (OAI22_X4)
                                         _03961_ (net)
                  0.02    0.00    4.08 v _12914_/B (XNOR2_X2)
     5   24.06    0.06    0.09    4.17 ^ _12914_/ZN (XNOR2_X2)
                                         _03973_ (net)
                  0.06    0.00    4.17 ^ _12916_/A2 (OAI22_X4)
     3   11.95    0.03    0.04    4.20 v _12916_/ZN (OAI22_X4)
                                         _03975_ (net)
                  0.03    0.00    4.20 v _12949_/A (AOI221_X2)
     5   20.99    0.10    0.15    4.35 ^ _12949_/ZN (AOI221_X2)
                                         _04012_ (net)
                  0.10    0.00    4.35 ^ _12996_/B3 (OAI33_X1)
     2    4.14    0.03    0.05    4.41 v _12996_/ZN (OAI33_X1)
                                         _04063_ (net)
                  0.03    0.00    4.41 v _13007_/A (AOI211_X2)
     3    5.03    0.04    0.08    4.49 ^ _13007_/ZN (AOI211_X2)
                                         _04075_ (net)
                  0.04    0.00    4.49 ^ _13027_/B (XNOR2_X1)
     1    2.05    0.02    0.05    4.53 ^ _13027_/ZN (XNOR2_X1)
                                         _04097_ (net)
                  0.02    0.00    4.53 ^ _13028_/S (MUX2_X1)
     1    1.07    0.01    0.06    4.59 v _13028_/Z (MUX2_X1)
                                         _04099_ (net)
                  0.01    0.00    4.59 v _13031_/A (MUX2_X1)
     2    6.57    0.01    0.07    4.66 v _13031_/Z (MUX2_X1)
                                         _04102_ (net)
                  0.01    0.00    4.66 v _14000_/B1 (AOI221_X2)
     2    4.08    0.04    0.07    4.74 ^ _14000_/ZN (AOI221_X2)
                                         _05158_ (net)
                  0.04    0.00    4.74 ^ _14001_/S (MUX2_X1)
     1    3.02    0.01    0.07    4.80 v _14001_/Z (MUX2_X1)
                                         _05159_ (net)
                  0.01    0.00    4.80 v _14007_/A (AOI211_X2)
     5   16.54    0.08    0.12    4.92 ^ _14007_/ZN (AOI211_X2)
                                         _05165_ (net)
                  0.08    0.00    4.92 ^ _14020_/S (MUX2_X1)
     1    5.58    0.01    0.07    5.00 v _14020_/Z (MUX2_X1)
                                         _05180_ (net)
                  0.01    0.00    5.00 v _14023_/A3 (NOR4_X4)
     2    7.41    0.04    0.08    5.08 ^ _14023_/ZN (NOR4_X4)
                                         _05183_ (net)
                  0.04    0.00    5.08 ^ _15301_/S (MUX2_X1)
     1    3.19    0.01    0.07    5.14 v _15301_/Z (MUX2_X1)
                                         _06571_ (net)
                  0.01    0.00    5.14 v _15303_/B (AOI211_X2)
     3    5.34    0.04    0.07    5.22 ^ _15303_/ZN (AOI211_X2)
                                         _06573_ (net)
                  0.04    0.00    5.22 ^ _15905_/A3 (NAND3_X1)
     1    2.92    0.02    0.03    5.25 v _15905_/ZN (NAND3_X1)
                                         _07227_ (net)
                  0.02    0.00    5.25 v _15906_/B (OAI211_X2)
     3    4.76    0.02    0.03    5.27 ^ _15906_/ZN (OAI211_X2)
                                         _07228_ (net)
                  0.02    0.00    5.27 ^ _15917_/A2 (NOR4_X1)
     1    3.06    0.01    0.02    5.29 v _15917_/ZN (NOR4_X1)
                                         _07240_ (net)
                  0.01    0.00    5.29 v _15923_/A (AOI211_X2)
     1   15.68    0.08    0.12    5.41 ^ _15923_/ZN (AOI211_X2)
                                         _07247_ (net)
                  0.08    0.00    5.41 ^ _15924_/B (XNOR2_X2)
     1    6.32    0.05    0.05    5.47 ^ _15924_/ZN (XNOR2_X2)
                                         _07248_ (net)
                  0.05    0.00    5.47 ^ _15925_/A2 (NAND2_X4)
     1   65.39    0.03    0.04    5.51 v _15925_/ZN (NAND2_X4)
                                         net382 (net)
                  0.08    0.07    5.57 v wire623/A (BUF_X16)
     1   59.96    0.01    0.05    5.63 v wire623/Z (BUF_X16)
                                         net623 (net)
                  0.06    0.05    5.68 v wire622/A (BUF_X16)
     1   77.39    0.01    0.05    5.72 v wire622/Z (BUF_X16)
                                         net622 (net)
                  0.10    0.08    5.80 v wire621/A (BUF_X32)
     1   77.13    0.01    0.05    5.85 v wire621/Z (BUF_X32)
                                         net621 (net)
                  0.09    0.08    5.93 v wire620/A (BUF_X32)
     1   54.37    0.01    0.05    5.98 v wire620/Z (BUF_X32)
                                         net620 (net)
                  0.05    0.04    6.03 v output382/A (BUF_X1)
     1    0.08    0.01    0.04    6.07 v output382/Z (BUF_X1)
                                         result[139] (net)
                  0.01    0.00    6.07 v result[139] (out)
                                  6.07   data arrival time

                  0.00   15.00   15.00   clock clk (rise edge)
                          0.00   15.00   clock network delay (ideal)
                          0.00   15.00   clock reconvergence pessimism
                         -3.00   12.00   output external delay
                                 12.00   data required time
-----------------------------------------------------------------------------
                                 12.00   data required time
                                 -6.07   data arrival time
-----------------------------------------------------------------------------
                                  5.93   slack (MET)



==========================================================================
resizer report_check_types -max_slew -max_cap -max_fanout -violators
--------------------------------------------------------------------------

==========================================================================
resizer max_slew_check_slack
--------------------------------------------------------------------------
0.05326592177152634

==========================================================================
resizer max_slew_check_limit
--------------------------------------------------------------------------
0.1985349953174591

==========================================================================
resizer max_slew_check_slack_limit
--------------------------------------------------------------------------
0.2683

==========================================================================
resizer max_fanout_check_slack
--------------------------------------------------------------------------
1.0000000150474662e+30

==========================================================================
resizer max_fanout_check_limit
--------------------------------------------------------------------------
1.0000000150474662e+30

==========================================================================
resizer max_capacitance_check_slack
--------------------------------------------------------------------------
0.11360067129135132

==========================================================================
resizer max_capacitance_check_limit
--------------------------------------------------------------------------
11.482199668884277

==========================================================================
resizer max_capacitance_check_slack_limit
--------------------------------------------------------------------------
0.0099

==========================================================================
resizer max_slew_violation_count
--------------------------------------------------------------------------
max slew violation count 0

==========================================================================
resizer max_fanout_violation_count
--------------------------------------------------------------------------
max fanout violation count 0

==========================================================================
resizer max_cap_violation_count
--------------------------------------------------------------------------
max cap violation count 0

==========================================================================
resizer setup_violation_count
--------------------------------------------------------------------------
setup violation count 0

==========================================================================
resizer hold_violation_count
--------------------------------------------------------------------------
hold violation count 0

==========================================================================
resizer critical path delay
--------------------------------------------------------------------------
6.0662

==========================================================================
resizer critical path slack
--------------------------------------------------------------------------
5.9338

==========================================================================
resizer slack div critical path delay
--------------------------------------------------------------------------
97.817415

==========================================================================
resizer report_power
--------------------------------------------------------------------------
Group                  Internal  Switching    Leakage      Total
                          Power      Power      Power      Power (Watts)
----------------------------------------------------------------
Sequential             0.00e+00   0.00e+00   0.00e+00   0.00e+00   0.0%
Combinational          1.59e-03   1.30e-03   9.40e-04   3.83e-03 100.0%
Clock                  0.00e+00   0.00e+00   0.00e+00   0.00e+00   0.0%
Macro                  0.00e+00   0.00e+00   0.00e+00   0.00e+00   0.0%
Pad                    0.00e+00   0.00e+00   0.00e+00   0.00e+00   0.0%
----------------------------------------------------------------
Total                  1.59e-03   1.30e-03   9.40e-04   3.83e-03 100.0%
                          41.5%      33.9%      24.6%
