
==========================================================================
resizer report_tns
--------------------------------------------------------------------------
tns 0.00

==========================================================================
resizer report_wns
--------------------------------------------------------------------------
wns 0.00

==========================================================================
resizer report_worst_slack
--------------------------------------------------------------------------
worst slack 2081.01

==========================================================================
resizer report_checks -path_delay min
--------------------------------------------------------------------------
Startpoint: is_left (input port clocked by clk)
Endpoint: result[116] (output port clocked by clk)
Path Group: clk
Path Type: min

Fanout     Cap    Slew   Delay    Time   Description
-----------------------------------------------------------------------------
                  0.00    0.00    0.00   clock clk (rise edge)
                          0.00    0.00   clock network delay (ideal)
                       1000.00 1000.00 v input external delay
     1    1.98    0.00    0.00 1000.00 v is_left (in)
                                         is_left (net)
                  0.04    0.01 1000.01 v input6/A (BUFx16f_ASAP7_75t_R)
    66   53.31   25.09   14.20 1014.21 v input6/Y (BUFx16f_ASAP7_75t_R)
                                         net6 (net)
                 41.69    9.71 1023.93 v _6885_/A1 (AOI21x1_ASAP7_75t_R)
     1    0.48    6.21   10.78 1034.71 ^ _6885_/Y (AOI21x1_ASAP7_75t_R)
                                         net286 (net)
                  6.21    0.00 1034.71 ^ output286/A (BUFx2_ASAP7_75t_R)
     1    0.07    3.74   11.00 1045.71 ^ output286/Y (BUFx2_ASAP7_75t_R)
                                         result[116] (net)
                  3.74    0.00 1045.71 ^ result[116] (out)
                               1045.71   data arrival time

                  0.00    0.00    0.00   clock clk (rise edge)
                          0.00    0.00   clock network delay (ideal)
                          0.00    0.00   clock reconvergence pessimism
                       -1000.00 -1000.00   output external delay
                               -1000.00   data required time
-----------------------------------------------------------------------------
                               -1000.00   data required time
                               -1045.71   data arrival time
-----------------------------------------------------------------------------
                               2045.71   slack (MET)



==========================================================================
resizer report_checks -path_delay max
--------------------------------------------------------------------------
Startpoint: is_left (input port clocked by clk)
Endpoint: result[32] (output port clocked by clk)
Path Group: clk
Path Type: max

Fanout     Cap    Slew   Delay    Time   Description
-----------------------------------------------------------------------------
                  0.00    0.00    0.00   clock clk (rise edge)
                          0.00    0.00   clock network delay (ideal)
                       1000.00 1000.00 ^ input external delay
     1    2.64    0.00    0.00 1000.00 ^ is_left (in)
                                         is_left (net)
                  0.05    0.02 1000.02 ^ input6/A (BUFx16f_ASAP7_75t_R)
    66   70.62   37.27   14.56 1014.58 ^ input6/Y (BUFx16f_ASAP7_75t_R)
                                         net6 (net)
                 61.35   14.71 1029.29 ^ load_slew512/A (BUFx16f_ASAP7_75t_R)
    92   86.55   49.68   33.57 1062.86 ^ load_slew512/Y (BUFx16f_ASAP7_75t_R)
                                         net512 (net)
                 81.31   21.34 1084.20 ^ load_slew510/A (BUFx16f_ASAP7_75t_R)
    92   87.24   50.01   37.17 1121.37 ^ load_slew510/Y (BUFx16f_ASAP7_75t_R)
                                         net510 (net)
                 50.65    3.33 1124.70 ^ load_slew509/A (BUFx16f_ASAP7_75t_R)
    92   77.29   46.06   32.59 1157.29 ^ load_slew509/Y (BUFx16f_ASAP7_75t_R)
                                         net509 (net)
                 51.57    8.21 1165.50 ^ load_slew508/A (BUFx16f_ASAP7_75t_R)
    66   65.69   39.68   29.75 1195.25 ^ load_slew508/Y (BUFx16f_ASAP7_75t_R)
                                         net508 (net)
                 62.17   16.22 1211.47 ^ _8779_/A (CKINVDCx20_ASAP7_75t_R)
    58   50.58   34.12   19.01 1230.48 v _8779_/Y (CKINVDCx20_ASAP7_75t_R)
                                         _2907_ (net)
                 34.65    2.53 1233.01 v load_slew500/A (BUFx16f_ASAP7_75t_R)
    72   63.44   32.68   28.50 1261.51 v load_slew500/Y (BUFx16f_ASAP7_75t_R)
                                         net500 (net)
                 32.74    0.95 1262.46 v load_slew499/A (BUFx16f_ASAP7_75t_R)
    98   86.08   41.39   26.11 1288.57 v load_slew499/Y (BUFx16f_ASAP7_75t_R)
                                         net499 (net)
                 81.95   22.25 1310.82 v load_slew498/A (BUFx16f_ASAP7_75t_R)
    97   86.44   46.14   39.87 1350.69 v load_slew498/Y (BUFx16f_ASAP7_75t_R)
                                         net498 (net)
                 59.87   12.40 1363.08 v _8872_/A (NAND2x2_ASAP7_75t_R)
     2    3.72   44.97   28.24 1391.32 ^ _8872_/Y (NAND2x2_ASAP7_75t_R)
                                         _3908_ (net)
                 45.02    0.83 1392.15 ^ _8874_/C (AND4x2_ASAP7_75t_R)
     9    9.08   42.02   52.69 1444.84 ^ _8874_/Y (AND4x2_ASAP7_75t_R)
                                         _3930_ (net)
                 42.02    0.26 1445.10 ^ _8886_/A2 (OA31x2_ASAP7_75t_R)
     6    5.52   23.17   35.64 1480.74 ^ _8886_/Y (OA31x2_ASAP7_75t_R)
                                         _4058_ (net)
                 23.31    0.96 1481.70 ^ _9208_/A2 (AOI21x1_ASAP7_75t_R)
    16   14.07   69.92   35.99 1517.68 v _9208_/Y (AOI21x1_ASAP7_75t_R)
                                         _4678_ (net)
                 69.96    0.98 1518.67 v _9665_/A1 (AOI21x1_ASAP7_75t_R)
    14   10.54   74.12   46.54 1565.20 ^ _9665_/Y (AOI21x1_ASAP7_75t_R)
                                         _0282_ (net)
                 74.15    0.81 1566.02 ^ _5225_/A2 (OAI21x1_ASAP7_75t_R)
    17   17.62   92.56   52.12 1618.14 v _5225_/Y (OAI21x1_ASAP7_75t_R)
                                         _0822_ (net)
                 92.62    1.47 1619.61 v _7263_/A1 (AO21x1_ASAP7_75t_R)
     4    2.98   19.61   36.77 1656.38 v _7263_/Y (AO21x1_ASAP7_75t_R)
                                         _2809_ (net)
                 19.62    0.14 1656.52 v _7324_/A2 (AO32x1_ASAP7_75t_R)
     2    2.04   15.38   27.67 1684.19 v _7324_/Y (AO32x1_ASAP7_75t_R)
                                         _2869_ (net)
                 15.39    0.12 1684.31 v _7325_/C (OR3x1_ASAP7_75t_R)
     2    2.00   17.43   30.06 1714.37 v _7325_/Y (OR3x1_ASAP7_75t_R)
                                         _2870_ (net)
                 17.44    0.06 1714.43 v _7327_/B (OA211x2_ASAP7_75t_R)
     1    0.66    9.44   27.91 1742.34 v _7327_/Y (OA211x2_ASAP7_75t_R)
                                         _2872_ (net)
                  9.44    0.00 1742.34 v _7328_/B (AO21x1_ASAP7_75t_R)
     2    2.67   16.96   21.27 1763.61 v _7328_/Y (AO21x1_ASAP7_75t_R)
                                         _2873_ (net)
                 16.97    0.22 1763.84 v _7381_/A2 (OAI21x1_ASAP7_75t_R)
     1   19.92  138.39   47.75 1811.59 ^ _7381_/Y (OAI21x1_ASAP7_75t_R)
                                         net321 (net)
                168.96   33.23 1844.82 ^ wire468/A (BUFx16f_ASAP7_75t_R)
     1   16.17   13.94   35.33 1880.15 ^ wire468/Y (BUFx16f_ASAP7_75t_R)
                                         net468 (net)
                 59.10   18.12 1898.28 ^ output321/A (BUFx2_ASAP7_75t_R)
     1    0.02    5.53   20.71 1918.99 ^ output321/Y (BUFx2_ASAP7_75t_R)
                                         result[32] (net)
                  5.53    0.00 1918.99 ^ result[32] (out)
                               1918.99   data arrival time

                  0.00 5000.00 5000.00   clock clk (rise edge)
                          0.00 5000.00   clock network delay (ideal)
                          0.00 5000.00   clock reconvergence pessimism
                       -1000.00 4000.00   output external delay
                               4000.00   data required time
-----------------------------------------------------------------------------
                               4000.00   data required time
                               -1918.99   data arrival time
-----------------------------------------------------------------------------
                               2081.01   slack (MET)



==========================================================================
resizer report_checks -unconstrained
--------------------------------------------------------------------------
Startpoint: is_left (input port clocked by clk)
Endpoint: result[32] (output port clocked by clk)
Path Group: clk
Path Type: max

Fanout     Cap    Slew   Delay    Time   Description
-----------------------------------------------------------------------------
                  0.00    0.00    0.00   clock clk (rise edge)
                          0.00    0.00   clock network delay (ideal)
                       1000.00 1000.00 ^ input external delay
     1    2.64    0.00    0.00 1000.00 ^ is_left (in)
                                         is_left (net)
                  0.05    0.02 1000.02 ^ input6/A (BUFx16f_ASAP7_75t_R)
    66   70.62   37.27   14.56 1014.58 ^ input6/Y (BUFx16f_ASAP7_75t_R)
                                         net6 (net)
                 61.35   14.71 1029.29 ^ load_slew512/A (BUFx16f_ASAP7_75t_R)
    92   86.55   49.68   33.57 1062.86 ^ load_slew512/Y (BUFx16f_ASAP7_75t_R)
                                         net512 (net)
                 81.31   21.34 1084.20 ^ load_slew510/A (BUFx16f_ASAP7_75t_R)
    92   87.24   50.01   37.17 1121.37 ^ load_slew510/Y (BUFx16f_ASAP7_75t_R)
                                         net510 (net)
                 50.65    3.33 1124.70 ^ load_slew509/A (BUFx16f_ASAP7_75t_R)
    92   77.29   46.06   32.59 1157.29 ^ load_slew509/Y (BUFx16f_ASAP7_75t_R)
                                         net509 (net)
                 51.57    8.21 1165.50 ^ load_slew508/A (BUFx16f_ASAP7_75t_R)
    66   65.69   39.68   29.75 1195.25 ^ load_slew508/Y (BUFx16f_ASAP7_75t_R)
                                         net508 (net)
                 62.17   16.22 1211.47 ^ _8779_/A (CKINVDCx20_ASAP7_75t_R)
    58   50.58   34.12   19.01 1230.48 v _8779_/Y (CKINVDCx20_ASAP7_75t_R)
                                         _2907_ (net)
                 34.65    2.53 1233.01 v load_slew500/A (BUFx16f_ASAP7_75t_R)
    72   63.44   32.68   28.50 1261.51 v load_slew500/Y (BUFx16f_ASAP7_75t_R)
                                         net500 (net)
                 32.74    0.95 1262.46 v load_slew499/A (BUFx16f_ASAP7_75t_R)
    98   86.08   41.39   26.11 1288.57 v load_slew499/Y (BUFx16f_ASAP7_75t_R)
                                         net499 (net)
                 81.95   22.25 1310.82 v load_slew498/A (BUFx16f_ASAP7_75t_R)
    97   86.44   46.14   39.87 1350.69 v load_slew498/Y (BUFx16f_ASAP7_75t_R)
                                         net498 (net)
                 59.87   12.40 1363.08 v _8872_/A (NAND2x2_ASAP7_75t_R)
     2    3.72   44.97   28.24 1391.32 ^ _8872_/Y (NAND2x2_ASAP7_75t_R)
                                         _3908_ (net)
                 45.02    0.83 1392.15 ^ _8874_/C (AND4x2_ASAP7_75t_R)
     9    9.08   42.02   52.69 1444.84 ^ _8874_/Y (AND4x2_ASAP7_75t_R)
                                         _3930_ (net)
                 42.02    0.26 1445.10 ^ _8886_/A2 (OA31x2_ASAP7_75t_R)
     6    5.52   23.17   35.64 1480.74 ^ _8886_/Y (OA31x2_ASAP7_75t_R)
                                         _4058_ (net)
                 23.31    0.96 1481.70 ^ _9208_/A2 (AOI21x1_ASAP7_75t_R)
    16   14.07   69.92   35.99 1517.68 v _9208_/Y (AOI21x1_ASAP7_75t_R)
                                         _4678_ (net)
                 69.96    0.98 1518.67 v _9665_/A1 (AOI21x1_ASAP7_75t_R)
    14   10.54   74.12   46.54 1565.20 ^ _9665_/Y (AOI21x1_ASAP7_75t_R)
                                         _0282_ (net)
                 74.15    0.81 1566.02 ^ _5225_/A2 (OAI21x1_ASAP7_75t_R)
    17   17.62   92.56   52.12 1618.14 v _5225_/Y (OAI21x1_ASAP7_75t_R)
                                         _0822_ (net)
                 92.62    1.47 1619.61 v _7263_/A1 (AO21x1_ASAP7_75t_R)
     4    2.98   19.61   36.77 1656.38 v _7263_/Y (AO21x1_ASAP7_75t_R)
                                         _2809_ (net)
                 19.62    0.14 1656.52 v _7324_/A2 (AO32x1_ASAP7_75t_R)
     2    2.04   15.38   27.67 1684.19 v _7324_/Y (AO32x1_ASAP7_75t_R)
                                         _2869_ (net)
                 15.39    0.12 1684.31 v _7325_/C (OR3x1_ASAP7_75t_R)
     2    2.00   17.43   30.06 1714.37 v _7325_/Y (OR3x1_ASAP7_75t_R)
                                         _2870_ (net)
                 17.44    0.06 1714.43 v _7327_/B (OA211x2_ASAP7_75t_R)
     1    0.66    9.44   27.91 1742.34 v _7327_/Y (OA211x2_ASAP7_75t_R)
                                         _2872_ (net)
                  9.44    0.00 1742.34 v _7328_/B (AO21x1_ASAP7_75t_R)
     2    2.67   16.96   21.27 1763.61 v _7328_/Y (AO21x1_ASAP7_75t_R)
                                         _2873_ (net)
                 16.97    0.22 1763.84 v _7381_/A2 (OAI21x1_ASAP7_75t_R)
     1   19.92  138.39   47.75 1811.59 ^ _7381_/Y (OAI21x1_ASAP7_75t_R)
                                         net321 (net)
                168.96   33.23 1844.82 ^ wire468/A (BUFx16f_ASAP7_75t_R)
     1   16.17   13.94   35.33 1880.15 ^ wire468/Y (BUFx16f_ASAP7_75t_R)
                                         net468 (net)
                 59.10   18.12 1898.28 ^ output321/A (BUFx2_ASAP7_75t_R)
     1    0.02    5.53   20.71 1918.99 ^ output321/Y (BUFx2_ASAP7_75t_R)
                                         result[32] (net)
                  5.53    0.00 1918.99 ^ result[32] (out)
                               1918.99   data arrival time

                  0.00 5000.00 5000.00   clock clk (rise edge)
                          0.00 5000.00   clock network delay (ideal)
                          0.00 5000.00   clock reconvergence pessimism
                       -1000.00 4000.00   output external delay
                               4000.00   data required time
-----------------------------------------------------------------------------
                               4000.00   data required time
                               -1918.99   data arrival time
-----------------------------------------------------------------------------
                               2081.01   slack (MET)



==========================================================================
resizer report_check_types -max_slew -max_cap -max_fanout -violators
--------------------------------------------------------------------------

==========================================================================
resizer max_slew_check_slack
--------------------------------------------------------------------------
51.70011520385742

==========================================================================
resizer max_slew_check_limit
--------------------------------------------------------------------------
320.0

==========================================================================
resizer max_slew_check_slack_limit
--------------------------------------------------------------------------
0.1616

==========================================================================
resizer max_fanout_check_slack
--------------------------------------------------------------------------
1.0000000150474662e+30

==========================================================================
resizer max_fanout_check_limit
--------------------------------------------------------------------------
1.0000000150474662e+30

==========================================================================
resizer max_capacitance_check_slack
--------------------------------------------------------------------------
2.525235652923584

==========================================================================
resizer max_capacitance_check_limit
--------------------------------------------------------------------------
23.040000915527344

==========================================================================
resizer max_capacitance_check_slack_limit
--------------------------------------------------------------------------
0.1096

==========================================================================
resizer max_slew_violation_count
--------------------------------------------------------------------------
max slew violation count 0

==========================================================================
resizer max_fanout_violation_count
--------------------------------------------------------------------------
max fanout violation count 0

==========================================================================
resizer max_cap_violation_count
--------------------------------------------------------------------------
max cap violation count 0

==========================================================================
resizer setup_violation_count
--------------------------------------------------------------------------
setup violation count 0

==========================================================================
resizer hold_violation_count
--------------------------------------------------------------------------
hold violation count 0

==========================================================================
resizer critical path delay
--------------------------------------------------------------------------
1918.9863

==========================================================================
resizer critical path slack
--------------------------------------------------------------------------
2081.0137

==========================================================================
resizer slack div critical path delay
--------------------------------------------------------------------------
108.443385

==========================================================================
resizer report_power
--------------------------------------------------------------------------
Group                  Internal  Switching    Leakage      Total
                          Power      Power      Power      Power (Watts)
----------------------------------------------------------------
Sequential             0.00e+00   0.00e+00   0.00e+00   0.00e+00   0.0%
Combinational          1.74e-04   2.36e-04   5.07e-07   4.11e-04 100.0%
Clock                  0.00e+00   0.00e+00   0.00e+00   0.00e+00   0.0%
Macro                  0.00e+00   0.00e+00   0.00e+00   0.00e+00   0.0%
Pad                    0.00e+00   0.00e+00   0.00e+00   0.00e+00   0.0%
----------------------------------------------------------------
Total                  1.74e-04   2.36e-04   5.07e-07   4.11e-04 100.0%
                          42.3%      57.5%       0.1%
