
==========================================================================
detailed place report_tns
--------------------------------------------------------------------------
tns 0.00

==========================================================================
detailed place report_wns
--------------------------------------------------------------------------
wns 0.00

==========================================================================
detailed place report_worst_slack
--------------------------------------------------------------------------
worst slack 2517.28

==========================================================================
detailed place report_checks -path_delay min
--------------------------------------------------------------------------
Startpoint: srca[43] (input port clocked by clk)
Endpoint: srca_alu[75] (output port clocked by clk)
Path Group: clk
Path Type: min

Fanout     Cap    Slew   Delay    Time   Description
-----------------------------------------------------------------------------
                  0.00    0.00    0.00   clock clk (rise edge)
                          0.00    0.00   clock network delay (ideal)
                       1000.00 1000.00 ^ input external delay
     1    0.49    0.00    0.00 1000.00 ^ srca[43] (in)
                                         srca[43] (net)
                  0.01    0.00 1000.00 ^ _644_/A (BUFx2_ASAP7_75t_R)
     1    0.46    4.76    9.72 1009.72 ^ _644_/Y (BUFx2_ASAP7_75t_R)
                                         net257 (net)
                  4.76    0.00 1009.72 ^ output257/A (BUFx2_ASAP7_75t_R)
     1    0.04    3.67   10.52 1020.24 ^ output257/Y (BUFx2_ASAP7_75t_R)
                                         srca_alu[75] (net)
                  3.67    0.00 1020.24 ^ srca_alu[75] (out)
                               1020.24   data arrival time

                  0.00    0.00    0.00   clock clk (rise edge)
                          0.00    0.00   clock network delay (ideal)
                          0.00    0.00   clock reconvergence pessimism
                       -1000.00 -1000.00   output external delay
                               -1000.00   data required time
-----------------------------------------------------------------------------
                               -1000.00   data required time
                               -1020.24   data arrival time
-----------------------------------------------------------------------------
                               2020.24   slack (MET)



==========================================================================
detailed place report_checks -path_delay max
--------------------------------------------------------------------------
Startpoint: vtype[3] (input port clocked by clk)
Endpoint: srcb_alu[9] (output port clocked by clk)
Path Group: clk
Path Type: max

Fanout     Cap    Slew   Delay    Time   Description
-----------------------------------------------------------------------------
                  0.00    0.00    0.00   clock clk (rise edge)
                          0.00    0.00   clock network delay (ideal)
                       1000.00 1000.00 v input external delay
     1    2.83    0.00    0.00 1000.00 v vtype[3] (in)
                                         vtype[3] (net)
                  0.26    0.08 1000.08 v input57/A (BUFx12f_ASAP7_75t_R)
     1   21.66    9.26   12.21 1012.29 v input57/Y (BUFx12f_ASAP7_75t_R)
                                         net57 (net)
                100.20   31.48 1043.78 v wire479/A (BUFx16f_ASAP7_75t_R)
    16   34.80   12.30   34.97 1078.75 v wire479/Y (BUFx16f_ASAP7_75t_R)
                                         net479 (net)
                200.26   63.01 1141.76 v _252_/B (NOR2x2_ASAP7_75t_R)
     6    8.14   71.22   52.05 1193.81 ^ _252_/Y (NOR2x2_ASAP7_75t_R)
                                         _007_ (net)
                 71.22    0.03 1193.85 ^ _253_/B (NAND2x2_ASAP7_75t_R)
     4    9.75   61.52   32.01 1225.86 v _253_/Y (NAND2x2_ASAP7_75t_R)
                                         net72 (net)
                 61.53    0.38 1226.24 v _254_/A (INVx11_ASAP7_75t_R)
    14   14.49   22.75   17.57 1243.81 ^ _254_/Y (INVx11_ASAP7_75t_R)
                                         net64 (net)
                 22.89    0.95 1244.76 ^ _341_/A (AND3x1_ASAP7_75t_R)
     3    2.39   22.26   29.46 1274.22 ^ _341_/Y (AND3x1_ASAP7_75t_R)
                                         _071_ (net)
                 22.26    0.02 1274.24 ^ _351_/B (AOI211x1_ASAP7_75t_R)
     4    4.40   62.38   20.67 1294.91 v _351_/Y (AOI211x1_ASAP7_75t_R)
                                         _081_ (net)
                 62.38    0.14 1295.04 v _360_/B1 (AOI22x1_ASAP7_75t_R)
     1   21.92  197.03   64.03 1359.08 ^ _360_/Y (AOI22x1_ASAP7_75t_R)
                                         net443 (net)
                229.17   40.98 1400.06 ^ wire468/A (BUFx16f_ASAP7_75t_R)
     1   17.77   15.57   38.56 1438.61 ^ wire468/Y (BUFx16f_ASAP7_75t_R)
                                         net468 (net)
                 70.84   21.81 1460.42 ^ output443/A (BUFx2_ASAP7_75t_R)
     1    0.15    6.28   22.29 1482.72 ^ output443/Y (BUFx2_ASAP7_75t_R)
                                         srcb_alu[9] (net)
                  6.28    0.00 1482.72 ^ srcb_alu[9] (out)
                               1482.72   data arrival time

                  0.00 5000.00 5000.00   clock clk (rise edge)
                          0.00 5000.00   clock network delay (ideal)
                          0.00 5000.00   clock reconvergence pessimism
                       -1000.00 4000.00   output external delay
                               4000.00   data required time
-----------------------------------------------------------------------------
                               4000.00   data required time
                               -1482.72   data arrival time
-----------------------------------------------------------------------------
                               2517.28   slack (MET)



==========================================================================
detailed place report_checks -unconstrained
--------------------------------------------------------------------------
Startpoint: vtype[3] (input port clocked by clk)
Endpoint: srcb_alu[9] (output port clocked by clk)
Path Group: clk
Path Type: max

Fanout     Cap    Slew   Delay    Time   Description
-----------------------------------------------------------------------------
                  0.00    0.00    0.00   clock clk (rise edge)
                          0.00    0.00   clock network delay (ideal)
                       1000.00 1000.00 v input external delay
     1    2.83    0.00    0.00 1000.00 v vtype[3] (in)
                                         vtype[3] (net)
                  0.26    0.08 1000.08 v input57/A (BUFx12f_ASAP7_75t_R)
     1   21.66    9.26   12.21 1012.29 v input57/Y (BUFx12f_ASAP7_75t_R)
                                         net57 (net)
                100.20   31.48 1043.78 v wire479/A (BUFx16f_ASAP7_75t_R)
    16   34.80   12.30   34.97 1078.75 v wire479/Y (BUFx16f_ASAP7_75t_R)
                                         net479 (net)
                200.26   63.01 1141.76 v _252_/B (NOR2x2_ASAP7_75t_R)
     6    8.14   71.22   52.05 1193.81 ^ _252_/Y (NOR2x2_ASAP7_75t_R)
                                         _007_ (net)
                 71.22    0.03 1193.85 ^ _253_/B (NAND2x2_ASAP7_75t_R)
     4    9.75   61.52   32.01 1225.86 v _253_/Y (NAND2x2_ASAP7_75t_R)
                                         net72 (net)
                 61.53    0.38 1226.24 v _254_/A (INVx11_ASAP7_75t_R)
    14   14.49   22.75   17.57 1243.81 ^ _254_/Y (INVx11_ASAP7_75t_R)
                                         net64 (net)
                 22.89    0.95 1244.76 ^ _341_/A (AND3x1_ASAP7_75t_R)
     3    2.39   22.26   29.46 1274.22 ^ _341_/Y (AND3x1_ASAP7_75t_R)
                                         _071_ (net)
                 22.26    0.02 1274.24 ^ _351_/B (AOI211x1_ASAP7_75t_R)
     4    4.40   62.38   20.67 1294.91 v _351_/Y (AOI211x1_ASAP7_75t_R)
                                         _081_ (net)
                 62.38    0.14 1295.04 v _360_/B1 (AOI22x1_ASAP7_75t_R)
     1   21.92  197.03   64.03 1359.08 ^ _360_/Y (AOI22x1_ASAP7_75t_R)
                                         net443 (net)
                229.17   40.98 1400.06 ^ wire468/A (BUFx16f_ASAP7_75t_R)
     1   17.77   15.57   38.56 1438.61 ^ wire468/Y (BUFx16f_ASAP7_75t_R)
                                         net468 (net)
                 70.84   21.81 1460.42 ^ output443/A (BUFx2_ASAP7_75t_R)
     1    0.15    6.28   22.29 1482.72 ^ output443/Y (BUFx2_ASAP7_75t_R)
                                         srcb_alu[9] (net)
                  6.28    0.00 1482.72 ^ srcb_alu[9] (out)
                               1482.72   data arrival time

                  0.00 5000.00 5000.00   clock clk (rise edge)
                          0.00 5000.00   clock network delay (ideal)
                          0.00 5000.00   clock reconvergence pessimism
                       -1000.00 4000.00   output external delay
                               4000.00   data required time
-----------------------------------------------------------------------------
                               4000.00   data required time
                               -1482.72   data arrival time
-----------------------------------------------------------------------------
                               2517.28   slack (MET)



==========================================================================
detailed place report_check_types -max_slew -max_cap -max_fanout -violators
--------------------------------------------------------------------------

==========================================================================
detailed place max_slew_check_slack
--------------------------------------------------------------------------
81.95768737792969

==========================================================================
detailed place max_slew_check_limit
--------------------------------------------------------------------------
320.0

==========================================================================
detailed place max_slew_check_slack_limit
--------------------------------------------------------------------------
0.2561

==========================================================================
detailed place max_fanout_check_slack
--------------------------------------------------------------------------
1.0000000150474662e+30

==========================================================================
detailed place max_fanout_check_limit
--------------------------------------------------------------------------
1.0000000150474662e+30

==========================================================================
detailed place max_capacitance_check_slack
--------------------------------------------------------------------------
17.530040740966797

==========================================================================
detailed place max_capacitance_check_limit
--------------------------------------------------------------------------
23.040000915527344

==========================================================================
detailed place max_capacitance_check_slack_limit
--------------------------------------------------------------------------
0.7609

==========================================================================
detailed place max_slew_violation_count
--------------------------------------------------------------------------
max slew violation count 0

==========================================================================
detailed place max_fanout_violation_count
--------------------------------------------------------------------------
max fanout violation count 0

==========================================================================
detailed place max_cap_violation_count
--------------------------------------------------------------------------
max cap violation count 0

==========================================================================
detailed place setup_violation_count
--------------------------------------------------------------------------
setup violation count 0

==========================================================================
detailed place hold_violation_count
--------------------------------------------------------------------------
hold violation count 0

==========================================================================
detailed place critical path delay
--------------------------------------------------------------------------
1482.7172

==========================================================================
detailed place critical path slack
--------------------------------------------------------------------------
2517.2827

==========================================================================
detailed place slack div critical path delay
--------------------------------------------------------------------------
169.774971

==========================================================================
detailed place report_power
--------------------------------------------------------------------------
Group                  Internal  Switching    Leakage      Total
                          Power      Power      Power      Power (Watts)
----------------------------------------------------------------
Sequential             0.00e+00   0.00e+00   0.00e+00   0.00e+00   0.0%
Combinational          1.72e-05   1.41e-05   9.31e-08   3.13e-05 100.0%
Clock                  0.00e+00   0.00e+00   0.00e+00   0.00e+00   0.0%
Macro                  0.00e+00   0.00e+00   0.00e+00   0.00e+00   0.0%
Pad                    0.00e+00   0.00e+00   0.00e+00   0.00e+00   0.0%
----------------------------------------------------------------
Total                  1.72e-05   1.41e-05   9.31e-08   3.13e-05 100.0%
                          54.8%      44.9%       0.3%
