  violation type: Metal Spacing
    srcs: net:VSS net:srcb[117] 
    bbox = ( 356.928, 499.793 ) - ( 356.952, 499.829 ) on Layer M5
  violation type: Metal Spacing
    srcs: net:VSS net:srcb[53] 
    bbox = ( 335.328, 499.793 ) - ( 335.352, 499.829 ) on Layer M5
  violation type: Metal Spacing
    srcs: net:VSS net:carry_in[10] 
    bbox = ( 351.552, 499.793 ) - ( 351.576, 499.829 ) on Layer M5
  violation type: Lef58EolKeepOut
    srcs: net:VSS net:carry_in[10] 
    bbox = ( 351.576, 499.793 ) - ( 351.576, 499.829 ) on Layer M5
  violation type: Metal Spacing
    srcs: net:VSS net:of[9] 
    bbox = ( 351.456, 499.793 ) - ( 351.48, 499.861 ) on Layer M5
  violation type: Metal Spacing
    srcs: net:VSS net:srcb[1] 
    bbox = ( 335.256, 499.793 ) - ( 335.256, 499.861 ) on Layer M5
  violation type: Metal Spacing
    srcs: net:VSS net:srca[134] 
    bbox = ( 346.176, 499.793 ) - ( 346.176, 499.861 ) on Layer M5
  violation type: Metal Spacing
    srcs: net:VSS net:srca[24] 
    bbox = ( 346.08, 499.793 ) - ( 346.104, 499.829 ) on Layer M5
  violation type: Metal Spacing
    srcs: net:VSS net:srca[26] 
    bbox = ( 356.856, 499.793 ) - ( 356.856, 499.861 ) on Layer M5
  violation type: Metal Spacing
    srcs: net:VSS net:srca[41] 
    bbox = ( 340.704, 499.793 ) - ( 340.728, 499.829 ) on Layer M5
