
==========================================================================
finish report_tns
--------------------------------------------------------------------------
tns -215384.50

==========================================================================
finish report_wns
--------------------------------------------------------------------------
wns -1660.36

==========================================================================
finish report_worst_slack
--------------------------------------------------------------------------
worst slack -1660.36

==========================================================================
finish report_clock_skew
--------------------------------------------------------------------------
Clock clk
No launch/capture paths found.


==========================================================================
finish report_checks -path_delay min
--------------------------------------------------------------------------
Startpoint: osize_vector[0] (input port clocked by clk)
Endpoint: cf[12] (output port clocked by clk)
Path Group: clk
Path Type: min

Fanout     Cap    Slew   Delay    Time   Description
-----------------------------------------------------------------------------
                  0.00    0.00    0.00   clock clk (rise edge)
                          0.00    0.00   clock network delay (ideal)
                       1000.00 1000.00 ^ input external delay
     1    1.29    0.00    0.00 1000.00 ^ osize_vector[0] (in)
                                         osize_vector[0] (net)
                  0.26    0.08 1000.08 ^ input34/A (BUFx12_ASAP7_75t_R)
     2   16.40    8.41   14.36 1014.45 ^ input34/Y (BUFx12_ASAP7_75t_R)
                                         net34 (net)
                 64.12   19.72 1034.17 ^ _11244_/A (AND2x4_ASAP7_75t_R)
     1    7.42   20.62   26.82 1060.99 ^ _11244_/Y (AND2x4_ASAP7_75t_R)
                                         net331 (net)
                 31.63    7.85 1068.83 ^ output331/A (BUFx3_ASAP7_75t_R)
     1    0.17    4.88   16.40 1085.23 ^ output331/Y (BUFx3_ASAP7_75t_R)
                                         cf[12] (net)
                  4.88    0.01 1085.24 ^ cf[12] (out)
                               1085.24   data arrival time

                  0.00    0.00    0.00   clock clk (rise edge)
                          0.00    0.00   clock network delay (ideal)
                          0.00    0.00   clock reconvergence pessimism
                       -1000.00 -1000.00   output external delay
                               -1000.00   data required time
-----------------------------------------------------------------------------
                               -1000.00   data required time
                               -1085.24   data arrival time
-----------------------------------------------------------------------------
                               2085.24   slack (MET)



==========================================================================
finish report_checks -path_delay max
--------------------------------------------------------------------------
Startpoint: is_arithmetic (input port clocked by clk)
Endpoint: result[50] (output port clocked by clk)
Path Group: clk
Path Type: max

Fanout     Cap    Slew   Delay    Time   Description
-----------------------------------------------------------------------------
                  0.00    0.00    0.00   clock clk (rise edge)
                          0.00    0.00   clock network delay (ideal)
                       1000.00 1000.00 ^ input external delay
     1    1.80    0.00    0.00 1000.00 ^ is_arithmetic (in)
                                         is_arithmetic (net)
                  0.57    0.18 1000.18 ^ input17/A (BUFx10_ASAP7_75t_R)
     1   19.70    8.36   13.19 1013.37 ^ input17/Y (BUFx10_ASAP7_75t_R)
                                         net17 (net)
                 97.45   30.50 1043.87 ^ wire605/A (BUFx16f_ASAP7_75t_R)
    48   55.21   10.65   28.82 1072.69 ^ wire605/Y (BUFx16f_ASAP7_75t_R)
                                         net605 (net)
                244.74   76.02 1148.70 ^ max_length604/A (BUFx16f_ASAP7_75t_R)
    54   65.56   20.18   41.14 1189.84 ^ max_length604/Y (BUFx16f_ASAP7_75t_R)
                                         net604 (net)
                 64.24   16.03 1205.88 ^ max_length603/A (BUFx16f_ASAP7_75t_R)
    65   73.91   12.94   27.04 1232.91 ^ max_length603/Y (BUFx16f_ASAP7_75t_R)
                                         net603 (net)
                387.04  122.48 1355.39 ^ _06735_/A (CKINVDCx11_ASAP7_75t_R)
     9   22.44   66.64   31.94 1387.33 v _06735_/Y (CKINVDCx11_ASAP7_75t_R)
                                         _06239_ (net)
                 66.70    1.26 1388.59 v _06736_/A (OR3x1_ASAP7_75t_R)
     1    1.30   14.28   37.73 1426.33 v _06736_/Y (OR3x1_ASAP7_75t_R)
                                         _06240_ (net)
                 14.28    0.11 1426.43 v _06737_/B (AOI21x1_ASAP7_75t_R)
     5   10.69   70.11   34.90 1461.33 ^ _06737_/Y (AOI21x1_ASAP7_75t_R)
                                         _06241_ (net)
                 70.20    1.47 1462.80 ^ _06740_/A2 (AOI22x1_ASAP7_75t_R)
     1    0.70   31.18   13.62 1476.43 v _06740_/Y (AOI22x1_ASAP7_75t_R)
                                         _06244_ (net)
                 31.18    0.07 1476.49 v _06741_/B1 (OA31x2_ASAP7_75t_R)
     4    3.48   15.63   31.33 1507.82 v _06741_/Y (OA31x2_ASAP7_75t_R)
                                         _06245_ (net)
                 15.66    0.35 1508.17 v _06748_/A2 (AO21x1_ASAP7_75t_R)
     3    2.16   15.13   20.35 1528.52 v _06748_/Y (AO21x1_ASAP7_75t_R)
                                         _06252_ (net)
                 15.14    0.16 1528.68 v _06780_/A (AND4x2_ASAP7_75t_R)
     4    4.28   16.34   21.51 1550.19 v _06780_/Y (AND4x2_ASAP7_75t_R)
                                         _06284_ (net)
                 16.38    0.42 1550.61 v _06812_/B (OR3x4_ASAP7_75t_R)
     6    6.77   22.93   47.62 1598.23 v _06812_/Y (OR3x4_ASAP7_75t_R)
                                         _06316_ (net)
                 23.04    0.86 1599.08 v _06857_/A2 (AO22x2_ASAP7_75t_R)
     8    7.36   25.89   30.55 1629.63 v _06857_/Y (AO22x2_ASAP7_75t_R)
                                         _00043_ (net)
                 26.35    1.88 1631.51 v _06875_/C (OR3x4_ASAP7_75t_R)
     7    7.56   24.07   50.78 1682.30 v _06875_/Y (OR3x4_ASAP7_75t_R)
                                         _00061_ (net)
                 24.16    0.80 1683.09 v _06876_/A (NAND2x2_ASAP7_75t_R)
     4    3.51   20.74   18.60 1701.69 ^ _06876_/Y (NAND2x2_ASAP7_75t_R)
                                         _00062_ (net)
                 20.76    0.33 1702.02 ^ _06902_/A1 (AOI211x1_ASAP7_75t_R)
     2    1.52   30.16   17.51 1719.53 v _06902_/Y (AOI211x1_ASAP7_75t_R)
                                         _00088_ (net)
                 30.16    0.08 1719.62 v _06926_/A (OR3x4_ASAP7_75t_R)
     7    8.72   28.45   51.31 1770.93 v _06926_/Y (OR3x4_ASAP7_75t_R)
                                         _00112_ (net)
                 29.87    3.41 1774.33 v _07201_/A2 (AO22x2_ASAP7_75t_R)
     4    4.06   15.56   27.92 1802.25 v _07201_/Y (AO22x2_ASAP7_75t_R)
                                         _00387_ (net)
                 15.62    0.54 1802.78 v _07286_/A3 (AO32x1_ASAP7_75t_R)
     2    1.91   15.02   28.10 1830.89 v _07286_/Y (AO32x1_ASAP7_75t_R)
                                         _00471_ (net)
                 15.03    0.13 1831.02 v _07288_/A2 (OA21x2_ASAP7_75t_R)
     2    1.29   11.30   19.51 1850.53 v _07288_/Y (OA21x2_ASAP7_75t_R)
                                         _00473_ (net)
                 11.30    0.08 1850.62 v _07306_/E (OR5x2_ASAP7_75t_R)
     8    8.15   39.77   61.58 1912.19 v _07306_/Y (OR5x2_ASAP7_75t_R)
                                         _00491_ (net)
                 40.71    3.35 1915.54 v _07463_/A (OR4x1_ASAP7_75t_R)
     1    0.57   10.92   34.33 1949.88 v _07463_/Y (OR4x1_ASAP7_75t_R)
                                         _00648_ (net)
                 10.92    0.05 1949.93 v _07469_/A2 (AO32x2_ASAP7_75t_R)
     2    3.77   17.00   30.66 1980.58 v _07469_/Y (AO32x2_ASAP7_75t_R)
                                         _00654_ (net)
                 17.09    0.67 1981.26 v _07489_/B (MAJx2_ASAP7_75t_R)
     3    3.18   15.41   30.86 2012.11 v _07489_/Y (MAJx2_ASAP7_75t_R)
                                         _00674_ (net)
                 15.43    0.25 2012.36 v _07490_/C (AO221x2_ASAP7_75t_R)
     5    5.75   21.98   35.37 2047.73 v _07490_/Y (AO221x2_ASAP7_75t_R)
                                         _00675_ (net)
                 22.01    0.44 2048.17 v _07499_/A (AND4x2_ASAP7_75t_R)
     5    7.61   26.22   27.39 2075.56 v _07499_/Y (AND4x2_ASAP7_75t_R)
                                         _00684_ (net)
                 26.51    1.60 2077.16 v _07530_/A2 (OA21x2_ASAP7_75t_R)
     8    7.06   23.55   30.67 2107.83 v _07530_/Y (OA21x2_ASAP7_75t_R)
                                         _00715_ (net)
                 23.64    0.83 2108.66 v _07572_/A (OR4x2_ASAP7_75t_R)
     8    9.42   42.89   51.63 2160.28 v _07572_/Y (OR4x2_ASAP7_75t_R)
                                         _00757_ (net)
                 43.99    3.78 2164.07 v _07596_/B (NAND2x2_ASAP7_75t_R)
    10   11.00   48.81   35.42 2199.49 ^ _07596_/Y (NAND2x2_ASAP7_75t_R)
                                         _00781_ (net)
                 48.89    1.22 2200.70 ^ _07653_/A2 (AOI211x1_ASAP7_75t_R)
     2    2.93   50.47   33.03 2233.73 v _07653_/Y (AOI211x1_ASAP7_75t_R)
                                         _00838_ (net)
                 50.51    0.73 2234.46 v _07656_/A3 (OA31x2_ASAP7_75t_R)
     8    9.52   33.34   35.48 2269.94 v _07656_/Y (OA31x2_ASAP7_75t_R)
                                         _00841_ (net)
                 33.66    1.92 2271.86 v _07657_/C (MAJx3_ASAP7_75t_R)
     8    9.04   26.84   42.33 2314.19 v _07657_/Y (MAJx3_ASAP7_75t_R)
                                         _00842_ (net)
                 27.61    2.51 2316.70 v _07908_/B (OR2x2_ASAP7_75t_R)
     1    0.62    7.30   24.14 2340.84 v _07908_/Y (OR2x2_ASAP7_75t_R)
                                         _01092_ (net)
                  7.30    0.03 2340.87 v _07913_/A1 (AO32x2_ASAP7_75t_R)
     4    5.16   21.12   30.53 2371.40 v _07913_/Y (AO32x2_ASAP7_75t_R)
                                         _01097_ (net)
                 21.33    1.15 2372.55 v _07918_/A3 (OA31x2_ASAP7_75t_R)
     6    6.11   21.93   27.64 2400.19 v _07918_/Y (OA31x2_ASAP7_75t_R)
                                         _01102_ (net)
                 21.98    0.59 2400.78 v _08064_/A2 (OA21x2_ASAP7_75t_R)
     5    5.54   21.42   27.59 2428.36 v _08064_/Y (OA21x2_ASAP7_75t_R)
                                         _01248_ (net)
                 21.63    1.15 2429.51 v _08122_/B2 (AOI221x1_ASAP7_75t_R)
     6    5.61   78.83   32.10 2461.62 ^ _08122_/Y (AOI221x1_ASAP7_75t_R)
                                         _01306_ (net)
                 78.87    0.93 2462.55 ^ _08131_/B (AND4x2_ASAP7_75t_R)
     2    2.89   20.92   47.21 2509.76 ^ _08131_/Y (AND4x2_ASAP7_75t_R)
                                         _01315_ (net)
                 20.97    0.54 2510.30 ^ _08157_/B (AO211x2_ASAP7_75t_R)
     5    7.81   30.44   30.38 2540.68 ^ _08157_/Y (AO211x2_ASAP7_75t_R)
                                         _01341_ (net)
                 31.54    3.15 2543.84 ^ _08158_/C (AOI211x1_ASAP7_75t_R)
     5    5.36   60.81   24.56 2568.40 v _08158_/Y (AOI211x1_ASAP7_75t_R)
                                         _01342_ (net)
                 60.85    0.95 2569.34 v _08231_/A1 (OA21x2_ASAP7_75t_R)
     7    7.41   24.91   35.04 2604.38 v _08231_/Y (OA21x2_ASAP7_75t_R)
                                         _01415_ (net)
                 25.06    1.08 2605.46 v _08233_/A1 (AO21x2_ASAP7_75t_R)
     5    7.18   24.52   31.07 2636.53 v _08233_/Y (AO21x2_ASAP7_75t_R)
                                         _01417_ (net)
                 25.11    2.08 2638.61 v _08414_/A2 (AOI22x1_ASAP7_75t_R)
     3    4.89   45.88   24.96 2663.57 ^ _08414_/Y (AOI22x1_ASAP7_75t_R)
                                         _01598_ (net)
                 45.89    0.56 2664.13 ^ _08423_/B1 (AOI221x1_ASAP7_75t_R)
     5    8.43   97.60   51.79 2715.92 v _08423_/Y (AOI221x1_ASAP7_75t_R)
                                         _01607_ (net)
                 98.16    4.21 2720.13 v _08425_/B2 (OAI22x1_ASAP7_75t_R)
     3    2.94   44.13   35.36 2755.49 ^ _08425_/Y (OAI22x1_ASAP7_75t_R)
                                         _01609_ (net)
                 44.13    0.20 2755.69 ^ _08574_/A2 (OA22x2_ASAP7_75t_R)
     5    5.75   22.23   31.70 2787.40 ^ _08574_/Y (OA22x2_ASAP7_75t_R)
                                         _01757_ (net)
                 22.32    0.78 2788.18 ^ _08588_/A1 (AO211x2_ASAP7_75t_R)
     4    2.74   13.48   27.83 2816.01 ^ _08588_/Y (AO211x2_ASAP7_75t_R)
                                         _01771_ (net)
                 13.49    0.21 2816.21 ^ _08659_/B1 (OA31x2_ASAP7_75t_R)
     8   12.32   45.29   36.84 2853.05 ^ _08659_/Y (OA31x2_ASAP7_75t_R)
                                         _01842_ (net)
                 46.61    4.27 2857.32 ^ _08660_/A (XNOR2x2_ASAP7_75t_R)
     6    6.15   25.58   45.93 2903.25 v _08660_/Y (XNOR2x2_ASAP7_75t_R)
                                         _01843_ (net)
                 25.58    0.15 2903.40 v _08768_/B1 (AO32x2_ASAP7_75t_R)
     2    3.97   18.68   35.87 2939.28 v _08768_/Y (AO32x2_ASAP7_75t_R)
                                         _01951_ (net)
                 18.71    0.39 2939.67 v _08770_/A2 (OAI21x1_ASAP7_75t_R)
     4    4.44   62.64   20.39 2960.05 ^ _08770_/Y (OAI21x1_ASAP7_75t_R)
                                         _01953_ (net)
                 62.64    0.19 2960.24 ^ _08801_/B2 (AOI221x1_ASAP7_75t_R)
     6    6.32   70.72   43.56 3003.80 v _08801_/Y (AOI221x1_ASAP7_75t_R)
                                         _01984_ (net)
                 70.74    0.77 3004.57 v _08884_/A1 (AO21x2_ASAP7_75t_R)
     3    3.20   14.25   35.80 3040.37 v _08884_/Y (AO21x2_ASAP7_75t_R)
                                         _02067_ (net)
                 14.26    0.26 3040.64 v _08891_/A2 (AO21x1_ASAP7_75t_R)
     2    1.66   11.93   18.69 3059.33 v _08891_/Y (AO21x1_ASAP7_75t_R)
                                         _02074_ (net)
                 11.94    0.10 3059.43 v _08904_/A1 (AO221x1_ASAP7_75t_R)
     2    2.26   16.74   26.53 3085.96 v _08904_/Y (AO221x1_ASAP7_75t_R)
                                         _02087_ (net)
                 16.76    0.36 3086.32 v _08919_/A1 (AOI211x1_ASAP7_75t_R)
     7   11.61  110.61   51.13 3137.46 ^ _08919_/Y (AOI211x1_ASAP7_75t_R)
                                         _02102_ (net)
                111.03    3.91 3141.37 ^ load_slew541/A (BUFx16f_ASAP7_75t_R)
     5    7.84   11.16   30.02 3171.38 ^ load_slew541/Y (BUFx16f_ASAP7_75t_R)
                                         net541 (net)
                 11.98    1.40 3172.78 ^ load_slew540/A (BUFx12f_ASAP7_75t_R)
     6   13.72   12.86   14.50 3187.28 ^ load_slew540/Y (BUFx12f_ASAP7_75t_R)
                                         net540 (net)
                 17.51    3.93 3191.21 ^ load_slew539/A (BUFx12f_ASAP7_75t_R)
     7   12.64   11.62   15.35 3206.56 ^ load_slew539/Y (BUFx12f_ASAP7_75t_R)
                                         net539 (net)
                 23.52    6.59 3213.15 ^ _09119_/A2 (AO21x1_ASAP7_75t_R)
     1    1.17   10.74   17.83 3230.98 ^ _09119_/Y (AO21x1_ASAP7_75t_R)
                                         _02302_ (net)
                 10.74    0.09 3231.08 ^ _09120_/A2 (AOI21x1_ASAP7_75t_R)
     2    6.50   65.51   18.18 3249.26 v _09120_/Y (AOI21x1_ASAP7_75t_R)
                                         _02303_ (net)
                 65.68    1.98 3251.24 v _09138_/A (OR4x2_ASAP7_75t_R)
     5    5.88   29.03   58.40 3309.64 v _09138_/Y (OR4x2_ASAP7_75t_R)
                                         _02321_ (net)
                 29.26    1.43 3311.07 v _09146_/B (OA211x2_ASAP7_75t_R)
     1    0.69    9.23   32.00 3343.07 v _09146_/Y (OA211x2_ASAP7_75t_R)
                                         _02329_ (net)
                  9.23    0.06 3343.12 v _09148_/B (OR4x2_ASAP7_75t_R)
     2    2.30   16.90   38.86 3381.98 v _09148_/Y (OR4x2_ASAP7_75t_R)
                                         _02331_ (net)
                 16.93    0.37 3382.35 v _09212_/B1 (AO221x2_ASAP7_75t_R)
     5    5.25   21.23   33.03 3415.38 v _09212_/Y (AO221x2_ASAP7_75t_R)
                                         _02395_ (net)
                 21.32    0.77 3416.15 v _09282_/A2 (OAI22x1_ASAP7_75t_R)
     1    0.64   20.59   10.99 3427.14 ^ _09282_/Y (OAI22x1_ASAP7_75t_R)
                                         _02464_ (net)
                 20.59    0.07 3427.22 ^ _09289_/A1 (OA211x2_ASAP7_75t_R)
     8   11.15   40.57   38.10 3465.31 ^ _09289_/Y (OA211x2_ASAP7_75t_R)
                                         _02471_ (net)
                 40.76    1.55 3466.86 ^ _09291_/B (XNOR2x2_ASAP7_75t_R)
     5    6.13   28.54   43.64 3510.49 v _09291_/Y (XNOR2x2_ASAP7_75t_R)
                                         _02473_ (net)
                 28.72    1.24 3511.74 v _09373_/B (NAND2x2_ASAP7_75t_R)
     6    5.59   81.00   21.59 3533.32 ^ _09373_/Y (NAND2x2_ASAP7_75t_R)
                                         _02555_ (net)
                 81.06    1.15 3534.47 ^ _09453_/A1 (AO221x2_ASAP7_75t_R)
     5    7.37   31.39   51.88 3586.35 ^ _09453_/Y (AO221x2_ASAP7_75t_R)
                                         _02635_ (net)
                 31.83    2.06 3588.41 ^ _09586_/B (NOR2x1_ASAP7_75t_R)
     1    0.64   11.53   11.51 3599.91 v _09586_/Y (NOR2x1_ASAP7_75t_R)
                                         _02768_ (net)
                 11.53    0.05 3599.96 v _09588_/E (OR5x2_ASAP7_75t_R)
     4    5.46   29.39   57.71 3657.67 v _09588_/Y (OR5x2_ASAP7_75t_R)
                                         _02770_ (net)
                 29.42    0.54 3658.21 v _09591_/A1 (AO21x2_ASAP7_75t_R)
     7    7.37   23.89   32.69 3690.89 v _09591_/Y (AO21x2_ASAP7_75t_R)
                                         _02773_ (net)
                 23.95    0.69 3691.58 v _09592_/B2 (AOI22x1_ASAP7_75t_R)
     6    6.65   50.85   27.76 3719.34 ^ _09592_/Y (AOI22x1_ASAP7_75t_R)
                                         _02774_ (net)
                 50.93    1.21 3720.55 ^ _09615_/A1 (OAI21x1_ASAP7_75t_R)
     8   10.09   63.59   32.01 3752.55 v _09615_/Y (OAI21x1_ASAP7_75t_R)
                                         _02797_ (net)
                 63.92    2.67 3755.22 v _09630_/A1 (AO221x1_ASAP7_75t_R)
     2    2.23   18.52   33.04 3788.27 v _09630_/Y (AO221x1_ASAP7_75t_R)
                                         _02812_ (net)
                 18.52    0.12 3788.39 v _09631_/C (OR3x4_ASAP7_75t_R)
     6    7.70   26.28   48.51 3836.90 v _09631_/Y (OR3x4_ASAP7_75t_R)
                                         _02813_ (net)
                 27.55    3.09 3839.98 v _09944_/A3 (AO32x2_ASAP7_75t_R)
     4    3.27   19.01   35.49 3875.47 v _09944_/Y (AO32x2_ASAP7_75t_R)
                                         _03125_ (net)
                 19.02    0.22 3875.69 v _09961_/B (AND4x1_ASAP7_75t_R)
     1    0.56    7.08   16.66 3892.35 v _09961_/Y (AND4x1_ASAP7_75t_R)
                                         _03142_ (net)
                  7.08    0.02 3892.38 v _09963_/B2 (AO221x2_ASAP7_75t_R)
     5    6.72   24.23   33.49 3925.87 v _09963_/Y (AO221x2_ASAP7_75t_R)
                                         _03144_ (net)
                 24.26    0.45 3926.31 v _09966_/A1 (OA21x2_ASAP7_75t_R)
     7    6.12   20.66   27.64 3953.96 v _09966_/Y (OA21x2_ASAP7_75t_R)
                                         _03147_ (net)
                 20.85    1.09 3955.04 v _09973_/B (OR3x2_ASAP7_75t_R)
     4    3.76   19.03   37.11 3992.16 v _09973_/Y (OR3x2_ASAP7_75t_R)
                                         _03154_ (net)
                 19.04    0.15 3992.31 v _09979_/C (OR4x2_ASAP7_75t_R)
     2    3.01   21.64   44.10 4036.41 v _09979_/Y (OR4x2_ASAP7_75t_R)
                                         _03160_ (net)
                 21.66    0.35 4036.76 v _10194_/B2 (AO33x2_ASAP7_75t_R)
     2    2.63   14.66   35.35 4072.11 v _10194_/Y (AO33x2_ASAP7_75t_R)
                                         _03375_ (net)
                 14.72    0.52 4072.63 v _10201_/A (OR4x1_ASAP7_75t_R)
     2    2.09   19.84   33.72 4106.36 v _10201_/Y (OR4x1_ASAP7_75t_R)
                                         _03382_ (net)
                 19.85    0.24 4106.60 v _10227_/B (AO21x2_ASAP7_75t_R)
     5    6.51   21.42   28.64 4135.24 v _10227_/Y (AO21x2_ASAP7_75t_R)
                                         _03408_ (net)
                 21.50    0.74 4135.98 v _10238_/A2 (AO32x2_ASAP7_75t_R)
    13   14.99   47.41   47.31 4183.29 v _10238_/Y (AO32x2_ASAP7_75t_R)
                                         _03419_ (net)
                 47.50    1.25 4184.54 v _10291_/A1 (AO21x2_ASAP7_75t_R)
     7    9.64   32.21   38.43 4222.97 v _10291_/Y (AO21x2_ASAP7_75t_R)
                                         _03472_ (net)
                 32.97    2.75 4225.72 v _10293_/A (AND2x6_ASAP7_75t_R)
     7    7.72   15.00   30.37 4256.09 v _10293_/Y (AND2x6_ASAP7_75t_R)
                                         _03474_ (net)
                 17.75    3.33 4259.42 v _10538_/A2 (OA211x2_ASAP7_75t_R)
     2    2.82   24.26   28.44 4287.86 v _10538_/Y (OA211x2_ASAP7_75t_R)
                                         _03719_ (net)
                 24.31    0.49 4288.35 v _10546_/A (OR4x1_ASAP7_75t_R)
     1    0.55   10.36   29.83 4318.18 v _10546_/Y (OR4x1_ASAP7_75t_R)
                                         _03727_ (net)
                 10.37    0.06 4318.24 v _10554_/A2 (AO221x2_ASAP7_75t_R)
     8   12.70   47.89   40.06 4358.30 v _10554_/Y (AO221x2_ASAP7_75t_R)
                                         _03735_ (net)
                 51.22    6.73 4365.03 v _10559_/A (AND2x4_ASAP7_75t_R)
     5    5.41   12.92   32.46 4397.49 v _10559_/Y (AND2x4_ASAP7_75t_R)
                                         _03740_ (net)
                 12.96    0.39 4397.88 v _10637_/B (OR3x1_ASAP7_75t_R)
     2    1.59   15.50   27.89 4425.78 v _10637_/Y (OR3x1_ASAP7_75t_R)
                                         _03817_ (net)
                 15.51    0.19 4425.97 v _10638_/D (OR4x1_ASAP7_75t_R)
     3    2.55   22.33   39.68 4465.64 v _10638_/Y (OR4x1_ASAP7_75t_R)
                                         _03818_ (net)
                 22.34    0.14 4465.79 v _10641_/A (AND2x2_ASAP7_75t_R)
     2    1.80    9.34   23.47 4489.26 v _10641_/Y (AND2x2_ASAP7_75t_R)
                                         _03821_ (net)
                  9.35    0.12 4489.38 v _10642_/C (AND3x4_ASAP7_75t_R)
     6    5.79   20.06   26.41 4515.80 v _10642_/Y (AND3x4_ASAP7_75t_R)
                                         _03822_ (net)
                 20.62    1.78 4517.57 v _10738_/A2 (OA211x2_ASAP7_75t_R)
     1    0.90    9.71   25.72 4543.30 v _10738_/Y (OA211x2_ASAP7_75t_R)
                                         _03918_ (net)
                  9.71    0.08 4543.38 v _10740_/C (OR4x2_ASAP7_75t_R)
     3    4.53   25.28   44.89 4588.27 v _10740_/Y (OR4x2_ASAP7_75t_R)
                                         _03920_ (net)
                 25.57    1.48 4589.75 v _10741_/C (MAJx3_ASAP7_75t_R)
     7    8.35   26.76   39.62 4629.37 v _10741_/Y (MAJx3_ASAP7_75t_R)
                                         _03921_ (net)
                 26.95    1.27 4630.64 v _10828_/A2 (OAI21x1_ASAP7_75t_R)
     2    1.84   19.09   15.02 4645.67 ^ _10828_/Y (OAI21x1_ASAP7_75t_R)
                                         _04008_ (net)
                 19.09    0.14 4645.81 ^ _10854_/A2 (AO221x1_ASAP7_75t_R)
     2    2.85   22.10   29.20 4675.01 ^ _10854_/Y (AO221x1_ASAP7_75t_R)
                                         _04035_ (net)
                 22.10    0.09 4675.10 ^ _10903_/A1 (AO221x1_ASAP7_75t_R)
     2    1.88   16.70   28.61 4703.71 ^ _10903_/Y (AO221x1_ASAP7_75t_R)
                                         _04088_ (net)
                 16.71    0.20 4703.91 ^ _10918_/A (AND2x2_ASAP7_75t_R)
     4    2.60   13.93   21.40 4725.31 ^ _10918_/Y (AND2x2_ASAP7_75t_R)
                                         _04105_ (net)
                 13.99    0.49 4725.80 ^ _10924_/D (AND4x1_ASAP7_75t_R)
     2    2.23   24.42   32.80 4758.60 ^ _10924_/Y (AND4x1_ASAP7_75t_R)
                                         _04112_ (net)
                 24.42    0.14 4758.73 ^ _10926_/C (AOI211x1_ASAP7_75t_R)
     3    3.13   42.92   17.23 4775.97 v _10926_/Y (AOI211x1_ASAP7_75t_R)
                                         _04114_ (net)
                 42.92    0.16 4776.12 v _10930_/C (OR4x2_ASAP7_75t_R)
     6    8.40   37.77   57.13 4833.25 v _10930_/Y (OR4x2_ASAP7_75t_R)
                                         _04118_ (net)
                 38.24    2.37 4835.62 v _10931_/A (NAND2x2_ASAP7_75t_R)
     5    5.76   76.77   26.84 4862.47 ^ _10931_/Y (NAND2x2_ASAP7_75t_R)
                                         _04119_ (net)
                 76.90    1.84 4864.31 ^ _11196_/A2 (OA211x2_ASAP7_75t_R)
     2    1.21   15.73   31.71 4896.02 ^ _11196_/Y (OA211x2_ASAP7_75t_R)
                                         _04411_ (net)
                 15.73    0.08 4896.10 ^ _11197_/E (OR5x1_ASAP7_75t_R)
     2    1.69   15.83   23.32 4919.42 ^ _11197_/Y (OR5x1_ASAP7_75t_R)
                                         _04412_ (net)
                 15.83    0.13 4919.54 ^ _11201_/B1 (AOI221x1_ASAP7_75t_R)
     8    7.42  149.31   40.07 4959.61 v _11201_/Y (AOI221x1_ASAP7_75t_R)
                                         _04416_ (net)
                149.32    0.81 4960.42 v _11202_/B (AND2x2_ASAP7_75t_R)
     5    4.83   21.89   51.49 5011.91 v _11202_/Y (AND2x2_ASAP7_75t_R)
                                         _04417_ (net)
                 21.89    0.16 5012.07 v _11274_/B1 (AO32x1_ASAP7_75t_R)
     2    2.35   21.86   30.27 5042.34 v _11274_/Y (AO32x1_ASAP7_75t_R)
                                         _04490_ (net)
                 21.87    0.29 5042.63 v _11275_/C (AOI211x1_ASAP7_75t_R)
     5    4.62   48.17   27.97 5070.60 ^ _11275_/Y (AOI211x1_ASAP7_75t_R)
                                         _04491_ (net)
                 48.23    0.98 5071.58 ^ _11280_/A1 (AO21x2_ASAP7_75t_R)
     6    4.92   20.16   26.35 5097.93 ^ _11280_/Y (AO21x2_ASAP7_75t_R)
                                         _04496_ (net)
                 20.17    0.26 5098.18 ^ _11320_/C (AND4x2_ASAP7_75t_R)
     4    5.96   33.09   42.83 5141.02 ^ _11320_/Y (AND4x2_ASAP7_75t_R)
                                         _04540_ (net)
                 33.23    1.12 5142.14 ^ _11341_/A2 (OA31x2_ASAP7_75t_R)
     4    4.89   20.42   32.79 5174.93 ^ _11341_/Y (OA31x2_ASAP7_75t_R)
                                         _04563_ (net)
                 20.43    0.28 5175.21 ^ _11342_/B (AO21x2_ASAP7_75t_R)
     5    3.65   15.75   19.18 5194.39 ^ _11342_/Y (AO21x2_ASAP7_75t_R)
                                         _04564_ (net)
                 15.81    0.54 5194.94 ^ _11372_/A2 (AO21x2_ASAP7_75t_R)
     7    7.11   25.99   26.47 5221.41 ^ _11372_/Y (AO21x2_ASAP7_75t_R)
                                         _04597_ (net)
                 26.05    0.76 5222.17 ^ _11440_/A2 (AO22x1_ASAP7_75t_R)
     3    2.79   21.36   27.94 5250.11 ^ _11440_/Y (AO22x1_ASAP7_75t_R)
                                         _04672_ (net)
                 21.38    0.35 5250.46 ^ _11456_/A (AND3x4_ASAP7_75t_R)
     5    4.49   15.95   27.73 5278.19 ^ _11456_/Y (AND3x4_ASAP7_75t_R)
                                         _04690_ (net)
                 16.24    1.17 5279.36 ^ _11873_/A2 (AOI221x1_ASAP7_75t_R)
     5    5.78   63.79   34.74 5314.10 v _11873_/Y (AOI221x1_ASAP7_75t_R)
                                         _05122_ (net)
                 63.80    0.29 5314.39 v _11881_/D (OR5x2_ASAP7_75t_R)
     5   11.84   51.40   74.56 5388.96 v _11881_/Y (OR5x2_ASAP7_75t_R)
                                         _05131_ (net)
                 51.75    2.54 5391.50 v wire536/A (BUFx16f_ASAP7_75t_R)
     5   13.22   12.09   26.54 5418.04 v wire536/Y (BUFx16f_ASAP7_75t_R)
                                         net536 (net)
                 16.76    3.68 5421.71 v load_slew535/A (BUFx16f_ASAP7_75t_R)
     8   16.36   11.91   18.14 5439.85 v load_slew535/Y (BUFx16f_ASAP7_75t_R)
                                         net535 (net)
                 29.45    8.68 5448.54 v _11953_/B (NAND2x2_ASAP7_75t_R)
     5   12.34   53.25   31.98 5480.52 ^ _11953_/Y (NAND2x2_ASAP7_75t_R)
                                         _05199_ (net)
                 53.64    2.53 5483.04 ^ _12469_/A2 (AO21x1_ASAP7_75t_R)
     1    1.24   11.79   21.54 5504.58 ^ _12469_/Y (AO21x1_ASAP7_75t_R)
                                         _05705_ (net)
                 11.80    0.11 5504.69 ^ _12475_/A2 (OAI21x1_ASAP7_75t_R)
     1   27.16  151.93   25.50 5530.19 v _12475_/Y (OAI21x1_ASAP7_75t_R)
                                         net433 (net)
                293.78   84.90 5615.09 v output433/A (BUFx3_ASAP7_75t_R)
     1    0.04   11.33   45.27 5660.36 v output433/Y (BUFx3_ASAP7_75t_R)
                                         result[50] (net)
                 11.33    0.00 5660.36 v result[50] (out)
                               5660.36   data arrival time

                  0.00 5000.00 5000.00   clock clk (rise edge)
                          0.00 5000.00   clock network delay (ideal)
                          0.00 5000.00   clock reconvergence pessimism
                       -1000.00 4000.00   output external delay
                               4000.00   data required time
-----------------------------------------------------------------------------
                               4000.00   data required time
                               -5660.36   data arrival time
-----------------------------------------------------------------------------
                               -1660.36   slack (VIOLATED)



==========================================================================
finish report_checks -unconstrained
--------------------------------------------------------------------------
Startpoint: is_arithmetic (input port clocked by clk)
Endpoint: result[50] (output port clocked by clk)
Path Group: clk
Path Type: max

Fanout     Cap    Slew   Delay    Time   Description
-----------------------------------------------------------------------------
                  0.00    0.00    0.00   clock clk (rise edge)
                          0.00    0.00   clock network delay (ideal)
                       1000.00 1000.00 ^ input external delay
     1    1.80    0.00    0.00 1000.00 ^ is_arithmetic (in)
                                         is_arithmetic (net)
                  0.57    0.18 1000.18 ^ input17/A (BUFx10_ASAP7_75t_R)
     1   19.70    8.36   13.19 1013.37 ^ input17/Y (BUFx10_ASAP7_75t_R)
                                         net17 (net)
                 97.45   30.50 1043.87 ^ wire605/A (BUFx16f_ASAP7_75t_R)
    48   55.21   10.65   28.82 1072.69 ^ wire605/Y (BUFx16f_ASAP7_75t_R)
                                         net605 (net)
                244.74   76.02 1148.70 ^ max_length604/A (BUFx16f_ASAP7_75t_R)
    54   65.56   20.18   41.14 1189.84 ^ max_length604/Y (BUFx16f_ASAP7_75t_R)
                                         net604 (net)
                 64.24   16.03 1205.88 ^ max_length603/A (BUFx16f_ASAP7_75t_R)
    65   73.91   12.94   27.04 1232.91 ^ max_length603/Y (BUFx16f_ASAP7_75t_R)
                                         net603 (net)
                387.04  122.48 1355.39 ^ _06735_/A (CKINVDCx11_ASAP7_75t_R)
     9   22.44   66.64   31.94 1387.33 v _06735_/Y (CKINVDCx11_ASAP7_75t_R)
                                         _06239_ (net)
                 66.70    1.26 1388.59 v _06736_/A (OR3x1_ASAP7_75t_R)
     1    1.30   14.28   37.73 1426.33 v _06736_/Y (OR3x1_ASAP7_75t_R)
                                         _06240_ (net)
                 14.28    0.11 1426.43 v _06737_/B (AOI21x1_ASAP7_75t_R)
     5   10.69   70.11   34.90 1461.33 ^ _06737_/Y (AOI21x1_ASAP7_75t_R)
                                         _06241_ (net)
                 70.20    1.47 1462.80 ^ _06740_/A2 (AOI22x1_ASAP7_75t_R)
     1    0.70   31.18   13.62 1476.43 v _06740_/Y (AOI22x1_ASAP7_75t_R)
                                         _06244_ (net)
                 31.18    0.07 1476.49 v _06741_/B1 (OA31x2_ASAP7_75t_R)
     4    3.48   15.63   31.33 1507.82 v _06741_/Y (OA31x2_ASAP7_75t_R)
                                         _06245_ (net)
                 15.66    0.35 1508.17 v _06748_/A2 (AO21x1_ASAP7_75t_R)
     3    2.16   15.13   20.35 1528.52 v _06748_/Y (AO21x1_ASAP7_75t_R)
                                         _06252_ (net)
                 15.14    0.16 1528.68 v _06780_/A (AND4x2_ASAP7_75t_R)
     4    4.28   16.34   21.51 1550.19 v _06780_/Y (AND4x2_ASAP7_75t_R)
                                         _06284_ (net)
                 16.38    0.42 1550.61 v _06812_/B (OR3x4_ASAP7_75t_R)
     6    6.77   22.93   47.62 1598.23 v _06812_/Y (OR3x4_ASAP7_75t_R)
                                         _06316_ (net)
                 23.04    0.86 1599.08 v _06857_/A2 (AO22x2_ASAP7_75t_R)
     8    7.36   25.89   30.55 1629.63 v _06857_/Y (AO22x2_ASAP7_75t_R)
                                         _00043_ (net)
                 26.35    1.88 1631.51 v _06875_/C (OR3x4_ASAP7_75t_R)
     7    7.56   24.07   50.78 1682.30 v _06875_/Y (OR3x4_ASAP7_75t_R)
                                         _00061_ (net)
                 24.16    0.80 1683.09 v _06876_/A (NAND2x2_ASAP7_75t_R)
     4    3.51   20.74   18.60 1701.69 ^ _06876_/Y (NAND2x2_ASAP7_75t_R)
                                         _00062_ (net)
                 20.76    0.33 1702.02 ^ _06902_/A1 (AOI211x1_ASAP7_75t_R)
     2    1.52   30.16   17.51 1719.53 v _06902_/Y (AOI211x1_ASAP7_75t_R)
                                         _00088_ (net)
                 30.16    0.08 1719.62 v _06926_/A (OR3x4_ASAP7_75t_R)
     7    8.72   28.45   51.31 1770.93 v _06926_/Y (OR3x4_ASAP7_75t_R)
                                         _00112_ (net)
                 29.87    3.41 1774.33 v _07201_/A2 (AO22x2_ASAP7_75t_R)
     4    4.06   15.56   27.92 1802.25 v _07201_/Y (AO22x2_ASAP7_75t_R)
                                         _00387_ (net)
                 15.62    0.54 1802.78 v _07286_/A3 (AO32x1_ASAP7_75t_R)
     2    1.91   15.02   28.10 1830.89 v _07286_/Y (AO32x1_ASAP7_75t_R)
                                         _00471_ (net)
                 15.03    0.13 1831.02 v _07288_/A2 (OA21x2_ASAP7_75t_R)
     2    1.29   11.30   19.51 1850.53 v _07288_/Y (OA21x2_ASAP7_75t_R)
                                         _00473_ (net)
                 11.30    0.08 1850.62 v _07306_/E (OR5x2_ASAP7_75t_R)
     8    8.15   39.77   61.58 1912.19 v _07306_/Y (OR5x2_ASAP7_75t_R)
                                         _00491_ (net)
                 40.71    3.35 1915.54 v _07463_/A (OR4x1_ASAP7_75t_R)
     1    0.57   10.92   34.33 1949.88 v _07463_/Y (OR4x1_ASAP7_75t_R)
                                         _00648_ (net)
                 10.92    0.05 1949.93 v _07469_/A2 (AO32x2_ASAP7_75t_R)
     2    3.77   17.00   30.66 1980.58 v _07469_/Y (AO32x2_ASAP7_75t_R)
                                         _00654_ (net)
                 17.09    0.67 1981.26 v _07489_/B (MAJx2_ASAP7_75t_R)
     3    3.18   15.41   30.86 2012.11 v _07489_/Y (MAJx2_ASAP7_75t_R)
                                         _00674_ (net)
                 15.43    0.25 2012.36 v _07490_/C (AO221x2_ASAP7_75t_R)
     5    5.75   21.98   35.37 2047.73 v _07490_/Y (AO221x2_ASAP7_75t_R)
                                         _00675_ (net)
                 22.01    0.44 2048.17 v _07499_/A (AND4x2_ASAP7_75t_R)
     5    7.61   26.22   27.39 2075.56 v _07499_/Y (AND4x2_ASAP7_75t_R)
                                         _00684_ (net)
                 26.51    1.60 2077.16 v _07530_/A2 (OA21x2_ASAP7_75t_R)
     8    7.06   23.55   30.67 2107.83 v _07530_/Y (OA21x2_ASAP7_75t_R)
                                         _00715_ (net)
                 23.64    0.83 2108.66 v _07572_/A (OR4x2_ASAP7_75t_R)
     8    9.42   42.89   51.63 2160.28 v _07572_/Y (OR4x2_ASAP7_75t_R)
                                         _00757_ (net)
                 43.99    3.78 2164.07 v _07596_/B (NAND2x2_ASAP7_75t_R)
    10   11.00   48.81   35.42 2199.49 ^ _07596_/Y (NAND2x2_ASAP7_75t_R)
                                         _00781_ (net)
                 48.89    1.22 2200.70 ^ _07653_/A2 (AOI211x1_ASAP7_75t_R)
     2    2.93   50.47   33.03 2233.73 v _07653_/Y (AOI211x1_ASAP7_75t_R)
                                         _00838_ (net)
                 50.51    0.73 2234.46 v _07656_/A3 (OA31x2_ASAP7_75t_R)
     8    9.52   33.34   35.48 2269.94 v _07656_/Y (OA31x2_ASAP7_75t_R)
                                         _00841_ (net)
                 33.66    1.92 2271.86 v _07657_/C (MAJx3_ASAP7_75t_R)
     8    9.04   26.84   42.33 2314.19 v _07657_/Y (MAJx3_ASAP7_75t_R)
                                         _00842_ (net)
                 27.61    2.51 2316.70 v _07908_/B (OR2x2_ASAP7_75t_R)
     1    0.62    7.30   24.14 2340.84 v _07908_/Y (OR2x2_ASAP7_75t_R)
                                         _01092_ (net)
                  7.30    0.03 2340.87 v _07913_/A1 (AO32x2_ASAP7_75t_R)
     4    5.16   21.12   30.53 2371.40 v _07913_/Y (AO32x2_ASAP7_75t_R)
                                         _01097_ (net)
                 21.33    1.15 2372.55 v _07918_/A3 (OA31x2_ASAP7_75t_R)
     6    6.11   21.93   27.64 2400.19 v _07918_/Y (OA31x2_ASAP7_75t_R)
                                         _01102_ (net)
                 21.98    0.59 2400.78 v _08064_/A2 (OA21x2_ASAP7_75t_R)
     5    5.54   21.42   27.59 2428.36 v _08064_/Y (OA21x2_ASAP7_75t_R)
                                         _01248_ (net)
                 21.63    1.15 2429.51 v _08122_/B2 (AOI221x1_ASAP7_75t_R)
     6    5.61   78.83   32.10 2461.62 ^ _08122_/Y (AOI221x1_ASAP7_75t_R)
                                         _01306_ (net)
                 78.87    0.93 2462.55 ^ _08131_/B (AND4x2_ASAP7_75t_R)
     2    2.89   20.92   47.21 2509.76 ^ _08131_/Y (AND4x2_ASAP7_75t_R)
                                         _01315_ (net)
                 20.97    0.54 2510.30 ^ _08157_/B (AO211x2_ASAP7_75t_R)
     5    7.81   30.44   30.38 2540.68 ^ _08157_/Y (AO211x2_ASAP7_75t_R)
                                         _01341_ (net)
                 31.54    3.15 2543.84 ^ _08158_/C (AOI211x1_ASAP7_75t_R)
     5    5.36   60.81   24.56 2568.40 v _08158_/Y (AOI211x1_ASAP7_75t_R)
                                         _01342_ (net)
                 60.85    0.95 2569.34 v _08231_/A1 (OA21x2_ASAP7_75t_R)
     7    7.41   24.91   35.04 2604.38 v _08231_/Y (OA21x2_ASAP7_75t_R)
                                         _01415_ (net)
                 25.06    1.08 2605.46 v _08233_/A1 (AO21x2_ASAP7_75t_R)
     5    7.18   24.52   31.07 2636.53 v _08233_/Y (AO21x2_ASAP7_75t_R)
                                         _01417_ (net)
                 25.11    2.08 2638.61 v _08414_/A2 (AOI22x1_ASAP7_75t_R)
     3    4.89   45.88   24.96 2663.57 ^ _08414_/Y (AOI22x1_ASAP7_75t_R)
                                         _01598_ (net)
                 45.89    0.56 2664.13 ^ _08423_/B1 (AOI221x1_ASAP7_75t_R)
     5    8.43   97.60   51.79 2715.92 v _08423_/Y (AOI221x1_ASAP7_75t_R)
                                         _01607_ (net)
                 98.16    4.21 2720.13 v _08425_/B2 (OAI22x1_ASAP7_75t_R)
     3    2.94   44.13   35.36 2755.49 ^ _08425_/Y (OAI22x1_ASAP7_75t_R)
                                         _01609_ (net)
                 44.13    0.20 2755.69 ^ _08574_/A2 (OA22x2_ASAP7_75t_R)
     5    5.75   22.23   31.70 2787.40 ^ _08574_/Y (OA22x2_ASAP7_75t_R)
                                         _01757_ (net)
                 22.32    0.78 2788.18 ^ _08588_/A1 (AO211x2_ASAP7_75t_R)
     4    2.74   13.48   27.83 2816.01 ^ _08588_/Y (AO211x2_ASAP7_75t_R)
                                         _01771_ (net)
                 13.49    0.21 2816.21 ^ _08659_/B1 (OA31x2_ASAP7_75t_R)
     8   12.32   45.29   36.84 2853.05 ^ _08659_/Y (OA31x2_ASAP7_75t_R)
                                         _01842_ (net)
                 46.61    4.27 2857.32 ^ _08660_/A (XNOR2x2_ASAP7_75t_R)
     6    6.15   25.58   45.93 2903.25 v _08660_/Y (XNOR2x2_ASAP7_75t_R)
                                         _01843_ (net)
                 25.58    0.15 2903.40 v _08768_/B1 (AO32x2_ASAP7_75t_R)
     2    3.97   18.68   35.87 2939.28 v _08768_/Y (AO32x2_ASAP7_75t_R)
                                         _01951_ (net)
                 18.71    0.39 2939.67 v _08770_/A2 (OAI21x1_ASAP7_75t_R)
     4    4.44   62.64   20.39 2960.05 ^ _08770_/Y (OAI21x1_ASAP7_75t_R)
                                         _01953_ (net)
                 62.64    0.19 2960.24 ^ _08801_/B2 (AOI221x1_ASAP7_75t_R)
     6    6.32   70.72   43.56 3003.80 v _08801_/Y (AOI221x1_ASAP7_75t_R)
                                         _01984_ (net)
                 70.74    0.77 3004.57 v _08884_/A1 (AO21x2_ASAP7_75t_R)
     3    3.20   14.25   35.80 3040.37 v _08884_/Y (AO21x2_ASAP7_75t_R)
                                         _02067_ (net)
                 14.26    0.26 3040.64 v _08891_/A2 (AO21x1_ASAP7_75t_R)
     2    1.66   11.93   18.69 3059.33 v _08891_/Y (AO21x1_ASAP7_75t_R)
                                         _02074_ (net)
                 11.94    0.10 3059.43 v _08904_/A1 (AO221x1_ASAP7_75t_R)
     2    2.26   16.74   26.53 3085.96 v _08904_/Y (AO221x1_ASAP7_75t_R)
                                         _02087_ (net)
                 16.76    0.36 3086.32 v _08919_/A1 (AOI211x1_ASAP7_75t_R)
     7   11.61  110.61   51.13 3137.46 ^ _08919_/Y (AOI211x1_ASAP7_75t_R)
                                         _02102_ (net)
                111.03    3.91 3141.37 ^ load_slew541/A (BUFx16f_ASAP7_75t_R)
     5    7.84   11.16   30.02 3171.38 ^ load_slew541/Y (BUFx16f_ASAP7_75t_R)
                                         net541 (net)
                 11.98    1.40 3172.78 ^ load_slew540/A (BUFx12f_ASAP7_75t_R)
     6   13.72   12.86   14.50 3187.28 ^ load_slew540/Y (BUFx12f_ASAP7_75t_R)
                                         net540 (net)
                 17.51    3.93 3191.21 ^ load_slew539/A (BUFx12f_ASAP7_75t_R)
     7   12.64   11.62   15.35 3206.56 ^ load_slew539/Y (BUFx12f_ASAP7_75t_R)
                                         net539 (net)
                 23.52    6.59 3213.15 ^ _09119_/A2 (AO21x1_ASAP7_75t_R)
     1    1.17   10.74   17.83 3230.98 ^ _09119_/Y (AO21x1_ASAP7_75t_R)
                                         _02302_ (net)
                 10.74    0.09 3231.08 ^ _09120_/A2 (AOI21x1_ASAP7_75t_R)
     2    6.50   65.51   18.18 3249.26 v _09120_/Y (AOI21x1_ASAP7_75t_R)
                                         _02303_ (net)
                 65.68    1.98 3251.24 v _09138_/A (OR4x2_ASAP7_75t_R)
     5    5.88   29.03   58.40 3309.64 v _09138_/Y (OR4x2_ASAP7_75t_R)
                                         _02321_ (net)
                 29.26    1.43 3311.07 v _09146_/B (OA211x2_ASAP7_75t_R)
     1    0.69    9.23   32.00 3343.07 v _09146_/Y (OA211x2_ASAP7_75t_R)
                                         _02329_ (net)
                  9.23    0.06 3343.12 v _09148_/B (OR4x2_ASAP7_75t_R)
     2    2.30   16.90   38.86 3381.98 v _09148_/Y (OR4x2_ASAP7_75t_R)
                                         _02331_ (net)
                 16.93    0.37 3382.35 v _09212_/B1 (AO221x2_ASAP7_75t_R)
     5    5.25   21.23   33.03 3415.38 v _09212_/Y (AO221x2_ASAP7_75t_R)
                                         _02395_ (net)
                 21.32    0.77 3416.15 v _09282_/A2 (OAI22x1_ASAP7_75t_R)
     1    0.64   20.59   10.99 3427.14 ^ _09282_/Y (OAI22x1_ASAP7_75t_R)
                                         _02464_ (net)
                 20.59    0.07 3427.22 ^ _09289_/A1 (OA211x2_ASAP7_75t_R)
     8   11.15   40.57   38.10 3465.31 ^ _09289_/Y (OA211x2_ASAP7_75t_R)
                                         _02471_ (net)
                 40.76    1.55 3466.86 ^ _09291_/B (XNOR2x2_ASAP7_75t_R)
     5    6.13   28.54   43.64 3510.49 v _09291_/Y (XNOR2x2_ASAP7_75t_R)
                                         _02473_ (net)
                 28.72    1.24 3511.74 v _09373_/B (NAND2x2_ASAP7_75t_R)
     6    5.59   81.00   21.59 3533.32 ^ _09373_/Y (NAND2x2_ASAP7_75t_R)
                                         _02555_ (net)
                 81.06    1.15 3534.47 ^ _09453_/A1 (AO221x2_ASAP7_75t_R)
     5    7.37   31.39   51.88 3586.35 ^ _09453_/Y (AO221x2_ASAP7_75t_R)
                                         _02635_ (net)
                 31.83    2.06 3588.41 ^ _09586_/B (NOR2x1_ASAP7_75t_R)
     1    0.64   11.53   11.51 3599.91 v _09586_/Y (NOR2x1_ASAP7_75t_R)
                                         _02768_ (net)
                 11.53    0.05 3599.96 v _09588_/E (OR5x2_ASAP7_75t_R)
     4    5.46   29.39   57.71 3657.67 v _09588_/Y (OR5x2_ASAP7_75t_R)
                                         _02770_ (net)
                 29.42    0.54 3658.21 v _09591_/A1 (AO21x2_ASAP7_75t_R)
     7    7.37   23.89   32.69 3690.89 v _09591_/Y (AO21x2_ASAP7_75t_R)
                                         _02773_ (net)
                 23.95    0.69 3691.58 v _09592_/B2 (AOI22x1_ASAP7_75t_R)
     6    6.65   50.85   27.76 3719.34 ^ _09592_/Y (AOI22x1_ASAP7_75t_R)
                                         _02774_ (net)
                 50.93    1.21 3720.55 ^ _09615_/A1 (OAI21x1_ASAP7_75t_R)
     8   10.09   63.59   32.01 3752.55 v _09615_/Y (OAI21x1_ASAP7_75t_R)
                                         _02797_ (net)
                 63.92    2.67 3755.22 v _09630_/A1 (AO221x1_ASAP7_75t_R)
     2    2.23   18.52   33.04 3788.27 v _09630_/Y (AO221x1_ASAP7_75t_R)
                                         _02812_ (net)
                 18.52    0.12 3788.39 v _09631_/C (OR3x4_ASAP7_75t_R)
     6    7.70   26.28   48.51 3836.90 v _09631_/Y (OR3x4_ASAP7_75t_R)
                                         _02813_ (net)
                 27.55    3.09 3839.98 v _09944_/A3 (AO32x2_ASAP7_75t_R)
     4    3.27   19.01   35.49 3875.47 v _09944_/Y (AO32x2_ASAP7_75t_R)
                                         _03125_ (net)
                 19.02    0.22 3875.69 v _09961_/B (AND4x1_ASAP7_75t_R)
     1    0.56    7.08   16.66 3892.35 v _09961_/Y (AND4x1_ASAP7_75t_R)
                                         _03142_ (net)
                  7.08    0.02 3892.38 v _09963_/B2 (AO221x2_ASAP7_75t_R)
     5    6.72   24.23   33.49 3925.87 v _09963_/Y (AO221x2_ASAP7_75t_R)
                                         _03144_ (net)
                 24.26    0.45 3926.31 v _09966_/A1 (OA21x2_ASAP7_75t_R)
     7    6.12   20.66   27.64 3953.96 v _09966_/Y (OA21x2_ASAP7_75t_R)
                                         _03147_ (net)
                 20.85    1.09 3955.04 v _09973_/B (OR3x2_ASAP7_75t_R)
     4    3.76   19.03   37.11 3992.16 v _09973_/Y (OR3x2_ASAP7_75t_R)
                                         _03154_ (net)
                 19.04    0.15 3992.31 v _09979_/C (OR4x2_ASAP7_75t_R)
     2    3.01   21.64   44.10 4036.41 v _09979_/Y (OR4x2_ASAP7_75t_R)
                                         _03160_ (net)
                 21.66    0.35 4036.76 v _10194_/B2 (AO33x2_ASAP7_75t_R)
     2    2.63   14.66   35.35 4072.11 v _10194_/Y (AO33x2_ASAP7_75t_R)
                                         _03375_ (net)
                 14.72    0.52 4072.63 v _10201_/A (OR4x1_ASAP7_75t_R)
     2    2.09   19.84   33.72 4106.36 v _10201_/Y (OR4x1_ASAP7_75t_R)
                                         _03382_ (net)
                 19.85    0.24 4106.60 v _10227_/B (AO21x2_ASAP7_75t_R)
     5    6.51   21.42   28.64 4135.24 v _10227_/Y (AO21x2_ASAP7_75t_R)
                                         _03408_ (net)
                 21.50    0.74 4135.98 v _10238_/A2 (AO32x2_ASAP7_75t_R)
    13   14.99   47.41   47.31 4183.29 v _10238_/Y (AO32x2_ASAP7_75t_R)
                                         _03419_ (net)
                 47.50    1.25 4184.54 v _10291_/A1 (AO21x2_ASAP7_75t_R)
     7    9.64   32.21   38.43 4222.97 v _10291_/Y (AO21x2_ASAP7_75t_R)
                                         _03472_ (net)
                 32.97    2.75 4225.72 v _10293_/A (AND2x6_ASAP7_75t_R)
     7    7.72   15.00   30.37 4256.09 v _10293_/Y (AND2x6_ASAP7_75t_R)
                                         _03474_ (net)
                 17.75    3.33 4259.42 v _10538_/A2 (OA211x2_ASAP7_75t_R)
     2    2.82   24.26   28.44 4287.86 v _10538_/Y (OA211x2_ASAP7_75t_R)
                                         _03719_ (net)
                 24.31    0.49 4288.35 v _10546_/A (OR4x1_ASAP7_75t_R)
     1    0.55   10.36   29.83 4318.18 v _10546_/Y (OR4x1_ASAP7_75t_R)
                                         _03727_ (net)
                 10.37    0.06 4318.24 v _10554_/A2 (AO221x2_ASAP7_75t_R)
     8   12.70   47.89   40.06 4358.30 v _10554_/Y (AO221x2_ASAP7_75t_R)
                                         _03735_ (net)
                 51.22    6.73 4365.03 v _10559_/A (AND2x4_ASAP7_75t_R)
     5    5.41   12.92   32.46 4397.49 v _10559_/Y (AND2x4_ASAP7_75t_R)
                                         _03740_ (net)
                 12.96    0.39 4397.88 v _10637_/B (OR3x1_ASAP7_75t_R)
     2    1.59   15.50   27.89 4425.78 v _10637_/Y (OR3x1_ASAP7_75t_R)
                                         _03817_ (net)
                 15.51    0.19 4425.97 v _10638_/D (OR4x1_ASAP7_75t_R)
     3    2.55   22.33   39.68 4465.64 v _10638_/Y (OR4x1_ASAP7_75t_R)
                                         _03818_ (net)
                 22.34    0.14 4465.79 v _10641_/A (AND2x2_ASAP7_75t_R)
     2    1.80    9.34   23.47 4489.26 v _10641_/Y (AND2x2_ASAP7_75t_R)
                                         _03821_ (net)
                  9.35    0.12 4489.38 v _10642_/C (AND3x4_ASAP7_75t_R)
     6    5.79   20.06   26.41 4515.80 v _10642_/Y (AND3x4_ASAP7_75t_R)
                                         _03822_ (net)
                 20.62    1.78 4517.57 v _10738_/A2 (OA211x2_ASAP7_75t_R)
     1    0.90    9.71   25.72 4543.30 v _10738_/Y (OA211x2_ASAP7_75t_R)
                                         _03918_ (net)
                  9.71    0.08 4543.38 v _10740_/C (OR4x2_ASAP7_75t_R)
     3    4.53   25.28   44.89 4588.27 v _10740_/Y (OR4x2_ASAP7_75t_R)
                                         _03920_ (net)
                 25.57    1.48 4589.75 v _10741_/C (MAJx3_ASAP7_75t_R)
     7    8.35   26.76   39.62 4629.37 v _10741_/Y (MAJx3_ASAP7_75t_R)
                                         _03921_ (net)
                 26.95    1.27 4630.64 v _10828_/A2 (OAI21x1_ASAP7_75t_R)
     2    1.84   19.09   15.02 4645.67 ^ _10828_/Y (OAI21x1_ASAP7_75t_R)
                                         _04008_ (net)
                 19.09    0.14 4645.81 ^ _10854_/A2 (AO221x1_ASAP7_75t_R)
     2    2.85   22.10   29.20 4675.01 ^ _10854_/Y (AO221x1_ASAP7_75t_R)
                                         _04035_ (net)
                 22.10    0.09 4675.10 ^ _10903_/A1 (AO221x1_ASAP7_75t_R)
     2    1.88   16.70   28.61 4703.71 ^ _10903_/Y (AO221x1_ASAP7_75t_R)
                                         _04088_ (net)
                 16.71    0.20 4703.91 ^ _10918_/A (AND2x2_ASAP7_75t_R)
     4    2.60   13.93   21.40 4725.31 ^ _10918_/Y (AND2x2_ASAP7_75t_R)
                                         _04105_ (net)
                 13.99    0.49 4725.80 ^ _10924_/D (AND4x1_ASAP7_75t_R)
     2    2.23   24.42   32.80 4758.60 ^ _10924_/Y (AND4x1_ASAP7_75t_R)
                                         _04112_ (net)
                 24.42    0.14 4758.73 ^ _10926_/C (AOI211x1_ASAP7_75t_R)
     3    3.13   42.92   17.23 4775.97 v _10926_/Y (AOI211x1_ASAP7_75t_R)
                                         _04114_ (net)
                 42.92    0.16 4776.12 v _10930_/C (OR4x2_ASAP7_75t_R)
     6    8.40   37.77   57.13 4833.25 v _10930_/Y (OR4x2_ASAP7_75t_R)
                                         _04118_ (net)
                 38.24    2.37 4835.62 v _10931_/A (NAND2x2_ASAP7_75t_R)
     5    5.76   76.77   26.84 4862.47 ^ _10931_/Y (NAND2x2_ASAP7_75t_R)
                                         _04119_ (net)
                 76.90    1.84 4864.31 ^ _11196_/A2 (OA211x2_ASAP7_75t_R)
     2    1.21   15.73   31.71 4896.02 ^ _11196_/Y (OA211x2_ASAP7_75t_R)
                                         _04411_ (net)
                 15.73    0.08 4896.10 ^ _11197_/E (OR5x1_ASAP7_75t_R)
     2    1.69   15.83   23.32 4919.42 ^ _11197_/Y (OR5x1_ASAP7_75t_R)
                                         _04412_ (net)
                 15.83    0.13 4919.54 ^ _11201_/B1 (AOI221x1_ASAP7_75t_R)
     8    7.42  149.31   40.07 4959.61 v _11201_/Y (AOI221x1_ASAP7_75t_R)
                                         _04416_ (net)
                149.32    0.81 4960.42 v _11202_/B (AND2x2_ASAP7_75t_R)
     5    4.83   21.89   51.49 5011.91 v _11202_/Y (AND2x2_ASAP7_75t_R)
                                         _04417_ (net)
                 21.89    0.16 5012.07 v _11274_/B1 (AO32x1_ASAP7_75t_R)
     2    2.35   21.86   30.27 5042.34 v _11274_/Y (AO32x1_ASAP7_75t_R)
                                         _04490_ (net)
                 21.87    0.29 5042.63 v _11275_/C (AOI211x1_ASAP7_75t_R)
     5    4.62   48.17   27.97 5070.60 ^ _11275_/Y (AOI211x1_ASAP7_75t_R)
                                         _04491_ (net)
                 48.23    0.98 5071.58 ^ _11280_/A1 (AO21x2_ASAP7_75t_R)
     6    4.92   20.16   26.35 5097.93 ^ _11280_/Y (AO21x2_ASAP7_75t_R)
                                         _04496_ (net)
                 20.17    0.26 5098.18 ^ _11320_/C (AND4x2_ASAP7_75t_R)
     4    5.96   33.09   42.83 5141.02 ^ _11320_/Y (AND4x2_ASAP7_75t_R)
                                         _04540_ (net)
                 33.23    1.12 5142.14 ^ _11341_/A2 (OA31x2_ASAP7_75t_R)
     4    4.89   20.42   32.79 5174.93 ^ _11341_/Y (OA31x2_ASAP7_75t_R)
                                         _04563_ (net)
                 20.43    0.28 5175.21 ^ _11342_/B (AO21x2_ASAP7_75t_R)
     5    3.65   15.75   19.18 5194.39 ^ _11342_/Y (AO21x2_ASAP7_75t_R)
                                         _04564_ (net)
                 15.81    0.54 5194.94 ^ _11372_/A2 (AO21x2_ASAP7_75t_R)
     7    7.11   25.99   26.47 5221.41 ^ _11372_/Y (AO21x2_ASAP7_75t_R)
                                         _04597_ (net)
                 26.05    0.76 5222.17 ^ _11440_/A2 (AO22x1_ASAP7_75t_R)
     3    2.79   21.36   27.94 5250.11 ^ _11440_/Y (AO22x1_ASAP7_75t_R)
                                         _04672_ (net)
                 21.38    0.35 5250.46 ^ _11456_/A (AND3x4_ASAP7_75t_R)
     5    4.49   15.95   27.73 5278.19 ^ _11456_/Y (AND3x4_ASAP7_75t_R)
                                         _04690_ (net)
                 16.24    1.17 5279.36 ^ _11873_/A2 (AOI221x1_ASAP7_75t_R)
     5    5.78   63.79   34.74 5314.10 v _11873_/Y (AOI221x1_ASAP7_75t_R)
                                         _05122_ (net)
                 63.80    0.29 5314.39 v _11881_/D (OR5x2_ASAP7_75t_R)
     5   11.84   51.40   74.56 5388.96 v _11881_/Y (OR5x2_ASAP7_75t_R)
                                         _05131_ (net)
                 51.75    2.54 5391.50 v wire536/A (BUFx16f_ASAP7_75t_R)
     5   13.22   12.09   26.54 5418.04 v wire536/Y (BUFx16f_ASAP7_75t_R)
                                         net536 (net)
                 16.76    3.68 5421.71 v load_slew535/A (BUFx16f_ASAP7_75t_R)
     8   16.36   11.91   18.14 5439.85 v load_slew535/Y (BUFx16f_ASAP7_75t_R)
                                         net535 (net)
                 29.45    8.68 5448.54 v _11953_/B (NAND2x2_ASAP7_75t_R)
     5   12.34   53.25   31.98 5480.52 ^ _11953_/Y (NAND2x2_ASAP7_75t_R)
                                         _05199_ (net)
                 53.64    2.53 5483.04 ^ _12469_/A2 (AO21x1_ASAP7_75t_R)
     1    1.24   11.79   21.54 5504.58 ^ _12469_/Y (AO21x1_ASAP7_75t_R)
                                         _05705_ (net)
                 11.80    0.11 5504.69 ^ _12475_/A2 (OAI21x1_ASAP7_75t_R)
     1   27.16  151.93   25.50 5530.19 v _12475_/Y (OAI21x1_ASAP7_75t_R)
                                         net433 (net)
                293.78   84.90 5615.09 v output433/A (BUFx3_ASAP7_75t_R)
     1    0.04   11.33   45.27 5660.36 v output433/Y (BUFx3_ASAP7_75t_R)
                                         result[50] (net)
                 11.33    0.00 5660.36 v result[50] (out)
                               5660.36   data arrival time

                  0.00 5000.00 5000.00   clock clk (rise edge)
                          0.00 5000.00   clock network delay (ideal)
                          0.00 5000.00   clock reconvergence pessimism
                       -1000.00 4000.00   output external delay
                               4000.00   data required time
-----------------------------------------------------------------------------
                               4000.00   data required time
                               -5660.36   data arrival time
-----------------------------------------------------------------------------
                               -1660.36   slack (VIOLATED)



==========================================================================
finish report_check_types -max_slew -max_cap -max_fanout -violators
--------------------------------------------------------------------------
max slew

Pin                                    Limit    Slew   Slack
------------------------------------------------------------
_08195_/A                             320.00  597.81 -277.81 (VIOLATED)
_08201_/A                             320.00  597.67 -277.67 (VIOLATED)
_08029_/B                             320.00  597.64 -277.64 (VIOLATED)
_07963_/B                             320.00  597.52 -277.52 (VIOLATED)
_07940_/A                             320.00  597.40 -277.40 (VIOLATED)
_08171_/B                             320.00  596.35 -276.35 (VIOLATED)
_08022_/B                             320.00  595.99 -275.99 (VIOLATED)
_08162_/A                             320.00  593.72 -273.72 (VIOLATED)
_08257_/A                             320.00  593.35 -273.35 (VIOLATED)
_08539_/A                             320.00  593.30 -273.30 (VIOLATED)
_08136_/A                             320.00  589.39 -269.39 (VIOLATED)
_08154_/A1                            320.00  589.26 -269.26 (VIOLATED)
_08027_/A                             320.00  587.03 -267.03 (VIOLATED)
_08408_/A                             320.00  585.49 -265.49 (VIOLATED)
_08259_/A                             320.00  585.20 -265.20 (VIOLATED)
_08495_/A                             320.00  585.20 -265.20 (VIOLATED)
_08392_/A1                            320.00  585.11 -265.11 (VIOLATED)
_12386_/A1                            320.00  584.58 -264.58 (VIOLATED)
_08035_/A                             320.00  583.31 -263.31 (VIOLATED)
_08336_/A                             320.00  583.05 -263.05 (VIOLATED)
_08084_/A                             320.00  575.93 -255.93 (VIOLATED)
_08125_/A                             320.00  563.91 -243.91 (VIOLATED)
_08415_/A                             320.00  561.77 -241.77 (VIOLATED)
_12544_/B                             320.00  541.90 -221.90 (VIOLATED)
_12536_/A2                            320.00  525.37 -205.37 (VIOLATED)
output341/A                           320.00  420.43 -100.43 (VIOLATED)
_11424_/C                             320.00  401.54  -81.54 (VIOLATED)
_11933_/B2                            320.00  401.46  -81.46 (VIOLATED)
_11462_/C                             320.00  401.31  -81.31 (VIOLATED)
_11406_/C                             320.00  401.08  -81.08 (VIOLATED)
_11325_/C                             320.00  401.05  -81.05 (VIOLATED)
_11482_/C                             320.00  401.02  -81.02 (VIOLATED)
_11354_/C                             320.00  400.92  -80.92 (VIOLATED)
_11381_/C                             320.00  400.91  -80.91 (VIOLATED)
_09280_/A                             320.00  400.46  -80.46 (VIOLATED)
_12777_/B2                            320.00  400.36  -80.36 (VIOLATED)
_12775_/B2                            320.00  400.32  -80.32 (VIOLATED)
_06931_/A                             320.00  399.93  -79.93 (VIOLATED)
_07200_/A                             320.00  399.89  -79.89 (VIOLATED)
_06935_/A                             320.00  399.87  -79.87 (VIOLATED)
_06851_/A                             320.00  399.74  -79.74 (VIOLATED)
_07278_/A1                            320.00  399.44  -79.44 (VIOLATED)
_11614_/A                             320.00  398.83  -78.83 (VIOLATED)
_07157_/A                             320.00  398.62  -78.62 (VIOLATED)
_11095_/C                             320.00  397.99  -77.99 (VIOLATED)
_11619_/A                             320.00  397.82  -77.82 (VIOLATED)
_07351_/A1                            320.00  397.49  -77.49 (VIOLATED)
_11196_/C                             320.00  397.44  -77.44 (VIOLATED)
_11123_/C                             320.00  397.34  -77.34 (VIOLATED)
_07343_/A                             320.00  396.15  -76.15 (VIOLATED)
_07378_/A1                            320.00  396.12  -76.12 (VIOLATED)
_11536_/B2                            320.00  396.00  -76.00 (VIOLATED)
_11162_/C                             320.00  395.75  -75.75 (VIOLATED)
_11971_/A2                            320.00  395.71  -75.71 (VIOLATED)
_11947_/A1                            320.00  395.66  -75.66 (VIOLATED)
_11187_/C                             320.00  395.66  -75.66 (VIOLATED)
_11968_/B                             320.00  395.64  -75.64 (VIOLATED)
_11091_/C                             320.00  395.60  -75.60 (VIOLATED)
_11532_/B                             320.00  395.45  -75.45 (VIOLATED)
_10722_/C                             320.00  395.07  -75.07 (VIOLATED)
_10654_/C                             320.00  394.87  -74.87 (VIOLATED)
_07309_/A                             320.00  394.61  -74.61 (VIOLATED)
_10300_/C                             320.00  394.49  -74.49 (VIOLATED)
_10538_/C                             320.00  394.47  -74.47 (VIOLATED)
_10891_/C                             320.00  394.47  -74.47 (VIOLATED)
_12660_/A1                            320.00  394.33  -74.33 (VIOLATED)
_07347_/A                             320.00  394.29  -74.29 (VIOLATED)
_07397_/A                             320.00  394.22  -74.22 (VIOLATED)
_10408_/C                             320.00  393.79  -73.79 (VIOLATED)
_12753_/A                             320.00  393.33  -73.33 (VIOLATED)
_11292_/A                             320.00  393.19  -73.19 (VIOLATED)
_10841_/C                             320.00  392.65  -72.65 (VIOLATED)
_07482_/A1                            320.00  392.35  -72.35 (VIOLATED)
_10656_/C                             320.00  392.30  -72.30 (VIOLATED)
_10839_/C                             320.00  391.75  -71.75 (VIOLATED)
_12084_/A1                            320.00  391.55  -71.55 (VIOLATED)
_12052_/C                             320.00  391.43  -71.43 (VIOLATED)
_10893_/C                             320.00  391.26  -71.26 (VIOLATED)
_11972_/A2                            320.00  391.22  -71.22 (VIOLATED)
_09537_/C                             320.00  391.08  -71.08 (VIOLATED)
_10511_/C                             320.00  391.05  -71.05 (VIOLATED)
_11905_/A2                            320.00  390.96  -70.96 (VIOLATED)
_11910_/B                             320.00  390.41  -70.41 (VIOLATED)
_10264_/B                             320.00  390.23  -70.23 (VIOLATED)
_10290_/A                             320.00  390.15  -70.15 (VIOLATED)
_10364_/A                             320.00  390.11  -70.11 (VIOLATED)
_10725_/A                             320.00  390.09  -70.09 (VIOLATED)
_10766_/A                             320.00  390.06  -70.06 (VIOLATED)
_10346_/B                             320.00  389.14  -69.14 (VIOLATED)
_11386_/A                             320.00  388.95  -68.95 (VIOLATED)
_10425_/A                             320.00  388.68  -68.68 (VIOLATED)
_10415_/C                             320.00  388.67  -68.67 (VIOLATED)
_12587_/A1                            320.00  388.52  -68.52 (VIOLATED)
_07320_/A                             320.00  388.46  -68.46 (VIOLATED)
_09366_/A                             320.00  388.44  -68.44 (VIOLATED)
_07322_/A                             320.00  388.32  -68.32 (VIOLATED)
_10253_/A                             320.00  388.23  -68.23 (VIOLATED)
_10365_/A                             320.00  388.16  -68.16 (VIOLATED)
_10416_/A1                            320.00  388.02  -68.02 (VIOLATED)
_10371_/B                             320.00  387.31  -67.31 (VIOLATED)
_06727_/A1                            320.00  387.28  -67.28 (VIOLATED)
_11466_/C                             320.00  387.21  -67.21 (VIOLATED)
_06735_/A                             320.00  387.04  -67.04 (VIOLATED)
_10426_/A                             320.00  386.83  -66.83 (VIOLATED)
_06976_/A                             320.00  386.83  -66.83 (VIOLATED)
_06979_/A1                            320.00  386.73  -66.73 (VIOLATED)
_06826_/A                             320.00  386.69  -66.69 (VIOLATED)
_12010_/A1                            320.00  386.64  -66.64 (VIOLATED)
_06809_/A1                            320.00  386.52  -66.52 (VIOLATED)
_11430_/C                             320.00  386.43  -66.43 (VIOLATED)
_07044_/A                             320.00  386.27  -66.27 (VIOLATED)
_07098_/B                             320.00  386.21  -66.21 (VIOLATED)
_11998_/A1                            320.00  385.67  -65.67 (VIOLATED)
_11201_/A1                            320.00  385.64  -65.64 (VIOLATED)
_07019_/A                             320.00  385.58  -65.58 (VIOLATED)
_07445_/A1                            320.00  385.56  -65.56 (VIOLATED)
_07436_/A1                            320.00  385.43  -65.43 (VIOLATED)
_06963_/A1                            320.00  385.40  -65.40 (VIOLATED)
_06884_/A                             320.00  385.39  -65.39 (VIOLATED)
_11473_/A1                            320.00  385.31  -65.31 (VIOLATED)
_07049_/A                             320.00  385.26  -65.26 (VIOLATED)
_11015_/A1                            320.00  384.95  -64.95 (VIOLATED)
_12650_/A1                            320.00  384.90  -64.90 (VIOLATED)
_10411_/B                             320.00  384.90  -64.90 (VIOLATED)
_11314_/A1                            320.00  384.84  -64.84 (VIOLATED)
_07008_/A                             320.00  384.81  -64.81 (VIOLATED)
_07085_/A                             320.00  384.79  -64.79 (VIOLATED)
_10763_/C                             320.00  384.76  -64.76 (VIOLATED)
_10692_/A                             320.00  384.75  -64.75 (VIOLATED)
_07009_/A1                            320.00  384.71  -64.71 (VIOLATED)
_10869_/B2                            320.00  384.70  -64.70 (VIOLATED)
_11541_/C                             320.00  384.66  -64.66 (VIOLATED)
_06957_/A                             320.00  384.63  -64.63 (VIOLATED)
_07368_/A                             320.00  384.62  -64.62 (VIOLATED)
_09071_/B                             320.00  384.55  -64.55 (VIOLATED)
_07425_/A                             320.00  384.39  -64.39 (VIOLATED)
_07081_/A                             320.00  384.38  -64.38 (VIOLATED)
_07227_/A                             320.00  384.27  -64.27 (VIOLATED)
_09070_/A                             320.00  384.24  -64.24 (VIOLATED)
_07107_/A1                            320.00  384.16  -64.16 (VIOLATED)
_07031_/A                             320.00  383.95  -63.95 (VIOLATED)
_11436_/A1                            320.00  383.86  -63.86 (VIOLATED)
_11486_/C                             320.00  383.79  -63.79 (VIOLATED)
_11133_/A1                            320.00  383.76  -63.76 (VIOLATED)
_10796_/A1                            320.00  383.55  -63.55 (VIOLATED)
_11043_/A1                            320.00  383.35  -63.35 (VIOLATED)
_11069_/A1                            320.00  383.26  -63.26 (VIOLATED)
_11368_/A1                            320.00  383.25  -63.25 (VIOLATED)
_06869_/A1                            320.00  383.04  -63.04 (VIOLATED)
_06833_/A1                            320.00  383.00  -63.00 (VIOLATED)
_12565_/A1                            320.00  382.80  -62.80 (VIOLATED)
_10942_/C                             320.00  382.80  -62.80 (VIOLATED)
_07233_/B2                            320.00  382.76  -62.76 (VIOLATED)
_09309_/C                             320.00  382.73  -62.73 (VIOLATED)
_11876_/A                             320.00  382.48  -62.48 (VIOLATED)
_10459_/A                             320.00  382.26  -62.26 (VIOLATED)
_12465_/A1                            320.00  382.11  -62.11 (VIOLATED)
_11392_/B2                            320.00  381.93  -61.93 (VIOLATED)
_11874_/A                             320.00  381.92  -61.92 (VIOLATED)
_09443_/C                             320.00  381.55  -61.55 (VIOLATED)
_10876_/A1                            320.00  381.29  -61.29 (VIOLATED)
_10961_/A                             320.00  381.17  -61.17 (VIOLATED)
_11432_/A1                            320.00  380.80  -60.80 (VIOLATED)
_11103_/C1                            320.00  380.70  -60.70 (VIOLATED)
_09031_/A                             320.00  380.41  -60.41 (VIOLATED)
_12362_/B2                            320.00  380.38  -60.38 (VIOLATED)
_10429_/A                             320.00  380.36  -60.36 (VIOLATED)
_12367_/B                             320.00  380.32  -60.32 (VIOLATED)
_12376_/B2                            320.00  380.29  -60.29 (VIOLATED)
_11393_/A1                            320.00  380.12  -60.12 (VIOLATED)
_09123_/B                             320.00  379.76  -59.76 (VIOLATED)
_11314_/B2                            320.00  379.76  -59.76 (VIOLATED)
_09131_/A1                            320.00  379.73  -59.73 (VIOLATED)
_11369_/A1                            320.00  379.69  -59.69 (VIOLATED)
_11450_/A1                            320.00  379.11  -59.11 (VIOLATED)
_07567_/A                             320.00  378.99  -58.99 (VIOLATED)
_11336_/A1                            320.00  378.95  -58.95 (VIOLATED)
_12624_/B2                            320.00  378.94  -58.94 (VIOLATED)
_11418_/A1                            320.00  378.78  -58.78 (VIOLATED)
_06861_/A                             320.00  378.60  -58.60 (VIOLATED)
_12623_/B                             320.00  378.58  -58.58 (VIOLATED)
_09868_/A1                            320.00  378.58  -58.58 (VIOLATED)
_09907_/A1                            320.00  378.52  -58.52 (VIOLATED)
_09171_/A                             320.00  378.46  -58.46 (VIOLATED)
_09156_/A                             320.00  378.44  -58.44 (VIOLATED)
_10876_/B2                            320.00  378.42  -58.42 (VIOLATED)
_11474_/A1                            320.00  378.37  -58.37 (VIOLATED)
_10428_/A                             320.00  378.28  -58.28 (VIOLATED)
_09109_/C                             320.00  378.12  -58.12 (VIOLATED)
_11870_/A                             320.00  377.86  -57.86 (VIOLATED)
_07984_/A                             320.00  377.75  -57.75 (VIOLATED)
_07175_/A1                            320.00  377.74  -57.74 (VIOLATED)
_07359_/A1                            320.00  377.50  -57.50 (VIOLATED)
_11574_/A1                            320.00  377.06  -57.06 (VIOLATED)
_10847_/A1                            320.00  376.95  -56.95 (VIOLATED)
_11172_/B2                            320.00  376.92  -56.92 (VIOLATED)
_10672_/A1                            320.00  376.72  -56.72 (VIOLATED)
_10530_/A1                            320.00  376.62  -56.62 (VIOLATED)
_10698_/A1                            320.00  376.41  -56.41 (VIOLATED)
_09419_/C                             320.00  374.88  -54.88 (VIOLATED)
_11493_/B2                            320.00  374.87  -54.87 (VIOLATED)
_12269_/A2                            320.00  374.53  -54.53 (VIOLATED)
_12374_/A1                            320.00  374.29  -54.29 (VIOLATED)
_11335_/A1                            320.00  372.62  -52.62 (VIOLATED)
_10444_/A1                            320.00  372.49  -52.49 (VIOLATED)
_09123_/A                             320.00  372.27  -52.27 (VIOLATED)
_07515_/A1                            320.00  372.24  -52.24 (VIOLATED)
_09390_/C                             320.00  372.07  -52.07 (VIOLATED)
_11056_/B                             320.00  371.83  -51.83 (VIOLATED)
_10404_/A1                            320.00  371.70  -51.70 (VIOLATED)
_09442_/A1                            320.00  371.33  -51.33 (VIOLATED)
_10214_/C                             320.00  371.13  -51.13 (VIOLATED)
_12694_/A1                            320.00  371.01  -51.01 (VIOLATED)
_09069_/A                             320.00  370.71  -50.71 (VIOLATED)
_11627_/C                             320.00  370.64  -50.64 (VIOLATED)
_09071_/A                             320.00  370.10  -50.10 (VIOLATED)
_09154_/A                             320.00  370.08  -50.08 (VIOLATED)
_12359_/B                             320.00  370.08  -50.08 (VIOLATED)
_09364_/A                             320.00  370.03  -50.03 (VIOLATED)
_09108_/A1                            320.00  369.73  -49.73 (VIOLATED)
_09032_/A1                            320.00  369.71  -49.71 (VIOLATED)
_10363_/A1                            320.00  369.63  -49.63 (VIOLATED)
_12613_/B                             320.00  369.62  -49.62 (VIOLATED)
_12093_/C                             320.00  369.32  -49.32 (VIOLATED)
_09516_/A                             320.00  369.28  -49.28 (VIOLATED)
_10672_/B2                            320.00  369.27  -49.27 (VIOLATED)
_09155_/A                             320.00  369.06  -49.06 (VIOLATED)
_06891_/A                             320.00  368.79  -48.79 (VIOLATED)
_09418_/A1                            320.00  368.46  -48.46 (VIOLATED)
_08180_/A                             320.00  367.59  -47.59 (VIOLATED)
_10772_/A1                            320.00  366.41  -46.41 (VIOLATED)
_10869_/A1                            320.00  366.17  -46.17 (VIOLATED)
_10487_/B2                            320.00  365.70  -45.70 (VIOLATED)
_12470_/A                             320.00  365.69  -45.69 (VIOLATED)
_12049_/A                             320.00  365.08  -45.08 (VIOLATED)
_12077_/A                             320.00  365.06  -45.06 (VIOLATED)
_09970_/A                             320.00  365.06  -45.06 (VIOLATED)
_12050_/A1                            320.00  364.73  -44.73 (VIOLATED)
_11972_/A1                            320.00  364.26  -44.26 (VIOLATED)
_11905_/A1                            320.00  363.81  -43.81 (VIOLATED)
_06840_/A                             320.00  363.48  -43.48 (VIOLATED)
_12270_/B                             320.00  363.06  -43.06 (VIOLATED)
_09293_/A                             320.00  362.57  -42.57 (VIOLATED)
_09015_/B                             320.00  362.51  -42.51 (VIOLATED)
_09174_/A1                            320.00  362.41  -42.41 (VIOLATED)
_09527_/A1                            320.00  362.40  -42.40 (VIOLATED)
_08985_/A1                            320.00  362.35  -42.35 (VIOLATED)
_11904_/B1                            320.00  362.13  -42.13 (VIOLATED)
_12756_/A                             320.00  362.09  -42.09 (VIOLATED)
_09560_/A                             320.00  362.07  -42.07 (VIOLATED)
_12738_/A                             320.00  361.48  -41.48 (VIOLATED)
_06835_/A                             320.00  361.39  -41.39 (VIOLATED)
_12739_/A1                            320.00  360.90  -40.90 (VIOLATED)
_10026_/A                             320.00  360.86  -40.86 (VIOLATED)
_10315_/A                             320.00  360.56  -40.56 (VIOLATED)
_09918_/A1                            320.00  360.55  -40.55 (VIOLATED)
_12471_/B                             320.00  360.51  -40.51 (VIOLATED)
_09924_/A1                            320.00  360.49  -40.49 (VIOLATED)
_12762_/A1                            320.00  360.36  -40.36 (VIOLATED)
_09222_/B                             320.00  360.26  -40.26 (VIOLATED)
_09870_/A1                            320.00  360.12  -40.12 (VIOLATED)
_10720_/B2                            320.00  359.98  -39.98 (VIOLATED)
_09877_/A1                            320.00  359.21  -39.21 (VIOLATED)
_12259_/A2                            320.00  359.18  -39.18 (VIOLATED)
_10501_/B2                            320.00  359.10  -39.10 (VIOLATED)
_10056_/A1                            320.00  358.87  -38.87 (VIOLATED)
_10502_/A                             320.00  358.33  -38.33 (VIOLATED)
_08294_/A                             320.00  358.05  -38.05 (VIOLATED)
_10220_/B2                            320.00  357.46  -37.46 (VIOLATED)
_10558_/A                             320.00  357.26  -37.26 (VIOLATED)
_10320_/A                             320.00  356.70  -36.70 (VIOLATED)
_10058_/A1                            320.00  356.42  -36.42 (VIOLATED)
_12173_/B                             320.00  356.24  -36.24 (VIOLATED)
_10554_/B2                            320.00  356.02  -36.02 (VIOLATED)
_09223_/A                             320.00  355.67  -35.67 (VIOLATED)
_10136_/C                             320.00  354.64  -34.64 (VIOLATED)
output346/A                           320.00  354.47  -34.47 (VIOLATED)
_12186_/B2                            320.00  354.17  -34.17 (VIOLATED)
_10755_/A1                            320.00  353.94  -33.94 (VIOLATED)
_09297_/A                             320.00  353.74  -33.74 (VIOLATED)
_09023_/A                             320.00  353.69  -33.69 (VIOLATED)
_09562_/A                             320.00  353.62  -33.62 (VIOLATED)
_09750_/A                             320.00  353.55  -33.55 (VIOLATED)
_12659_/B2                            320.00  353.43  -33.43 (VIOLATED)
_08932_/A1                            320.00  353.11  -33.11 (VIOLATED)
_08482_/A                             320.00  353.00  -33.00 (VIOLATED)
_08402_/A                             320.00  352.98  -32.98 (VIOLATED)
_09776_/A                             320.00  352.82  -32.82 (VIOLATED)
_11121_/A1                            320.00  352.41  -32.41 (VIOLATED)
_10669_/A                             320.00  352.19  -32.19 (VIOLATED)
_10620_/C                             320.00  351.94  -31.94 (VIOLATED)
_12166_/B                             320.00  351.88  -31.88 (VIOLATED)
_12666_/A1                            320.00  351.71  -31.71 (VIOLATED)
clone23/A                             320.00  351.29  -31.29 (VIOLATED)
_10134_/B                             320.00  351.22  -31.22 (VIOLATED)
_09672_/B2                            320.00  351.21  -31.21 (VIOLATED)
_12408_/A                             320.00  351.07  -31.07 (VIOLATED)
_09604_/A                             320.00  350.99  -30.99 (VIOLATED)
_10186_/A1                            320.00  350.96  -30.96 (VIOLATED)
_08777_/A1                            320.00  350.93  -30.93 (VIOLATED)
_10341_/A1                            320.00  350.82  -30.82 (VIOLATED)
_07696_/A                             320.00  350.48  -30.48 (VIOLATED)
_10549_/A                             320.00  350.32  -30.32 (VIOLATED)
_08798_/A1                            320.00  350.26  -30.26 (VIOLATED)
_10118_/A1                            320.00  349.86  -29.86 (VIOLATED)
_11195_/A1                            320.00  349.55  -29.55 (VIOLATED)
_12637_/A                             320.00  349.37  -29.37 (VIOLATED)
_08982_/A1                            320.00  349.12  -29.12 (VIOLATED)
_10629_/C                             320.00  349.05  -29.05 (VIOLATED)
_08373_/A                             320.00  348.32  -28.32 (VIOLATED)
_10731_/A                             320.00  348.22  -28.22 (VIOLATED)
_12595_/A1                            320.00  347.78  -27.78 (VIOLATED)
_09625_/A                             320.00  347.61  -27.61 (VIOLATED)
_09438_/A                             320.00  347.33  -27.33 (VIOLATED)
_09010_/A                             320.00  346.98  -26.98 (VIOLATED)
_07864_/A                             320.00  346.91  -26.91 (VIOLATED)
_12583_/A1                            320.00  346.88  -26.88 (VIOLATED)
_08522_/A                             320.00  346.88  -26.88 (VIOLATED)
_08290_/A                             320.00  346.73  -26.73 (VIOLATED)
_11036_/B2                            320.00  346.62  -26.62 (VIOLATED)
_12708_/A1                            320.00  346.45  -26.45 (VIOLATED)
_08460_/A                             320.00  346.28  -26.28 (VIOLATED)
_12480_/B2                            320.00  346.27  -26.27 (VIOLATED)
_10015_/A                             320.00  345.55  -25.55 (VIOLATED)
_11330_/A                             320.00  345.35  -25.35 (VIOLATED)
_11299_/A                             320.00  345.30  -25.30 (VIOLATED)
_12566_/A1                            320.00  344.91  -24.91 (VIOLATED)
_10394_/A                             320.00  344.91  -24.91 (VIOLATED)
_11168_/A1                            320.00  344.71  -24.71 (VIOLATED)
_09742_/C                             320.00  344.66  -24.66 (VIOLATED)
_09993_/C                             320.00  344.61  -24.61 (VIOLATED)
_10644_/B                             320.00  344.22  -24.22 (VIOLATED)
_08745_/C                             320.00  343.82  -23.82 (VIOLATED)
_10078_/A                             320.00  343.02  -23.02 (VIOLATED)
_10080_/C                             320.00  342.57  -22.57 (VIOLATED)
_09492_/A1                            320.00  341.76  -21.76 (VIOLATED)
_09130_/A1                            320.00  340.59  -20.59 (VIOLATED)
_12062_/B2                            320.00  340.50  -20.50 (VIOLATED)
_12075_/B2                            320.00  340.49  -20.49 (VIOLATED)
_12068_/B2                            320.00  340.38  -20.38 (VIOLATED)
_10286_/A1                            320.00  340.13  -20.13 (VIOLATED)
_10829_/B                             320.00  340.08  -20.08 (VIOLATED)
_08573_/A                             320.00  340.08  -20.08 (VIOLATED)
_12764_/A1                            320.00  339.76  -19.76 (VIOLATED)
_12043_/B2                            320.00  339.57  -19.57 (VIOLATED)
_10622_/A                             320.00  339.31  -19.31 (VIOLATED)
_12036_/B2                            320.00  339.24  -19.24 (VIOLATED)
_12047_/B2                            320.00  338.40  -18.40 (VIOLATED)
_10187_/B2                            320.00  337.85  -17.85 (VIOLATED)
_09057_/A                             320.00  337.77  -17.77 (VIOLATED)
_09143_/A1                            320.00  337.74  -17.74 (VIOLATED)
_12083_/B2                            320.00  337.70  -17.70 (VIOLATED)
_09142_/B                             320.00  337.68  -17.68 (VIOLATED)
_09117_/A                             320.00  337.66  -17.66 (VIOLATED)
_10643_/B                             320.00  337.61  -17.61 (VIOLATED)
_09373_/A                             320.00  337.35  -17.35 (VIOLATED)
_10380_/A                             320.00  337.18  -17.18 (VIOLATED)
_08814_/C                             320.00  337.16  -17.16 (VIOLATED)
_10437_/A                             320.00  337.12  -17.12 (VIOLATED)
_12713_/B2                            320.00  336.81  -16.81 (VIOLATED)
_10384_/A                             320.00  336.75  -16.75 (VIOLATED)
_09086_/A                             320.00  336.46  -16.46 (VIOLATED)
_10526_/A                             320.00  336.45  -16.45 (VIOLATED)
_10788_/A1                            320.00  336.30  -16.30 (VIOLATED)
_10324_/A                             320.00  336.28  -16.28 (VIOLATED)
_11038_/A1                            320.00  336.25  -16.25 (VIOLATED)
_11046_/A1                            320.00  336.19  -16.19 (VIOLATED)
_09427_/A1                            320.00  336.13  -16.13 (VIOLATED)
_10935_/A                             320.00  335.88  -15.88 (VIOLATED)
_08753_/A1                            320.00  335.64  -15.64 (VIOLATED)
_08717_/C2                            320.00  335.45  -15.45 (VIOLATED)
_08581_/B2                            320.00  335.44  -15.44 (VIOLATED)
_12167_/B                             320.00  335.24  -15.24 (VIOLATED)
_08816_/A                             320.00  335.19  -15.19 (VIOLATED)
_12186_/A2                            320.00  335.11  -15.11 (VIOLATED)
_10440_/A                             320.00  335.03  -15.03 (VIOLATED)
_06913_/A                             320.00  334.88  -14.88 (VIOLATED)
_11545_/B                             320.00  334.88  -14.88 (VIOLATED)
_10181_/C                             320.00  334.86  -14.86 (VIOLATED)
_08329_/C2                            320.00  334.84  -14.84 (VIOLATED)
_11309_/A                             320.00  334.68  -14.68 (VIOLATED)
_06914_/B                             320.00  334.63  -14.63 (VIOLATED)
_10663_/A                             320.00  334.42  -14.42 (VIOLATED)
_08363_/C2                            320.00  334.33  -14.33 (VIOLATED)
_12024_/A                             320.00  334.13  -14.13 (VIOLATED)
_06910_/A                             320.00  334.02  -14.02 (VIOLATED)
_06843_/A                             320.00  334.02  -14.02 (VIOLATED)
_06821_/A                             320.00  333.99  -13.99 (VIOLATED)
_09103_/B2                            320.00  333.84  -13.84 (VIOLATED)
_10872_/A                             320.00  333.81  -13.81 (VIOLATED)
_08687_/C2                            320.00  333.81  -13.81 (VIOLATED)
_06845_/A                             320.00  333.72  -13.72 (VIOLATED)
_12022_/A                             320.00  333.67  -13.67 (VIOLATED)
_09384_/B                             320.00  333.65  -13.65 (VIOLATED)
_08381_/A1                            320.00  333.61  -13.61 (VIOLATED)
_12031_/A                             320.00  333.37  -13.37 (VIOLATED)
_11339_/A                             320.00  333.32  -13.32 (VIOLATED)
_09665_/C                             320.00  333.32  -13.32 (VIOLATED)
_12354_/B                             320.00  333.27  -13.27 (VIOLATED)
_10678_/B                             320.00  333.25  -13.25 (VIOLATED)
_10022_/A1                            320.00  333.09  -13.09 (VIOLATED)
_11094_/A1                            320.00  332.90  -12.90 (VIOLATED)
_10737_/A                             320.00  332.88  -12.88 (VIOLATED)
_09469_/A1                            320.00  332.58  -12.58 (VIOLATED)
_09700_/A1                            320.00  332.50  -12.50 (VIOLATED)
_09703_/A1                            320.00  332.41  -12.41 (VIOLATED)
_11449_/A                             320.00  332.33  -12.33 (VIOLATED)
_09451_/A1                            320.00  332.32  -12.32 (VIOLATED)
_09051_/B2                            320.00  332.24  -12.24 (VIOLATED)
_06911_/A                             320.00  331.98  -11.98 (VIOLATED)
_08421_/C2                            320.00  331.77  -11.77 (VIOLATED)
_11443_/A                             320.00  331.68  -11.68 (VIOLATED)
_08510_/B2                            320.00  331.43  -11.43 (VIOLATED)
_12079_/A1                            320.00  330.93  -10.93 (VIOLATED)
_07159_/B                             320.00  330.87  -10.87 (VIOLATED)
_06906_/A                             320.00  330.66  -10.66 (VIOLATED)
_12081_/A1                            320.00  330.61  -10.61 (VIOLATED)
_06909_/B                             320.00  330.58  -10.58 (VIOLATED)
_07036_/B                             320.00  330.58  -10.58 (VIOLATED)
_07158_/B                             320.00  330.58  -10.58 (VIOLATED)
_07239_/B                             320.00  330.32  -10.32 (VIOLATED)
_07933_/A1                            320.00  330.10  -10.10 (VIOLATED)
_07993_/A1                            320.00  329.87   -9.87 (VIOLATED)
_08141_/B                             320.00  329.84   -9.84 (VIOLATED)
_11497_/A                             320.00  329.58   -9.58 (VIOLATED)
_10332_/A                             320.00  329.34   -9.34 (VIOLATED)
_09315_/A                             320.00  329.04   -9.04 (VIOLATED)
_08279_/B2                            320.00  328.85   -8.85 (VIOLATED)
_12054_/A1                            320.00  328.81   -8.81 (VIOLATED)
_08534_/B2                            320.00  328.58   -8.58 (VIOLATED)
_06665_/A                             320.00  328.45   -8.45 (VIOLATED)
_06705_/B2                            320.00  328.42   -8.42 (VIOLATED)
_06712_/A                             320.00  328.30   -8.30 (VIOLATED)
_08582_/B                             320.00  328.21   -8.21 (VIOLATED)
_06709_/A                             320.00  328.09   -8.09 (VIOLATED)
_08514_/B                             320.00  327.94   -7.94 (VIOLATED)
_06747_/A                             320.00  327.60   -7.60 (VIOLATED)
_06702_/A                             320.00  327.43   -7.43 (VIOLATED)
_07015_/A                             320.00  327.27   -7.27 (VIOLATED)
_08872_/B2                            320.00  327.26   -7.26 (VIOLATED)
_06750_/A                             320.00  326.89   -6.89 (VIOLATED)
_08724_/A                             320.00  326.81   -6.81 (VIOLATED)
_08457_/A1                            320.00  326.80   -6.80 (VIOLATED)
_06716_/A                             320.00  326.72   -6.72 (VIOLATED)
_11347_/A                             320.00  326.65   -6.65 (VIOLATED)
_08283_/A1                            320.00  326.44   -6.44 (VIOLATED)
_09269_/A                             320.00  326.29   -6.29 (VIOLATED)
_12038_/A                             320.00  326.23   -6.23 (VIOLATED)
_12497_/A1                            320.00  325.80   -5.80 (VIOLATED)
_08663_/A                             320.00  325.75   -5.75 (VIOLATED)
_11395_/A                             320.00  325.63   -5.63 (VIOLATED)
_12487_/A                             320.00  325.62   -5.62 (VIOLATED)
_08661_/A                             320.00  325.60   -5.60 (VIOLATED)
_08767_/A                             320.00  325.49   -5.49 (VIOLATED)
_08515_/A1                            320.00  325.25   -5.25 (VIOLATED)
_12288_/B2                            320.00  325.10   -5.10 (VIOLATED)
_11447_/A                             320.00  325.08   -5.08 (VIOLATED)
_12472_/A                             320.00  324.99   -4.99 (VIOLATED)
_08636_/B2                            320.00  324.54   -4.54 (VIOLATED)
_11560_/A1                            320.00  324.36   -4.36 (VIOLATED)
_08811_/A1                            320.00  324.17   -4.17 (VIOLATED)
_08862_/A1                            320.00  324.13   -4.13 (VIOLATED)
_11457_/A1                            320.00  323.79   -3.79 (VIOLATED)
_09547_/A                             320.00  323.73   -3.73 (VIOLATED)
_08642_/A1                            320.00  323.72   -3.72 (VIOLATED)
clone13/B                             320.00  323.63   -3.63 (VIOLATED)
_08506_/A                             320.00  323.61   -3.61 (VIOLATED)
_10273_/C                             320.00  323.60   -3.60 (VIOLATED)
_08644_/A                             320.00  323.55   -3.55 (VIOLATED)
_10519_/C                             320.00  323.51   -3.51 (VIOLATED)
_10540_/C                             320.00  323.50   -3.50 (VIOLATED)
_09469_/B2                            320.00  323.26   -3.26 (VIOLATED)
_08819_/B2                            320.00  322.62   -2.62 (VIOLATED)
_10077_/C                             320.00  322.46   -2.46 (VIOLATED)
_12606_/A1                            320.00  322.41   -2.41 (VIOLATED)
_10109_/C                             320.00  322.40   -2.40 (VIOLATED)
_10049_/C                             320.00  322.34   -2.34 (VIOLATED)
_08752_/B2                            320.00  322.22   -2.22 (VIOLATED)
_09472_/A                             320.00  322.21   -2.21 (VIOLATED)
_10210_/C                             320.00  322.18   -2.18 (VIOLATED)
_09886_/A                             320.00  321.28   -1.28 (VIOLATED)
_08803_/A1                            320.00  321.28   -1.28 (VIOLATED)
_09887_/A                             320.00  320.93   -0.93 (VIOLATED)
_08717_/B2                            320.00  320.65   -0.65 (VIOLATED)
_09395_/A1                            320.00  320.60   -0.60 (VIOLATED)
_09984_/A                             320.00  320.53   -0.53 (VIOLATED)
_09225_/B                             320.00  320.48   -0.48 (VIOLATED)
_08510_/A1                            320.00  320.33   -0.33 (VIOLATED)
_08581_/A1                            320.00  320.33   -0.33 (VIOLATED)
_08629_/C                             320.00  320.02   -0.02 (VIOLATED)


==========================================================================
finish max_slew_check_slack
--------------------------------------------------------------------------
-277.8081970214844

==========================================================================
finish max_slew_check_limit
--------------------------------------------------------------------------
320.0

==========================================================================
finish max_slew_check_slack_limit
--------------------------------------------------------------------------
-0.8682

==========================================================================
finish max_fanout_check_slack
--------------------------------------------------------------------------
1.0000000150474662e+30

==========================================================================
finish max_fanout_check_limit
--------------------------------------------------------------------------
1.0000000150474662e+30

==========================================================================
finish max_capacitance_check_slack
--------------------------------------------------------------------------
9.598320007324219

==========================================================================
finish max_capacitance_check_limit
--------------------------------------------------------------------------
23.040000915527344

==========================================================================
finish max_capacitance_check_slack_limit
--------------------------------------------------------------------------
0.4166

==========================================================================
finish max_slew_violation_count
--------------------------------------------------------------------------
max slew violation count 490

==========================================================================
finish max_fanout_violation_count
--------------------------------------------------------------------------
max fanout violation count 0

==========================================================================
finish max_cap_violation_count
--------------------------------------------------------------------------
max cap violation count 0

==========================================================================
finish setup_violation_count
--------------------------------------------------------------------------
setup violation count 145

==========================================================================
finish hold_violation_count
--------------------------------------------------------------------------
hold violation count 0

==========================================================================
finish critical path delay
--------------------------------------------------------------------------
5660.3574

==========================================================================
finish critical path slack
--------------------------------------------------------------------------
-1660.3577

==========================================================================
finish slack div critical path delay
--------------------------------------------------------------------------
-29.333089

==========================================================================
finish report_power
--------------------------------------------------------------------------
Group                  Internal  Switching    Leakage      Total
                          Power      Power      Power      Power (Watts)
----------------------------------------------------------------
Sequential             0.00e+00   0.00e+00   0.00e+00   0.00e+00   0.0%
Combinational          3.26e-04   5.00e-04   7.69e-07   8.27e-04 100.0%
Clock                  0.00e+00   0.00e+00   0.00e+00   0.00e+00   0.0%
Macro                  0.00e+00   0.00e+00   0.00e+00   0.00e+00   0.0%
Pad                    0.00e+00   0.00e+00   0.00e+00   0.00e+00   0.0%
----------------------------------------------------------------
Total                  3.26e-04   5.00e-04   7.69e-07   8.27e-04 100.0%
                          39.5%      60.4%       0.1%
