
==========================================================================
global place report_tns
--------------------------------------------------------------------------
tns -644873.44

==========================================================================
global place report_wns
--------------------------------------------------------------------------
wns -4612.61

==========================================================================
global place report_worst_slack
--------------------------------------------------------------------------
worst slack -4612.61

==========================================================================
global place report_checks -path_delay min
--------------------------------------------------------------------------
Startpoint: srcb[147] (input port clocked by clk)
Endpoint: result[115] (output port clocked by clk)
Path Group: clk
Path Type: min

Fanout     Cap    Slew   Delay    Time   Description
-----------------------------------------------------------------------------
                  0.00    0.00    0.00   clock clk (rise edge)
                          0.00    0.00   clock network delay (ideal)
                       1000.00 1000.00 ^ input external delay
     1   15.98    0.00    0.00 1000.00 ^ srcb[147] (in)
                                         srcb[147] (net)
                 52.57   16.58 1016.58 ^ _6982_/B (AND2x2_ASAP7_75t_R)
     3    3.96   19.78   31.93 1048.51 ^ _6982_/Y (AND2x2_ASAP7_75t_R)
                                         _2568_ (net)
                 19.83    0.56 1049.07 ^ _7796_/C2 (AO222x2_ASAP7_75t_R)
     1   16.92   55.66   35.34 1084.41 ^ _7796_/Y (AO222x2_ASAP7_75t_R)
                                         result[115] (net)
                 89.61   22.82 1107.23 ^ result[115] (out)
                               1107.23   data arrival time

                  0.00    0.00    0.00   clock clk (rise edge)
                          0.00    0.00   clock network delay (ideal)
                          0.00    0.00   clock reconvergence pessimism
                       -1000.00 -1000.00   output external delay
                               -1000.00   data required time
-----------------------------------------------------------------------------
                               -1000.00   data required time
                               -1107.23   data arrival time
-----------------------------------------------------------------------------
                               2107.23   slack (MET)



==========================================================================
global place report_checks -path_delay max
--------------------------------------------------------------------------
Startpoint: valid_adder (input port clocked by clk)
Endpoint: result[119] (output port clocked by clk)
Path Group: clk
Path Type: max

Fanout     Cap    Slew   Delay    Time   Description
-----------------------------------------------------------------------------
                  0.00    0.00    0.00   clock clk (rise edge)
                          0.00    0.00   clock network delay (ideal)
                       1000.00 1000.00 v input external delay
   335  344.47    0.00    0.00 1000.00 v valid_adder (in)
                                         valid_adder (net)
               2691.11  848.95 1848.95 v _4340_/A (NAND2x1_ASAP7_75t_R)
     2    1.74  363.51  340.22 2189.17 ^ _4340_/Y (NAND2x1_ASAP7_75t_R)
                                         _0048_ (net)
                363.51    0.01 2189.18 ^ _4341_/B (XNOR2x2_ASAP7_75t_R)
     1    0.58   30.90   56.76 2245.94 v _4341_/Y (XNOR2x2_ASAP7_75t_R)
                                         _0049_ (net)
                 30.90    0.00 2245.94 v _4342_/B (AND2x2_ASAP7_75t_R)
     1    2.20   23.82   25.69 2271.63 v _4342_/Y (AND2x2_ASAP7_75t_R)
                                         gen_adder[0].adder.get_ripple_carry_adder.adder.gen_adder[7].adder.B (net)
                 23.82    0.01 2271.64 v gen_adder[0].adder.get_ripple_carry_adder.adder.gen_adder[7].adder.genblk1[0].genblk1.fulladder/B (FAx1_ASAP7_75t_R)
     3    3.55   67.37   40.66 2312.30 ^ gen_adder[0].adder.get_ripple_carry_adder.adder.gen_adder[7].adder.genblk1[0].genblk1.fulladder/CON (FAx1_ASAP7_75t_R)
                                         gen_adder[0].adder.get_ripple_carry_adder.adder.gen_adder[7].adder.NX (net)
     4    3.08   74.86   34.11 2346.41 v gen_adder[0].adder.get_ripple_carry_adder.adder.gen_adder[7].adder.genblk1[0].genblk1.fulladder/SN (FAx1_ASAP7_75t_R)
                                         gen_adder[0].adder.get_ripple_carry_adder.adder.gen_adder[7].adder.NY (net)
                 74.86    0.05 2346.46 v _4410_/A (XNOR2x2_ASAP7_75t_R)
     2    1.75   12.52   36.62 2383.08 ^ _4410_/Y (XNOR2x2_ASAP7_75t_R)
                                         _0117_ (net)
                 12.52    0.01 2383.10 ^ _4412_/A (XNOR2x2_ASAP7_75t_R)
     9    8.56   30.83   41.99 2425.08 v _4412_/Y (XNOR2x2_ASAP7_75t_R)
                                         _0119_ (net)
                 30.89    0.80 2425.88 v _5021_/A2 (AO22x1_ASAP7_75t_R)
     5    2.81   19.02   29.12 2455.00 v _5021_/Y (AO22x1_ASAP7_75t_R)
                                         _0717_ (net)
                 19.02    0.01 2455.01 v _5957_/A3 (AO32x1_ASAP7_75t_R)
     6    5.86   71.51   38.56 2493.57 v _5957_/Y (AO32x1_ASAP7_75t_R)
                                         _1623_ (net)
                 71.58    1.14 2494.70 v _6077_/B (NAND2x1_ASAP7_75t_R)
     1    1.08   53.96   22.62 2517.32 ^ _6077_/Y (NAND2x1_ASAP7_75t_R)
                                         _1742_ (net)
                 53.96    0.00 2517.33 ^ _6078_/B (NAND2x1_ASAP7_75t_R)
     4    4.06   33.99   25.86 2543.19 v _6078_/Y (NAND2x1_ASAP7_75t_R)
                                         gen_adder[1].adder.get_ripple_carry_adder.adder.gen_adder[7].adder.A (net)
                 33.99    0.07 2543.26 v gen_adder[1].adder.get_ripple_carry_adder.adder.gen_adder[7].adder.genblk1[0].genblk1.fulladder/A (FAx1_ASAP7_75t_R)
     5    6.26  102.65   58.38 2601.63 ^ gen_adder[1].adder.get_ripple_carry_adder.adder.gen_adder[7].adder.genblk1[0].genblk1.fulladder/CON (FAx1_ASAP7_75t_R)
                                         gen_adder[1].adder.get_ripple_carry_adder.adder.gen_adder[7].adder.NX (net)
     3    2.57   63.19   36.81 2638.45 v gen_adder[1].adder.get_ripple_carry_adder.adder.gen_adder[7].adder.genblk1[0].genblk1.fulladder/SN (FAx1_ASAP7_75t_R)
                                         gen_adder[1].adder.get_ripple_carry_adder.adder.gen_adder[7].adder.NY (net)
                 63.19    0.05 2638.49 v _4483_/A (XOR2x2_ASAP7_75t_R)
     2    2.27   14.12   41.97 2680.47 ^ _4483_/Y (XOR2x2_ASAP7_75t_R)
                                         _0189_ (net)
                 14.12    0.06 2680.52 ^ _4502_/A (XNOR2x2_ASAP7_75t_R)
     4    3.19   15.74   34.49 2715.01 v _4502_/Y (XNOR2x2_ASAP7_75t_R)
                                         _0208_ (net)
                 15.74    0.08 2715.09 v _4534_/B1 (AO22x1_ASAP7_75t_R)
    21   20.07  108.48   66.84 2781.93 v _4534_/Y (AO22x1_ASAP7_75t_R)
                                         _0240_ (net)
                108.48    0.51 2782.44 v _5967_/C (AND3x1_ASAP7_75t_R)
     2    1.23   13.07   34.64 2817.08 v _5967_/Y (AND3x1_ASAP7_75t_R)
                                         _1633_ (net)
                 13.07    0.01 2817.09 v _6001_/B (OR3x1_ASAP7_75t_R)
     3    1.83   16.46   28.78 2845.87 v _6001_/Y (OR3x1_ASAP7_75t_R)
                                         _1667_ (net)
                 16.46    0.02 2845.89 v _6008_/B (OR2x2_ASAP7_75t_R)
     4    4.05   16.90   27.08 2872.97 v _6008_/Y (OR2x2_ASAP7_75t_R)
                                         _1674_ (net)
                 16.90    0.05 2873.02 v gen_adder[2].adder.get_ripple_carry_adder.adder.gen_adder[7].adder.genblk1[0].genblk1.fulladder/A (FAx1_ASAP7_75t_R)
     3    2.79   67.91   65.42 2938.44 v gen_adder[2].adder.get_ripple_carry_adder.adder.gen_adder[7].adder.genblk1[0].genblk1.fulladder/SN (FAx1_ASAP7_75t_R)
                                         gen_adder[2].adder.get_ripple_carry_adder.adder.gen_adder[7].adder.NY (net)
                 67.91    0.07 2938.51 v _4550_/A (XNOR2x2_ASAP7_75t_R)
     2    1.71   12.18   35.65 2974.16 ^ _4550_/Y (XNOR2x2_ASAP7_75t_R)
                                         _0256_ (net)
                 12.18    0.01 2974.17 ^ _4551_/B (XNOR2x2_ASAP7_75t_R)
     2    1.78   10.76   31.11 3005.28 v _4551_/Y (XNOR2x2_ASAP7_75t_R)
                                         _0257_ (net)
                 10.76    0.02 3005.30 v _4552_/B2 (AO22x1_ASAP7_75t_R)
    18   16.48   89.88   55.96 3061.26 v _4552_/Y (AO22x1_ASAP7_75t_R)
                                         _0258_ (net)
                 89.89    0.35 3061.60 v _5974_/A (OR4x1_ASAP7_75t_R)
     3    2.54   23.40   52.05 3113.65 v _5974_/Y (OR4x1_ASAP7_75t_R)
                                         _1640_ (net)
                 23.40    0.09 3113.74 v _6106_/A2 (OA21x2_ASAP7_75t_R)
     5    3.22   12.92   24.99 3138.74 v _6106_/Y (OA21x2_ASAP7_75t_R)
                                         _1768_ (net)
                 12.92    0.06 3138.80 v _7362_/A (OR2x2_ASAP7_75t_R)
     2    3.25   14.58   24.78 3163.58 v _7362_/Y (OR2x2_ASAP7_75t_R)
                                         gen_adder[3].adder.get_ripple_carry_adder.adder.gen_adder[7].adder.A (net)
                 14.59    0.24 3163.83 v gen_adder[3].adder.get_ripple_carry_adder.adder.gen_adder[7].adder.genblk1[0].genblk1.fulladder/A (FAx1_ASAP7_75t_R)
     4    4.76   80.99   43.81 3207.64 ^ gen_adder[3].adder.get_ripple_carry_adder.adder.gen_adder[7].adder.genblk1[0].genblk1.fulladder/CON (FAx1_ASAP7_75t_R)
                                         gen_adder[3].adder.get_ripple_carry_adder.adder.gen_adder[7].adder.NX (net)
     4    3.87   92.48   40.99 3248.63 v gen_adder[3].adder.get_ripple_carry_adder.adder.gen_adder[7].adder.genblk1[0].genblk1.fulladder/SN (FAx1_ASAP7_75t_R)
                                         gen_adder[3].adder.get_ripple_carry_adder.adder.gen_adder[7].adder.NY (net)
                 92.48    0.19 3248.82 v _4435_/A (XOR2x2_ASAP7_75t_R)
     2    2.27   14.28   45.55 3294.37 v _4435_/Y (XOR2x2_ASAP7_75t_R)
                                         _0141_ (net)
                 14.28    0.02 3294.39 v _4452_/B (NAND2x1_ASAP7_75t_R)
     3    3.18   98.92   18.11 3312.50 ^ _4452_/Y (NAND2x1_ASAP7_75t_R)
                                         _0158_ (net)
                 98.92    0.03 3312.53 ^ _4458_/A1 (AOI211x1_ASAP7_75t_R)
    21   19.31  192.70  103.90 3416.43 v _4458_/Y (AOI211x1_ASAP7_75t_R)
                                         _0164_ (net)
                192.72    1.14 3417.57 v _4883_/B (AND2x2_ASAP7_75t_R)
     7    6.33   29.01   59.00 3476.57 v _4883_/Y (AND2x2_ASAP7_75t_R)
                                         _0583_ (net)
                 29.01    0.02 3476.59 v _5996_/C (AND3x1_ASAP7_75t_R)
     1    0.66   52.77   19.97 3496.56 v _5996_/Y (AND3x1_ASAP7_75t_R)
                                         _1662_ (net)
                 52.77    0.01 3496.56 v _6000_/B (OR3x1_ASAP7_75t_R)
     3    2.75   21.90   39.82 3536.39 v _6000_/Y (OR3x1_ASAP7_75t_R)
                                         _1666_ (net)
                 21.91    0.12 3536.51 v _6020_/A (OR2x2_ASAP7_75t_R)
     2    1.74   10.17   24.30 3560.81 v _6020_/Y (OR2x2_ASAP7_75t_R)
                                         _1685_ (net)
                 10.17    0.01 3560.82 v _6096_/A2 (OA21x2_ASAP7_75t_R)
     7    6.30   20.80   25.51 3586.33 v _6096_/Y (OA21x2_ASAP7_75t_R)
                                         _1760_ (net)
                 20.81    0.09 3586.43 v gen_adder[4].adder.get_ripple_carry_adder.adder.gen_adder[7].adder.genblk1[0].genblk1.fulladder/A (FAx1_ASAP7_75t_R)
     4    4.10   71.57   41.73 3628.16 ^ gen_adder[4].adder.get_ripple_carry_adder.adder.gen_adder[7].adder.genblk1[0].genblk1.fulladder/CON (FAx1_ASAP7_75t_R)
                                         gen_adder[4].adder.get_ripple_carry_adder.adder.gen_adder[7].adder.NX (net)
     3    2.47   39.83   31.56 3659.72 v gen_adder[4].adder.get_ripple_carry_adder.adder.gen_adder[7].adder.genblk1[0].genblk1.fulladder/SN (FAx1_ASAP7_75t_R)
                                         gen_adder[4].adder.get_ripple_carry_adder.adder.gen_adder[7].adder.NY (net)
                 39.83    0.00 3659.72 v _4466_/A (XNOR2x2_ASAP7_75t_R)
     2    1.79   12.39   32.17 3691.89 ^ _4466_/Y (XNOR2x2_ASAP7_75t_R)
                                         _0172_ (net)
                 12.39    0.04 3691.94 ^ _4530_/B (XNOR2x2_ASAP7_75t_R)
     1    1.37    9.51   30.32 3722.25 v _4530_/Y (XNOR2x2_ASAP7_75t_R)
                                         _0236_ (net)
                  9.51    0.03 3722.28 v _4531_/B2 (AOI22x1_ASAP7_75t_R)
    13   12.61   82.05   39.55 3761.83 ^ _4531_/Y (AOI22x1_ASAP7_75t_R)
                                         _0237_ (net)
                 82.05    0.26 3762.09 ^ _6026_/A (OR2x2_ASAP7_75t_R)
     2    1.14   10.21   33.17 3795.26 ^ _6026_/Y (OR2x2_ASAP7_75t_R)
                                         _1691_ (net)
                 10.21    0.01 3795.27 ^ _6027_/A2 (AO21x1_ASAP7_75t_R)
     1    0.62   12.36   13.50 3808.77 ^ _6027_/Y (AO21x1_ASAP7_75t_R)
                                         _1692_ (net)
                 12.36    0.01 3808.77 ^ _6028_/B1 (OA31x2_ASAP7_75t_R)
     5    4.02   17.97   27.17 3835.94 ^ _6028_/Y (OA31x2_ASAP7_75t_R)
                                         _1693_ (net)
                 17.98    0.19 3836.14 ^ _6101_/A (OR2x2_ASAP7_75t_R)
     3    4.06   18.56   24.80 3860.93 ^ _6101_/Y (OR2x2_ASAP7_75t_R)
                                         _1764_ (net)
                 18.56    0.19 3861.12 ^ gen_adder[5].adder.get_ripple_carry_adder.adder.gen_adder[7].adder.genblk1[0].genblk1.fulladder/A (FAx1_ASAP7_75t_R)
     8    7.59   89.61   47.83 3908.95 v gen_adder[5].adder.get_ripple_carry_adder.adder.gen_adder[7].adder.genblk1[0].genblk1.fulladder/CON (FAx1_ASAP7_75t_R)
                                         gen_adder[5].adder.get_ripple_carry_adder.adder.gen_adder[7].adder.NX (net)
     3    2.60   66.61   42.18 3951.13 ^ gen_adder[5].adder.get_ripple_carry_adder.adder.gen_adder[7].adder.genblk1[0].genblk1.fulladder/SN (FAx1_ASAP7_75t_R)
                                         gen_adder[5].adder.get_ripple_carry_adder.adder.gen_adder[7].adder.NY (net)
                 66.61    0.08 3951.21 ^ _4572_/A (XNOR2x2_ASAP7_75t_R)
     4    3.38   16.29   44.37 3995.59 v _4572_/Y (XNOR2x2_ASAP7_75t_R)
                                         _0277_ (net)
                 16.29    0.13 3995.71 v _4615_/A2 (AO21x1_ASAP7_75t_R)
     1    0.97   14.83   17.27 4012.99 v _4615_/Y (AO21x1_ASAP7_75t_R)
                                         _0320_ (net)
                 14.83    0.01 4013.00 v _4616_/B (XNOR2x2_ASAP7_75t_R)
     6    6.06   26.67   33.91 4046.91 ^ _4616_/Y (XNOR2x2_ASAP7_75t_R)
                                         _0321_ (net)
                 26.68    0.31 4047.22 ^ _4617_/B (XNOR2x2_ASAP7_75t_R)
     9    7.68   33.92   43.69 4090.91 v _4617_/Y (XNOR2x2_ASAP7_75t_R)
                                         _0322_ (net)
                 33.94    0.35 4091.26 v _4633_/B (NAND2x1_ASAP7_75t_R)
    16   15.01  182.22   60.56 4151.82 ^ _4633_/Y (NAND2x1_ASAP7_75t_R)
                                         _0338_ (net)
                182.31    2.34 4154.16 ^ _6005_/A1 (OA21x2_ASAP7_75t_R)
     4    2.51   18.58   40.16 4194.32 ^ _6005_/Y (OA21x2_ASAP7_75t_R)
                                         _1671_ (net)
                 18.58    0.02 4194.34 ^ _6006_/B (AND2x2_ASAP7_75t_R)
     1    1.39   40.63   20.53 4214.88 ^ _6006_/Y (AND2x2_ASAP7_75t_R)
                                         _1672_ (net)
                 40.63    0.00 4214.88 ^ _6007_/B (OAI21x1_ASAP7_75t_R)
     3    2.57   23.00   18.39 4233.27 v _6007_/Y (OAI21x1_ASAP7_75t_R)
                                         _1673_ (net)
                 23.00    0.16 4233.43 v _6019_/A (NAND2x1_ASAP7_75t_R)
     4    2.99   61.17   22.39 4255.82 ^ _6019_/Y (NAND2x1_ASAP7_75t_R)
                                         _1684_ (net)
                 61.17    0.05 4255.86 ^ _7421_/A (OR2x2_ASAP7_75t_R)
     2    3.23   16.23   33.41 4289.27 ^ _7421_/Y (OR2x2_ASAP7_75t_R)
                                         gen_adder[6].adder.get_ripple_carry_adder.adder.gen_adder[7].adder.A (net)
                 16.24    0.25 4289.53 ^ gen_adder[6].adder.get_ripple_carry_adder.adder.gen_adder[7].adder.genblk1[0].genblk1.fulladder/A (FAx1_ASAP7_75t_R)
     7    5.51   67.43   37.73 4327.26 v gen_adder[6].adder.get_ripple_carry_adder.adder.gen_adder[7].adder.genblk1[0].genblk1.fulladder/CON (FAx1_ASAP7_75t_R)
                                         gen_adder[6].adder.get_ripple_carry_adder.adder.gen_adder[7].adder.NX (net)
     3    2.39   62.17   35.90 4363.16 ^ gen_adder[6].adder.get_ripple_carry_adder.adder.gen_adder[7].adder.genblk1[0].genblk1.fulladder/SN (FAx1_ASAP7_75t_R)
                                         gen_adder[6].adder.get_ripple_carry_adder.adder.gen_adder[7].adder.NY (net)
                 62.17    0.01 4363.16 ^ _4595_/A (XNOR2x2_ASAP7_75t_R)
     4    3.26   17.26   33.02 4396.19 ^ _4595_/Y (XNOR2x2_ASAP7_75t_R)
                                         _0300_ (net)
                 17.26    0.10 4396.28 ^ _4597_/E (AND5x1_ASAP7_75t_R)
     1    0.97   21.81   36.93 4433.22 ^ _4597_/Y (AND5x1_ASAP7_75t_R)
                                         _0302_ (net)
                 21.81    0.00 4433.22 ^ _4603_/B (AOI211x1_ASAP7_75t_R)
     3    2.35   31.60   15.46 4448.68 v _4603_/Y (AOI211x1_ASAP7_75t_R)
                                         _0308_ (net)
                 31.60    0.07 4448.74 v _4611_/A (NAND2x1_ASAP7_75t_R)
    12   10.58   82.07   48.23 4496.98 ^ _4611_/Y (NAND2x1_ASAP7_75t_R)
                                         _0316_ (net)
                 82.07    0.23 4497.21 ^ _6085_/A (OR2x2_ASAP7_75t_R)
     4    2.51   14.40   35.87 4533.08 ^ _6085_/Y (OR2x2_ASAP7_75t_R)
                                         _1749_ (net)
                 14.40    0.04 4533.12 ^ _6086_/B (OR2x2_ASAP7_75t_R)
     2    1.23    8.26   17.83 4550.95 ^ _6086_/Y (OR2x2_ASAP7_75t_R)
                                         _1750_ (net)
                  8.26    0.00 4550.96 ^ _6087_/B (OR2x2_ASAP7_75t_R)
     1    0.61    6.36   14.68 4565.64 ^ _6087_/Y (OR2x2_ASAP7_75t_R)
                                         _1751_ (net)
                  6.36    0.00 4565.65 ^ _6093_/A2 (OA211x2_ASAP7_75t_R)
     2    1.18    9.41   18.71 4584.36 ^ _6093_/Y (OA211x2_ASAP7_75t_R)
                                         _1757_ (net)
                  9.41    0.01 4584.36 ^ _6095_/A (AND2x2_ASAP7_75t_R)
     1    0.97    7.96   16.72 4601.09 ^ _6095_/Y (AND2x2_ASAP7_75t_R)
                                         _1759_ (net)
                  7.96    0.00 4601.09 ^ _6113_/A1 (AOI221x1_ASAP7_75t_R)
     4    4.35   50.20   28.21 4629.30 v _6113_/Y (AOI221x1_ASAP7_75t_R)
                                         _1775_ (net)
                 50.21    0.42 4629.72 v _6114_/A (INVx2_ASAP7_75t_R)
     7    7.69   34.65   26.22 4655.93 ^ _6114_/Y (INVx2_ASAP7_75t_R)
                                         gen_adder[7].adder.get_ripple_carry_adder.adder.gen_adder[7].adder.A (net)
                 34.67    0.55 4656.48 ^ gen_adder[7].adder.get_ripple_carry_adder.adder.gen_adder[7].adder.genblk1[0].genblk1.fulladder/A (FAx1_ASAP7_75t_R)
     3    2.56   66.76   62.26 4718.74 ^ gen_adder[7].adder.get_ripple_carry_adder.adder.gen_adder[7].adder.genblk1[0].genblk1.fulladder/SN (FAx1_ASAP7_75t_R)
                                         gen_adder[7].adder.get_ripple_carry_adder.adder.gen_adder[7].adder.NY (net)
                 66.76    0.02 4718.77 ^ _4654_/A (XNOR2x2_ASAP7_75t_R)
     1    0.72    8.22   39.23 4758.00 v _4654_/Y (XNOR2x2_ASAP7_75t_R)
                                         _0359_ (net)
                  8.22    0.01 4758.01 v _4655_/A2 (AO21x1_ASAP7_75t_R)
     2    1.93   19.03   17.83 4775.84 v _4655_/Y (AO21x1_ASAP7_75t_R)
                                         _0360_ (net)
                 19.04    0.04 4775.88 v _4656_/B (XNOR2x2_ASAP7_75t_R)
     6    6.66   28.88   35.92 4811.80 ^ _4656_/Y (XNOR2x2_ASAP7_75t_R)
                                         _0361_ (net)
                 28.89    0.25 4812.05 ^ _4657_/B (XNOR2x2_ASAP7_75t_R)
    41   38.23  119.59   82.65 4894.70 v _4657_/Y (XNOR2x2_ASAP7_75t_R)
                                         _0362_ (net)
                119.99    3.96 4898.66 v _4723_/B (NAND2x1_ASAP7_75t_R)
    23   20.77  228.00  110.17 5008.83 ^ _4723_/Y (NAND2x1_ASAP7_75t_R)
                                         _0428_ (net)
                228.00    0.00 5008.83 ^ _4724_/B (AND2x2_ASAP7_75t_R)
    21   19.23   76.33   71.18 5080.01 ^ _4724_/Y (AND2x2_ASAP7_75t_R)
                                         _0429_ (net)
                 76.33    0.60 5080.61 ^ _6044_/A (NAND2x1_ASAP7_75t_R)
     2    1.17   17.23   15.37 5095.99 v _6044_/Y (NAND2x1_ASAP7_75t_R)
                                         _1709_ (net)
                 17.23    0.00 5095.99 v _6133_/A2 (OA211x2_ASAP7_75t_R)
     2    1.22   10.45   25.35 5121.34 v _6133_/Y (OA211x2_ASAP7_75t_R)
                                         _1794_ (net)
                 10.45    0.01 5121.35 v _6134_/B (AND4x1_ASAP7_75t_R)
     1    0.58   10.72   13.95 5135.30 v _6134_/Y (AND4x1_ASAP7_75t_R)
                                         _1795_ (net)
                 10.72    0.00 5135.30 v _6135_/B1 (AO221x1_ASAP7_75t_R)
     2    1.36   19.71   22.60 5157.91 v _6135_/Y (AO221x1_ASAP7_75t_R)
                                         _1796_ (net)
                 19.71    0.10 5158.01 v _6644_/C (OA211x2_ASAP7_75t_R)
     4    4.24   20.88   36.82 5194.82 v _6644_/Y (OA211x2_ASAP7_75t_R)
                                         _2261_ (net)
                 20.89    0.22 5195.05 v _7461_/A (INVx1_ASAP7_75t_R)
     2    2.63   20.37   15.52 5210.57 ^ _7461_/Y (INVx1_ASAP7_75t_R)
                                         gen_adder[8].adder.get_ripple_carry_adder.adder.gen_adder[7].adder.A (net)
                 20.37    0.01 5210.58 ^ gen_adder[8].adder.get_ripple_carry_adder.adder.gen_adder[7].adder.genblk1[0].genblk1.fulladder/A (FAx1_ASAP7_75t_R)
     3    2.42   39.24   61.07 5271.65 v gen_adder[8].adder.get_ripple_carry_adder.adder.gen_adder[7].adder.genblk1[0].genblk1.fulladder/SN (FAx1_ASAP7_75t_R)
                                         gen_adder[8].adder.get_ripple_carry_adder.adder.gen_adder[7].adder.NY (net)
                 39.24    0.02 5271.67 v _4385_/A (XNOR2x2_ASAP7_75t_R)
     1    0.70    8.78   30.09 5301.76 ^ _4385_/Y (XNOR2x2_ASAP7_75t_R)
                                         _0092_ (net)
                  8.78    0.01 5301.77 ^ _4386_/A2 (AO21x1_ASAP7_75t_R)
     1    1.06   15.62   14.49 5316.26 ^ _4386_/Y (AO21x1_ASAP7_75t_R)
                                         _0093_ (net)
                 15.62    0.01 5316.27 ^ _4387_/B (XNOR2x2_ASAP7_75t_R)
     3    3.35   15.67   34.78 5351.05 v _4387_/Y (XNOR2x2_ASAP7_75t_R)
                                         _0094_ (net)
                 15.71    0.41 5351.46 v _4388_/B (XNOR2x2_ASAP7_75t_R)
     4    3.75   23.80   30.78 5382.23 ^ _4388_/Y (XNOR2x2_ASAP7_75t_R)
                                         _0095_ (net)
                 23.80    0.01 5382.24 ^ _4389_/B (NAND2x1_ASAP7_75t_R)
    11   11.22  130.82   35.64 5417.88 v _4389_/Y (NAND2x1_ASAP7_75t_R)
                                         _0096_ (net)
                130.83    0.61 5418.50 v _6057_/A (NAND2x1_ASAP7_75t_R)
     2    2.18   45.67   43.25 5461.74 ^ _6057_/Y (NAND2x1_ASAP7_75t_R)
                                         _1722_ (net)
                 45.67    0.15 5461.90 ^ _6058_/B (NOR2x1_ASAP7_75t_R)
     1    0.47   12.77   12.35 5474.24 v _6058_/Y (NOR2x1_ASAP7_75t_R)
                                         _1723_ (net)
                 12.77    0.00 5474.25 v _6059_/C (OA211x2_ASAP7_75t_R)
     3    2.84   14.74   32.38 5506.63 v _6059_/Y (OA211x2_ASAP7_75t_R)
                                         _1724_ (net)
                 14.75    0.10 5506.73 v _6060_/B (NAND2x1_ASAP7_75t_R)
     3    1.99   32.97   14.47 5521.20 ^ _6060_/Y (NAND2x1_ASAP7_75t_R)
                                         _1725_ (net)
                 32.97    0.02 5521.22 ^ _6061_/D (OR4x1_ASAP7_75t_R)
     2    1.92   16.76   24.01 5545.23 ^ _6061_/Y (OR4x1_ASAP7_75t_R)
                                         _1726_ (net)
                 16.76    0.08 5545.31 ^ _6409_/B1 (AOI22x1_ASAP7_75t_R)
     2    1.99   20.65   12.02 5557.33 v _6409_/Y (AOI22x1_ASAP7_75t_R)
                                         _2047_ (net)
                 20.65    0.08 5557.40 v _6859_/A1 (OAI21x1_ASAP7_75t_R)
     5    4.72   34.63   22.75 5580.15 ^ _6859_/Y (OAI21x1_ASAP7_75t_R)
                                         gen_adder[9].adder.get_ripple_carry_adder.adder.gen_adder[7].adder.A (net)
                 34.64    0.32 5580.47 ^ gen_adder[9].adder.get_ripple_carry_adder.adder.gen_adder[7].adder.genblk1[0].genblk1.fulladder/A (FAx1_ASAP7_75t_R)
     3    3.46   47.65   32.55 5613.03 v gen_adder[9].adder.get_ripple_carry_adder.adder.gen_adder[7].adder.genblk1[0].genblk1.fulladder/CON (FAx1_ASAP7_75t_R)
                                         gen_adder[9].adder.get_ripple_carry_adder.adder.gen_adder[7].adder.NX (net)
     3    2.67   68.72   32.69 5645.71 ^ gen_adder[9].adder.get_ripple_carry_adder.adder.gen_adder[7].adder.genblk1[0].genblk1.fulladder/SN (FAx1_ASAP7_75t_R)
                                         gen_adder[9].adder.get_ripple_carry_adder.adder.gen_adder[7].adder.NY (net)
                 68.72    0.05 5645.76 ^ _4362_/A (XNOR2x2_ASAP7_75t_R)
     1    0.67    8.76   39.42 5685.18 v _4362_/Y (XNOR2x2_ASAP7_75t_R)
                                         _0069_ (net)
                  8.76    0.00 5685.19 v _4365_/A2 (AO21x1_ASAP7_75t_R)
     1    1.08   15.21   15.62 5700.81 v _4365_/Y (AO21x1_ASAP7_75t_R)
                                         _0072_ (net)
                 15.21    0.01 5700.81 v _4366_/B (XOR2x2_ASAP7_75t_R)
     3    3.61   18.98   34.92 5735.74 ^ _4366_/Y (XOR2x2_ASAP7_75t_R)
                                         _0073_ (net)
                 19.05    0.64 5736.38 ^ _4367_/B (XNOR2x2_ASAP7_75t_R)
    12    9.50   38.81   44.99 5781.37 v _4367_/Y (XNOR2x2_ASAP7_75t_R)
                                         _0074_ (net)
                 38.81    0.25 5781.62 v _4751_/B (NAND2x1_ASAP7_75t_R)
    17   15.54  229.11   64.20 5845.82 ^ _4751_/Y (NAND2x1_ASAP7_75t_R)
                                         _0456_ (net)
                229.15    1.85 5847.67 ^ _6131_/A (AND2x2_ASAP7_75t_R)
     1    0.45   11.30   34.39 5882.06 ^ _6131_/Y (AND2x2_ASAP7_75t_R)
                                         _1792_ (net)
                 11.30    0.00 5882.06 ^ _6136_/B (OA211x2_ASAP7_75t_R)
     1    1.17   14.27   20.74 5902.80 ^ _6136_/Y (OA211x2_ASAP7_75t_R)
                                         _1797_ (net)
                 14.27    0.02 5902.82 ^ _6144_/A2 (OAI21x1_ASAP7_75t_R)
     2    2.15   21.87   10.71 5913.52 v _6144_/Y (OAI21x1_ASAP7_75t_R)
                                         _1805_ (net)
                 21.87    0.20 5913.72 v _6145_/B (OR2x2_ASAP7_75t_R)
     2    1.48    9.34   24.23 5937.95 v _6145_/Y (OR2x2_ASAP7_75t_R)
                                         _1806_ (net)
                  9.34    0.06 5938.00 v _6152_/A2 (AO21x1_ASAP7_75t_R)
     5    4.64   42.90   24.79 5962.79 v _6152_/Y (AO21x1_ASAP7_75t_R)
                                         _1813_ (net)
                 42.90    0.04 5962.83 v gen_adder[10].adder.get_ripple_carry_adder.adder.gen_adder[7].adder.genblk1[0].genblk1.fulladder/A (FAx1_ASAP7_75t_R)
     3    2.57   68.29   63.86 6026.69 ^ gen_adder[10].adder.get_ripple_carry_adder.adder.gen_adder[7].adder.genblk1[0].genblk1.fulladder/SN (FAx1_ASAP7_75t_R)
                                         gen_adder[10].adder.get_ripple_carry_adder.adder.gen_adder[7].adder.NY (net)
                 68.29    0.07 6026.76 ^ _6161_/A (XNOR2x2_ASAP7_75t_R)
     1    0.66    8.69   39.34 6066.10 v _6161_/Y (XNOR2x2_ASAP7_75t_R)
                                         _1820_ (net)
                  8.69    0.00 6066.11 v _6162_/A2 (AO21x1_ASAP7_75t_R)
     1    0.93   14.52   15.16 6081.27 v _6162_/Y (AO21x1_ASAP7_75t_R)
                                         _1821_ (net)
                 14.52    0.00 6081.27 v _6163_/B (XNOR2x2_ASAP7_75t_R)
     3    2.99   15.82   29.06 6110.34 ^ _6163_/Y (XNOR2x2_ASAP7_75t_R)
                                         _1822_ (net)
                 15.85    0.40 6110.74 ^ _6164_/B (XNOR2x2_ASAP7_75t_R)
     7    7.11   32.14   40.58 6151.31 v _6164_/Y (XNOR2x2_ASAP7_75t_R)
                                         _1823_ (net)
                 32.25    1.07 6152.38 v _6166_/B (NAND2x1_ASAP7_75t_R)
    13   12.57  136.76   52.84 6205.22 ^ _6166_/Y (NAND2x1_ASAP7_75t_R)
                                         _1825_ (net)
                136.81    2.02 6207.24 ^ _6401_/B (OR2x2_ASAP7_75t_R)
     2    1.18   11.98   37.19 6244.43 ^ _6401_/Y (OR2x2_ASAP7_75t_R)
                                         _2039_ (net)
                 11.98    0.01 6244.44 ^ _6406_/A (AND2x2_ASAP7_75t_R)
     1    0.61    7.35   16.57 6261.02 ^ _6406_/Y (AND2x2_ASAP7_75t_R)
                                         _2044_ (net)
                  7.35    0.01 6261.02 ^ _6407_/B1 (OA31x2_ASAP7_75t_R)
     2    1.22    8.98   21.22 6282.25 ^ _6407_/Y (OA31x2_ASAP7_75t_R)
                                         _2045_ (net)
                  8.98    0.01 6282.26 ^ _6427_/A2 (AO21x1_ASAP7_75t_R)
     7    6.65   48.13   29.72 6311.98 ^ _6427_/Y (AO21x1_ASAP7_75t_R)
                                         _2065_ (net)
                 48.13    0.25 6312.23 ^ gen_adder[11].adder.get_ripple_carry_adder.adder.gen_adder[7].adder.genblk1[0].genblk1.fulladder/A (FAx1_ASAP7_75t_R)
     3    2.48   61.66   68.91 6381.14 v gen_adder[11].adder.get_ripple_carry_adder.adder.gen_adder[7].adder.genblk1[0].genblk1.fulladder/SN (FAx1_ASAP7_75t_R)
                                         gen_adder[11].adder.get_ripple_carry_adder.adder.gen_adder[7].adder.NY (net)
                 61.66    0.03 6381.17 v _6432_/A (XNOR2x2_ASAP7_75t_R)
     1    0.67    8.78   32.97 6414.14 ^ _6432_/Y (XNOR2x2_ASAP7_75t_R)
                                         _2068_ (net)
                  8.78    0.00 6414.15 ^ _6433_/A2 (AO21x1_ASAP7_75t_R)
     1    1.04   15.49   14.45 6428.60 ^ _6433_/Y (AO21x1_ASAP7_75t_R)
                                         _2069_ (net)
                 15.49    0.01 6428.60 ^ _6434_/B (XNOR2x2_ASAP7_75t_R)
     4    6.37   24.93   38.91 6467.52 v _6434_/Y (XNOR2x2_ASAP7_75t_R)
                                         _2070_ (net)
                 25.03    0.96 6468.47 v _6435_/B (XNOR2x2_ASAP7_75t_R)
    29   25.09   96.83   64.55 6533.02 ^ _6435_/Y (XNOR2x2_ASAP7_75t_R)
                                         _2071_ (net)
                 97.21    3.56 6536.58 ^ _6451_/B (NAND2x1_ASAP7_75t_R)
    31   29.28  224.96   99.64 6636.22 v _6451_/Y (NAND2x1_ASAP7_75t_R)
                                         _2086_ (net)
                224.97    0.68 6636.90 v _6452_/B (AND2x2_ASAP7_75t_R)
    23   22.95   74.59   83.18 6720.08 v _6452_/Y (AND2x2_ASAP7_75t_R)
                                         _2087_ (net)
                 75.91    5.49 6725.57 v _6621_/A2 (AO221x1_ASAP7_75t_R)
     1    0.69   13.63   30.42 6755.99 v _6621_/Y (AO221x1_ASAP7_75t_R)
                                         _2240_ (net)
                 13.63    0.01 6755.99 v _6625_/A (OR3x1_ASAP7_75t_R)
     4    3.65   26.32   33.08 6789.07 v _6625_/Y (OR3x1_ASAP7_75t_R)
                                         _2244_ (net)
                 26.32    0.37 6789.44 v _6627_/A2 (OA21x2_ASAP7_75t_R)
     4    4.09   15.27   26.95 6816.39 v _6627_/Y (OA21x2_ASAP7_75t_R)
                                         _2246_ (net)
                 15.28    0.07 6816.46 v gen_adder[12].adder.get_ripple_carry_adder.adder.gen_adder[6].adder.genblk1[0].genblk1.fulladder/A (FAx1_ASAP7_75t_R)
     2    2.35   47.86   29.37 6845.83 ^ gen_adder[12].adder.get_ripple_carry_adder.adder.gen_adder[6].adder.genblk1[0].genblk1.fulladder/CON (FAx1_ASAP7_75t_R)
                                         gen_adder[12].adder.get_ripple_carry_adder.adder.gen_adder[6].adder.NX (net)
                 47.87    0.16 6845.99 ^ _6658_/B (XNOR2x2_ASAP7_75t_R)
     1    0.68    8.70   35.18 6881.16 v _6658_/Y (XNOR2x2_ASAP7_75t_R)
                                         _2273_ (net)
                  8.70    0.01 6881.17 v _6659_/A2 (AO21x1_ASAP7_75t_R)
     1    0.94   14.54   15.20 6896.37 v _6659_/Y (AO21x1_ASAP7_75t_R)
                                         _2274_ (net)
                 14.54    0.01 6896.38 v _6660_/B (XNOR2x2_ASAP7_75t_R)
     3    3.23   16.69   29.44 6925.82 ^ _6660_/Y (XNOR2x2_ASAP7_75t_R)
                                         _2275_ (net)
                 16.71    0.35 6926.17 ^ _6661_/B (XNOR2x2_ASAP7_75t_R)
     2    1.63   17.18   31.91 6958.08 v _6661_/Y (XNOR2x2_ASAP7_75t_R)
                                         _2276_ (net)
                 17.18    0.00 6958.08 v _6662_/B (NAND2x1_ASAP7_75t_R)
    12   12.23  154.31   46.25 7004.33 ^ _6662_/Y (NAND2x1_ASAP7_75t_R)
                                         _2277_ (net)
                154.32    0.75 7005.08 ^ _6865_/B (OA21x2_ASAP7_75t_R)
     1    0.57   35.13   28.96 7034.03 ^ _6865_/Y (OA21x2_ASAP7_75t_R)
                                         _2461_ (net)
                 35.13    0.00 7034.03 ^ _6866_/B1 (OA31x2_ASAP7_75t_R)
     2    1.71   10.76   27.16 7061.19 ^ _6866_/Y (OA31x2_ASAP7_75t_R)
                                         _2462_ (net)
                 10.77    0.13 7061.32 ^ _6869_/A1 (OA21x2_ASAP7_75t_R)
     2    1.38   17.06   17.36 7078.68 ^ _6869_/Y (OA21x2_ASAP7_75t_R)
                                         _2465_ (net)
                 17.06    0.01 7078.70 ^ _6871_/A2 (OA21x2_ASAP7_75t_R)
     3    4.03   16.81   22.76 7101.46 ^ _6871_/Y (OA21x2_ASAP7_75t_R)
                                         gen_adder[13].adder.get_ripple_carry_adder.adder.gen_adder[7].adder.A (net)
                 16.81    0.06 7101.53 ^ gen_adder[13].adder.get_ripple_carry_adder.adder.gen_adder[7].adder.genblk1[0].genblk1.fulladder/A (FAx1_ASAP7_75t_R)
     3    3.45   46.08   28.34 7129.87 v gen_adder[13].adder.get_ripple_carry_adder.adder.gen_adder[7].adder.genblk1[0].genblk1.fulladder/CON (FAx1_ASAP7_75t_R)
                                         gen_adder[13].adder.get_ripple_carry_adder.adder.gen_adder[7].adder.NX (net)
     3    2.49   64.25   31.24 7161.11 ^ gen_adder[13].adder.get_ripple_carry_adder.adder.gen_adder[7].adder.genblk1[0].genblk1.fulladder/SN (FAx1_ASAP7_75t_R)
                                         gen_adder[13].adder.get_ripple_carry_adder.adder.gen_adder[7].adder.NY (net)
                 64.25    0.01 7161.12 ^ _6876_/A (XNOR2x2_ASAP7_75t_R)
     1    0.67    8.08   38.78 7199.90 v _6876_/Y (XNOR2x2_ASAP7_75t_R)
                                         _2470_ (net)
                  8.08    0.00 7199.91 v _6877_/A2 (AO21x1_ASAP7_75t_R)
     1    1.08   15.07   15.45 7215.36 v _6877_/Y (AO21x1_ASAP7_75t_R)
                                         _2471_ (net)
                 15.07    0.01 7215.37 v _6878_/B (XOR2x2_ASAP7_75t_R)
     3    4.58   22.72   36.44 7251.81 ^ _6878_/Y (XOR2x2_ASAP7_75t_R)
                                         _2472_ (net)
                 22.77    0.64 7252.45 ^ _6879_/B (XNOR2x2_ASAP7_75t_R)
    11    8.55   35.60   44.39 7296.84 v _6879_/Y (XNOR2x2_ASAP7_75t_R)
                                         _2473_ (net)
                 35.60    0.12 7296.96 v _6881_/B (NAND2x1_ASAP7_75t_R)
    18   16.55  184.48   66.35 7363.31 ^ _6881_/Y (NAND2x1_ASAP7_75t_R)
                                         _2475_ (net)
                184.49    0.90 7364.20 ^ _6946_/B (AND2x2_ASAP7_75t_R)
     8    5.97   28.26   48.90 7413.10 ^ _6946_/Y (AND2x2_ASAP7_75t_R)
                                         _2535_ (net)
                 28.30    0.53 7413.63 ^ _7068_/B (AND2x2_ASAP7_75t_R)
     2    1.29    9.46   22.60 7436.24 ^ _7068_/Y (AND2x2_ASAP7_75t_R)
                                         _2644_ (net)
                  9.46    0.01 7436.24 ^ _7078_/B (OR3x1_ASAP7_75t_R)
     2    1.64   14.22   16.14 7452.38 ^ _7078_/Y (OR3x1_ASAP7_75t_R)
                                         _2654_ (net)
                 14.22    0.10 7452.48 ^ _7086_/A2 (AO21x1_ASAP7_75t_R)
     1    2.07   37.19   18.74 7471.22 ^ _7086_/Y (AO21x1_ASAP7_75t_R)
                                         gen_adder[14].adder.get_ripple_carry_adder.adder.gen_adder[7].adder.A (net)
                 37.19    0.03 7471.25 ^ gen_adder[14].adder.get_ripple_carry_adder.adder.gen_adder[7].adder.genblk1[0].genblk1.fulladder/A (FAx1_ASAP7_75t_R)
     3    2.36   58.69   64.49 7535.74 v gen_adder[14].adder.get_ripple_carry_adder.adder.gen_adder[7].adder.genblk1[0].genblk1.fulladder/SN (FAx1_ASAP7_75t_R)
                                         gen_adder[14].adder.get_ripple_carry_adder.adder.gen_adder[7].adder.NY (net)
                 58.69    0.02 7535.76 v _7090_/A (XNOR2x2_ASAP7_75t_R)
     1    0.67    8.70   32.58 7568.34 ^ _7090_/Y (XNOR2x2_ASAP7_75t_R)
                                         _2664_ (net)
                  8.70    0.00 7568.35 ^ _7091_/A2 (AO21x1_ASAP7_75t_R)
     1    1.06   15.23   14.47 7582.82 ^ _7091_/Y (AO21x1_ASAP7_75t_R)
                                         _2665_ (net)
                 15.23    0.01 7582.83 ^ _7092_/B (XNOR2x2_ASAP7_75t_R)
     3    4.10   18.18   35.78 7618.61 v _7092_/Y (XNOR2x2_ASAP7_75t_R)
                                         _2666_ (net)
                 18.23    0.51 7619.12 v _7093_/B (XNOR2x2_ASAP7_75t_R)
     5    3.63   22.97   31.35 7650.48 ^ _7093_/Y (XNOR2x2_ASAP7_75t_R)
                                         _2667_ (net)
                 22.97    0.01 7650.49 ^ _7111_/B (AND2x2_ASAP7_75t_R)
    14   12.65   51.08   40.11 7690.60 ^ _7111_/Y (AND2x2_ASAP7_75t_R)
                                         _2685_ (net)
                 51.09    0.80 7691.40 ^ _7290_/C (AO221x1_ASAP7_75t_R)
     1    0.93   10.95   23.98 7715.38 ^ _7290_/Y (AO221x1_ASAP7_75t_R)
                                         _2850_ (net)
                 10.96    0.05 7715.43 ^ _7291_/C (AND3x1_ASAP7_75t_R)
     2    1.65   24.76   24.42 7739.85 ^ _7291_/Y (AND3x1_ASAP7_75t_R)
                                         _2851_ (net)
                 24.76    0.03 7739.88 ^ _7292_/C (AO211x2_ASAP7_75t_R)
     1    0.62    7.61   19.92 7759.81 ^ _7292_/Y (AO211x2_ASAP7_75t_R)
                                         _2852_ (net)
                  7.61    0.01 7759.81 ^ _7294_/B1 (OA22x2_ASAP7_75t_R)
     2    3.26   40.24   20.39 7780.20 ^ _7294_/Y (OA22x2_ASAP7_75t_R)
                                         gen_adder[15].adder.get_ripple_carry_adder.adder.gen_adder[7].adder.A (net)
                 40.25    0.33 7780.53 ^ gen_adder[15].adder.get_ripple_carry_adder.adder.gen_adder[7].adder.genblk1[0].genblk1.fulladder/A (FAx1_ASAP7_75t_R)
     3    2.42   64.95   61.38 7841.91 ^ gen_adder[15].adder.get_ripple_carry_adder.adder.gen_adder[7].adder.genblk1[0].genblk1.fulladder/SN (FAx1_ASAP7_75t_R)
                                         gen_adder[15].adder.get_ripple_carry_adder.adder.gen_adder[7].adder.NY (net)
                 64.95    0.03 7841.94 ^ _7541_/A (XNOR2x2_ASAP7_75t_R)
     1    0.70    8.67   38.93 7880.87 v _7541_/Y (XNOR2x2_ASAP7_75t_R)
                                         _2992_ (net)
                  8.67    0.01 7880.88 v _7542_/A2 (AO21x1_ASAP7_75t_R)
     2    1.87   18.33   17.80 7898.68 v _7542_/Y (AO21x1_ASAP7_75t_R)
                                         _2993_ (net)
                 18.33    0.02 7898.70 v _7543_/B (XNOR2x2_ASAP7_75t_R)
     4    8.75   38.22   37.01 7935.71 ^ _7543_/Y (XNOR2x2_ASAP7_75t_R)
                                         _2994_ (net)
                 40.63    5.14 7940.85 ^ _7598_/B (XNOR2x2_ASAP7_75t_R)
    59   56.17  179.87   98.23 8039.08 v _7598_/Y (XNOR2x2_ASAP7_75t_R)
                                         _3049_ (net)
                179.88    0.89 8039.97 v _7600_/B (NAND2x1_ASAP7_75t_R)
    50   53.10  498.91  225.23 8265.20 ^ _7600_/Y (NAND2x1_ASAP7_75t_R)
                                         _3051_ (net)
                500.54   16.60 8281.81 ^ _7705_/B (AND2x2_ASAP7_75t_R)
    43   44.21  172.06  120.12 8401.93 ^ _7705_/Y (AND2x2_ASAP7_75t_R)
                                         _3151_ (net)
                172.29    4.06 8405.98 ^ _7706_/B (OR2x2_ASAP7_75t_R)
     8    6.97   30.68   51.36 8457.34 ^ _7706_/Y (OR2x2_ASAP7_75t_R)
                                         _3152_ (net)
                 30.68    0.14 8457.48 ^ _7776_/B (AO21x1_ASAP7_75t_R)
     7    5.75   41.91   29.01 8486.49 ^ _7776_/Y (AO21x1_ASAP7_75t_R)
                                         _3213_ (net)
                 41.91    0.17 8486.66 ^ _7809_/C (AND3x1_ASAP7_75t_R)
     1    0.57   37.66   24.12 8510.78 ^ _7809_/Y (AND3x1_ASAP7_75t_R)
                                         _3239_ (net)
                 37.66    0.01 8510.79 ^ _7816_/C (OR5x1_ASAP7_75t_R)
     1   18.87  142.86   71.17 8581.96 ^ _7816_/Y (OR5x1_ASAP7_75t_R)
                                         result[119] (net)
                167.81   30.65 8612.61 ^ result[119] (out)
                               8612.61   data arrival time

                  0.00 5000.00 5000.00   clock clk (rise edge)
                          0.00 5000.00   clock network delay (ideal)
                          0.00 5000.00   clock reconvergence pessimism
                       -1000.00 4000.00   output external delay
                               4000.00   data required time
-----------------------------------------------------------------------------
                               4000.00   data required time
                               -8612.61   data arrival time
-----------------------------------------------------------------------------
                               -4612.61   slack (VIOLATED)



==========================================================================
global place report_checks -unconstrained
--------------------------------------------------------------------------
Startpoint: valid_adder (input port clocked by clk)
Endpoint: result[119] (output port clocked by clk)
Path Group: clk
Path Type: max

Fanout     Cap    Slew   Delay    Time   Description
-----------------------------------------------------------------------------
                  0.00    0.00    0.00   clock clk (rise edge)
                          0.00    0.00   clock network delay (ideal)
                       1000.00 1000.00 v input external delay
   335  344.47    0.00    0.00 1000.00 v valid_adder (in)
                                         valid_adder (net)
               2691.11  848.95 1848.95 v _4340_/A (NAND2x1_ASAP7_75t_R)
     2    1.74  363.51  340.22 2189.17 ^ _4340_/Y (NAND2x1_ASAP7_75t_R)
                                         _0048_ (net)
                363.51    0.01 2189.18 ^ _4341_/B (XNOR2x2_ASAP7_75t_R)
     1    0.58   30.90   56.76 2245.94 v _4341_/Y (XNOR2x2_ASAP7_75t_R)
                                         _0049_ (net)
                 30.90    0.00 2245.94 v _4342_/B (AND2x2_ASAP7_75t_R)
     1    2.20   23.82   25.69 2271.63 v _4342_/Y (AND2x2_ASAP7_75t_R)
                                         gen_adder[0].adder.get_ripple_carry_adder.adder.gen_adder[7].adder.B (net)
                 23.82    0.01 2271.64 v gen_adder[0].adder.get_ripple_carry_adder.adder.gen_adder[7].adder.genblk1[0].genblk1.fulladder/B (FAx1_ASAP7_75t_R)
     3    3.55   67.37   40.66 2312.30 ^ gen_adder[0].adder.get_ripple_carry_adder.adder.gen_adder[7].adder.genblk1[0].genblk1.fulladder/CON (FAx1_ASAP7_75t_R)
                                         gen_adder[0].adder.get_ripple_carry_adder.adder.gen_adder[7].adder.NX (net)
     4    3.08   74.86   34.11 2346.41 v gen_adder[0].adder.get_ripple_carry_adder.adder.gen_adder[7].adder.genblk1[0].genblk1.fulladder/SN (FAx1_ASAP7_75t_R)
                                         gen_adder[0].adder.get_ripple_carry_adder.adder.gen_adder[7].adder.NY (net)
                 74.86    0.05 2346.46 v _4410_/A (XNOR2x2_ASAP7_75t_R)
     2    1.75   12.52   36.62 2383.08 ^ _4410_/Y (XNOR2x2_ASAP7_75t_R)
                                         _0117_ (net)
                 12.52    0.01 2383.10 ^ _4412_/A (XNOR2x2_ASAP7_75t_R)
     9    8.56   30.83   41.99 2425.08 v _4412_/Y (XNOR2x2_ASAP7_75t_R)
                                         _0119_ (net)
                 30.89    0.80 2425.88 v _5021_/A2 (AO22x1_ASAP7_75t_R)
     5    2.81   19.02   29.12 2455.00 v _5021_/Y (AO22x1_ASAP7_75t_R)
                                         _0717_ (net)
                 19.02    0.01 2455.01 v _5957_/A3 (AO32x1_ASAP7_75t_R)
     6    5.86   71.51   38.56 2493.57 v _5957_/Y (AO32x1_ASAP7_75t_R)
                                         _1623_ (net)
                 71.58    1.14 2494.70 v _6077_/B (NAND2x1_ASAP7_75t_R)
     1    1.08   53.96   22.62 2517.32 ^ _6077_/Y (NAND2x1_ASAP7_75t_R)
                                         _1742_ (net)
                 53.96    0.00 2517.33 ^ _6078_/B (NAND2x1_ASAP7_75t_R)
     4    4.06   33.99   25.86 2543.19 v _6078_/Y (NAND2x1_ASAP7_75t_R)
                                         gen_adder[1].adder.get_ripple_carry_adder.adder.gen_adder[7].adder.A (net)
                 33.99    0.07 2543.26 v gen_adder[1].adder.get_ripple_carry_adder.adder.gen_adder[7].adder.genblk1[0].genblk1.fulladder/A (FAx1_ASAP7_75t_R)
     5    6.26  102.65   58.38 2601.63 ^ gen_adder[1].adder.get_ripple_carry_adder.adder.gen_adder[7].adder.genblk1[0].genblk1.fulladder/CON (FAx1_ASAP7_75t_R)
                                         gen_adder[1].adder.get_ripple_carry_adder.adder.gen_adder[7].adder.NX (net)
     3    2.57   63.19   36.81 2638.45 v gen_adder[1].adder.get_ripple_carry_adder.adder.gen_adder[7].adder.genblk1[0].genblk1.fulladder/SN (FAx1_ASAP7_75t_R)
                                         gen_adder[1].adder.get_ripple_carry_adder.adder.gen_adder[7].adder.NY (net)
                 63.19    0.05 2638.49 v _4483_/A (XOR2x2_ASAP7_75t_R)
     2    2.27   14.12   41.97 2680.47 ^ _4483_/Y (XOR2x2_ASAP7_75t_R)
                                         _0189_ (net)
                 14.12    0.06 2680.52 ^ _4502_/A (XNOR2x2_ASAP7_75t_R)
     4    3.19   15.74   34.49 2715.01 v _4502_/Y (XNOR2x2_ASAP7_75t_R)
                                         _0208_ (net)
                 15.74    0.08 2715.09 v _4534_/B1 (AO22x1_ASAP7_75t_R)
    21   20.07  108.48   66.84 2781.93 v _4534_/Y (AO22x1_ASAP7_75t_R)
                                         _0240_ (net)
                108.48    0.51 2782.44 v _5967_/C (AND3x1_ASAP7_75t_R)
     2    1.23   13.07   34.64 2817.08 v _5967_/Y (AND3x1_ASAP7_75t_R)
                                         _1633_ (net)
                 13.07    0.01 2817.09 v _6001_/B (OR3x1_ASAP7_75t_R)
     3    1.83   16.46   28.78 2845.87 v _6001_/Y (OR3x1_ASAP7_75t_R)
                                         _1667_ (net)
                 16.46    0.02 2845.89 v _6008_/B (OR2x2_ASAP7_75t_R)
     4    4.05   16.90   27.08 2872.97 v _6008_/Y (OR2x2_ASAP7_75t_R)
                                         _1674_ (net)
                 16.90    0.05 2873.02 v gen_adder[2].adder.get_ripple_carry_adder.adder.gen_adder[7].adder.genblk1[0].genblk1.fulladder/A (FAx1_ASAP7_75t_R)
     3    2.79   67.91   65.42 2938.44 v gen_adder[2].adder.get_ripple_carry_adder.adder.gen_adder[7].adder.genblk1[0].genblk1.fulladder/SN (FAx1_ASAP7_75t_R)
                                         gen_adder[2].adder.get_ripple_carry_adder.adder.gen_adder[7].adder.NY (net)
                 67.91    0.07 2938.51 v _4550_/A (XNOR2x2_ASAP7_75t_R)
     2    1.71   12.18   35.65 2974.16 ^ _4550_/Y (XNOR2x2_ASAP7_75t_R)
                                         _0256_ (net)
                 12.18    0.01 2974.17 ^ _4551_/B (XNOR2x2_ASAP7_75t_R)
     2    1.78   10.76   31.11 3005.28 v _4551_/Y (XNOR2x2_ASAP7_75t_R)
                                         _0257_ (net)
                 10.76    0.02 3005.30 v _4552_/B2 (AO22x1_ASAP7_75t_R)
    18   16.48   89.88   55.96 3061.26 v _4552_/Y (AO22x1_ASAP7_75t_R)
                                         _0258_ (net)
                 89.89    0.35 3061.60 v _5974_/A (OR4x1_ASAP7_75t_R)
     3    2.54   23.40   52.05 3113.65 v _5974_/Y (OR4x1_ASAP7_75t_R)
                                         _1640_ (net)
                 23.40    0.09 3113.74 v _6106_/A2 (OA21x2_ASAP7_75t_R)
     5    3.22   12.92   24.99 3138.74 v _6106_/Y (OA21x2_ASAP7_75t_R)
                                         _1768_ (net)
                 12.92    0.06 3138.80 v _7362_/A (OR2x2_ASAP7_75t_R)
     2    3.25   14.58   24.78 3163.58 v _7362_/Y (OR2x2_ASAP7_75t_R)
                                         gen_adder[3].adder.get_ripple_carry_adder.adder.gen_adder[7].adder.A (net)
                 14.59    0.24 3163.83 v gen_adder[3].adder.get_ripple_carry_adder.adder.gen_adder[7].adder.genblk1[0].genblk1.fulladder/A (FAx1_ASAP7_75t_R)
     4    4.76   80.99   43.81 3207.64 ^ gen_adder[3].adder.get_ripple_carry_adder.adder.gen_adder[7].adder.genblk1[0].genblk1.fulladder/CON (FAx1_ASAP7_75t_R)
                                         gen_adder[3].adder.get_ripple_carry_adder.adder.gen_adder[7].adder.NX (net)
     4    3.87   92.48   40.99 3248.63 v gen_adder[3].adder.get_ripple_carry_adder.adder.gen_adder[7].adder.genblk1[0].genblk1.fulladder/SN (FAx1_ASAP7_75t_R)
                                         gen_adder[3].adder.get_ripple_carry_adder.adder.gen_adder[7].adder.NY (net)
                 92.48    0.19 3248.82 v _4435_/A (XOR2x2_ASAP7_75t_R)
     2    2.27   14.28   45.55 3294.37 v _4435_/Y (XOR2x2_ASAP7_75t_R)
                                         _0141_ (net)
                 14.28    0.02 3294.39 v _4452_/B (NAND2x1_ASAP7_75t_R)
     3    3.18   98.92   18.11 3312.50 ^ _4452_/Y (NAND2x1_ASAP7_75t_R)
                                         _0158_ (net)
                 98.92    0.03 3312.53 ^ _4458_/A1 (AOI211x1_ASAP7_75t_R)
    21   19.31  192.70  103.90 3416.43 v _4458_/Y (AOI211x1_ASAP7_75t_R)
                                         _0164_ (net)
                192.72    1.14 3417.57 v _4883_/B (AND2x2_ASAP7_75t_R)
     7    6.33   29.01   59.00 3476.57 v _4883_/Y (AND2x2_ASAP7_75t_R)
                                         _0583_ (net)
                 29.01    0.02 3476.59 v _5996_/C (AND3x1_ASAP7_75t_R)
     1    0.66   52.77   19.97 3496.56 v _5996_/Y (AND3x1_ASAP7_75t_R)
                                         _1662_ (net)
                 52.77    0.01 3496.56 v _6000_/B (OR3x1_ASAP7_75t_R)
     3    2.75   21.90   39.82 3536.39 v _6000_/Y (OR3x1_ASAP7_75t_R)
                                         _1666_ (net)
                 21.91    0.12 3536.51 v _6020_/A (OR2x2_ASAP7_75t_R)
     2    1.74   10.17   24.30 3560.81 v _6020_/Y (OR2x2_ASAP7_75t_R)
                                         _1685_ (net)
                 10.17    0.01 3560.82 v _6096_/A2 (OA21x2_ASAP7_75t_R)
     7    6.30   20.80   25.51 3586.33 v _6096_/Y (OA21x2_ASAP7_75t_R)
                                         _1760_ (net)
                 20.81    0.09 3586.43 v gen_adder[4].adder.get_ripple_carry_adder.adder.gen_adder[7].adder.genblk1[0].genblk1.fulladder/A (FAx1_ASAP7_75t_R)
     4    4.10   71.57   41.73 3628.16 ^ gen_adder[4].adder.get_ripple_carry_adder.adder.gen_adder[7].adder.genblk1[0].genblk1.fulladder/CON (FAx1_ASAP7_75t_R)
                                         gen_adder[4].adder.get_ripple_carry_adder.adder.gen_adder[7].adder.NX (net)
     3    2.47   39.83   31.56 3659.72 v gen_adder[4].adder.get_ripple_carry_adder.adder.gen_adder[7].adder.genblk1[0].genblk1.fulladder/SN (FAx1_ASAP7_75t_R)
                                         gen_adder[4].adder.get_ripple_carry_adder.adder.gen_adder[7].adder.NY (net)
                 39.83    0.00 3659.72 v _4466_/A (XNOR2x2_ASAP7_75t_R)
     2    1.79   12.39   32.17 3691.89 ^ _4466_/Y (XNOR2x2_ASAP7_75t_R)
                                         _0172_ (net)
                 12.39    0.04 3691.94 ^ _4530_/B (XNOR2x2_ASAP7_75t_R)
     1    1.37    9.51   30.32 3722.25 v _4530_/Y (XNOR2x2_ASAP7_75t_R)
                                         _0236_ (net)
                  9.51    0.03 3722.28 v _4531_/B2 (AOI22x1_ASAP7_75t_R)
    13   12.61   82.05   39.55 3761.83 ^ _4531_/Y (AOI22x1_ASAP7_75t_R)
                                         _0237_ (net)
                 82.05    0.26 3762.09 ^ _6026_/A (OR2x2_ASAP7_75t_R)
     2    1.14   10.21   33.17 3795.26 ^ _6026_/Y (OR2x2_ASAP7_75t_R)
                                         _1691_ (net)
                 10.21    0.01 3795.27 ^ _6027_/A2 (AO21x1_ASAP7_75t_R)
     1    0.62   12.36   13.50 3808.77 ^ _6027_/Y (AO21x1_ASAP7_75t_R)
                                         _1692_ (net)
                 12.36    0.01 3808.77 ^ _6028_/B1 (OA31x2_ASAP7_75t_R)
     5    4.02   17.97   27.17 3835.94 ^ _6028_/Y (OA31x2_ASAP7_75t_R)
                                         _1693_ (net)
                 17.98    0.19 3836.14 ^ _6101_/A (OR2x2_ASAP7_75t_R)
     3    4.06   18.56   24.80 3860.93 ^ _6101_/Y (OR2x2_ASAP7_75t_R)
                                         _1764_ (net)
                 18.56    0.19 3861.12 ^ gen_adder[5].adder.get_ripple_carry_adder.adder.gen_adder[7].adder.genblk1[0].genblk1.fulladder/A (FAx1_ASAP7_75t_R)
     8    7.59   89.61   47.83 3908.95 v gen_adder[5].adder.get_ripple_carry_adder.adder.gen_adder[7].adder.genblk1[0].genblk1.fulladder/CON (FAx1_ASAP7_75t_R)
                                         gen_adder[5].adder.get_ripple_carry_adder.adder.gen_adder[7].adder.NX (net)
     3    2.60   66.61   42.18 3951.13 ^ gen_adder[5].adder.get_ripple_carry_adder.adder.gen_adder[7].adder.genblk1[0].genblk1.fulladder/SN (FAx1_ASAP7_75t_R)
                                         gen_adder[5].adder.get_ripple_carry_adder.adder.gen_adder[7].adder.NY (net)
                 66.61    0.08 3951.21 ^ _4572_/A (XNOR2x2_ASAP7_75t_R)
     4    3.38   16.29   44.37 3995.59 v _4572_/Y (XNOR2x2_ASAP7_75t_R)
                                         _0277_ (net)
                 16.29    0.13 3995.71 v _4615_/A2 (AO21x1_ASAP7_75t_R)
     1    0.97   14.83   17.27 4012.99 v _4615_/Y (AO21x1_ASAP7_75t_R)
                                         _0320_ (net)
                 14.83    0.01 4013.00 v _4616_/B (XNOR2x2_ASAP7_75t_R)
     6    6.06   26.67   33.91 4046.91 ^ _4616_/Y (XNOR2x2_ASAP7_75t_R)
                                         _0321_ (net)
                 26.68    0.31 4047.22 ^ _4617_/B (XNOR2x2_ASAP7_75t_R)
     9    7.68   33.92   43.69 4090.91 v _4617_/Y (XNOR2x2_ASAP7_75t_R)
                                         _0322_ (net)
                 33.94    0.35 4091.26 v _4633_/B (NAND2x1_ASAP7_75t_R)
    16   15.01  182.22   60.56 4151.82 ^ _4633_/Y (NAND2x1_ASAP7_75t_R)
                                         _0338_ (net)
                182.31    2.34 4154.16 ^ _6005_/A1 (OA21x2_ASAP7_75t_R)
     4    2.51   18.58   40.16 4194.32 ^ _6005_/Y (OA21x2_ASAP7_75t_R)
                                         _1671_ (net)
                 18.58    0.02 4194.34 ^ _6006_/B (AND2x2_ASAP7_75t_R)
     1    1.39   40.63   20.53 4214.88 ^ _6006_/Y (AND2x2_ASAP7_75t_R)
                                         _1672_ (net)
                 40.63    0.00 4214.88 ^ _6007_/B (OAI21x1_ASAP7_75t_R)
     3    2.57   23.00   18.39 4233.27 v _6007_/Y (OAI21x1_ASAP7_75t_R)
                                         _1673_ (net)
                 23.00    0.16 4233.43 v _6019_/A (NAND2x1_ASAP7_75t_R)
     4    2.99   61.17   22.39 4255.82 ^ _6019_/Y (NAND2x1_ASAP7_75t_R)
                                         _1684_ (net)
                 61.17    0.05 4255.86 ^ _7421_/A (OR2x2_ASAP7_75t_R)
     2    3.23   16.23   33.41 4289.27 ^ _7421_/Y (OR2x2_ASAP7_75t_R)
                                         gen_adder[6].adder.get_ripple_carry_adder.adder.gen_adder[7].adder.A (net)
                 16.24    0.25 4289.53 ^ gen_adder[6].adder.get_ripple_carry_adder.adder.gen_adder[7].adder.genblk1[0].genblk1.fulladder/A (FAx1_ASAP7_75t_R)
     7    5.51   67.43   37.73 4327.26 v gen_adder[6].adder.get_ripple_carry_adder.adder.gen_adder[7].adder.genblk1[0].genblk1.fulladder/CON (FAx1_ASAP7_75t_R)
                                         gen_adder[6].adder.get_ripple_carry_adder.adder.gen_adder[7].adder.NX (net)
     3    2.39   62.17   35.90 4363.16 ^ gen_adder[6].adder.get_ripple_carry_adder.adder.gen_adder[7].adder.genblk1[0].genblk1.fulladder/SN (FAx1_ASAP7_75t_R)
                                         gen_adder[6].adder.get_ripple_carry_adder.adder.gen_adder[7].adder.NY (net)
                 62.17    0.01 4363.16 ^ _4595_/A (XNOR2x2_ASAP7_75t_R)
     4    3.26   17.26   33.02 4396.19 ^ _4595_/Y (XNOR2x2_ASAP7_75t_R)
                                         _0300_ (net)
                 17.26    0.10 4396.28 ^ _4597_/E (AND5x1_ASAP7_75t_R)
     1    0.97   21.81   36.93 4433.22 ^ _4597_/Y (AND5x1_ASAP7_75t_R)
                                         _0302_ (net)
                 21.81    0.00 4433.22 ^ _4603_/B (AOI211x1_ASAP7_75t_R)
     3    2.35   31.60   15.46 4448.68 v _4603_/Y (AOI211x1_ASAP7_75t_R)
                                         _0308_ (net)
                 31.60    0.07 4448.74 v _4611_/A (NAND2x1_ASAP7_75t_R)
    12   10.58   82.07   48.23 4496.98 ^ _4611_/Y (NAND2x1_ASAP7_75t_R)
                                         _0316_ (net)
                 82.07    0.23 4497.21 ^ _6085_/A (OR2x2_ASAP7_75t_R)
     4    2.51   14.40   35.87 4533.08 ^ _6085_/Y (OR2x2_ASAP7_75t_R)
                                         _1749_ (net)
                 14.40    0.04 4533.12 ^ _6086_/B (OR2x2_ASAP7_75t_R)
     2    1.23    8.26   17.83 4550.95 ^ _6086_/Y (OR2x2_ASAP7_75t_R)
                                         _1750_ (net)
                  8.26    0.00 4550.96 ^ _6087_/B (OR2x2_ASAP7_75t_R)
     1    0.61    6.36   14.68 4565.64 ^ _6087_/Y (OR2x2_ASAP7_75t_R)
                                         _1751_ (net)
                  6.36    0.00 4565.65 ^ _6093_/A2 (OA211x2_ASAP7_75t_R)
     2    1.18    9.41   18.71 4584.36 ^ _6093_/Y (OA211x2_ASAP7_75t_R)
                                         _1757_ (net)
                  9.41    0.01 4584.36 ^ _6095_/A (AND2x2_ASAP7_75t_R)
     1    0.97    7.96   16.72 4601.09 ^ _6095_/Y (AND2x2_ASAP7_75t_R)
                                         _1759_ (net)
                  7.96    0.00 4601.09 ^ _6113_/A1 (AOI221x1_ASAP7_75t_R)
     4    4.35   50.20   28.21 4629.30 v _6113_/Y (AOI221x1_ASAP7_75t_R)
                                         _1775_ (net)
                 50.21    0.42 4629.72 v _6114_/A (INVx2_ASAP7_75t_R)
     7    7.69   34.65   26.22 4655.93 ^ _6114_/Y (INVx2_ASAP7_75t_R)
                                         gen_adder[7].adder.get_ripple_carry_adder.adder.gen_adder[7].adder.A (net)
                 34.67    0.55 4656.48 ^ gen_adder[7].adder.get_ripple_carry_adder.adder.gen_adder[7].adder.genblk1[0].genblk1.fulladder/A (FAx1_ASAP7_75t_R)
     3    2.56   66.76   62.26 4718.74 ^ gen_adder[7].adder.get_ripple_carry_adder.adder.gen_adder[7].adder.genblk1[0].genblk1.fulladder/SN (FAx1_ASAP7_75t_R)
                                         gen_adder[7].adder.get_ripple_carry_adder.adder.gen_adder[7].adder.NY (net)
                 66.76    0.02 4718.77 ^ _4654_/A (XNOR2x2_ASAP7_75t_R)
     1    0.72    8.22   39.23 4758.00 v _4654_/Y (XNOR2x2_ASAP7_75t_R)
                                         _0359_ (net)
                  8.22    0.01 4758.01 v _4655_/A2 (AO21x1_ASAP7_75t_R)
     2    1.93   19.03   17.83 4775.84 v _4655_/Y (AO21x1_ASAP7_75t_R)
                                         _0360_ (net)
                 19.04    0.04 4775.88 v _4656_/B (XNOR2x2_ASAP7_75t_R)
     6    6.66   28.88   35.92 4811.80 ^ _4656_/Y (XNOR2x2_ASAP7_75t_R)
                                         _0361_ (net)
                 28.89    0.25 4812.05 ^ _4657_/B (XNOR2x2_ASAP7_75t_R)
    41   38.23  119.59   82.65 4894.70 v _4657_/Y (XNOR2x2_ASAP7_75t_R)
                                         _0362_ (net)
                119.99    3.96 4898.66 v _4723_/B (NAND2x1_ASAP7_75t_R)
    23   20.77  228.00  110.17 5008.83 ^ _4723_/Y (NAND2x1_ASAP7_75t_R)
                                         _0428_ (net)
                228.00    0.00 5008.83 ^ _4724_/B (AND2x2_ASAP7_75t_R)
    21   19.23   76.33   71.18 5080.01 ^ _4724_/Y (AND2x2_ASAP7_75t_R)
                                         _0429_ (net)
                 76.33    0.60 5080.61 ^ _6044_/A (NAND2x1_ASAP7_75t_R)
     2    1.17   17.23   15.37 5095.99 v _6044_/Y (NAND2x1_ASAP7_75t_R)
                                         _1709_ (net)
                 17.23    0.00 5095.99 v _6133_/A2 (OA211x2_ASAP7_75t_R)
     2    1.22   10.45   25.35 5121.34 v _6133_/Y (OA211x2_ASAP7_75t_R)
                                         _1794_ (net)
                 10.45    0.01 5121.35 v _6134_/B (AND4x1_ASAP7_75t_R)
     1    0.58   10.72   13.95 5135.30 v _6134_/Y (AND4x1_ASAP7_75t_R)
                                         _1795_ (net)
                 10.72    0.00 5135.30 v _6135_/B1 (AO221x1_ASAP7_75t_R)
     2    1.36   19.71   22.60 5157.91 v _6135_/Y (AO221x1_ASAP7_75t_R)
                                         _1796_ (net)
                 19.71    0.10 5158.01 v _6644_/C (OA211x2_ASAP7_75t_R)
     4    4.24   20.88   36.82 5194.82 v _6644_/Y (OA211x2_ASAP7_75t_R)
                                         _2261_ (net)
                 20.89    0.22 5195.05 v _7461_/A (INVx1_ASAP7_75t_R)
     2    2.63   20.37   15.52 5210.57 ^ _7461_/Y (INVx1_ASAP7_75t_R)
                                         gen_adder[8].adder.get_ripple_carry_adder.adder.gen_adder[7].adder.A (net)
                 20.37    0.01 5210.58 ^ gen_adder[8].adder.get_ripple_carry_adder.adder.gen_adder[7].adder.genblk1[0].genblk1.fulladder/A (FAx1_ASAP7_75t_R)
     3    2.42   39.24   61.07 5271.65 v gen_adder[8].adder.get_ripple_carry_adder.adder.gen_adder[7].adder.genblk1[0].genblk1.fulladder/SN (FAx1_ASAP7_75t_R)
                                         gen_adder[8].adder.get_ripple_carry_adder.adder.gen_adder[7].adder.NY (net)
                 39.24    0.02 5271.67 v _4385_/A (XNOR2x2_ASAP7_75t_R)
     1    0.70    8.78   30.09 5301.76 ^ _4385_/Y (XNOR2x2_ASAP7_75t_R)
                                         _0092_ (net)
                  8.78    0.01 5301.77 ^ _4386_/A2 (AO21x1_ASAP7_75t_R)
     1    1.06   15.62   14.49 5316.26 ^ _4386_/Y (AO21x1_ASAP7_75t_R)
                                         _0093_ (net)
                 15.62    0.01 5316.27 ^ _4387_/B (XNOR2x2_ASAP7_75t_R)
     3    3.35   15.67   34.78 5351.05 v _4387_/Y (XNOR2x2_ASAP7_75t_R)
                                         _0094_ (net)
                 15.71    0.41 5351.46 v _4388_/B (XNOR2x2_ASAP7_75t_R)
     4    3.75   23.80   30.78 5382.23 ^ _4388_/Y (XNOR2x2_ASAP7_75t_R)
                                         _0095_ (net)
                 23.80    0.01 5382.24 ^ _4389_/B (NAND2x1_ASAP7_75t_R)
    11   11.22  130.82   35.64 5417.88 v _4389_/Y (NAND2x1_ASAP7_75t_R)
                                         _0096_ (net)
                130.83    0.61 5418.50 v _6057_/A (NAND2x1_ASAP7_75t_R)
     2    2.18   45.67   43.25 5461.74 ^ _6057_/Y (NAND2x1_ASAP7_75t_R)
                                         _1722_ (net)
                 45.67    0.15 5461.90 ^ _6058_/B (NOR2x1_ASAP7_75t_R)
     1    0.47   12.77   12.35 5474.24 v _6058_/Y (NOR2x1_ASAP7_75t_R)
                                         _1723_ (net)
                 12.77    0.00 5474.25 v _6059_/C (OA211x2_ASAP7_75t_R)
     3    2.84   14.74   32.38 5506.63 v _6059_/Y (OA211x2_ASAP7_75t_R)
                                         _1724_ (net)
                 14.75    0.10 5506.73 v _6060_/B (NAND2x1_ASAP7_75t_R)
     3    1.99   32.97   14.47 5521.20 ^ _6060_/Y (NAND2x1_ASAP7_75t_R)
                                         _1725_ (net)
                 32.97    0.02 5521.22 ^ _6061_/D (OR4x1_ASAP7_75t_R)
     2    1.92   16.76   24.01 5545.23 ^ _6061_/Y (OR4x1_ASAP7_75t_R)
                                         _1726_ (net)
                 16.76    0.08 5545.31 ^ _6409_/B1 (AOI22x1_ASAP7_75t_R)
     2    1.99   20.65   12.02 5557.33 v _6409_/Y (AOI22x1_ASAP7_75t_R)
                                         _2047_ (net)
                 20.65    0.08 5557.40 v _6859_/A1 (OAI21x1_ASAP7_75t_R)
     5    4.72   34.63   22.75 5580.15 ^ _6859_/Y (OAI21x1_ASAP7_75t_R)
                                         gen_adder[9].adder.get_ripple_carry_adder.adder.gen_adder[7].adder.A (net)
                 34.64    0.32 5580.47 ^ gen_adder[9].adder.get_ripple_carry_adder.adder.gen_adder[7].adder.genblk1[0].genblk1.fulladder/A (FAx1_ASAP7_75t_R)
     3    3.46   47.65   32.55 5613.03 v gen_adder[9].adder.get_ripple_carry_adder.adder.gen_adder[7].adder.genblk1[0].genblk1.fulladder/CON (FAx1_ASAP7_75t_R)
                                         gen_adder[9].adder.get_ripple_carry_adder.adder.gen_adder[7].adder.NX (net)
     3    2.67   68.72   32.69 5645.71 ^ gen_adder[9].adder.get_ripple_carry_adder.adder.gen_adder[7].adder.genblk1[0].genblk1.fulladder/SN (FAx1_ASAP7_75t_R)
                                         gen_adder[9].adder.get_ripple_carry_adder.adder.gen_adder[7].adder.NY (net)
                 68.72    0.05 5645.76 ^ _4362_/A (XNOR2x2_ASAP7_75t_R)
     1    0.67    8.76   39.42 5685.18 v _4362_/Y (XNOR2x2_ASAP7_75t_R)
                                         _0069_ (net)
                  8.76    0.00 5685.19 v _4365_/A2 (AO21x1_ASAP7_75t_R)
     1    1.08   15.21   15.62 5700.81 v _4365_/Y (AO21x1_ASAP7_75t_R)
                                         _0072_ (net)
                 15.21    0.01 5700.81 v _4366_/B (XOR2x2_ASAP7_75t_R)
     3    3.61   18.98   34.92 5735.74 ^ _4366_/Y (XOR2x2_ASAP7_75t_R)
                                         _0073_ (net)
                 19.05    0.64 5736.38 ^ _4367_/B (XNOR2x2_ASAP7_75t_R)
    12    9.50   38.81   44.99 5781.37 v _4367_/Y (XNOR2x2_ASAP7_75t_R)
                                         _0074_ (net)
                 38.81    0.25 5781.62 v _4751_/B (NAND2x1_ASAP7_75t_R)
    17   15.54  229.11   64.20 5845.82 ^ _4751_/Y (NAND2x1_ASAP7_75t_R)
                                         _0456_ (net)
                229.15    1.85 5847.67 ^ _6131_/A (AND2x2_ASAP7_75t_R)
     1    0.45   11.30   34.39 5882.06 ^ _6131_/Y (AND2x2_ASAP7_75t_R)
                                         _1792_ (net)
                 11.30    0.00 5882.06 ^ _6136_/B (OA211x2_ASAP7_75t_R)
     1    1.17   14.27   20.74 5902.80 ^ _6136_/Y (OA211x2_ASAP7_75t_R)
                                         _1797_ (net)
                 14.27    0.02 5902.82 ^ _6144_/A2 (OAI21x1_ASAP7_75t_R)
     2    2.15   21.87   10.71 5913.52 v _6144_/Y (OAI21x1_ASAP7_75t_R)
                                         _1805_ (net)
                 21.87    0.20 5913.72 v _6145_/B (OR2x2_ASAP7_75t_R)
     2    1.48    9.34   24.23 5937.95 v _6145_/Y (OR2x2_ASAP7_75t_R)
                                         _1806_ (net)
                  9.34    0.06 5938.00 v _6152_/A2 (AO21x1_ASAP7_75t_R)
     5    4.64   42.90   24.79 5962.79 v _6152_/Y (AO21x1_ASAP7_75t_R)
                                         _1813_ (net)
                 42.90    0.04 5962.83 v gen_adder[10].adder.get_ripple_carry_adder.adder.gen_adder[7].adder.genblk1[0].genblk1.fulladder/A (FAx1_ASAP7_75t_R)
     3    2.57   68.29   63.86 6026.69 ^ gen_adder[10].adder.get_ripple_carry_adder.adder.gen_adder[7].adder.genblk1[0].genblk1.fulladder/SN (FAx1_ASAP7_75t_R)
                                         gen_adder[10].adder.get_ripple_carry_adder.adder.gen_adder[7].adder.NY (net)
                 68.29    0.07 6026.76 ^ _6161_/A (XNOR2x2_ASAP7_75t_R)
     1    0.66    8.69   39.34 6066.10 v _6161_/Y (XNOR2x2_ASAP7_75t_R)
                                         _1820_ (net)
                  8.69    0.00 6066.11 v _6162_/A2 (AO21x1_ASAP7_75t_R)
     1    0.93   14.52   15.16 6081.27 v _6162_/Y (AO21x1_ASAP7_75t_R)
                                         _1821_ (net)
                 14.52    0.00 6081.27 v _6163_/B (XNOR2x2_ASAP7_75t_R)
     3    2.99   15.82   29.06 6110.34 ^ _6163_/Y (XNOR2x2_ASAP7_75t_R)
                                         _1822_ (net)
                 15.85    0.40 6110.74 ^ _6164_/B (XNOR2x2_ASAP7_75t_R)
     7    7.11   32.14   40.58 6151.31 v _6164_/Y (XNOR2x2_ASAP7_75t_R)
                                         _1823_ (net)
                 32.25    1.07 6152.38 v _6166_/B (NAND2x1_ASAP7_75t_R)
    13   12.57  136.76   52.84 6205.22 ^ _6166_/Y (NAND2x1_ASAP7_75t_R)
                                         _1825_ (net)
                136.81    2.02 6207.24 ^ _6401_/B (OR2x2_ASAP7_75t_R)
     2    1.18   11.98   37.19 6244.43 ^ _6401_/Y (OR2x2_ASAP7_75t_R)
                                         _2039_ (net)
                 11.98    0.01 6244.44 ^ _6406_/A (AND2x2_ASAP7_75t_R)
     1    0.61    7.35   16.57 6261.02 ^ _6406_/Y (AND2x2_ASAP7_75t_R)
                                         _2044_ (net)
                  7.35    0.01 6261.02 ^ _6407_/B1 (OA31x2_ASAP7_75t_R)
     2    1.22    8.98   21.22 6282.25 ^ _6407_/Y (OA31x2_ASAP7_75t_R)
                                         _2045_ (net)
                  8.98    0.01 6282.26 ^ _6427_/A2 (AO21x1_ASAP7_75t_R)
     7    6.65   48.13   29.72 6311.98 ^ _6427_/Y (AO21x1_ASAP7_75t_R)
                                         _2065_ (net)
                 48.13    0.25 6312.23 ^ gen_adder[11].adder.get_ripple_carry_adder.adder.gen_adder[7].adder.genblk1[0].genblk1.fulladder/A (FAx1_ASAP7_75t_R)
     3    2.48   61.66   68.91 6381.14 v gen_adder[11].adder.get_ripple_carry_adder.adder.gen_adder[7].adder.genblk1[0].genblk1.fulladder/SN (FAx1_ASAP7_75t_R)
                                         gen_adder[11].adder.get_ripple_carry_adder.adder.gen_adder[7].adder.NY (net)
                 61.66    0.03 6381.17 v _6432_/A (XNOR2x2_ASAP7_75t_R)
     1    0.67    8.78   32.97 6414.14 ^ _6432_/Y (XNOR2x2_ASAP7_75t_R)
                                         _2068_ (net)
                  8.78    0.00 6414.15 ^ _6433_/A2 (AO21x1_ASAP7_75t_R)
     1    1.04   15.49   14.45 6428.60 ^ _6433_/Y (AO21x1_ASAP7_75t_R)
                                         _2069_ (net)
                 15.49    0.01 6428.60 ^ _6434_/B (XNOR2x2_ASAP7_75t_R)
     4    6.37   24.93   38.91 6467.52 v _6434_/Y (XNOR2x2_ASAP7_75t_R)
                                         _2070_ (net)
                 25.03    0.96 6468.47 v _6435_/B (XNOR2x2_ASAP7_75t_R)
    29   25.09   96.83   64.55 6533.02 ^ _6435_/Y (XNOR2x2_ASAP7_75t_R)
                                         _2071_ (net)
                 97.21    3.56 6536.58 ^ _6451_/B (NAND2x1_ASAP7_75t_R)
    31   29.28  224.96   99.64 6636.22 v _6451_/Y (NAND2x1_ASAP7_75t_R)
                                         _2086_ (net)
                224.97    0.68 6636.90 v _6452_/B (AND2x2_ASAP7_75t_R)
    23   22.95   74.59   83.18 6720.08 v _6452_/Y (AND2x2_ASAP7_75t_R)
                                         _2087_ (net)
                 75.91    5.49 6725.57 v _6621_/A2 (AO221x1_ASAP7_75t_R)
     1    0.69   13.63   30.42 6755.99 v _6621_/Y (AO221x1_ASAP7_75t_R)
                                         _2240_ (net)
                 13.63    0.01 6755.99 v _6625_/A (OR3x1_ASAP7_75t_R)
     4    3.65   26.32   33.08 6789.07 v _6625_/Y (OR3x1_ASAP7_75t_R)
                                         _2244_ (net)
                 26.32    0.37 6789.44 v _6627_/A2 (OA21x2_ASAP7_75t_R)
     4    4.09   15.27   26.95 6816.39 v _6627_/Y (OA21x2_ASAP7_75t_R)
                                         _2246_ (net)
                 15.28    0.07 6816.46 v gen_adder[12].adder.get_ripple_carry_adder.adder.gen_adder[6].adder.genblk1[0].genblk1.fulladder/A (FAx1_ASAP7_75t_R)
     2    2.35   47.86   29.37 6845.83 ^ gen_adder[12].adder.get_ripple_carry_adder.adder.gen_adder[6].adder.genblk1[0].genblk1.fulladder/CON (FAx1_ASAP7_75t_R)
                                         gen_adder[12].adder.get_ripple_carry_adder.adder.gen_adder[6].adder.NX (net)
                 47.87    0.16 6845.99 ^ _6658_/B (XNOR2x2_ASAP7_75t_R)
     1    0.68    8.70   35.18 6881.16 v _6658_/Y (XNOR2x2_ASAP7_75t_R)
                                         _2273_ (net)
                  8.70    0.01 6881.17 v _6659_/A2 (AO21x1_ASAP7_75t_R)
     1    0.94   14.54   15.20 6896.37 v _6659_/Y (AO21x1_ASAP7_75t_R)
                                         _2274_ (net)
                 14.54    0.01 6896.38 v _6660_/B (XNOR2x2_ASAP7_75t_R)
     3    3.23   16.69   29.44 6925.82 ^ _6660_/Y (XNOR2x2_ASAP7_75t_R)
                                         _2275_ (net)
                 16.71    0.35 6926.17 ^ _6661_/B (XNOR2x2_ASAP7_75t_R)
     2    1.63   17.18   31.91 6958.08 v _6661_/Y (XNOR2x2_ASAP7_75t_R)
                                         _2276_ (net)
                 17.18    0.00 6958.08 v _6662_/B (NAND2x1_ASAP7_75t_R)
    12   12.23  154.31   46.25 7004.33 ^ _6662_/Y (NAND2x1_ASAP7_75t_R)
                                         _2277_ (net)
                154.32    0.75 7005.08 ^ _6865_/B (OA21x2_ASAP7_75t_R)
     1    0.57   35.13   28.96 7034.03 ^ _6865_/Y (OA21x2_ASAP7_75t_R)
                                         _2461_ (net)
                 35.13    0.00 7034.03 ^ _6866_/B1 (OA31x2_ASAP7_75t_R)
     2    1.71   10.76   27.16 7061.19 ^ _6866_/Y (OA31x2_ASAP7_75t_R)
                                         _2462_ (net)
                 10.77    0.13 7061.32 ^ _6869_/A1 (OA21x2_ASAP7_75t_R)
     2    1.38   17.06   17.36 7078.68 ^ _6869_/Y (OA21x2_ASAP7_75t_R)
                                         _2465_ (net)
                 17.06    0.01 7078.70 ^ _6871_/A2 (OA21x2_ASAP7_75t_R)
     3    4.03   16.81   22.76 7101.46 ^ _6871_/Y (OA21x2_ASAP7_75t_R)
                                         gen_adder[13].adder.get_ripple_carry_adder.adder.gen_adder[7].adder.A (net)
                 16.81    0.06 7101.53 ^ gen_adder[13].adder.get_ripple_carry_adder.adder.gen_adder[7].adder.genblk1[0].genblk1.fulladder/A (FAx1_ASAP7_75t_R)
     3    3.45   46.08   28.34 7129.87 v gen_adder[13].adder.get_ripple_carry_adder.adder.gen_adder[7].adder.genblk1[0].genblk1.fulladder/CON (FAx1_ASAP7_75t_R)
                                         gen_adder[13].adder.get_ripple_carry_adder.adder.gen_adder[7].adder.NX (net)
     3    2.49   64.25   31.24 7161.11 ^ gen_adder[13].adder.get_ripple_carry_adder.adder.gen_adder[7].adder.genblk1[0].genblk1.fulladder/SN (FAx1_ASAP7_75t_R)
                                         gen_adder[13].adder.get_ripple_carry_adder.adder.gen_adder[7].adder.NY (net)
                 64.25    0.01 7161.12 ^ _6876_/A (XNOR2x2_ASAP7_75t_R)
     1    0.67    8.08   38.78 7199.90 v _6876_/Y (XNOR2x2_ASAP7_75t_R)
                                         _2470_ (net)
                  8.08    0.00 7199.91 v _6877_/A2 (AO21x1_ASAP7_75t_R)
     1    1.08   15.07   15.45 7215.36 v _6877_/Y (AO21x1_ASAP7_75t_R)
                                         _2471_ (net)
                 15.07    0.01 7215.37 v _6878_/B (XOR2x2_ASAP7_75t_R)
     3    4.58   22.72   36.44 7251.81 ^ _6878_/Y (XOR2x2_ASAP7_75t_R)
                                         _2472_ (net)
                 22.77    0.64 7252.45 ^ _6879_/B (XNOR2x2_ASAP7_75t_R)
    11    8.55   35.60   44.39 7296.84 v _6879_/Y (XNOR2x2_ASAP7_75t_R)
                                         _2473_ (net)
                 35.60    0.12 7296.96 v _6881_/B (NAND2x1_ASAP7_75t_R)
    18   16.55  184.48   66.35 7363.31 ^ _6881_/Y (NAND2x1_ASAP7_75t_R)
                                         _2475_ (net)
                184.49    0.90 7364.20 ^ _6946_/B (AND2x2_ASAP7_75t_R)
     8    5.97   28.26   48.90 7413.10 ^ _6946_/Y (AND2x2_ASAP7_75t_R)
                                         _2535_ (net)
                 28.30    0.53 7413.63 ^ _7068_/B (AND2x2_ASAP7_75t_R)
     2    1.29    9.46   22.60 7436.24 ^ _7068_/Y (AND2x2_ASAP7_75t_R)
                                         _2644_ (net)
                  9.46    0.01 7436.24 ^ _7078_/B (OR3x1_ASAP7_75t_R)
     2    1.64   14.22   16.14 7452.38 ^ _7078_/Y (OR3x1_ASAP7_75t_R)
                                         _2654_ (net)
                 14.22    0.10 7452.48 ^ _7086_/A2 (AO21x1_ASAP7_75t_R)
     1    2.07   37.19   18.74 7471.22 ^ _7086_/Y (AO21x1_ASAP7_75t_R)
                                         gen_adder[14].adder.get_ripple_carry_adder.adder.gen_adder[7].adder.A (net)
                 37.19    0.03 7471.25 ^ gen_adder[14].adder.get_ripple_carry_adder.adder.gen_adder[7].adder.genblk1[0].genblk1.fulladder/A (FAx1_ASAP7_75t_R)
     3    2.36   58.69   64.49 7535.74 v gen_adder[14].adder.get_ripple_carry_adder.adder.gen_adder[7].adder.genblk1[0].genblk1.fulladder/SN (FAx1_ASAP7_75t_R)
                                         gen_adder[14].adder.get_ripple_carry_adder.adder.gen_adder[7].adder.NY (net)
                 58.69    0.02 7535.76 v _7090_/A (XNOR2x2_ASAP7_75t_R)
     1    0.67    8.70   32.58 7568.34 ^ _7090_/Y (XNOR2x2_ASAP7_75t_R)
                                         _2664_ (net)
                  8.70    0.00 7568.35 ^ _7091_/A2 (AO21x1_ASAP7_75t_R)
     1    1.06   15.23   14.47 7582.82 ^ _7091_/Y (AO21x1_ASAP7_75t_R)
                                         _2665_ (net)
                 15.23    0.01 7582.83 ^ _7092_/B (XNOR2x2_ASAP7_75t_R)
     3    4.10   18.18   35.78 7618.61 v _7092_/Y (XNOR2x2_ASAP7_75t_R)
                                         _2666_ (net)
                 18.23    0.51 7619.12 v _7093_/B (XNOR2x2_ASAP7_75t_R)
     5    3.63   22.97   31.35 7650.48 ^ _7093_/Y (XNOR2x2_ASAP7_75t_R)
                                         _2667_ (net)
                 22.97    0.01 7650.49 ^ _7111_/B (AND2x2_ASAP7_75t_R)
    14   12.65   51.08   40.11 7690.60 ^ _7111_/Y (AND2x2_ASAP7_75t_R)
                                         _2685_ (net)
                 51.09    0.80 7691.40 ^ _7290_/C (AO221x1_ASAP7_75t_R)
     1    0.93   10.95   23.98 7715.38 ^ _7290_/Y (AO221x1_ASAP7_75t_R)
                                         _2850_ (net)
                 10.96    0.05 7715.43 ^ _7291_/C (AND3x1_ASAP7_75t_R)
     2    1.65   24.76   24.42 7739.85 ^ _7291_/Y (AND3x1_ASAP7_75t_R)
                                         _2851_ (net)
                 24.76    0.03 7739.88 ^ _7292_/C (AO211x2_ASAP7_75t_R)
     1    0.62    7.61   19.92 7759.81 ^ _7292_/Y (AO211x2_ASAP7_75t_R)
                                         _2852_ (net)
                  7.61    0.01 7759.81 ^ _7294_/B1 (OA22x2_ASAP7_75t_R)
     2    3.26   40.24   20.39 7780.20 ^ _7294_/Y (OA22x2_ASAP7_75t_R)
                                         gen_adder[15].adder.get_ripple_carry_adder.adder.gen_adder[7].adder.A (net)
                 40.25    0.33 7780.53 ^ gen_adder[15].adder.get_ripple_carry_adder.adder.gen_adder[7].adder.genblk1[0].genblk1.fulladder/A (FAx1_ASAP7_75t_R)
     3    2.42   64.95   61.38 7841.91 ^ gen_adder[15].adder.get_ripple_carry_adder.adder.gen_adder[7].adder.genblk1[0].genblk1.fulladder/SN (FAx1_ASAP7_75t_R)
                                         gen_adder[15].adder.get_ripple_carry_adder.adder.gen_adder[7].adder.NY (net)
                 64.95    0.03 7841.94 ^ _7541_/A (XNOR2x2_ASAP7_75t_R)
     1    0.70    8.67   38.93 7880.87 v _7541_/Y (XNOR2x2_ASAP7_75t_R)
                                         _2992_ (net)
                  8.67    0.01 7880.88 v _7542_/A2 (AO21x1_ASAP7_75t_R)
     2    1.87   18.33   17.80 7898.68 v _7542_/Y (AO21x1_ASAP7_75t_R)
                                         _2993_ (net)
                 18.33    0.02 7898.70 v _7543_/B (XNOR2x2_ASAP7_75t_R)
     4    8.75   38.22   37.01 7935.71 ^ _7543_/Y (XNOR2x2_ASAP7_75t_R)
                                         _2994_ (net)
                 40.63    5.14 7940.85 ^ _7598_/B (XNOR2x2_ASAP7_75t_R)
    59   56.17  179.87   98.23 8039.08 v _7598_/Y (XNOR2x2_ASAP7_75t_R)
                                         _3049_ (net)
                179.88    0.89 8039.97 v _7600_/B (NAND2x1_ASAP7_75t_R)
    50   53.10  498.91  225.23 8265.20 ^ _7600_/Y (NAND2x1_ASAP7_75t_R)
                                         _3051_ (net)
                500.54   16.60 8281.81 ^ _7705_/B (AND2x2_ASAP7_75t_R)
    43   44.21  172.06  120.12 8401.93 ^ _7705_/Y (AND2x2_ASAP7_75t_R)
                                         _3151_ (net)
                172.29    4.06 8405.98 ^ _7706_/B (OR2x2_ASAP7_75t_R)
     8    6.97   30.68   51.36 8457.34 ^ _7706_/Y (OR2x2_ASAP7_75t_R)
                                         _3152_ (net)
                 30.68    0.14 8457.48 ^ _7776_/B (AO21x1_ASAP7_75t_R)
     7    5.75   41.91   29.01 8486.49 ^ _7776_/Y (AO21x1_ASAP7_75t_R)
                                         _3213_ (net)
                 41.91    0.17 8486.66 ^ _7809_/C (AND3x1_ASAP7_75t_R)
     1    0.57   37.66   24.12 8510.78 ^ _7809_/Y (AND3x1_ASAP7_75t_R)
                                         _3239_ (net)
                 37.66    0.01 8510.79 ^ _7816_/C (OR5x1_ASAP7_75t_R)
     1   18.87  142.86   71.17 8581.96 ^ _7816_/Y (OR5x1_ASAP7_75t_R)
                                         result[119] (net)
                167.81   30.65 8612.61 ^ result[119] (out)
                               8612.61   data arrival time

                  0.00 5000.00 5000.00   clock clk (rise edge)
                          0.00 5000.00   clock network delay (ideal)
                          0.00 5000.00   clock reconvergence pessimism
                       -1000.00 4000.00   output external delay
                               4000.00   data required time
-----------------------------------------------------------------------------
                               4000.00   data required time
                               -8612.61   data arrival time
-----------------------------------------------------------------------------
                               -4612.61   slack (VIOLATED)



==========================================================================
global place report_power
--------------------------------------------------------------------------
Group                  Internal  Switching    Leakage      Total
                          Power      Power      Power      Power (Watts)
----------------------------------------------------------------
Sequential             0.00e+00   0.00e+00   0.00e+00   0.00e+00   0.0%
Combinational          1.67e-04   2.28e-04   3.82e-07   3.96e-04 100.0%
Clock                  0.00e+00   0.00e+00   0.00e+00   0.00e+00   0.0%
Macro                  0.00e+00   0.00e+00   0.00e+00   0.00e+00   0.0%
Pad                    0.00e+00   0.00e+00   0.00e+00   0.00e+00   0.0%
----------------------------------------------------------------
Total                  1.67e-04   2.28e-04   3.82e-07   3.96e-04 100.0%
                          42.1%      57.8%       0.1%
