
==========================================================================
global route report_tns
--------------------------------------------------------------------------
tns 0.00

==========================================================================
global route report_wns
--------------------------------------------------------------------------
wns 0.00

==========================================================================
global route report_worst_slack
--------------------------------------------------------------------------
worst slack 7.73

==========================================================================
global route report_clock_skew
--------------------------------------------------------------------------
Clock clk
No launch/capture paths found.


==========================================================================
global route report_checks -path_delay min
--------------------------------------------------------------------------
Startpoint: src[2] (input port clocked by clk)
Endpoint: src_o[2] (output port clocked by clk)
Path Group: clk
Path Type: min

Fanout     Cap    Slew   Delay    Time   Description
-----------------------------------------------------------------------------
                  0.00    0.00    0.00   clock clk (rise edge)
                          0.00    0.00   clock network delay (ideal)
                          3.00    3.00 ^ input external delay
     1    1.52    0.00    0.00    3.00 ^ src[2] (in)
                                         src[2] (net)
                  0.00    0.00    3.00 ^ _960_/A (BUF_X1)
     1    1.09    0.01    0.02    3.02 ^ _960_/Z (BUF_X1)
                                         net301 (net)
                  0.01    0.00    3.02 ^ output301/A (BUF_X1)
     1    0.57    0.00    0.02    3.03 ^ output301/Z (BUF_X1)
                                         src_o[2] (net)
                  0.00    0.00    3.03 ^ src_o[2] (out)
                                  3.03   data arrival time

                  0.00    0.00    0.00   clock clk (rise edge)
                          0.00    0.00   clock network delay (ideal)
                          0.00    0.00   clock reconvergence pessimism
                         -3.00   -3.00   output external delay
                                 -3.00   data required time
-----------------------------------------------------------------------------
                                 -3.00   data required time
                                 -3.03   data arrival time
-----------------------------------------------------------------------------
                                  6.03   slack (MET)



==========================================================================
global route report_checks -path_delay max
--------------------------------------------------------------------------
Startpoint: osize_vector[0] (input port clocked by clk)
Endpoint: src_o[23] (output port clocked by clk)
Path Group: clk
Path Type: max

Fanout     Cap    Slew   Delay    Time   Description
-----------------------------------------------------------------------------
                  0.00    0.00    0.00   clock clk (rise edge)
                          0.00    0.00   clock network delay (ideal)
                          3.00    3.00 v input external delay
     1   24.60    0.00    0.00    3.00 v osize_vector[0] (in)
                                         osize_vector[0] (net)
                  0.00    0.00    3.00 v input7/A (BUF_X32)
     1   46.40    0.00    0.02    3.02 v input7/Z (BUF_X32)
                                         net7 (net)
                  0.04    0.03    3.05 v wire802/A (BUF_X8)
     1   49.08    0.01    0.04    3.09 v wire802/Z (BUF_X8)
                                         net802 (net)
                  0.04    0.03    3.13 v wire801/A (BUF_X16)
     1   78.69    0.01    0.04    3.17 v wire801/Z (BUF_X16)
                                         net801 (net)
                  0.10    0.08    3.25 v wire800/A (BUF_X32)
    97  270.61    0.01    0.05    3.30 v wire800/Z (BUF_X32)
                                         net800 (net)
                  0.30    0.25    3.55 v _491_/A2 (AND2_X4)
    24  106.50    0.03    0.14    3.70 v _491_/ZN (AND2_X4)
                                         _062_ (net)
                  0.03    0.00    3.70 v _630_/C2 (AOI222_X2)
     1   50.09    0.21    0.29    3.98 ^ _630_/ZN (AOI222_X2)
                                         _170_ (net)
                  0.21    0.00    3.99 ^ _631_/A (INV_X32)
     1   49.15    0.03    0.00    3.98 v _631_/ZN (INV_X32)
                                         net294 (net)
                  0.04    0.02    4.00 v wire484/A (BUF_X8)
     1   37.82    0.01    0.04    4.04 v wire484/Z (BUF_X8)
                                         net484 (net)
                  0.03    0.03    4.07 v wire483/A (BUF_X16)
     1   53.12    0.01    0.04    4.10 v wire483/Z (BUF_X16)
                                         net483 (net)
                  0.06    0.05    4.15 v wire482/A (BUF_X16)
     1   43.07    0.01    0.05    4.20 v wire482/Z (BUF_X16)
                                         net482 (net)
                  0.04    0.03    4.23 v output294/A (BUF_X1)
     1    1.01    0.01    0.04    4.27 v output294/Z (BUF_X1)
                                         src_o[23] (net)
                  0.01    0.00    4.27 v src_o[23] (out)
                                  4.27   data arrival time

                  0.00   15.00   15.00   clock clk (rise edge)
                          0.00   15.00   clock network delay (ideal)
                          0.00   15.00   clock reconvergence pessimism
                         -3.00   12.00   output external delay
                                 12.00   data required time
-----------------------------------------------------------------------------
                                 12.00   data required time
                                 -4.27   data arrival time
-----------------------------------------------------------------------------
                                  7.73   slack (MET)



==========================================================================
global route report_checks -unconstrained
--------------------------------------------------------------------------
Startpoint: osize_vector[0] (input port clocked by clk)
Endpoint: src_o[23] (output port clocked by clk)
Path Group: clk
Path Type: max

Fanout     Cap    Slew   Delay    Time   Description
-----------------------------------------------------------------------------
                  0.00    0.00    0.00   clock clk (rise edge)
                          0.00    0.00   clock network delay (ideal)
                          3.00    3.00 v input external delay
     1   24.60    0.00    0.00    3.00 v osize_vector[0] (in)
                                         osize_vector[0] (net)
                  0.00    0.00    3.00 v input7/A (BUF_X32)
     1   46.40    0.00    0.02    3.02 v input7/Z (BUF_X32)
                                         net7 (net)
                  0.04    0.03    3.05 v wire802/A (BUF_X8)
     1   49.08    0.01    0.04    3.09 v wire802/Z (BUF_X8)
                                         net802 (net)
                  0.04    0.03    3.13 v wire801/A (BUF_X16)
     1   78.69    0.01    0.04    3.17 v wire801/Z (BUF_X16)
                                         net801 (net)
                  0.10    0.08    3.25 v wire800/A (BUF_X32)
    97  270.61    0.01    0.05    3.30 v wire800/Z (BUF_X32)
                                         net800 (net)
                  0.30    0.25    3.55 v _491_/A2 (AND2_X4)
    24  106.50    0.03    0.14    3.70 v _491_/ZN (AND2_X4)
                                         _062_ (net)
                  0.03    0.00    3.70 v _630_/C2 (AOI222_X2)
     1   50.09    0.21    0.29    3.98 ^ _630_/ZN (AOI222_X2)
                                         _170_ (net)
                  0.21    0.00    3.99 ^ _631_/A (INV_X32)
     1   49.15    0.03    0.00    3.98 v _631_/ZN (INV_X32)
                                         net294 (net)
                  0.04    0.02    4.00 v wire484/A (BUF_X8)
     1   37.82    0.01    0.04    4.04 v wire484/Z (BUF_X8)
                                         net484 (net)
                  0.03    0.03    4.07 v wire483/A (BUF_X16)
     1   53.12    0.01    0.04    4.10 v wire483/Z (BUF_X16)
                                         net483 (net)
                  0.06    0.05    4.15 v wire482/A (BUF_X16)
     1   43.07    0.01    0.05    4.20 v wire482/Z (BUF_X16)
                                         net482 (net)
                  0.04    0.03    4.23 v output294/A (BUF_X1)
     1    1.01    0.01    0.04    4.27 v output294/Z (BUF_X1)
                                         src_o[23] (net)
                  0.01    0.00    4.27 v src_o[23] (out)
                                  4.27   data arrival time

                  0.00   15.00   15.00   clock clk (rise edge)
                          0.00   15.00   clock network delay (ideal)
                          0.00   15.00   clock reconvergence pessimism
                         -3.00   12.00   output external delay
                                 12.00   data required time
-----------------------------------------------------------------------------
                                 12.00   data required time
                                 -4.27   data arrival time
-----------------------------------------------------------------------------
                                  7.73   slack (MET)



==========================================================================
global route report_check_types -max_slew -max_cap -max_fanout -violators
--------------------------------------------------------------------------
max slew

Pin                                    Limit    Slew   Slack
------------------------------------------------------------
_630_/ZN                                0.20    0.21   -0.01 (VIOLATED)

max capacitance

Pin                                    Limit     Cap   Slack
------------------------------------------------------------
_630_/ZN                               25.63   50.09  -24.45 (VIOLATED)
_622_/ZN                               25.63   25.86   -0.22 (VIOLATED)
_634_/ZN                               25.63   25.72   -0.09 (VIOLATED)


==========================================================================
global route max_slew_check_slack
--------------------------------------------------------------------------
-0.010289671830832958

==========================================================================
global route max_slew_check_limit
--------------------------------------------------------------------------
0.1985349953174591

==========================================================================
global route max_slew_check_slack_limit
--------------------------------------------------------------------------
-0.0518

==========================================================================
global route max_fanout_check_slack
--------------------------------------------------------------------------
1.0000000150474662e+30

==========================================================================
global route max_fanout_check_limit
--------------------------------------------------------------------------
1.0000000150474662e+30

==========================================================================
global route max_capacitance_check_slack
--------------------------------------------------------------------------
-24.451982498168945

==========================================================================
global route max_capacitance_check_limit
--------------------------------------------------------------------------
25.63479995727539

==========================================================================
global route max_capacitance_check_slack_limit
--------------------------------------------------------------------------
-0.9539

==========================================================================
global route max_slew_violation_count
--------------------------------------------------------------------------
max slew violation count 1

==========================================================================
global route max_fanout_violation_count
--------------------------------------------------------------------------
max fanout violation count 0

==========================================================================
global route max_cap_violation_count
--------------------------------------------------------------------------
max cap violation count 3

==========================================================================
global route setup_violation_count
--------------------------------------------------------------------------
setup violation count 0

==========================================================================
global route hold_violation_count
--------------------------------------------------------------------------
hold violation count 0

==========================================================================
global route critical path delay
--------------------------------------------------------------------------
4.2734

==========================================================================
global route critical path slack
--------------------------------------------------------------------------
7.7266

==========================================================================
global route slack div critical path delay
--------------------------------------------------------------------------
180.806852

==========================================================================
global route report_power
--------------------------------------------------------------------------
Group                  Internal  Switching    Leakage      Total
                          Power      Power      Power      Power (Watts)
----------------------------------------------------------------
Sequential             0.00e+00   0.00e+00   0.00e+00   0.00e+00   0.0%
Combinational          3.86e-04   3.61e-04   4.17e-04   1.16e-03 100.0%
Clock                  0.00e+00   0.00e+00   0.00e+00   0.00e+00   0.0%
Macro                  0.00e+00   0.00e+00   0.00e+00   0.00e+00   0.0%
Pad                    0.00e+00   0.00e+00   0.00e+00   0.00e+00   0.0%
----------------------------------------------------------------
Total                  3.86e-04   3.61e-04   4.17e-04   1.16e-03 100.0%
                          33.1%      31.0%      35.9%
