
==========================================================================
cts final report_tns
--------------------------------------------------------------------------
tns 0.00

==========================================================================
cts final report_wns
--------------------------------------------------------------------------
wns 0.00

==========================================================================
cts final report_worst_slack
--------------------------------------------------------------------------
worst slack 5.72

==========================================================================
cts final report_clock_skew
--------------------------------------------------------------------------
Clock clk
No launch/capture paths found.


==========================================================================
cts final report_checks -path_delay min
--------------------------------------------------------------------------
Startpoint: srcb[155] (input port clocked by clk)
Endpoint: result[123] (output port clocked by clk)
Path Group: clk
Path Type: min

Fanout     Cap    Slew   Delay    Time   Description
-----------------------------------------------------------------------------
                  0.00    0.00    0.00   clock clk (rise edge)
                          0.00    0.00   clock network delay (ideal)
                          3.00    3.00 v input external delay
     1    2.33    0.00    0.00    3.00 v srcb[155] (in)
                                         srcb[155] (net)
                  0.00    0.00    3.00 v input202/A (BUF_X1)
     1    1.59    0.01    0.02    3.02 v input202/Z (BUF_X1)
                                         net202 (net)
                  0.01    0.00    3.02 v _4601_/A1 (NAND2_X1)
     1    2.50    0.01    0.01    3.04 ^ _4601_/ZN (NAND2_X1)
                                         _1646_ (net)
                  0.01    0.00    3.04 ^ _4617_/A (XNOR2_X1)
     1    1.08    0.01    0.01    3.05 v _4617_/ZN (XNOR2_X1)
                                         net311 (net)
                  0.01    0.00    3.05 v output311/A (BUF_X1)
     1    1.39    0.01    0.03    3.07 v output311/Z (BUF_X1)
                                         result[123] (net)
                  0.01    0.00    3.07 v result[123] (out)
                                  3.07   data arrival time

                  0.00    0.00    0.00   clock clk (rise edge)
                          0.00    0.00   clock network delay (ideal)
                          0.00    0.00   clock reconvergence pessimism
                         -3.00   -3.00   output external delay
                                 -3.00   data required time
-----------------------------------------------------------------------------
                                 -3.00   data required time
                                 -3.07   data arrival time
-----------------------------------------------------------------------------
                                  6.07   slack (MET)



==========================================================================
cts final report_checks -path_delay max
--------------------------------------------------------------------------
Startpoint: is_mask (input port clocked by clk)
Endpoint: result[125] (output port clocked by clk)
Path Group: clk
Path Type: max

Fanout     Cap    Slew   Delay    Time   Description
-----------------------------------------------------------------------------
                  0.00    0.00    0.00   clock clk (rise edge)
                          0.00    0.00   clock network delay (ideal)
                          3.00    3.00 v input external delay
     1   11.65    0.00    0.00    3.00 v is_mask (in)
                                         is_mask (net)
                  0.00    0.00    3.00 v input5/A (BUF_X16)
     1   12.42    0.00    0.02    3.02 v input5/Z (BUF_X16)
                                         net5 (net)
                  0.00    0.00    3.02 v wire901/A (BUF_X16)
     9   93.76    0.01    0.02    3.04 v wire901/Z (BUF_X16)
                                         net901 (net)
                  0.08    0.07    3.11 v wire900/A (BUF_X16)
     2   67.33    0.01    0.05    3.16 v wire900/Z (BUF_X16)
                                         net900 (net)
                  0.07    0.06    3.22 v wire899/A (BUF_X8)
     3   64.77    0.01    0.05    3.27 v wire899/Z (BUF_X8)
                                         net899 (net)
                  0.07    0.06    3.33 v wire898/A (BUF_X8)
     4   65.69    0.01    0.05    3.38 v wire898/Z (BUF_X8)
                                         net898 (net)
                  0.06    0.05    3.43 v wire897/A (BUF_X8)
     1   41.93    0.01    0.05    3.48 v wire897/Z (BUF_X8)
                                         net897 (net)
                  0.03    0.03    3.50 v wire896/A (BUF_X16)
     1   78.39    0.01    0.04    3.54 v wire896/Z (BUF_X16)
                                         net896 (net)
                  0.10    0.08    3.62 v wire895/A (BUF_X32)
    25  170.28    0.01    0.05    3.67 v wire895/Z (BUF_X32)
                                         net895 (net)
                  0.24    0.20    3.87 v _2645_/B1 (OAI21_X2)
     2    9.64    0.07    0.12    3.99 ^ _2645_/ZN (OAI21_X2)
                                         _2065_ (net)
                  0.07    0.00    3.99 ^ _2655_/B (XOR2_X2)
     2   40.31    0.10    0.14    4.13 ^ _2655_/Z (XOR2_X2)
                                         _2075_ (net)
                  0.10    0.03    4.16 ^ wire568/A (BUF_X8)
     1   40.70    0.01    0.03    4.19 ^ wire568/Z (BUF_X8)
                                         net568 (net)
                  0.03    0.02    4.22 ^ wire567/A (BUF_X16)
     1   48.95    0.01    0.03    4.24 ^ wire567/Z (BUF_X16)
                                         net567 (net)
                  0.04    0.03    4.28 ^ wire566/A (BUF_X16)
     1   48.26    0.01    0.03    4.31 ^ wire566/Z (BUF_X16)
                                         net566 (net)
                  0.04    0.03    4.34 ^ wire565/A (BUF_X16)
     4   48.02    0.01    0.03    4.37 ^ wire565/Z (BUF_X16)
                                         net565 (net)
                  0.04    0.03    4.40 ^ _2656_/A2 (NAND2_X1)
     1    2.21    0.01    0.02    4.42 v _2656_/ZN (NAND2_X1)
                                         _2076_ (net)
                  0.01    0.00    4.42 v _2657_/S (MUX2_X1)
     2    5.66    0.02    0.06    4.48 ^ _2657_/Z (MUX2_X1)
                                         _2077_ (net)
                  0.02    0.00    4.48 ^ _2675_/S (MUX2_X2)
     3   17.51    0.02    0.09    4.57 v _2675_/Z (MUX2_X2)
                                         _2095_ (net)
                  0.02    0.00    4.57 v _2678_/A2 (NOR3_X4)
     6   28.16    0.06    0.09    4.66 ^ _2678_/ZN (NOR3_X4)
                                         _2098_ (net)
                  0.06    0.00    4.66 ^ max_cap470/A (BUF_X8)
     3   59.54    0.01    0.04    4.70 ^ max_cap470/Z (BUF_X8)
                                         net470 (net)
                  0.05    0.04    4.74 ^ wire469/A (BUF_X8)
     2   45.09    0.01    0.03    4.78 ^ wire469/Z (BUF_X8)
                                         net469 (net)
                  0.04    0.03    4.81 ^ _2760_/B2 (OAI33_X1)
     1    4.06    0.02    0.04    4.85 v _2760_/ZN (OAI33_X1)
                                         _2177_ (net)
                  0.02    0.00    4.85 v wire456/A (BUF_X2)
     1   11.51    0.01    0.04    4.89 v wire456/Z (BUF_X2)
                                         net456 (net)
                  0.01    0.00    4.89 v wire455/A (BUF_X2)
     1   11.19    0.01    0.03    4.92 v wire455/Z (BUF_X2)
                                         net455 (net)
                  0.01    0.00    4.92 v wire454/A (BUF_X4)
     1   10.17    0.01    0.03    4.95 v wire454/Z (BUF_X4)
                                         net454 (net)
                  0.01    0.00    4.95 v wire453/A (BUF_X4)
     1   10.67    0.01    0.02    4.97 v wire453/Z (BUF_X4)
                                         net453 (net)
                  0.01    0.00    4.98 v wire452/A (BUF_X4)
     1   10.97    0.01    0.02    5.00 v wire452/Z (BUF_X4)
                                         net452 (net)
                  0.01    0.00    5.00 v wire451/A (BUF_X4)
     1   10.66    0.01    0.02    5.03 v wire451/Z (BUF_X4)
                                         net451 (net)
                  0.01    0.00    5.03 v wire450/A (BUF_X4)
     1   11.07    0.01    0.02    5.05 v wire450/Z (BUF_X4)
                                         net450 (net)
                  0.01    0.00    5.06 v wire449/A (BUF_X4)
     1   10.62    0.01    0.02    5.08 v wire449/Z (BUF_X4)
                                         net449 (net)
                  0.01    0.00    5.08 v wire448/A (BUF_X4)
     1   10.38    0.01    0.02    5.11 v wire448/Z (BUF_X4)
                                         net448 (net)
                  0.01    0.00    5.11 v wire447/A (BUF_X4)
     1   10.53    0.01    0.02    5.13 v wire447/Z (BUF_X4)
                                         net447 (net)
                  0.01    0.00    5.14 v wire446/A (BUF_X4)
     3   11.40    0.01    0.02    5.16 v wire446/Z (BUF_X4)
                                         net446 (net)
                  0.01    0.00    5.16 v _2763_/A (AOI21_X2)
     1    6.89    0.03    0.05    5.21 ^ _2763_/ZN (AOI21_X2)
                                         _2180_ (net)
                  0.03    0.00    5.21 ^ _2767_/B (OAI211_X4)
     2   52.46    0.04    0.06    5.27 v _2767_/ZN (OAI211_X4)
                                         _2184_ (net)
                  0.06    0.04    5.30 v wire436/A (BUF_X8)
     1   48.02    0.01    0.05    5.35 v wire436/Z (BUF_X8)
                                         net436 (net)
                  0.04    0.03    5.38 v wire435/A (BUF_X16)
     3   59.77    0.01    0.04    5.42 v wire435/Z (BUF_X16)
                                         net435 (net)
                  0.06    0.05    5.47 v _2846_/A2 (NOR3_X1)
     1    3.24    0.05    0.08    5.55 ^ _2846_/ZN (NOR3_X1)
                                         _2260_ (net)
                  0.05    0.00    5.55 ^ _2848_/B2 (AOI221_X2)
     2    9.16    0.04    0.04    5.59 v _2848_/ZN (AOI221_X2)
                                         _2262_ (net)
                  0.04    0.00    5.59 v _2849_/B (XNOR2_X2)
     2    7.67    0.02    0.05    5.64 v _2849_/ZN (XNOR2_X2)
                                         _2263_ (net)
                  0.02    0.00    5.64 v _2850_/A (INV_X4)
     3   42.94    0.02    0.03    5.68 ^ _2850_/ZN (INV_X4)
                                         net378 (net)
                  0.02    0.00    5.68 ^ _2851_/S (MUX2_X2)
     4   48.26    0.03    0.10    5.78 v _2851_/Z (MUX2_X2)
                                         _2264_ (net)
                  0.05    0.04    5.82 v _2852_/B (XNOR2_X2)
     2    7.06    0.02    0.06    5.88 v _2852_/ZN (XNOR2_X2)
                                         _2265_ (net)
                  0.02    0.00    5.88 v _2873_/B1 (AOI221_X2)
     3    5.33    0.06    0.08    5.96 ^ _2873_/ZN (AOI221_X2)
                                         _0012_ (net)
                  0.06    0.00    5.96 ^ _4490_/B1 (AOI221_X1)
     1    1.55    0.04    0.03    5.99 v _4490_/ZN (AOI221_X1)
                                         _1543_ (net)
                  0.04    0.00    5.99 v _4492_/A2 (NOR3_X1)
     2    3.72    0.04    0.07    6.07 ^ _4492_/ZN (NOR3_X1)
                                         _1545_ (net)
                  0.04    0.00    6.07 ^ _4642_/A (OAI21_X1)
     1    2.73    0.01    0.03    6.10 v _4642_/ZN (OAI21_X1)
                                         _1682_ (net)
                  0.01    0.00    6.10 v _4643_/B (XOR2_X1)
     1    1.56    0.01    0.06    6.15 v _4643_/Z (XOR2_X1)
                                         _1683_ (net)
                  0.01    0.00    6.15 v _4644_/B1 (OAI221_X1)
     1    2.86    0.05    0.05    6.21 ^ _4644_/ZN (OAI221_X1)
                                         _1684_ (net)
                  0.05    0.00    6.21 ^ _4645_/B (XNOR2_X1)
     1    2.00    0.03    0.05    6.25 ^ _4645_/ZN (XNOR2_X1)
                                         net313 (net)
                  0.03    0.00    6.25 ^ output313/A (BUF_X1)
     1    0.48    0.01    0.02    6.28 ^ output313/Z (BUF_X1)
                                         result[125] (net)
                  0.01    0.00    6.28 ^ result[125] (out)
                                  6.28   data arrival time

                  0.00   15.00   15.00   clock clk (rise edge)
                          0.00   15.00   clock network delay (ideal)
                          0.00   15.00   clock reconvergence pessimism
                         -3.00   12.00   output external delay
                                 12.00   data required time
-----------------------------------------------------------------------------
                                 12.00   data required time
                                 -6.28   data arrival time
-----------------------------------------------------------------------------
                                  5.72   slack (MET)



==========================================================================
cts final report_checks -unconstrained
--------------------------------------------------------------------------
Startpoint: is_mask (input port clocked by clk)
Endpoint: result[125] (output port clocked by clk)
Path Group: clk
Path Type: max

Fanout     Cap    Slew   Delay    Time   Description
-----------------------------------------------------------------------------
                  0.00    0.00    0.00   clock clk (rise edge)
                          0.00    0.00   clock network delay (ideal)
                          3.00    3.00 v input external delay
     1   11.65    0.00    0.00    3.00 v is_mask (in)
                                         is_mask (net)
                  0.00    0.00    3.00 v input5/A (BUF_X16)
     1   12.42    0.00    0.02    3.02 v input5/Z (BUF_X16)
                                         net5 (net)
                  0.00    0.00    3.02 v wire901/A (BUF_X16)
     9   93.76    0.01    0.02    3.04 v wire901/Z (BUF_X16)
                                         net901 (net)
                  0.08    0.07    3.11 v wire900/A (BUF_X16)
     2   67.33    0.01    0.05    3.16 v wire900/Z (BUF_X16)
                                         net900 (net)
                  0.07    0.06    3.22 v wire899/A (BUF_X8)
     3   64.77    0.01    0.05    3.27 v wire899/Z (BUF_X8)
                                         net899 (net)
                  0.07    0.06    3.33 v wire898/A (BUF_X8)
     4   65.69    0.01    0.05    3.38 v wire898/Z (BUF_X8)
                                         net898 (net)
                  0.06    0.05    3.43 v wire897/A (BUF_X8)
     1   41.93    0.01    0.05    3.48 v wire897/Z (BUF_X8)
                                         net897 (net)
                  0.03    0.03    3.50 v wire896/A (BUF_X16)
     1   78.39    0.01    0.04    3.54 v wire896/Z (BUF_X16)
                                         net896 (net)
                  0.10    0.08    3.62 v wire895/A (BUF_X32)
    25  170.28    0.01    0.05    3.67 v wire895/Z (BUF_X32)
                                         net895 (net)
                  0.24    0.20    3.87 v _2645_/B1 (OAI21_X2)
     2    9.64    0.07    0.12    3.99 ^ _2645_/ZN (OAI21_X2)
                                         _2065_ (net)
                  0.07    0.00    3.99 ^ _2655_/B (XOR2_X2)
     2   40.31    0.10    0.14    4.13 ^ _2655_/Z (XOR2_X2)
                                         _2075_ (net)
                  0.10    0.03    4.16 ^ wire568/A (BUF_X8)
     1   40.70    0.01    0.03    4.19 ^ wire568/Z (BUF_X8)
                                         net568 (net)
                  0.03    0.02    4.22 ^ wire567/A (BUF_X16)
     1   48.95    0.01    0.03    4.24 ^ wire567/Z (BUF_X16)
                                         net567 (net)
                  0.04    0.03    4.28 ^ wire566/A (BUF_X16)
     1   48.26    0.01    0.03    4.31 ^ wire566/Z (BUF_X16)
                                         net566 (net)
                  0.04    0.03    4.34 ^ wire565/A (BUF_X16)
     4   48.02    0.01    0.03    4.37 ^ wire565/Z (BUF_X16)
                                         net565 (net)
                  0.04    0.03    4.40 ^ _2656_/A2 (NAND2_X1)
     1    2.21    0.01    0.02    4.42 v _2656_/ZN (NAND2_X1)
                                         _2076_ (net)
                  0.01    0.00    4.42 v _2657_/S (MUX2_X1)
     2    5.66    0.02    0.06    4.48 ^ _2657_/Z (MUX2_X1)
                                         _2077_ (net)
                  0.02    0.00    4.48 ^ _2675_/S (MUX2_X2)
     3   17.51    0.02    0.09    4.57 v _2675_/Z (MUX2_X2)
                                         _2095_ (net)
                  0.02    0.00    4.57 v _2678_/A2 (NOR3_X4)
     6   28.16    0.06    0.09    4.66 ^ _2678_/ZN (NOR3_X4)
                                         _2098_ (net)
                  0.06    0.00    4.66 ^ max_cap470/A (BUF_X8)
     3   59.54    0.01    0.04    4.70 ^ max_cap470/Z (BUF_X8)
                                         net470 (net)
                  0.05    0.04    4.74 ^ wire469/A (BUF_X8)
     2   45.09    0.01    0.03    4.78 ^ wire469/Z (BUF_X8)
                                         net469 (net)
                  0.04    0.03    4.81 ^ _2760_/B2 (OAI33_X1)
     1    4.06    0.02    0.04    4.85 v _2760_/ZN (OAI33_X1)
                                         _2177_ (net)
                  0.02    0.00    4.85 v wire456/A (BUF_X2)
     1   11.51    0.01    0.04    4.89 v wire456/Z (BUF_X2)
                                         net456 (net)
                  0.01    0.00    4.89 v wire455/A (BUF_X2)
     1   11.19    0.01    0.03    4.92 v wire455/Z (BUF_X2)
                                         net455 (net)
                  0.01    0.00    4.92 v wire454/A (BUF_X4)
     1   10.17    0.01    0.03    4.95 v wire454/Z (BUF_X4)
                                         net454 (net)
                  0.01    0.00    4.95 v wire453/A (BUF_X4)
     1   10.67    0.01    0.02    4.97 v wire453/Z (BUF_X4)
                                         net453 (net)
                  0.01    0.00    4.98 v wire452/A (BUF_X4)
     1   10.97    0.01    0.02    5.00 v wire452/Z (BUF_X4)
                                         net452 (net)
                  0.01    0.00    5.00 v wire451/A (BUF_X4)
     1   10.66    0.01    0.02    5.03 v wire451/Z (BUF_X4)
                                         net451 (net)
                  0.01    0.00    5.03 v wire450/A (BUF_X4)
     1   11.07    0.01    0.02    5.05 v wire450/Z (BUF_X4)
                                         net450 (net)
                  0.01    0.00    5.06 v wire449/A (BUF_X4)
     1   10.62    0.01    0.02    5.08 v wire449/Z (BUF_X4)
                                         net449 (net)
                  0.01    0.00    5.08 v wire448/A (BUF_X4)
     1   10.38    0.01    0.02    5.11 v wire448/Z (BUF_X4)
                                         net448 (net)
                  0.01    0.00    5.11 v wire447/A (BUF_X4)
     1   10.53    0.01    0.02    5.13 v wire447/Z (BUF_X4)
                                         net447 (net)
                  0.01    0.00    5.14 v wire446/A (BUF_X4)
     3   11.40    0.01    0.02    5.16 v wire446/Z (BUF_X4)
                                         net446 (net)
                  0.01    0.00    5.16 v _2763_/A (AOI21_X2)
     1    6.89    0.03    0.05    5.21 ^ _2763_/ZN (AOI21_X2)
                                         _2180_ (net)
                  0.03    0.00    5.21 ^ _2767_/B (OAI211_X4)
     2   52.46    0.04    0.06    5.27 v _2767_/ZN (OAI211_X4)
                                         _2184_ (net)
                  0.06    0.04    5.30 v wire436/A (BUF_X8)
     1   48.02    0.01    0.05    5.35 v wire436/Z (BUF_X8)
                                         net436 (net)
                  0.04    0.03    5.38 v wire435/A (BUF_X16)
     3   59.77    0.01    0.04    5.42 v wire435/Z (BUF_X16)
                                         net435 (net)
                  0.06    0.05    5.47 v _2846_/A2 (NOR3_X1)
     1    3.24    0.05    0.08    5.55 ^ _2846_/ZN (NOR3_X1)
                                         _2260_ (net)
                  0.05    0.00    5.55 ^ _2848_/B2 (AOI221_X2)
     2    9.16    0.04    0.04    5.59 v _2848_/ZN (AOI221_X2)
                                         _2262_ (net)
                  0.04    0.00    5.59 v _2849_/B (XNOR2_X2)
     2    7.67    0.02    0.05    5.64 v _2849_/ZN (XNOR2_X2)
                                         _2263_ (net)
                  0.02    0.00    5.64 v _2850_/A (INV_X4)
     3   42.94    0.02    0.03    5.68 ^ _2850_/ZN (INV_X4)
                                         net378 (net)
                  0.02    0.00    5.68 ^ _2851_/S (MUX2_X2)
     4   48.26    0.03    0.10    5.78 v _2851_/Z (MUX2_X2)
                                         _2264_ (net)
                  0.05    0.04    5.82 v _2852_/B (XNOR2_X2)
     2    7.06    0.02    0.06    5.88 v _2852_/ZN (XNOR2_X2)
                                         _2265_ (net)
                  0.02    0.00    5.88 v _2873_/B1 (AOI221_X2)
     3    5.33    0.06    0.08    5.96 ^ _2873_/ZN (AOI221_X2)
                                         _0012_ (net)
                  0.06    0.00    5.96 ^ _4490_/B1 (AOI221_X1)
     1    1.55    0.04    0.03    5.99 v _4490_/ZN (AOI221_X1)
                                         _1543_ (net)
                  0.04    0.00    5.99 v _4492_/A2 (NOR3_X1)
     2    3.72    0.04    0.07    6.07 ^ _4492_/ZN (NOR3_X1)
                                         _1545_ (net)
                  0.04    0.00    6.07 ^ _4642_/A (OAI21_X1)
     1    2.73    0.01    0.03    6.10 v _4642_/ZN (OAI21_X1)
                                         _1682_ (net)
                  0.01    0.00    6.10 v _4643_/B (XOR2_X1)
     1    1.56    0.01    0.06    6.15 v _4643_/Z (XOR2_X1)
                                         _1683_ (net)
                  0.01    0.00    6.15 v _4644_/B1 (OAI221_X1)
     1    2.86    0.05    0.05    6.21 ^ _4644_/ZN (OAI221_X1)
                                         _1684_ (net)
                  0.05    0.00    6.21 ^ _4645_/B (XNOR2_X1)
     1    2.00    0.03    0.05    6.25 ^ _4645_/ZN (XNOR2_X1)
                                         net313 (net)
                  0.03    0.00    6.25 ^ output313/A (BUF_X1)
     1    0.48    0.01    0.02    6.28 ^ output313/Z (BUF_X1)
                                         result[125] (net)
                  0.01    0.00    6.28 ^ result[125] (out)
                                  6.28   data arrival time

                  0.00   15.00   15.00   clock clk (rise edge)
                          0.00   15.00   clock network delay (ideal)
                          0.00   15.00   clock reconvergence pessimism
                         -3.00   12.00   output external delay
                                 12.00   data required time
-----------------------------------------------------------------------------
                                 12.00   data required time
                                 -6.28   data arrival time
-----------------------------------------------------------------------------
                                  5.72   slack (MET)



==========================================================================
cts final report_check_types -max_slew -max_cap -max_fanout -violators
--------------------------------------------------------------------------

==========================================================================
cts final max_slew_check_slack
--------------------------------------------------------------------------
0.07691577821969986

==========================================================================
cts final max_slew_check_limit
--------------------------------------------------------------------------
0.1985349953174591

==========================================================================
cts final max_slew_check_slack_limit
--------------------------------------------------------------------------
0.3874

==========================================================================
cts final max_fanout_check_slack
--------------------------------------------------------------------------
1.0000000150474662e+30

==========================================================================
cts final max_fanout_check_limit
--------------------------------------------------------------------------
1.0000000150474662e+30

==========================================================================
cts final max_capacitance_check_slack
--------------------------------------------------------------------------
1.4119048118591309

==========================================================================
cts final max_capacitance_check_limit
--------------------------------------------------------------------------
11.482199668884277

==========================================================================
cts final max_capacitance_check_slack_limit
--------------------------------------------------------------------------
0.1230

==========================================================================
cts final max_slew_violation_count
--------------------------------------------------------------------------
max slew violation count 0

==========================================================================
cts final max_fanout_violation_count
--------------------------------------------------------------------------
max fanout violation count 0

==========================================================================
cts final max_cap_violation_count
--------------------------------------------------------------------------
max cap violation count 0

==========================================================================
cts final setup_violation_count
--------------------------------------------------------------------------
setup violation count 0

==========================================================================
cts final hold_violation_count
--------------------------------------------------------------------------
hold violation count 0

==========================================================================
cts final critical path delay
--------------------------------------------------------------------------
6.2780

==========================================================================
cts final critical path slack
--------------------------------------------------------------------------
5.7220

==========================================================================
cts final slack div critical path delay
--------------------------------------------------------------------------
91.143676

==========================================================================
cts final report_power
--------------------------------------------------------------------------
Group                  Internal  Switching    Leakage      Total
                          Power      Power      Power      Power (Watts)
----------------------------------------------------------------
Sequential             0.00e+00   0.00e+00   0.00e+00   0.00e+00   0.0%
Combinational          4.85e-04   4.07e-04   4.95e-04   1.39e-03 100.0%
Clock                  0.00e+00   0.00e+00   0.00e+00   0.00e+00   0.0%
Macro                  0.00e+00   0.00e+00   0.00e+00   0.00e+00   0.0%
Pad                    0.00e+00   0.00e+00   0.00e+00   0.00e+00   0.0%
----------------------------------------------------------------
Total                  4.85e-04   4.07e-04   4.95e-04   1.39e-03 100.0%
                          35.0%      29.3%      35.7%
