
==========================================================================
global route report_tns
--------------------------------------------------------------------------
tns 0.00

==========================================================================
global route report_wns
--------------------------------------------------------------------------
wns 0.00

==========================================================================
global route report_worst_slack
--------------------------------------------------------------------------
worst slack 5.76

==========================================================================
global route report_clock_skew
--------------------------------------------------------------------------
Clock clk
No launch/capture paths found.


==========================================================================
global route report_checks -path_delay min
--------------------------------------------------------------------------
Startpoint: srcb[155] (input port clocked by clk)
Endpoint: result[123] (output port clocked by clk)
Path Group: clk
Path Type: min

Fanout     Cap    Slew   Delay    Time   Description
-----------------------------------------------------------------------------
                  0.00    0.00    0.00   clock clk (rise edge)
                          0.00    0.00   clock network delay (ideal)
                          3.00    3.00 v input external delay
     1    2.67    0.00    0.00    3.00 v srcb[155] (in)
                                         srcb[155] (net)
                  0.00    0.00    3.00 v input202/A (BUF_X1)
     1    1.87    0.01    0.02    3.02 v input202/Z (BUF_X1)
                                         net202 (net)
                  0.01    0.00    3.02 v _4601_/A1 (NAND2_X1)
     1    2.64    0.01    0.02    3.04 ^ _4601_/ZN (NAND2_X1)
                                         _1646_ (net)
                  0.01    0.00    3.04 ^ _4617_/A (XNOR2_X1)
     1    1.10    0.01    0.01    3.05 v _4617_/ZN (XNOR2_X1)
                                         net311 (net)
                  0.01    0.00    3.05 v output311/A (BUF_X1)
     1    1.89    0.01    0.03    3.08 v output311/Z (BUF_X1)
                                         result[123] (net)
                  0.01    0.00    3.08 v result[123] (out)
                                  3.08   data arrival time

                  0.00    0.00    0.00   clock clk (rise edge)
                          0.00    0.00   clock network delay (ideal)
                          0.00    0.00   clock reconvergence pessimism
                         -3.00   -3.00   output external delay
                                 -3.00   data required time
-----------------------------------------------------------------------------
                                 -3.00   data required time
                                 -3.08   data arrival time
-----------------------------------------------------------------------------
                                  6.08   slack (MET)



==========================================================================
global route report_checks -path_delay max
--------------------------------------------------------------------------
Startpoint: is_mask (input port clocked by clk)
Endpoint: result[125] (output port clocked by clk)
Path Group: clk
Path Type: max

Fanout     Cap    Slew   Delay    Time   Description
-----------------------------------------------------------------------------
                  0.00    0.00    0.00   clock clk (rise edge)
                          0.00    0.00   clock network delay (ideal)
                          3.00    3.00 v input external delay
     1   11.83    0.00    0.00    3.00 v is_mask (in)
                                         is_mask (net)
                  0.00    0.00    3.00 v input5/A (BUF_X16)
     1   12.18    0.00    0.02    3.02 v input5/Z (BUF_X16)
                                         net5 (net)
                  0.00    0.00    3.02 v wire901/A (BUF_X16)
     9   95.74    0.01    0.02    3.05 v wire901/Z (BUF_X16)
                                         net901 (net)
                  0.07    0.06    3.10 v wire900/A (BUF_X16)
     2   67.51    0.01    0.05    3.15 v wire900/Z (BUF_X16)
                                         net900 (net)
                  0.07    0.06    3.21 v wire899/A (BUF_X8)
     3   62.99    0.01    0.05    3.26 v wire899/Z (BUF_X8)
                                         net899 (net)
                  0.07    0.06    3.32 v wire898/A (BUF_X8)
     4   56.36    0.01    0.05    3.37 v wire898/Z (BUF_X8)
                                         net898 (net)
                  0.05    0.04    3.41 v wire897/A (BUF_X8)
     1   34.92    0.01    0.04    3.45 v wire897/Z (BUF_X8)
                                         net897 (net)
                  0.03    0.02    3.48 v wire896/A (BUF_X16)
     1   66.69    0.01    0.03    3.51 v wire896/Z (BUF_X16)
                                         net896 (net)
                  0.09    0.07    3.58 v wire895/A (BUF_X32)
    25  163.45    0.01    0.05    3.63 v wire895/Z (BUF_X32)
                                         net895 (net)
                  0.25    0.20    3.84 v _2645_/B1 (OAI21_X2)
     2    9.82    0.07    0.12    3.96 ^ _2645_/ZN (OAI21_X2)
                                         _2065_ (net)
                  0.07    0.00    3.96 ^ _2655_/B (XOR2_X2)
     2   46.31    0.12    0.16    4.12 ^ _2655_/Z (XOR2_X2)
                                         _2075_ (net)
                  0.12    0.02    4.13 ^ wire568/A (BUF_X8)
     1   34.76    0.01    0.03    4.17 ^ wire568/Z (BUF_X8)
                                         net568 (net)
                  0.03    0.02    4.19 ^ wire567/A (BUF_X16)
     1   41.35    0.01    0.03    4.22 ^ wire567/Z (BUF_X16)
                                         net567 (net)
                  0.04    0.03    4.25 ^ wire566/A (BUF_X16)
     1   40.53    0.01    0.03    4.27 ^ wire566/Z (BUF_X16)
                                         net566 (net)
                  0.04    0.03    4.30 ^ wire565/A (BUF_X16)
     4   40.51    0.01    0.03    4.33 ^ wire565/Z (BUF_X16)
                                         net565 (net)
                  0.04    0.03    4.36 ^ _2656_/A2 (NAND2_X1)
     1    2.23    0.01    0.02    4.38 v _2656_/ZN (NAND2_X1)
                                         _2076_ (net)
                  0.01    0.00    4.38 v _2657_/S (MUX2_X1)
     2    5.96    0.02    0.06    4.44 ^ _2657_/Z (MUX2_X1)
                                         _2077_ (net)
                  0.02    0.00    4.44 ^ _2675_/S (MUX2_X2)
     3   17.47    0.02    0.09    4.53 v _2675_/Z (MUX2_X2)
                                         _2095_ (net)
                  0.02    0.00    4.53 v _2678_/A2 (NOR3_X4)
     6   28.28    0.06    0.09    4.62 ^ _2678_/ZN (NOR3_X4)
                                         _2098_ (net)
                  0.06    0.00    4.62 ^ max_cap470/A (BUF_X8)
     3   58.09    0.01    0.04    4.66 ^ max_cap470/Z (BUF_X8)
                                         net470 (net)
                  0.05    0.04    4.70 ^ wire469/A (BUF_X8)
     2   43.82    0.01    0.03    4.73 ^ wire469/Z (BUF_X8)
                                         net469 (net)
                  0.04    0.03    4.76 ^ _2760_/B2 (OAI33_X1)
     1    4.10    0.02    0.04    4.80 v _2760_/ZN (OAI33_X1)
                                         _2177_ (net)
                  0.02    0.00    4.80 v wire456/A (BUF_X2)
     1   11.38    0.01    0.04    4.84 v wire456/Z (BUF_X2)
                                         net456 (net)
                  0.01    0.00    4.84 v wire455/A (BUF_X2)
     1   10.96    0.01    0.03    4.87 v wire455/Z (BUF_X2)
                                         net455 (net)
                  0.01    0.00    4.88 v wire454/A (BUF_X4)
     1   10.06    0.01    0.03    4.90 v wire454/Z (BUF_X4)
                                         net454 (net)
                  0.01    0.00    4.90 v wire453/A (BUF_X4)
     1   10.51    0.01    0.02    4.93 v wire453/Z (BUF_X4)
                                         net453 (net)
                  0.01    0.00    4.93 v wire452/A (BUF_X4)
     1   10.65    0.01    0.02    4.96 v wire452/Z (BUF_X4)
                                         net452 (net)
                  0.01    0.00    4.96 v wire451/A (BUF_X4)
     1   10.56    0.01    0.02    4.98 v wire451/Z (BUF_X4)
                                         net451 (net)
                  0.01    0.00    4.98 v wire450/A (BUF_X4)
     1   10.86    0.01    0.02    5.01 v wire450/Z (BUF_X4)
                                         net450 (net)
                  0.01    0.00    5.01 v wire449/A (BUF_X4)
     1   10.52    0.01    0.02    5.04 v wire449/Z (BUF_X4)
                                         net449 (net)
                  0.01    0.00    5.04 v wire448/A (BUF_X4)
     1   10.27    0.01    0.02    5.06 v wire448/Z (BUF_X4)
                                         net448 (net)
                  0.01    0.00    5.07 v wire447/A (BUF_X4)
     1   10.53    0.01    0.02    5.09 v wire447/Z (BUF_X4)
                                         net447 (net)
                  0.01    0.00    5.09 v wire446/A (BUF_X4)
     3   11.54    0.01    0.02    5.12 v wire446/Z (BUF_X4)
                                         net446 (net)
                  0.01    0.00    5.12 v _2763_/A (AOI21_X2)
     1    6.83    0.03    0.05    5.17 ^ _2763_/ZN (AOI21_X2)
                                         _2180_ (net)
                  0.03    0.00    5.17 ^ _2767_/B (OAI211_X4)
     2   51.56    0.04    0.05    5.22 v _2767_/ZN (OAI211_X4)
                                         _2184_ (net)
                  0.06    0.04    5.26 v wire436/A (BUF_X8)
     1   47.04    0.01    0.05    5.30 v wire436/Z (BUF_X8)
                                         net436 (net)
                  0.04    0.03    5.34 v wire435/A (BUF_X16)
     3   58.56    0.01    0.04    5.38 v wire435/Z (BUF_X16)
                                         net435 (net)
                  0.06    0.05    5.43 v _2846_/A2 (NOR3_X1)
     1    3.28    0.04    0.08    5.50 ^ _2846_/ZN (NOR3_X1)
                                         _2260_ (net)
                  0.04    0.00    5.50 ^ _2848_/B2 (AOI221_X2)
     2    9.26    0.04    0.04    5.54 v _2848_/ZN (AOI221_X2)
                                         _2262_ (net)
                  0.04    0.00    5.54 v _2849_/B (XNOR2_X2)
     2    7.88    0.02    0.05    5.60 v _2849_/ZN (XNOR2_X2)
                                         _2263_ (net)
                  0.02    0.00    5.60 v _2850_/A (INV_X4)
     3   42.78    0.02    0.03    5.63 ^ _2850_/ZN (INV_X4)
                                         net378 (net)
                  0.02    0.00    5.63 ^ _2851_/S (MUX2_X2)
     4   48.23    0.02    0.10    5.73 v _2851_/Z (MUX2_X2)
                                         _2264_ (net)
                  0.05    0.04    5.77 v _2852_/B (XNOR2_X2)
     2    7.14    0.02    0.06    5.83 v _2852_/ZN (XNOR2_X2)
                                         _2265_ (net)
                  0.02    0.00    5.83 v _2873_/B1 (AOI221_X2)
     3    5.56    0.06    0.08    5.91 ^ _2873_/ZN (AOI221_X2)
                                         _0012_ (net)
                  0.06    0.00    5.91 ^ _4490_/B1 (AOI221_X1)
     1    1.84    0.05    0.04    5.95 v _4490_/ZN (AOI221_X1)
                                         _1543_ (net)
                  0.05    0.00    5.95 v _4492_/A2 (NOR3_X1)
     2    3.99    0.04    0.08    6.03 ^ _4492_/ZN (NOR3_X1)
                                         _1545_ (net)
                  0.04    0.00    6.03 ^ _4642_/A (OAI21_X1)
     1    2.79    0.01    0.03    6.05 v _4642_/ZN (OAI21_X1)
                                         _1682_ (net)
                  0.01    0.00    6.05 v _4643_/B (XOR2_X1)
     1    1.68    0.01    0.06    6.11 v _4643_/Z (XOR2_X1)
                                         _1683_ (net)
                  0.01    0.00    6.11 v _4644_/B1 (OAI221_X1)
     1    2.84    0.05    0.05    6.16 ^ _4644_/ZN (OAI221_X1)
                                         _1684_ (net)
                  0.05    0.00    6.16 ^ _4645_/B (XNOR2_X1)
     1    1.90    0.03    0.05    6.21 ^ _4645_/ZN (XNOR2_X1)
                                         net313 (net)
                  0.03    0.00    6.21 ^ output313/A (BUF_X1)
     1    0.67    0.01    0.02    6.24 ^ output313/Z (BUF_X1)
                                         result[125] (net)
                  0.01    0.00    6.24 ^ result[125] (out)
                                  6.24   data arrival time

                  0.00   15.00   15.00   clock clk (rise edge)
                          0.00   15.00   clock network delay (ideal)
                          0.00   15.00   clock reconvergence pessimism
                         -3.00   12.00   output external delay
                                 12.00   data required time
-----------------------------------------------------------------------------
                                 12.00   data required time
                                 -6.24   data arrival time
-----------------------------------------------------------------------------
                                  5.76   slack (MET)



==========================================================================
global route report_checks -unconstrained
--------------------------------------------------------------------------
Startpoint: is_mask (input port clocked by clk)
Endpoint: result[125] (output port clocked by clk)
Path Group: clk
Path Type: max

Fanout     Cap    Slew   Delay    Time   Description
-----------------------------------------------------------------------------
                  0.00    0.00    0.00   clock clk (rise edge)
                          0.00    0.00   clock network delay (ideal)
                          3.00    3.00 v input external delay
     1   11.83    0.00    0.00    3.00 v is_mask (in)
                                         is_mask (net)
                  0.00    0.00    3.00 v input5/A (BUF_X16)
     1   12.18    0.00    0.02    3.02 v input5/Z (BUF_X16)
                                         net5 (net)
                  0.00    0.00    3.02 v wire901/A (BUF_X16)
     9   95.74    0.01    0.02    3.05 v wire901/Z (BUF_X16)
                                         net901 (net)
                  0.07    0.06    3.10 v wire900/A (BUF_X16)
     2   67.51    0.01    0.05    3.15 v wire900/Z (BUF_X16)
                                         net900 (net)
                  0.07    0.06    3.21 v wire899/A (BUF_X8)
     3   62.99    0.01    0.05    3.26 v wire899/Z (BUF_X8)
                                         net899 (net)
                  0.07    0.06    3.32 v wire898/A (BUF_X8)
     4   56.36    0.01    0.05    3.37 v wire898/Z (BUF_X8)
                                         net898 (net)
                  0.05    0.04    3.41 v wire897/A (BUF_X8)
     1   34.92    0.01    0.04    3.45 v wire897/Z (BUF_X8)
                                         net897 (net)
                  0.03    0.02    3.48 v wire896/A (BUF_X16)
     1   66.69    0.01    0.03    3.51 v wire896/Z (BUF_X16)
                                         net896 (net)
                  0.09    0.07    3.58 v wire895/A (BUF_X32)
    25  163.45    0.01    0.05    3.63 v wire895/Z (BUF_X32)
                                         net895 (net)
                  0.25    0.20    3.84 v _2645_/B1 (OAI21_X2)
     2    9.82    0.07    0.12    3.96 ^ _2645_/ZN (OAI21_X2)
                                         _2065_ (net)
                  0.07    0.00    3.96 ^ _2655_/B (XOR2_X2)
     2   46.31    0.12    0.16    4.12 ^ _2655_/Z (XOR2_X2)
                                         _2075_ (net)
                  0.12    0.02    4.13 ^ wire568/A (BUF_X8)
     1   34.76    0.01    0.03    4.17 ^ wire568/Z (BUF_X8)
                                         net568 (net)
                  0.03    0.02    4.19 ^ wire567/A (BUF_X16)
     1   41.35    0.01    0.03    4.22 ^ wire567/Z (BUF_X16)
                                         net567 (net)
                  0.04    0.03    4.25 ^ wire566/A (BUF_X16)
     1   40.53    0.01    0.03    4.27 ^ wire566/Z (BUF_X16)
                                         net566 (net)
                  0.04    0.03    4.30 ^ wire565/A (BUF_X16)
     4   40.51    0.01    0.03    4.33 ^ wire565/Z (BUF_X16)
                                         net565 (net)
                  0.04    0.03    4.36 ^ _2656_/A2 (NAND2_X1)
     1    2.23    0.01    0.02    4.38 v _2656_/ZN (NAND2_X1)
                                         _2076_ (net)
                  0.01    0.00    4.38 v _2657_/S (MUX2_X1)
     2    5.96    0.02    0.06    4.44 ^ _2657_/Z (MUX2_X1)
                                         _2077_ (net)
                  0.02    0.00    4.44 ^ _2675_/S (MUX2_X2)
     3   17.47    0.02    0.09    4.53 v _2675_/Z (MUX2_X2)
                                         _2095_ (net)
                  0.02    0.00    4.53 v _2678_/A2 (NOR3_X4)
     6   28.28    0.06    0.09    4.62 ^ _2678_/ZN (NOR3_X4)
                                         _2098_ (net)
                  0.06    0.00    4.62 ^ max_cap470/A (BUF_X8)
     3   58.09    0.01    0.04    4.66 ^ max_cap470/Z (BUF_X8)
                                         net470 (net)
                  0.05    0.04    4.70 ^ wire469/A (BUF_X8)
     2   43.82    0.01    0.03    4.73 ^ wire469/Z (BUF_X8)
                                         net469 (net)
                  0.04    0.03    4.76 ^ _2760_/B2 (OAI33_X1)
     1    4.10    0.02    0.04    4.80 v _2760_/ZN (OAI33_X1)
                                         _2177_ (net)
                  0.02    0.00    4.80 v wire456/A (BUF_X2)
     1   11.38    0.01    0.04    4.84 v wire456/Z (BUF_X2)
                                         net456 (net)
                  0.01    0.00    4.84 v wire455/A (BUF_X2)
     1   10.96    0.01    0.03    4.87 v wire455/Z (BUF_X2)
                                         net455 (net)
                  0.01    0.00    4.88 v wire454/A (BUF_X4)
     1   10.06    0.01    0.03    4.90 v wire454/Z (BUF_X4)
                                         net454 (net)
                  0.01    0.00    4.90 v wire453/A (BUF_X4)
     1   10.51    0.01    0.02    4.93 v wire453/Z (BUF_X4)
                                         net453 (net)
                  0.01    0.00    4.93 v wire452/A (BUF_X4)
     1   10.65    0.01    0.02    4.96 v wire452/Z (BUF_X4)
                                         net452 (net)
                  0.01    0.00    4.96 v wire451/A (BUF_X4)
     1   10.56    0.01    0.02    4.98 v wire451/Z (BUF_X4)
                                         net451 (net)
                  0.01    0.00    4.98 v wire450/A (BUF_X4)
     1   10.86    0.01    0.02    5.01 v wire450/Z (BUF_X4)
                                         net450 (net)
                  0.01    0.00    5.01 v wire449/A (BUF_X4)
     1   10.52    0.01    0.02    5.04 v wire449/Z (BUF_X4)
                                         net449 (net)
                  0.01    0.00    5.04 v wire448/A (BUF_X4)
     1   10.27    0.01    0.02    5.06 v wire448/Z (BUF_X4)
                                         net448 (net)
                  0.01    0.00    5.07 v wire447/A (BUF_X4)
     1   10.53    0.01    0.02    5.09 v wire447/Z (BUF_X4)
                                         net447 (net)
                  0.01    0.00    5.09 v wire446/A (BUF_X4)
     3   11.54    0.01    0.02    5.12 v wire446/Z (BUF_X4)
                                         net446 (net)
                  0.01    0.00    5.12 v _2763_/A (AOI21_X2)
     1    6.83    0.03    0.05    5.17 ^ _2763_/ZN (AOI21_X2)
                                         _2180_ (net)
                  0.03    0.00    5.17 ^ _2767_/B (OAI211_X4)
     2   51.56    0.04    0.05    5.22 v _2767_/ZN (OAI211_X4)
                                         _2184_ (net)
                  0.06    0.04    5.26 v wire436/A (BUF_X8)
     1   47.04    0.01    0.05    5.30 v wire436/Z (BUF_X8)
                                         net436 (net)
                  0.04    0.03    5.34 v wire435/A (BUF_X16)
     3   58.56    0.01    0.04    5.38 v wire435/Z (BUF_X16)
                                         net435 (net)
                  0.06    0.05    5.43 v _2846_/A2 (NOR3_X1)
     1    3.28    0.04    0.08    5.50 ^ _2846_/ZN (NOR3_X1)
                                         _2260_ (net)
                  0.04    0.00    5.50 ^ _2848_/B2 (AOI221_X2)
     2    9.26    0.04    0.04    5.54 v _2848_/ZN (AOI221_X2)
                                         _2262_ (net)
                  0.04    0.00    5.54 v _2849_/B (XNOR2_X2)
     2    7.88    0.02    0.05    5.60 v _2849_/ZN (XNOR2_X2)
                                         _2263_ (net)
                  0.02    0.00    5.60 v _2850_/A (INV_X4)
     3   42.78    0.02    0.03    5.63 ^ _2850_/ZN (INV_X4)
                                         net378 (net)
                  0.02    0.00    5.63 ^ _2851_/S (MUX2_X2)
     4   48.23    0.02    0.10    5.73 v _2851_/Z (MUX2_X2)
                                         _2264_ (net)
                  0.05    0.04    5.77 v _2852_/B (XNOR2_X2)
     2    7.14    0.02    0.06    5.83 v _2852_/ZN (XNOR2_X2)
                                         _2265_ (net)
                  0.02    0.00    5.83 v _2873_/B1 (AOI221_X2)
     3    5.56    0.06    0.08    5.91 ^ _2873_/ZN (AOI221_X2)
                                         _0012_ (net)
                  0.06    0.00    5.91 ^ _4490_/B1 (AOI221_X1)
     1    1.84    0.05    0.04    5.95 v _4490_/ZN (AOI221_X1)
                                         _1543_ (net)
                  0.05    0.00    5.95 v _4492_/A2 (NOR3_X1)
     2    3.99    0.04    0.08    6.03 ^ _4492_/ZN (NOR3_X1)
                                         _1545_ (net)
                  0.04    0.00    6.03 ^ _4642_/A (OAI21_X1)
     1    2.79    0.01    0.03    6.05 v _4642_/ZN (OAI21_X1)
                                         _1682_ (net)
                  0.01    0.00    6.05 v _4643_/B (XOR2_X1)
     1    1.68    0.01    0.06    6.11 v _4643_/Z (XOR2_X1)
                                         _1683_ (net)
                  0.01    0.00    6.11 v _4644_/B1 (OAI221_X1)
     1    2.84    0.05    0.05    6.16 ^ _4644_/ZN (OAI221_X1)
                                         _1684_ (net)
                  0.05    0.00    6.16 ^ _4645_/B (XNOR2_X1)
     1    1.90    0.03    0.05    6.21 ^ _4645_/ZN (XNOR2_X1)
                                         net313 (net)
                  0.03    0.00    6.21 ^ output313/A (BUF_X1)
     1    0.67    0.01    0.02    6.24 ^ output313/Z (BUF_X1)
                                         result[125] (net)
                  0.01    0.00    6.24 ^ result[125] (out)
                                  6.24   data arrival time

                  0.00   15.00   15.00   clock clk (rise edge)
                          0.00   15.00   clock network delay (ideal)
                          0.00   15.00   clock reconvergence pessimism
                         -3.00   12.00   output external delay
                                 12.00   data required time
-----------------------------------------------------------------------------
                                 12.00   data required time
                                 -6.24   data arrival time
-----------------------------------------------------------------------------
                                  5.76   slack (MET)



==========================================================================
global route report_check_types -max_slew -max_cap -max_fanout -violators
--------------------------------------------------------------------------
max capacitance

Pin                                    Limit     Cap   Slack
------------------------------------------------------------
_2646_/ZN                              52.03   55.76   -3.73 (VIOLATED)
_4084_/Z                               50.51   52.83   -2.32 (VIOLATED)


==========================================================================
global route max_slew_check_slack
--------------------------------------------------------------------------
0.06403139233589172

==========================================================================
global route max_slew_check_limit
--------------------------------------------------------------------------
0.1985349953174591

==========================================================================
global route max_slew_check_slack_limit
--------------------------------------------------------------------------
0.3225

==========================================================================
global route max_fanout_check_slack
--------------------------------------------------------------------------
1.0000000150474662e+30

==========================================================================
global route max_fanout_check_limit
--------------------------------------------------------------------------
1.0000000150474662e+30

==========================================================================
global route max_capacitance_check_slack
--------------------------------------------------------------------------
-3.7264773845672607

==========================================================================
global route max_capacitance_check_limit
--------------------------------------------------------------------------
52.032501220703125

==========================================================================
global route max_capacitance_check_slack_limit
--------------------------------------------------------------------------
-0.0716

==========================================================================
global route max_slew_violation_count
--------------------------------------------------------------------------
max slew violation count 0

==========================================================================
global route max_fanout_violation_count
--------------------------------------------------------------------------
max fanout violation count 0

==========================================================================
global route max_cap_violation_count
--------------------------------------------------------------------------
max cap violation count 2

==========================================================================
global route setup_violation_count
--------------------------------------------------------------------------
setup violation count 0

==========================================================================
global route hold_violation_count
--------------------------------------------------------------------------
hold violation count 0

==========================================================================
global route critical path delay
--------------------------------------------------------------------------
6.2370

==========================================================================
global route critical path slack
--------------------------------------------------------------------------
5.7630

==========================================================================
global route slack div critical path delay
--------------------------------------------------------------------------
92.400192

==========================================================================
global route report_power
--------------------------------------------------------------------------
Group                  Internal  Switching    Leakage      Total
                          Power      Power      Power      Power (Watts)
----------------------------------------------------------------
Sequential             0.00e+00   0.00e+00   0.00e+00   0.00e+00   0.0%
Combinational          4.80e-04   3.91e-04   4.94e-04   1.37e-03 100.0%
Clock                  0.00e+00   0.00e+00   0.00e+00   0.00e+00   0.0%
Macro                  0.00e+00   0.00e+00   0.00e+00   0.00e+00   0.0%
Pad                    0.00e+00   0.00e+00   0.00e+00   0.00e+00   0.0%
----------------------------------------------------------------
Total                  4.80e-04   3.91e-04   4.94e-04   1.37e-03 100.0%
                          35.2%      28.6%      36.2%
