
==========================================================================
floorplan final report_tns
--------------------------------------------------------------------------
tns -146251200.00

==========================================================================
floorplan final report_wns
--------------------------------------------------------------------------
wns -39143.57

==========================================================================
floorplan final report_worst_slack
--------------------------------------------------------------------------
worst slack -39143.57

==========================================================================
floorplan final report_checks -path_delay min
--------------------------------------------------------------------------
Startpoint: rst (input port clocked by clk)
Endpoint: v_decode.v_csr.vl[4]$_DFF_PP1_
          (removal check against rising-edge clock clk)
Path Group: asynchronous
Path Type: min

Fanout     Cap    Slew   Delay    Time   Description
-----------------------------------------------------------------------------
                  0.00    0.00    0.00   clock clk (rise edge)
                          0.00    0.00   clock network delay (ideal)
                       1111.00 1111.00 v input external delay
     1    0.51    0.00    0.00 1111.00 v rst (in)
                                         rst (net)
                  0.00    0.00 1111.00 v _205461_/A (INVx1_ASAP7_75t_R)
   144  130.66  773.11  343.23 1454.23 ^ _205461_/Y (INVx1_ASAP7_75t_R)
                                         _004863_ (net)
                773.11    0.00 1454.23 ^ v_decode.v_csr.vl[4]$_DFF_PP1_/RESETN (DFFASRHQNx1_ASAP7_75t_R)
                               1454.23   data arrival time

                  0.00    0.00    0.00   clock clk (rise edge)
                          0.00    0.00   clock network delay (ideal)
                          0.00    0.00   clock reconvergence pessimism
                                  0.00 ^ v_decode.v_csr.vl[4]$_DFF_PP1_/CLK (DFFASRHQNx1_ASAP7_75t_R)
                         91.81   91.81   library removal time
                                 91.81   data required time
-----------------------------------------------------------------------------
                                 91.81   data required time
                               -1454.23   data arrival time
-----------------------------------------------------------------------------
                               1362.42   slack (MET)


Startpoint: v_decode.v_rf_ctrl.stage_int_rf_rd_data.internal_data[32]$_DFFE_PN_
            (rising edge-triggered flip-flop clocked by clk)
Endpoint: v_decode.v_rf_ctrl.stage_int_rf_rd_data.internal_data[32]$_DFFE_PN_
          (rising edge-triggered flip-flop clocked by clk)
Path Group: clk
Path Type: min

Fanout     Cap    Slew   Delay    Time   Description
-----------------------------------------------------------------------------
                  0.00    0.00    0.00   clock clk (rise edge)
                          0.00    0.00   clock network delay (ideal)
                  0.00    0.00    0.00 ^ v_decode.v_rf_ctrl.stage_int_rf_rd_data.internal_data[32]$_DFFE_PN_/CLK (DFFHQNx1_ASAP7_75t_R)
     2    1.27   16.24   34.74   34.74 ^ v_decode.v_rf_ctrl.stage_int_rf_rd_data.internal_data[32]$_DFFE_PN_/QN (DFFHQNx1_ASAP7_75t_R)
                                         _000968_ (net)
                 16.24    0.00   34.74 ^ _207983_/A2 (OAI21x1_ASAP7_75t_R)
     1    0.55    5.66    7.46   42.20 v _207983_/Y (OAI21x1_ASAP7_75t_R)
                                         _004924_ (net)
                  5.66    0.00   42.20 v v_decode.v_rf_ctrl.stage_int_rf_rd_data.internal_data[32]$_DFFE_PN_/D (DFFHQNx1_ASAP7_75t_R)
                                 42.20   data arrival time

                  0.00    0.00    0.00   clock clk (rise edge)
                          0.00    0.00   clock network delay (ideal)
                          0.00    0.00   clock reconvergence pessimism
                                  0.00 ^ v_decode.v_rf_ctrl.stage_int_rf_rd_data.internal_data[32]$_DFFE_PN_/CLK (DFFHQNx1_ASAP7_75t_R)
                          8.68    8.68   library hold time
                                  8.68   data required time
-----------------------------------------------------------------------------
                                  8.68   data required time
                                -42.20   data arrival time
-----------------------------------------------------------------------------
                                 33.52   slack (MET)



==========================================================================
floorplan final report_checks -path_delay max
--------------------------------------------------------------------------
Startpoint: rst (input port clocked by clk)
Endpoint: v_decode.v_csr.vl[0]$_DFF_PP0_
          (recovery check against rising-edge clock clk)
Path Group: asynchronous
Path Type: max

Fanout     Cap    Slew   Delay    Time   Description
-----------------------------------------------------------------------------
                  0.00    0.00    0.00   clock clk (rise edge)
                          0.00    0.00   clock network delay (ideal)
                       1111.00 1111.00 v input external delay
     1    0.68    0.00    0.00 1111.00 v rst (in)
                                         rst (net)
                  0.00    0.00 1111.00 v _205461_/A (INVx1_ASAP7_75t_R)
   144  166.98  987.59  438.09 1549.09 ^ _205461_/Y (INVx1_ASAP7_75t_R)
                                         _004863_ (net)
                987.59    0.00 1549.09 ^ v_decode.v_csr.vl[0]$_DFF_PP0_/SETN (DFFASRHQNx1_ASAP7_75t_R)
                               1549.09   data arrival time

                  0.00 5555.00 5555.00   clock clk (rise edge)
                          0.00 5555.00   clock network delay (ideal)
                          0.00 5555.00   clock reconvergence pessimism
                               5555.00 ^ v_decode.v_csr.vl[0]$_DFF_PP0_/CLK (DFFASRHQNx1_ASAP7_75t_R)
                        -99.04 5455.96   library recovery time
                               5455.96   data required time
-----------------------------------------------------------------------------
                               5455.96   data required time
                               -1549.09   data arrival time
-----------------------------------------------------------------------------
                               3906.88   slack (MET)


Startpoint: v_decode.v_rf_ctrl.stage_rf_wr_addr.internal_data[16]$_DFFE_PN_
            (rising edge-triggered flip-flop clocked by clk)
Endpoint: v_decode.v_rf_ctrl.stage_rf_wr_data.internal_data[135]$_DFFE_PN_
          (rising edge-triggered flip-flop clocked by clk)
Path Group: clk
Path Type: max

Fanout     Cap    Slew   Delay    Time   Description
-----------------------------------------------------------------------------
                  0.00    0.00    0.00   clock clk (rise edge)
                          0.00    0.00   clock network delay (ideal)
                  0.00    0.00    0.00 ^ v_decode.v_rf_ctrl.stage_rf_wr_addr.internal_data[16]$_DFFE_PN_/CLK (DFFHQNx1_ASAP7_75t_R)
  2319 1867.77 10873.02 4925.12 4925.12 ^ v_decode.v_rf_ctrl.stage_rf_wr_addr.internal_data[16]$_DFFE_PN_/QN (DFFHQNx1_ASAP7_75t_R)
                                         _000004_ (net)
               10873.02    0.00 4925.12 ^ _226329_/A (INVx2_ASAP7_75t_R)
  1797 1407.85 1851.17 34385.01 39310.13 v _226329_/Y (INVx2_ASAP7_75t_R)
                                         _136308_ (net)
               1851.17    0.00 39310.13 v _226451_/A2 (AO221x1_ASAP7_75t_R)
     5    2.63   46.69  148.03 39458.16 v _226451_/Y (AO221x1_ASAP7_75t_R)
                                         _136421_ (net)
                 46.69    0.00 39458.16 v _226453_/B (OR3x1_ASAP7_75t_R)
   104   68.46  368.41  208.21 39666.37 v _226453_/Y (OR3x1_ASAP7_75t_R)
                                         _136423_ (net)
                368.41    0.00 39666.37 v _226693_/A2 (OA21x2_ASAP7_75t_R)
     3    2.47   19.00   62.50 39728.88 v _226693_/Y (OA21x2_ASAP7_75t_R)
                                         _136663_ (net)
                 19.00    0.00 39728.88 v _226695_/A2 (OA211x2_ASAP7_75t_R)
     3    1.75   20.24   26.90 39755.78 v _226695_/Y (OA211x2_ASAP7_75t_R)
                                         _136665_ (net)
                 20.24    0.00 39755.78 v _226698_/B (OR3x1_ASAP7_75t_R)
     1    0.61   36.61   25.84 39781.62 v _226698_/Y (OR3x1_ASAP7_75t_R)
                                         _136668_ (net)
                 36.61    0.00 39781.62 v _226708_/A1 (AO21x2_ASAP7_75t_R)
     6    4.33   22.14   30.99 39812.61 v _226708_/Y (AO21x2_ASAP7_75t_R)
                                         _136678_ (net)
                 22.14    0.00 39812.61 v _226912_/A2 (AO21x1_ASAP7_75t_R)
    18   12.02   62.72   45.39 39857.99 v _226912_/Y (AO21x1_ASAP7_75t_R)
                                         _136882_ (net)
                 62.72    0.00 39857.99 v _227075_/A (OR4x1_ASAP7_75t_R)
     4    3.57   27.93   50.46 39908.45 v _227075_/Y (OR4x1_ASAP7_75t_R)
                                         _137045_ (net)
                 27.93    0.00 39908.45 v _227087_/A2 (AO211x2_ASAP7_75t_R)
    13    8.50   26.11   31.10 39939.55 v _227087_/Y (AO211x2_ASAP7_75t_R)
                                         _137057_ (net)
                 26.11    0.00 39939.55 v _227121_/B (OR4x1_ASAP7_75t_R)
    10    7.42   46.93   55.04 39994.59 v _227121_/Y (OR4x1_ASAP7_75t_R)
                                         _137091_ (net)
                 46.93    0.00 39994.59 v _227140_/A1 (OAI21x1_ASAP7_75t_R)
    19   13.19   86.76   52.83 40047.41 ^ _227140_/Y (OAI21x1_ASAP7_75t_R)
                                         _137110_ (net)
                 86.76    0.00 40047.41 ^ _227204_/A (AND4x1_ASAP7_75t_R)
     3    2.89   27.86   46.96 40094.38 ^ _227204_/Y (AND4x1_ASAP7_75t_R)
                                         _137174_ (net)
                 27.86    0.00 40094.38 ^ _227221_/A1 (AOI21x1_ASAP7_75t_R)
    17   11.24   55.68   34.36 40128.73 v _227221_/Y (AOI21x1_ASAP7_75t_R)
                                         _137191_ (net)
                 55.68    0.00 40128.73 v _227282_/B (OR5x1_ASAP7_75t_R)
     8    6.85   46.95   65.97 40194.71 v _227282_/Y (OR5x1_ASAP7_75t_R)
                                         _137252_ (net)
                 46.95    0.00 40194.71 v _227325_/A2 (AO211x2_ASAP7_75t_R)
    18   11.63   33.42   37.38 40232.09 v _227325_/Y (AO211x2_ASAP7_75t_R)
                                         _137295_ (net)
                 33.42    0.00 40232.09 v _227359_/B1 (OA33x2_ASAP7_75t_R)
    18   11.86   43.88   47.90 40279.98 v _227359_/Y (OA33x2_ASAP7_75t_R)
                                         _137329_ (net)
                 43.88    0.00 40279.98 v _227433_/A (OR3x2_ASAP7_75t_R)
    14   11.80   40.04   55.84 40335.83 v _227433_/Y (OR3x2_ASAP7_75t_R)
                                         _137403_ (net)
                 40.04    0.00 40335.83 v _227438_/A1 (OAI21x1_ASAP7_75t_R)
    18   13.19   85.56   50.66 40386.48 ^ _227438_/Y (OAI21x1_ASAP7_75t_R)
                                         _137408_ (net)
                 85.56    0.00 40386.48 ^ _227490_/C (AND5x1_ASAP7_75t_R)
    12    7.00   56.41   65.08 40451.57 ^ _227490_/Y (AND5x1_ASAP7_75t_R)
                                         _137460_ (net)
                 56.41    0.00 40451.57 ^ _227535_/A2 (OA21x2_ASAP7_75t_R)
    10    6.19   23.21   32.73 40484.30 ^ _227535_/Y (OA21x2_ASAP7_75t_R)
                                         _137505_ (net)
                 23.21    0.00 40484.30 ^ _227557_/A1 (AO21x1_ASAP7_75t_R)
    36   29.81  177.85   92.15 40576.45 ^ _227557_/Y (AO21x1_ASAP7_75t_R)
                                         _137527_ (net)
                177.85    0.00 40576.45 ^ _227624_/A (AND3x1_ASAP7_75t_R)
    10    6.70   51.74   62.78 40639.23 ^ _227624_/Y (AND3x1_ASAP7_75t_R)
                                         _137594_ (net)
                 51.74    0.00 40639.23 ^ _227629_/B1 (AOI22x1_ASAP7_75t_R)
    24   17.77   99.50   50.83 40690.05 v _227629_/Y (AOI22x1_ASAP7_75t_R)
                                         _137599_ (net)
                 99.50    0.00 40690.05 v _227692_/A (OR4x1_ASAP7_75t_R)
    28   16.53   95.40   93.13 40783.18 v _227692_/Y (OR4x1_ASAP7_75t_R)
                                         _137662_ (net)
                 95.40    0.00 40783.18 v _227697_/A1 (OA21x2_ASAP7_75t_R)
    27   20.14   54.30   55.46 40838.64 v _227697_/Y (OA21x2_ASAP7_75t_R)
                                         _137667_ (net)
                 54.30    0.00 40838.64 v _227737_/B (OR4x1_ASAP7_75t_R)
    38   25.54  141.90  108.30 40946.93 v _227737_/Y (OR4x1_ASAP7_75t_R)
                                         _137707_ (net)
                141.90    0.00 40946.93 v _228565_/A1 (OAI21x1_ASAP7_75t_R)
    25   19.40  137.87   97.32 41044.25 ^ _228565_/Y (OAI21x1_ASAP7_75t_R)
                                         _138535_ (net)
                137.87    0.00 41044.25 ^ _228601_/B (AND4x1_ASAP7_75t_R)
    14   11.19   82.60   78.84 41123.09 ^ _228601_/Y (AND4x1_ASAP7_75t_R)
                                         _138571_ (net)
                 82.60    0.00 41123.09 ^ _238321_/A1 (AO21x2_ASAP7_75t_R)
    50   39.77  122.06   76.80 41199.89 ^ _238321_/Y (AO21x2_ASAP7_75t_R)
                                         _148291_ (net)
                122.06    0.00 41199.89 ^ _238376_/C (AND5x1_ASAP7_75t_R)
     9    5.91   54.73   65.01 41264.90 ^ _238376_/Y (AND5x1_ASAP7_75t_R)
                                         _148346_ (net)
                 54.73    0.00 41264.90 ^ _238408_/A2 (OA211x2_ASAP7_75t_R)
    28   21.09   67.78   58.20 41323.10 ^ _238408_/Y (OA211x2_ASAP7_75t_R)
                                         _148378_ (net)
                 67.78    0.00 41323.10 ^ _238437_/A1 (AO31x2_ASAP7_75t_R)
    72   54.41  165.85   98.41 41421.51 ^ _238437_/Y (AO31x2_ASAP7_75t_R)
                                         _148407_ (net)
                165.85    0.00 41421.51 ^ _239077_/B1 (AO221x1_ASAP7_75t_R)
     3    3.11   25.62   46.59 41468.09 ^ _239077_/Y (AO221x1_ASAP7_75t_R)
                                         _149047_ (net)
                 25.62    0.00 41468.09 ^ _239167_/B (NAND3x1_ASAP7_75t_R)
   245  160.71  799.91  374.20 41842.30 v _239167_/Y (NAND3x1_ASAP7_75t_R)
                                         _149137_ (net)
                799.91    0.00 41842.30 v _273335_/B (NAND2x1_ASAP7_75t_R)
     5    3.28  152.92  133.51 41975.81 ^ _273335_/Y (NAND2x1_ASAP7_75t_R)
                                         _183305_ (net)
                152.92    0.00 41975.81 ^ _273368_/B (AND4x1_ASAP7_75t_R)
     2    1.07   17.24   45.52 42021.34 ^ _273368_/Y (AND4x1_ASAP7_75t_R)
                                         _183338_ (net)
                 17.24    0.00 42021.34 ^ _273504_/A1 (OA211x2_ASAP7_75t_R)
     1    0.57    8.76   21.04 42042.38 ^ _273504_/Y (OA211x2_ASAP7_75t_R)
                                         _183474_ (net)
                  8.76    0.00 42042.38 ^ _273508_/A2 (OA211x2_ASAP7_75t_R)
     1    1.05    9.07   19.03 42061.41 ^ _273508_/Y (OA211x2_ASAP7_75t_R)
                                         _183478_ (net)
                  9.07    0.00 42061.41 ^ _273509_/A (XNOR2x2_ASAP7_75t_R)
     4    3.63   15.96   33.78 42095.19 v _273509_/Y (XNOR2x2_ASAP7_75t_R)
                                         _183479_ (net)
                 15.96    0.00 42095.19 v _273520_/C (AND3x1_ASAP7_75t_R)
     2    1.20   10.06   18.02 42113.21 v _273520_/Y (AND3x1_ASAP7_75t_R)
                                         _183490_ (net)
                 10.06    0.00 42113.21 v _273527_/B (OR3x1_ASAP7_75t_R)
     4    3.58   25.07   33.58 42146.79 v _273527_/Y (OR3x1_ASAP7_75t_R)
                                         _183497_ (net)
                 25.07    0.00 42146.79 v _274148_/A (MAJx2_ASAP7_75t_R)
     1    1.10    9.46   27.26 42174.05 v _274148_/Y (MAJx2_ASAP7_75t_R)
                                         _184118_ (net)
                  9.46    0.00 42174.05 v _274151_/B1 (OAI22x1_ASAP7_75t_R)
     1    1.01   16.09   10.87 42184.92 ^ _274151_/Y (OAI22x1_ASAP7_75t_R)
                                         _184121_ (net)
                 16.09    0.00 42184.92 ^ _274152_/B (XNOR2x2_ASAP7_75t_R)
     2    1.70   10.58   31.89 42216.82 v _274152_/Y (XNOR2x2_ASAP7_75t_R)
                                         _184122_ (net)
                 10.58    0.00 42216.82 v _274206_/A (MAJx2_ASAP7_75t_R)
     2    1.70   10.85   23.93 42240.75 v _274206_/Y (MAJx2_ASAP7_75t_R)
                                         _184176_ (net)
                 10.85    0.00 42240.75 v _274212_/A (MAJx2_ASAP7_75t_R)
     2    1.70   10.85   24.02 42264.77 v _274212_/Y (MAJx2_ASAP7_75t_R)
                                         _184182_ (net)
                 10.85    0.00 42264.77 v _274217_/A (MAJx2_ASAP7_75t_R)
     2    1.95   11.54   24.52 42289.29 v _274217_/Y (MAJx2_ASAP7_75t_R)
                                         _184187_ (net)
                 11.54    0.00 42289.29 v _274218_/C (MAJx2_ASAP7_75t_R)
     2    1.70   10.84   25.30 42314.58 v _274218_/Y (MAJx2_ASAP7_75t_R)
                                         _184188_ (net)
                 10.84    0.00 42314.58 v _274225_/A (MAJx2_ASAP7_75t_R)
     2    1.70   10.85   24.02 42338.60 v _274225_/Y (MAJx2_ASAP7_75t_R)
                                         _184195_ (net)
                 10.85    0.00 42338.60 v _274231_/A (MAJx2_ASAP7_75t_R)
     6    4.66   18.84   29.31 42367.91 v _274231_/Y (MAJx2_ASAP7_75t_R)
                                         _184201_ (net)
                 18.84    0.00 42367.91 v _274841_/A (OR2x2_ASAP7_75t_R)
     3    2.31   11.62   24.68 42392.60 v _274841_/Y (OR2x2_ASAP7_75t_R)
                                         _184811_ (net)
                 11.62    0.00 42392.60 v _274842_/A (MAJx2_ASAP7_75t_R)
     1    0.57    7.73   22.01 42414.60 v _274842_/Y (MAJx2_ASAP7_75t_R)
                                         _184812_ (net)
                  7.73    0.00 42414.60 v _274847_/B1 (AO221x1_ASAP7_75t_R)
     3    2.34   16.56   24.82 42439.42 v _274847_/Y (AO221x1_ASAP7_75t_R)
                                         _184817_ (net)
                 16.56    0.00 42439.42 v _274863_/A (XNOR2x2_ASAP7_75t_R)
     1    1.01    8.94   26.20 42465.61 ^ _274863_/Y (XNOR2x2_ASAP7_75t_R)
                                         _184833_ (net)
                  8.94    0.00 42465.61 ^ _274864_/B (XNOR2x2_ASAP7_75t_R)
     5    3.20   14.69   33.09 42498.71 v _274864_/Y (XNOR2x2_ASAP7_75t_R)
                                         _184834_ (net)
                 14.69    0.00 42498.71 v _274867_/A (OR2x2_ASAP7_75t_R)
     5    2.82   13.00   24.62 42523.32 v _274867_/Y (OR2x2_ASAP7_75t_R)
                                         _184837_ (net)
                 13.00    0.00 42523.32 v _274949_/A (AND2x2_ASAP7_75t_R)
     1    1.05    7.21   18.86 42542.18 v _274949_/Y (AND2x2_ASAP7_75t_R)
                                         _184919_ (net)
                  7.21    0.00 42542.18 v _274951_/A (XNOR2x2_ASAP7_75t_R)
     2    1.73   10.66   23.73 42565.91 v _274951_/Y (XNOR2x2_ASAP7_75t_R)
                                         _184921_ (net)
                 10.66    0.00 42565.91 v _277623_/B (XOR2x2_ASAP7_75t_R)
     4    3.37   16.83   33.21 42599.12 ^ _277623_/Y (XOR2x2_ASAP7_75t_R)
                                         _187593_ (net)
                 16.83    0.00 42599.12 ^ _277625_/C (AND3x1_ASAP7_75t_R)
     1    1.08   13.11   23.13 42622.25 ^ _277625_/Y (AND3x1_ASAP7_75t_R)
                                         _187595_ (net)
                 13.11    0.00 42622.25 ^ _277626_/A2 (OAI21x1_ASAP7_75t_R)
     2    1.54   15.26    9.30 42631.55 v _277626_/Y (OAI21x1_ASAP7_75t_R)
                                         _187596_ (net)
                 15.26    0.00 42631.55 v _277820_/A (AND2x2_ASAP7_75t_R)
     1    0.55    5.89   18.82 42650.37 v _277820_/Y (AND2x2_ASAP7_75t_R)
                                         _187790_ (net)
                  5.89    0.00 42650.37 v _277821_/E (OR5x1_ASAP7_75t_R)
     3    2.65   24.56   46.59 42696.96 v _277821_/Y (OR5x1_ASAP7_75t_R)
                                         _187791_ (net)
                 24.56    0.00 42696.96 v _277970_/A1 (OA21x2_ASAP7_75t_R)
     1    0.65    6.45   19.68 42716.64 v _277970_/Y (OA21x2_ASAP7_75t_R)
                                         _187940_ (net)
                  6.45    0.00 42716.64 v _277971_/A2 (OA21x2_ASAP7_75t_R)
     2    1.83    9.05   17.96 42734.60 v _277971_/Y (OA21x2_ASAP7_75t_R)
                                         _187941_ (net)
                  9.05    0.00 42734.60 v _277975_/B (OR3x1_ASAP7_75t_R)
     3    2.79   20.82   31.05 42765.65 v _277975_/Y (OR3x1_ASAP7_75t_R)
                                         _187945_ (net)
                 20.82    0.00 42765.65 v _277976_/B (NAND2x1_ASAP7_75t_R)
     4    3.77   32.57   22.31 42787.96 ^ _277976_/Y (NAND2x1_ASAP7_75t_R)
                                         _187946_ (net)
                 32.57    0.00 42787.96 ^ _277977_/B (XNOR2x2_ASAP7_75t_R)
     6    5.45   20.62   41.68 42829.64 v _277977_/Y (XNOR2x2_ASAP7_75t_R)
                                         _187947_ (net)
                 20.62    0.00 42829.64 v _277978_/C (AOI211x1_ASAP7_75t_R)
     2    1.99   26.34   17.97 42847.61 ^ _277978_/Y (AOI211x1_ASAP7_75t_R)
                                         _187948_ (net)
                 26.34    0.00 42847.61 ^ _278008_/A1 (OA31x2_ASAP7_75t_R)
     4    3.62   16.28   31.03 42878.64 ^ _278008_/Y (OA31x2_ASAP7_75t_R)
                                         _187978_ (net)
                 16.28    0.00 42878.64 ^ _278028_/A2 (AO32x1_ASAP7_75t_R)
     6    4.29   30.06   30.04 42908.68 ^ _278028_/Y (AO32x1_ASAP7_75t_R)
                                         _187998_ (net)
                 30.06    0.00 42908.68 ^ _278047_/A (AND4x1_ASAP7_75t_R)
    11    8.31   62.21   54.92 42963.60 ^ _278047_/Y (AND4x1_ASAP7_75t_R)
                                         _188017_ (net)
                 62.21    0.00 42963.60 ^ _285304_/A (AND2x2_ASAP7_75t_R)
     5    3.94   19.02   30.82 42994.41 ^ _285304_/Y (AND2x2_ASAP7_75t_R)
                                         _195274_ (net)
                 19.02    0.00 42994.41 ^ _294022_/B (XNOR2x2_ASAP7_75t_R)
     2    1.53   10.12   32.26 43026.67 v _294022_/Y (XNOR2x2_ASAP7_75t_R)
                                         _203992_ (net)
                 10.12    0.00 43026.67 v _294023_/B (XOR2x2_ASAP7_75t_R)
     5    3.98   16.63   28.17 43054.84 v _294023_/Y (XOR2x2_ASAP7_75t_R)
                                         _203993_ (net)
                 16.63    0.00 43054.84 v _294024_/C (OA211x2_ASAP7_75t_R)
     2    1.58   11.62   31.13 43085.98 v _294024_/Y (OA211x2_ASAP7_75t_R)
                                         _203994_ (net)
                 11.62    0.00 43085.98 v _294037_/A2 (AO21x1_ASAP7_75t_R)
     2    1.67   11.88   18.08 43104.05 v _294037_/Y (AO21x1_ASAP7_75t_R)
                                         _204007_ (net)
                 11.88    0.00 43104.05 v _294043_/A (XNOR2x2_ASAP7_75t_R)
     5    4.16   19.30   30.59 43134.64 ^ _294043_/Y (XNOR2x2_ASAP7_75t_R)
                                         _204013_ (net)
                 19.30    0.00 43134.64 ^ _294049_/C (AND4x2_ASAP7_75t_R)
     6    4.89   26.64   40.97 43175.61 ^ _294049_/Y (AND4x2_ASAP7_75t_R)
                                         _204019_ (net)
                 26.64    0.00 43175.61 ^ _294050_/B (AND2x4_ASAP7_75t_R)
     9    7.73   18.03   26.48 43202.08 ^ _294050_/Y (AND2x4_ASAP7_75t_R)
                                         _204020_ (net)
                 18.03    0.00 43202.08 ^ _294079_/A (AND4x1_ASAP7_75t_R)
     3    2.23   22.48   31.90 43233.98 ^ _294079_/Y (AND4x1_ASAP7_75t_R)
                                         _204049_ (net)
                 22.48    0.00 43233.98 ^ _294513_/D (AND4x1_ASAP7_75t_R)
     3    2.61   24.76   35.48 43269.46 ^ _294513_/Y (AND4x1_ASAP7_75t_R)
                                         _204483_ (net)
                 24.76    0.00 43269.46 ^ _294514_/B (XNOR2x2_ASAP7_75t_R)
     3    2.71   14.69   27.76 43297.22 ^ _294514_/Y (XNOR2x2_ASAP7_75t_R)
                                         _204484_ (net)
                 14.69    0.00 43297.22 ^ _294535_/B (OR2x2_ASAP7_75t_R)
     2    2.16   11.55   19.65 43316.87 ^ _294535_/Y (OR2x2_ASAP7_75t_R)
                                         _204505_ (net)
                 11.55    0.00 43316.87 ^ _294536_/A (AND2x4_ASAP7_75t_R)
     3    2.90    9.58   17.74 43334.61 ^ _294536_/Y (AND2x4_ASAP7_75t_R)
                                         _204506_ (net)
                  9.58    0.00 43334.61 ^ _294545_/A3 (AO31x2_ASAP7_75t_R)
     2    2.04   11.63   17.62 43352.23 ^ _294545_/Y (AO31x2_ASAP7_75t_R)
                                         _204515_ (net)
                 11.63    0.00 43352.23 ^ _294559_/A2 (AOI211x1_ASAP7_75t_R)
     7    4.63   51.48   29.48 43381.71 v _294559_/Y (AOI211x1_ASAP7_75t_R)
                                         _204529_ (net)
                 51.48    0.00 43381.71 v _329683_/A2 (OA21x2_ASAP7_75t_R)
     5    3.66   14.77   31.65 43413.36 v _329683_/Y (OA21x2_ASAP7_75t_R)
                                         _042959_ (net)
                 14.77    0.00 43413.36 v _329781_/B (AND2x2_ASAP7_75t_R)
     4    3.76   14.32   23.09 43436.45 v _329781_/Y (AND2x2_ASAP7_75t_R)
                                         _043067_ (net)
                 14.32    0.00 43436.45 v _329782_/B (XNOR2x1_ASAP7_75t_R)
     3    2.69   20.63   22.96 43459.41 v _329782_/Y (XNOR2x1_ASAP7_75t_R)
                                         _043068_ (net)
                 20.63    0.00 43459.41 v _329783_/B (AND2x2_ASAP7_75t_R)
     2    1.06    7.30   20.66 43480.07 v _329783_/Y (AND2x2_ASAP7_75t_R)
                                         _043069_ (net)
                  7.30    0.00 43480.07 v _329820_/D (OR5x1_ASAP7_75t_R)
     1    0.61   12.58   37.10 43517.17 v _329820_/Y (OR5x1_ASAP7_75t_R)
                                         _043110_ (net)
                 12.58    0.00 43517.17 v _331185_/B1 (OA33x2_ASAP7_75t_R)
     3    2.33   14.47   29.34 43546.51 v _331185_/Y (OA33x2_ASAP7_75t_R)
                                         _044610_ (net)
                 14.47    0.00 43546.51 v _362491_/A (NAND2x1_ASAP7_75t_R)
     3    2.19   21.67   16.76 43563.27 ^ _362491_/Y (NAND2x1_ASAP7_75t_R)
                                         _079007_ (net)
                 21.67    0.00 43563.27 ^ _362492_/B (NAND2x1_ASAP7_75t_R)
     2    2.10   19.77   13.59 43576.86 v _362492_/Y (NAND2x1_ASAP7_75t_R)
                                         _079008_ (net)
                 19.77    0.00 43576.86 v _362494_/A (XNOR2x2_ASAP7_75t_R)
     7    5.42   23.58   34.49 43611.35 ^ _362494_/Y (XNOR2x2_ASAP7_75t_R)
                                         _079010_ (net)
                 23.58    0.00 43611.35 ^ _362495_/B (AND2x2_ASAP7_75t_R)
     4    3.28   16.10   25.41 43636.76 ^ _362495_/Y (AND2x2_ASAP7_75t_R)
                                         _079011_ (net)
                 16.10    0.00 43636.76 ^ _362524_/B (AND5x2_ASAP7_75t_R)
     9    6.54   31.30   41.63 43678.39 ^ _362524_/Y (AND5x2_ASAP7_75t_R)
                                         _079043_ (net)
                 31.30    0.00 43678.39 ^ _362560_/A (AND4x1_ASAP7_75t_R)
    10    6.34   49.32   49.11 43727.49 ^ _362560_/Y (AND4x1_ASAP7_75t_R)
                                         _079083_ (net)
                 49.32    0.00 43727.49 ^ _362562_/C (AND3x1_ASAP7_75t_R)
     4    2.43   22.34   32.17 43759.66 ^ _362562_/Y (AND3x1_ASAP7_75t_R)
                                         _079085_ (net)
                 22.34    0.00 43759.66 ^ _362572_/A (AND2x2_ASAP7_75t_R)
     6    3.87   17.94   24.99 43784.64 ^ _362572_/Y (AND2x2_ASAP7_75t_R)
                                         _079096_ (net)
                 17.94    0.00 43784.64 ^ _362625_/C (AND3x1_ASAP7_75t_R)
     2    1.19   13.87   23.76 43808.41 ^ _362625_/Y (AND3x1_ASAP7_75t_R)
                                         _079154_ (net)
                 13.87    0.00 43808.41 ^ _362628_/C (OR3x1_ASAP7_75t_R)
     1    0.60    7.60   14.50 43822.91 ^ _362628_/Y (OR3x1_ASAP7_75t_R)
                                         _079157_ (net)
                  7.60    0.00 43822.91 ^ _362629_/C (AND3x1_ASAP7_75t_R)
     1    1.01   12.35   21.33 43844.24 ^ _362629_/Y (AND3x1_ASAP7_75t_R)
                                         _079158_ (net)
                 12.35    0.00 43844.24 ^ _362630_/B (XNOR2x2_ASAP7_75t_R)
     5    4.61   18.39   36.28 43880.52 v _362630_/Y (XNOR2x2_ASAP7_75t_R)
                                         _079160_ (net)
                 18.39    0.00 43880.52 v _363481_/B (MAJx2_ASAP7_75t_R)
     2    1.24    9.62   27.57 43908.09 v _363481_/Y (MAJx2_ASAP7_75t_R)
                                         _080095_ (net)
                  9.62    0.00 43908.09 v _363499_/B (OR4x1_ASAP7_75t_R)
     1    0.63   11.40   28.92 43937.01 v _363499_/Y (OR4x1_ASAP7_75t_R)
                                         _080114_ (net)
                 11.40    0.00 43937.01 v _363500_/B (AO21x1_ASAP7_75t_R)
     1    0.43    6.57   15.53 43952.54 v _363500_/Y (AO21x1_ASAP7_75t_R)
                                         _080116_ (net)
                  6.57    0.00 43952.54 v _363501_/B1 (AO22x1_ASAP7_75t_R)
     2    1.63   12.47   21.23 43973.76 v _363501_/Y (AO22x1_ASAP7_75t_R)
                                         _080117_ (net)
                 12.47    0.00 43973.76 v _363502_/B (AND2x2_ASAP7_75t_R)
     2    1.70    8.90   18.94 43992.70 v _363502_/Y (AND2x2_ASAP7_75t_R)
                                         _080118_ (net)
                  8.90    0.00 43992.70 v _363511_/A (MAJx2_ASAP7_75t_R)
     1    0.57    7.72   21.17 44013.88 v _363511_/Y (MAJx2_ASAP7_75t_R)
                                         _080128_ (net)
                  7.72    0.00 44013.88 v _363525_/A2 (OA211x2_ASAP7_75t_R)
     3    1.94   12.52   23.93 44037.80 v _363525_/Y (OA211x2_ASAP7_75t_R)
                                         _080143_ (net)
                 12.52    0.00 44037.80 v _363534_/A (MAJx2_ASAP7_75t_R)
     1    1.09    9.17   23.33 44061.14 v _363534_/Y (MAJx2_ASAP7_75t_R)
                                         _080153_ (net)
                  9.17    0.00 44061.14 v _363536_/A2 (AOI21x1_ASAP7_75t_R)
     4    3.49   25.50   15.70 44076.83 ^ _363536_/Y (AOI21x1_ASAP7_75t_R)
                                         _080155_ (net)
                 25.50    0.00 44076.83 ^ _363672_/A1 (OAI21x1_ASAP7_75t_R)
    16   12.46   59.86   33.54 44110.38 v _363672_/Y (OAI21x1_ASAP7_75t_R)
                                         _080305_ (net)
                 59.86    0.00 44110.38 v _366243_/A (NAND3x1_ASAP7_75t_R)
     2    2.11   30.67   28.08 44138.45 ^ _366243_/Y (NAND3x1_ASAP7_75t_R)
                                         _083130_ (net)
                 30.67    0.00 44138.45 ^ _366265_/B (XNOR2x2_ASAP7_75t_R)
     1    0.60    7.64   32.44 44170.89 v _366265_/Y (XNOR2x2_ASAP7_75t_R)
                                         _083154_ (net)
                  7.64    0.00 44170.89 v _366266_/C2 (AO222x2_ASAP7_75t_R)
     1    0.90   21.33   28.50 44199.39 v _366266_/Y (AO222x2_ASAP7_75t_R)
                                         _083155_ (net)
                 21.33    0.00 44199.39 v _366267_/B (XNOR2x2_ASAP7_75t_R)
     3    2.39   14.08   30.05 44229.44 ^ _366267_/Y (XNOR2x2_ASAP7_75t_R)
                                         _083156_ (net)
                 14.08    0.00 44229.44 ^ _366268_/E (AND5x1_ASAP7_75t_R)
     6    4.46   38.66   47.59 44277.02 ^ _366268_/Y (AND5x1_ASAP7_75t_R)
                                         _083157_ (net)
                 38.66    0.00 44277.02 ^ _366331_/A1 (AO32x1_ASAP7_75t_R)
     9    6.89   46.08   42.31 44319.33 ^ _366331_/Y (AO32x1_ASAP7_75t_R)
                                         _083227_ (net)
                 46.08    0.00 44319.33 ^ _366505_/A (AND5x2_ASAP7_75t_R)
     3    2.74   18.97   37.66 44356.99 ^ _366505_/Y (AND5x2_ASAP7_75t_R)
                                         _083418_ (net)
                 18.97    0.00 44356.99 ^ _368112_/A2 (OA211x2_ASAP7_75t_R)
     4    3.26   15.70   26.12 44383.11 ^ _368112_/Y (OA211x2_ASAP7_75t_R)
                                         _085184_ (net)
                 15.70    0.00 44383.11 ^ _368113_/E (AND5x1_ASAP7_75t_R)
     9    7.25   56.93   56.70 44439.81 ^ _368113_/Y (AND5x1_ASAP7_75t_R)
                                         _085185_ (net)
                 56.93    0.00 44439.81 ^ _373996_/A (AND5x2_ASAP7_75t_R)
     5    3.88   22.80   41.40 44481.21 ^ _373996_/Y (AND5x2_ASAP7_75t_R)
                                         _091649_ (net)
                 22.80    0.00 44481.21 ^ _377004_/A2 (OA211x2_ASAP7_75t_R)
     9    8.11   29.58   34.53 44515.75 ^ _377004_/Y (OA211x2_ASAP7_75t_R)
                                         _094954_ (net)
                 29.58    0.00 44515.75 ^ _381226_/A1 (AO31x2_ASAP7_75t_R)
     1    0.56   10.44   19.36 44535.11 ^ _381226_/Y (AO31x2_ASAP7_75t_R)
                                         _099586_ (net)
                 10.44    0.00 44535.11 ^ _381227_/B1 (OA31x2_ASAP7_75t_R)
     1    1.01   10.25   21.43 44556.54 ^ _381227_/Y (OA31x2_ASAP7_75t_R)
                                         _099587_ (net)
                 10.25    0.00 44556.54 ^ _381228_/B (XNOR2x2_ASAP7_75t_R)
     1    0.65    7.85   28.34 44584.88 v _381228_/Y (XNOR2x2_ASAP7_75t_R)
                                         _099588_ (net)
                  7.85    0.00 44584.88 v _381251_/A2 (OA21x2_ASAP7_75t_R)
     1    0.55   22.23   16.18 44601.05 v _381251_/Y (OA21x2_ASAP7_75t_R)
                                         _099614_ (net)
                 22.23    0.00 44601.05 v _381436_/A (OR5x1_ASAP7_75t_R)
     5    3.03   26.58   43.73 44644.78 v _381436_/Y (OR5x1_ASAP7_75t_R)
                                         _099817_ (net)
                 26.58    0.00 44644.78 v _381612_/A2 (AO221x1_ASAP7_75t_R)
     1    0.63   28.85   24.55 44669.34 v _381612_/Y (AO221x1_ASAP7_75t_R)
                                         _100011_ (net)
                 28.85    0.00 44669.34 v _381613_/B (OA21x2_ASAP7_75t_R)
     1    0.62   39.34   17.99 44687.33 v _381613_/Y (OA21x2_ASAP7_75t_R)
                                         _005333_ (net)
                 39.34    0.00 44687.33 v v_decode.v_rf_ctrl.stage_rf_wr_data.internal_data[135]$_DFFE_PN_/D (DFFHQNx1_ASAP7_75t_R)
                               44687.33   data arrival time

                  0.00 5555.00 5555.00   clock clk (rise edge)
                          0.00 5555.00   clock network delay (ideal)
                          0.00 5555.00   clock reconvergence pessimism
                               5555.00 ^ v_decode.v_rf_ctrl.stage_rf_wr_data.internal_data[135]$_DFFE_PN_/CLK (DFFHQNx1_ASAP7_75t_R)
                        -11.24 5543.76   library setup time
                               5543.76   data required time
-----------------------------------------------------------------------------
                               5543.76   data required time
                               -44687.33   data arrival time
-----------------------------------------------------------------------------
                               -39143.57   slack (VIOLATED)



==========================================================================
floorplan final report_checks -unconstrained
--------------------------------------------------------------------------
Startpoint: rst (input port clocked by clk)
Endpoint: v_decode.v_csr.vl[0]$_DFF_PP0_
          (recovery check against rising-edge clock clk)
Path Group: asynchronous
Path Type: max

Fanout     Cap    Slew   Delay    Time   Description
-----------------------------------------------------------------------------
                  0.00    0.00    0.00   clock clk (rise edge)
                          0.00    0.00   clock network delay (ideal)
                       1111.00 1111.00 v input external delay
     1    0.68    0.00    0.00 1111.00 v rst (in)
                                         rst (net)
                  0.00    0.00 1111.00 v _205461_/A (INVx1_ASAP7_75t_R)
   144  166.98  987.59  438.09 1549.09 ^ _205461_/Y (INVx1_ASAP7_75t_R)
                                         _004863_ (net)
                987.59    0.00 1549.09 ^ v_decode.v_csr.vl[0]$_DFF_PP0_/SETN (DFFASRHQNx1_ASAP7_75t_R)
                               1549.09   data arrival time

                  0.00 5555.00 5555.00   clock clk (rise edge)
                          0.00 5555.00   clock network delay (ideal)
                          0.00 5555.00   clock reconvergence pessimism
                               5555.00 ^ v_decode.v_csr.vl[0]$_DFF_PP0_/CLK (DFFASRHQNx1_ASAP7_75t_R)
                        -99.04 5455.96   library recovery time
                               5455.96   data required time
-----------------------------------------------------------------------------
                               5455.96   data required time
                               -1549.09   data arrival time
-----------------------------------------------------------------------------
                               3906.88   slack (MET)


Startpoint: v_decode.v_rf_ctrl.stage_rf_wr_addr.internal_data[16]$_DFFE_PN_
            (rising edge-triggered flip-flop clocked by clk)
Endpoint: v_decode.v_rf_ctrl.stage_rf_wr_data.internal_data[135]$_DFFE_PN_
          (rising edge-triggered flip-flop clocked by clk)
Path Group: clk
Path Type: max

Fanout     Cap    Slew   Delay    Time   Description
-----------------------------------------------------------------------------
                  0.00    0.00    0.00   clock clk (rise edge)
                          0.00    0.00   clock network delay (ideal)
                  0.00    0.00    0.00 ^ v_decode.v_rf_ctrl.stage_rf_wr_addr.internal_data[16]$_DFFE_PN_/CLK (DFFHQNx1_ASAP7_75t_R)
  2319 1867.77 10873.02 4925.12 4925.12 ^ v_decode.v_rf_ctrl.stage_rf_wr_addr.internal_data[16]$_DFFE_PN_/QN (DFFHQNx1_ASAP7_75t_R)
                                         _000004_ (net)
               10873.02    0.00 4925.12 ^ _226329_/A (INVx2_ASAP7_75t_R)
  1797 1407.85 1851.17 34385.01 39310.13 v _226329_/Y (INVx2_ASAP7_75t_R)
                                         _136308_ (net)
               1851.17    0.00 39310.13 v _226451_/A2 (AO221x1_ASAP7_75t_R)
     5    2.63   46.69  148.03 39458.16 v _226451_/Y (AO221x1_ASAP7_75t_R)
                                         _136421_ (net)
                 46.69    0.00 39458.16 v _226453_/B (OR3x1_ASAP7_75t_R)
   104   68.46  368.41  208.21 39666.37 v _226453_/Y (OR3x1_ASAP7_75t_R)
                                         _136423_ (net)
                368.41    0.00 39666.37 v _226693_/A2 (OA21x2_ASAP7_75t_R)
     3    2.47   19.00   62.50 39728.88 v _226693_/Y (OA21x2_ASAP7_75t_R)
                                         _136663_ (net)
                 19.00    0.00 39728.88 v _226695_/A2 (OA211x2_ASAP7_75t_R)
     3    1.75   20.24   26.90 39755.78 v _226695_/Y (OA211x2_ASAP7_75t_R)
                                         _136665_ (net)
                 20.24    0.00 39755.78 v _226698_/B (OR3x1_ASAP7_75t_R)
     1    0.61   36.61   25.84 39781.62 v _226698_/Y (OR3x1_ASAP7_75t_R)
                                         _136668_ (net)
                 36.61    0.00 39781.62 v _226708_/A1 (AO21x2_ASAP7_75t_R)
     6    4.33   22.14   30.99 39812.61 v _226708_/Y (AO21x2_ASAP7_75t_R)
                                         _136678_ (net)
                 22.14    0.00 39812.61 v _226912_/A2 (AO21x1_ASAP7_75t_R)
    18   12.02   62.72   45.39 39857.99 v _226912_/Y (AO21x1_ASAP7_75t_R)
                                         _136882_ (net)
                 62.72    0.00 39857.99 v _227075_/A (OR4x1_ASAP7_75t_R)
     4    3.57   27.93   50.46 39908.45 v _227075_/Y (OR4x1_ASAP7_75t_R)
                                         _137045_ (net)
                 27.93    0.00 39908.45 v _227087_/A2 (AO211x2_ASAP7_75t_R)
    13    8.50   26.11   31.10 39939.55 v _227087_/Y (AO211x2_ASAP7_75t_R)
                                         _137057_ (net)
                 26.11    0.00 39939.55 v _227121_/B (OR4x1_ASAP7_75t_R)
    10    7.42   46.93   55.04 39994.59 v _227121_/Y (OR4x1_ASAP7_75t_R)
                                         _137091_ (net)
                 46.93    0.00 39994.59 v _227140_/A1 (OAI21x1_ASAP7_75t_R)
    19   13.19   86.76   52.83 40047.41 ^ _227140_/Y (OAI21x1_ASAP7_75t_R)
                                         _137110_ (net)
                 86.76    0.00 40047.41 ^ _227204_/A (AND4x1_ASAP7_75t_R)
     3    2.89   27.86   46.96 40094.38 ^ _227204_/Y (AND4x1_ASAP7_75t_R)
                                         _137174_ (net)
                 27.86    0.00 40094.38 ^ _227221_/A1 (AOI21x1_ASAP7_75t_R)
    17   11.24   55.68   34.36 40128.73 v _227221_/Y (AOI21x1_ASAP7_75t_R)
                                         _137191_ (net)
                 55.68    0.00 40128.73 v _227282_/B (OR5x1_ASAP7_75t_R)
     8    6.85   46.95   65.97 40194.71 v _227282_/Y (OR5x1_ASAP7_75t_R)
                                         _137252_ (net)
                 46.95    0.00 40194.71 v _227325_/A2 (AO211x2_ASAP7_75t_R)
    18   11.63   33.42   37.38 40232.09 v _227325_/Y (AO211x2_ASAP7_75t_R)
                                         _137295_ (net)
                 33.42    0.00 40232.09 v _227359_/B1 (OA33x2_ASAP7_75t_R)
    18   11.86   43.88   47.90 40279.98 v _227359_/Y (OA33x2_ASAP7_75t_R)
                                         _137329_ (net)
                 43.88    0.00 40279.98 v _227433_/A (OR3x2_ASAP7_75t_R)
    14   11.80   40.04   55.84 40335.83 v _227433_/Y (OR3x2_ASAP7_75t_R)
                                         _137403_ (net)
                 40.04    0.00 40335.83 v _227438_/A1 (OAI21x1_ASAP7_75t_R)
    18   13.19   85.56   50.66 40386.48 ^ _227438_/Y (OAI21x1_ASAP7_75t_R)
                                         _137408_ (net)
                 85.56    0.00 40386.48 ^ _227490_/C (AND5x1_ASAP7_75t_R)
    12    7.00   56.41   65.08 40451.57 ^ _227490_/Y (AND5x1_ASAP7_75t_R)
                                         _137460_ (net)
                 56.41    0.00 40451.57 ^ _227535_/A2 (OA21x2_ASAP7_75t_R)
    10    6.19   23.21   32.73 40484.30 ^ _227535_/Y (OA21x2_ASAP7_75t_R)
                                         _137505_ (net)
                 23.21    0.00 40484.30 ^ _227557_/A1 (AO21x1_ASAP7_75t_R)
    36   29.81  177.85   92.15 40576.45 ^ _227557_/Y (AO21x1_ASAP7_75t_R)
                                         _137527_ (net)
                177.85    0.00 40576.45 ^ _227624_/A (AND3x1_ASAP7_75t_R)
    10    6.70   51.74   62.78 40639.23 ^ _227624_/Y (AND3x1_ASAP7_75t_R)
                                         _137594_ (net)
                 51.74    0.00 40639.23 ^ _227629_/B1 (AOI22x1_ASAP7_75t_R)
    24   17.77   99.50   50.83 40690.05 v _227629_/Y (AOI22x1_ASAP7_75t_R)
                                         _137599_ (net)
                 99.50    0.00 40690.05 v _227692_/A (OR4x1_ASAP7_75t_R)
    28   16.53   95.40   93.13 40783.18 v _227692_/Y (OR4x1_ASAP7_75t_R)
                                         _137662_ (net)
                 95.40    0.00 40783.18 v _227697_/A1 (OA21x2_ASAP7_75t_R)
    27   20.14   54.30   55.46 40838.64 v _227697_/Y (OA21x2_ASAP7_75t_R)
                                         _137667_ (net)
                 54.30    0.00 40838.64 v _227737_/B (OR4x1_ASAP7_75t_R)
    38   25.54  141.90  108.30 40946.93 v _227737_/Y (OR4x1_ASAP7_75t_R)
                                         _137707_ (net)
                141.90    0.00 40946.93 v _228565_/A1 (OAI21x1_ASAP7_75t_R)
    25   19.40  137.87   97.32 41044.25 ^ _228565_/Y (OAI21x1_ASAP7_75t_R)
                                         _138535_ (net)
                137.87    0.00 41044.25 ^ _228601_/B (AND4x1_ASAP7_75t_R)
    14   11.19   82.60   78.84 41123.09 ^ _228601_/Y (AND4x1_ASAP7_75t_R)
                                         _138571_ (net)
                 82.60    0.00 41123.09 ^ _238321_/A1 (AO21x2_ASAP7_75t_R)
    50   39.77  122.06   76.80 41199.89 ^ _238321_/Y (AO21x2_ASAP7_75t_R)
                                         _148291_ (net)
                122.06    0.00 41199.89 ^ _238376_/C (AND5x1_ASAP7_75t_R)
     9    5.91   54.73   65.01 41264.90 ^ _238376_/Y (AND5x1_ASAP7_75t_R)
                                         _148346_ (net)
                 54.73    0.00 41264.90 ^ _238408_/A2 (OA211x2_ASAP7_75t_R)
    28   21.09   67.78   58.20 41323.10 ^ _238408_/Y (OA211x2_ASAP7_75t_R)
                                         _148378_ (net)
                 67.78    0.00 41323.10 ^ _238437_/A1 (AO31x2_ASAP7_75t_R)
    72   54.41  165.85   98.41 41421.51 ^ _238437_/Y (AO31x2_ASAP7_75t_R)
                                         _148407_ (net)
                165.85    0.00 41421.51 ^ _239077_/B1 (AO221x1_ASAP7_75t_R)
     3    3.11   25.62   46.59 41468.09 ^ _239077_/Y (AO221x1_ASAP7_75t_R)
                                         _149047_ (net)
                 25.62    0.00 41468.09 ^ _239167_/B (NAND3x1_ASAP7_75t_R)
   245  160.71  799.91  374.20 41842.30 v _239167_/Y (NAND3x1_ASAP7_75t_R)
                                         _149137_ (net)
                799.91    0.00 41842.30 v _273335_/B (NAND2x1_ASAP7_75t_R)
     5    3.28  152.92  133.51 41975.81 ^ _273335_/Y (NAND2x1_ASAP7_75t_R)
                                         _183305_ (net)
                152.92    0.00 41975.81 ^ _273368_/B (AND4x1_ASAP7_75t_R)
     2    1.07   17.24   45.52 42021.34 ^ _273368_/Y (AND4x1_ASAP7_75t_R)
                                         _183338_ (net)
                 17.24    0.00 42021.34 ^ _273504_/A1 (OA211x2_ASAP7_75t_R)
     1    0.57    8.76   21.04 42042.38 ^ _273504_/Y (OA211x2_ASAP7_75t_R)
                                         _183474_ (net)
                  8.76    0.00 42042.38 ^ _273508_/A2 (OA211x2_ASAP7_75t_R)
     1    1.05    9.07   19.03 42061.41 ^ _273508_/Y (OA211x2_ASAP7_75t_R)
                                         _183478_ (net)
                  9.07    0.00 42061.41 ^ _273509_/A (XNOR2x2_ASAP7_75t_R)
     4    3.63   15.96   33.78 42095.19 v _273509_/Y (XNOR2x2_ASAP7_75t_R)
                                         _183479_ (net)
                 15.96    0.00 42095.19 v _273520_/C (AND3x1_ASAP7_75t_R)
     2    1.20   10.06   18.02 42113.21 v _273520_/Y (AND3x1_ASAP7_75t_R)
                                         _183490_ (net)
                 10.06    0.00 42113.21 v _273527_/B (OR3x1_ASAP7_75t_R)
     4    3.58   25.07   33.58 42146.79 v _273527_/Y (OR3x1_ASAP7_75t_R)
                                         _183497_ (net)
                 25.07    0.00 42146.79 v _274148_/A (MAJx2_ASAP7_75t_R)
     1    1.10    9.46   27.26 42174.05 v _274148_/Y (MAJx2_ASAP7_75t_R)
                                         _184118_ (net)
                  9.46    0.00 42174.05 v _274151_/B1 (OAI22x1_ASAP7_75t_R)
     1    1.01   16.09   10.87 42184.92 ^ _274151_/Y (OAI22x1_ASAP7_75t_R)
                                         _184121_ (net)
                 16.09    0.00 42184.92 ^ _274152_/B (XNOR2x2_ASAP7_75t_R)
     2    1.70   10.58   31.89 42216.82 v _274152_/Y (XNOR2x2_ASAP7_75t_R)
                                         _184122_ (net)
                 10.58    0.00 42216.82 v _274206_/A (MAJx2_ASAP7_75t_R)
     2    1.70   10.85   23.93 42240.75 v _274206_/Y (MAJx2_ASAP7_75t_R)
                                         _184176_ (net)
                 10.85    0.00 42240.75 v _274212_/A (MAJx2_ASAP7_75t_R)
     2    1.70   10.85   24.02 42264.77 v _274212_/Y (MAJx2_ASAP7_75t_R)
                                         _184182_ (net)
                 10.85    0.00 42264.77 v _274217_/A (MAJx2_ASAP7_75t_R)
     2    1.95   11.54   24.52 42289.29 v _274217_/Y (MAJx2_ASAP7_75t_R)
                                         _184187_ (net)
                 11.54    0.00 42289.29 v _274218_/C (MAJx2_ASAP7_75t_R)
     2    1.70   10.84   25.30 42314.58 v _274218_/Y (MAJx2_ASAP7_75t_R)
                                         _184188_ (net)
                 10.84    0.00 42314.58 v _274225_/A (MAJx2_ASAP7_75t_R)
     2    1.70   10.85   24.02 42338.60 v _274225_/Y (MAJx2_ASAP7_75t_R)
                                         _184195_ (net)
                 10.85    0.00 42338.60 v _274231_/A (MAJx2_ASAP7_75t_R)
     6    4.66   18.84   29.31 42367.91 v _274231_/Y (MAJx2_ASAP7_75t_R)
                                         _184201_ (net)
                 18.84    0.00 42367.91 v _274841_/A (OR2x2_ASAP7_75t_R)
     3    2.31   11.62   24.68 42392.60 v _274841_/Y (OR2x2_ASAP7_75t_R)
                                         _184811_ (net)
                 11.62    0.00 42392.60 v _274842_/A (MAJx2_ASAP7_75t_R)
     1    0.57    7.73   22.01 42414.60 v _274842_/Y (MAJx2_ASAP7_75t_R)
                                         _184812_ (net)
                  7.73    0.00 42414.60 v _274847_/B1 (AO221x1_ASAP7_75t_R)
     3    2.34   16.56   24.82 42439.42 v _274847_/Y (AO221x1_ASAP7_75t_R)
                                         _184817_ (net)
                 16.56    0.00 42439.42 v _274863_/A (XNOR2x2_ASAP7_75t_R)
     1    1.01    8.94   26.20 42465.61 ^ _274863_/Y (XNOR2x2_ASAP7_75t_R)
                                         _184833_ (net)
                  8.94    0.00 42465.61 ^ _274864_/B (XNOR2x2_ASAP7_75t_R)
     5    3.20   14.69   33.09 42498.71 v _274864_/Y (XNOR2x2_ASAP7_75t_R)
                                         _184834_ (net)
                 14.69    0.00 42498.71 v _274867_/A (OR2x2_ASAP7_75t_R)
     5    2.82   13.00   24.62 42523.32 v _274867_/Y (OR2x2_ASAP7_75t_R)
                                         _184837_ (net)
                 13.00    0.00 42523.32 v _274949_/A (AND2x2_ASAP7_75t_R)
     1    1.05    7.21   18.86 42542.18 v _274949_/Y (AND2x2_ASAP7_75t_R)
                                         _184919_ (net)
                  7.21    0.00 42542.18 v _274951_/A (XNOR2x2_ASAP7_75t_R)
     2    1.73   10.66   23.73 42565.91 v _274951_/Y (XNOR2x2_ASAP7_75t_R)
                                         _184921_ (net)
                 10.66    0.00 42565.91 v _277623_/B (XOR2x2_ASAP7_75t_R)
     4    3.37   16.83   33.21 42599.12 ^ _277623_/Y (XOR2x2_ASAP7_75t_R)
                                         _187593_ (net)
                 16.83    0.00 42599.12 ^ _277625_/C (AND3x1_ASAP7_75t_R)
     1    1.08   13.11   23.13 42622.25 ^ _277625_/Y (AND3x1_ASAP7_75t_R)
                                         _187595_ (net)
                 13.11    0.00 42622.25 ^ _277626_/A2 (OAI21x1_ASAP7_75t_R)
     2    1.54   15.26    9.30 42631.55 v _277626_/Y (OAI21x1_ASAP7_75t_R)
                                         _187596_ (net)
                 15.26    0.00 42631.55 v _277820_/A (AND2x2_ASAP7_75t_R)
     1    0.55    5.89   18.82 42650.37 v _277820_/Y (AND2x2_ASAP7_75t_R)
                                         _187790_ (net)
                  5.89    0.00 42650.37 v _277821_/E (OR5x1_ASAP7_75t_R)
     3    2.65   24.56   46.59 42696.96 v _277821_/Y (OR5x1_ASAP7_75t_R)
                                         _187791_ (net)
                 24.56    0.00 42696.96 v _277970_/A1 (OA21x2_ASAP7_75t_R)
     1    0.65    6.45   19.68 42716.64 v _277970_/Y (OA21x2_ASAP7_75t_R)
                                         _187940_ (net)
                  6.45    0.00 42716.64 v _277971_/A2 (OA21x2_ASAP7_75t_R)
     2    1.83    9.05   17.96 42734.60 v _277971_/Y (OA21x2_ASAP7_75t_R)
                                         _187941_ (net)
                  9.05    0.00 42734.60 v _277975_/B (OR3x1_ASAP7_75t_R)
     3    2.79   20.82   31.05 42765.65 v _277975_/Y (OR3x1_ASAP7_75t_R)
                                         _187945_ (net)
                 20.82    0.00 42765.65 v _277976_/B (NAND2x1_ASAP7_75t_R)
     4    3.77   32.57   22.31 42787.96 ^ _277976_/Y (NAND2x1_ASAP7_75t_R)
                                         _187946_ (net)
                 32.57    0.00 42787.96 ^ _277977_/B (XNOR2x2_ASAP7_75t_R)
     6    5.45   20.62   41.68 42829.64 v _277977_/Y (XNOR2x2_ASAP7_75t_R)
                                         _187947_ (net)
                 20.62    0.00 42829.64 v _277978_/C (AOI211x1_ASAP7_75t_R)
     2    1.99   26.34   17.97 42847.61 ^ _277978_/Y (AOI211x1_ASAP7_75t_R)
                                         _187948_ (net)
                 26.34    0.00 42847.61 ^ _278008_/A1 (OA31x2_ASAP7_75t_R)
     4    3.62   16.28   31.03 42878.64 ^ _278008_/Y (OA31x2_ASAP7_75t_R)
                                         _187978_ (net)
                 16.28    0.00 42878.64 ^ _278028_/A2 (AO32x1_ASAP7_75t_R)
     6    4.29   30.06   30.04 42908.68 ^ _278028_/Y (AO32x1_ASAP7_75t_R)
                                         _187998_ (net)
                 30.06    0.00 42908.68 ^ _278047_/A (AND4x1_ASAP7_75t_R)
    11    8.31   62.21   54.92 42963.60 ^ _278047_/Y (AND4x1_ASAP7_75t_R)
                                         _188017_ (net)
                 62.21    0.00 42963.60 ^ _285304_/A (AND2x2_ASAP7_75t_R)
     5    3.94   19.02   30.82 42994.41 ^ _285304_/Y (AND2x2_ASAP7_75t_R)
                                         _195274_ (net)
                 19.02    0.00 42994.41 ^ _294022_/B (XNOR2x2_ASAP7_75t_R)
     2    1.53   10.12   32.26 43026.67 v _294022_/Y (XNOR2x2_ASAP7_75t_R)
                                         _203992_ (net)
                 10.12    0.00 43026.67 v _294023_/B (XOR2x2_ASAP7_75t_R)
     5    3.98   16.63   28.17 43054.84 v _294023_/Y (XOR2x2_ASAP7_75t_R)
                                         _203993_ (net)
                 16.63    0.00 43054.84 v _294024_/C (OA211x2_ASAP7_75t_R)
     2    1.58   11.62   31.13 43085.98 v _294024_/Y (OA211x2_ASAP7_75t_R)
                                         _203994_ (net)
                 11.62    0.00 43085.98 v _294037_/A2 (AO21x1_ASAP7_75t_R)
     2    1.67   11.88   18.08 43104.05 v _294037_/Y (AO21x1_ASAP7_75t_R)
                                         _204007_ (net)
                 11.88    0.00 43104.05 v _294043_/A (XNOR2x2_ASAP7_75t_R)
     5    4.16   19.30   30.59 43134.64 ^ _294043_/Y (XNOR2x2_ASAP7_75t_R)
                                         _204013_ (net)
                 19.30    0.00 43134.64 ^ _294049_/C (AND4x2_ASAP7_75t_R)
     6    4.89   26.64   40.97 43175.61 ^ _294049_/Y (AND4x2_ASAP7_75t_R)
                                         _204019_ (net)
                 26.64    0.00 43175.61 ^ _294050_/B (AND2x4_ASAP7_75t_R)
     9    7.73   18.03   26.48 43202.08 ^ _294050_/Y (AND2x4_ASAP7_75t_R)
                                         _204020_ (net)
                 18.03    0.00 43202.08 ^ _294079_/A (AND4x1_ASAP7_75t_R)
     3    2.23   22.48   31.90 43233.98 ^ _294079_/Y (AND4x1_ASAP7_75t_R)
                                         _204049_ (net)
                 22.48    0.00 43233.98 ^ _294513_/D (AND4x1_ASAP7_75t_R)
     3    2.61   24.76   35.48 43269.46 ^ _294513_/Y (AND4x1_ASAP7_75t_R)
                                         _204483_ (net)
                 24.76    0.00 43269.46 ^ _294514_/B (XNOR2x2_ASAP7_75t_R)
     3    2.71   14.69   27.76 43297.22 ^ _294514_/Y (XNOR2x2_ASAP7_75t_R)
                                         _204484_ (net)
                 14.69    0.00 43297.22 ^ _294535_/B (OR2x2_ASAP7_75t_R)
     2    2.16   11.55   19.65 43316.87 ^ _294535_/Y (OR2x2_ASAP7_75t_R)
                                         _204505_ (net)
                 11.55    0.00 43316.87 ^ _294536_/A (AND2x4_ASAP7_75t_R)
     3    2.90    9.58   17.74 43334.61 ^ _294536_/Y (AND2x4_ASAP7_75t_R)
                                         _204506_ (net)
                  9.58    0.00 43334.61 ^ _294545_/A3 (AO31x2_ASAP7_75t_R)
     2    2.04   11.63   17.62 43352.23 ^ _294545_/Y (AO31x2_ASAP7_75t_R)
                                         _204515_ (net)
                 11.63    0.00 43352.23 ^ _294559_/A2 (AOI211x1_ASAP7_75t_R)
     7    4.63   51.48   29.48 43381.71 v _294559_/Y (AOI211x1_ASAP7_75t_R)
                                         _204529_ (net)
                 51.48    0.00 43381.71 v _329683_/A2 (OA21x2_ASAP7_75t_R)
     5    3.66   14.77   31.65 43413.36 v _329683_/Y (OA21x2_ASAP7_75t_R)
                                         _042959_ (net)
                 14.77    0.00 43413.36 v _329781_/B (AND2x2_ASAP7_75t_R)
     4    3.76   14.32   23.09 43436.45 v _329781_/Y (AND2x2_ASAP7_75t_R)
                                         _043067_ (net)
                 14.32    0.00 43436.45 v _329782_/B (XNOR2x1_ASAP7_75t_R)
     3    2.69   20.63   22.96 43459.41 v _329782_/Y (XNOR2x1_ASAP7_75t_R)
                                         _043068_ (net)
                 20.63    0.00 43459.41 v _329783_/B (AND2x2_ASAP7_75t_R)
     2    1.06    7.30   20.66 43480.07 v _329783_/Y (AND2x2_ASAP7_75t_R)
                                         _043069_ (net)
                  7.30    0.00 43480.07 v _329820_/D (OR5x1_ASAP7_75t_R)
     1    0.61   12.58   37.10 43517.17 v _329820_/Y (OR5x1_ASAP7_75t_R)
                                         _043110_ (net)
                 12.58    0.00 43517.17 v _331185_/B1 (OA33x2_ASAP7_75t_R)
     3    2.33   14.47   29.34 43546.51 v _331185_/Y (OA33x2_ASAP7_75t_R)
                                         _044610_ (net)
                 14.47    0.00 43546.51 v _362491_/A (NAND2x1_ASAP7_75t_R)
     3    2.19   21.67   16.76 43563.27 ^ _362491_/Y (NAND2x1_ASAP7_75t_R)
                                         _079007_ (net)
                 21.67    0.00 43563.27 ^ _362492_/B (NAND2x1_ASAP7_75t_R)
     2    2.10   19.77   13.59 43576.86 v _362492_/Y (NAND2x1_ASAP7_75t_R)
                                         _079008_ (net)
                 19.77    0.00 43576.86 v _362494_/A (XNOR2x2_ASAP7_75t_R)
     7    5.42   23.58   34.49 43611.35 ^ _362494_/Y (XNOR2x2_ASAP7_75t_R)
                                         _079010_ (net)
                 23.58    0.00 43611.35 ^ _362495_/B (AND2x2_ASAP7_75t_R)
     4    3.28   16.10   25.41 43636.76 ^ _362495_/Y (AND2x2_ASAP7_75t_R)
                                         _079011_ (net)
                 16.10    0.00 43636.76 ^ _362524_/B (AND5x2_ASAP7_75t_R)
     9    6.54   31.30   41.63 43678.39 ^ _362524_/Y (AND5x2_ASAP7_75t_R)
                                         _079043_ (net)
                 31.30    0.00 43678.39 ^ _362560_/A (AND4x1_ASAP7_75t_R)
    10    6.34   49.32   49.11 43727.49 ^ _362560_/Y (AND4x1_ASAP7_75t_R)
                                         _079083_ (net)
                 49.32    0.00 43727.49 ^ _362562_/C (AND3x1_ASAP7_75t_R)
     4    2.43   22.34   32.17 43759.66 ^ _362562_/Y (AND3x1_ASAP7_75t_R)
                                         _079085_ (net)
                 22.34    0.00 43759.66 ^ _362572_/A (AND2x2_ASAP7_75t_R)
     6    3.87   17.94   24.99 43784.64 ^ _362572_/Y (AND2x2_ASAP7_75t_R)
                                         _079096_ (net)
                 17.94    0.00 43784.64 ^ _362625_/C (AND3x1_ASAP7_75t_R)
     2    1.19   13.87   23.76 43808.41 ^ _362625_/Y (AND3x1_ASAP7_75t_R)
                                         _079154_ (net)
                 13.87    0.00 43808.41 ^ _362628_/C (OR3x1_ASAP7_75t_R)
     1    0.60    7.60   14.50 43822.91 ^ _362628_/Y (OR3x1_ASAP7_75t_R)
                                         _079157_ (net)
                  7.60    0.00 43822.91 ^ _362629_/C (AND3x1_ASAP7_75t_R)
     1    1.01   12.35   21.33 43844.24 ^ _362629_/Y (AND3x1_ASAP7_75t_R)
                                         _079158_ (net)
                 12.35    0.00 43844.24 ^ _362630_/B (XNOR2x2_ASAP7_75t_R)
     5    4.61   18.39   36.28 43880.52 v _362630_/Y (XNOR2x2_ASAP7_75t_R)
                                         _079160_ (net)
                 18.39    0.00 43880.52 v _363481_/B (MAJx2_ASAP7_75t_R)
     2    1.24    9.62   27.57 43908.09 v _363481_/Y (MAJx2_ASAP7_75t_R)
                                         _080095_ (net)
                  9.62    0.00 43908.09 v _363499_/B (OR4x1_ASAP7_75t_R)
     1    0.63   11.40   28.92 43937.01 v _363499_/Y (OR4x1_ASAP7_75t_R)
                                         _080114_ (net)
                 11.40    0.00 43937.01 v _363500_/B (AO21x1_ASAP7_75t_R)
     1    0.43    6.57   15.53 43952.54 v _363500_/Y (AO21x1_ASAP7_75t_R)
                                         _080116_ (net)
                  6.57    0.00 43952.54 v _363501_/B1 (AO22x1_ASAP7_75t_R)
     2    1.63   12.47   21.23 43973.76 v _363501_/Y (AO22x1_ASAP7_75t_R)
                                         _080117_ (net)
                 12.47    0.00 43973.76 v _363502_/B (AND2x2_ASAP7_75t_R)
     2    1.70    8.90   18.94 43992.70 v _363502_/Y (AND2x2_ASAP7_75t_R)
                                         _080118_ (net)
                  8.90    0.00 43992.70 v _363511_/A (MAJx2_ASAP7_75t_R)
     1    0.57    7.72   21.17 44013.88 v _363511_/Y (MAJx2_ASAP7_75t_R)
                                         _080128_ (net)
                  7.72    0.00 44013.88 v _363525_/A2 (OA211x2_ASAP7_75t_R)
     3    1.94   12.52   23.93 44037.80 v _363525_/Y (OA211x2_ASAP7_75t_R)
                                         _080143_ (net)
                 12.52    0.00 44037.80 v _363534_/A (MAJx2_ASAP7_75t_R)
     1    1.09    9.17   23.33 44061.14 v _363534_/Y (MAJx2_ASAP7_75t_R)
                                         _080153_ (net)
                  9.17    0.00 44061.14 v _363536_/A2 (AOI21x1_ASAP7_75t_R)
     4    3.49   25.50   15.70 44076.83 ^ _363536_/Y (AOI21x1_ASAP7_75t_R)
                                         _080155_ (net)
                 25.50    0.00 44076.83 ^ _363672_/A1 (OAI21x1_ASAP7_75t_R)
    16   12.46   59.86   33.54 44110.38 v _363672_/Y (OAI21x1_ASAP7_75t_R)
                                         _080305_ (net)
                 59.86    0.00 44110.38 v _366243_/A (NAND3x1_ASAP7_75t_R)
     2    2.11   30.67   28.08 44138.45 ^ _366243_/Y (NAND3x1_ASAP7_75t_R)
                                         _083130_ (net)
                 30.67    0.00 44138.45 ^ _366265_/B (XNOR2x2_ASAP7_75t_R)
     1    0.60    7.64   32.44 44170.89 v _366265_/Y (XNOR2x2_ASAP7_75t_R)
                                         _083154_ (net)
                  7.64    0.00 44170.89 v _366266_/C2 (AO222x2_ASAP7_75t_R)
     1    0.90   21.33   28.50 44199.39 v _366266_/Y (AO222x2_ASAP7_75t_R)
                                         _083155_ (net)
                 21.33    0.00 44199.39 v _366267_/B (XNOR2x2_ASAP7_75t_R)
     3    2.39   14.08   30.05 44229.44 ^ _366267_/Y (XNOR2x2_ASAP7_75t_R)
                                         _083156_ (net)
                 14.08    0.00 44229.44 ^ _366268_/E (AND5x1_ASAP7_75t_R)
     6    4.46   38.66   47.59 44277.02 ^ _366268_/Y (AND5x1_ASAP7_75t_R)
                                         _083157_ (net)
                 38.66    0.00 44277.02 ^ _366331_/A1 (AO32x1_ASAP7_75t_R)
     9    6.89   46.08   42.31 44319.33 ^ _366331_/Y (AO32x1_ASAP7_75t_R)
                                         _083227_ (net)
                 46.08    0.00 44319.33 ^ _366505_/A (AND5x2_ASAP7_75t_R)
     3    2.74   18.97   37.66 44356.99 ^ _366505_/Y (AND5x2_ASAP7_75t_R)
                                         _083418_ (net)
                 18.97    0.00 44356.99 ^ _368112_/A2 (OA211x2_ASAP7_75t_R)
     4    3.26   15.70   26.12 44383.11 ^ _368112_/Y (OA211x2_ASAP7_75t_R)
                                         _085184_ (net)
                 15.70    0.00 44383.11 ^ _368113_/E (AND5x1_ASAP7_75t_R)
     9    7.25   56.93   56.70 44439.81 ^ _368113_/Y (AND5x1_ASAP7_75t_R)
                                         _085185_ (net)
                 56.93    0.00 44439.81 ^ _373996_/A (AND5x2_ASAP7_75t_R)
     5    3.88   22.80   41.40 44481.21 ^ _373996_/Y (AND5x2_ASAP7_75t_R)
                                         _091649_ (net)
                 22.80    0.00 44481.21 ^ _377004_/A2 (OA211x2_ASAP7_75t_R)
     9    8.11   29.58   34.53 44515.75 ^ _377004_/Y (OA211x2_ASAP7_75t_R)
                                         _094954_ (net)
                 29.58    0.00 44515.75 ^ _381226_/A1 (AO31x2_ASAP7_75t_R)
     1    0.56   10.44   19.36 44535.11 ^ _381226_/Y (AO31x2_ASAP7_75t_R)
                                         _099586_ (net)
                 10.44    0.00 44535.11 ^ _381227_/B1 (OA31x2_ASAP7_75t_R)
     1    1.01   10.25   21.43 44556.54 ^ _381227_/Y (OA31x2_ASAP7_75t_R)
                                         _099587_ (net)
                 10.25    0.00 44556.54 ^ _381228_/B (XNOR2x2_ASAP7_75t_R)
     1    0.65    7.85   28.34 44584.88 v _381228_/Y (XNOR2x2_ASAP7_75t_R)
                                         _099588_ (net)
                  7.85    0.00 44584.88 v _381251_/A2 (OA21x2_ASAP7_75t_R)
     1    0.55   22.23   16.18 44601.05 v _381251_/Y (OA21x2_ASAP7_75t_R)
                                         _099614_ (net)
                 22.23    0.00 44601.05 v _381436_/A (OR5x1_ASAP7_75t_R)
     5    3.03   26.58   43.73 44644.78 v _381436_/Y (OR5x1_ASAP7_75t_R)
                                         _099817_ (net)
                 26.58    0.00 44644.78 v _381612_/A2 (AO221x1_ASAP7_75t_R)
     1    0.63   28.85   24.55 44669.34 v _381612_/Y (AO221x1_ASAP7_75t_R)
                                         _100011_ (net)
                 28.85    0.00 44669.34 v _381613_/B (OA21x2_ASAP7_75t_R)
     1    0.62   39.34   17.99 44687.33 v _381613_/Y (OA21x2_ASAP7_75t_R)
                                         _005333_ (net)
                 39.34    0.00 44687.33 v v_decode.v_rf_ctrl.stage_rf_wr_data.internal_data[135]$_DFFE_PN_/D (DFFHQNx1_ASAP7_75t_R)
                               44687.33   data arrival time

                  0.00 5555.00 5555.00   clock clk (rise edge)
                          0.00 5555.00   clock network delay (ideal)
                          0.00 5555.00   clock reconvergence pessimism
                               5555.00 ^ v_decode.v_rf_ctrl.stage_rf_wr_data.internal_data[135]$_DFFE_PN_/CLK (DFFHQNx1_ASAP7_75t_R)
                        -11.24 5543.76   library setup time
                               5543.76   data required time
-----------------------------------------------------------------------------
                               5543.76   data required time
                               -44687.33   data arrival time
-----------------------------------------------------------------------------
                               -39143.57   slack (VIOLATED)



==========================================================================
floorplan final report_power
--------------------------------------------------------------------------
Group                  Internal  Switching    Leakage      Total
                          Power      Power      Power      Power (Watts)
----------------------------------------------------------------
Sequential             2.52e-03   7.53e-04   6.97e-07   3.27e-03  36.1%
Combinational          3.59e-03   2.17e-03   2.67e-05   5.79e-03  63.9%
Clock                  0.00e+00   0.00e+00   0.00e+00   0.00e+00   0.0%
Macro                  0.00e+00   0.00e+00   0.00e+00   0.00e+00   0.0%
Pad                    0.00e+00   0.00e+00   0.00e+00   0.00e+00   0.0%
----------------------------------------------------------------
Total                  6.11e-03   2.92e-03   2.74e-05   9.06e-03 100.0%
                          67.4%      32.3%       0.3%
