
==========================================================================
cts final report_tns
--------------------------------------------------------------------------
tns 0.00

==========================================================================
cts final report_wns
--------------------------------------------------------------------------
wns 0.00

==========================================================================
cts final report_worst_slack
--------------------------------------------------------------------------
worst slack 2226.43

==========================================================================
cts final report_clock_skew
--------------------------------------------------------------------------
Clock clk
No launch/capture paths found.


==========================================================================
cts final report_checks -path_delay min
--------------------------------------------------------------------------
Startpoint: srcb[152] (input port clocked by clk)
Endpoint: result[120] (output port clocked by clk)
Path Group: clk
Path Type: min

Fanout     Cap    Slew   Delay    Time   Description
-----------------------------------------------------------------------------
                  0.00    0.00    0.00   clock clk (rise edge)
                          0.00    0.00   clock network delay (ideal)
                       1000.00 1000.00 ^ input external delay
     1    0.58    0.00    0.00 1000.00 ^ srcb[152] (in)
                                         srcb[152] (net)
                  0.03    0.01 1000.01 ^ input199/A (BUFx2_ASAP7_75t_R)
     1    0.48    4.82    9.76 1009.77 ^ input199/Y (BUFx2_ASAP7_75t_R)
                                         net199 (net)
                  4.82    0.00 1009.77 ^ _2172_/A1 (OA22x2_ASAP7_75t_R)
     1    0.55    5.11   11.88 1021.65 ^ _2172_/Y (OA22x2_ASAP7_75t_R)
                                         net308 (net)
                  5.11    0.01 1021.66 ^ output308/A (BUFx2_ASAP7_75t_R)
     1    0.06    3.72   10.65 1032.32 ^ output308/Y (BUFx2_ASAP7_75t_R)
                                         result[120] (net)
                  3.72    0.00 1032.32 ^ result[120] (out)
                               1032.32   data arrival time

                  0.00    0.00    0.00   clock clk (rise edge)
                          0.00    0.00   clock network delay (ideal)
                          0.00    0.00   clock reconvergence pessimism
                       -1000.00 -1000.00   output external delay
                               -1000.00   data required time
-----------------------------------------------------------------------------
                               -1000.00   data required time
                               -1032.32   data arrival time
-----------------------------------------------------------------------------
                               2032.32   slack (MET)



==========================================================================
cts final report_checks -path_delay max
--------------------------------------------------------------------------
Startpoint: is_reduct (input port clocked by clk)
Endpoint: result[126] (output port clocked by clk)
Path Group: clk
Path Type: max

Fanout     Cap    Slew   Delay    Time   Description
-----------------------------------------------------------------------------
                  0.00    0.00    0.00   clock clk (rise edge)
                          0.00    0.00   clock network delay (ideal)
                       1000.00 1000.00 v input external delay
     1    2.64    0.00    0.00 1000.00 v is_reduct (in)
                                         is_reduct (net)
                  0.05    0.01 1000.01 v input7/A (BUFx16f_ASAP7_75t_R)
    35   37.72   20.56   14.16 1014.18 v input7/Y (BUFx16f_ASAP7_75t_R)
                                         net7 (net)
                 61.81   19.27 1033.45 v wire498/A (BUFx16f_ASAP7_75t_R)
     6   25.86    9.65   28.19 1061.64 v wire498/Y (BUFx16f_ASAP7_75t_R)
                                         net498 (net)
                109.00   34.43 1096.08 v _1115_/A (AND2x6_ASAP7_75t_R)
     3   18.69   26.08   53.27 1149.35 v _1115_/Y (AND2x6_ASAP7_75t_R)
                                         _0565_ (net)
                 26.61    1.85 1151.19 v wire474/A (BUFx16f_ASAP7_75t_R)
    46   49.34    8.67   21.31 1172.50 v wire474/Y (BUFx16f_ASAP7_75t_R)
                                         net474 (net)
                249.57   78.38 1250.88 v load_slew473/A (BUFx16f_ASAP7_75t_R)
    44   33.04   26.02   54.96 1305.84 v load_slew473/Y (BUFx16f_ASAP7_75t_R)
                                         net473 (net)
                 26.03    0.47 1306.30 v _1386_/B (AO21x1_ASAP7_75t_R)
     2    2.04   14.34   22.95 1329.25 v _1386_/Y (AO21x1_ASAP7_75t_R)
                                         _0818_ (net)
                 14.34    0.05 1329.30 v _1387_/B2 (OA22x2_ASAP7_75t_R)
     6    4.58   19.79   26.57 1355.87 v _1387_/Y (OA22x2_ASAP7_75t_R)
                                         _0819_ (net)
                 19.80    0.10 1355.97 v _1398_/C (NAND3x1_ASAP7_75t_R)
     1    1.08   19.72   18.64 1374.61 ^ _1398_/Y (NAND3x1_ASAP7_75t_R)
                                         _0829_ (net)
                 19.72    0.02 1374.63 ^ _1432_/A1 (AOI221x1_ASAP7_75t_R)
     7    6.91   73.98   41.99 1416.63 v _1432_/Y (AOI221x1_ASAP7_75t_R)
                                         net353 (net)
                 73.99    0.42 1417.05 v _1443_/B (OR3x1_ASAP7_75t_R)
     3    2.34   20.17   41.92 1458.96 v _1443_/Y (OR3x1_ASAP7_75t_R)
                                         _0873_ (net)
                 20.17    0.03 1458.99 v _1446_/A (AND2x6_ASAP7_75t_R)
     4   23.89   20.12   30.43 1489.42 v _1446_/Y (AND2x6_ASAP7_75t_R)
                                         net371 (net)
                 20.23    0.71 1490.13 v _1472_/A1 (AO221x2_ASAP7_75t_R)
     1   21.33   61.04   45.39 1535.51 v _1472_/Y (AO221x2_ASAP7_75t_R)
                                         _0900_ (net)
                124.41   34.80 1570.31 v wire430/A (BUFx16f_ASAP7_75t_R)
     4   19.12   12.99   37.94 1608.25 v wire430/Y (BUFx16f_ASAP7_75t_R)
                                         net430 (net)
                 79.53   24.75 1633.00 v _2153_/A (AND2x2_ASAP7_75t_R)
     2    1.58   11.03   37.55 1670.56 v _2153_/Y (AND2x2_ASAP7_75t_R)
                                         net397 (net)
                 11.03    0.04 1670.60 v _2154_/C1 (AO222x2_ASAP7_75t_R)
     1    1.09   12.40   28.84 1699.44 v _2154_/Y (AO222x2_ASAP7_75t_R)
                                         _0436_ (net)
                 12.40    0.02 1699.46 v _2155_/B (AO31x2_ASAP7_75t_R)
     2    1.30    9.53   16.49 1715.95 v _2155_/Y (AO31x2_ASAP7_75t_R)
                                         _0437_ (net)
                  9.53    0.01 1715.96 v _2228_/B (OR3x1_ASAP7_75t_R)
     1    0.59    8.84   23.23 1739.19 v _2228_/Y (OR3x1_ASAP7_75t_R)
                                         _0494_ (net)
                  8.84    0.01 1739.20 v _2236_/A2 (AO32x1_ASAP7_75t_R)
     1    0.65   11.73   20.90 1760.10 v _2236_/Y (AO32x1_ASAP7_75t_R)
                                         net314 (net)
                 11.73    0.01 1760.11 v output314/A (BUFx2_ASAP7_75t_R)
     1    0.07    3.82   13.47 1773.57 v output314/Y (BUFx2_ASAP7_75t_R)
                                         result[126] (net)
                  3.82    0.00 1773.57 v result[126] (out)
                               1773.57   data arrival time

                  0.00 5000.00 5000.00   clock clk (rise edge)
                          0.00 5000.00   clock network delay (ideal)
                          0.00 5000.00   clock reconvergence pessimism
                       -1000.00 4000.00   output external delay
                               4000.00   data required time
-----------------------------------------------------------------------------
                               4000.00   data required time
                               -1773.57   data arrival time
-----------------------------------------------------------------------------
                               2226.43   slack (MET)



==========================================================================
cts final report_checks -unconstrained
--------------------------------------------------------------------------
Startpoint: is_reduct (input port clocked by clk)
Endpoint: result[126] (output port clocked by clk)
Path Group: clk
Path Type: max

Fanout     Cap    Slew   Delay    Time   Description
-----------------------------------------------------------------------------
                  0.00    0.00    0.00   clock clk (rise edge)
                          0.00    0.00   clock network delay (ideal)
                       1000.00 1000.00 v input external delay
     1    2.64    0.00    0.00 1000.00 v is_reduct (in)
                                         is_reduct (net)
                  0.05    0.01 1000.01 v input7/A (BUFx16f_ASAP7_75t_R)
    35   37.72   20.56   14.16 1014.18 v input7/Y (BUFx16f_ASAP7_75t_R)
                                         net7 (net)
                 61.81   19.27 1033.45 v wire498/A (BUFx16f_ASAP7_75t_R)
     6   25.86    9.65   28.19 1061.64 v wire498/Y (BUFx16f_ASAP7_75t_R)
                                         net498 (net)
                109.00   34.43 1096.08 v _1115_/A (AND2x6_ASAP7_75t_R)
     3   18.69   26.08   53.27 1149.35 v _1115_/Y (AND2x6_ASAP7_75t_R)
                                         _0565_ (net)
                 26.61    1.85 1151.19 v wire474/A (BUFx16f_ASAP7_75t_R)
    46   49.34    8.67   21.31 1172.50 v wire474/Y (BUFx16f_ASAP7_75t_R)
                                         net474 (net)
                249.57   78.38 1250.88 v load_slew473/A (BUFx16f_ASAP7_75t_R)
    44   33.04   26.02   54.96 1305.84 v load_slew473/Y (BUFx16f_ASAP7_75t_R)
                                         net473 (net)
                 26.03    0.47 1306.30 v _1386_/B (AO21x1_ASAP7_75t_R)
     2    2.04   14.34   22.95 1329.25 v _1386_/Y (AO21x1_ASAP7_75t_R)
                                         _0818_ (net)
                 14.34    0.05 1329.30 v _1387_/B2 (OA22x2_ASAP7_75t_R)
     6    4.58   19.79   26.57 1355.87 v _1387_/Y (OA22x2_ASAP7_75t_R)
                                         _0819_ (net)
                 19.80    0.10 1355.97 v _1398_/C (NAND3x1_ASAP7_75t_R)
     1    1.08   19.72   18.64 1374.61 ^ _1398_/Y (NAND3x1_ASAP7_75t_R)
                                         _0829_ (net)
                 19.72    0.02 1374.63 ^ _1432_/A1 (AOI221x1_ASAP7_75t_R)
     7    6.91   73.98   41.99 1416.63 v _1432_/Y (AOI221x1_ASAP7_75t_R)
                                         net353 (net)
                 73.99    0.42 1417.05 v _1443_/B (OR3x1_ASAP7_75t_R)
     3    2.34   20.17   41.92 1458.96 v _1443_/Y (OR3x1_ASAP7_75t_R)
                                         _0873_ (net)
                 20.17    0.03 1458.99 v _1446_/A (AND2x6_ASAP7_75t_R)
     4   23.89   20.12   30.43 1489.42 v _1446_/Y (AND2x6_ASAP7_75t_R)
                                         net371 (net)
                 20.23    0.71 1490.13 v _1472_/A1 (AO221x2_ASAP7_75t_R)
     1   21.33   61.04   45.39 1535.51 v _1472_/Y (AO221x2_ASAP7_75t_R)
                                         _0900_ (net)
                124.41   34.80 1570.31 v wire430/A (BUFx16f_ASAP7_75t_R)
     4   19.12   12.99   37.94 1608.25 v wire430/Y (BUFx16f_ASAP7_75t_R)
                                         net430 (net)
                 79.53   24.75 1633.00 v _2153_/A (AND2x2_ASAP7_75t_R)
     2    1.58   11.03   37.55 1670.56 v _2153_/Y (AND2x2_ASAP7_75t_R)
                                         net397 (net)
                 11.03    0.04 1670.60 v _2154_/C1 (AO222x2_ASAP7_75t_R)
     1    1.09   12.40   28.84 1699.44 v _2154_/Y (AO222x2_ASAP7_75t_R)
                                         _0436_ (net)
                 12.40    0.02 1699.46 v _2155_/B (AO31x2_ASAP7_75t_R)
     2    1.30    9.53   16.49 1715.95 v _2155_/Y (AO31x2_ASAP7_75t_R)
                                         _0437_ (net)
                  9.53    0.01 1715.96 v _2228_/B (OR3x1_ASAP7_75t_R)
     1    0.59    8.84   23.23 1739.19 v _2228_/Y (OR3x1_ASAP7_75t_R)
                                         _0494_ (net)
                  8.84    0.01 1739.20 v _2236_/A2 (AO32x1_ASAP7_75t_R)
     1    0.65   11.73   20.90 1760.10 v _2236_/Y (AO32x1_ASAP7_75t_R)
                                         net314 (net)
                 11.73    0.01 1760.11 v output314/A (BUFx2_ASAP7_75t_R)
     1    0.07    3.82   13.47 1773.57 v output314/Y (BUFx2_ASAP7_75t_R)
                                         result[126] (net)
                  3.82    0.00 1773.57 v result[126] (out)
                               1773.57   data arrival time

                  0.00 5000.00 5000.00   clock clk (rise edge)
                          0.00 5000.00   clock network delay (ideal)
                          0.00 5000.00   clock reconvergence pessimism
                       -1000.00 4000.00   output external delay
                               4000.00   data required time
-----------------------------------------------------------------------------
                               4000.00   data required time
                               -1773.57   data arrival time
-----------------------------------------------------------------------------
                               2226.43   slack (MET)



==========================================================================
cts final report_check_types -max_slew -max_cap -max_fanout -violators
--------------------------------------------------------------------------

==========================================================================
cts final max_slew_check_slack
--------------------------------------------------------------------------
46.048580169677734

==========================================================================
cts final max_slew_check_limit
--------------------------------------------------------------------------
320.0

==========================================================================
cts final max_slew_check_slack_limit
--------------------------------------------------------------------------
0.1439

==========================================================================
cts final max_fanout_check_slack
--------------------------------------------------------------------------
1.0000000150474662e+30

==========================================================================
cts final max_fanout_check_limit
--------------------------------------------------------------------------
1.0000000150474662e+30

==========================================================================
cts final max_capacitance_check_slack
--------------------------------------------------------------------------
20.409900665283203

==========================================================================
cts final max_capacitance_check_limit
--------------------------------------------------------------------------
23.040000915527344

==========================================================================
cts final max_capacitance_check_slack_limit
--------------------------------------------------------------------------
0.8858

==========================================================================
cts final max_slew_violation_count
--------------------------------------------------------------------------
max slew violation count 0

==========================================================================
cts final max_fanout_violation_count
--------------------------------------------------------------------------
max fanout violation count 0

==========================================================================
cts final max_cap_violation_count
--------------------------------------------------------------------------
max cap violation count 0

==========================================================================
cts final setup_violation_count
--------------------------------------------------------------------------
setup violation count 0

==========================================================================
cts final hold_violation_count
--------------------------------------------------------------------------
hold violation count 0

==========================================================================
cts final critical path delay
--------------------------------------------------------------------------
1773.5747

==========================================================================
cts final critical path slack
--------------------------------------------------------------------------
2226.4253

==========================================================================
cts final slack div critical path delay
--------------------------------------------------------------------------
125.533213

==========================================================================
cts final report_power
--------------------------------------------------------------------------
Group                  Internal  Switching    Leakage      Total
                          Power      Power      Power      Power (Watts)
----------------------------------------------------------------
Sequential             0.00e+00   0.00e+00   0.00e+00   0.00e+00   0.0%
Combinational          3.85e-05   4.27e-05   1.73e-07   8.14e-05 100.0%
Clock                  0.00e+00   0.00e+00   0.00e+00   0.00e+00   0.0%
Macro                  0.00e+00   0.00e+00   0.00e+00   0.00e+00   0.0%
Pad                    0.00e+00   0.00e+00   0.00e+00   0.00e+00   0.0%
----------------------------------------------------------------
Total                  3.85e-05   4.27e-05   1.73e-07   8.14e-05 100.0%
                          47.3%      52.5%       0.2%
