
==========================================================================
global place report_tns
--------------------------------------------------------------------------
tns 0.00

==========================================================================
global place report_wns
--------------------------------------------------------------------------
wns 0.00

==========================================================================
global place report_worst_slack
--------------------------------------------------------------------------
worst slack 23.42

==========================================================================
global place report_checks -path_delay min
--------------------------------------------------------------------------
Startpoint: srcb[154] (input port clocked by clk)
Endpoint: result[122] (output port clocked by clk)
Path Group: clk
Path Type: min

Fanout     Cap    Slew   Delay    Time   Description
-----------------------------------------------------------------------------
                  0.00    0.00    0.00   clock clk (rise edge)
                          0.00    0.00   clock network delay (ideal)
                         12.00   12.00 ^ input external delay
     1    0.00    0.00    0.00   12.00 ^ srcb[154] (in)
                                         srcb[154] (net)
                  0.00    0.00   12.00 ^ _2213_/A (sky130_fd_sc_hd__nor2_1)
     1    0.00    0.02    0.02   12.02 v _2213_/Y (sky130_fd_sc_hd__nor2_1)
                                         _0479_ (net)
                  0.02    0.00   12.02 v _2214_/B1 (sky130_fd_sc_hd__a21oi_1)
     1    0.00    0.06    0.08   12.10 ^ _2214_/Y (sky130_fd_sc_hd__a21oi_1)
                                         result[122] (net)
                  0.06    0.00   12.10 ^ result[122] (out)
                                 12.10   data arrival time

                  0.00    0.00    0.00   clock clk (rise edge)
                          0.00    0.00   clock network delay (ideal)
                          0.00    0.00   clock reconvergence pessimism
                        -12.00  -12.00   output external delay
                                -12.00   data required time
-----------------------------------------------------------------------------
                                -12.00   data required time
                                -12.10   data arrival time
-----------------------------------------------------------------------------
                                 24.10   slack (MET)



==========================================================================
global place report_checks -path_delay max
--------------------------------------------------------------------------
Startpoint: is_reduct (input port clocked by clk)
Endpoint: result[123] (output port clocked by clk)
Path Group: clk
Path Type: max

Fanout     Cap    Slew   Delay    Time   Description
-----------------------------------------------------------------------------
                  0.00    0.00    0.00   clock clk (rise edge)
                          0.00    0.00   clock network delay (ideal)
                         12.00   12.00 ^ input external delay
    13    0.07    0.00    0.00   12.00 ^ is_reduct (in)
                                         is_reduct (net)
                  0.01    0.01   12.01 ^ _1111_/A (sky130_fd_sc_hd__and2_1)
    69    0.48    4.51    3.19   15.20 ^ _1111_/X (sky130_fd_sc_hd__and2_1)
                                         _0561_ (net)
                  4.52    0.13   15.33 ^ _1946_/A1 (sky130_fd_sc_hd__a32oi_1)
     2    0.01    0.76    0.56   15.89 v _1946_/Y (sky130_fd_sc_hd__a32oi_1)
                                         _0250_ (net)
                  0.76    0.00   15.89 v _1949_/A2 (sky130_fd_sc_hd__a211oi_2)
     6    0.26    4.11    3.34   19.23 ^ _1949_/Y (sky130_fd_sc_hd__a211oi_2)
                                         result[19] (net)
                  4.11    0.00   19.23 ^ _1961_/B1 (sky130_fd_sc_hd__a22oi_1)
     6    0.12    1.77    2.27   21.50 v _1961_/Y (sky130_fd_sc_hd__a22oi_1)
                                         _0263_ (net)
                  1.77    0.03   21.53 v _2002_/A (sky130_fd_sc_hd__and3_1)
     4    0.01    0.11    0.69   22.23 v _2002_/X (sky130_fd_sc_hd__and3_1)
                                         _0301_ (net)
                  0.11    0.00   22.23 v _2013_/C (sky130_fd_sc_hd__nor3_1)
     4    0.03    0.74    0.59   22.82 ^ _2013_/Y (sky130_fd_sc_hd__nor3_1)
                                         result[43] (net)
                  0.74    0.00   22.82 ^ _2015_/B2 (sky130_fd_sc_hd__a221oi_1)
     2    0.01    0.17    0.22   23.03 v _2015_/Y (sky130_fd_sc_hd__a221oi_1)
                                         _0312_ (net)
                  0.17    0.00   23.03 v _2017_/A2 (sky130_fd_sc_hd__a211oi_1)
     1    0.00    0.59    0.27   23.30 ^ _2017_/Y (sky130_fd_sc_hd__a211oi_1)
                                         _0314_ (net)
                  0.59    0.00   23.30 ^ _2019_/A2 (sky130_fd_sc_hd__o21ai_0)
     1    0.00    0.14    0.16   23.46 v _2019_/Y (sky130_fd_sc_hd__o21ai_0)
                                         _0316_ (net)
                  0.14    0.00   23.46 v _2020_/A2_N (sky130_fd_sc_hd__o2bb2ai_1)
     2    0.01    0.58    0.18   23.64 v _2020_/Y (sky130_fd_sc_hd__o2bb2ai_1)
                                         _0317_ (net)
                  0.58    0.00   23.64 v _2140_/A2 (sky130_fd_sc_hd__a31oi_1)
     2    0.01    0.28    0.41   24.05 ^ _2140_/Y (sky130_fd_sc_hd__a31oi_1)
                                         _0419_ (net)
                  0.28    0.00   24.05 ^ _2215_/C1 (sky130_fd_sc_hd__a211oi_1)
     1    0.00    0.59    0.08   24.13 v _2215_/Y (sky130_fd_sc_hd__a211oi_1)
                                         _0480_ (net)
                  0.59    0.00   24.13 v _2224_/A2 (sky130_fd_sc_hd__o32ai_1)
     1    0.00    0.26    0.45   24.58 ^ _2224_/Y (sky130_fd_sc_hd__o32ai_1)
                                         result[123] (net)
                  0.26    0.00   24.58 ^ result[123] (out)
                                 24.58   data arrival time

                  0.00   60.00   60.00   clock clk (rise edge)
                          0.00   60.00   clock network delay (ideal)
                          0.00   60.00   clock reconvergence pessimism
                        -12.00   48.00   output external delay
                                 48.00   data required time
-----------------------------------------------------------------------------
                                 48.00   data required time
                                -24.58   data arrival time
-----------------------------------------------------------------------------
                                 23.42   slack (MET)



==========================================================================
global place report_checks -unconstrained
--------------------------------------------------------------------------
Startpoint: is_reduct (input port clocked by clk)
Endpoint: result[123] (output port clocked by clk)
Path Group: clk
Path Type: max

Fanout     Cap    Slew   Delay    Time   Description
-----------------------------------------------------------------------------
                  0.00    0.00    0.00   clock clk (rise edge)
                          0.00    0.00   clock network delay (ideal)
                         12.00   12.00 ^ input external delay
    13    0.07    0.00    0.00   12.00 ^ is_reduct (in)
                                         is_reduct (net)
                  0.01    0.01   12.01 ^ _1111_/A (sky130_fd_sc_hd__and2_1)
    69    0.48    4.51    3.19   15.20 ^ _1111_/X (sky130_fd_sc_hd__and2_1)
                                         _0561_ (net)
                  4.52    0.13   15.33 ^ _1946_/A1 (sky130_fd_sc_hd__a32oi_1)
     2    0.01    0.76    0.56   15.89 v _1946_/Y (sky130_fd_sc_hd__a32oi_1)
                                         _0250_ (net)
                  0.76    0.00   15.89 v _1949_/A2 (sky130_fd_sc_hd__a211oi_2)
     6    0.26    4.11    3.34   19.23 ^ _1949_/Y (sky130_fd_sc_hd__a211oi_2)
                                         result[19] (net)
                  4.11    0.00   19.23 ^ _1961_/B1 (sky130_fd_sc_hd__a22oi_1)
     6    0.12    1.77    2.27   21.50 v _1961_/Y (sky130_fd_sc_hd__a22oi_1)
                                         _0263_ (net)
                  1.77    0.03   21.53 v _2002_/A (sky130_fd_sc_hd__and3_1)
     4    0.01    0.11    0.69   22.23 v _2002_/X (sky130_fd_sc_hd__and3_1)
                                         _0301_ (net)
                  0.11    0.00   22.23 v _2013_/C (sky130_fd_sc_hd__nor3_1)
     4    0.03    0.74    0.59   22.82 ^ _2013_/Y (sky130_fd_sc_hd__nor3_1)
                                         result[43] (net)
                  0.74    0.00   22.82 ^ _2015_/B2 (sky130_fd_sc_hd__a221oi_1)
     2    0.01    0.17    0.22   23.03 v _2015_/Y (sky130_fd_sc_hd__a221oi_1)
                                         _0312_ (net)
                  0.17    0.00   23.03 v _2017_/A2 (sky130_fd_sc_hd__a211oi_1)
     1    0.00    0.59    0.27   23.30 ^ _2017_/Y (sky130_fd_sc_hd__a211oi_1)
                                         _0314_ (net)
                  0.59    0.00   23.30 ^ _2019_/A2 (sky130_fd_sc_hd__o21ai_0)
     1    0.00    0.14    0.16   23.46 v _2019_/Y (sky130_fd_sc_hd__o21ai_0)
                                         _0316_ (net)
                  0.14    0.00   23.46 v _2020_/A2_N (sky130_fd_sc_hd__o2bb2ai_1)
     2    0.01    0.58    0.18   23.64 v _2020_/Y (sky130_fd_sc_hd__o2bb2ai_1)
                                         _0317_ (net)
                  0.58    0.00   23.64 v _2140_/A2 (sky130_fd_sc_hd__a31oi_1)
     2    0.01    0.28    0.41   24.05 ^ _2140_/Y (sky130_fd_sc_hd__a31oi_1)
                                         _0419_ (net)
                  0.28    0.00   24.05 ^ _2215_/C1 (sky130_fd_sc_hd__a211oi_1)
     1    0.00    0.59    0.08   24.13 v _2215_/Y (sky130_fd_sc_hd__a211oi_1)
                                         _0480_ (net)
                  0.59    0.00   24.13 v _2224_/A2 (sky130_fd_sc_hd__o32ai_1)
     1    0.00    0.26    0.45   24.58 ^ _2224_/Y (sky130_fd_sc_hd__o32ai_1)
                                         result[123] (net)
                  0.26    0.00   24.58 ^ result[123] (out)
                                 24.58   data arrival time

                  0.00   60.00   60.00   clock clk (rise edge)
                          0.00   60.00   clock network delay (ideal)
                          0.00   60.00   clock reconvergence pessimism
                        -12.00   48.00   output external delay
                                 48.00   data required time
-----------------------------------------------------------------------------
                                 48.00   data required time
                                -24.58   data arrival time
-----------------------------------------------------------------------------
                                 23.42   slack (MET)



==========================================================================
global place report_power
--------------------------------------------------------------------------
Group                  Internal  Switching    Leakage      Total
                          Power      Power      Power      Power (Watts)
----------------------------------------------------------------
Sequential             0.00e+00   0.00e+00   0.00e+00   0.00e+00   0.0%
Combinational          2.24e-05   9.26e-05   2.28e-09   1.15e-04 100.0%
Clock                  0.00e+00   0.00e+00   0.00e+00   0.00e+00   0.0%
Macro                  0.00e+00   0.00e+00   0.00e+00   0.00e+00   0.0%
Pad                    0.00e+00   0.00e+00   0.00e+00   0.00e+00   0.0%
----------------------------------------------------------------
Total                  2.24e-05   9.26e-05   2.28e-09   1.15e-04 100.0%
                          19.5%      80.5%       0.0%
