
==========================================================================
global route report_tns
--------------------------------------------------------------------------
tns 0.00

==========================================================================
global route report_wns
--------------------------------------------------------------------------
wns 0.00

==========================================================================
global route report_worst_slack
--------------------------------------------------------------------------
worst slack 6.24

==========================================================================
global route report_clock_skew
--------------------------------------------------------------------------
Clock clk
No launch/capture paths found.


==========================================================================
global route report_checks -path_delay min
--------------------------------------------------------------------------
Startpoint: srcb[75] (input port clocked by clk)
Endpoint: result[43] (output port clocked by clk)
Path Group: clk
Path Type: min

Fanout     Cap    Slew   Delay    Time   Description
-----------------------------------------------------------------------------
                  0.00    0.00    0.00   clock clk (rise edge)
                          0.00    0.00   clock network delay (ideal)
                          3.00    3.00 ^ input external delay
     1    7.08    0.00    0.00    3.00 ^ srcb[75] (in)
                                         srcb[75] (net)
                  0.00    0.00    3.00 ^ input257/A (BUF_X8)
     1   62.56    0.02    0.03    3.03 ^ input257/Z (BUF_X8)
                                         net257 (net)
                  0.03    0.02    3.05 ^ wire1044/A (BUF_X8)
     1   52.16    0.01    0.03    3.08 ^ wire1044/Z (BUF_X8)
                                         net1044 (net)
                  0.03    0.02    3.10 ^ _1852_/C2 (AOI222_X2)
     3   12.18    0.02    0.04    3.14 v _1852_/ZN (AOI222_X2)
                                         _0204_ (net)
                  0.02    0.00    3.14 v _1857_/A (OAI21_X4)
     2   13.19    0.01    0.03    3.17 ^ _1857_/ZN (OAI21_X4)
                                         _0209_ (net)
                  0.01    0.00    3.17 ^ _1876_/A (AOI21_X4)
     6   43.99    0.01    0.02    3.19 v _1876_/ZN (AOI21_X4)
                                         _0227_ (net)
                  0.02    0.01    3.19 v _1877_/A (INV_X16)
     1   59.51    0.01    0.02    3.21 ^ _1877_/ZN (INV_X16)
                                         net350 (net)
                  0.03    0.02    3.23 ^ wire599/A (BUF_X8)
     2   36.30    0.01    0.03    3.26 ^ wire599/Z (BUF_X8)
                                         net599 (net)
                  0.03    0.03    3.29 ^ output350/A (BUF_X1)
     1    0.74    0.01    0.03    3.31 ^ output350/Z (BUF_X1)
                                         result[43] (net)
                  0.01    0.00    3.31 ^ result[43] (out)
                                  3.31   data arrival time

                  0.00    0.00    0.00   clock clk (rise edge)
                          0.00    0.00   clock network delay (ideal)
                          0.00    0.00   clock reconvergence pessimism
                         -3.00   -3.00   output external delay
                                 -3.00   data required time
-----------------------------------------------------------------------------
                                 -3.00   data required time
                                 -3.31   data arrival time
-----------------------------------------------------------------------------
                                  6.31   slack (MET)



==========================================================================
global route report_checks -path_delay max
--------------------------------------------------------------------------
Startpoint: is_reduct (input port clocked by clk)
Endpoint: result[125] (output port clocked by clk)
Path Group: clk
Path Type: max

Fanout     Cap    Slew   Delay    Time   Description
-----------------------------------------------------------------------------
                  0.00    0.00    0.00   clock clk (rise edge)
                          0.00    0.00   clock network delay (ideal)
                          3.00    3.00 v input external delay
     1   24.73    0.00    0.00    3.00 v is_reduct (in)
                                         is_reduct (net)
                  0.00    0.00    3.00 v input7/A (BUF_X32)
     1   62.94    0.00    0.02    3.02 v input7/Z (BUF_X32)
                                         net7 (net)
                  0.07    0.06    3.08 v wire926/A (BUF_X16)
     1   72.41    0.01    0.05    3.12 v wire926/Z (BUF_X16)
                                         net926 (net)
                  0.08    0.07    3.19 v wire925/A (BUF_X32)
    12  110.43    0.01    0.05    3.24 v wire925/Z (BUF_X32)
                                         net925 (net)
                  0.10    0.08    3.32 v wire924/A (BUF_X16)
     2   61.24    0.01    0.05    3.38 v wire924/Z (BUF_X16)
                                         net924 (net)
                  0.07    0.06    3.43 v wire923/A (BUF_X16)
     8   69.35    0.01    0.05    3.48 v wire923/Z (BUF_X16)
                                         net923 (net)
                  0.07    0.06    3.54 v _1100_/A1 (NAND2_X4)
    30  155.74    0.08    0.10    3.64 ^ _1100_/ZN (NAND2_X4)
                                         _0540_ (net)
                  0.11    0.06    3.71 ^ wire842/A (BUF_X8)
     1   34.96    0.01    0.03    3.74 ^ wire842/Z (BUF_X8)
                                         net842 (net)
                  0.03    0.02    3.76 ^ wire841/A (BUF_X16)
     4   98.28    0.01    0.03    3.79 ^ wire841/Z (BUF_X16)
                                         net841 (net)
                  0.12    0.10    3.88 ^ wire840/A (BUF_X32)
    43  240.26    0.01    0.03    3.91 ^ wire840/Z (BUF_X32)
                                         net840 (net)
                  0.18    0.15    4.06 ^ _1247_/A (AOI21_X4)
     2   10.07    0.04    0.02    4.08 v _1247_/ZN (AOI21_X4)
                                         _0682_ (net)
                  0.04    0.00    4.08 v _1278_/A3 (NOR3_X4)
     2   12.11    0.04    0.07    4.16 ^ _1278_/ZN (NOR3_X4)
                                         _0712_ (net)
                  0.04    0.00    4.16 ^ _1279_/A2 (NAND2_X1)
     1    5.43    0.03    0.03    4.19 v _1279_/ZN (NAND2_X1)
                                         _0713_ (net)
                  0.03    0.00    4.19 v _1282_/B1 (AOI221_X2)
     4   25.20    0.12    0.16    4.35 ^ _1282_/ZN (AOI221_X2)
                                         _0716_ (net)
                  0.12    0.00    4.35 ^ _2086_/A1 (NAND2_X4)
     1   36.13    0.04    0.04    4.39 v _2086_/ZN (NAND2_X4)
                                         net361 (net)
                  0.05    0.03    4.42 v wire558/A (BUF_X8)
     1   38.55    0.01    0.04    4.46 v wire558/Z (BUF_X8)
                                         net558 (net)
                  0.03    0.03    4.49 v wire557/A (BUF_X16)
     1   68.44    0.01    0.04    4.52 v wire557/Z (BUF_X16)
                                         net557 (net)
                  0.09    0.07    4.59 v wire556/A (BUF_X32)
     1   68.52    0.01    0.05    4.64 v wire556/Z (BUF_X32)
                                         net556 (net)
                  0.09    0.07    4.71 v wire555/A (BUF_X32)
     2   48.09    0.01    0.05    4.76 v wire555/Z (BUF_X32)
                                         net555 (net)
                  0.05    0.04    4.80 v _2087_/B1 (AOI222_X2)
     1   16.53    0.09    0.14    4.94 ^ _2087_/ZN (AOI222_X2)
                                         _0409_ (net)
                  0.09    0.01    4.95 ^ wire524/A (BUF_X4)
     1   22.07    0.02    0.04    4.99 ^ wire524/Z (BUF_X4)
                                         net524 (net)
                  0.02    0.01    5.00 ^ wire523/A (BUF_X8)
     1   21.86    0.01    0.02    5.02 ^ wire523/Z (BUF_X8)
                                         net523 (net)
                  0.01    0.01    5.03 ^ wire522/A (BUF_X8)
     1   21.67    0.01    0.02    5.05 ^ wire522/Z (BUF_X8)
                                         net522 (net)
                  0.01    0.01    5.06 ^ wire521/A (BUF_X8)
     1   20.46    0.01    0.02    5.09 ^ wire521/Z (BUF_X8)
                                         net521 (net)
                  0.01    0.01    5.09 ^ wire520/A (BUF_X8)
     1   21.82    0.01    0.02    5.12 ^ wire520/Z (BUF_X8)
                                         net520 (net)
                  0.01    0.01    5.13 ^ wire519/A (BUF_X8)
     1   21.45    0.01    0.02    5.15 ^ wire519/Z (BUF_X8)
                                         net519 (net)
                  0.01    0.01    5.16 ^ wire518/A (BUF_X8)
     1   21.67    0.01    0.02    5.18 ^ wire518/Z (BUF_X8)
                                         net518 (net)
                  0.01    0.01    5.19 ^ wire517/A (BUF_X8)
     1   22.11    0.01    0.02    5.21 ^ wire517/Z (BUF_X8)
                                         net517 (net)
                  0.01    0.01    5.22 ^ wire516/A (BUF_X8)
     1   22.60    0.01    0.02    5.24 ^ wire516/Z (BUF_X8)
                                         net516 (net)
                  0.01    0.01    5.25 ^ wire515/A (BUF_X16)
     1   22.80    0.01    0.02    5.27 ^ wire515/Z (BUF_X16)
                                         net515 (net)
                  0.01    0.01    5.28 ^ wire514/A (BUF_X16)
     1   22.94    0.01    0.02    5.30 ^ wire514/Z (BUF_X16)
                                         net514 (net)
                  0.01    0.01    5.31 ^ wire513/A (BUF_X16)
     1   21.79    0.01    0.02    5.33 ^ wire513/Z (BUF_X16)
                                         net513 (net)
                  0.01    0.01    5.33 ^ wire512/A (BUF_X16)
     1   29.69    0.01    0.02    5.35 ^ wire512/Z (BUF_X16)
                                         net512 (net)
                  0.01    0.01    5.36 ^ _2089_/A (OAI21_X2)
     2    9.57    0.04    0.03    5.39 v _2089_/ZN (OAI21_X2)
                                         _0411_ (net)
                  0.04    0.00    5.39 v _2160_/A4 (NOR4_X2)
     1    3.57    0.04    0.09    5.48 ^ _2160_/ZN (NOR4_X2)
                                         _0468_ (net)
                  0.04    0.00    5.48 ^ _2161_/C2 (OAI221_X2)
     1    8.47    0.05    0.05    5.52 v _2161_/ZN (OAI221_X2)
                                         net313 (net)
                  0.05    0.00    5.52 v wire425/A (BUF_X4)
     1   41.68    0.01    0.05    5.57 v wire425/Z (BUF_X4)
                                         net425 (net)
                  0.04    0.03    5.60 v wire424/A (BUF_X8)
     1   40.77    0.01    0.04    5.64 v wire424/Z (BUF_X8)
                                         net424 (net)
                  0.03    0.02    5.67 v wire423/A (BUF_X16)
     1   39.50    0.01    0.03    5.70 v wire423/Z (BUF_X16)
                                         net423 (net)
                  0.03    0.02    5.72 v output313/A (BUF_X1)
     1    1.13    0.01    0.04    5.76 v output313/Z (BUF_X1)
                                         result[125] (net)
                  0.01    0.00    5.76 v result[125] (out)
                                  5.76   data arrival time

                  0.00   15.00   15.00   clock clk (rise edge)
                          0.00   15.00   clock network delay (ideal)
                          0.00   15.00   clock reconvergence pessimism
                         -3.00   12.00   output external delay
                                 12.00   data required time
-----------------------------------------------------------------------------
                                 12.00   data required time
                                 -5.76   data arrival time
-----------------------------------------------------------------------------
                                  6.24   slack (MET)



==========================================================================
global route report_checks -unconstrained
--------------------------------------------------------------------------
Startpoint: is_reduct (input port clocked by clk)
Endpoint: result[125] (output port clocked by clk)
Path Group: clk
Path Type: max

Fanout     Cap    Slew   Delay    Time   Description
-----------------------------------------------------------------------------
                  0.00    0.00    0.00   clock clk (rise edge)
                          0.00    0.00   clock network delay (ideal)
                          3.00    3.00 v input external delay
     1   24.73    0.00    0.00    3.00 v is_reduct (in)
                                         is_reduct (net)
                  0.00    0.00    3.00 v input7/A (BUF_X32)
     1   62.94    0.00    0.02    3.02 v input7/Z (BUF_X32)
                                         net7 (net)
                  0.07    0.06    3.08 v wire926/A (BUF_X16)
     1   72.41    0.01    0.05    3.12 v wire926/Z (BUF_X16)
                                         net926 (net)
                  0.08    0.07    3.19 v wire925/A (BUF_X32)
    12  110.43    0.01    0.05    3.24 v wire925/Z (BUF_X32)
                                         net925 (net)
                  0.10    0.08    3.32 v wire924/A (BUF_X16)
     2   61.24    0.01    0.05    3.38 v wire924/Z (BUF_X16)
                                         net924 (net)
                  0.07    0.06    3.43 v wire923/A (BUF_X16)
     8   69.35    0.01    0.05    3.48 v wire923/Z (BUF_X16)
                                         net923 (net)
                  0.07    0.06    3.54 v _1100_/A1 (NAND2_X4)
    30  155.74    0.08    0.10    3.64 ^ _1100_/ZN (NAND2_X4)
                                         _0540_ (net)
                  0.11    0.06    3.71 ^ wire842/A (BUF_X8)
     1   34.96    0.01    0.03    3.74 ^ wire842/Z (BUF_X8)
                                         net842 (net)
                  0.03    0.02    3.76 ^ wire841/A (BUF_X16)
     4   98.28    0.01    0.03    3.79 ^ wire841/Z (BUF_X16)
                                         net841 (net)
                  0.12    0.10    3.88 ^ wire840/A (BUF_X32)
    43  240.26    0.01    0.03    3.91 ^ wire840/Z (BUF_X32)
                                         net840 (net)
                  0.18    0.15    4.06 ^ _1247_/A (AOI21_X4)
     2   10.07    0.04    0.02    4.08 v _1247_/ZN (AOI21_X4)
                                         _0682_ (net)
                  0.04    0.00    4.08 v _1278_/A3 (NOR3_X4)
     2   12.11    0.04    0.07    4.16 ^ _1278_/ZN (NOR3_X4)
                                         _0712_ (net)
                  0.04    0.00    4.16 ^ _1279_/A2 (NAND2_X1)
     1    5.43    0.03    0.03    4.19 v _1279_/ZN (NAND2_X1)
                                         _0713_ (net)
                  0.03    0.00    4.19 v _1282_/B1 (AOI221_X2)
     4   25.20    0.12    0.16    4.35 ^ _1282_/ZN (AOI221_X2)
                                         _0716_ (net)
                  0.12    0.00    4.35 ^ _2086_/A1 (NAND2_X4)
     1   36.13    0.04    0.04    4.39 v _2086_/ZN (NAND2_X4)
                                         net361 (net)
                  0.05    0.03    4.42 v wire558/A (BUF_X8)
     1   38.55    0.01    0.04    4.46 v wire558/Z (BUF_X8)
                                         net558 (net)
                  0.03    0.03    4.49 v wire557/A (BUF_X16)
     1   68.44    0.01    0.04    4.52 v wire557/Z (BUF_X16)
                                         net557 (net)
                  0.09    0.07    4.59 v wire556/A (BUF_X32)
     1   68.52    0.01    0.05    4.64 v wire556/Z (BUF_X32)
                                         net556 (net)
                  0.09    0.07    4.71 v wire555/A (BUF_X32)
     2   48.09    0.01    0.05    4.76 v wire555/Z (BUF_X32)
                                         net555 (net)
                  0.05    0.04    4.80 v _2087_/B1 (AOI222_X2)
     1   16.53    0.09    0.14    4.94 ^ _2087_/ZN (AOI222_X2)
                                         _0409_ (net)
                  0.09    0.01    4.95 ^ wire524/A (BUF_X4)
     1   22.07    0.02    0.04    4.99 ^ wire524/Z (BUF_X4)
                                         net524 (net)
                  0.02    0.01    5.00 ^ wire523/A (BUF_X8)
     1   21.86    0.01    0.02    5.02 ^ wire523/Z (BUF_X8)
                                         net523 (net)
                  0.01    0.01    5.03 ^ wire522/A (BUF_X8)
     1   21.67    0.01    0.02    5.05 ^ wire522/Z (BUF_X8)
                                         net522 (net)
                  0.01    0.01    5.06 ^ wire521/A (BUF_X8)
     1   20.46    0.01    0.02    5.09 ^ wire521/Z (BUF_X8)
                                         net521 (net)
                  0.01    0.01    5.09 ^ wire520/A (BUF_X8)
     1   21.82    0.01    0.02    5.12 ^ wire520/Z (BUF_X8)
                                         net520 (net)
                  0.01    0.01    5.13 ^ wire519/A (BUF_X8)
     1   21.45    0.01    0.02    5.15 ^ wire519/Z (BUF_X8)
                                         net519 (net)
                  0.01    0.01    5.16 ^ wire518/A (BUF_X8)
     1   21.67    0.01    0.02    5.18 ^ wire518/Z (BUF_X8)
                                         net518 (net)
                  0.01    0.01    5.19 ^ wire517/A (BUF_X8)
     1   22.11    0.01    0.02    5.21 ^ wire517/Z (BUF_X8)
                                         net517 (net)
                  0.01    0.01    5.22 ^ wire516/A (BUF_X8)
     1   22.60    0.01    0.02    5.24 ^ wire516/Z (BUF_X8)
                                         net516 (net)
                  0.01    0.01    5.25 ^ wire515/A (BUF_X16)
     1   22.80    0.01    0.02    5.27 ^ wire515/Z (BUF_X16)
                                         net515 (net)
                  0.01    0.01    5.28 ^ wire514/A (BUF_X16)
     1   22.94    0.01    0.02    5.30 ^ wire514/Z (BUF_X16)
                                         net514 (net)
                  0.01    0.01    5.31 ^ wire513/A (BUF_X16)
     1   21.79    0.01    0.02    5.33 ^ wire513/Z (BUF_X16)
                                         net513 (net)
                  0.01    0.01    5.33 ^ wire512/A (BUF_X16)
     1   29.69    0.01    0.02    5.35 ^ wire512/Z (BUF_X16)
                                         net512 (net)
                  0.01    0.01    5.36 ^ _2089_/A (OAI21_X2)
     2    9.57    0.04    0.03    5.39 v _2089_/ZN (OAI21_X2)
                                         _0411_ (net)
                  0.04    0.00    5.39 v _2160_/A4 (NOR4_X2)
     1    3.57    0.04    0.09    5.48 ^ _2160_/ZN (NOR4_X2)
                                         _0468_ (net)
                  0.04    0.00    5.48 ^ _2161_/C2 (OAI221_X2)
     1    8.47    0.05    0.05    5.52 v _2161_/ZN (OAI221_X2)
                                         net313 (net)
                  0.05    0.00    5.52 v wire425/A (BUF_X4)
     1   41.68    0.01    0.05    5.57 v wire425/Z (BUF_X4)
                                         net425 (net)
                  0.04    0.03    5.60 v wire424/A (BUF_X8)
     1   40.77    0.01    0.04    5.64 v wire424/Z (BUF_X8)
                                         net424 (net)
                  0.03    0.02    5.67 v wire423/A (BUF_X16)
     1   39.50    0.01    0.03    5.70 v wire423/Z (BUF_X16)
                                         net423 (net)
                  0.03    0.02    5.72 v output313/A (BUF_X1)
     1    1.13    0.01    0.04    5.76 v output313/Z (BUF_X1)
                                         result[125] (net)
                  0.01    0.00    5.76 v result[125] (out)
                                  5.76   data arrival time

                  0.00   15.00   15.00   clock clk (rise edge)
                          0.00   15.00   clock network delay (ideal)
                          0.00   15.00   clock reconvergence pessimism
                         -3.00   12.00   output external delay
                                 12.00   data required time
-----------------------------------------------------------------------------
                                 12.00   data required time
                                 -5.76   data arrival time
-----------------------------------------------------------------------------
                                  6.24   slack (MET)



==========================================================================
global route report_check_types -max_slew -max_cap -max_fanout -violators
--------------------------------------------------------------------------

==========================================================================
global route max_slew_check_slack
--------------------------------------------------------------------------
0.07230369001626968

==========================================================================
global route max_slew_check_limit
--------------------------------------------------------------------------
0.1985349953174591

==========================================================================
global route max_slew_check_slack_limit
--------------------------------------------------------------------------
0.3642

==========================================================================
global route max_fanout_check_slack
--------------------------------------------------------------------------
1.0000000150474662e+30

==========================================================================
global route max_fanout_check_limit
--------------------------------------------------------------------------
1.0000000150474662e+30

==========================================================================
global route max_capacitance_check_slack
--------------------------------------------------------------------------
0.3185047209262848

==========================================================================
global route max_capacitance_check_limit
--------------------------------------------------------------------------
27.61840057373047

==========================================================================
global route max_capacitance_check_slack_limit
--------------------------------------------------------------------------
0.0115

==========================================================================
global route max_slew_violation_count
--------------------------------------------------------------------------
max slew violation count 0

==========================================================================
global route max_fanout_violation_count
--------------------------------------------------------------------------
max fanout violation count 0

==========================================================================
global route max_cap_violation_count
--------------------------------------------------------------------------
max cap violation count 0

==========================================================================
global route setup_violation_count
--------------------------------------------------------------------------
setup violation count 0

==========================================================================
global route hold_violation_count
--------------------------------------------------------------------------
hold violation count 0

==========================================================================
global route critical path delay
--------------------------------------------------------------------------
5.7591

==========================================================================
global route critical path slack
--------------------------------------------------------------------------
6.2409

==========================================================================
global route slack div critical path delay
--------------------------------------------------------------------------
108.365891

==========================================================================
global route report_power
--------------------------------------------------------------------------
Group                  Internal  Switching    Leakage      Total
                          Power      Power      Power      Power (Watts)
----------------------------------------------------------------
Sequential             0.00e+00   0.00e+00   0.00e+00   0.00e+00   0.0%
Combinational          5.32e-04   4.99e-04   5.31e-04   1.56e-03 100.0%
Clock                  0.00e+00   0.00e+00   0.00e+00   0.00e+00   0.0%
Macro                  0.00e+00   0.00e+00   0.00e+00   0.00e+00   0.0%
Pad                    0.00e+00   0.00e+00   0.00e+00   0.00e+00   0.0%
----------------------------------------------------------------
Total                  5.32e-04   4.99e-04   5.31e-04   1.56e-03 100.0%
                          34.1%      31.9%      34.0%
