
==========================================================================
finish report_tns
--------------------------------------------------------------------------
tns 0.00

==========================================================================
finish report_wns
--------------------------------------------------------------------------
wns 0.00

==========================================================================
finish report_worst_slack
--------------------------------------------------------------------------
worst slack 6.06

==========================================================================
finish report_clock_skew
--------------------------------------------------------------------------
Clock clk
No launch/capture paths found.


==========================================================================
finish report_checks -path_delay min
--------------------------------------------------------------------------
Startpoint: srcb[75] (input port clocked by clk)
Endpoint: result[43] (output port clocked by clk)
Path Group: clk
Path Type: min

Fanout     Cap    Slew   Delay    Time   Description
-----------------------------------------------------------------------------
                  0.00    0.00    0.00   clock clk (rise edge)
                          0.00    0.00   clock network delay (ideal)
                          3.00    3.00 ^ input external delay
     1    7.08    0.00    0.00    3.00 ^ srcb[75] (in)
                                         srcb[75] (net)
                  0.00    0.00    3.00 ^ input257/A (BUF_X8)
     1   48.79    0.01    0.02    3.02 ^ input257/Z (BUF_X8)
                                         net257 (net)
                  0.03    0.02    3.04 ^ wire1044/A (BUF_X8)
     1   34.39    0.01    0.03    3.07 ^ wire1044/Z (BUF_X8)
                                         net1044 (net)
                  0.02    0.01    3.08 ^ _1852_/C2 (AOI222_X2)
     3   12.90    0.02    0.03    3.12 v _1852_/ZN (AOI222_X2)
                                         _0204_ (net)
                  0.02    0.00    3.12 v _1857_/A (OAI21_X4)
     2   13.21    0.01    0.03    3.15 ^ _1857_/ZN (OAI21_X4)
                                         _0209_ (net)
                  0.01    0.00    3.15 ^ _1876_/A (AOI21_X4)
     6   44.76    0.01    0.02    3.17 v _1876_/ZN (AOI21_X4)
                                         _0227_ (net)
                  0.02    0.01    3.18 v _1877_/A (INV_X16)
     1   49.54    0.01    0.02    3.19 ^ _1877_/ZN (INV_X16)
                                         net350 (net)
                  0.03    0.02    3.21 ^ wire599/A (BUF_X8)
     2   39.02    0.01    0.03    3.24 ^ wire599/Z (BUF_X8)
                                         net599 (net)
                  0.04    0.03    3.27 ^ output350/A (BUF_X1)
     1    0.69    0.01    0.03    3.30 ^ output350/Z (BUF_X1)
                                         result[43] (net)
                  0.01    0.00    3.30 ^ result[43] (out)
                                  3.30   data arrival time

                  0.00    0.00    0.00   clock clk (rise edge)
                          0.00    0.00   clock network delay (ideal)
                          0.00    0.00   clock reconvergence pessimism
                         -3.00   -3.00   output external delay
                                 -3.00   data required time
-----------------------------------------------------------------------------
                                 -3.00   data required time
                                 -3.30   data arrival time
-----------------------------------------------------------------------------
                                  6.30   slack (MET)



==========================================================================
finish report_checks -path_delay max
--------------------------------------------------------------------------
Startpoint: osize_vector[0] (input port clocked by clk)
Endpoint: result[125] (output port clocked by clk)
Path Group: clk
Path Type: max

Fanout     Cap    Slew   Delay    Time   Description
-----------------------------------------------------------------------------
                  0.00    0.00    0.00   clock clk (rise edge)
                          0.00    0.00   clock network delay (ideal)
                          3.00    3.00 v input external delay
     1   24.74    0.00    0.00    3.00 v osize_vector[0] (in)
                                         osize_vector[0] (net)
                  0.00    0.00    3.00 v input9/A (BUF_X32)
     1   87.65    0.00    0.02    3.02 v input9/Z (BUF_X32)
                                         net9 (net)
                  0.14    0.12    3.14 v wire881/A (BUF_X16)
     1   53.65    0.01    0.06    3.20 v wire881/Z (BUF_X16)
                                         net881 (net)
                  0.07    0.06    3.26 v wire880/A (BUF_X16)
     5   75.91    0.01    0.05    3.31 v wire880/Z (BUF_X16)
                                         net880 (net)
                  0.06    0.05    3.36 v wire879/A (BUF_X8)
     1   38.37    0.01    0.05    3.41 v wire879/Z (BUF_X8)
                                         net879 (net)
                  0.04    0.03    3.44 v wire878/A (BUF_X16)
     6   70.54    0.01    0.04    3.47 v wire878/Z (BUF_X16)
                                         net878 (net)
                  0.09    0.07    3.54 v _1100_/A2 (NAND2_X4)
    30  160.51    0.08    0.12    3.66 ^ _1100_/ZN (NAND2_X4)
                                         _0540_ (net)
                  0.12    0.07    3.73 ^ wire842/A (BUF_X8)
     1   36.11    0.01    0.03    3.76 ^ wire842/Z (BUF_X8)
                                         net842 (net)
                  0.03    0.03    3.79 ^ wire841/A (BUF_X16)
     4  119.83    0.01    0.03    3.81 ^ wire841/Z (BUF_X16)
                                         net841 (net)
                  0.17    0.14    3.95 ^ wire840/A (BUF_X32)
    43  256.30    0.01    0.03    3.98 ^ wire840/Z (BUF_X32)
                                         net840 (net)
                  0.20    0.17    4.15 ^ _1247_/A (AOI21_X4)
     2   11.66    0.04    0.02    4.17 v _1247_/ZN (AOI21_X4)
                                         _0682_ (net)
                  0.04    0.00    4.17 v _1278_/A3 (NOR3_X4)
     2   13.40    0.04    0.08    4.25 ^ _1278_/ZN (NOR3_X4)
                                         _0712_ (net)
                  0.04    0.00    4.25 ^ _1279_/A2 (NAND2_X1)
     1    6.02    0.03    0.03    4.28 v _1279_/ZN (NAND2_X1)
                                         _0713_ (net)
                  0.03    0.00    4.28 v _1282_/B1 (AOI221_X2)
     4   27.34    0.12    0.17    4.45 ^ _1282_/ZN (AOI221_X2)
                                         _0716_ (net)
                  0.12    0.00    4.45 ^ _2086_/A1 (NAND2_X4)
     1   35.18    0.04    0.04    4.49 v _2086_/ZN (NAND2_X4)
                                         net361 (net)
                  0.05    0.03    4.52 v wire558/A (BUF_X8)
     1   37.51    0.01    0.04    4.56 v wire558/Z (BUF_X8)
                                         net558 (net)
                  0.03    0.03    4.59 v wire557/A (BUF_X16)
     1   66.67    0.01    0.03    4.62 v wire557/Z (BUF_X16)
                                         net557 (net)
                  0.09    0.07    4.70 v wire556/A (BUF_X32)
     1   66.34    0.01    0.05    4.75 v wire556/Z (BUF_X32)
                                         net556 (net)
                  0.09    0.07    4.82 v wire555/A (BUF_X32)
     2   47.85    0.01    0.05    4.87 v wire555/Z (BUF_X32)
                                         net555 (net)
                  0.05    0.04    4.91 v _2087_/B1 (AOI222_X2)
     1   16.56    0.09    0.14    5.05 ^ _2087_/ZN (AOI222_X2)
                                         _0409_ (net)
                  0.09    0.01    5.06 ^ wire524/A (BUF_X4)
     1   22.09    0.02    0.04    5.10 ^ wire524/Z (BUF_X4)
                                         net524 (net)
                  0.02    0.01    5.11 ^ wire523/A (BUF_X8)
     1   23.97    0.01    0.02    5.13 ^ wire523/Z (BUF_X8)
                                         net523 (net)
                  0.02    0.01    5.14 ^ wire522/A (BUF_X8)
     1   24.45    0.01    0.02    5.17 ^ wire522/Z (BUF_X8)
                                         net522 (net)
                  0.02    0.01    5.18 ^ wire521/A (BUF_X8)
     1   22.58    0.01    0.02    5.20 ^ wire521/Z (BUF_X8)
                                         net521 (net)
                  0.01    0.01    5.21 ^ wire520/A (BUF_X8)
     1   20.88    0.01    0.02    5.23 ^ wire520/Z (BUF_X8)
                                         net520 (net)
                  0.01    0.01    5.24 ^ wire519/A (BUF_X8)
     1   23.01    0.01    0.02    5.26 ^ wire519/Z (BUF_X8)
                                         net519 (net)
                  0.01    0.01    5.27 ^ wire518/A (BUF_X8)
     1   21.07    0.01    0.02    5.30 ^ wire518/Z (BUF_X8)
                                         net518 (net)
                  0.01    0.01    5.31 ^ wire517/A (BUF_X8)
     1   21.19    0.01    0.02    5.33 ^ wire517/Z (BUF_X8)
                                         net517 (net)
                  0.01    0.01    5.34 ^ wire516/A (BUF_X8)
     1   22.15    0.01    0.02    5.36 ^ wire516/Z (BUF_X8)
                                         net516 (net)
                  0.01    0.01    5.37 ^ wire515/A (BUF_X16)
     1   22.42    0.01    0.02    5.39 ^ wire515/Z (BUF_X16)
                                         net515 (net)
                  0.01    0.01    5.39 ^ wire514/A (BUF_X16)
     1   22.37    0.01    0.02    5.41 ^ wire514/Z (BUF_X16)
                                         net514 (net)
                  0.01    0.01    5.42 ^ wire513/A (BUF_X16)
     1   21.51    0.01    0.02    5.44 ^ wire513/Z (BUF_X16)
                                         net513 (net)
                  0.01    0.01    5.45 ^ wire512/A (BUF_X16)
     1   29.03    0.01    0.02    5.47 ^ wire512/Z (BUF_X16)
                                         net512 (net)
                  0.01    0.01    5.48 ^ _2089_/A (OAI21_X2)
     2   10.33    0.04    0.03    5.50 v _2089_/ZN (OAI21_X2)
                                         _0411_ (net)
                  0.04    0.00    5.50 v _2160_/A4 (NOR4_X2)
     1    3.69    0.04    0.09    5.59 ^ _2160_/ZN (NOR4_X2)
                                         _0468_ (net)
                  0.04    0.00    5.59 ^ _2161_/C2 (OAI221_X2)
     1    6.94    0.05    0.04    5.64 v _2161_/ZN (OAI221_X2)
                                         net313 (net)
                  0.05    0.00    5.64 v wire425/A (BUF_X4)
     1   68.24    0.01    0.04    5.68 v wire425/Z (BUF_X4)
                                         net425 (net)
                  0.09    0.07    5.76 v wire424/A (BUF_X8)
     1   39.66    0.01    0.05    5.81 v wire424/Z (BUF_X8)
                                         net424 (net)
                  0.04    0.03    5.84 v wire423/A (BUF_X16)
     1   34.01    0.01    0.04    5.88 v wire423/Z (BUF_X16)
                                         net423 (net)
                  0.03    0.03    5.90 v output313/A (BUF_X1)
     1    0.86    0.01    0.04    5.94 v output313/Z (BUF_X1)
                                         result[125] (net)
                  0.01    0.00    5.94 v result[125] (out)
                                  5.94   data arrival time

                  0.00   15.00   15.00   clock clk (rise edge)
                          0.00   15.00   clock network delay (ideal)
                          0.00   15.00   clock reconvergence pessimism
                         -3.00   12.00   output external delay
                                 12.00   data required time
-----------------------------------------------------------------------------
                                 12.00   data required time
                                 -5.94   data arrival time
-----------------------------------------------------------------------------
                                  6.06   slack (MET)



==========================================================================
finish report_checks -unconstrained
--------------------------------------------------------------------------
Startpoint: osize_vector[0] (input port clocked by clk)
Endpoint: result[125] (output port clocked by clk)
Path Group: clk
Path Type: max

Fanout     Cap    Slew   Delay    Time   Description
-----------------------------------------------------------------------------
                  0.00    0.00    0.00   clock clk (rise edge)
                          0.00    0.00   clock network delay (ideal)
                          3.00    3.00 v input external delay
     1   24.74    0.00    0.00    3.00 v osize_vector[0] (in)
                                         osize_vector[0] (net)
                  0.00    0.00    3.00 v input9/A (BUF_X32)
     1   87.65    0.00    0.02    3.02 v input9/Z (BUF_X32)
                                         net9 (net)
                  0.14    0.12    3.14 v wire881/A (BUF_X16)
     1   53.65    0.01    0.06    3.20 v wire881/Z (BUF_X16)
                                         net881 (net)
                  0.07    0.06    3.26 v wire880/A (BUF_X16)
     5   75.91    0.01    0.05    3.31 v wire880/Z (BUF_X16)
                                         net880 (net)
                  0.06    0.05    3.36 v wire879/A (BUF_X8)
     1   38.37    0.01    0.05    3.41 v wire879/Z (BUF_X8)
                                         net879 (net)
                  0.04    0.03    3.44 v wire878/A (BUF_X16)
     6   70.54    0.01    0.04    3.47 v wire878/Z (BUF_X16)
                                         net878 (net)
                  0.09    0.07    3.54 v _1100_/A2 (NAND2_X4)
    30  160.51    0.08    0.12    3.66 ^ _1100_/ZN (NAND2_X4)
                                         _0540_ (net)
                  0.12    0.07    3.73 ^ wire842/A (BUF_X8)
     1   36.11    0.01    0.03    3.76 ^ wire842/Z (BUF_X8)
                                         net842 (net)
                  0.03    0.03    3.79 ^ wire841/A (BUF_X16)
     4  119.83    0.01    0.03    3.81 ^ wire841/Z (BUF_X16)
                                         net841 (net)
                  0.17    0.14    3.95 ^ wire840/A (BUF_X32)
    43  256.30    0.01    0.03    3.98 ^ wire840/Z (BUF_X32)
                                         net840 (net)
                  0.20    0.17    4.15 ^ _1247_/A (AOI21_X4)
     2   11.66    0.04    0.02    4.17 v _1247_/ZN (AOI21_X4)
                                         _0682_ (net)
                  0.04    0.00    4.17 v _1278_/A3 (NOR3_X4)
     2   13.40    0.04    0.08    4.25 ^ _1278_/ZN (NOR3_X4)
                                         _0712_ (net)
                  0.04    0.00    4.25 ^ _1279_/A2 (NAND2_X1)
     1    6.02    0.03    0.03    4.28 v _1279_/ZN (NAND2_X1)
                                         _0713_ (net)
                  0.03    0.00    4.28 v _1282_/B1 (AOI221_X2)
     4   27.34    0.12    0.17    4.45 ^ _1282_/ZN (AOI221_X2)
                                         _0716_ (net)
                  0.12    0.00    4.45 ^ _2086_/A1 (NAND2_X4)
     1   35.18    0.04    0.04    4.49 v _2086_/ZN (NAND2_X4)
                                         net361 (net)
                  0.05    0.03    4.52 v wire558/A (BUF_X8)
     1   37.51    0.01    0.04    4.56 v wire558/Z (BUF_X8)
                                         net558 (net)
                  0.03    0.03    4.59 v wire557/A (BUF_X16)
     1   66.67    0.01    0.03    4.62 v wire557/Z (BUF_X16)
                                         net557 (net)
                  0.09    0.07    4.70 v wire556/A (BUF_X32)
     1   66.34    0.01    0.05    4.75 v wire556/Z (BUF_X32)
                                         net556 (net)
                  0.09    0.07    4.82 v wire555/A (BUF_X32)
     2   47.85    0.01    0.05    4.87 v wire555/Z (BUF_X32)
                                         net555 (net)
                  0.05    0.04    4.91 v _2087_/B1 (AOI222_X2)
     1   16.56    0.09    0.14    5.05 ^ _2087_/ZN (AOI222_X2)
                                         _0409_ (net)
                  0.09    0.01    5.06 ^ wire524/A (BUF_X4)
     1   22.09    0.02    0.04    5.10 ^ wire524/Z (BUF_X4)
                                         net524 (net)
                  0.02    0.01    5.11 ^ wire523/A (BUF_X8)
     1   23.97    0.01    0.02    5.13 ^ wire523/Z (BUF_X8)
                                         net523 (net)
                  0.02    0.01    5.14 ^ wire522/A (BUF_X8)
     1   24.45    0.01    0.02    5.17 ^ wire522/Z (BUF_X8)
                                         net522 (net)
                  0.02    0.01    5.18 ^ wire521/A (BUF_X8)
     1   22.58    0.01    0.02    5.20 ^ wire521/Z (BUF_X8)
                                         net521 (net)
                  0.01    0.01    5.21 ^ wire520/A (BUF_X8)
     1   20.88    0.01    0.02    5.23 ^ wire520/Z (BUF_X8)
                                         net520 (net)
                  0.01    0.01    5.24 ^ wire519/A (BUF_X8)
     1   23.01    0.01    0.02    5.26 ^ wire519/Z (BUF_X8)
                                         net519 (net)
                  0.01    0.01    5.27 ^ wire518/A (BUF_X8)
     1   21.07    0.01    0.02    5.30 ^ wire518/Z (BUF_X8)
                                         net518 (net)
                  0.01    0.01    5.31 ^ wire517/A (BUF_X8)
     1   21.19    0.01    0.02    5.33 ^ wire517/Z (BUF_X8)
                                         net517 (net)
                  0.01    0.01    5.34 ^ wire516/A (BUF_X8)
     1   22.15    0.01    0.02    5.36 ^ wire516/Z (BUF_X8)
                                         net516 (net)
                  0.01    0.01    5.37 ^ wire515/A (BUF_X16)
     1   22.42    0.01    0.02    5.39 ^ wire515/Z (BUF_X16)
                                         net515 (net)
                  0.01    0.01    5.39 ^ wire514/A (BUF_X16)
     1   22.37    0.01    0.02    5.41 ^ wire514/Z (BUF_X16)
                                         net514 (net)
                  0.01    0.01    5.42 ^ wire513/A (BUF_X16)
     1   21.51    0.01    0.02    5.44 ^ wire513/Z (BUF_X16)
                                         net513 (net)
                  0.01    0.01    5.45 ^ wire512/A (BUF_X16)
     1   29.03    0.01    0.02    5.47 ^ wire512/Z (BUF_X16)
                                         net512 (net)
                  0.01    0.01    5.48 ^ _2089_/A (OAI21_X2)
     2   10.33    0.04    0.03    5.50 v _2089_/ZN (OAI21_X2)
                                         _0411_ (net)
                  0.04    0.00    5.50 v _2160_/A4 (NOR4_X2)
     1    3.69    0.04    0.09    5.59 ^ _2160_/ZN (NOR4_X2)
                                         _0468_ (net)
                  0.04    0.00    5.59 ^ _2161_/C2 (OAI221_X2)
     1    6.94    0.05    0.04    5.64 v _2161_/ZN (OAI221_X2)
                                         net313 (net)
                  0.05    0.00    5.64 v wire425/A (BUF_X4)
     1   68.24    0.01    0.04    5.68 v wire425/Z (BUF_X4)
                                         net425 (net)
                  0.09    0.07    5.76 v wire424/A (BUF_X8)
     1   39.66    0.01    0.05    5.81 v wire424/Z (BUF_X8)
                                         net424 (net)
                  0.04    0.03    5.84 v wire423/A (BUF_X16)
     1   34.01    0.01    0.04    5.88 v wire423/Z (BUF_X16)
                                         net423 (net)
                  0.03    0.03    5.90 v output313/A (BUF_X1)
     1    0.86    0.01    0.04    5.94 v output313/Z (BUF_X1)
                                         result[125] (net)
                  0.01    0.00    5.94 v result[125] (out)
                                  5.94   data arrival time

                  0.00   15.00   15.00   clock clk (rise edge)
                          0.00   15.00   clock network delay (ideal)
                          0.00   15.00   clock reconvergence pessimism
                         -3.00   12.00   output external delay
                                 12.00   data required time
-----------------------------------------------------------------------------
                                 12.00   data required time
                                 -5.94   data arrival time
-----------------------------------------------------------------------------
                                  6.06   slack (MET)



==========================================================================
finish report_check_types -max_slew -max_cap -max_fanout -violators
--------------------------------------------------------------------------
max capacitance

Pin                                    Limit     Cap   Slack
------------------------------------------------------------
_1066_/ZN                             106.81  112.07   -5.26 (VIOLATED)
_2173_/ZN                             104.07  108.57   -4.51 (VIOLATED)
_2149_/ZN                              27.62   29.85   -2.23 (VIOLATED)
_1992_/ZN                             104.07  105.00   -0.93 (VIOLATED)
_1285_/ZN                              11.48   12.25   -0.77 (VIOLATED)
_1662_/ZN                              25.63   25.83   -0.20 (VIOLATED)


==========================================================================
finish max_slew_check_slack
--------------------------------------------------------------------------
0.06331802159547806

==========================================================================
finish max_slew_check_limit
--------------------------------------------------------------------------
0.1985349953174591

==========================================================================
finish max_slew_check_slack_limit
--------------------------------------------------------------------------
0.3189

==========================================================================
finish max_fanout_check_slack
--------------------------------------------------------------------------
1.0000000150474662e+30

==========================================================================
finish max_fanout_check_limit
--------------------------------------------------------------------------
1.0000000150474662e+30

==========================================================================
finish max_capacitance_check_slack
--------------------------------------------------------------------------
-5.263483047485352

==========================================================================
finish max_capacitance_check_limit
--------------------------------------------------------------------------
106.81099700927734

==========================================================================
finish max_capacitance_check_slack_limit
--------------------------------------------------------------------------
-0.0493

==========================================================================
finish max_slew_violation_count
--------------------------------------------------------------------------
max slew violation count 0

==========================================================================
finish max_fanout_violation_count
--------------------------------------------------------------------------
max fanout violation count 0

==========================================================================
finish max_cap_violation_count
--------------------------------------------------------------------------
max cap violation count 6

==========================================================================
finish setup_violation_count
--------------------------------------------------------------------------
setup violation count 0

==========================================================================
finish hold_violation_count
--------------------------------------------------------------------------
hold violation count 0

==========================================================================
finish critical path delay
--------------------------------------------------------------------------
5.9402

==========================================================================
finish critical path slack
--------------------------------------------------------------------------
6.0598

==========================================================================
finish slack div critical path delay
--------------------------------------------------------------------------
102.013400

==========================================================================
finish report_power
--------------------------------------------------------------------------
Group                  Internal  Switching    Leakage      Total
                          Power      Power      Power      Power (Watts)
----------------------------------------------------------------
Sequential             0.00e+00   0.00e+00   0.00e+00   0.00e+00   0.0%
Combinational          5.53e-04   5.31e-04   5.31e-04   1.61e-03 100.0%
Clock                  0.00e+00   0.00e+00   0.00e+00   0.00e+00   0.0%
Macro                  0.00e+00   0.00e+00   0.00e+00   0.00e+00   0.0%
Pad                    0.00e+00   0.00e+00   0.00e+00   0.00e+00   0.0%
----------------------------------------------------------------
Total                  5.53e-04   5.31e-04   5.31e-04   1.61e-03 100.0%
                          34.3%      32.9%      32.9%
