
==========================================================================
floorplan final report_tns
--------------------------------------------------------------------------
tns -568201.38

==========================================================================
floorplan final report_wns
--------------------------------------------------------------------------
wns -4539.15

==========================================================================
floorplan final report_worst_slack
--------------------------------------------------------------------------
worst slack -4539.15

==========================================================================
floorplan final report_checks -path_delay min
--------------------------------------------------------------------------
Startpoint: is_mask_exe (input port clocked by clk)
Endpoint: alu_result_exe[0] (output port clocked by clk)
Path Group: clk
Path Type: min

Fanout     Cap    Slew   Delay    Time   Description
-----------------------------------------------------------------------------
                  0.00    0.00    0.00   clock clk (rise edge)
                          0.00    0.00   clock network delay (ideal)
                       1000.00 1000.00 ^ input external delay
    41   22.76    0.00    0.00 1000.00 ^ is_mask_exe (in)
                                         is_mask_exe (net)
                  0.00    0.00 1000.00 ^ _037560_/B (AO21x1_ASAP7_75t_R)
     1    0.00    2.55    6.27 1006.27 ^ _037560_/Y (AO21x1_ASAP7_75t_R)
                                         alu_result_exe[0] (net)
                  2.55    0.00 1006.27 ^ alu_result_exe[0] (out)
                               1006.27   data arrival time

                  0.00    0.00    0.00   clock clk (rise edge)
                          0.00    0.00   clock network delay (ideal)
                          0.00    0.00   clock reconvergence pessimism
                       -1000.00 -1000.00   output external delay
                               -1000.00   data required time
-----------------------------------------------------------------------------
                               -1000.00   data required time
                               -1006.27   data arrival time
-----------------------------------------------------------------------------
                               2006.27   slack (MET)



==========================================================================
floorplan final report_checks -path_delay max
--------------------------------------------------------------------------
Startpoint: vtype_exe[4] (input port clocked by clk)
Endpoint: alu_result_exe[140] (output port clocked by clk)
Path Group: clk
Path Type: max

Fanout     Cap    Slew   Delay    Time   Description
-----------------------------------------------------------------------------
                  0.00    0.00    0.00   clock clk (rise edge)
                          0.00    0.00   clock network delay (ideal)
                       1000.00 1000.00 v input external delay
   667  481.89    0.00    0.00 1000.00 v vtype_exe[4] (in)
                                         vtype_exe[4] (net)
                  0.00    0.00 1000.00 v _033942_/A (INVx1_ASAP7_75t_R)
   341  221.57 1309.90  580.62 1580.62 ^ _033942_/Y (INVx1_ASAP7_75t_R)
                                         _009332_ (net)
               1309.90    0.00 1580.62 ^ _040988_/A (AND3x1_ASAP7_75t_R)
   401  288.70 2019.59  996.59 2577.21 ^ _040988_/Y (AND3x1_ASAP7_75t_R)
                                         _015870_ (net)
               2019.59    0.00 2577.21 ^ _045130_/B (AND3x1_ASAP7_75t_R)
     1    0.95   46.82  149.78 2726.99 ^ _045130_/Y (AND3x1_ASAP7_75t_R)
                                         _019971_ (net)
                 46.82    0.00 2726.99 ^ _045131_/C (AOI221x1_ASAP7_75t_R)
     4    3.73   63.63   30.93 2757.92 v _045131_/Y (AOI221x1_ASAP7_75t_R)
                                         _019972_ (net)
                 63.63    0.00 2757.92 v _045132_/A (INVx1_ASAP7_75t_R)
     6    5.26   44.75   34.95 2792.87 ^ _045132_/Y (INVx1_ASAP7_75t_R)
                                         exe_alu.arithmetic_ALU.adder.gen_adder[1].adder.get_ripple_carry_adder.adder.gen_adder[7].adder.A (net)
                 44.75    0.00 2792.87 ^ exe_alu.arithmetic_ALU.adder.gen_adder[1].adder.get_ripple_carry_adder.adder.gen_adder[7].adder.genblk1[0].genblk1.fulladder/A (FAx1_ASAP7_75t_R)
     7    6.22   85.58  123.50 2916.37 v exe_alu.arithmetic_ALU.adder.gen_adder[1].adder.get_ripple_carry_adder.adder.gen_adder[7].adder.genblk1[0].genblk1.fulladder/SN (FAx1_ASAP7_75t_R)
                                         exe_alu.arithmetic_ALU.adder.gen_adder[1].adder.get_ripple_carry_adder.adder.gen_adder[7].adder.NY (net)
                 85.58    0.00 2916.37 v _040824_/B (XNOR2x2_ASAP7_75t_R)
     1    0.63   11.31   37.62 2953.99 ^ _040824_/Y (XNOR2x2_ASAP7_75t_R)
                                         _015707_ (net)
                 11.31    0.00 2953.99 ^ _040825_/A2 (AO21x1_ASAP7_75t_R)
     1    1.01   10.01   14.96 2968.95 ^ _040825_/Y (AO21x1_ASAP7_75t_R)
                                         _015708_ (net)
                 10.01    0.00 2968.95 ^ _040826_/B (XNOR2x2_ASAP7_75t_R)
     7    6.01   22.17   37.99 3006.94 v _040826_/Y (XNOR2x2_ASAP7_75t_R)
                                         _015709_ (net)
                 22.17    0.00 3006.94 v _040827_/B (XOR2x2_ASAP7_75t_R)
     9    6.35   26.77   42.19 3049.13 ^ _040827_/Y (XOR2x2_ASAP7_75t_R)
                                         _015710_ (net)
                 26.77    0.00 3049.13 ^ _040835_/C (AND3x1_ASAP7_75t_R)
    12    7.73   56.98   46.37 3095.50 ^ _040835_/Y (AND3x1_ASAP7_75t_R)
                                         _015718_ (net)
                 56.98    0.00 3095.50 ^ _045121_/B (NOR2x1_ASAP7_75t_R)
     4    3.45   55.01   27.93 3123.43 v _045121_/Y (NOR2x1_ASAP7_75t_R)
                                         _019963_ (net)
                 55.01    0.00 3123.43 v _045141_/A1 (AOI221x1_ASAP7_75t_R)
     3    1.82   30.43   21.29 3144.72 ^ _045141_/Y (AOI221x1_ASAP7_75t_R)
                                         _019981_ (net)
                 30.43    0.00 3144.72 ^ _045142_/A (INVx1_ASAP7_75t_R)
     6    4.83   29.26   21.88 3166.60 v _045142_/Y (INVx1_ASAP7_75t_R)
                                         exe_alu.arithmetic_ALU.adder.gen_adder[2].adder.get_ripple_carry_adder.adder.gen_adder[7].adder.A (net)
                 29.26    0.00 3166.60 v exe_alu.arithmetic_ALU.adder.gen_adder[2].adder.get_ripple_carry_adder.adder.gen_adder[7].adder.genblk1[0].genblk1.fulladder/A (FAx1_ASAP7_75t_R)
     5    3.90   57.27   85.25 3251.85 v exe_alu.arithmetic_ALU.adder.gen_adder[2].adder.get_ripple_carry_adder.adder.gen_adder[7].adder.genblk1[0].genblk1.fulladder/SN (FAx1_ASAP7_75t_R)
                                         exe_alu.arithmetic_ALU.adder.gen_adder[2].adder.get_ripple_carry_adder.adder.gen_adder[7].adder.NY (net)
                 57.27    0.00 3251.85 v _040930_/B (XNOR2x2_ASAP7_75t_R)
     1    0.63   10.00   33.56 3285.41 ^ _040930_/Y (XNOR2x2_ASAP7_75t_R)
                                         _015812_ (net)
                 10.00    0.00 3285.41 ^ _040931_/A2 (AO21x1_ASAP7_75t_R)
     1    1.01   10.01   14.67 3300.08 ^ _040931_/Y (AO21x1_ASAP7_75t_R)
                                         _015813_ (net)
                 10.01    0.00 3300.08 ^ _040932_/B (XNOR2x2_ASAP7_75t_R)
     3    2.72   13.51   32.51 3332.59 v _040932_/Y (XNOR2x2_ASAP7_75t_R)
                                         _015814_ (net)
                 13.51    0.00 3332.59 v _040933_/B (XOR2x2_ASAP7_75t_R)
     4    3.03   15.72   33.57 3366.16 ^ _040933_/Y (XOR2x2_ASAP7_75t_R)
                                         _015815_ (net)
                 15.72    0.00 3366.16 ^ _040943_/C (AND3x1_ASAP7_75t_R)
     4    2.86   25.05   29.50 3395.66 ^ _040943_/Y (AND3x1_ASAP7_75t_R)
                                         _015825_ (net)
                 25.05    0.00 3395.66 ^ _040944_/A2 (AO21x1_ASAP7_75t_R)
     8    5.18   34.04   29.20 3424.86 ^ _040944_/Y (AO21x1_ASAP7_75t_R)
                                         _015826_ (net)
                 34.04    0.00 3424.86 ^ _045165_/A2 (OA211x2_ASAP7_75t_R)
     1    1.24   10.41   25.47 3450.33 ^ _045165_/Y (OA211x2_ASAP7_75t_R)
                                         _020004_ (net)
                 10.41    0.00 3450.33 ^ _045167_/A1 (OAI21x1_ASAP7_75t_R)
     3    2.57  158.23   10.64 3460.97 v _045167_/Y (OAI21x1_ASAP7_75t_R)
                                         _020006_ (net)
                158.23    0.00 3460.97 v _045207_/A2 (AOI21x1_ASAP7_75t_R)
     1    0.56   27.27   21.75 3482.71 ^ _045207_/Y (AOI21x1_ASAP7_75t_R)
                                         _020046_ (net)
                 27.27    0.00 3482.71 ^ _045208_/B1 (OA31x2_ASAP7_75t_R)
     5    4.53   23.16   30.83 3513.54 ^ _045208_/Y (OA31x2_ASAP7_75t_R)
                                         _020047_ (net)
                 23.16    0.00 3513.54 ^ _049645_/A (INVx1_ASAP7_75t_R)
     3    3.20   20.39   15.84 3529.38 v _049645_/Y (INVx1_ASAP7_75t_R)
                                         exe_alu.arithmetic_ALU.adder.gen_adder[3].adder.get_ripple_carry_adder.adder.gen_adder[7].adder.A (net)
                 20.39    0.00 3529.38 v exe_alu.arithmetic_ALU.adder.gen_adder[3].adder.get_ripple_carry_adder.adder.gen_adder[7].adder.genblk1[0].genblk1.fulladder/A (FAx1_ASAP7_75t_R)
     4    2.63   41.80   64.19 3593.58 v exe_alu.arithmetic_ALU.adder.gen_adder[3].adder.get_ripple_carry_adder.adder.gen_adder[7].adder.genblk1[0].genblk1.fulladder/SN (FAx1_ASAP7_75t_R)
                                         exe_alu.arithmetic_ALU.adder.gen_adder[3].adder.get_ripple_carry_adder.adder.gen_adder[7].adder.NY (net)
                 41.80    0.00 3593.58 v _040896_/B (XNOR2x2_ASAP7_75t_R)
     1    0.63    9.26   31.20 3624.78 ^ _040896_/Y (XNOR2x2_ASAP7_75t_R)
                                         _015779_ (net)
                  9.26    0.00 3624.78 ^ _040897_/A2 (AO21x1_ASAP7_75t_R)
     1    1.01   10.01   14.47 3639.24 ^ _040897_/Y (AO21x1_ASAP7_75t_R)
                                         _015780_ (net)
                 10.01    0.00 3639.24 ^ _040898_/B (XNOR2x2_ASAP7_75t_R)
     7    4.64   18.52   35.76 3675.01 v _040898_/Y (XNOR2x2_ASAP7_75t_R)
                                         _015781_ (net)
                 18.52    0.00 3675.01 v _040899_/B (XOR2x2_ASAP7_75t_R)
    12    9.39   36.75   45.98 3720.98 ^ _040899_/Y (XOR2x2_ASAP7_75t_R)
                                         _015782_ (net)
                 36.75    0.00 3720.98 ^ _040963_/B (AND2x2_ASAP7_75t_R)
    43   27.50   98.18   66.37 3787.35 ^ _040963_/Y (AND2x2_ASAP7_75t_R)
                                         _015845_ (net)
                 98.18    0.00 3787.35 ^ _045144_/C (AND3x1_ASAP7_75t_R)
     1    0.63   32.30   29.20 3816.56 ^ _045144_/Y (AND3x1_ASAP7_75t_R)
                                         _019983_ (net)
                 32.30    0.00 3816.56 ^ _045145_/B (AO21x1_ASAP7_75t_R)
     2    1.00   12.19   16.55 3833.10 ^ _045145_/Y (AO21x1_ASAP7_75t_R)
                                         _019984_ (net)
                 12.19    0.00 3833.10 ^ _045146_/B1 (AO32x1_ASAP7_75t_R)
     1    0.57   14.66   18.33 3851.44 ^ _045146_/Y (AO32x1_ASAP7_75t_R)
                                         _019985_ (net)
                 14.66    0.00 3851.44 ^ _045153_/B1 (AO221x1_ASAP7_75t_R)
     3    2.86   22.30   26.56 3878.00 ^ _045153_/Y (AO221x1_ASAP7_75t_R)
                                         _019992_ (net)
                 22.30    0.00 3878.00 ^ _045228_/B (AOI21x1_ASAP7_75t_R)
     5    4.44   25.04   17.16 3895.16 v _045228_/Y (AOI21x1_ASAP7_75t_R)
                                         _020067_ (net)
                 25.04    0.00 3895.16 v _045608_/A (INVx1_ASAP7_75t_R)
     5    4.35   30.54   21.52 3916.69 ^ _045608_/Y (INVx1_ASAP7_75t_R)
                                         exe_alu.arithmetic_ALU.adder.gen_adder[4].adder.get_ripple_carry_adder.adder.gen_adder[7].adder.A (net)
                 30.54    0.00 3916.69 ^ exe_alu.arithmetic_ALU.adder.gen_adder[4].adder.get_ripple_carry_adder.adder.gen_adder[7].adder.genblk1[0].genblk1.fulladder/A (FAx1_ASAP7_75t_R)
     3    2.20   59.48   56.15 3972.83 ^ exe_alu.arithmetic_ALU.adder.gen_adder[4].adder.get_ripple_carry_adder.adder.gen_adder[7].adder.genblk1[0].genblk1.fulladder/SN (FAx1_ASAP7_75t_R)
                                         exe_alu.arithmetic_ALU.adder.gen_adder[4].adder.get_ripple_carry_adder.adder.gen_adder[7].adder.NY (net)
                 59.48    0.00 3972.83 ^ _041023_/B (XNOR2x2_ASAP7_75t_R)
     1    0.63    7.94   36.50 4009.33 v _041023_/Y (XNOR2x2_ASAP7_75t_R)
                                         _015905_ (net)
                  7.94    0.00 4009.33 v _041024_/A2 (AO21x1_ASAP7_75t_R)
     1    1.05    9.78   15.31 4024.64 v _041024_/Y (AO21x1_ASAP7_75t_R)
                                         _015906_ (net)
                  9.78    0.00 4024.64 v _041025_/B (XOR2x2_ASAP7_75t_R)
     3    2.20   13.20   30.62 4055.27 ^ _041025_/Y (XOR2x2_ASAP7_75t_R)
                                         _015907_ (net)
                 13.20    0.00 4055.27 ^ _041026_/B (XNOR2x2_ASAP7_75t_R)
     3    2.10   12.49   23.01 4078.27 ^ _041026_/Y (XNOR2x2_ASAP7_75t_R)
                                         _015908_ (net)
                 12.49    0.00 4078.27 ^ _041027_/B (OA211x2_ASAP7_75t_R)
    15   11.35   48.93   37.27 4115.55 ^ _041027_/Y (OA211x2_ASAP7_75t_R)
                                         _015909_ (net)
                 48.93    0.00 4115.55 ^ _045154_/B (NOR2x1_ASAP7_75t_R)
     5    4.10   91.38   28.46 4144.00 v _045154_/Y (NOR2x1_ASAP7_75t_R)
                                         _019993_ (net)
                 91.38    0.00 4144.00 v _045157_/B (AND2x2_ASAP7_75t_R)
     2    1.54   11.52   37.09 4181.09 v _045157_/Y (AND2x2_ASAP7_75t_R)
                                         _019996_ (net)
                 11.52    0.00 4181.09 v _045176_/B1 (AO22x1_ASAP7_75t_R)
     3    2.93   19.95   26.27 4207.36 v _045176_/Y (AO22x1_ASAP7_75t_R)
                                         _020015_ (net)
                 19.95    0.00 4207.36 v _045254_/B (OR3x1_ASAP7_75t_R)
     3    2.27   18.18   31.84 4239.20 v _045254_/Y (OR3x1_ASAP7_75t_R)
                                         _020093_ (net)
                 18.18    0.00 4239.20 v _045672_/A2 (AO21x1_ASAP7_75t_R)
     5    4.28   23.91   26.35 4265.55 v _045672_/Y (AO21x1_ASAP7_75t_R)
                                         _020509_ (net)
                 23.91    0.00 4265.55 v exe_alu.arithmetic_ALU.adder.gen_adder[5].adder.get_ripple_carry_adder.adder.gen_adder[7].adder.genblk1[0].genblk1.fulladder/A (FAx1_ASAP7_75t_R)
     3    2.20   59.05   54.80 4320.35 ^ exe_alu.arithmetic_ALU.adder.gen_adder[5].adder.get_ripple_carry_adder.adder.gen_adder[7].adder.genblk1[0].genblk1.fulladder/SN (FAx1_ASAP7_75t_R)
                                         exe_alu.arithmetic_ALU.adder.gen_adder[5].adder.get_ripple_carry_adder.adder.gen_adder[7].adder.NY (net)
                 59.05    0.00 4320.35 ^ _040973_/B (XNOR2x2_ASAP7_75t_R)
     1    0.63    7.94   36.45 4356.80 v _040973_/Y (XNOR2x2_ASAP7_75t_R)
                                         _015855_ (net)
                  7.94    0.00 4356.80 v _040974_/A2 (AO21x1_ASAP7_75t_R)
     1    1.05    9.78   15.31 4372.11 v _040974_/Y (AO21x1_ASAP7_75t_R)
                                         _015856_ (net)
                  9.78    0.00 4372.11 v _040975_/B (XOR2x2_ASAP7_75t_R)
     4    2.65   14.67   31.56 4403.67 ^ _040975_/Y (XOR2x2_ASAP7_75t_R)
                                         _015857_ (net)
                 14.67    0.00 4403.67 ^ _040976_/B (XNOR2x2_ASAP7_75t_R)
     8    4.94   19.31   37.40 4441.07 v _040976_/Y (XNOR2x2_ASAP7_75t_R)
                                         _015858_ (net)
                 19.31    0.00 4441.07 v _041041_/B (OA211x2_ASAP7_75t_R)
    25   18.50   60.53   53.71 4494.78 v _041041_/Y (OA211x2_ASAP7_75t_R)
                                         _015923_ (net)
                 60.53    0.00 4494.78 v _045182_/B (NAND2x1_ASAP7_75t_R)
     1    0.56   31.65   17.37 4512.14 ^ _045182_/Y (NAND2x1_ASAP7_75t_R)
                                         _020021_ (net)
                 31.65    0.00 4512.14 ^ _045187_/B2 (OA222x2_ASAP7_75t_R)
     1    0.45   12.01   28.94 4541.08 ^ _045187_/Y (OA222x2_ASAP7_75t_R)
                                         _020026_ (net)
                 12.01    0.00 4541.08 ^ _045188_/C (OA211x2_ASAP7_75t_R)
     2    1.68   11.20   21.72 4562.81 ^ _045188_/Y (OA211x2_ASAP7_75t_R)
                                         _020027_ (net)
                 11.20    0.00 4562.81 ^ _045199_/A (NAND2x1_ASAP7_75t_R)
     2    2.16   16.34   11.28 4574.09 v _045199_/Y (NAND2x1_ASAP7_75t_R)
                                         _020038_ (net)
                 16.34    0.00 4574.09 v _045282_/C (AOI211x1_ASAP7_75t_R)
     6    3.72   42.44   23.36 4597.45 ^ _045282_/Y (AOI211x1_ASAP7_75t_R)
                                         _020121_ (net)
                 42.44    0.00 4597.45 ^ _055709_/A (INVx1_ASAP7_75t_R)
     1    2.00   19.20   15.47 4612.93 v _055709_/Y (INVx1_ASAP7_75t_R)
                                         exe_alu.arithmetic_ALU.adder.gen_adder[6].adder.get_ripple_carry_adder.adder.gen_adder[7].adder.A (net)
                 19.20    0.00 4612.93 v exe_alu.arithmetic_ALU.adder.gen_adder[6].adder.get_ripple_carry_adder.adder.gen_adder[7].adder.genblk1[0].genblk1.fulladder/A (FAx1_ASAP7_75t_R)
     4    3.45   82.76   71.56 4684.49 ^ exe_alu.arithmetic_ALU.adder.gen_adder[6].adder.get_ripple_carry_adder.adder.gen_adder[7].adder.genblk1[0].genblk1.fulladder/SN (FAx1_ASAP7_75t_R)
                                         exe_alu.arithmetic_ALU.adder.gen_adder[6].adder.get_ripple_carry_adder.adder.gen_adder[7].adder.NY (net)
                 82.76    0.00 4684.49 ^ _041119_/B (XNOR2x2_ASAP7_75t_R)
     1    0.63    8.36   39.24 4723.72 v _041119_/Y (XNOR2x2_ASAP7_75t_R)
                                         _016000_ (net)
                  8.36    0.00 4723.72 v _041120_/A2 (AO21x1_ASAP7_75t_R)
     1    1.05    9.78   15.42 4739.15 v _041120_/Y (AO21x1_ASAP7_75t_R)
                                         _016001_ (net)
                  9.78    0.00 4739.15 v _041121_/B (XOR2x2_ASAP7_75t_R)
     3    2.69   14.86   31.64 4770.79 ^ _041121_/Y (XOR2x2_ASAP7_75t_R)
                                         _016002_ (net)
                 14.86    0.00 4770.79 ^ _041122_/B (XNOR2x2_ASAP7_75t_R)
     1    0.68    7.77   29.52 4800.31 v _041122_/Y (XNOR2x2_ASAP7_75t_R)
                                         _016003_ (net)
                  7.77    0.00 4800.31 v _041123_/A (INVx1_ASAP7_75t_R)
     2    1.86   13.24    9.14 4809.45 ^ _041123_/Y (INVx1_ASAP7_75t_R)
                                         _016004_ (net)
                 13.24    0.00 4809.45 ^ _041124_/C (NOR3x1_ASAP7_75t_R)
    12    7.71   51.01   31.59 4841.04 v _041124_/Y (NOR3x1_ASAP7_75t_R)
                                         _016005_ (net)
                 51.01    0.00 4841.04 v _044952_/B (AND2x2_ASAP7_75t_R)
     3    1.65   13.06   29.68 4870.72 v _044952_/Y (AND2x2_ASAP7_75t_R)
                                         _019797_ (net)
                 13.06    0.00 4870.72 v _045219_/A2 (AO222x2_ASAP7_75t_R)
     1    0.68   15.17   31.25 4901.97 v _045219_/Y (AO222x2_ASAP7_75t_R)
                                         _020058_ (net)
                 15.17    0.00 4901.97 v _045220_/A (INVx1_ASAP7_75t_R)
     1    0.44    7.45    6.69 4908.66 ^ _045220_/Y (INVx1_ASAP7_75t_R)
                                         _020059_ (net)
                  7.45    0.00 4908.66 ^ _045223_/B (OA211x2_ASAP7_75t_R)
     3    1.73   11.22   21.06 4929.73 ^ _045223_/Y (OA211x2_ASAP7_75t_R)
                                         _020062_ (net)
                 11.22    0.00 4929.73 ^ _049507_/C (AND3x1_ASAP7_75t_R)
     4    2.45   21.97   27.33 4957.06 ^ _049507_/Y (AND3x1_ASAP7_75t_R)
                                         _024300_ (net)
                 21.97    0.00 4957.06 ^ _055729_/A (INVx1_ASAP7_75t_R)
     1    2.00   14.90   12.12 4969.18 v _055729_/Y (INVx1_ASAP7_75t_R)
                                         exe_alu.arithmetic_ALU.adder.gen_adder[7].adder.get_ripple_carry_adder.adder.gen_adder[7].adder.A (net)
                 14.90    0.00 4969.18 v exe_alu.arithmetic_ALU.adder.gen_adder[7].adder.get_ripple_carry_adder.adder.gen_adder[7].adder.genblk1[0].genblk1.fulladder/A (FAx1_ASAP7_75t_R)
     6    4.51  103.84   85.60 5054.78 ^ exe_alu.arithmetic_ALU.adder.gen_adder[7].adder.get_ripple_carry_adder.adder.gen_adder[7].adder.genblk1[0].genblk1.fulladder/SN (FAx1_ASAP7_75t_R)
                                         exe_alu.arithmetic_ALU.adder.gen_adder[7].adder.get_ripple_carry_adder.adder.gen_adder[7].adder.NY (net)
                103.84    0.00 5054.78 ^ _040732_/B (XNOR2x2_ASAP7_75t_R)
     1    0.63    8.72   40.99 5095.77 v _040732_/Y (XNOR2x2_ASAP7_75t_R)
                                         _015616_ (net)
                  8.72    0.00 5095.77 v _040735_/A2 (AO21x1_ASAP7_75t_R)
     2    1.95   13.91   18.03 5113.80 v _040735_/Y (AO21x1_ASAP7_75t_R)
                                         _015619_ (net)
                 13.91    0.00 5113.80 v _040736_/B (XOR2x2_ASAP7_75t_R)
     4    2.55   14.73   32.76 5146.56 ^ _040736_/Y (XOR2x2_ASAP7_75t_R)
                                         _015620_ (net)
                 14.73    0.00 5146.56 ^ _040737_/B (XNOR2x2_ASAP7_75t_R)
    13    8.57   28.82   42.79 5189.35 v _040737_/Y (XNOR2x2_ASAP7_75t_R)
                                         _015621_ (net)
                 28.82    0.00 5189.35 v _041141_/B (NAND2x1_ASAP7_75t_R)
    62   41.34  288.41  139.07 5328.42 ^ _041141_/Y (NAND2x1_ASAP7_75t_R)
                                         _016022_ (net)
                288.41    0.00 5328.42 ^ _044978_/A (OR2x2_ASAP7_75t_R)
     1    0.44   13.38   51.01 5379.43 ^ _044978_/Y (OR2x2_ASAP7_75t_R)
                                         _019823_ (net)
                 13.38    0.00 5379.43 ^ _044979_/B (OA211x2_ASAP7_75t_R)
     2    1.16   14.08   21.16 5400.59 ^ _044979_/Y (OA211x2_ASAP7_75t_R)
                                         _019824_ (net)
                 14.08    0.00 5400.59 ^ _044980_/D (OR4x1_ASAP7_75t_R)
     1    0.63    7.68   15.18 5415.78 ^ _044980_/Y (OR4x1_ASAP7_75t_R)
                                         _019825_ (net)
                  7.68    0.00 5415.78 ^ _044981_/B (AO21x1_ASAP7_75t_R)
     3    2.73   19.38   16.76 5432.54 ^ _044981_/Y (AO21x1_ASAP7_75t_R)
                                         _019826_ (net)
                 19.38    0.00 5432.54 ^ _045007_/B (NOR2x1_ASAP7_75t_R)
     3    2.46   25.13   15.69 5448.23 v _045007_/Y (NOR2x1_ASAP7_75t_R)
                                         _019852_ (net)
                 25.13    0.00 5448.23 v _045010_/A1 (AOI21x1_ASAP7_75t_R)
     4    3.90   30.17   19.76 5468.00 ^ _045010_/Y (AOI21x1_ASAP7_75t_R)
                                         exe_alu.arithmetic_ALU.adder.gen_adder[8].adder.get_ripple_carry_adder.adder.gen_adder[6].adder.A (net)
                 30.17    0.00 5468.00 ^ exe_alu.arithmetic_ALU.adder.gen_adder[8].adder.get_ripple_carry_adder.adder.gen_adder[6].adder.genblk1[0].genblk1.fulladder/A (FAx1_ASAP7_75t_R)
     1    1.05   25.42   19.83 5487.83 v exe_alu.arithmetic_ALU.adder.gen_adder[8].adder.get_ripple_carry_adder.adder.gen_adder[6].adder.genblk1[0].genblk1.fulladder/CON (FAx1_ASAP7_75t_R)
                                         exe_alu.arithmetic_ALU.adder.gen_adder[8].adder.get_ripple_carry_adder.adder.gen_adder[6].adder.NX (net)
                 25.42    0.00 5487.83 v _042916_/A (XNOR2x2_ASAP7_75t_R)
     1    0.63    7.94   25.92 5513.75 v _042916_/Y (XNOR2x2_ASAP7_75t_R)
                                         _017795_ (net)
                  7.94    0.00 5513.75 v _042917_/A2 (AO21x1_ASAP7_75t_R)
     1    1.05    9.78   15.31 5529.06 v _042917_/Y (AO21x1_ASAP7_75t_R)
                                         _017796_ (net)
                  9.78    0.00 5529.06 v _042918_/B (XOR2x2_ASAP7_75t_R)
     3    2.13   12.96   30.47 5559.53 ^ _042918_/Y (XOR2x2_ASAP7_75t_R)
                                         _017797_ (net)
                 12.96    0.00 5559.53 ^ _042919_/B (XNOR2x2_ASAP7_75t_R)
     7    4.61   18.44   36.44 5595.97 v _042919_/Y (XNOR2x2_ASAP7_75t_R)
                                         _017798_ (net)
                 18.44    0.00 5595.97 v _042920_/B (NAND2x1_ASAP7_75t_R)
    14    9.49  102.82   38.91 5634.88 ^ _042920_/Y (NAND2x1_ASAP7_75t_R)
                                         _017799_ (net)
                102.82    0.00 5634.88 ^ _045247_/A (AND3x1_ASAP7_75t_R)
     1    0.61   11.85   34.40 5669.28 ^ _045247_/Y (AND3x1_ASAP7_75t_R)
                                         _020086_ (net)
                 11.85    0.00 5669.28 ^ _045266_/A1 (OA21x2_ASAP7_75t_R)
     2    1.22    8.12   17.39 5686.67 ^ _045266_/Y (OA21x2_ASAP7_75t_R)
                                         _020105_ (net)
                  8.12    0.00 5686.67 ^ _049506_/A (INVx1_ASAP7_75t_R)
     7    5.56   28.58   16.93 5703.59 v _049506_/Y (INVx1_ASAP7_75t_R)
                                         exe_alu.arithmetic_ALU.adder.gen_adder[9].adder.get_ripple_carry_adder.adder.gen_adder[7].adder.A (net)
                 28.58    0.00 5703.59 v exe_alu.arithmetic_ALU.adder.gen_adder[9].adder.get_ripple_carry_adder.adder.gen_adder[7].adder.genblk1[0].genblk1.fulladder/A (FAx1_ASAP7_75t_R)
     5    4.01   94.37   81.54 5785.13 ^ exe_alu.arithmetic_ALU.adder.gen_adder[9].adder.get_ripple_carry_adder.adder.gen_adder[7].adder.genblk1[0].genblk1.fulladder/SN (FAx1_ASAP7_75t_R)
                                         exe_alu.arithmetic_ALU.adder.gen_adder[9].adder.get_ripple_carry_adder.adder.gen_adder[7].adder.NY (net)
                 94.37    0.00 5785.13 ^ _042874_/B (XNOR2x2_ASAP7_75t_R)
     1    0.63    8.54   40.20 5825.33 v _042874_/Y (XNOR2x2_ASAP7_75t_R)
                                         _017753_ (net)
                  8.54    0.00 5825.33 v _042875_/A2 (AO21x1_ASAP7_75t_R)
     1    1.05    9.78   15.48 5840.81 v _042875_/Y (AO21x1_ASAP7_75t_R)
                                         _017754_ (net)
                  9.78    0.00 5840.81 v _042876_/B (XOR2x2_ASAP7_75t_R)
     4    2.71   14.91   31.70 5872.50 ^ _042876_/Y (XOR2x2_ASAP7_75t_R)
                                         _017755_ (net)
                 14.91    0.00 5872.50 ^ _042877_/B (XNOR2x2_ASAP7_75t_R)
    11    7.59   30.60   33.30 5905.80 ^ _042877_/Y (XNOR2x2_ASAP7_75t_R)
                                         _017756_ (net)
                 30.60    0.00 5905.80 ^ _045277_/B (AND3x1_ASAP7_75t_R)
     8    4.90   40.35   39.14 5944.95 ^ _045277_/Y (AND3x1_ASAP7_75t_R)
                                         _020116_ (net)
                 40.35    0.00 5944.95 ^ _045279_/A (NAND2x1_ASAP7_75t_R)
     1    0.59   13.39   10.68 5955.63 v _045279_/Y (NAND2x1_ASAP7_75t_R)
                                         _020118_ (net)
                 13.39    0.00 5955.63 v _045280_/C (AND3x1_ASAP7_75t_R)
     1    0.43    5.45   14.84 5970.47 v _045280_/Y (AND3x1_ASAP7_75t_R)
                                         _020119_ (net)
                  5.45    0.00 5970.47 v _045285_/B (OA211x2_ASAP7_75t_R)
     2    1.50   11.41   25.83 5996.29 v _045285_/Y (OA211x2_ASAP7_75t_R)
                                         _020124_ (net)
                 11.41    0.00 5996.29 v _045286_/C (OA211x2_ASAP7_75t_R)
     3    2.76   14.60   31.80 6028.10 v _045286_/Y (OA211x2_ASAP7_75t_R)
                                         _020125_ (net)
                 14.60    0.00 6028.10 v _045287_/B (NOR2x1_ASAP7_75t_R)
     7    5.79   43.22   25.59 6053.69 ^ _045287_/Y (NOR2x1_ASAP7_75t_R)
                                         exe_alu.arithmetic_ALU.adder.gen_adder[10].adder.get_ripple_carry_adder.adder.gen_adder[7].adder.A (net)
                 43.22    0.00 6053.69 ^ exe_alu.arithmetic_ALU.adder.gen_adder[10].adder.get_ripple_carry_adder.adder.gen_adder[7].adder.genblk1[0].genblk1.fulladder/A (FAx1_ASAP7_75t_R)
     4    2.85   72.96   68.13 6121.83 ^ exe_alu.arithmetic_ALU.adder.gen_adder[10].adder.get_ripple_carry_adder.adder.gen_adder[7].adder.genblk1[0].genblk1.fulladder/SN (FAx1_ASAP7_75t_R)
                                         exe_alu.arithmetic_ALU.adder.gen_adder[10].adder.get_ripple_carry_adder.adder.gen_adder[7].adder.NY (net)
                 72.96    0.00 6121.83 ^ _043110_/B (XNOR2x2_ASAP7_75t_R)
     1    0.63    8.17   38.15 6159.97 v _043110_/Y (XNOR2x2_ASAP7_75t_R)
                                         _017988_ (net)
                  8.17    0.00 6159.97 v _043111_/A2 (AO21x1_ASAP7_75t_R)
     1    1.05    9.78   15.37 6175.35 v _043111_/Y (AO21x1_ASAP7_75t_R)
                                         _017989_ (net)
                  9.78    0.00 6175.35 v _043112_/B (XOR2x2_ASAP7_75t_R)
     3    2.13   13.01   30.47 6205.82 ^ _043112_/Y (XOR2x2_ASAP7_75t_R)
                                         _017990_ (net)
                 13.01    0.00 6205.82 ^ _043113_/B (XNOR2x2_ASAP7_75t_R)
     5    3.34   15.05   34.33 6240.15 v _043113_/Y (XNOR2x2_ASAP7_75t_R)
                                         _017991_ (net)
                 15.05    0.00 6240.15 v _043114_/B (AND2x2_ASAP7_75t_R)
    15   10.91   34.05   33.00 6273.15 v _043114_/Y (AND2x2_ASAP7_75t_R)
                                         _017992_ (net)
                 34.05    0.00 6273.15 v _049513_/A2 (AO32x1_ASAP7_75t_R)
     1    1.09   12.91   27.73 6300.88 v _049513_/Y (AO32x1_ASAP7_75t_R)
                                         _024306_ (net)
                 12.91    0.00 6300.88 v _049514_/B (NOR2x1_ASAP7_75t_R)
     1    1.38   14.62   11.35 6312.24 ^ _049514_/Y (NOR2x1_ASAP7_75t_R)
                                         _024307_ (net)
                 14.62    0.00 6312.24 ^ _049515_/B (OAI21x1_ASAP7_75t_R)
     2    1.15   11.71    9.73 6321.97 v _049515_/Y (OAI21x1_ASAP7_75t_R)
                                         _024308_ (net)
                 11.71    0.00 6321.97 v _049516_/B (AO21x1_ASAP7_75t_R)
     2    2.29   14.90   20.87 6342.83 v _049516_/Y (AO21x1_ASAP7_75t_R)
                                         _024309_ (net)
                 14.90    0.00 6342.83 v _049517_/B (NAND2x1_ASAP7_75t_R)
     1    0.60    9.78    9.66 6352.50 ^ _049517_/Y (NAND2x1_ASAP7_75t_R)
                                         _024310_ (net)
                  9.78    0.00 6352.50 ^ _049518_/C (AND3x1_ASAP7_75t_R)
     4    2.59   22.71   27.59 6380.08 ^ _049518_/Y (AND3x1_ASAP7_75t_R)
                                         _024311_ (net)
                 22.71    0.00 6380.08 ^ _055512_/A (INVx1_ASAP7_75t_R)
     1    2.00   15.06   12.25 6392.34 v _055512_/Y (INVx1_ASAP7_75t_R)
                                         exe_alu.arithmetic_ALU.adder.gen_adder[11].adder.get_ripple_carry_adder.adder.gen_adder[7].adder.A (net)
                 15.06    0.00 6392.34 v exe_alu.arithmetic_ALU.adder.gen_adder[11].adder.get_ripple_carry_adder.adder.gen_adder[7].adder.genblk1[0].genblk1.fulladder/A (FAx1_ASAP7_75t_R)
     4    2.78   69.73   61.21 6453.54 ^ exe_alu.arithmetic_ALU.adder.gen_adder[11].adder.get_ripple_carry_adder.adder.gen_adder[7].adder.genblk1[0].genblk1.fulladder/SN (FAx1_ASAP7_75t_R)
                                         exe_alu.arithmetic_ALU.adder.gen_adder[11].adder.get_ripple_carry_adder.adder.gen_adder[7].adder.NY (net)
                 69.73    0.00 6453.54 ^ _042997_/B (XNOR2x2_ASAP7_75t_R)
     1    0.63    8.15   37.75 6491.29 v _042997_/Y (XNOR2x2_ASAP7_75t_R)
                                         _017876_ (net)
                  8.15    0.00 6491.29 v _042998_/A2 (AO21x1_ASAP7_75t_R)
     2    1.95   13.91   17.88 6509.17 v _042998_/Y (AO21x1_ASAP7_75t_R)
                                         _017877_ (net)
                 13.91    0.00 6509.17 v _042999_/B (XOR2x2_ASAP7_75t_R)
     4    2.44   14.29   32.52 6541.69 ^ _042999_/Y (XOR2x2_ASAP7_75t_R)
                                         _017878_ (net)
                 14.29    0.00 6541.69 ^ _043000_/B (XNOR2x2_ASAP7_75t_R)
    19   12.61   39.38   48.34 6590.03 v _043000_/Y (XNOR2x2_ASAP7_75t_R)
                                         _017879_ (net)
                 39.38    0.00 6590.03 v _045036_/B (AND2x2_ASAP7_75t_R)
    38   25.40   74.10   59.39 6649.42 v _045036_/Y (AND2x2_ASAP7_75t_R)
                                         _019879_ (net)
                 74.10    0.00 6649.42 v _051500_/A (NAND2x1_ASAP7_75t_R)
     1    0.64   24.38   24.38 6673.80 ^ _051500_/Y (NAND2x1_ASAP7_75t_R)
                                         _026274_ (net)
                 24.38    0.00 6673.80 ^ _051501_/B (OA21x2_ASAP7_75t_R)
     1    1.09    9.86   18.91 6692.71 ^ _051501_/Y (OA21x2_ASAP7_75t_R)
                                         _026275_ (net)
                  9.86    0.00 6692.71 ^ _051502_/B (NOR2x1_ASAP7_75t_R)
     2    1.15   47.95    9.05 6701.76 v _051502_/Y (NOR2x1_ASAP7_75t_R)
                                         _026276_ (net)
                 47.95    0.00 6701.76 v _051504_/C (OR4x1_ASAP7_75t_R)
     1    0.56   11.20   36.78 6738.54 v _051504_/Y (OR4x1_ASAP7_75t_R)
                                         _026278_ (net)
                 11.20    0.00 6738.54 v _051505_/B1 (OA22x2_ASAP7_75t_R)
     6    4.87   16.94   25.75 6764.29 v _051505_/Y (OA22x2_ASAP7_75t_R)
                                         _026279_ (net)
                 16.94    0.00 6764.29 v exe_alu.arithmetic_ALU.adder.gen_adder[12].adder.get_ripple_carry_adder.adder.gen_adder[7].adder.genblk1[0].genblk1.fulladder/A (FAx1_ASAP7_75t_R)
     5    4.91  111.34   91.73 6856.02 ^ exe_alu.arithmetic_ALU.adder.gen_adder[12].adder.get_ripple_carry_adder.adder.gen_adder[7].adder.genblk1[0].genblk1.fulladder/SN (FAx1_ASAP7_75t_R)
                                         exe_alu.arithmetic_ALU.adder.gen_adder[12].adder.get_ripple_carry_adder.adder.gen_adder[7].adder.NY (net)
                111.34    0.00 6856.02 ^ _049819_/B (XNOR2x2_ASAP7_75t_R)
     1    0.63    8.86   41.62 6897.63 v _049819_/Y (XNOR2x2_ASAP7_75t_R)
                                         _024608_ (net)
                  8.86    0.00 6897.63 v _049820_/A2 (AO21x1_ASAP7_75t_R)
     1    1.05    9.78   15.56 6913.20 v _049820_/Y (AO21x1_ASAP7_75t_R)
                                         _024609_ (net)
                  9.78    0.00 6913.20 v _049821_/B (XOR2x2_ASAP7_75t_R)
     3    2.13   12.95   30.46 6943.66 ^ _049821_/Y (XOR2x2_ASAP7_75t_R)
                                         _024610_ (net)
                 12.95    0.00 6943.66 ^ _049822_/B (XNOR2x2_ASAP7_75t_R)
     5    3.01   14.16   33.76 6977.42 v _049822_/Y (XNOR2x2_ASAP7_75t_R)
                                         _024611_ (net)
                 14.16    0.00 6977.42 v _049823_/B (AND2x2_ASAP7_75t_R)
     9    6.51   26.19   26.83 7004.24 v _049823_/Y (AND2x2_ASAP7_75t_R)
                                         _024612_ (net)
                 26.19    0.00 7004.24 v _052816_/B (AND3x1_ASAP7_75t_R)
     1    0.60   10.33   18.23 7022.47 v _052816_/Y (AND3x1_ASAP7_75t_R)
                                         _027571_ (net)
                 10.33    0.00 7022.47 v _052817_/B (OR3x1_ASAP7_75t_R)
     1    1.09   11.83   25.43 7047.90 v _052817_/Y (OR3x1_ASAP7_75t_R)
                                         _027572_ (net)
                 11.83    0.00 7047.90 v _052818_/B (NOR2x1_ASAP7_75t_R)
     1    1.06   12.45    9.98 7057.88 ^ _052818_/Y (NOR2x1_ASAP7_75t_R)
                                         _027573_ (net)
                 12.45    0.00 7057.88 ^ _052819_/B (NAND2x1_ASAP7_75t_R)
     2    1.10   10.15    8.57 7066.45 v _052819_/Y (NAND2x1_ASAP7_75t_R)
                                         _027574_ (net)
                 10.15    0.00 7066.45 v _052820_/B (AO21x1_ASAP7_75t_R)
     1    0.63    6.97   15.86 7082.31 v _052820_/Y (AO21x1_ASAP7_75t_R)
                                         _027575_ (net)
                  6.97    0.00 7082.31 v _052821_/B (OA21x2_ASAP7_75t_R)
     4    5.48   17.93   18.65 7100.96 v _052821_/Y (OA21x2_ASAP7_75t_R)
                                         _027576_ (net)
                 17.93    0.00 7100.96 v exe_alu.arithmetic_ALU.adder.gen_adder[13].adder.get_ripple_carry_adder.adder.gen_adder[7].adder.genblk1[0].genblk1.fulladder/A (FAx1_ASAP7_75t_R)
     4    2.76   69.84   61.52 7162.48 ^ exe_alu.arithmetic_ALU.adder.gen_adder[13].adder.get_ripple_carry_adder.adder.gen_adder[7].adder.genblk1[0].genblk1.fulladder/SN (FAx1_ASAP7_75t_R)
                                         exe_alu.arithmetic_ALU.adder.gen_adder[13].adder.get_ripple_carry_adder.adder.gen_adder[7].adder.NY (net)
                 69.84    0.00 7162.48 ^ _049831_/B (XNOR2x2_ASAP7_75t_R)
     1    0.63    8.14   37.77 7200.25 v _049831_/Y (XNOR2x2_ASAP7_75t_R)
                                         _024620_ (net)
                  8.14    0.00 7200.25 v _049832_/A2 (AO21x1_ASAP7_75t_R)
     1    1.05    9.78   15.37 7215.61 v _049832_/Y (AO21x1_ASAP7_75t_R)
                                         _024621_ (net)
                  9.78    0.00 7215.61 v _049833_/B (XOR2x2_ASAP7_75t_R)
     5    3.90   18.85   33.86 7249.48 ^ _049833_/Y (XOR2x2_ASAP7_75t_R)
                                         _024622_ (net)
                 18.85    0.00 7249.48 ^ _049834_/B (XNOR2x2_ASAP7_75t_R)
    11    7.37   25.69   42.07 7291.55 v _049834_/Y (XNOR2x2_ASAP7_75t_R)
                                         _024623_ (net)
                 25.69    0.00 7291.55 v _051702_/B (AND3x1_ASAP7_75t_R)
     5    3.28   22.88   25.66 7317.21 v _051702_/Y (AND3x1_ASAP7_75t_R)
                                         _026471_ (net)
                 22.88    0.00 7317.21 v _053810_/B1 (AO32x1_ASAP7_75t_R)
     1    1.06   14.28   26.80 7344.01 v _053810_/Y (AO32x1_ASAP7_75t_R)
                                         _028549_ (net)
                 14.28    0.00 7344.01 v _053811_/C (AOI211x1_ASAP7_75t_R)
     1    1.06   19.59   12.43 7356.43 ^ _053811_/Y (AOI211x1_ASAP7_75t_R)
                                         _028550_ (net)
                 19.59    0.00 7356.43 ^ _053812_/B (NAND2x1_ASAP7_75t_R)
     1    0.63    9.83    8.43 7364.86 v _053812_/Y (NAND2x1_ASAP7_75t_R)
                                         _028551_ (net)
                  9.83    0.00 7364.86 v _053813_/B (AO21x1_ASAP7_75t_R)
     2    1.22   10.31   17.59 7382.45 v _053813_/Y (AO21x1_ASAP7_75t_R)
                                         _028552_ (net)
                 10.31    0.00 7382.45 v _053814_/B (AO21x1_ASAP7_75t_R)
     1    1.18    9.63   17.57 7400.02 v _053814_/Y (AO21x1_ASAP7_75t_R)
                                         _028553_ (net)
                  9.63    0.00 7400.02 v _053817_/A1 (AOI22x1_ASAP7_75t_R)
     4    3.95   30.69   18.66 7418.68 ^ _053817_/Y (AOI22x1_ASAP7_75t_R)
                                         _028556_ (net)
                 30.69    0.00 7418.68 ^ _053833_/A (INVx1_ASAP7_75t_R)
     2    2.65   19.74   15.87 7434.55 v _053833_/Y (INVx1_ASAP7_75t_R)
                                         exe_alu.arithmetic_ALU.adder.gen_adder[14].adder.get_ripple_carry_adder.adder.gen_adder[7].adder.A (net)
                 19.74    0.00 7434.55 v exe_alu.arithmetic_ALU.adder.gen_adder[14].adder.get_ripple_carry_adder.adder.gen_adder[7].adder.genblk1[0].genblk1.fulladder/A (FAx1_ASAP7_75t_R)
     4    2.85   71.11   63.25 7497.80 ^ exe_alu.arithmetic_ALU.adder.gen_adder[14].adder.get_ripple_carry_adder.adder.gen_adder[7].adder.genblk1[0].genblk1.fulladder/SN (FAx1_ASAP7_75t_R)
                                         exe_alu.arithmetic_ALU.adder.gen_adder[14].adder.get_ripple_carry_adder.adder.gen_adder[7].adder.NY (net)
                 71.11    0.00 7497.80 ^ _052781_/B (XNOR2x2_ASAP7_75t_R)
     1    0.63    8.17   37.92 7535.72 v _052781_/Y (XNOR2x2_ASAP7_75t_R)
                                         _027537_ (net)
                  8.17    0.00 7535.72 v _052782_/A2 (AO21x1_ASAP7_75t_R)
     1    1.05    9.78   15.37 7551.09 v _052782_/Y (AO21x1_ASAP7_75t_R)
                                         _027538_ (net)
                  9.78    0.00 7551.09 v _052783_/B (XOR2x2_ASAP7_75t_R)
     3    2.13   12.94   30.46 7581.56 ^ _052783_/Y (XOR2x2_ASAP7_75t_R)
                                         _027539_ (net)
                 12.94    0.00 7581.56 ^ _053069_/B (XNOR2x2_ASAP7_75t_R)
     7    4.51   18.17   36.26 7617.82 v _053069_/Y (XNOR2x2_ASAP7_75t_R)
                                         _027820_ (net)
                 18.17    0.00 7617.82 v _053462_/B (NAND2x1_ASAP7_75t_R)
     7    4.00   63.72   22.06 7639.88 ^ _053462_/Y (NAND2x1_ASAP7_75t_R)
                                         _028207_ (net)
                 63.72    0.00 7639.88 ^ _053463_/B (AND2x2_ASAP7_75t_R)
     6    3.47   19.69   32.99 7672.87 ^ _053463_/Y (AND2x2_ASAP7_75t_R)
                                         _028208_ (net)
                 19.69    0.00 7672.87 ^ _053822_/A3 (AO33x2_ASAP7_75t_R)
     1    0.49    9.46   22.96 7695.83 ^ _053822_/Y (AO33x2_ASAP7_75t_R)
                                         _028561_ (net)
                  9.46    0.00 7695.83 ^ _053823_/B1 (AO32x1_ASAP7_75t_R)
     1    0.61    9.45   17.74 7713.57 ^ _053823_/Y (AO32x1_ASAP7_75t_R)
                                         _028562_ (net)
                  9.45    0.00 7713.57 ^ _053826_/A1 (OA21x2_ASAP7_75t_R)
     2    1.60   12.83   17.38 7730.95 ^ _053826_/Y (OA21x2_ASAP7_75t_R)
                                         _028565_ (net)
                 12.83    0.00 7730.95 ^ _054525_/B (AOI211x1_ASAP7_75t_R)
     3    2.17   30.62   12.43 7743.38 v _054525_/Y (AOI211x1_ASAP7_75t_R)
                                         _029246_ (net)
                 30.62    0.00 7743.38 v _055592_/A2 (OAI21x1_ASAP7_75t_R)
     1    2.00   52.32   16.14 7759.52 ^ _055592_/Y (OAI21x1_ASAP7_75t_R)
                                         exe_alu.arithmetic_ALU.adder.gen_adder[15].adder.get_ripple_carry_adder.adder.gen_adder[7].adder.A (net)
                 52.32    0.00 7759.52 ^ exe_alu.arithmetic_ALU.adder.gen_adder[15].adder.get_ripple_carry_adder.adder.gen_adder[7].adder.genblk1[0].genblk1.fulladder/A (FAx1_ASAP7_75t_R)
     3    2.81   73.30   69.28 7828.80 ^ exe_alu.arithmetic_ALU.adder.gen_adder[15].adder.get_ripple_carry_adder.adder.gen_adder[7].adder.genblk1[0].genblk1.fulladder/SN (FAx1_ASAP7_75t_R)
                                         exe_alu.arithmetic_ALU.adder.gen_adder[15].adder.get_ripple_carry_adder.adder.gen_adder[7].adder.NY (net)
                 73.30    0.00 7828.80 ^ _041147_/B (XNOR2x2_ASAP7_75t_R)
     1    0.63    8.16   38.19 7866.98 v _041147_/Y (XNOR2x2_ASAP7_75t_R)
                                         _016028_ (net)
                  8.16    0.00 7866.98 v _041148_/A2 (AO21x1_ASAP7_75t_R)
     2    1.95   13.91   17.88 7884.86 v _041148_/Y (AO21x1_ASAP7_75t_R)
                                         _016029_ (net)
                 13.91    0.00 7884.86 v _041149_/B (XOR2x2_ASAP7_75t_R)
     5    3.99   19.40   35.43 7920.29 ^ _041149_/Y (XOR2x2_ASAP7_75t_R)
                                         _016030_ (net)
                 19.40    0.00 7920.29 ^ _041150_/B (XNOR2x2_ASAP7_75t_R)
    29   19.24   56.88   58.32 7978.61 v _041150_/Y (XNOR2x2_ASAP7_75t_R)
                                         _016031_ (net)
                 56.88    0.00 7978.61 v _041152_/B (NAND2x1_ASAP7_75t_R)
   111   74.57  511.81  249.92 8228.53 ^ _041152_/Y (NAND2x1_ASAP7_75t_R)
                                         _016033_ (net)
                511.81    0.00 8228.53 ^ _041153_/B (AND2x2_ASAP7_75t_R)
     2    1.15   21.11   56.65 8285.18 ^ _041153_/Y (AND2x2_ASAP7_75t_R)
                                         _016034_ (net)
                 21.11    0.00 8285.18 ^ _041154_/B (AO21x1_ASAP7_75t_R)
     4    2.37   21.19   18.83 8304.02 ^ _041154_/Y (AO21x1_ASAP7_75t_R)
                                         _016035_ (net)
                 21.19    0.00 8304.02 ^ _051074_/B1 (AO32x1_ASAP7_75t_R)
     1    0.59   10.42   20.73 8324.75 ^ _051074_/Y (AO32x1_ASAP7_75t_R)
                                         _025854_ (net)
                 10.42    0.00 8324.75 ^ _051084_/B (OR3x1_ASAP7_75t_R)
     1    0.63    7.67   13.15 8337.90 ^ _051084_/Y (OR3x1_ASAP7_75t_R)
                                         _025864_ (net)
                  7.67    0.00 8337.90 ^ _051085_/B (AO21x1_ASAP7_75t_R)
     1    0.50    7.01   10.49 8348.39 ^ _051085_/Y (AO21x1_ASAP7_75t_R)
                                         _025865_ (net)
                  7.01    0.00 8348.39 ^ _051094_/B (OR5x1_ASAP7_75t_R)
     1    0.53    8.42   14.61 8363.00 ^ _051094_/Y (OR5x1_ASAP7_75t_R)
                                         _025874_ (net)
                  8.42    0.00 8363.00 ^ _051095_/C (AO221x1_ASAP7_75t_R)
     1    0.53   21.87   13.99 8377.00 ^ _051095_/Y (AO221x1_ASAP7_75t_R)
                                         _025875_ (net)
                 21.87    0.00 8377.00 ^ _051096_/C (AO221x1_ASAP7_75t_R)
     1    1.24   16.56   19.89 8396.88 ^ _051096_/Y (AO221x1_ASAP7_75t_R)
                                         _025876_ (net)
                 16.56    0.00 8396.88 ^ _051097_/B (AOI21x1_ASAP7_75t_R)
     2    1.50  206.51    9.68 8406.56 v _051097_/Y (AOI21x1_ASAP7_75t_R)
                                         _025877_ (net)
                206.51    0.00 8406.56 v _053608_/C (OA211x2_ASAP7_75t_R)
     3    2.83   25.83   79.63 8486.19 v _053608_/Y (OA211x2_ASAP7_75t_R)
                                         _028350_ (net)
                 25.83    0.00 8486.19 v _054278_/B (NOR2x1_ASAP7_75t_R)
     1    0.63   13.42   10.97 8497.17 ^ _054278_/Y (NOR2x1_ASAP7_75t_R)
                                         _029005_ (net)
                 13.42    0.00 8497.17 ^ _054279_/B (AO21x1_ASAP7_75t_R)
     1    0.61    7.52   12.23 8509.40 ^ _054279_/Y (AO21x1_ASAP7_75t_R)
                                         _029006_ (net)
                  7.52    0.00 8509.40 ^ _054280_/C2 (AO222x2_ASAP7_75t_R)
     1    0.63   28.17   16.75 8526.15 ^ _054280_/Y (AO222x2_ASAP7_75t_R)
                                         _029007_ (net)
                 28.17    0.00 8526.15 ^ _054281_/B (AO21x1_ASAP7_75t_R)
     1    0.00   11.90   13.00 8539.15 ^ _054281_/Y (AO21x1_ASAP7_75t_R)
                                         alu_result_exe[140] (net)
                 11.90    0.00 8539.15 ^ alu_result_exe[140] (out)
                               8539.15   data arrival time

                  0.00 5000.00 5000.00   clock clk (rise edge)
                          0.00 5000.00   clock network delay (ideal)
                          0.00 5000.00   clock reconvergence pessimism
                       -1000.00 4000.00   output external delay
                               4000.00   data required time
-----------------------------------------------------------------------------
                               4000.00   data required time
                               -8539.15   data arrival time
-----------------------------------------------------------------------------
                               -4539.15   slack (VIOLATED)



==========================================================================
floorplan final report_checks -unconstrained
--------------------------------------------------------------------------
Startpoint: vtype_exe[4] (input port clocked by clk)
Endpoint: alu_result_exe[140] (output port clocked by clk)
Path Group: clk
Path Type: max

Fanout     Cap    Slew   Delay    Time   Description
-----------------------------------------------------------------------------
                  0.00    0.00    0.00   clock clk (rise edge)
                          0.00    0.00   clock network delay (ideal)
                       1000.00 1000.00 v input external delay
   667  481.89    0.00    0.00 1000.00 v vtype_exe[4] (in)
                                         vtype_exe[4] (net)
                  0.00    0.00 1000.00 v _033942_/A (INVx1_ASAP7_75t_R)
   341  221.57 1309.90  580.62 1580.62 ^ _033942_/Y (INVx1_ASAP7_75t_R)
                                         _009332_ (net)
               1309.90    0.00 1580.62 ^ _040988_/A (AND3x1_ASAP7_75t_R)
   401  288.70 2019.59  996.59 2577.21 ^ _040988_/Y (AND3x1_ASAP7_75t_R)
                                         _015870_ (net)
               2019.59    0.00 2577.21 ^ _045130_/B (AND3x1_ASAP7_75t_R)
     1    0.95   46.82  149.78 2726.99 ^ _045130_/Y (AND3x1_ASAP7_75t_R)
                                         _019971_ (net)
                 46.82    0.00 2726.99 ^ _045131_/C (AOI221x1_ASAP7_75t_R)
     4    3.73   63.63   30.93 2757.92 v _045131_/Y (AOI221x1_ASAP7_75t_R)
                                         _019972_ (net)
                 63.63    0.00 2757.92 v _045132_/A (INVx1_ASAP7_75t_R)
     6    5.26   44.75   34.95 2792.87 ^ _045132_/Y (INVx1_ASAP7_75t_R)
                                         exe_alu.arithmetic_ALU.adder.gen_adder[1].adder.get_ripple_carry_adder.adder.gen_adder[7].adder.A (net)
                 44.75    0.00 2792.87 ^ exe_alu.arithmetic_ALU.adder.gen_adder[1].adder.get_ripple_carry_adder.adder.gen_adder[7].adder.genblk1[0].genblk1.fulladder/A (FAx1_ASAP7_75t_R)
     7    6.22   85.58  123.50 2916.37 v exe_alu.arithmetic_ALU.adder.gen_adder[1].adder.get_ripple_carry_adder.adder.gen_adder[7].adder.genblk1[0].genblk1.fulladder/SN (FAx1_ASAP7_75t_R)
                                         exe_alu.arithmetic_ALU.adder.gen_adder[1].adder.get_ripple_carry_adder.adder.gen_adder[7].adder.NY (net)
                 85.58    0.00 2916.37 v _040824_/B (XNOR2x2_ASAP7_75t_R)
     1    0.63   11.31   37.62 2953.99 ^ _040824_/Y (XNOR2x2_ASAP7_75t_R)
                                         _015707_ (net)
                 11.31    0.00 2953.99 ^ _040825_/A2 (AO21x1_ASAP7_75t_R)
     1    1.01   10.01   14.96 2968.95 ^ _040825_/Y (AO21x1_ASAP7_75t_R)
                                         _015708_ (net)
                 10.01    0.00 2968.95 ^ _040826_/B (XNOR2x2_ASAP7_75t_R)
     7    6.01   22.17   37.99 3006.94 v _040826_/Y (XNOR2x2_ASAP7_75t_R)
                                         _015709_ (net)
                 22.17    0.00 3006.94 v _040827_/B (XOR2x2_ASAP7_75t_R)
     9    6.35   26.77   42.19 3049.13 ^ _040827_/Y (XOR2x2_ASAP7_75t_R)
                                         _015710_ (net)
                 26.77    0.00 3049.13 ^ _040835_/C (AND3x1_ASAP7_75t_R)
    12    7.73   56.98   46.37 3095.50 ^ _040835_/Y (AND3x1_ASAP7_75t_R)
                                         _015718_ (net)
                 56.98    0.00 3095.50 ^ _045121_/B (NOR2x1_ASAP7_75t_R)
     4    3.45   55.01   27.93 3123.43 v _045121_/Y (NOR2x1_ASAP7_75t_R)
                                         _019963_ (net)
                 55.01    0.00 3123.43 v _045141_/A1 (AOI221x1_ASAP7_75t_R)
     3    1.82   30.43   21.29 3144.72 ^ _045141_/Y (AOI221x1_ASAP7_75t_R)
                                         _019981_ (net)
                 30.43    0.00 3144.72 ^ _045142_/A (INVx1_ASAP7_75t_R)
     6    4.83   29.26   21.88 3166.60 v _045142_/Y (INVx1_ASAP7_75t_R)
                                         exe_alu.arithmetic_ALU.adder.gen_adder[2].adder.get_ripple_carry_adder.adder.gen_adder[7].adder.A (net)
                 29.26    0.00 3166.60 v exe_alu.arithmetic_ALU.adder.gen_adder[2].adder.get_ripple_carry_adder.adder.gen_adder[7].adder.genblk1[0].genblk1.fulladder/A (FAx1_ASAP7_75t_R)
     5    3.90   57.27   85.25 3251.85 v exe_alu.arithmetic_ALU.adder.gen_adder[2].adder.get_ripple_carry_adder.adder.gen_adder[7].adder.genblk1[0].genblk1.fulladder/SN (FAx1_ASAP7_75t_R)
                                         exe_alu.arithmetic_ALU.adder.gen_adder[2].adder.get_ripple_carry_adder.adder.gen_adder[7].adder.NY (net)
                 57.27    0.00 3251.85 v _040930_/B (XNOR2x2_ASAP7_75t_R)
     1    0.63   10.00   33.56 3285.41 ^ _040930_/Y (XNOR2x2_ASAP7_75t_R)
                                         _015812_ (net)
                 10.00    0.00 3285.41 ^ _040931_/A2 (AO21x1_ASAP7_75t_R)
     1    1.01   10.01   14.67 3300.08 ^ _040931_/Y (AO21x1_ASAP7_75t_R)
                                         _015813_ (net)
                 10.01    0.00 3300.08 ^ _040932_/B (XNOR2x2_ASAP7_75t_R)
     3    2.72   13.51   32.51 3332.59 v _040932_/Y (XNOR2x2_ASAP7_75t_R)
                                         _015814_ (net)
                 13.51    0.00 3332.59 v _040933_/B (XOR2x2_ASAP7_75t_R)
     4    3.03   15.72   33.57 3366.16 ^ _040933_/Y (XOR2x2_ASAP7_75t_R)
                                         _015815_ (net)
                 15.72    0.00 3366.16 ^ _040943_/C (AND3x1_ASAP7_75t_R)
     4    2.86   25.05   29.50 3395.66 ^ _040943_/Y (AND3x1_ASAP7_75t_R)
                                         _015825_ (net)
                 25.05    0.00 3395.66 ^ _040944_/A2 (AO21x1_ASAP7_75t_R)
     8    5.18   34.04   29.20 3424.86 ^ _040944_/Y (AO21x1_ASAP7_75t_R)
                                         _015826_ (net)
                 34.04    0.00 3424.86 ^ _045165_/A2 (OA211x2_ASAP7_75t_R)
     1    1.24   10.41   25.47 3450.33 ^ _045165_/Y (OA211x2_ASAP7_75t_R)
                                         _020004_ (net)
                 10.41    0.00 3450.33 ^ _045167_/A1 (OAI21x1_ASAP7_75t_R)
     3    2.57  158.23   10.64 3460.97 v _045167_/Y (OAI21x1_ASAP7_75t_R)
                                         _020006_ (net)
                158.23    0.00 3460.97 v _045207_/A2 (AOI21x1_ASAP7_75t_R)
     1    0.56   27.27   21.75 3482.71 ^ _045207_/Y (AOI21x1_ASAP7_75t_R)
                                         _020046_ (net)
                 27.27    0.00 3482.71 ^ _045208_/B1 (OA31x2_ASAP7_75t_R)
     5    4.53   23.16   30.83 3513.54 ^ _045208_/Y (OA31x2_ASAP7_75t_R)
                                         _020047_ (net)
                 23.16    0.00 3513.54 ^ _049645_/A (INVx1_ASAP7_75t_R)
     3    3.20   20.39   15.84 3529.38 v _049645_/Y (INVx1_ASAP7_75t_R)
                                         exe_alu.arithmetic_ALU.adder.gen_adder[3].adder.get_ripple_carry_adder.adder.gen_adder[7].adder.A (net)
                 20.39    0.00 3529.38 v exe_alu.arithmetic_ALU.adder.gen_adder[3].adder.get_ripple_carry_adder.adder.gen_adder[7].adder.genblk1[0].genblk1.fulladder/A (FAx1_ASAP7_75t_R)
     4    2.63   41.80   64.19 3593.58 v exe_alu.arithmetic_ALU.adder.gen_adder[3].adder.get_ripple_carry_adder.adder.gen_adder[7].adder.genblk1[0].genblk1.fulladder/SN (FAx1_ASAP7_75t_R)
                                         exe_alu.arithmetic_ALU.adder.gen_adder[3].adder.get_ripple_carry_adder.adder.gen_adder[7].adder.NY (net)
                 41.80    0.00 3593.58 v _040896_/B (XNOR2x2_ASAP7_75t_R)
     1    0.63    9.26   31.20 3624.78 ^ _040896_/Y (XNOR2x2_ASAP7_75t_R)
                                         _015779_ (net)
                  9.26    0.00 3624.78 ^ _040897_/A2 (AO21x1_ASAP7_75t_R)
     1    1.01   10.01   14.47 3639.24 ^ _040897_/Y (AO21x1_ASAP7_75t_R)
                                         _015780_ (net)
                 10.01    0.00 3639.24 ^ _040898_/B (XNOR2x2_ASAP7_75t_R)
     7    4.64   18.52   35.76 3675.01 v _040898_/Y (XNOR2x2_ASAP7_75t_R)
                                         _015781_ (net)
                 18.52    0.00 3675.01 v _040899_/B (XOR2x2_ASAP7_75t_R)
    12    9.39   36.75   45.98 3720.98 ^ _040899_/Y (XOR2x2_ASAP7_75t_R)
                                         _015782_ (net)
                 36.75    0.00 3720.98 ^ _040963_/B (AND2x2_ASAP7_75t_R)
    43   27.50   98.18   66.37 3787.35 ^ _040963_/Y (AND2x2_ASAP7_75t_R)
                                         _015845_ (net)
                 98.18    0.00 3787.35 ^ _045144_/C (AND3x1_ASAP7_75t_R)
     1    0.63   32.30   29.20 3816.56 ^ _045144_/Y (AND3x1_ASAP7_75t_R)
                                         _019983_ (net)
                 32.30    0.00 3816.56 ^ _045145_/B (AO21x1_ASAP7_75t_R)
     2    1.00   12.19   16.55 3833.10 ^ _045145_/Y (AO21x1_ASAP7_75t_R)
                                         _019984_ (net)
                 12.19    0.00 3833.10 ^ _045146_/B1 (AO32x1_ASAP7_75t_R)
     1    0.57   14.66   18.33 3851.44 ^ _045146_/Y (AO32x1_ASAP7_75t_R)
                                         _019985_ (net)
                 14.66    0.00 3851.44 ^ _045153_/B1 (AO221x1_ASAP7_75t_R)
     3    2.86   22.30   26.56 3878.00 ^ _045153_/Y (AO221x1_ASAP7_75t_R)
                                         _019992_ (net)
                 22.30    0.00 3878.00 ^ _045228_/B (AOI21x1_ASAP7_75t_R)
     5    4.44   25.04   17.16 3895.16 v _045228_/Y (AOI21x1_ASAP7_75t_R)
                                         _020067_ (net)
                 25.04    0.00 3895.16 v _045608_/A (INVx1_ASAP7_75t_R)
     5    4.35   30.54   21.52 3916.69 ^ _045608_/Y (INVx1_ASAP7_75t_R)
                                         exe_alu.arithmetic_ALU.adder.gen_adder[4].adder.get_ripple_carry_adder.adder.gen_adder[7].adder.A (net)
                 30.54    0.00 3916.69 ^ exe_alu.arithmetic_ALU.adder.gen_adder[4].adder.get_ripple_carry_adder.adder.gen_adder[7].adder.genblk1[0].genblk1.fulladder/A (FAx1_ASAP7_75t_R)
     3    2.20   59.48   56.15 3972.83 ^ exe_alu.arithmetic_ALU.adder.gen_adder[4].adder.get_ripple_carry_adder.adder.gen_adder[7].adder.genblk1[0].genblk1.fulladder/SN (FAx1_ASAP7_75t_R)
                                         exe_alu.arithmetic_ALU.adder.gen_adder[4].adder.get_ripple_carry_adder.adder.gen_adder[7].adder.NY (net)
                 59.48    0.00 3972.83 ^ _041023_/B (XNOR2x2_ASAP7_75t_R)
     1    0.63    7.94   36.50 4009.33 v _041023_/Y (XNOR2x2_ASAP7_75t_R)
                                         _015905_ (net)
                  7.94    0.00 4009.33 v _041024_/A2 (AO21x1_ASAP7_75t_R)
     1    1.05    9.78   15.31 4024.64 v _041024_/Y (AO21x1_ASAP7_75t_R)
                                         _015906_ (net)
                  9.78    0.00 4024.64 v _041025_/B (XOR2x2_ASAP7_75t_R)
     3    2.20   13.20   30.62 4055.27 ^ _041025_/Y (XOR2x2_ASAP7_75t_R)
                                         _015907_ (net)
                 13.20    0.00 4055.27 ^ _041026_/B (XNOR2x2_ASAP7_75t_R)
     3    2.10   12.49   23.01 4078.27 ^ _041026_/Y (XNOR2x2_ASAP7_75t_R)
                                         _015908_ (net)
                 12.49    0.00 4078.27 ^ _041027_/B (OA211x2_ASAP7_75t_R)
    15   11.35   48.93   37.27 4115.55 ^ _041027_/Y (OA211x2_ASAP7_75t_R)
                                         _015909_ (net)
                 48.93    0.00 4115.55 ^ _045154_/B (NOR2x1_ASAP7_75t_R)
     5    4.10   91.38   28.46 4144.00 v _045154_/Y (NOR2x1_ASAP7_75t_R)
                                         _019993_ (net)
                 91.38    0.00 4144.00 v _045157_/B (AND2x2_ASAP7_75t_R)
     2    1.54   11.52   37.09 4181.09 v _045157_/Y (AND2x2_ASAP7_75t_R)
                                         _019996_ (net)
                 11.52    0.00 4181.09 v _045176_/B1 (AO22x1_ASAP7_75t_R)
     3    2.93   19.95   26.27 4207.36 v _045176_/Y (AO22x1_ASAP7_75t_R)
                                         _020015_ (net)
                 19.95    0.00 4207.36 v _045254_/B (OR3x1_ASAP7_75t_R)
     3    2.27   18.18   31.84 4239.20 v _045254_/Y (OR3x1_ASAP7_75t_R)
                                         _020093_ (net)
                 18.18    0.00 4239.20 v _045672_/A2 (AO21x1_ASAP7_75t_R)
     5    4.28   23.91   26.35 4265.55 v _045672_/Y (AO21x1_ASAP7_75t_R)
                                         _020509_ (net)
                 23.91    0.00 4265.55 v exe_alu.arithmetic_ALU.adder.gen_adder[5].adder.get_ripple_carry_adder.adder.gen_adder[7].adder.genblk1[0].genblk1.fulladder/A (FAx1_ASAP7_75t_R)
     3    2.20   59.05   54.80 4320.35 ^ exe_alu.arithmetic_ALU.adder.gen_adder[5].adder.get_ripple_carry_adder.adder.gen_adder[7].adder.genblk1[0].genblk1.fulladder/SN (FAx1_ASAP7_75t_R)
                                         exe_alu.arithmetic_ALU.adder.gen_adder[5].adder.get_ripple_carry_adder.adder.gen_adder[7].adder.NY (net)
                 59.05    0.00 4320.35 ^ _040973_/B (XNOR2x2_ASAP7_75t_R)
     1    0.63    7.94   36.45 4356.80 v _040973_/Y (XNOR2x2_ASAP7_75t_R)
                                         _015855_ (net)
                  7.94    0.00 4356.80 v _040974_/A2 (AO21x1_ASAP7_75t_R)
     1    1.05    9.78   15.31 4372.11 v _040974_/Y (AO21x1_ASAP7_75t_R)
                                         _015856_ (net)
                  9.78    0.00 4372.11 v _040975_/B (XOR2x2_ASAP7_75t_R)
     4    2.65   14.67   31.56 4403.67 ^ _040975_/Y (XOR2x2_ASAP7_75t_R)
                                         _015857_ (net)
                 14.67    0.00 4403.67 ^ _040976_/B (XNOR2x2_ASAP7_75t_R)
     8    4.94   19.31   37.40 4441.07 v _040976_/Y (XNOR2x2_ASAP7_75t_R)
                                         _015858_ (net)
                 19.31    0.00 4441.07 v _041041_/B (OA211x2_ASAP7_75t_R)
    25   18.50   60.53   53.71 4494.78 v _041041_/Y (OA211x2_ASAP7_75t_R)
                                         _015923_ (net)
                 60.53    0.00 4494.78 v _045182_/B (NAND2x1_ASAP7_75t_R)
     1    0.56   31.65   17.37 4512.14 ^ _045182_/Y (NAND2x1_ASAP7_75t_R)
                                         _020021_ (net)
                 31.65    0.00 4512.14 ^ _045187_/B2 (OA222x2_ASAP7_75t_R)
     1    0.45   12.01   28.94 4541.08 ^ _045187_/Y (OA222x2_ASAP7_75t_R)
                                         _020026_ (net)
                 12.01    0.00 4541.08 ^ _045188_/C (OA211x2_ASAP7_75t_R)
     2    1.68   11.20   21.72 4562.81 ^ _045188_/Y (OA211x2_ASAP7_75t_R)
                                         _020027_ (net)
                 11.20    0.00 4562.81 ^ _045199_/A (NAND2x1_ASAP7_75t_R)
     2    2.16   16.34   11.28 4574.09 v _045199_/Y (NAND2x1_ASAP7_75t_R)
                                         _020038_ (net)
                 16.34    0.00 4574.09 v _045282_/C (AOI211x1_ASAP7_75t_R)
     6    3.72   42.44   23.36 4597.45 ^ _045282_/Y (AOI211x1_ASAP7_75t_R)
                                         _020121_ (net)
                 42.44    0.00 4597.45 ^ _055709_/A (INVx1_ASAP7_75t_R)
     1    2.00   19.20   15.47 4612.93 v _055709_/Y (INVx1_ASAP7_75t_R)
                                         exe_alu.arithmetic_ALU.adder.gen_adder[6].adder.get_ripple_carry_adder.adder.gen_adder[7].adder.A (net)
                 19.20    0.00 4612.93 v exe_alu.arithmetic_ALU.adder.gen_adder[6].adder.get_ripple_carry_adder.adder.gen_adder[7].adder.genblk1[0].genblk1.fulladder/A (FAx1_ASAP7_75t_R)
     4    3.45   82.76   71.56 4684.49 ^ exe_alu.arithmetic_ALU.adder.gen_adder[6].adder.get_ripple_carry_adder.adder.gen_adder[7].adder.genblk1[0].genblk1.fulladder/SN (FAx1_ASAP7_75t_R)
                                         exe_alu.arithmetic_ALU.adder.gen_adder[6].adder.get_ripple_carry_adder.adder.gen_adder[7].adder.NY (net)
                 82.76    0.00 4684.49 ^ _041119_/B (XNOR2x2_ASAP7_75t_R)
     1    0.63    8.36   39.24 4723.72 v _041119_/Y (XNOR2x2_ASAP7_75t_R)
                                         _016000_ (net)
                  8.36    0.00 4723.72 v _041120_/A2 (AO21x1_ASAP7_75t_R)
     1    1.05    9.78   15.42 4739.15 v _041120_/Y (AO21x1_ASAP7_75t_R)
                                         _016001_ (net)
                  9.78    0.00 4739.15 v _041121_/B (XOR2x2_ASAP7_75t_R)
     3    2.69   14.86   31.64 4770.79 ^ _041121_/Y (XOR2x2_ASAP7_75t_R)
                                         _016002_ (net)
                 14.86    0.00 4770.79 ^ _041122_/B (XNOR2x2_ASAP7_75t_R)
     1    0.68    7.77   29.52 4800.31 v _041122_/Y (XNOR2x2_ASAP7_75t_R)
                                         _016003_ (net)
                  7.77    0.00 4800.31 v _041123_/A (INVx1_ASAP7_75t_R)
     2    1.86   13.24    9.14 4809.45 ^ _041123_/Y (INVx1_ASAP7_75t_R)
                                         _016004_ (net)
                 13.24    0.00 4809.45 ^ _041124_/C (NOR3x1_ASAP7_75t_R)
    12    7.71   51.01   31.59 4841.04 v _041124_/Y (NOR3x1_ASAP7_75t_R)
                                         _016005_ (net)
                 51.01    0.00 4841.04 v _044952_/B (AND2x2_ASAP7_75t_R)
     3    1.65   13.06   29.68 4870.72 v _044952_/Y (AND2x2_ASAP7_75t_R)
                                         _019797_ (net)
                 13.06    0.00 4870.72 v _045219_/A2 (AO222x2_ASAP7_75t_R)
     1    0.68   15.17   31.25 4901.97 v _045219_/Y (AO222x2_ASAP7_75t_R)
                                         _020058_ (net)
                 15.17    0.00 4901.97 v _045220_/A (INVx1_ASAP7_75t_R)
     1    0.44    7.45    6.69 4908.66 ^ _045220_/Y (INVx1_ASAP7_75t_R)
                                         _020059_ (net)
                  7.45    0.00 4908.66 ^ _045223_/B (OA211x2_ASAP7_75t_R)
     3    1.73   11.22   21.06 4929.73 ^ _045223_/Y (OA211x2_ASAP7_75t_R)
                                         _020062_ (net)
                 11.22    0.00 4929.73 ^ _049507_/C (AND3x1_ASAP7_75t_R)
     4    2.45   21.97   27.33 4957.06 ^ _049507_/Y (AND3x1_ASAP7_75t_R)
                                         _024300_ (net)
                 21.97    0.00 4957.06 ^ _055729_/A (INVx1_ASAP7_75t_R)
     1    2.00   14.90   12.12 4969.18 v _055729_/Y (INVx1_ASAP7_75t_R)
                                         exe_alu.arithmetic_ALU.adder.gen_adder[7].adder.get_ripple_carry_adder.adder.gen_adder[7].adder.A (net)
                 14.90    0.00 4969.18 v exe_alu.arithmetic_ALU.adder.gen_adder[7].adder.get_ripple_carry_adder.adder.gen_adder[7].adder.genblk1[0].genblk1.fulladder/A (FAx1_ASAP7_75t_R)
     6    4.51  103.84   85.60 5054.78 ^ exe_alu.arithmetic_ALU.adder.gen_adder[7].adder.get_ripple_carry_adder.adder.gen_adder[7].adder.genblk1[0].genblk1.fulladder/SN (FAx1_ASAP7_75t_R)
                                         exe_alu.arithmetic_ALU.adder.gen_adder[7].adder.get_ripple_carry_adder.adder.gen_adder[7].adder.NY (net)
                103.84    0.00 5054.78 ^ _040732_/B (XNOR2x2_ASAP7_75t_R)
     1    0.63    8.72   40.99 5095.77 v _040732_/Y (XNOR2x2_ASAP7_75t_R)
                                         _015616_ (net)
                  8.72    0.00 5095.77 v _040735_/A2 (AO21x1_ASAP7_75t_R)
     2    1.95   13.91   18.03 5113.80 v _040735_/Y (AO21x1_ASAP7_75t_R)
                                         _015619_ (net)
                 13.91    0.00 5113.80 v _040736_/B (XOR2x2_ASAP7_75t_R)
     4    2.55   14.73   32.76 5146.56 ^ _040736_/Y (XOR2x2_ASAP7_75t_R)
                                         _015620_ (net)
                 14.73    0.00 5146.56 ^ _040737_/B (XNOR2x2_ASAP7_75t_R)
    13    8.57   28.82   42.79 5189.35 v _040737_/Y (XNOR2x2_ASAP7_75t_R)
                                         _015621_ (net)
                 28.82    0.00 5189.35 v _041141_/B (NAND2x1_ASAP7_75t_R)
    62   41.34  288.41  139.07 5328.42 ^ _041141_/Y (NAND2x1_ASAP7_75t_R)
                                         _016022_ (net)
                288.41    0.00 5328.42 ^ _044978_/A (OR2x2_ASAP7_75t_R)
     1    0.44   13.38   51.01 5379.43 ^ _044978_/Y (OR2x2_ASAP7_75t_R)
                                         _019823_ (net)
                 13.38    0.00 5379.43 ^ _044979_/B (OA211x2_ASAP7_75t_R)
     2    1.16   14.08   21.16 5400.59 ^ _044979_/Y (OA211x2_ASAP7_75t_R)
                                         _019824_ (net)
                 14.08    0.00 5400.59 ^ _044980_/D (OR4x1_ASAP7_75t_R)
     1    0.63    7.68   15.18 5415.78 ^ _044980_/Y (OR4x1_ASAP7_75t_R)
                                         _019825_ (net)
                  7.68    0.00 5415.78 ^ _044981_/B (AO21x1_ASAP7_75t_R)
     3    2.73   19.38   16.76 5432.54 ^ _044981_/Y (AO21x1_ASAP7_75t_R)
                                         _019826_ (net)
                 19.38    0.00 5432.54 ^ _045007_/B (NOR2x1_ASAP7_75t_R)
     3    2.46   25.13   15.69 5448.23 v _045007_/Y (NOR2x1_ASAP7_75t_R)
                                         _019852_ (net)
                 25.13    0.00 5448.23 v _045010_/A1 (AOI21x1_ASAP7_75t_R)
     4    3.90   30.17   19.76 5468.00 ^ _045010_/Y (AOI21x1_ASAP7_75t_R)
                                         exe_alu.arithmetic_ALU.adder.gen_adder[8].adder.get_ripple_carry_adder.adder.gen_adder[6].adder.A (net)
                 30.17    0.00 5468.00 ^ exe_alu.arithmetic_ALU.adder.gen_adder[8].adder.get_ripple_carry_adder.adder.gen_adder[6].adder.genblk1[0].genblk1.fulladder/A (FAx1_ASAP7_75t_R)
     1    1.05   25.42   19.83 5487.83 v exe_alu.arithmetic_ALU.adder.gen_adder[8].adder.get_ripple_carry_adder.adder.gen_adder[6].adder.genblk1[0].genblk1.fulladder/CON (FAx1_ASAP7_75t_R)
                                         exe_alu.arithmetic_ALU.adder.gen_adder[8].adder.get_ripple_carry_adder.adder.gen_adder[6].adder.NX (net)
                 25.42    0.00 5487.83 v _042916_/A (XNOR2x2_ASAP7_75t_R)
     1    0.63    7.94   25.92 5513.75 v _042916_/Y (XNOR2x2_ASAP7_75t_R)
                                         _017795_ (net)
                  7.94    0.00 5513.75 v _042917_/A2 (AO21x1_ASAP7_75t_R)
     1    1.05    9.78   15.31 5529.06 v _042917_/Y (AO21x1_ASAP7_75t_R)
                                         _017796_ (net)
                  9.78    0.00 5529.06 v _042918_/B (XOR2x2_ASAP7_75t_R)
     3    2.13   12.96   30.47 5559.53 ^ _042918_/Y (XOR2x2_ASAP7_75t_R)
                                         _017797_ (net)
                 12.96    0.00 5559.53 ^ _042919_/B (XNOR2x2_ASAP7_75t_R)
     7    4.61   18.44   36.44 5595.97 v _042919_/Y (XNOR2x2_ASAP7_75t_R)
                                         _017798_ (net)
                 18.44    0.00 5595.97 v _042920_/B (NAND2x1_ASAP7_75t_R)
    14    9.49  102.82   38.91 5634.88 ^ _042920_/Y (NAND2x1_ASAP7_75t_R)
                                         _017799_ (net)
                102.82    0.00 5634.88 ^ _045247_/A (AND3x1_ASAP7_75t_R)
     1    0.61   11.85   34.40 5669.28 ^ _045247_/Y (AND3x1_ASAP7_75t_R)
                                         _020086_ (net)
                 11.85    0.00 5669.28 ^ _045266_/A1 (OA21x2_ASAP7_75t_R)
     2    1.22    8.12   17.39 5686.67 ^ _045266_/Y (OA21x2_ASAP7_75t_R)
                                         _020105_ (net)
                  8.12    0.00 5686.67 ^ _049506_/A (INVx1_ASAP7_75t_R)
     7    5.56   28.58   16.93 5703.59 v _049506_/Y (INVx1_ASAP7_75t_R)
                                         exe_alu.arithmetic_ALU.adder.gen_adder[9].adder.get_ripple_carry_adder.adder.gen_adder[7].adder.A (net)
                 28.58    0.00 5703.59 v exe_alu.arithmetic_ALU.adder.gen_adder[9].adder.get_ripple_carry_adder.adder.gen_adder[7].adder.genblk1[0].genblk1.fulladder/A (FAx1_ASAP7_75t_R)
     5    4.01   94.37   81.54 5785.13 ^ exe_alu.arithmetic_ALU.adder.gen_adder[9].adder.get_ripple_carry_adder.adder.gen_adder[7].adder.genblk1[0].genblk1.fulladder/SN (FAx1_ASAP7_75t_R)
                                         exe_alu.arithmetic_ALU.adder.gen_adder[9].adder.get_ripple_carry_adder.adder.gen_adder[7].adder.NY (net)
                 94.37    0.00 5785.13 ^ _042874_/B (XNOR2x2_ASAP7_75t_R)
     1    0.63    8.54   40.20 5825.33 v _042874_/Y (XNOR2x2_ASAP7_75t_R)
                                         _017753_ (net)
                  8.54    0.00 5825.33 v _042875_/A2 (AO21x1_ASAP7_75t_R)
     1    1.05    9.78   15.48 5840.81 v _042875_/Y (AO21x1_ASAP7_75t_R)
                                         _017754_ (net)
                  9.78    0.00 5840.81 v _042876_/B (XOR2x2_ASAP7_75t_R)
     4    2.71   14.91   31.70 5872.50 ^ _042876_/Y (XOR2x2_ASAP7_75t_R)
                                         _017755_ (net)
                 14.91    0.00 5872.50 ^ _042877_/B (XNOR2x2_ASAP7_75t_R)
    11    7.59   30.60   33.30 5905.80 ^ _042877_/Y (XNOR2x2_ASAP7_75t_R)
                                         _017756_ (net)
                 30.60    0.00 5905.80 ^ _045277_/B (AND3x1_ASAP7_75t_R)
     8    4.90   40.35   39.14 5944.95 ^ _045277_/Y (AND3x1_ASAP7_75t_R)
                                         _020116_ (net)
                 40.35    0.00 5944.95 ^ _045279_/A (NAND2x1_ASAP7_75t_R)
     1    0.59   13.39   10.68 5955.63 v _045279_/Y (NAND2x1_ASAP7_75t_R)
                                         _020118_ (net)
                 13.39    0.00 5955.63 v _045280_/C (AND3x1_ASAP7_75t_R)
     1    0.43    5.45   14.84 5970.47 v _045280_/Y (AND3x1_ASAP7_75t_R)
                                         _020119_ (net)
                  5.45    0.00 5970.47 v _045285_/B (OA211x2_ASAP7_75t_R)
     2    1.50   11.41   25.83 5996.29 v _045285_/Y (OA211x2_ASAP7_75t_R)
                                         _020124_ (net)
                 11.41    0.00 5996.29 v _045286_/C (OA211x2_ASAP7_75t_R)
     3    2.76   14.60   31.80 6028.10 v _045286_/Y (OA211x2_ASAP7_75t_R)
                                         _020125_ (net)
                 14.60    0.00 6028.10 v _045287_/B (NOR2x1_ASAP7_75t_R)
     7    5.79   43.22   25.59 6053.69 ^ _045287_/Y (NOR2x1_ASAP7_75t_R)
                                         exe_alu.arithmetic_ALU.adder.gen_adder[10].adder.get_ripple_carry_adder.adder.gen_adder[7].adder.A (net)
                 43.22    0.00 6053.69 ^ exe_alu.arithmetic_ALU.adder.gen_adder[10].adder.get_ripple_carry_adder.adder.gen_adder[7].adder.genblk1[0].genblk1.fulladder/A (FAx1_ASAP7_75t_R)
     4    2.85   72.96   68.13 6121.83 ^ exe_alu.arithmetic_ALU.adder.gen_adder[10].adder.get_ripple_carry_adder.adder.gen_adder[7].adder.genblk1[0].genblk1.fulladder/SN (FAx1_ASAP7_75t_R)
                                         exe_alu.arithmetic_ALU.adder.gen_adder[10].adder.get_ripple_carry_adder.adder.gen_adder[7].adder.NY (net)
                 72.96    0.00 6121.83 ^ _043110_/B (XNOR2x2_ASAP7_75t_R)
     1    0.63    8.17   38.15 6159.97 v _043110_/Y (XNOR2x2_ASAP7_75t_R)
                                         _017988_ (net)
                  8.17    0.00 6159.97 v _043111_/A2 (AO21x1_ASAP7_75t_R)
     1    1.05    9.78   15.37 6175.35 v _043111_/Y (AO21x1_ASAP7_75t_R)
                                         _017989_ (net)
                  9.78    0.00 6175.35 v _043112_/B (XOR2x2_ASAP7_75t_R)
     3    2.13   13.01   30.47 6205.82 ^ _043112_/Y (XOR2x2_ASAP7_75t_R)
                                         _017990_ (net)
                 13.01    0.00 6205.82 ^ _043113_/B (XNOR2x2_ASAP7_75t_R)
     5    3.34   15.05   34.33 6240.15 v _043113_/Y (XNOR2x2_ASAP7_75t_R)
                                         _017991_ (net)
                 15.05    0.00 6240.15 v _043114_/B (AND2x2_ASAP7_75t_R)
    15   10.91   34.05   33.00 6273.15 v _043114_/Y (AND2x2_ASAP7_75t_R)
                                         _017992_ (net)
                 34.05    0.00 6273.15 v _049513_/A2 (AO32x1_ASAP7_75t_R)
     1    1.09   12.91   27.73 6300.88 v _049513_/Y (AO32x1_ASAP7_75t_R)
                                         _024306_ (net)
                 12.91    0.00 6300.88 v _049514_/B (NOR2x1_ASAP7_75t_R)
     1    1.38   14.62   11.35 6312.24 ^ _049514_/Y (NOR2x1_ASAP7_75t_R)
                                         _024307_ (net)
                 14.62    0.00 6312.24 ^ _049515_/B (OAI21x1_ASAP7_75t_R)
     2    1.15   11.71    9.73 6321.97 v _049515_/Y (OAI21x1_ASAP7_75t_R)
                                         _024308_ (net)
                 11.71    0.00 6321.97 v _049516_/B (AO21x1_ASAP7_75t_R)
     2    2.29   14.90   20.87 6342.83 v _049516_/Y (AO21x1_ASAP7_75t_R)
                                         _024309_ (net)
                 14.90    0.00 6342.83 v _049517_/B (NAND2x1_ASAP7_75t_R)
     1    0.60    9.78    9.66 6352.50 ^ _049517_/Y (NAND2x1_ASAP7_75t_R)
                                         _024310_ (net)
                  9.78    0.00 6352.50 ^ _049518_/C (AND3x1_ASAP7_75t_R)
     4    2.59   22.71   27.59 6380.08 ^ _049518_/Y (AND3x1_ASAP7_75t_R)
                                         _024311_ (net)
                 22.71    0.00 6380.08 ^ _055512_/A (INVx1_ASAP7_75t_R)
     1    2.00   15.06   12.25 6392.34 v _055512_/Y (INVx1_ASAP7_75t_R)
                                         exe_alu.arithmetic_ALU.adder.gen_adder[11].adder.get_ripple_carry_adder.adder.gen_adder[7].adder.A (net)
                 15.06    0.00 6392.34 v exe_alu.arithmetic_ALU.adder.gen_adder[11].adder.get_ripple_carry_adder.adder.gen_adder[7].adder.genblk1[0].genblk1.fulladder/A (FAx1_ASAP7_75t_R)
     4    2.78   69.73   61.21 6453.54 ^ exe_alu.arithmetic_ALU.adder.gen_adder[11].adder.get_ripple_carry_adder.adder.gen_adder[7].adder.genblk1[0].genblk1.fulladder/SN (FAx1_ASAP7_75t_R)
                                         exe_alu.arithmetic_ALU.adder.gen_adder[11].adder.get_ripple_carry_adder.adder.gen_adder[7].adder.NY (net)
                 69.73    0.00 6453.54 ^ _042997_/B (XNOR2x2_ASAP7_75t_R)
     1    0.63    8.15   37.75 6491.29 v _042997_/Y (XNOR2x2_ASAP7_75t_R)
                                         _017876_ (net)
                  8.15    0.00 6491.29 v _042998_/A2 (AO21x1_ASAP7_75t_R)
     2    1.95   13.91   17.88 6509.17 v _042998_/Y (AO21x1_ASAP7_75t_R)
                                         _017877_ (net)
                 13.91    0.00 6509.17 v _042999_/B (XOR2x2_ASAP7_75t_R)
     4    2.44   14.29   32.52 6541.69 ^ _042999_/Y (XOR2x2_ASAP7_75t_R)
                                         _017878_ (net)
                 14.29    0.00 6541.69 ^ _043000_/B (XNOR2x2_ASAP7_75t_R)
    19   12.61   39.38   48.34 6590.03 v _043000_/Y (XNOR2x2_ASAP7_75t_R)
                                         _017879_ (net)
                 39.38    0.00 6590.03 v _045036_/B (AND2x2_ASAP7_75t_R)
    38   25.40   74.10   59.39 6649.42 v _045036_/Y (AND2x2_ASAP7_75t_R)
                                         _019879_ (net)
                 74.10    0.00 6649.42 v _051500_/A (NAND2x1_ASAP7_75t_R)
     1    0.64   24.38   24.38 6673.80 ^ _051500_/Y (NAND2x1_ASAP7_75t_R)
                                         _026274_ (net)
                 24.38    0.00 6673.80 ^ _051501_/B (OA21x2_ASAP7_75t_R)
     1    1.09    9.86   18.91 6692.71 ^ _051501_/Y (OA21x2_ASAP7_75t_R)
                                         _026275_ (net)
                  9.86    0.00 6692.71 ^ _051502_/B (NOR2x1_ASAP7_75t_R)
     2    1.15   47.95    9.05 6701.76 v _051502_/Y (NOR2x1_ASAP7_75t_R)
                                         _026276_ (net)
                 47.95    0.00 6701.76 v _051504_/C (OR4x1_ASAP7_75t_R)
     1    0.56   11.20   36.78 6738.54 v _051504_/Y (OR4x1_ASAP7_75t_R)
                                         _026278_ (net)
                 11.20    0.00 6738.54 v _051505_/B1 (OA22x2_ASAP7_75t_R)
     6    4.87   16.94   25.75 6764.29 v _051505_/Y (OA22x2_ASAP7_75t_R)
                                         _026279_ (net)
                 16.94    0.00 6764.29 v exe_alu.arithmetic_ALU.adder.gen_adder[12].adder.get_ripple_carry_adder.adder.gen_adder[7].adder.genblk1[0].genblk1.fulladder/A (FAx1_ASAP7_75t_R)
     5    4.91  111.34   91.73 6856.02 ^ exe_alu.arithmetic_ALU.adder.gen_adder[12].adder.get_ripple_carry_adder.adder.gen_adder[7].adder.genblk1[0].genblk1.fulladder/SN (FAx1_ASAP7_75t_R)
                                         exe_alu.arithmetic_ALU.adder.gen_adder[12].adder.get_ripple_carry_adder.adder.gen_adder[7].adder.NY (net)
                111.34    0.00 6856.02 ^ _049819_/B (XNOR2x2_ASAP7_75t_R)
     1    0.63    8.86   41.62 6897.63 v _049819_/Y (XNOR2x2_ASAP7_75t_R)
                                         _024608_ (net)
                  8.86    0.00 6897.63 v _049820_/A2 (AO21x1_ASAP7_75t_R)
     1    1.05    9.78   15.56 6913.20 v _049820_/Y (AO21x1_ASAP7_75t_R)
                                         _024609_ (net)
                  9.78    0.00 6913.20 v _049821_/B (XOR2x2_ASAP7_75t_R)
     3    2.13   12.95   30.46 6943.66 ^ _049821_/Y (XOR2x2_ASAP7_75t_R)
                                         _024610_ (net)
                 12.95    0.00 6943.66 ^ _049822_/B (XNOR2x2_ASAP7_75t_R)
     5    3.01   14.16   33.76 6977.42 v _049822_/Y (XNOR2x2_ASAP7_75t_R)
                                         _024611_ (net)
                 14.16    0.00 6977.42 v _049823_/B (AND2x2_ASAP7_75t_R)
     9    6.51   26.19   26.83 7004.24 v _049823_/Y (AND2x2_ASAP7_75t_R)
                                         _024612_ (net)
                 26.19    0.00 7004.24 v _052816_/B (AND3x1_ASAP7_75t_R)
     1    0.60   10.33   18.23 7022.47 v _052816_/Y (AND3x1_ASAP7_75t_R)
                                         _027571_ (net)
                 10.33    0.00 7022.47 v _052817_/B (OR3x1_ASAP7_75t_R)
     1    1.09   11.83   25.43 7047.90 v _052817_/Y (OR3x1_ASAP7_75t_R)
                                         _027572_ (net)
                 11.83    0.00 7047.90 v _052818_/B (NOR2x1_ASAP7_75t_R)
     1    1.06   12.45    9.98 7057.88 ^ _052818_/Y (NOR2x1_ASAP7_75t_R)
                                         _027573_ (net)
                 12.45    0.00 7057.88 ^ _052819_/B (NAND2x1_ASAP7_75t_R)
     2    1.10   10.15    8.57 7066.45 v _052819_/Y (NAND2x1_ASAP7_75t_R)
                                         _027574_ (net)
                 10.15    0.00 7066.45 v _052820_/B (AO21x1_ASAP7_75t_R)
     1    0.63    6.97   15.86 7082.31 v _052820_/Y (AO21x1_ASAP7_75t_R)
                                         _027575_ (net)
                  6.97    0.00 7082.31 v _052821_/B (OA21x2_ASAP7_75t_R)
     4    5.48   17.93   18.65 7100.96 v _052821_/Y (OA21x2_ASAP7_75t_R)
                                         _027576_ (net)
                 17.93    0.00 7100.96 v exe_alu.arithmetic_ALU.adder.gen_adder[13].adder.get_ripple_carry_adder.adder.gen_adder[7].adder.genblk1[0].genblk1.fulladder/A (FAx1_ASAP7_75t_R)
     4    2.76   69.84   61.52 7162.48 ^ exe_alu.arithmetic_ALU.adder.gen_adder[13].adder.get_ripple_carry_adder.adder.gen_adder[7].adder.genblk1[0].genblk1.fulladder/SN (FAx1_ASAP7_75t_R)
                                         exe_alu.arithmetic_ALU.adder.gen_adder[13].adder.get_ripple_carry_adder.adder.gen_adder[7].adder.NY (net)
                 69.84    0.00 7162.48 ^ _049831_/B (XNOR2x2_ASAP7_75t_R)
     1    0.63    8.14   37.77 7200.25 v _049831_/Y (XNOR2x2_ASAP7_75t_R)
                                         _024620_ (net)
                  8.14    0.00 7200.25 v _049832_/A2 (AO21x1_ASAP7_75t_R)
     1    1.05    9.78   15.37 7215.61 v _049832_/Y (AO21x1_ASAP7_75t_R)
                                         _024621_ (net)
                  9.78    0.00 7215.61 v _049833_/B (XOR2x2_ASAP7_75t_R)
     5    3.90   18.85   33.86 7249.48 ^ _049833_/Y (XOR2x2_ASAP7_75t_R)
                                         _024622_ (net)
                 18.85    0.00 7249.48 ^ _049834_/B (XNOR2x2_ASAP7_75t_R)
    11    7.37   25.69   42.07 7291.55 v _049834_/Y (XNOR2x2_ASAP7_75t_R)
                                         _024623_ (net)
                 25.69    0.00 7291.55 v _051702_/B (AND3x1_ASAP7_75t_R)
     5    3.28   22.88   25.66 7317.21 v _051702_/Y (AND3x1_ASAP7_75t_R)
                                         _026471_ (net)
                 22.88    0.00 7317.21 v _053810_/B1 (AO32x1_ASAP7_75t_R)
     1    1.06   14.28   26.80 7344.01 v _053810_/Y (AO32x1_ASAP7_75t_R)
                                         _028549_ (net)
                 14.28    0.00 7344.01 v _053811_/C (AOI211x1_ASAP7_75t_R)
     1    1.06   19.59   12.43 7356.43 ^ _053811_/Y (AOI211x1_ASAP7_75t_R)
                                         _028550_ (net)
                 19.59    0.00 7356.43 ^ _053812_/B (NAND2x1_ASAP7_75t_R)
     1    0.63    9.83    8.43 7364.86 v _053812_/Y (NAND2x1_ASAP7_75t_R)
                                         _028551_ (net)
                  9.83    0.00 7364.86 v _053813_/B (AO21x1_ASAP7_75t_R)
     2    1.22   10.31   17.59 7382.45 v _053813_/Y (AO21x1_ASAP7_75t_R)
                                         _028552_ (net)
                 10.31    0.00 7382.45 v _053814_/B (AO21x1_ASAP7_75t_R)
     1    1.18    9.63   17.57 7400.02 v _053814_/Y (AO21x1_ASAP7_75t_R)
                                         _028553_ (net)
                  9.63    0.00 7400.02 v _053817_/A1 (AOI22x1_ASAP7_75t_R)
     4    3.95   30.69   18.66 7418.68 ^ _053817_/Y (AOI22x1_ASAP7_75t_R)
                                         _028556_ (net)
                 30.69    0.00 7418.68 ^ _053833_/A (INVx1_ASAP7_75t_R)
     2    2.65   19.74   15.87 7434.55 v _053833_/Y (INVx1_ASAP7_75t_R)
                                         exe_alu.arithmetic_ALU.adder.gen_adder[14].adder.get_ripple_carry_adder.adder.gen_adder[7].adder.A (net)
                 19.74    0.00 7434.55 v exe_alu.arithmetic_ALU.adder.gen_adder[14].adder.get_ripple_carry_adder.adder.gen_adder[7].adder.genblk1[0].genblk1.fulladder/A (FAx1_ASAP7_75t_R)
     4    2.85   71.11   63.25 7497.80 ^ exe_alu.arithmetic_ALU.adder.gen_adder[14].adder.get_ripple_carry_adder.adder.gen_adder[7].adder.genblk1[0].genblk1.fulladder/SN (FAx1_ASAP7_75t_R)
                                         exe_alu.arithmetic_ALU.adder.gen_adder[14].adder.get_ripple_carry_adder.adder.gen_adder[7].adder.NY (net)
                 71.11    0.00 7497.80 ^ _052781_/B (XNOR2x2_ASAP7_75t_R)
     1    0.63    8.17   37.92 7535.72 v _052781_/Y (XNOR2x2_ASAP7_75t_R)
                                         _027537_ (net)
                  8.17    0.00 7535.72 v _052782_/A2 (AO21x1_ASAP7_75t_R)
     1    1.05    9.78   15.37 7551.09 v _052782_/Y (AO21x1_ASAP7_75t_R)
                                         _027538_ (net)
                  9.78    0.00 7551.09 v _052783_/B (XOR2x2_ASAP7_75t_R)
     3    2.13   12.94   30.46 7581.56 ^ _052783_/Y (XOR2x2_ASAP7_75t_R)
                                         _027539_ (net)
                 12.94    0.00 7581.56 ^ _053069_/B (XNOR2x2_ASAP7_75t_R)
     7    4.51   18.17   36.26 7617.82 v _053069_/Y (XNOR2x2_ASAP7_75t_R)
                                         _027820_ (net)
                 18.17    0.00 7617.82 v _053462_/B (NAND2x1_ASAP7_75t_R)
     7    4.00   63.72   22.06 7639.88 ^ _053462_/Y (NAND2x1_ASAP7_75t_R)
                                         _028207_ (net)
                 63.72    0.00 7639.88 ^ _053463_/B (AND2x2_ASAP7_75t_R)
     6    3.47   19.69   32.99 7672.87 ^ _053463_/Y (AND2x2_ASAP7_75t_R)
                                         _028208_ (net)
                 19.69    0.00 7672.87 ^ _053822_/A3 (AO33x2_ASAP7_75t_R)
     1    0.49    9.46   22.96 7695.83 ^ _053822_/Y (AO33x2_ASAP7_75t_R)
                                         _028561_ (net)
                  9.46    0.00 7695.83 ^ _053823_/B1 (AO32x1_ASAP7_75t_R)
     1    0.61    9.45   17.74 7713.57 ^ _053823_/Y (AO32x1_ASAP7_75t_R)
                                         _028562_ (net)
                  9.45    0.00 7713.57 ^ _053826_/A1 (OA21x2_ASAP7_75t_R)
     2    1.60   12.83   17.38 7730.95 ^ _053826_/Y (OA21x2_ASAP7_75t_R)
                                         _028565_ (net)
                 12.83    0.00 7730.95 ^ _054525_/B (AOI211x1_ASAP7_75t_R)
     3    2.17   30.62   12.43 7743.38 v _054525_/Y (AOI211x1_ASAP7_75t_R)
                                         _029246_ (net)
                 30.62    0.00 7743.38 v _055592_/A2 (OAI21x1_ASAP7_75t_R)
     1    2.00   52.32   16.14 7759.52 ^ _055592_/Y (OAI21x1_ASAP7_75t_R)
                                         exe_alu.arithmetic_ALU.adder.gen_adder[15].adder.get_ripple_carry_adder.adder.gen_adder[7].adder.A (net)
                 52.32    0.00 7759.52 ^ exe_alu.arithmetic_ALU.adder.gen_adder[15].adder.get_ripple_carry_adder.adder.gen_adder[7].adder.genblk1[0].genblk1.fulladder/A (FAx1_ASAP7_75t_R)
     3    2.81   73.30   69.28 7828.80 ^ exe_alu.arithmetic_ALU.adder.gen_adder[15].adder.get_ripple_carry_adder.adder.gen_adder[7].adder.genblk1[0].genblk1.fulladder/SN (FAx1_ASAP7_75t_R)
                                         exe_alu.arithmetic_ALU.adder.gen_adder[15].adder.get_ripple_carry_adder.adder.gen_adder[7].adder.NY (net)
                 73.30    0.00 7828.80 ^ _041147_/B (XNOR2x2_ASAP7_75t_R)
     1    0.63    8.16   38.19 7866.98 v _041147_/Y (XNOR2x2_ASAP7_75t_R)
                                         _016028_ (net)
                  8.16    0.00 7866.98 v _041148_/A2 (AO21x1_ASAP7_75t_R)
     2    1.95   13.91   17.88 7884.86 v _041148_/Y (AO21x1_ASAP7_75t_R)
                                         _016029_ (net)
                 13.91    0.00 7884.86 v _041149_/B (XOR2x2_ASAP7_75t_R)
     5    3.99   19.40   35.43 7920.29 ^ _041149_/Y (XOR2x2_ASAP7_75t_R)
                                         _016030_ (net)
                 19.40    0.00 7920.29 ^ _041150_/B (XNOR2x2_ASAP7_75t_R)
    29   19.24   56.88   58.32 7978.61 v _041150_/Y (XNOR2x2_ASAP7_75t_R)
                                         _016031_ (net)
                 56.88    0.00 7978.61 v _041152_/B (NAND2x1_ASAP7_75t_R)
   111   74.57  511.81  249.92 8228.53 ^ _041152_/Y (NAND2x1_ASAP7_75t_R)
                                         _016033_ (net)
                511.81    0.00 8228.53 ^ _041153_/B (AND2x2_ASAP7_75t_R)
     2    1.15   21.11   56.65 8285.18 ^ _041153_/Y (AND2x2_ASAP7_75t_R)
                                         _016034_ (net)
                 21.11    0.00 8285.18 ^ _041154_/B (AO21x1_ASAP7_75t_R)
     4    2.37   21.19   18.83 8304.02 ^ _041154_/Y (AO21x1_ASAP7_75t_R)
                                         _016035_ (net)
                 21.19    0.00 8304.02 ^ _051074_/B1 (AO32x1_ASAP7_75t_R)
     1    0.59   10.42   20.73 8324.75 ^ _051074_/Y (AO32x1_ASAP7_75t_R)
                                         _025854_ (net)
                 10.42    0.00 8324.75 ^ _051084_/B (OR3x1_ASAP7_75t_R)
     1    0.63    7.67   13.15 8337.90 ^ _051084_/Y (OR3x1_ASAP7_75t_R)
                                         _025864_ (net)
                  7.67    0.00 8337.90 ^ _051085_/B (AO21x1_ASAP7_75t_R)
     1    0.50    7.01   10.49 8348.39 ^ _051085_/Y (AO21x1_ASAP7_75t_R)
                                         _025865_ (net)
                  7.01    0.00 8348.39 ^ _051094_/B (OR5x1_ASAP7_75t_R)
     1    0.53    8.42   14.61 8363.00 ^ _051094_/Y (OR5x1_ASAP7_75t_R)
                                         _025874_ (net)
                  8.42    0.00 8363.00 ^ _051095_/C (AO221x1_ASAP7_75t_R)
     1    0.53   21.87   13.99 8377.00 ^ _051095_/Y (AO221x1_ASAP7_75t_R)
                                         _025875_ (net)
                 21.87    0.00 8377.00 ^ _051096_/C (AO221x1_ASAP7_75t_R)
     1    1.24   16.56   19.89 8396.88 ^ _051096_/Y (AO221x1_ASAP7_75t_R)
                                         _025876_ (net)
                 16.56    0.00 8396.88 ^ _051097_/B (AOI21x1_ASAP7_75t_R)
     2    1.50  206.51    9.68 8406.56 v _051097_/Y (AOI21x1_ASAP7_75t_R)
                                         _025877_ (net)
                206.51    0.00 8406.56 v _053608_/C (OA211x2_ASAP7_75t_R)
     3    2.83   25.83   79.63 8486.19 v _053608_/Y (OA211x2_ASAP7_75t_R)
                                         _028350_ (net)
                 25.83    0.00 8486.19 v _054278_/B (NOR2x1_ASAP7_75t_R)
     1    0.63   13.42   10.97 8497.17 ^ _054278_/Y (NOR2x1_ASAP7_75t_R)
                                         _029005_ (net)
                 13.42    0.00 8497.17 ^ _054279_/B (AO21x1_ASAP7_75t_R)
     1    0.61    7.52   12.23 8509.40 ^ _054279_/Y (AO21x1_ASAP7_75t_R)
                                         _029006_ (net)
                  7.52    0.00 8509.40 ^ _054280_/C2 (AO222x2_ASAP7_75t_R)
     1    0.63   28.17   16.75 8526.15 ^ _054280_/Y (AO222x2_ASAP7_75t_R)
                                         _029007_ (net)
                 28.17    0.00 8526.15 ^ _054281_/B (AO21x1_ASAP7_75t_R)
     1    0.00   11.90   13.00 8539.15 ^ _054281_/Y (AO21x1_ASAP7_75t_R)
                                         alu_result_exe[140] (net)
                 11.90    0.00 8539.15 ^ alu_result_exe[140] (out)
                               8539.15   data arrival time

                  0.00 5000.00 5000.00   clock clk (rise edge)
                          0.00 5000.00   clock network delay (ideal)
                          0.00 5000.00   clock reconvergence pessimism
                       -1000.00 4000.00   output external delay
                               4000.00   data required time
-----------------------------------------------------------------------------
                               4000.00   data required time
                               -8539.15   data arrival time
-----------------------------------------------------------------------------
                               -4539.15   slack (VIOLATED)



==========================================================================
floorplan final report_power
--------------------------------------------------------------------------
Group                  Internal  Switching    Leakage      Total
                          Power      Power      Power      Power (Watts)
----------------------------------------------------------------
Sequential             0.00e+00   0.00e+00   0.00e+00   0.00e+00   0.0%
Combinational          4.47e-03   5.99e-03   7.41e-06   1.05e-02 100.0%
Clock                  0.00e+00   0.00e+00   0.00e+00   0.00e+00   0.0%
Macro                  0.00e+00   0.00e+00   0.00e+00   0.00e+00   0.0%
Pad                    0.00e+00   0.00e+00   0.00e+00   0.00e+00   0.0%
----------------------------------------------------------------
Total                  4.47e-03   5.99e-03   7.41e-06   1.05e-02 100.0%
                          42.7%      57.2%       0.1%
