
==========================================================================
cts final report_tns
--------------------------------------------------------------------------
tns 0.00

==========================================================================
cts final report_wns
--------------------------------------------------------------------------
wns 0.00

==========================================================================
cts final report_worst_slack
--------------------------------------------------------------------------
worst slack 7.79

==========================================================================
cts final report_clock_skew
--------------------------------------------------------------------------
Clock clk
No launch/capture paths found.


==========================================================================
cts final report_checks -path_delay min
--------------------------------------------------------------------------
Startpoint: srcb[102] (input port clocked by clk)
Endpoint: srcb_alu[134] (output port clocked by clk)
Path Group: clk
Path Type: min

Fanout     Cap    Slew   Delay    Time   Description
-----------------------------------------------------------------------------
                  0.00    0.00    0.00   clock clk (rise edge)
                          0.00    0.00   clock network delay (ideal)
                          3.00    3.00 ^ input external delay
     1    1.43    0.00    0.00    3.00 ^ srcb[102] (in)
                                         srcb[102] (net)
                  0.00    0.00    3.00 ^ _883_/A (BUF_X1)
     1    1.00    0.01    0.02    3.02 ^ _883_/Z (BUF_X1)
                                         net323 (net)
                  0.01    0.00    3.02 ^ output323/A (BUF_X1)
     1    0.15    0.00    0.02    3.03 ^ output323/Z (BUF_X1)
                                         srcb_alu[134] (net)
                  0.00    0.00    3.03 ^ srcb_alu[134] (out)
                                  3.03   data arrival time

                  0.00    0.00    0.00   clock clk (rise edge)
                          0.00    0.00   clock network delay (ideal)
                          0.00    0.00   clock reconvergence pessimism
                         -3.00   -3.00   output external delay
                                 -3.00   data required time
-----------------------------------------------------------------------------
                                 -3.00   data required time
                                 -3.03   data arrival time
-----------------------------------------------------------------------------
                                  6.03   slack (MET)



==========================================================================
cts final report_checks -path_delay max
--------------------------------------------------------------------------
Startpoint: vl[2] (input port clocked by clk)
Endpoint: srcb_alu[15] (output port clocked by clk)
Path Group: clk
Path Type: max

Fanout     Cap    Slew   Delay    Time   Description
-----------------------------------------------------------------------------
                  0.00    0.00    0.00   clock clk (rise edge)
                          0.00    0.00   clock network delay (ideal)
                          3.00    3.00 v input external delay
     1    3.33    0.00    0.00    3.00 v vl[2] (in)
                                         vl[2] (net)
                  0.00    0.00    3.00 v input45/A (BUF_X4)
    13   39.53    0.01    0.03    3.03 v input45/Z (BUF_X4)
                                         net45 (net)
                  0.01    0.01    3.03 v _381_/A4 (OR4_X2)
     1    5.73    0.02    0.11    3.15 v _381_/ZN (OR4_X2)
                                         _093_ (net)
                  0.02    0.00    3.15 v _382_/B1 (OAI21_X4)
     8   37.75    0.05    0.07    3.22 ^ _382_/ZN (OAI21_X4)
                                         _094_ (net)
                  0.05    0.00    3.22 ^ _409_/B1 (OAI22_X4)
     2    8.49    0.02    0.03    3.25 v _409_/ZN (OAI22_X4)
                                         _119_ (net)
                  0.02    0.00    3.25 v _555_/B2 (AOI221_X2)
     4   20.60    0.10    0.15    3.40 ^ _555_/ZN (AOI221_X2)
                                         _222_ (net)
                  0.10    0.00    3.40 ^ _607_/B1 (AOI22_X4)
     1   42.75    0.04    0.06    3.46 v _607_/ZN (AOI22_X4)
                                         net351 (net)
                  0.05    0.03    3.49 v wire536/A (BUF_X8)
     1   44.38    0.01    0.05    3.54 v wire536/Z (BUF_X8)
                                         net536 (net)
                  0.03    0.03    3.56 v wire535/A (BUF_X16)
     1   77.16    0.01    0.04    3.60 v wire535/Z (BUF_X16)
                                         net535 (net)
                  0.09    0.08    3.68 v wire534/A (BUF_X32)
     1   79.13    0.01    0.05    3.73 v wire534/Z (BUF_X32)
                                         net534 (net)
                  0.10    0.08    3.81 v wire533/A (BUF_X32)
     1   77.66    0.01    0.05    3.87 v wire533/Z (BUF_X32)
                                         net533 (net)
                  0.10    0.08    3.94 v wire532/A (BUF_X32)
     1   77.60    0.01    0.05    4.00 v wire532/Z (BUF_X32)
                                         net532 (net)
                  0.10    0.08    4.07 v wire531/A (BUF_X32)
     1   55.08    0.01    0.05    4.13 v wire531/Z (BUF_X32)
                                         net531 (net)
                  0.05    0.04    4.17 v output351/A (BUF_X1)
     1    0.77    0.01    0.04    4.21 v output351/Z (BUF_X1)
                                         srcb_alu[15] (net)
                  0.01    0.00    4.21 v srcb_alu[15] (out)
                                  4.21   data arrival time

                  0.00   15.00   15.00   clock clk (rise edge)
                          0.00   15.00   clock network delay (ideal)
                          0.00   15.00   clock reconvergence pessimism
                         -3.00   12.00   output external delay
                                 12.00   data required time
-----------------------------------------------------------------------------
                                 12.00   data required time
                                 -4.21   data arrival time
-----------------------------------------------------------------------------
                                  7.79   slack (MET)



==========================================================================
cts final report_checks -unconstrained
--------------------------------------------------------------------------
Startpoint: vl[2] (input port clocked by clk)
Endpoint: srcb_alu[15] (output port clocked by clk)
Path Group: clk
Path Type: max

Fanout     Cap    Slew   Delay    Time   Description
-----------------------------------------------------------------------------
                  0.00    0.00    0.00   clock clk (rise edge)
                          0.00    0.00   clock network delay (ideal)
                          3.00    3.00 v input external delay
     1    3.33    0.00    0.00    3.00 v vl[2] (in)
                                         vl[2] (net)
                  0.00    0.00    3.00 v input45/A (BUF_X4)
    13   39.53    0.01    0.03    3.03 v input45/Z (BUF_X4)
                                         net45 (net)
                  0.01    0.01    3.03 v _381_/A4 (OR4_X2)
     1    5.73    0.02    0.11    3.15 v _381_/ZN (OR4_X2)
                                         _093_ (net)
                  0.02    0.00    3.15 v _382_/B1 (OAI21_X4)
     8   37.75    0.05    0.07    3.22 ^ _382_/ZN (OAI21_X4)
                                         _094_ (net)
                  0.05    0.00    3.22 ^ _409_/B1 (OAI22_X4)
     2    8.49    0.02    0.03    3.25 v _409_/ZN (OAI22_X4)
                                         _119_ (net)
                  0.02    0.00    3.25 v _555_/B2 (AOI221_X2)
     4   20.60    0.10    0.15    3.40 ^ _555_/ZN (AOI221_X2)
                                         _222_ (net)
                  0.10    0.00    3.40 ^ _607_/B1 (AOI22_X4)
     1   42.75    0.04    0.06    3.46 v _607_/ZN (AOI22_X4)
                                         net351 (net)
                  0.05    0.03    3.49 v wire536/A (BUF_X8)
     1   44.38    0.01    0.05    3.54 v wire536/Z (BUF_X8)
                                         net536 (net)
                  0.03    0.03    3.56 v wire535/A (BUF_X16)
     1   77.16    0.01    0.04    3.60 v wire535/Z (BUF_X16)
                                         net535 (net)
                  0.09    0.08    3.68 v wire534/A (BUF_X32)
     1   79.13    0.01    0.05    3.73 v wire534/Z (BUF_X32)
                                         net534 (net)
                  0.10    0.08    3.81 v wire533/A (BUF_X32)
     1   77.66    0.01    0.05    3.87 v wire533/Z (BUF_X32)
                                         net533 (net)
                  0.10    0.08    3.94 v wire532/A (BUF_X32)
     1   77.60    0.01    0.05    4.00 v wire532/Z (BUF_X32)
                                         net532 (net)
                  0.10    0.08    4.07 v wire531/A (BUF_X32)
     1   55.08    0.01    0.05    4.13 v wire531/Z (BUF_X32)
                                         net531 (net)
                  0.05    0.04    4.17 v output351/A (BUF_X1)
     1    0.77    0.01    0.04    4.21 v output351/Z (BUF_X1)
                                         srcb_alu[15] (net)
                  0.01    0.00    4.21 v srcb_alu[15] (out)
                                  4.21   data arrival time

                  0.00   15.00   15.00   clock clk (rise edge)
                          0.00   15.00   clock network delay (ideal)
                          0.00   15.00   clock reconvergence pessimism
                         -3.00   12.00   output external delay
                                 12.00   data required time
-----------------------------------------------------------------------------
                                 12.00   data required time
                                 -4.21   data arrival time
-----------------------------------------------------------------------------
                                  7.79   slack (MET)



==========================================================================
cts final report_check_types -max_slew -max_cap -max_fanout -violators
--------------------------------------------------------------------------

==========================================================================
cts final max_slew_check_slack
--------------------------------------------------------------------------
0.08038851618766785

==========================================================================
cts final max_slew_check_limit
--------------------------------------------------------------------------
0.1985349953174591

==========================================================================
cts final max_slew_check_slack_limit
--------------------------------------------------------------------------
0.4049

==========================================================================
cts final max_fanout_check_slack
--------------------------------------------------------------------------
1.0000000150474662e+30

==========================================================================
cts final max_fanout_check_limit
--------------------------------------------------------------------------
1.0000000150474662e+30

==========================================================================
cts final max_capacitance_check_slack
--------------------------------------------------------------------------
0.797620415687561

==========================================================================
cts final max_capacitance_check_limit
--------------------------------------------------------------------------
63.32400131225586

==========================================================================
cts final max_capacitance_check_slack_limit
--------------------------------------------------------------------------
0.0126

==========================================================================
cts final max_slew_violation_count
--------------------------------------------------------------------------
max slew violation count 0

==========================================================================
cts final max_fanout_violation_count
--------------------------------------------------------------------------
max fanout violation count 0

==========================================================================
cts final max_cap_violation_count
--------------------------------------------------------------------------
max cap violation count 0

==========================================================================
cts final setup_violation_count
--------------------------------------------------------------------------
setup violation count 0

==========================================================================
cts final hold_violation_count
--------------------------------------------------------------------------
hold violation count 0

==========================================================================
cts final critical path delay
--------------------------------------------------------------------------
4.2141

==========================================================================
cts final critical path slack
--------------------------------------------------------------------------
7.7859

==========================================================================
cts final slack div critical path delay
--------------------------------------------------------------------------
184.758311

==========================================================================
cts final report_power
--------------------------------------------------------------------------
Group                  Internal  Switching    Leakage      Total
                          Power      Power      Power      Power (Watts)
----------------------------------------------------------------
Sequential             0.00e+00   0.00e+00   0.00e+00   0.00e+00   0.0%
Combinational          2.95e-04   2.65e-04   4.82e-04   1.04e-03 100.0%
Clock                  0.00e+00   0.00e+00   0.00e+00   0.00e+00   0.0%
Macro                  0.00e+00   0.00e+00   0.00e+00   0.00e+00   0.0%
Pad                    0.00e+00   0.00e+00   0.00e+00   0.00e+00   0.0%
----------------------------------------------------------------
Total                  2.95e-04   2.65e-04   4.82e-04   1.04e-03 100.0%
                          28.3%      25.4%      46.2%
