  violation type: Metal Spacing
    srcs: net:VSS net:ext_data_in_exe[3] 
    bbox = ( 356.928, 499.793 ) - ( 356.952, 499.861 ) on Layer M5
  violation type: Short
    srcs: net:VSS net:vec_data_in_exe[8] 
    bbox = ( 356.855, 499.792 ) - ( 356.857, 499.793 ) on Layer M5
  violation type: Lef58EolKeepOut
    srcs: net:VSS net:vec_data_in_exe[8] 
    bbox = ( 356.856, 499.792 ) - ( 356.856, 499.793 ) on Layer M5
  violation type: Short
    srcs: net:VSS net:vstart_id[5] 
    bbox = ( 346.175, 499.792 ) - ( 346.177, 499.793 ) on Layer M5
  violation type: Metal Spacing
    srcs: net:VSS net:vstart_id[6] 
    bbox = ( 346.08, 499.793 ) - ( 346.104, 499.861 ) on Layer M5
  violation type: Lef58EolKeepOut
    srcs: net:VSS net:vstart_id[5] 
    bbox = ( 346.176, 499.792 ) - ( 346.176, 499.793 ) on Layer M5
  violation type: Metal Spacing
    srcs: net:VSS net:ext_wr_vxsat_id 
    bbox = ( 351.552, 499.793 ) - ( 351.576, 499.861 ) on Layer M5
  violation type: Metal Spacing
    srcs: net:VSS net:ext_wr_vxrm_id 
    bbox = ( 351.456, 499.793 ) - ( 351.48, 499.861 ) on Layer M5
