Mapping and compare statistics
================================================================================
                     Compare Result       Golden            Revised
--------------------------------------------------------------------------------
Root module name                          RISC_V_pipeline   RISC_V_pipeline   

Primary inputs                                25                 25
   Mapped                                     25                 25

Primary outputs                               16                 16
   Mapped                                     16                 16
      Equivalent                 16

Black-box key points                          12                  8
   Mapped                                      8                  8
      Equivalent                  8
   Unmapped                                    4                  0
      Unreachable                              4                  0

State key points                            2801               2393
   Mapped                                   2393               2393
      Equivalent               2393
   Unmapped                                  408                  0
      Unreachable                            408                  0
   Merged                                     23                  0
================================================================================
Compare results of instance/output/pin equivalences and/or sequential merge      
================================================================================
Compared points      DLAT      Total   
--------------------------------------------------------------------------------
Equivalent           23        23      
================================================================================
