
==========================================================================
detailed place report_tns
--------------------------------------------------------------------------
tns 0.00

==========================================================================
detailed place report_wns
--------------------------------------------------------------------------
wns 0.00

==========================================================================
detailed place report_worst_slack
--------------------------------------------------------------------------
worst slack 7.39

==========================================================================
detailed place report_checks -path_delay min
--------------------------------------------------------------------------
Startpoint: src_data[49] (input port clocked by clk)
Endpoint: result[49] (output port clocked by clk)
Path Group: clk
Path Type: min

Fanout     Cap    Slew   Delay    Time   Description
-----------------------------------------------------------------------------
                  0.00    0.00    0.00   clock clk (rise edge)
                          0.00    0.00   clock network delay (ideal)
                          3.00    3.00 v input external delay
     1    1.75    0.00    0.00    3.00 v src_data[49] (in)
                                         src_data[49] (net)
                  0.00    0.00    3.00 v input78/A (BUF_X2)
     5   12.36    0.01    0.03    3.03 v input78/Z (BUF_X2)
                                         net78 (net)
                  0.01    0.00    3.03 v _1279_/A (INV_X1)
     1    1.81    0.01    0.01    3.04 ^ _1279_/ZN (INV_X1)
                                         _0575_ (net)
                  0.01    0.00    3.04 ^ _1284_/A1 (OAI22_X1)
     1    0.96    0.00    0.01    3.05 v _1284_/ZN (OAI22_X1)
                                         net206 (net)
                  0.00    0.00    3.05 v output206/A (BUF_X1)
     1    0.26    0.00    0.02    3.07 v output206/Z (BUF_X1)
                                         result[49] (net)
                  0.00    0.00    3.07 v result[49] (out)
                                  3.07   data arrival time

                  0.00    0.00    0.00   clock clk (rise edge)
                          0.00    0.00   clock network delay (ideal)
                          0.00    0.00   clock reconvergence pessimism
                         -3.00   -3.00   output external delay
                                 -3.00   data required time
-----------------------------------------------------------------------------
                                 -3.00   data required time
                                 -3.07   data arrival time
-----------------------------------------------------------------------------
                                  6.07   slack (MET)



==========================================================================
detailed place report_checks -path_delay max
--------------------------------------------------------------------------
Startpoint: src_data[8] (input port clocked by clk)
Endpoint: result[72] (output port clocked by clk)
Path Group: clk
Path Type: max

Fanout     Cap    Slew   Delay    Time   Description
-----------------------------------------------------------------------------
                  0.00    0.00    0.00   clock clk (rise edge)
                          0.00    0.00   clock network delay (ideal)
                          3.00    3.00 v input external delay
     1   23.86    0.00    0.00    3.00 v src_data[8] (in)
                                         src_data[8] (net)
                  0.00    0.00    3.00 v input123/A (BUF_X32)
     1   43.30    0.00    0.02    3.02 v input123/Z (BUF_X32)
                                         net123 (net)
                  0.03    0.03    3.05 v wire497/A (BUF_X8)
     1   45.75    0.01    0.04    3.08 v wire497/Z (BUF_X8)
                                         net497 (net)
                  0.04    0.03    3.11 v wire496/A (BUF_X16)
     1   76.90    0.01    0.04    3.15 v wire496/Z (BUF_X16)
                                         net496 (net)
                  0.09    0.08    3.23 v wire495/A (BUF_X32)
     1   76.83    0.01    0.05    3.28 v wire495/Z (BUF_X32)
                                         net495 (net)
                  0.09    0.08    3.36 v wire494/A (BUF_X32)
     1   77.67    0.01    0.05    3.41 v wire494/Z (BUF_X32)
                                         net494 (net)
                  0.10    0.08    3.49 v wire493/A (BUF_X32)
     1   76.44    0.01    0.05    3.54 v wire493/Z (BUF_X32)
                                         net493 (net)
                  0.09    0.08    3.62 v wire492/A (BUF_X32)
     5   62.00    0.01    0.05    3.67 v wire492/Z (BUF_X32)
                                         net492 (net)
                  0.07    0.05    3.72 v _1426_/A2 (AOI22_X2)
     1    2.75    0.03    0.06    3.78 ^ _1426_/ZN (AOI22_X2)
                                         _0696_ (net)
                  0.03    0.00    3.78 ^ _1427_/A2 (AND2_X1)
     1    8.05    0.02    0.05    3.83 ^ _1427_/ZN (AND2_X1)
                                         _0697_ (net)
                  0.02    0.00    3.83 ^ _1428_/B1 (OAI22_X4)
     1   41.65    0.04    0.03    3.87 v _1428_/ZN (OAI22_X4)
                                         net232 (net)
                  0.05    0.03    3.90 v wire282/A (BUF_X8)
     1   43.54    0.01    0.04    3.94 v wire282/Z (BUF_X8)
                                         net282 (net)
                  0.03    0.03    3.97 v wire281/A (BUF_X16)
     1   77.40    0.01    0.04    4.01 v wire281/Z (BUF_X16)
                                         net281 (net)
                  0.10    0.08    4.09 v wire280/A (BUF_X32)
     1   77.95    0.01    0.05    4.14 v wire280/Z (BUF_X32)
                                         net280 (net)
                  0.10    0.08    4.22 v wire279/A (BUF_X32)
     1   76.42    0.01    0.05    4.27 v wire279/Z (BUF_X32)
                                         net279 (net)
                  0.09    0.08    4.34 v wire278/A (BUF_X32)
     1   77.22    0.01    0.05    4.40 v wire278/Z (BUF_X32)
                                         net278 (net)
                  0.09    0.08    4.47 v wire277/A (BUF_X32)
     1   54.22    0.01    0.05    4.53 v wire277/Z (BUF_X32)
                                         net277 (net)
                  0.05    0.04    4.57 v output232/A (BUF_X1)
     1    1.08    0.01    0.04    4.61 v output232/Z (BUF_X1)
                                         result[72] (net)
                  0.01    0.00    4.61 v result[72] (out)
                                  4.61   data arrival time

                  0.00   15.00   15.00   clock clk (rise edge)
                          0.00   15.00   clock network delay (ideal)
                          0.00   15.00   clock reconvergence pessimism
                         -3.00   12.00   output external delay
                                 12.00   data required time
-----------------------------------------------------------------------------
                                 12.00   data required time
                                 -4.61   data arrival time
-----------------------------------------------------------------------------
                                  7.39   slack (MET)



==========================================================================
detailed place report_checks -unconstrained
--------------------------------------------------------------------------
Startpoint: src_data[8] (input port clocked by clk)
Endpoint: result[72] (output port clocked by clk)
Path Group: clk
Path Type: max

Fanout     Cap    Slew   Delay    Time   Description
-----------------------------------------------------------------------------
                  0.00    0.00    0.00   clock clk (rise edge)
                          0.00    0.00   clock network delay (ideal)
                          3.00    3.00 v input external delay
     1   23.86    0.00    0.00    3.00 v src_data[8] (in)
                                         src_data[8] (net)
                  0.00    0.00    3.00 v input123/A (BUF_X32)
     1   43.30    0.00    0.02    3.02 v input123/Z (BUF_X32)
                                         net123 (net)
                  0.03    0.03    3.05 v wire497/A (BUF_X8)
     1   45.75    0.01    0.04    3.08 v wire497/Z (BUF_X8)
                                         net497 (net)
                  0.04    0.03    3.11 v wire496/A (BUF_X16)
     1   76.90    0.01    0.04    3.15 v wire496/Z (BUF_X16)
                                         net496 (net)
                  0.09    0.08    3.23 v wire495/A (BUF_X32)
     1   76.83    0.01    0.05    3.28 v wire495/Z (BUF_X32)
                                         net495 (net)
                  0.09    0.08    3.36 v wire494/A (BUF_X32)
     1   77.67    0.01    0.05    3.41 v wire494/Z (BUF_X32)
                                         net494 (net)
                  0.10    0.08    3.49 v wire493/A (BUF_X32)
     1   76.44    0.01    0.05    3.54 v wire493/Z (BUF_X32)
                                         net493 (net)
                  0.09    0.08    3.62 v wire492/A (BUF_X32)
     5   62.00    0.01    0.05    3.67 v wire492/Z (BUF_X32)
                                         net492 (net)
                  0.07    0.05    3.72 v _1426_/A2 (AOI22_X2)
     1    2.75    0.03    0.06    3.78 ^ _1426_/ZN (AOI22_X2)
                                         _0696_ (net)
                  0.03    0.00    3.78 ^ _1427_/A2 (AND2_X1)
     1    8.05    0.02    0.05    3.83 ^ _1427_/ZN (AND2_X1)
                                         _0697_ (net)
                  0.02    0.00    3.83 ^ _1428_/B1 (OAI22_X4)
     1   41.65    0.04    0.03    3.87 v _1428_/ZN (OAI22_X4)
                                         net232 (net)
                  0.05    0.03    3.90 v wire282/A (BUF_X8)
     1   43.54    0.01    0.04    3.94 v wire282/Z (BUF_X8)
                                         net282 (net)
                  0.03    0.03    3.97 v wire281/A (BUF_X16)
     1   77.40    0.01    0.04    4.01 v wire281/Z (BUF_X16)
                                         net281 (net)
                  0.10    0.08    4.09 v wire280/A (BUF_X32)
     1   77.95    0.01    0.05    4.14 v wire280/Z (BUF_X32)
                                         net280 (net)
                  0.10    0.08    4.22 v wire279/A (BUF_X32)
     1   76.42    0.01    0.05    4.27 v wire279/Z (BUF_X32)
                                         net279 (net)
                  0.09    0.08    4.34 v wire278/A (BUF_X32)
     1   77.22    0.01    0.05    4.40 v wire278/Z (BUF_X32)
                                         net278 (net)
                  0.09    0.08    4.47 v wire277/A (BUF_X32)
     1   54.22    0.01    0.05    4.53 v wire277/Z (BUF_X32)
                                         net277 (net)
                  0.05    0.04    4.57 v output232/A (BUF_X1)
     1    1.08    0.01    0.04    4.61 v output232/Z (BUF_X1)
                                         result[72] (net)
                  0.01    0.00    4.61 v result[72] (out)
                                  4.61   data arrival time

                  0.00   15.00   15.00   clock clk (rise edge)
                          0.00   15.00   clock network delay (ideal)
                          0.00   15.00   clock reconvergence pessimism
                         -3.00   12.00   output external delay
                                 12.00   data required time
-----------------------------------------------------------------------------
                                 12.00   data required time
                                 -4.61   data arrival time
-----------------------------------------------------------------------------
                                  7.39   slack (MET)



==========================================================================
detailed place report_check_types -max_slew -max_cap -max_fanout -violators
--------------------------------------------------------------------------

==========================================================================
detailed place max_slew_check_slack
--------------------------------------------------------------------------
0.09655733406543732

==========================================================================
detailed place max_slew_check_limit
--------------------------------------------------------------------------
0.1985349953174591

==========================================================================
detailed place max_slew_check_slack_limit
--------------------------------------------------------------------------
0.4863

==========================================================================
detailed place max_fanout_check_slack
--------------------------------------------------------------------------
1.0000000150474662e+30

==========================================================================
detailed place max_fanout_check_limit
--------------------------------------------------------------------------
1.0000000150474662e+30

==========================================================================
detailed place max_capacitance_check_slack
--------------------------------------------------------------------------
19.340248107910156

==========================================================================
detailed place max_capacitance_check_limit
--------------------------------------------------------------------------
23.23150062561035

==========================================================================
detailed place max_capacitance_check_slack_limit
--------------------------------------------------------------------------
0.8325

==========================================================================
detailed place max_slew_violation_count
--------------------------------------------------------------------------
max slew violation count 0

==========================================================================
detailed place max_fanout_violation_count
--------------------------------------------------------------------------
max fanout violation count 0

==========================================================================
detailed place max_cap_violation_count
--------------------------------------------------------------------------
max cap violation count 0

==========================================================================
detailed place setup_violation_count
--------------------------------------------------------------------------
setup violation count 0

==========================================================================
detailed place hold_violation_count
--------------------------------------------------------------------------
hold violation count 0

==========================================================================
detailed place critical path delay
--------------------------------------------------------------------------
4.6119

==========================================================================
detailed place critical path slack
--------------------------------------------------------------------------
7.3881

==========================================================================
detailed place slack div critical path delay
--------------------------------------------------------------------------
160.196448

==========================================================================
detailed place report_power
--------------------------------------------------------------------------
Group                  Internal  Switching    Leakage      Total
                          Power      Power      Power      Power (Watts)
----------------------------------------------------------------
Sequential             0.00e+00   0.00e+00   0.00e+00   0.00e+00   0.0%
Combinational          1.92e-04   1.44e-04   2.05e-04   5.41e-04 100.0%
Clock                  0.00e+00   0.00e+00   0.00e+00   0.00e+00   0.0%
Macro                  0.00e+00   0.00e+00   0.00e+00   0.00e+00   0.0%
Pad                    0.00e+00   0.00e+00   0.00e+00   0.00e+00   0.0%
----------------------------------------------------------------
Total                  1.92e-04   1.44e-04   2.05e-04   5.41e-04 100.0%
                          35.5%      26.6%      38.0%
