
==========================================================================
resizer report_tns
--------------------------------------------------------------------------
tns 0.00

==========================================================================
resizer report_wns
--------------------------------------------------------------------------
wns 0.00

==========================================================================
resizer report_worst_slack
--------------------------------------------------------------------------
worst slack 9.57

==========================================================================
resizer report_checks -path_delay min
--------------------------------------------------------------------------
Startpoint: rst (input port clocked by clk)
Endpoint: vsstatus[0]$_DFF_PP0_ (removal check against rising-edge clock clk)
Path Group: asynchronous
Path Type: min

Fanout     Cap    Slew   Delay    Time   Description
-----------------------------------------------------------------------------
                  0.00    0.00    0.00   clock clk (rise edge)
                          0.00    0.00   clock network delay (ideal)
                          4.00    4.00 v input external delay
     1    0.01    0.00    0.00    4.00 v rst (in)
                                         rst (net)
                  0.00    0.00    4.00 v input1/I (gf180mcu_fd_sc_mcu9t5v0__clkbuf_4)
     1    0.11    0.20    0.20    4.20 v input1/Z (gf180mcu_fd_sc_mcu9t5v0__clkbuf_4)
                                         net1 (net)
                  0.20    0.00    4.20 v _04_/I (gf180mcu_fd_sc_mcu9t5v0__inv_16)
    37    0.55    0.27    0.22    4.43 ^ _04_/ZN (gf180mcu_fd_sc_mcu9t5v0__inv_16)
                                         _00_ (net)
                  0.27    0.00    4.43 ^ vsstatus[0]$_DFF_PP0_/RN (gf180mcu_fd_sc_mcu9t5v0__dffrnq_2)
                                  4.43   data arrival time

                  0.00    0.00    0.00   clock clk (rise edge)
                          0.00    0.00   clock network delay (ideal)
                          0.00    0.00   clock reconvergence pessimism
                                  0.00 ^ vsstatus[0]$_DFF_PP0_/CLK (gf180mcu_fd_sc_mcu9t5v0__dffrnq_2)
                          0.25    0.25   library removal time
                                  0.25   data required time
-----------------------------------------------------------------------------
                                  0.25   data required time
                                 -4.43   data arrival time
-----------------------------------------------------------------------------
                                  4.17   slack (MET)


Startpoint: vtype[3]$_DFF_PP0_ (rising edge-triggered flip-flop clocked by clk)
Endpoint: vtype[3]$_DFF_PP0_ (rising edge-triggered flip-flop clocked by clk)
Path Group: clk
Path Type: min

Fanout     Cap    Slew   Delay    Time   Description
-----------------------------------------------------------------------------
                  0.00    0.00    0.00   clock clk (rise edge)
                          0.00    0.00   clock network delay (ideal)
                  0.00    0.00    0.00 ^ vtype[3]$_DFF_PP0_/CLK (gf180mcu_fd_sc_mcu9t5v0__dffrnq_2)
     1    0.01    0.06    0.35    0.35 v vtype[3]$_DFF_PP0_/Q (gf180mcu_fd_sc_mcu9t5v0__dffrnq_2)
                                         vtype[3] (net)
                  0.06    0.00    0.35 v _35_/I0 (gf180mcu_fd_sc_mcu9t5v0__mux2_2)
     2    0.01    0.08    0.21    0.57 v _35_/Z (gf180mcu_fd_sc_mcu9t5v0__mux2_2)
                                         net80 (net)
                  0.08    0.00    0.57 v vtype[3]$_DFF_PP0_/D (gf180mcu_fd_sc_mcu9t5v0__dffrnq_2)
                                  0.57   data arrival time

                  0.00    0.00    0.00   clock clk (rise edge)
                          0.00    0.00   clock network delay (ideal)
                          0.00    0.00   clock reconvergence pessimism
                                  0.00 ^ vtype[3]$_DFF_PP0_/CLK (gf180mcu_fd_sc_mcu9t5v0__dffrnq_2)
                          0.03    0.03   library hold time
                                  0.03   data required time
-----------------------------------------------------------------------------
                                  0.03   data required time
                                 -0.57   data arrival time
-----------------------------------------------------------------------------
                                  0.53   slack (MET)



==========================================================================
resizer report_checks -path_delay max
--------------------------------------------------------------------------
Startpoint: rst (input port clocked by clk)
Endpoint: vl[4]$_DFF_PP1_ (recovery check against rising-edge clock clk)
Path Group: asynchronous
Path Type: max

Fanout     Cap    Slew   Delay    Time   Description
-----------------------------------------------------------------------------
                  0.00    0.00    0.00   clock clk (rise edge)
                          0.00    0.00   clock network delay (ideal)
                          4.00    4.00 v input external delay
     1    0.01    0.00    0.00    4.00 v rst (in)
                                         rst (net)
                  0.00    0.00    4.00 v input1/I (gf180mcu_fd_sc_mcu9t5v0__clkbuf_4)
     1    0.11    0.20    0.20    4.20 v input1/Z (gf180mcu_fd_sc_mcu9t5v0__clkbuf_4)
                                         net1 (net)
                  0.20    0.00    4.20 v _04_/I (gf180mcu_fd_sc_mcu9t5v0__inv_16)
    37    0.55    0.27    0.22    4.43 ^ _04_/ZN (gf180mcu_fd_sc_mcu9t5v0__inv_16)
                                         _00_ (net)
                  0.27    0.00    4.43 ^ vl[4]$_DFF_PP1_/SETN (gf180mcu_fd_sc_mcu9t5v0__dffsnq_2)
                                  4.43   data arrival time

                  0.00   20.00   20.00   clock clk (rise edge)
                          0.00   20.00   clock network delay (ideal)
                          0.00   20.00   clock reconvergence pessimism
                                 20.00 ^ vl[4]$_DFF_PP1_/CLK (gf180mcu_fd_sc_mcu9t5v0__dffsnq_2)
                         -0.06   19.94   library recovery time
                                 19.94   data required time
-----------------------------------------------------------------------------
                                 19.94   data required time
                                 -4.43   data arrival time
-----------------------------------------------------------------------------
                                 15.52   slack (MET)


Startpoint: vxrm_wr_en (input port clocked by clk)
Endpoint: vxrm_data_out[0] (output port clocked by clk)
Path Group: clk
Path Type: max

Fanout     Cap    Slew   Delay    Time   Description
-----------------------------------------------------------------------------
                  0.00    0.00    0.00   clock clk (rise edge)
                          0.00    0.00   clock network delay (ideal)
                          4.00    4.00 v input external delay
     1    0.00    0.00    0.00    4.00 v vxrm_wr_en (in)
                                         vxrm_wr_en (net)
                  0.00    0.00    4.00 v input42/I (gf180mcu_fd_sc_mcu9t5v0__dlyb_2)
     2    0.03    0.25    0.77    4.77 v input42/Z (gf180mcu_fd_sc_mcu9t5v0__dlyb_2)
                                         net42 (net)
                  0.25    0.00    4.77 v _41_/S (gf180mcu_fd_sc_mcu9t5v0__mux2_2)
     3    0.01    0.09    0.24    5.01 v _41_/Z (gf180mcu_fd_sc_mcu9t5v0__mux2_2)
                                         net46 (net)
                  0.09    0.00    5.01 v _53_/I (gf180mcu_fd_sc_mcu9t5v0__dlyb_2)
     1    0.00    0.15    0.71    5.71 v _53_/Z (gf180mcu_fd_sc_mcu9t5v0__dlyb_2)
                                         net86 (net)
                  0.15    0.00    5.71 v output86/I (gf180mcu_fd_sc_mcu9t5v0__dlyb_2)
     1    0.00    0.14    0.72    6.43 v output86/Z (gf180mcu_fd_sc_mcu9t5v0__dlyb_2)
                                         vxrm_data_out[0] (net)
                  0.14    0.00    6.43 v vxrm_data_out[0] (out)
                                  6.43   data arrival time

                  0.00   20.00   20.00   clock clk (rise edge)
                          0.00   20.00   clock network delay (ideal)
                          0.00   20.00   clock reconvergence pessimism
                         -4.00   16.00   output external delay
                                 16.00   data required time
-----------------------------------------------------------------------------
                                 16.00   data required time
                                 -6.43   data arrival time
-----------------------------------------------------------------------------
                                  9.57   slack (MET)



==========================================================================
resizer report_checks -unconstrained
--------------------------------------------------------------------------
Startpoint: rst (input port clocked by clk)
Endpoint: vl[4]$_DFF_PP1_ (recovery check against rising-edge clock clk)
Path Group: asynchronous
Path Type: max

Fanout     Cap    Slew   Delay    Time   Description
-----------------------------------------------------------------------------
                  0.00    0.00    0.00   clock clk (rise edge)
                          0.00    0.00   clock network delay (ideal)
                          4.00    4.00 v input external delay
     1    0.01    0.00    0.00    4.00 v rst (in)
                                         rst (net)
                  0.00    0.00    4.00 v input1/I (gf180mcu_fd_sc_mcu9t5v0__clkbuf_4)
     1    0.11    0.20    0.20    4.20 v input1/Z (gf180mcu_fd_sc_mcu9t5v0__clkbuf_4)
                                         net1 (net)
                  0.20    0.00    4.20 v _04_/I (gf180mcu_fd_sc_mcu9t5v0__inv_16)
    37    0.55    0.27    0.22    4.43 ^ _04_/ZN (gf180mcu_fd_sc_mcu9t5v0__inv_16)
                                         _00_ (net)
                  0.27    0.00    4.43 ^ vl[4]$_DFF_PP1_/SETN (gf180mcu_fd_sc_mcu9t5v0__dffsnq_2)
                                  4.43   data arrival time

                  0.00   20.00   20.00   clock clk (rise edge)
                          0.00   20.00   clock network delay (ideal)
                          0.00   20.00   clock reconvergence pessimism
                                 20.00 ^ vl[4]$_DFF_PP1_/CLK (gf180mcu_fd_sc_mcu9t5v0__dffsnq_2)
                         -0.06   19.94   library recovery time
                                 19.94   data required time
-----------------------------------------------------------------------------
                                 19.94   data required time
                                 -4.43   data arrival time
-----------------------------------------------------------------------------
                                 15.52   slack (MET)


Startpoint: vxrm_wr_en (input port clocked by clk)
Endpoint: vxrm_data_out[0] (output port clocked by clk)
Path Group: clk
Path Type: max

Fanout     Cap    Slew   Delay    Time   Description
-----------------------------------------------------------------------------
                  0.00    0.00    0.00   clock clk (rise edge)
                          0.00    0.00   clock network delay (ideal)
                          4.00    4.00 v input external delay
     1    0.00    0.00    0.00    4.00 v vxrm_wr_en (in)
                                         vxrm_wr_en (net)
                  0.00    0.00    4.00 v input42/I (gf180mcu_fd_sc_mcu9t5v0__dlyb_2)
     2    0.03    0.25    0.77    4.77 v input42/Z (gf180mcu_fd_sc_mcu9t5v0__dlyb_2)
                                         net42 (net)
                  0.25    0.00    4.77 v _41_/S (gf180mcu_fd_sc_mcu9t5v0__mux2_2)
     3    0.01    0.09    0.24    5.01 v _41_/Z (gf180mcu_fd_sc_mcu9t5v0__mux2_2)
                                         net46 (net)
                  0.09    0.00    5.01 v _53_/I (gf180mcu_fd_sc_mcu9t5v0__dlyb_2)
     1    0.00    0.15    0.71    5.71 v _53_/Z (gf180mcu_fd_sc_mcu9t5v0__dlyb_2)
                                         net86 (net)
                  0.15    0.00    5.71 v output86/I (gf180mcu_fd_sc_mcu9t5v0__dlyb_2)
     1    0.00    0.14    0.72    6.43 v output86/Z (gf180mcu_fd_sc_mcu9t5v0__dlyb_2)
                                         vxrm_data_out[0] (net)
                  0.14    0.00    6.43 v vxrm_data_out[0] (out)
                                  6.43   data arrival time

                  0.00   20.00   20.00   clock clk (rise edge)
                          0.00   20.00   clock network delay (ideal)
                          0.00   20.00   clock reconvergence pessimism
                         -4.00   16.00   output external delay
                                 16.00   data required time
-----------------------------------------------------------------------------
                                 16.00   data required time
                                 -6.43   data arrival time
-----------------------------------------------------------------------------
                                  9.57   slack (MET)



==========================================================================
resizer report_check_types -max_slew -max_cap -max_fanout -violators
--------------------------------------------------------------------------

==========================================================================
resizer max_slew_check_slack
--------------------------------------------------------------------------
2.431669235229492

==========================================================================
resizer max_slew_check_limit
--------------------------------------------------------------------------
2.799999952316284

==========================================================================
resizer max_slew_check_slack_limit
--------------------------------------------------------------------------
0.8685

==========================================================================
resizer max_fanout_check_slack
--------------------------------------------------------------------------
1.0000000150474662e+30

==========================================================================
resizer max_fanout_check_limit
--------------------------------------------------------------------------
1.0000000150474662e+30

==========================================================================
resizer max_capacitance_check_slack
--------------------------------------------------------------------------
0.37400901317596436

==========================================================================
resizer max_capacitance_check_limit
--------------------------------------------------------------------------
0.3765000104904175

==========================================================================
resizer max_capacitance_check_slack_limit
--------------------------------------------------------------------------
0.9934

==========================================================================
resizer max_slew_violation_count
--------------------------------------------------------------------------
max slew violation count 0

==========================================================================
resizer max_fanout_violation_count
--------------------------------------------------------------------------
max fanout violation count 0

==========================================================================
resizer max_cap_violation_count
--------------------------------------------------------------------------
max cap violation count 0

==========================================================================
resizer setup_violation_count
--------------------------------------------------------------------------
setup violation count 0

==========================================================================
resizer hold_violation_count
--------------------------------------------------------------------------
hold violation count 0

==========================================================================
resizer report_checks -path_delay max reg to reg
--------------------------------------------------------------------------
Startpoint: vsstatus[2]$_DFF_PP0_
            (rising edge-triggered flip-flop clocked by clk)
Endpoint: vsstatus[2]$_DFF_PP0_ (rising edge-triggered flip-flop clocked by clk)
Path Group: clk
Path Type: max

  Delay    Time   Description
---------------------------------------------------------
   0.00    0.00   clock clk (rise edge)
   0.00    0.00   clock network delay (ideal)
   0.00    0.00 ^ vsstatus[2]$_DFF_PP0_/CLK (gf180mcu_fd_sc_mcu9t5v0__dffrnq_2)
   0.36    0.36 v vsstatus[2]$_DFF_PP0_/Q (gf180mcu_fd_sc_mcu9t5v0__dffrnq_2)
   0.44    0.80 v _16_/Z (gf180mcu_fd_sc_mcu9t5v0__mux2_4)
   0.00    0.80 v vsstatus[2]$_DFF_PP0_/D (gf180mcu_fd_sc_mcu9t5v0__dffrnq_2)
           0.80   data arrival time

  20.00   20.00   clock clk (rise edge)
   0.00   20.00   clock network delay (ideal)
   0.00   20.00   clock reconvergence pessimism
          20.00 ^ vsstatus[2]$_DFF_PP0_/CLK (gf180mcu_fd_sc_mcu9t5v0__dffrnq_2)
  -0.19   19.81   library setup time
          19.81   data required time
---------------------------------------------------------
          19.81   data required time
          -0.80   data arrival time
---------------------------------------------------------
          19.01   slack (MET)



==========================================================================
resizer report_checks -path_delay min reg to reg
--------------------------------------------------------------------------
Startpoint: vtype[3]$_DFF_PP0_ (rising edge-triggered flip-flop clocked by clk)
Endpoint: vtype[3]$_DFF_PP0_ (rising edge-triggered flip-flop clocked by clk)
Path Group: clk
Path Type: min

  Delay    Time   Description
---------------------------------------------------------
   0.00    0.00   clock clk (rise edge)
   0.00    0.00   clock network delay (ideal)
   0.00    0.00 ^ vtype[3]$_DFF_PP0_/CLK (gf180mcu_fd_sc_mcu9t5v0__dffrnq_2)
   0.35    0.35 v vtype[3]$_DFF_PP0_/Q (gf180mcu_fd_sc_mcu9t5v0__dffrnq_2)
   0.21    0.57 v _35_/Z (gf180mcu_fd_sc_mcu9t5v0__mux2_2)
   0.00    0.57 v vtype[3]$_DFF_PP0_/D (gf180mcu_fd_sc_mcu9t5v0__dffrnq_2)
           0.57   data arrival time

   0.00    0.00   clock clk (rise edge)
   0.00    0.00   clock network delay (ideal)
   0.00    0.00   clock reconvergence pessimism
           0.00 ^ vtype[3]$_DFF_PP0_/CLK (gf180mcu_fd_sc_mcu9t5v0__dffrnq_2)
   0.03    0.03   library hold time
           0.03   data required time
---------------------------------------------------------
           0.03   data required time
          -0.57   data arrival time
---------------------------------------------------------
           0.53   slack (MET)



==========================================================================
resizer critical path target clock latency max path
--------------------------------------------------------------------------
0.0000

==========================================================================
resizer critical path target clock latency min path
--------------------------------------------------------------------------
0.0000

==========================================================================
resizer critical path source clock latency min path
--------------------------------------------------------------------------
0.0000

==========================================================================
resizer critical path delay
--------------------------------------------------------------------------
6.4285

==========================================================================
resizer critical path slack
--------------------------------------------------------------------------
9.5715

==========================================================================
resizer slack div critical path delay
--------------------------------------------------------------------------
148.891654

==========================================================================
resizer report_power
--------------------------------------------------------------------------
Group                  Internal  Switching    Leakage      Total
                          Power      Power      Power      Power (Watts)
----------------------------------------------------------------
Sequential             2.29e-03   4.27e-05   2.24e-08   2.34e-03  62.1%
Combinational          1.15e-03   2.74e-04   3.22e-08   1.43e-03  37.9%
Clock                  0.00e+00   0.00e+00   1.33e-07   1.33e-07   0.0%
Macro                  0.00e+00   0.00e+00   0.00e+00   0.00e+00   0.0%
Pad                    0.00e+00   0.00e+00   0.00e+00   0.00e+00   0.0%
----------------------------------------------------------------
Total                  3.45e-03   3.17e-04   1.87e-07   3.77e-03 100.0%
                          91.6%       8.4%       0.0%
