
==========================================================================
global route report_tns
--------------------------------------------------------------------------
tns 0.00

==========================================================================
global route report_wns
--------------------------------------------------------------------------
wns 0.00

==========================================================================
global route report_worst_slack
--------------------------------------------------------------------------
worst slack 2638.70

==========================================================================
global route report_clock_skew
--------------------------------------------------------------------------
Clock clk
No launch/capture paths found.


==========================================================================
global route report_checks -path_delay min
--------------------------------------------------------------------------
Startpoint: src_data[80] (input port clocked by clk)
Endpoint: result[80] (output port clocked by clk)
Path Group: clk
Path Type: min

Fanout     Cap    Slew   Delay    Time   Description
-----------------------------------------------------------------------------
                  0.00    0.00    0.00   clock clk (rise edge)
                          0.00    0.00   clock network delay (ideal)
                       1000.00 1000.00 ^ input external delay
     1    0.61    0.00    0.00 1000.00 ^ src_data[80] (in)
                                         src_data[80] (net)
                  0.12    0.04 1000.04 ^ input113/A (BUFx2_ASAP7_75t_R)
     5    2.53   10.81   13.00 1013.03 ^ input113/Y (BUFx2_ASAP7_75t_R)
                                         net113 (net)
                 10.81    0.08 1013.12 ^ _745_/A1 (AO22x1_ASAP7_75t_R)
     1    0.48    6.90   15.40 1028.51 ^ _745_/Y (AO22x1_ASAP7_75t_R)
                                         net241 (net)
                  6.90    0.02 1028.53 ^ output241/A (BUFx2_ASAP7_75t_R)
     1    0.19    4.08   11.41 1039.94 ^ output241/Y (BUFx2_ASAP7_75t_R)
                                         result[80] (net)
                  4.08    0.01 1039.95 ^ result[80] (out)
                               1039.95   data arrival time

                  0.00    0.00    0.00   clock clk (rise edge)
                          0.00    0.00   clock network delay (ideal)
                          0.00    0.00   clock reconvergence pessimism
                       -1000.00 -1000.00   output external delay
                               -1000.00   data required time
-----------------------------------------------------------------------------
                               -1000.00   data required time
                               -1039.95   data arrival time
-----------------------------------------------------------------------------
                               2039.95   slack (MET)



==========================================================================
global route report_checks -path_delay max
--------------------------------------------------------------------------
Startpoint: invert (input port clocked by clk)
Endpoint: result[86] (output port clocked by clk)
Path Group: clk
Path Type: max

Fanout     Cap    Slew   Delay    Time   Description
-----------------------------------------------------------------------------
                  0.00    0.00    0.00   clock clk (rise edge)
                          0.00    0.00   clock network delay (ideal)
                       1000.00 1000.00 v input external delay
     1    2.76    0.00    0.00 1000.00 v invert (in)
                                         invert (net)
                  0.63    0.20 1000.20 v input1/A (BUFx16f_ASAP7_75t_R)
   129   81.58   37.56   17.44 1017.63 v input1/Y (BUFx16f_ASAP7_75t_R)
                                         net1 (net)
                105.84   32.41 1050.04 v _352_/B (NAND2x2_ASAP7_75t_R)
    52   32.14  136.78   87.47 1137.52 ^ _352_/Y (NAND2x2_ASAP7_75t_R)
                                         _010_ (net)
                138.88    9.43 1146.94 ^ load_slew1/A (BUFx16f_ASAP7_75t_R)
    77   46.44   31.15   37.09 1184.03 ^ load_slew1/Y (BUFx16f_ASAP7_75t_R)
                                         net283 (net)
                 49.73   12.74 1196.77 ^ _766_/A2 (AO22x2_ASAP7_75t_R)
     1   22.88   79.66   41.53 1238.30 ^ _766_/Y (AO22x2_ASAP7_75t_R)
                                         net247 (net)
                147.77   42.19 1280.49 ^ wire264/A (BUFx16f_ASAP7_75t_R)
     1   18.50   12.71   33.24 1313.72 ^ wire264/Y (BUFx16f_ASAP7_75t_R)
                                         net264 (net)
                 77.80   24.26 1337.98 ^ output247/A (BUFx2_ASAP7_75t_R)
     1    0.26    6.82   23.30 1361.28 ^ output247/Y (BUFx2_ASAP7_75t_R)
                                         result[86] (net)
                  6.82    0.02 1361.30 ^ result[86] (out)
                               1361.30   data arrival time

                  0.00 5000.00 5000.00   clock clk (rise edge)
                          0.00 5000.00   clock network delay (ideal)
                          0.00 5000.00   clock reconvergence pessimism
                       -1000.00 4000.00   output external delay
                               4000.00   data required time
-----------------------------------------------------------------------------
                               4000.00   data required time
                               -1361.30   data arrival time
-----------------------------------------------------------------------------
                               2638.70   slack (MET)



==========================================================================
global route report_checks -unconstrained
--------------------------------------------------------------------------
Startpoint: invert (input port clocked by clk)
Endpoint: result[86] (output port clocked by clk)
Path Group: clk
Path Type: max

Fanout     Cap    Slew   Delay    Time   Description
-----------------------------------------------------------------------------
                  0.00    0.00    0.00   clock clk (rise edge)
                          0.00    0.00   clock network delay (ideal)
                       1000.00 1000.00 v input external delay
     1    2.76    0.00    0.00 1000.00 v invert (in)
                                         invert (net)
                  0.63    0.20 1000.20 v input1/A (BUFx16f_ASAP7_75t_R)
   129   81.58   37.56   17.44 1017.63 v input1/Y (BUFx16f_ASAP7_75t_R)
                                         net1 (net)
                105.84   32.41 1050.04 v _352_/B (NAND2x2_ASAP7_75t_R)
    52   32.14  136.78   87.47 1137.52 ^ _352_/Y (NAND2x2_ASAP7_75t_R)
                                         _010_ (net)
                138.88    9.43 1146.94 ^ load_slew1/A (BUFx16f_ASAP7_75t_R)
    77   46.44   31.15   37.09 1184.03 ^ load_slew1/Y (BUFx16f_ASAP7_75t_R)
                                         net283 (net)
                 49.73   12.74 1196.77 ^ _766_/A2 (AO22x2_ASAP7_75t_R)
     1   22.88   79.66   41.53 1238.30 ^ _766_/Y (AO22x2_ASAP7_75t_R)
                                         net247 (net)
                147.77   42.19 1280.49 ^ wire264/A (BUFx16f_ASAP7_75t_R)
     1   18.50   12.71   33.24 1313.72 ^ wire264/Y (BUFx16f_ASAP7_75t_R)
                                         net264 (net)
                 77.80   24.26 1337.98 ^ output247/A (BUFx2_ASAP7_75t_R)
     1    0.26    6.82   23.30 1361.28 ^ output247/Y (BUFx2_ASAP7_75t_R)
                                         result[86] (net)
                  6.82    0.02 1361.30 ^ result[86] (out)
                               1361.30   data arrival time

                  0.00 5000.00 5000.00   clock clk (rise edge)
                          0.00 5000.00   clock network delay (ideal)
                          0.00 5000.00   clock reconvergence pessimism
                       -1000.00 4000.00   output external delay
                               4000.00   data required time
-----------------------------------------------------------------------------
                               4000.00   data required time
                               -1361.30   data arrival time
-----------------------------------------------------------------------------
                               2638.70   slack (MET)



==========================================================================
global route report_check_types -max_slew -max_cap -max_fanout -violators
--------------------------------------------------------------------------

==========================================================================
global route max_slew_check_slack
--------------------------------------------------------------------------
162.8408966064453

==========================================================================
global route max_slew_check_limit
--------------------------------------------------------------------------
320.0

==========================================================================
global route max_slew_check_slack_limit
--------------------------------------------------------------------------
0.5089

==========================================================================
global route max_fanout_check_slack
--------------------------------------------------------------------------
1.0000000150474662e+30

==========================================================================
global route max_fanout_check_limit
--------------------------------------------------------------------------
1.0000000150474662e+30

==========================================================================
global route max_capacitance_check_slack
--------------------------------------------------------------------------
43.64091110229492

==========================================================================
global route max_capacitance_check_limit
--------------------------------------------------------------------------
46.08000183105469

==========================================================================
global route max_capacitance_check_slack_limit
--------------------------------------------------------------------------
0.9471

==========================================================================
global route max_slew_violation_count
--------------------------------------------------------------------------
max slew violation count 0

==========================================================================
global route max_fanout_violation_count
--------------------------------------------------------------------------
max fanout violation count 0

==========================================================================
global route max_cap_violation_count
--------------------------------------------------------------------------
max cap violation count 0

==========================================================================
global route setup_violation_count
--------------------------------------------------------------------------
setup violation count 0

==========================================================================
global route hold_violation_count
--------------------------------------------------------------------------
hold violation count 0

==========================================================================
global route critical path delay
--------------------------------------------------------------------------
1361.2987

==========================================================================
global route critical path slack
--------------------------------------------------------------------------
2638.7012

==========================================================================
global route slack div critical path delay
--------------------------------------------------------------------------
193.837047

==========================================================================
global route report_power
--------------------------------------------------------------------------
Group                  Internal  Switching    Leakage      Total
                          Power      Power      Power      Power (Watts)
----------------------------------------------------------------
Sequential             0.00e+00   0.00e+00   0.00e+00   0.00e+00   0.0%
Combinational          1.54e-05   1.63e-05   3.76e-08   3.17e-05 100.0%
Clock                  0.00e+00   0.00e+00   0.00e+00   0.00e+00   0.0%
Macro                  0.00e+00   0.00e+00   0.00e+00   0.00e+00   0.0%
Pad                    0.00e+00   0.00e+00   0.00e+00   0.00e+00   0.0%
----------------------------------------------------------------
Total                  1.54e-05   1.63e-05   3.76e-08   3.17e-05 100.0%
                          48.5%      51.4%       0.1%
