
==========================================================================
resizer report_tns
--------------------------------------------------------------------------
tns 0.00

==========================================================================
resizer report_wns
--------------------------------------------------------------------------
wns 0.00

==========================================================================
resizer report_worst_slack
--------------------------------------------------------------------------
worst slack 7.34

==========================================================================
resizer report_checks -path_delay min
--------------------------------------------------------------------------
Startpoint: src[38] (input port clocked by clk)
Endpoint: result[6] (output port clocked by clk)
Path Group: clk
Path Type: min

Fanout     Cap    Slew   Delay    Time   Description
-----------------------------------------------------------------------------
                  0.00    0.00    0.00   clock clk (rise edge)
                          0.00    0.00   clock network delay (ideal)
                          3.00    3.00 ^ input external delay
     1    1.07    0.00    0.00    3.00 ^ src[38] (in)
                                         src[38] (net)
                  0.00    0.00    3.00 ^ input13/A (BUF_X1)
     1    1.19    0.01    0.02    3.02 ^ input13/Z (BUF_X1)
                                         net13 (net)
                  0.01    0.00    3.02 ^ _684_/A1 (AND2_X1)
     1    1.21    0.01    0.03    3.04 ^ _684_/ZN (AND2_X1)
                                         net169 (net)
                  0.01    0.00    3.04 ^ output169/A (BUF_X1)
     1    0.08    0.00    0.02    3.06 ^ output169/Z (BUF_X1)
                                         result[6] (net)
                  0.00    0.00    3.06 ^ result[6] (out)
                                  3.06   data arrival time

                  0.00    0.00    0.00   clock clk (rise edge)
                          0.00    0.00   clock network delay (ideal)
                          0.00    0.00   clock reconvergence pessimism
                         -3.00   -3.00   output external delay
                                 -3.00   data required time
-----------------------------------------------------------------------------
                                 -3.00   data required time
                                 -3.06   data arrival time
-----------------------------------------------------------------------------
                                  6.06   slack (MET)



==========================================================================
resizer report_checks -path_delay max
--------------------------------------------------------------------------
Startpoint: src[77] (input port clocked by clk)
Endpoint: result[77] (output port clocked by clk)
Path Group: clk
Path Type: max

Fanout     Cap    Slew   Delay    Time   Description
-----------------------------------------------------------------------------
                  0.00    0.00    0.00   clock clk (rise edge)
                          0.00    0.00   clock network delay (ideal)
                          3.00    3.00 v input external delay
     1   23.77    0.00    0.00    3.00 v src[77] (in)
                                         src[77] (net)
                  0.00    0.00    3.00 v input52/A (BUF_X32)
     1   43.97    0.00    0.02    3.02 v input52/Z (BUF_X32)
                                         net52 (net)
                  0.03    0.03    3.05 v wire279/A (BUF_X8)
     1   45.43    0.01    0.04    3.09 v wire279/Z (BUF_X8)
                                         net279 (net)
                  0.04    0.03    3.11 v wire278/A (BUF_X16)
     1   77.39    0.01    0.04    3.15 v wire278/Z (BUF_X16)
                                         net278 (net)
                  0.10    0.08    3.23 v wire277/A (BUF_X32)
     1   77.13    0.01    0.05    3.28 v wire277/Z (BUF_X32)
                                         net277 (net)
                  0.09    0.08    3.36 v wire276/A (BUF_X32)
     1   77.13    0.01    0.05    3.41 v wire276/Z (BUF_X32)
                                         net276 (net)
                  0.09    0.08    3.49 v wire275/A (BUF_X32)
     1   77.13    0.01    0.05    3.54 v wire275/Z (BUF_X32)
                                         net275 (net)
                  0.09    0.08    3.62 v wire274/A (BUF_X32)
     4   67.34    0.01    0.05    3.67 v wire274/Z (BUF_X32)
                                         net274 (net)
                  0.07    0.06    3.73 v _719_/A2 (AOI22_X2)
     1    3.98    0.03    0.07    3.80 ^ _719_/ZN (AOI22_X2)
                                         _287_ (net)
                  0.03    0.00    3.80 ^ _720_/A2 (NOR2_X1)
     1    4.82    0.01    0.02    3.82 v _720_/ZN (NOR2_X1)
                                         _288_ (net)
                  0.01    0.00    3.82 v _721_/A (AOI21_X2)
     1    8.07    0.04    0.05    3.87 ^ _721_/ZN (AOI21_X2)
                                         _289_ (net)
                  0.04    0.00    3.87 ^ _722_/B1 (OAI21_X4)
     1   41.56    0.04    0.04    3.91 v _722_/ZN (OAI21_X4)
                                         net177 (net)
                  0.05    0.03    3.94 v wire208/A (BUF_X8)
     1   43.43    0.01    0.04    3.98 v wire208/Z (BUF_X8)
                                         net208 (net)
                  0.03    0.03    4.01 v wire207/A (BUF_X16)
     1   77.75    0.01    0.04    4.05 v wire207/Z (BUF_X16)
                                         net207 (net)
                  0.10    0.08    4.12 v wire206/A (BUF_X32)
     1   78.02    0.01    0.05    4.18 v wire206/Z (BUF_X32)
                                         net206 (net)
                  0.10    0.08    4.26 v wire205/A (BUF_X32)
     1   78.02    0.01    0.05    4.31 v wire205/Z (BUF_X32)
                                         net205 (net)
                  0.10    0.08    4.39 v wire204/A (BUF_X32)
     1   78.02    0.01    0.05    4.44 v wire204/Z (BUF_X32)
                                         net204 (net)
                  0.10    0.08    4.52 v wire203/A (BUF_X32)
     1   55.38    0.01    0.05    4.57 v wire203/Z (BUF_X32)
                                         net203 (net)
                  0.05    0.04    4.62 v output177/A (BUF_X1)
     1    0.11    0.01    0.04    4.66 v output177/Z (BUF_X1)
                                         result[77] (net)
                  0.01    0.00    4.66 v result[77] (out)
                                  4.66   data arrival time

                  0.00   15.00   15.00   clock clk (rise edge)
                          0.00   15.00   clock network delay (ideal)
                          0.00   15.00   clock reconvergence pessimism
                         -3.00   12.00   output external delay
                                 12.00   data required time
-----------------------------------------------------------------------------
                                 12.00   data required time
                                 -4.66   data arrival time
-----------------------------------------------------------------------------
                                  7.34   slack (MET)



==========================================================================
resizer report_checks -unconstrained
--------------------------------------------------------------------------
Startpoint: src[77] (input port clocked by clk)
Endpoint: result[77] (output port clocked by clk)
Path Group: clk
Path Type: max

Fanout     Cap    Slew   Delay    Time   Description
-----------------------------------------------------------------------------
                  0.00    0.00    0.00   clock clk (rise edge)
                          0.00    0.00   clock network delay (ideal)
                          3.00    3.00 v input external delay
     1   23.77    0.00    0.00    3.00 v src[77] (in)
                                         src[77] (net)
                  0.00    0.00    3.00 v input52/A (BUF_X32)
     1   43.97    0.00    0.02    3.02 v input52/Z (BUF_X32)
                                         net52 (net)
                  0.03    0.03    3.05 v wire279/A (BUF_X8)
     1   45.43    0.01    0.04    3.09 v wire279/Z (BUF_X8)
                                         net279 (net)
                  0.04    0.03    3.11 v wire278/A (BUF_X16)
     1   77.39    0.01    0.04    3.15 v wire278/Z (BUF_X16)
                                         net278 (net)
                  0.10    0.08    3.23 v wire277/A (BUF_X32)
     1   77.13    0.01    0.05    3.28 v wire277/Z (BUF_X32)
                                         net277 (net)
                  0.09    0.08    3.36 v wire276/A (BUF_X32)
     1   77.13    0.01    0.05    3.41 v wire276/Z (BUF_X32)
                                         net276 (net)
                  0.09    0.08    3.49 v wire275/A (BUF_X32)
     1   77.13    0.01    0.05    3.54 v wire275/Z (BUF_X32)
                                         net275 (net)
                  0.09    0.08    3.62 v wire274/A (BUF_X32)
     4   67.34    0.01    0.05    3.67 v wire274/Z (BUF_X32)
                                         net274 (net)
                  0.07    0.06    3.73 v _719_/A2 (AOI22_X2)
     1    3.98    0.03    0.07    3.80 ^ _719_/ZN (AOI22_X2)
                                         _287_ (net)
                  0.03    0.00    3.80 ^ _720_/A2 (NOR2_X1)
     1    4.82    0.01    0.02    3.82 v _720_/ZN (NOR2_X1)
                                         _288_ (net)
                  0.01    0.00    3.82 v _721_/A (AOI21_X2)
     1    8.07    0.04    0.05    3.87 ^ _721_/ZN (AOI21_X2)
                                         _289_ (net)
                  0.04    0.00    3.87 ^ _722_/B1 (OAI21_X4)
     1   41.56    0.04    0.04    3.91 v _722_/ZN (OAI21_X4)
                                         net177 (net)
                  0.05    0.03    3.94 v wire208/A (BUF_X8)
     1   43.43    0.01    0.04    3.98 v wire208/Z (BUF_X8)
                                         net208 (net)
                  0.03    0.03    4.01 v wire207/A (BUF_X16)
     1   77.75    0.01    0.04    4.05 v wire207/Z (BUF_X16)
                                         net207 (net)
                  0.10    0.08    4.12 v wire206/A (BUF_X32)
     1   78.02    0.01    0.05    4.18 v wire206/Z (BUF_X32)
                                         net206 (net)
                  0.10    0.08    4.26 v wire205/A (BUF_X32)
     1   78.02    0.01    0.05    4.31 v wire205/Z (BUF_X32)
                                         net205 (net)
                  0.10    0.08    4.39 v wire204/A (BUF_X32)
     1   78.02    0.01    0.05    4.44 v wire204/Z (BUF_X32)
                                         net204 (net)
                  0.10    0.08    4.52 v wire203/A (BUF_X32)
     1   55.38    0.01    0.05    4.57 v wire203/Z (BUF_X32)
                                         net203 (net)
                  0.05    0.04    4.62 v output177/A (BUF_X1)
     1    0.11    0.01    0.04    4.66 v output177/Z (BUF_X1)
                                         result[77] (net)
                  0.01    0.00    4.66 v result[77] (out)
                                  4.66   data arrival time

                  0.00   15.00   15.00   clock clk (rise edge)
                          0.00   15.00   clock network delay (ideal)
                          0.00   15.00   clock reconvergence pessimism
                         -3.00   12.00   output external delay
                                 12.00   data required time
-----------------------------------------------------------------------------
                                 12.00   data required time
                                 -4.66   data arrival time
-----------------------------------------------------------------------------
                                  7.34   slack (MET)



==========================================================================
resizer report_check_types -max_slew -max_cap -max_fanout -violators
--------------------------------------------------------------------------

==========================================================================
resizer max_slew_check_slack
--------------------------------------------------------------------------
0.09624054282903671

==========================================================================
resizer max_slew_check_limit
--------------------------------------------------------------------------
0.1985349953174591

==========================================================================
resizer max_slew_check_slack_limit
--------------------------------------------------------------------------
0.4848

==========================================================================
resizer max_fanout_check_slack
--------------------------------------------------------------------------
1.0000000150474662e+30

==========================================================================
resizer max_fanout_check_limit
--------------------------------------------------------------------------
1.0000000150474662e+30

==========================================================================
resizer max_capacitance_check_slack
--------------------------------------------------------------------------
9.229860305786133

==========================================================================
resizer max_capacitance_check_limit
--------------------------------------------------------------------------
63.32400131225586

==========================================================================
resizer max_capacitance_check_slack_limit
--------------------------------------------------------------------------
0.1458

==========================================================================
resizer max_slew_violation_count
--------------------------------------------------------------------------
max slew violation count 0

==========================================================================
resizer max_fanout_violation_count
--------------------------------------------------------------------------
max fanout violation count 0

==========================================================================
resizer max_cap_violation_count
--------------------------------------------------------------------------
max cap violation count 0

==========================================================================
resizer setup_violation_count
--------------------------------------------------------------------------
setup violation count 0

==========================================================================
resizer hold_violation_count
--------------------------------------------------------------------------
hold violation count 0

==========================================================================
resizer critical path delay
--------------------------------------------------------------------------
4.6586

==========================================================================
resizer critical path slack
--------------------------------------------------------------------------
7.3414

==========================================================================
resizer slack div critical path delay
--------------------------------------------------------------------------
157.588117

==========================================================================
resizer report_power
--------------------------------------------------------------------------
Group                  Internal  Switching    Leakage      Total
                          Power      Power      Power      Power (Watts)
----------------------------------------------------------------
Sequential             0.00e+00   0.00e+00   0.00e+00   0.00e+00   0.0%
Combinational          7.81e-05   6.05e-05   6.33e-05   2.02e-04 100.0%
Clock                  0.00e+00   0.00e+00   0.00e+00   0.00e+00   0.0%
Macro                  0.00e+00   0.00e+00   0.00e+00   0.00e+00   0.0%
Pad                    0.00e+00   0.00e+00   0.00e+00   0.00e+00   0.0%
----------------------------------------------------------------
Total                  7.81e-05   6.05e-05   6.33e-05   2.02e-04 100.0%
                          38.7%      30.0%      31.3%
