
==========================================================================
finish report_tns
--------------------------------------------------------------------------
tns 0.00

==========================================================================
finish report_wns
--------------------------------------------------------------------------
wns 0.00

==========================================================================
finish report_worst_slack
--------------------------------------------------------------------------
worst slack 7.45

==========================================================================
finish report_clock_skew
--------------------------------------------------------------------------
Clock clk
No launch/capture paths found.


==========================================================================
finish report_checks -path_delay min
--------------------------------------------------------------------------
Startpoint: src[38] (input port clocked by clk)
Endpoint: result[6] (output port clocked by clk)
Path Group: clk
Path Type: min

Fanout     Cap    Slew   Delay    Time   Description
-----------------------------------------------------------------------------
                  0.00    0.00    0.00   clock clk (rise edge)
                          0.00    0.00   clock network delay (ideal)
                          3.00    3.00 ^ input external delay
     1    1.55    0.00    0.00    3.00 ^ src[38] (in)
                                         src[38] (net)
                  0.00    0.00    3.00 ^ input13/A (BUF_X1)
     1    1.24    0.01    0.02    3.02 ^ input13/Z (BUF_X1)
                                         net13 (net)
                  0.01    0.00    3.02 ^ _684_/A1 (AND2_X1)
     1    1.40    0.01    0.03    3.05 ^ _684_/ZN (AND2_X1)
                                         net169 (net)
                  0.01    0.00    3.05 ^ output169/A (BUF_X1)
     1    0.06    0.00    0.02    3.06 ^ output169/Z (BUF_X1)
                                         result[6] (net)
                  0.00    0.00    3.06 ^ result[6] (out)
                                  3.06   data arrival time

                  0.00    0.00    0.00   clock clk (rise edge)
                          0.00    0.00   clock network delay (ideal)
                          0.00    0.00   clock reconvergence pessimism
                         -3.00   -3.00   output external delay
                                 -3.00   data required time
-----------------------------------------------------------------------------
                                 -3.00   data required time
                                 -3.06   data arrival time
-----------------------------------------------------------------------------
                                  6.06   slack (MET)



==========================================================================
finish report_checks -path_delay max
--------------------------------------------------------------------------
Startpoint: src[77] (input port clocked by clk)
Endpoint: result[77] (output port clocked by clk)
Path Group: clk
Path Type: max

Fanout     Cap    Slew   Delay    Time   Description
-----------------------------------------------------------------------------
                  0.00    0.00    0.00   clock clk (rise edge)
                          0.00    0.00   clock network delay (ideal)
                          3.00    3.00 v input external delay
     1   23.88    0.00    0.00    3.00 v src[77] (in)
                                         src[77] (net)
                  0.00    0.00    3.00 v input52/A (BUF_X32)
     1   34.72    0.00    0.02    3.02 v input52/Z (BUF_X32)
                                         net52 (net)
                  0.03    0.02    3.04 v wire279/A (BUF_X8)
     1   36.86    0.01    0.03    3.08 v wire279/Z (BUF_X8)
                                         net279 (net)
                  0.03    0.02    3.10 v wire278/A (BUF_X16)
     1   64.37    0.01    0.03    3.13 v wire278/Z (BUF_X16)
                                         net278 (net)
                  0.08    0.07    3.20 v wire277/A (BUF_X32)
     1   64.52    0.01    0.05    3.25 v wire277/Z (BUF_X32)
                                         net277 (net)
                  0.08    0.07    3.32 v wire276/A (BUF_X32)
     1   64.42    0.01    0.05    3.37 v wire276/Z (BUF_X32)
                                         net276 (net)
                  0.08    0.07    3.43 v wire275/A (BUF_X32)
     1   64.42    0.01    0.05    3.48 v wire275/Z (BUF_X32)
                                         net275 (net)
                  0.08    0.07    3.55 v wire274/A (BUF_X32)
     4   57.06    0.01    0.05    3.60 v wire274/Z (BUF_X32)
                                         net274 (net)
                  0.07    0.06    3.65 v _719_/A2 (AOI22_X2)
     1    1.84    0.03    0.06    3.71 ^ _719_/ZN (AOI22_X2)
                                         _287_ (net)
                  0.03    0.00    3.71 ^ _720_/A2 (NOR2_X1)
     1    7.21    0.01    0.02    3.74 v _720_/ZN (NOR2_X1)
                                         _288_ (net)
                  0.01    0.00    3.74 v _721_/A (AOI21_X2)
     1    6.72    0.04    0.05    3.79 ^ _721_/ZN (AOI21_X2)
                                         _289_ (net)
                  0.04    0.00    3.79 ^ _722_/B1 (OAI21_X4)
     1   34.29    0.03    0.03    3.81 v _722_/ZN (OAI21_X4)
                                         net177 (net)
                  0.05    0.03    3.84 v wire208/A (BUF_X8)
     1   43.29    0.01    0.04    3.88 v wire208/Z (BUF_X8)
                                         net208 (net)
                  0.04    0.03    3.91 v wire207/A (BUF_X16)
     1   82.69    0.01    0.04    3.95 v wire207/Z (BUF_X16)
                                         net207 (net)
                  0.11    0.09    4.04 v wire206/A (BUF_X32)
     1   78.19    0.01    0.06    4.10 v wire206/Z (BUF_X32)
                                         net206 (net)
                  0.10    0.08    4.18 v wire205/A (BUF_X32)
     1   64.67    0.01    0.05    4.23 v wire205/Z (BUF_X32)
                                         net205 (net)
                  0.09    0.07    4.30 v wire204/A (BUF_X32)
     1   64.83    0.01    0.05    4.35 v wire204/Z (BUF_X32)
                                         net204 (net)
                  0.09    0.07    4.42 v wire203/A (BUF_X32)
     1   42.16    0.01    0.05    4.47 v wire203/Z (BUF_X32)
                                         net203 (net)
                  0.04    0.04    4.51 v output177/A (BUF_X1)
     1    0.06    0.01    0.04    4.55 v output177/Z (BUF_X1)
                                         result[77] (net)
                  0.01    0.00    4.55 v result[77] (out)
                                  4.55   data arrival time

                  0.00   15.00   15.00   clock clk (rise edge)
                          0.00   15.00   clock network delay (ideal)
                          0.00   15.00   clock reconvergence pessimism
                         -3.00   12.00   output external delay
                                 12.00   data required time
-----------------------------------------------------------------------------
                                 12.00   data required time
                                 -4.55   data arrival time
-----------------------------------------------------------------------------
                                  7.45   slack (MET)



==========================================================================
finish report_checks -unconstrained
--------------------------------------------------------------------------
Startpoint: src[77] (input port clocked by clk)
Endpoint: result[77] (output port clocked by clk)
Path Group: clk
Path Type: max

Fanout     Cap    Slew   Delay    Time   Description
-----------------------------------------------------------------------------
                  0.00    0.00    0.00   clock clk (rise edge)
                          0.00    0.00   clock network delay (ideal)
                          3.00    3.00 v input external delay
     1   23.88    0.00    0.00    3.00 v src[77] (in)
                                         src[77] (net)
                  0.00    0.00    3.00 v input52/A (BUF_X32)
     1   34.72    0.00    0.02    3.02 v input52/Z (BUF_X32)
                                         net52 (net)
                  0.03    0.02    3.04 v wire279/A (BUF_X8)
     1   36.86    0.01    0.03    3.08 v wire279/Z (BUF_X8)
                                         net279 (net)
                  0.03    0.02    3.10 v wire278/A (BUF_X16)
     1   64.37    0.01    0.03    3.13 v wire278/Z (BUF_X16)
                                         net278 (net)
                  0.08    0.07    3.20 v wire277/A (BUF_X32)
     1   64.52    0.01    0.05    3.25 v wire277/Z (BUF_X32)
                                         net277 (net)
                  0.08    0.07    3.32 v wire276/A (BUF_X32)
     1   64.42    0.01    0.05    3.37 v wire276/Z (BUF_X32)
                                         net276 (net)
                  0.08    0.07    3.43 v wire275/A (BUF_X32)
     1   64.42    0.01    0.05    3.48 v wire275/Z (BUF_X32)
                                         net275 (net)
                  0.08    0.07    3.55 v wire274/A (BUF_X32)
     4   57.06    0.01    0.05    3.60 v wire274/Z (BUF_X32)
                                         net274 (net)
                  0.07    0.06    3.65 v _719_/A2 (AOI22_X2)
     1    1.84    0.03    0.06    3.71 ^ _719_/ZN (AOI22_X2)
                                         _287_ (net)
                  0.03    0.00    3.71 ^ _720_/A2 (NOR2_X1)
     1    7.21    0.01    0.02    3.74 v _720_/ZN (NOR2_X1)
                                         _288_ (net)
                  0.01    0.00    3.74 v _721_/A (AOI21_X2)
     1    6.72    0.04    0.05    3.79 ^ _721_/ZN (AOI21_X2)
                                         _289_ (net)
                  0.04    0.00    3.79 ^ _722_/B1 (OAI21_X4)
     1   34.29    0.03    0.03    3.81 v _722_/ZN (OAI21_X4)
                                         net177 (net)
                  0.05    0.03    3.84 v wire208/A (BUF_X8)
     1   43.29    0.01    0.04    3.88 v wire208/Z (BUF_X8)
                                         net208 (net)
                  0.04    0.03    3.91 v wire207/A (BUF_X16)
     1   82.69    0.01    0.04    3.95 v wire207/Z (BUF_X16)
                                         net207 (net)
                  0.11    0.09    4.04 v wire206/A (BUF_X32)
     1   78.19    0.01    0.06    4.10 v wire206/Z (BUF_X32)
                                         net206 (net)
                  0.10    0.08    4.18 v wire205/A (BUF_X32)
     1   64.67    0.01    0.05    4.23 v wire205/Z (BUF_X32)
                                         net205 (net)
                  0.09    0.07    4.30 v wire204/A (BUF_X32)
     1   64.83    0.01    0.05    4.35 v wire204/Z (BUF_X32)
                                         net204 (net)
                  0.09    0.07    4.42 v wire203/A (BUF_X32)
     1   42.16    0.01    0.05    4.47 v wire203/Z (BUF_X32)
                                         net203 (net)
                  0.04    0.04    4.51 v output177/A (BUF_X1)
     1    0.06    0.01    0.04    4.55 v output177/Z (BUF_X1)
                                         result[77] (net)
                  0.01    0.00    4.55 v result[77] (out)
                                  4.55   data arrival time

                  0.00   15.00   15.00   clock clk (rise edge)
                          0.00   15.00   clock network delay (ideal)
                          0.00   15.00   clock reconvergence pessimism
                         -3.00   12.00   output external delay
                                 12.00   data required time
-----------------------------------------------------------------------------
                                 12.00   data required time
                                 -4.55   data arrival time
-----------------------------------------------------------------------------
                                  7.45   slack (MET)



==========================================================================
finish report_check_types -max_slew -max_cap -max_fanout -violators
--------------------------------------------------------------------------

==========================================================================
finish max_slew_check_slack
--------------------------------------------------------------------------
0.10741902142763138

==========================================================================
finish max_slew_check_limit
--------------------------------------------------------------------------
0.1985349953174591

==========================================================================
finish max_slew_check_slack_limit
--------------------------------------------------------------------------
0.5411

==========================================================================
finish max_fanout_check_slack
--------------------------------------------------------------------------
1.0000000150474662e+30

==========================================================================
finish max_fanout_check_limit
--------------------------------------------------------------------------
1.0000000150474662e+30

==========================================================================
finish max_capacitance_check_slack
--------------------------------------------------------------------------
17.065336227416992

==========================================================================
finish max_capacitance_check_limit
--------------------------------------------------------------------------
63.32400131225586

==========================================================================
finish max_capacitance_check_slack_limit
--------------------------------------------------------------------------
0.2695

==========================================================================
finish max_slew_violation_count
--------------------------------------------------------------------------
max slew violation count 0

==========================================================================
finish max_fanout_violation_count
--------------------------------------------------------------------------
max fanout violation count 0

==========================================================================
finish max_cap_violation_count
--------------------------------------------------------------------------
max cap violation count 0

==========================================================================
finish setup_violation_count
--------------------------------------------------------------------------
setup violation count 0

==========================================================================
finish hold_violation_count
--------------------------------------------------------------------------
hold violation count 0

==========================================================================
finish critical path delay
--------------------------------------------------------------------------
4.5469

==========================================================================
finish critical path slack
--------------------------------------------------------------------------
7.4531

==========================================================================
finish slack div critical path delay
--------------------------------------------------------------------------
163.916075

==========================================================================
finish report_power
--------------------------------------------------------------------------
Group                  Internal  Switching    Leakage      Total
                          Power      Power      Power      Power (Watts)
----------------------------------------------------------------
Sequential             0.00e+00   0.00e+00   0.00e+00   0.00e+00   0.0%
Combinational          7.72e-05   5.70e-05   6.33e-05   1.98e-04 100.0%
Clock                  0.00e+00   0.00e+00   0.00e+00   0.00e+00   0.0%
Macro                  0.00e+00   0.00e+00   0.00e+00   0.00e+00   0.0%
Pad                    0.00e+00   0.00e+00   0.00e+00   0.00e+00   0.0%
----------------------------------------------------------------
Total                  7.72e-05   5.70e-05   6.33e-05   1.98e-04 100.0%
                          39.1%      28.9%      32.0%
