
==========================================================================
floorplan final report_tns
--------------------------------------------------------------------------
tns -167560.75

==========================================================================
floorplan final report_wns
--------------------------------------------------------------------------
wns -1658.98

==========================================================================
floorplan final report_worst_slack
--------------------------------------------------------------------------
worst slack -1658.98

==========================================================================
floorplan final report_checks -path_delay min
--------------------------------------------------------------------------
Startpoint: is_high (input port clocked by clk)
Endpoint: result[121] (output port clocked by clk)
Path Group: clk
Path Type: min

Fanout     Cap    Slew   Delay    Time   Description
-----------------------------------------------------------------------------
                  0.00    0.00    0.00   clock clk (rise edge)
                          0.00    0.00   clock network delay (ideal)
                       1000.00 1000.00 v input external delay
   329  213.52    0.00    0.00 1000.00 v is_high (in)
                                         is_high (net)
                  0.00    0.00 1000.00 v _316632_/A1 (AOI22x1_ASAP7_75t_R)
     1    0.00    4.00    3.39 1003.39 ^ _316632_/Y (AOI22x1_ASAP7_75t_R)
                                         result[121] (net)
                  4.00    0.00 1003.39 ^ result[121] (out)
                               1003.39   data arrival time

                  0.00    0.00    0.00   clock clk (rise edge)
                          0.00    0.00   clock network delay (ideal)
                          0.00    0.00   clock reconvergence pessimism
                       -1000.00 -1000.00   output external delay
                               -1000.00   data required time
-----------------------------------------------------------------------------
                               -1000.00   data required time
                               -1003.39   data arrival time
-----------------------------------------------------------------------------
                               2003.39   slack (MET)



==========================================================================
floorplan final report_checks -path_delay max
--------------------------------------------------------------------------
Startpoint: is_mul (input port clocked by clk)
Endpoint: result[122] (output port clocked by clk)
Path Group: clk
Path Type: max

Fanout     Cap    Slew   Delay    Time   Description
-----------------------------------------------------------------------------
                  0.00    0.00    0.00   clock clk (rise edge)
                          0.00    0.00   clock network delay (ideal)
                       1000.00 1000.00 v input external delay
   223  158.85    0.00    0.00 1000.00 v is_mul (in)
                                         is_mul (net)
                  0.00    0.00 1000.00 v _159000_/A (NAND2x1_ASAP7_75t_R)
   206  138.05  947.78  423.39 1423.39 ^ _159000_/Y (NAND2x1_ASAP7_75t_R)
                                         _101539_ (net)
                947.78    0.00 1423.39 ^ _159094_/B (XNOR2x2_ASAP7_75t_R)
     8    4.88   38.86  117.21 1540.61 ^ _159094_/Y (XNOR2x2_ASAP7_75t_R)
                                         _111973_ (net)
                 38.86    0.00 1540.61 ^ _160260_/C (AND4x1_ASAP7_75t_R)
     6    3.47   31.27   41.19 1581.80 ^ _160260_/Y (AND4x1_ASAP7_75t_R)
                                         _067507_ (net)
                 31.27    0.00 1581.80 ^ _160308_/C1 (OA222x2_ASAP7_75t_R)
    32   22.55   72.70   60.61 1642.41 ^ _160308_/Y (OA222x2_ASAP7_75t_R)
                                         _068035_ (net)
                 72.70    0.00 1642.41 ^ _162257_/A1 (AO21x1_ASAP7_75t_R)
    24   17.38  105.28   63.97 1706.38 ^ _162257_/Y (AO21x1_ASAP7_75t_R)
                                         _089474_ (net)
                105.28    0.00 1706.38 ^ _162313_/A1 (AOI211x1_ASAP7_75t_R)
   195  126.17 1120.70  531.55 2237.92 v _162313_/Y (AOI211x1_ASAP7_75t_R)
                                         _090090_ (net)
               1120.70    0.00 2237.92 v _162662_/A (NAND2x1_ASAP7_75t_R)
    42   28.95  457.17  479.53 2717.46 ^ _162662_/Y (NAND2x1_ASAP7_75t_R)
                                         _093936_ (net)
                457.17    0.00 2717.46 ^ _175148_/A1 (OA211x2_ASAP7_75t_R)
     1    1.09   18.55   57.32 2774.78 ^ _175148_/Y (OA211x2_ASAP7_75t_R)
                                         _066629_ (net)
                 18.55    0.00 2774.78 ^ _175149_/B (NOR2x1_ASAP7_75t_R)
     2    2.01   16.81   14.09 2788.86 v _175149_/Y (NOR2x1_ASAP7_75t_R)
                                         _066630_ (net)
                 16.81    0.00 2788.86 v _175150_/B (NAND2x1_ASAP7_75t_R)
     5    4.16   34.57   22.06 2810.92 ^ _175150_/Y (NAND2x1_ASAP7_75t_R)
                                         _066631_ (net)
                 34.57    0.00 2810.92 ^ _175151_/B (XNOR2x2_ASAP7_75t_R)
     2    1.95   11.30   35.86 2846.78 v _175151_/Y (XNOR2x2_ASAP7_75t_R)
                                         _066632_ (net)
                 11.30    0.00 2846.78 v _175410_/B (XOR2x2_ASAP7_75t_R)
     2    2.11   12.67   30.94 2877.72 ^ _175410_/Y (XOR2x2_ASAP7_75t_R)
                                         _066917_ (net)
                 12.67    0.00 2877.72 ^ _175412_/A (XNOR2x2_ASAP7_75t_R)
     4    3.85   16.39   35.20 2912.93 v _175412_/Y (XNOR2x2_ASAP7_75t_R)
                                         _066919_ (net)
                 16.39    0.00 2912.93 v _175413_/B (XNOR2x2_ASAP7_75t_R)
     2    1.66   11.10   27.37 2940.29 ^ _175413_/Y (XNOR2x2_ASAP7_75t_R)
                                         _066920_ (net)
                 11.10    0.00 2940.29 ^ _175414_/D (AND4x1_ASAP7_75t_R)
     3    3.01   27.43   35.42 2975.72 ^ _175414_/Y (AND4x1_ASAP7_75t_R)
                                         _066921_ (net)
                 27.43    0.00 2975.72 ^ _175471_/B (XNOR2x2_ASAP7_75t_R)
     2    1.95   11.26   34.63 3010.35 v _175471_/Y (XNOR2x2_ASAP7_75t_R)
                                         _066984_ (net)
                 11.26    0.00 3010.35 v _175510_/B (XNOR2x2_ASAP7_75t_R)
     1    1.01    8.87   24.65 3035.00 ^ _175510_/Y (XNOR2x2_ASAP7_75t_R)
                                         _067027_ (net)
                  8.87    0.00 3035.00 ^ _175511_/B (XNOR2x2_ASAP7_75t_R)
     2    2.27   12.16   31.30 3066.29 v _175511_/Y (XNOR2x2_ASAP7_75t_R)
                                         _067028_ (net)
                 12.16    0.00 3066.29 v _175526_/B (MAJx2_ASAP7_75t_R)
     2    2.27   12.44   27.73 3094.03 v _175526_/Y (MAJx2_ASAP7_75t_R)
                                         _067044_ (net)
                 12.44    0.00 3094.03 v _175530_/B (MAJx2_ASAP7_75t_R)
     2    2.22   12.28   27.70 3121.73 v _175530_/Y (MAJx2_ASAP7_75t_R)
                                         _067049_ (net)
                 12.28    0.00 3121.73 v _175533_/B (MAJx2_ASAP7_75t_R)
     3    2.12   12.01   27.46 3149.19 v _175533_/Y (MAJx2_ASAP7_75t_R)
                                         _067052_ (net)
                 12.01    0.00 3149.19 v _176814_/A2 (OA21x2_ASAP7_75t_R)
     3    2.25   10.13   20.26 3169.46 v _176814_/Y (OA21x2_ASAP7_75t_R)
                                         _068461_ (net)
                 10.13    0.00 3169.46 v _183848_/A1 (OA33x2_ASAP7_75t_R)
     5    3.86   18.40   35.12 3204.58 v _183848_/Y (OA33x2_ASAP7_75t_R)
                                         _076199_ (net)
                 18.40    0.00 3204.58 v _196299_/A (OR5x1_ASAP7_75t_R)
     5    4.51   34.32   47.71 3252.29 v _196299_/Y (OR5x1_ASAP7_75t_R)
                                         _089895_ (net)
                 34.32    0.00 3252.29 v _196369_/B (NOR2x1_ASAP7_75t_R)
     9    6.56   51.19   34.57 3286.87 ^ _196369_/Y (NOR2x1_ASAP7_75t_R)
                                         _089972_ (net)
                 51.19    0.00 3286.87 ^ _196388_/A (XNOR2x2_ASAP7_75t_R)
     3    2.12   12.20   39.87 3326.74 v _196388_/Y (XNOR2x2_ASAP7_75t_R)
                                         _089993_ (net)
                 12.20    0.00 3326.74 v _196389_/A2 (OA21x2_ASAP7_75t_R)
     1    0.62    6.28   17.56 3344.30 v _196389_/Y (OA21x2_ASAP7_75t_R)
                                         _089994_ (net)
                  6.28    0.00 3344.30 v _196395_/A1 (OA21x2_ASAP7_75t_R)
     1    0.56    5.94   15.75 3360.04 v _196395_/Y (OA21x2_ASAP7_75t_R)
                                         _090000_ (net)
                  5.94    0.00 3360.04 v _196397_/B2 (OA222x2_ASAP7_75t_R)
     9    7.23   23.94   30.96 3391.01 v _196397_/Y (OA222x2_ASAP7_75t_R)
                                         _090003_ (net)
                 23.94    0.00 3391.01 v _196399_/C (MAJx2_ASAP7_75t_R)
     4    3.62   16.46   32.13 3423.14 v _196399_/Y (MAJx2_ASAP7_75t_R)
                                         _090005_ (net)
                 16.46    0.00 3423.14 v _196400_/C (OR3x1_ASAP7_75t_R)
     5    4.30   28.71   37.29 3460.43 v _196400_/Y (OR3x1_ASAP7_75t_R)
                                         _090006_ (net)
                 28.71    0.00 3460.43 v _196426_/C (MAJx2_ASAP7_75t_R)
     1    0.57    7.76   27.44 3487.88 v _196426_/Y (MAJx2_ASAP7_75t_R)
                                         _090034_ (net)
                  7.76    0.00 3487.88 v _196428_/B1 (AO221x1_ASAP7_75t_R)
     1    0.90    9.89   20.26 3508.14 v _196428_/Y (AO221x1_ASAP7_75t_R)
                                         _090037_ (net)
                  9.89    0.00 3508.14 v _196429_/B (XNOR2x2_ASAP7_75t_R)
     2    1.69   11.16   25.50 3533.64 ^ _196429_/Y (XNOR2x2_ASAP7_75t_R)
                                         _090038_ (net)
                 11.16    0.00 3533.64 ^ _196600_/A (XNOR2x2_ASAP7_75t_R)
     1    0.90    8.37   29.14 3562.78 v _196600_/Y (XNOR2x2_ASAP7_75t_R)
                                         _090226_ (net)
                  8.37    0.00 3562.78 v _196601_/B (XNOR2x2_ASAP7_75t_R)
     6    5.51   23.69   31.44 3594.22 ^ _196601_/Y (XNOR2x2_ASAP7_75t_R)
                                         _090227_ (net)
                 23.69    0.00 3594.22 ^ _196667_/A (AND3x1_ASAP7_75t_R)
     9    6.74   50.17   43.61 3637.83 ^ _196667_/Y (AND3x1_ASAP7_75t_R)
                                         _090300_ (net)
                 50.17    0.00 3637.83 ^ _196885_/A (AND5x1_ASAP7_75t_R)
     1    0.53   13.66   38.62 3676.45 ^ _196885_/Y (AND5x1_ASAP7_75t_R)
                                         _090539_ (net)
                 13.66    0.00 3676.45 ^ _196886_/C (AO221x1_ASAP7_75t_R)
     1    1.05   11.63   17.15 3693.59 ^ _196886_/Y (AO221x1_ASAP7_75t_R)
                                         _090540_ (net)
                 11.63    0.00 3693.59 ^ _196888_/A (XNOR2x2_ASAP7_75t_R)
     3    2.09   11.66   31.70 3725.29 v _196888_/Y (XNOR2x2_ASAP7_75t_R)
                                         _090543_ (net)
                 11.66    0.00 3725.29 v _196892_/B (OR2x2_ASAP7_75t_R)
     2    1.61    9.67   21.25 3746.54 v _196892_/Y (OR2x2_ASAP7_75t_R)
                                         _090547_ (net)
                  9.67    0.00 3746.54 v _196893_/C (MAJx2_ASAP7_75t_R)
     1    0.63    7.92   22.64 3769.18 v _196893_/Y (MAJx2_ASAP7_75t_R)
                                         _090548_ (net)
                  7.92    0.00 3769.18 v _196894_/B (OA21x2_ASAP7_75t_R)
     5    4.00   14.34   17.05 3786.23 v _196894_/Y (OA21x2_ASAP7_75t_R)
                                         _090549_ (net)
                 14.34    0.00 3786.23 v _201193_/B (NOR3x1_ASAP7_75t_R)
    17   12.83   93.33   49.87 3836.11 ^ _201193_/Y (NOR3x1_ASAP7_75t_R)
                                         _095297_ (net)
                 93.33    0.00 3836.11 ^ _201215_/A (INVx1_ASAP7_75t_R)
     4    3.16   34.21   26.33 3862.44 v _201215_/Y (INVx1_ASAP7_75t_R)
                                         _095321_ (net)
                 34.21    0.00 3862.44 v _201243_/A (AND5x1_ASAP7_75t_R)
     1    0.55    6.95   24.50 3886.95 v _201243_/Y (AND5x1_ASAP7_75t_R)
                                         _095353_ (net)
                  6.95    0.00 3886.95 v _201244_/E (OR5x1_ASAP7_75t_R)
     1    0.63   12.73   37.74 3924.69 v _201244_/Y (OR5x1_ASAP7_75t_R)
                                         _095354_ (net)
                 12.73    0.00 3924.69 v _201245_/B (AO21x1_ASAP7_75t_R)
     3    1.65   11.60   19.43 3944.11 v _201245_/Y (AO21x1_ASAP7_75t_R)
                                         _095355_ (net)
                 11.60    0.00 3944.11 v _201256_/A (AND3x1_ASAP7_75t_R)
     2    1.27    9.69   15.41 3959.53 v _201256_/Y (AND3x1_ASAP7_75t_R)
                                         _095367_ (net)
                  9.69    0.00 3959.53 v _201307_/A2 (AO21x1_ASAP7_75t_R)
     7    6.24   33.12   28.75 3988.28 v _201307_/Y (AO21x1_ASAP7_75t_R)
                                         _095424_ (net)
                 33.12    0.00 3988.28 v _201309_/C (MAJx2_ASAP7_75t_R)
     1    1.05    9.25   29.46 4017.74 v _201309_/Y (MAJx2_ASAP7_75t_R)
                                         _095426_ (net)
                  9.25    0.00 4017.74 v _201310_/C (MAJx2_ASAP7_75t_R)
     2    2.05   11.84   25.35 4043.09 v _201310_/Y (MAJx2_ASAP7_75t_R)
                                         _095427_ (net)
                 11.84    0.00 4043.09 v _201312_/A (XOR2x2_ASAP7_75t_R)
     3    2.33   13.40   31.10 4074.19 ^ _201312_/Y (XOR2x2_ASAP7_75t_R)
                                         _095429_ (net)
                 13.40    0.00 4074.19 ^ _201456_/A (OR4x1_ASAP7_75t_R)
     2    1.60   14.00   16.67 4090.85 ^ _201456_/Y (OR4x1_ASAP7_75t_R)
                                         _095589_ (net)
                 14.00    0.00 4090.85 ^ _201457_/B (AO31x2_ASAP7_75t_R)
     6    4.71   19.10   25.66 4116.52 ^ _201457_/Y (AO31x2_ASAP7_75t_R)
                                         _095591_ (net)
                 19.10    0.00 4116.52 ^ _201473_/A (XNOR2x2_ASAP7_75t_R)
     1    1.65   10.45   32.92 4149.43 v _201473_/Y (XNOR2x2_ASAP7_75t_R)
                                         _095608_ (net)
                 10.45    0.00 4149.43 v _201474_/B (XNOR2x1_ASAP7_75t_R)
     6    5.28   31.88   27.78 4177.22 v _201474_/Y (XNOR2x1_ASAP7_75t_R)
                                         _095609_ (net)
                 31.88    0.00 4177.22 v _201475_/B (XOR2x2_ASAP7_75t_R)
     4    3.80   18.70   40.35 4217.57 ^ _201475_/Y (XOR2x2_ASAP7_75t_R)
                                         _095610_ (net)
                 18.70    0.00 4217.57 ^ _201536_/A (AND3x2_ASAP7_75t_R)
    13    7.23   31.59   38.10 4255.67 ^ _201536_/Y (AND3x2_ASAP7_75t_R)
                                         _095678_ (net)
                 31.59    0.00 4255.67 ^ _201951_/A1 (OA211x2_ASAP7_75t_R)
     8    4.93   20.75   32.41 4288.08 ^ _201951_/Y (OA211x2_ASAP7_75t_R)
                                         _096139_ (net)
                 20.75    0.00 4288.08 ^ _201966_/C (AND5x1_ASAP7_75t_R)
     6    6.38   51.21   53.78 4341.85 ^ _201966_/Y (AND5x1_ASAP7_75t_R)
                                         _096155_ (net)
                 51.21    0.00 4341.85 ^ _245943_/C (NOR3x1_ASAP7_75t_R)
     2    1.89   28.02   27.14 4369.00 v _245943_/Y (NOR3x1_ASAP7_75t_R)
                                         _144970_ (net)
                 28.02    0.00 4369.00 v _245944_/B (OR2x2_ASAP7_75t_R)
     2    1.66   10.24   26.28 4395.28 v _245944_/Y (OR2x2_ASAP7_75t_R)
                                         _144971_ (net)
                 10.24    0.00 4395.28 v _245945_/B (NAND2x1_ASAP7_75t_R)
     4    2.84   25.56   15.59 4410.87 ^ _245945_/Y (NAND2x1_ASAP7_75t_R)
                                         _144972_ (net)
                 25.56    0.00 4410.87 ^ _245963_/A (AND3x1_ASAP7_75t_R)
     2    1.14   13.61   25.44 4436.30 ^ _245963_/Y (AND3x1_ASAP7_75t_R)
                                         _144992_ (net)
                 13.61    0.00 4436.30 ^ _245977_/A (AND2x2_ASAP7_75t_R)
     4    2.60   13.61   20.92 4457.23 ^ _245977_/Y (AND2x2_ASAP7_75t_R)
                                         _145008_ (net)
                 13.61    0.00 4457.23 ^ _245978_/C (AND3x1_ASAP7_75t_R)
     3    1.89   18.25   25.74 4482.97 ^ _245978_/Y (AND3x1_ASAP7_75t_R)
                                         _145009_ (net)
                 18.25    0.00 4482.97 ^ _245999_/A2 (AO221x1_ASAP7_75t_R)
    47   31.96  191.26  106.10 4589.07 ^ _245999_/Y (AO221x1_ASAP7_75t_R)
                                         _145032_ (net)
                191.26    0.00 4589.07 ^ _307357_/A (AND5x1_ASAP7_75t_R)
    19   13.25   98.40   96.43 4685.49 ^ _307357_/Y (AND5x1_ASAP7_75t_R)
                                         _054214_ (net)
                 98.40    0.00 4685.49 ^ _307454_/B (AND4x1_ASAP7_75t_R)
     5    4.23   36.76   52.17 4737.66 ^ _307454_/Y (AND4x1_ASAP7_75t_R)
                                         _054321_ (net)
                 36.76    0.00 4737.66 ^ _307455_/B (XNOR2x2_ASAP7_75t_R)
     5    4.19   19.82   33.69 4771.35 ^ _307455_/Y (XNOR2x2_ASAP7_75t_R)
                                         _054322_ (net)
                 19.82    0.00 4771.35 ^ _307466_/A2 (AO221x1_ASAP7_75t_R)
     4    3.62   26.24   31.57 4802.93 ^ _307466_/Y (AO221x1_ASAP7_75t_R)
                                         _054334_ (net)
                 26.24    0.00 4802.93 ^ _307542_/A (OR2x2_ASAP7_75t_R)
     3    2.31   12.21   24.19 4827.11 ^ _307542_/Y (OR2x2_ASAP7_75t_R)
                                         _054419_ (net)
                 12.21    0.00 4827.11 ^ _307968_/B (OR3x1_ASAP7_75t_R)
     1    0.94    9.80   14.70 4841.81 ^ _307968_/Y (OR3x1_ASAP7_75t_R)
                                         _054892_ (net)
                  9.80    0.00 4841.81 ^ _307969_/C (AO211x2_ASAP7_75t_R)
     3    1.83   11.10   17.97 4859.78 ^ _307969_/Y (AO211x2_ASAP7_75t_R)
                                         _054893_ (net)
                 11.10    0.00 4859.78 ^ _307970_/D (AND4x2_ASAP7_75t_R)
     2    1.13   12.88   30.78 4890.56 ^ _307970_/Y (AND4x2_ASAP7_75t_R)
                                         _054894_ (net)
                 12.88    0.00 4890.56 ^ _308013_/A2 (OA211x2_ASAP7_75t_R)
     3    2.61   13.96   23.24 4913.80 ^ _308013_/Y (OA211x2_ASAP7_75t_R)
                                         _054941_ (net)
                 13.96    0.00 4913.80 ^ _308042_/A (NOR2x1_ASAP7_75t_R)
     2    1.15   12.40   11.62 4925.42 v _308042_/Y (NOR2x1_ASAP7_75t_R)
                                         _054974_ (net)
                 12.40    0.00 4925.42 v _308050_/B2 (OA33x2_ASAP7_75t_R)
     3    1.49   12.19   27.36 4952.79 v _308050_/Y (OA33x2_ASAP7_75t_R)
                                         _054983_ (net)
                 12.19    0.00 4952.79 v _308073_/B (OA211x2_ASAP7_75t_R)
     8    5.34   20.79   34.64 4987.42 v _308073_/Y (OA211x2_ASAP7_75t_R)
                                         _055008_ (net)
                 20.79    0.00 4987.42 v _308085_/B (OR3x2_ASAP7_75t_R)
     4    2.55   15.07   34.81 5022.23 v _308085_/Y (OR3x2_ASAP7_75t_R)
                                         _055021_ (net)
                 15.07    0.00 5022.23 v _308090_/B2 (AO221x2_ASAP7_75t_R)
     5    4.55   18.19   32.56 5054.79 v _308090_/Y (AO221x2_ASAP7_75t_R)
                                         _055027_ (net)
                 18.19    0.00 5054.79 v _308092_/A2 (AO21x2_ASAP7_75t_R)
     5    3.46   13.36   23.83 5078.62 v _308092_/Y (AO21x2_ASAP7_75t_R)
                                         _055029_ (net)
                 13.36    0.00 5078.62 v _308094_/A2 (AO21x2_ASAP7_75t_R)
     3    2.53   10.87   20.94 5099.56 v _308094_/Y (AO21x2_ASAP7_75t_R)
                                         _055031_ (net)
                 10.87    0.00 5099.56 v _313291_/A2 (AO211x2_ASAP7_75t_R)
     7    5.58   17.79   24.74 5124.30 v _313291_/Y (AO211x2_ASAP7_75t_R)
                                         _060800_ (net)
                 17.79    0.00 5124.30 v _313304_/C (OR5x1_ASAP7_75t_R)
     4    2.57   24.03   46.54 5170.84 v _313304_/Y (OR5x1_ASAP7_75t_R)
                                         _060814_ (net)
                 24.03    0.00 5170.84 v _313309_/D (OR5x1_ASAP7_75t_R)
     4    2.80   25.35   50.08 5220.92 v _313309_/Y (OR5x1_ASAP7_75t_R)
                                         _060820_ (net)
                 25.35    0.00 5220.92 v _313310_/C (OR3x1_ASAP7_75t_R)
     9    7.39   44.54   47.40 5268.31 v _313310_/Y (OR3x1_ASAP7_75t_R)
                                         _060821_ (net)
                 44.54    0.00 5268.31 v _313917_/C (OR5x1_ASAP7_75t_R)
    15   12.84   77.37   82.27 5350.59 v _313917_/Y (OR5x1_ASAP7_75t_R)
                                         _061494_ (net)
                 77.37    0.00 5350.59 v _314271_/A (OR3x1_ASAP7_75t_R)
     1    0.63   11.07   36.96 5387.55 v _314271_/Y (OR3x1_ASAP7_75t_R)
                                         _061884_ (net)
                 11.07    0.00 5387.55 v _314272_/A2 (AO21x1_ASAP7_75t_R)
     2    1.88   17.96   18.49 5406.04 v _314272_/Y (AO21x1_ASAP7_75t_R)
                                         _061885_ (net)
                 17.96    0.00 5406.04 v _314273_/A2 (AO21x1_ASAP7_75t_R)
     2    1.46   11.66   19.20 5425.24 v _314273_/Y (AO21x1_ASAP7_75t_R)
                                         _061886_ (net)
                 11.66    0.00 5425.24 v _314296_/B1 (AO22x1_ASAP7_75t_R)
     1    0.55    7.54   19.26 5444.50 v _314296_/Y (AO22x1_ASAP7_75t_R)
                                         _061910_ (net)
                  7.54    0.00 5444.50 v _314297_/E (OR5x1_ASAP7_75t_R)
     6    4.58   34.64   53.51 5498.01 v _314297_/Y (OR5x1_ASAP7_75t_R)
                                         _061912_ (net)
                 34.64    0.00 5498.01 v _315670_/A (OR5x1_ASAP7_75t_R)
     5    3.69   30.10   49.24 5547.26 v _315670_/Y (OR5x1_ASAP7_75t_R)
                                         _063427_ (net)
                 30.10    0.00 5547.26 v _316354_/A1 (AOI21x1_ASAP7_75t_R)
     4    2.88   24.14   17.88 5565.14 ^ _316354_/Y (AOI21x1_ASAP7_75t_R)
                                         _064181_ (net)
                 24.14    0.00 5565.14 ^ _316437_/B (AND3x1_ASAP7_75t_R)
     4    2.75   23.94   31.02 5596.16 ^ _316437_/Y (AND3x1_ASAP7_75t_R)
                                         _064273_ (net)
                 23.94    0.00 5596.16 ^ _316704_/A (AND2x2_ASAP7_75t_R)
     1    1.01    8.53   19.76 5615.92 ^ _316704_/Y (AND2x2_ASAP7_75t_R)
                                         _064564_ (net)
                  8.53    0.00 5615.92 ^ _316705_/B (XNOR2x2_ASAP7_75t_R)
     1    0.65    7.68   27.88 5643.80 v _316705_/Y (XNOR2x2_ASAP7_75t_R)
                                         _064565_ (net)
                  7.68    0.00 5643.80 v _316718_/A2 (OA21x2_ASAP7_75t_R)
     1    0.00   22.60   15.18 5658.98 v _316718_/Y (OA21x2_ASAP7_75t_R)
                                         result[122] (net)
                 22.60    0.00 5658.98 v result[122] (out)
                               5658.98   data arrival time

                  0.00 5000.00 5000.00   clock clk (rise edge)
                          0.00 5000.00   clock network delay (ideal)
                          0.00 5000.00   clock reconvergence pessimism
                       -1000.00 4000.00   output external delay
                               4000.00   data required time
-----------------------------------------------------------------------------
                               4000.00   data required time
                               -5658.98   data arrival time
-----------------------------------------------------------------------------
                               -1658.98   slack (VIOLATED)



==========================================================================
floorplan final report_checks -unconstrained
--------------------------------------------------------------------------
Startpoint: is_mul (input port clocked by clk)
Endpoint: result[122] (output port clocked by clk)
Path Group: clk
Path Type: max

Fanout     Cap    Slew   Delay    Time   Description
-----------------------------------------------------------------------------
                  0.00    0.00    0.00   clock clk (rise edge)
                          0.00    0.00   clock network delay (ideal)
                       1000.00 1000.00 v input external delay
   223  158.85    0.00    0.00 1000.00 v is_mul (in)
                                         is_mul (net)
                  0.00    0.00 1000.00 v _159000_/A (NAND2x1_ASAP7_75t_R)
   206  138.05  947.78  423.39 1423.39 ^ _159000_/Y (NAND2x1_ASAP7_75t_R)
                                         _101539_ (net)
                947.78    0.00 1423.39 ^ _159094_/B (XNOR2x2_ASAP7_75t_R)
     8    4.88   38.86  117.21 1540.61 ^ _159094_/Y (XNOR2x2_ASAP7_75t_R)
                                         _111973_ (net)
                 38.86    0.00 1540.61 ^ _160260_/C (AND4x1_ASAP7_75t_R)
     6    3.47   31.27   41.19 1581.80 ^ _160260_/Y (AND4x1_ASAP7_75t_R)
                                         _067507_ (net)
                 31.27    0.00 1581.80 ^ _160308_/C1 (OA222x2_ASAP7_75t_R)
    32   22.55   72.70   60.61 1642.41 ^ _160308_/Y (OA222x2_ASAP7_75t_R)
                                         _068035_ (net)
                 72.70    0.00 1642.41 ^ _162257_/A1 (AO21x1_ASAP7_75t_R)
    24   17.38  105.28   63.97 1706.38 ^ _162257_/Y (AO21x1_ASAP7_75t_R)
                                         _089474_ (net)
                105.28    0.00 1706.38 ^ _162313_/A1 (AOI211x1_ASAP7_75t_R)
   195  126.17 1120.70  531.55 2237.92 v _162313_/Y (AOI211x1_ASAP7_75t_R)
                                         _090090_ (net)
               1120.70    0.00 2237.92 v _162662_/A (NAND2x1_ASAP7_75t_R)
    42   28.95  457.17  479.53 2717.46 ^ _162662_/Y (NAND2x1_ASAP7_75t_R)
                                         _093936_ (net)
                457.17    0.00 2717.46 ^ _175148_/A1 (OA211x2_ASAP7_75t_R)
     1    1.09   18.55   57.32 2774.78 ^ _175148_/Y (OA211x2_ASAP7_75t_R)
                                         _066629_ (net)
                 18.55    0.00 2774.78 ^ _175149_/B (NOR2x1_ASAP7_75t_R)
     2    2.01   16.81   14.09 2788.86 v _175149_/Y (NOR2x1_ASAP7_75t_R)
                                         _066630_ (net)
                 16.81    0.00 2788.86 v _175150_/B (NAND2x1_ASAP7_75t_R)
     5    4.16   34.57   22.06 2810.92 ^ _175150_/Y (NAND2x1_ASAP7_75t_R)
                                         _066631_ (net)
                 34.57    0.00 2810.92 ^ _175151_/B (XNOR2x2_ASAP7_75t_R)
     2    1.95   11.30   35.86 2846.78 v _175151_/Y (XNOR2x2_ASAP7_75t_R)
                                         _066632_ (net)
                 11.30    0.00 2846.78 v _175410_/B (XOR2x2_ASAP7_75t_R)
     2    2.11   12.67   30.94 2877.72 ^ _175410_/Y (XOR2x2_ASAP7_75t_R)
                                         _066917_ (net)
                 12.67    0.00 2877.72 ^ _175412_/A (XNOR2x2_ASAP7_75t_R)
     4    3.85   16.39   35.20 2912.93 v _175412_/Y (XNOR2x2_ASAP7_75t_R)
                                         _066919_ (net)
                 16.39    0.00 2912.93 v _175413_/B (XNOR2x2_ASAP7_75t_R)
     2    1.66   11.10   27.37 2940.29 ^ _175413_/Y (XNOR2x2_ASAP7_75t_R)
                                         _066920_ (net)
                 11.10    0.00 2940.29 ^ _175414_/D (AND4x1_ASAP7_75t_R)
     3    3.01   27.43   35.42 2975.72 ^ _175414_/Y (AND4x1_ASAP7_75t_R)
                                         _066921_ (net)
                 27.43    0.00 2975.72 ^ _175471_/B (XNOR2x2_ASAP7_75t_R)
     2    1.95   11.26   34.63 3010.35 v _175471_/Y (XNOR2x2_ASAP7_75t_R)
                                         _066984_ (net)
                 11.26    0.00 3010.35 v _175510_/B (XNOR2x2_ASAP7_75t_R)
     1    1.01    8.87   24.65 3035.00 ^ _175510_/Y (XNOR2x2_ASAP7_75t_R)
                                         _067027_ (net)
                  8.87    0.00 3035.00 ^ _175511_/B (XNOR2x2_ASAP7_75t_R)
     2    2.27   12.16   31.30 3066.29 v _175511_/Y (XNOR2x2_ASAP7_75t_R)
                                         _067028_ (net)
                 12.16    0.00 3066.29 v _175526_/B (MAJx2_ASAP7_75t_R)
     2    2.27   12.44   27.73 3094.03 v _175526_/Y (MAJx2_ASAP7_75t_R)
                                         _067044_ (net)
                 12.44    0.00 3094.03 v _175530_/B (MAJx2_ASAP7_75t_R)
     2    2.22   12.28   27.70 3121.73 v _175530_/Y (MAJx2_ASAP7_75t_R)
                                         _067049_ (net)
                 12.28    0.00 3121.73 v _175533_/B (MAJx2_ASAP7_75t_R)
     3    2.12   12.01   27.46 3149.19 v _175533_/Y (MAJx2_ASAP7_75t_R)
                                         _067052_ (net)
                 12.01    0.00 3149.19 v _176814_/A2 (OA21x2_ASAP7_75t_R)
     3    2.25   10.13   20.26 3169.46 v _176814_/Y (OA21x2_ASAP7_75t_R)
                                         _068461_ (net)
                 10.13    0.00 3169.46 v _183848_/A1 (OA33x2_ASAP7_75t_R)
     5    3.86   18.40   35.12 3204.58 v _183848_/Y (OA33x2_ASAP7_75t_R)
                                         _076199_ (net)
                 18.40    0.00 3204.58 v _196299_/A (OR5x1_ASAP7_75t_R)
     5    4.51   34.32   47.71 3252.29 v _196299_/Y (OR5x1_ASAP7_75t_R)
                                         _089895_ (net)
                 34.32    0.00 3252.29 v _196369_/B (NOR2x1_ASAP7_75t_R)
     9    6.56   51.19   34.57 3286.87 ^ _196369_/Y (NOR2x1_ASAP7_75t_R)
                                         _089972_ (net)
                 51.19    0.00 3286.87 ^ _196388_/A (XNOR2x2_ASAP7_75t_R)
     3    2.12   12.20   39.87 3326.74 v _196388_/Y (XNOR2x2_ASAP7_75t_R)
                                         _089993_ (net)
                 12.20    0.00 3326.74 v _196389_/A2 (OA21x2_ASAP7_75t_R)
     1    0.62    6.28   17.56 3344.30 v _196389_/Y (OA21x2_ASAP7_75t_R)
                                         _089994_ (net)
                  6.28    0.00 3344.30 v _196395_/A1 (OA21x2_ASAP7_75t_R)
     1    0.56    5.94   15.75 3360.04 v _196395_/Y (OA21x2_ASAP7_75t_R)
                                         _090000_ (net)
                  5.94    0.00 3360.04 v _196397_/B2 (OA222x2_ASAP7_75t_R)
     9    7.23   23.94   30.96 3391.01 v _196397_/Y (OA222x2_ASAP7_75t_R)
                                         _090003_ (net)
                 23.94    0.00 3391.01 v _196399_/C (MAJx2_ASAP7_75t_R)
     4    3.62   16.46   32.13 3423.14 v _196399_/Y (MAJx2_ASAP7_75t_R)
                                         _090005_ (net)
                 16.46    0.00 3423.14 v _196400_/C (OR3x1_ASAP7_75t_R)
     5    4.30   28.71   37.29 3460.43 v _196400_/Y (OR3x1_ASAP7_75t_R)
                                         _090006_ (net)
                 28.71    0.00 3460.43 v _196426_/C (MAJx2_ASAP7_75t_R)
     1    0.57    7.76   27.44 3487.88 v _196426_/Y (MAJx2_ASAP7_75t_R)
                                         _090034_ (net)
                  7.76    0.00 3487.88 v _196428_/B1 (AO221x1_ASAP7_75t_R)
     1    0.90    9.89   20.26 3508.14 v _196428_/Y (AO221x1_ASAP7_75t_R)
                                         _090037_ (net)
                  9.89    0.00 3508.14 v _196429_/B (XNOR2x2_ASAP7_75t_R)
     2    1.69   11.16   25.50 3533.64 ^ _196429_/Y (XNOR2x2_ASAP7_75t_R)
                                         _090038_ (net)
                 11.16    0.00 3533.64 ^ _196600_/A (XNOR2x2_ASAP7_75t_R)
     1    0.90    8.37   29.14 3562.78 v _196600_/Y (XNOR2x2_ASAP7_75t_R)
                                         _090226_ (net)
                  8.37    0.00 3562.78 v _196601_/B (XNOR2x2_ASAP7_75t_R)
     6    5.51   23.69   31.44 3594.22 ^ _196601_/Y (XNOR2x2_ASAP7_75t_R)
                                         _090227_ (net)
                 23.69    0.00 3594.22 ^ _196667_/A (AND3x1_ASAP7_75t_R)
     9    6.74   50.17   43.61 3637.83 ^ _196667_/Y (AND3x1_ASAP7_75t_R)
                                         _090300_ (net)
                 50.17    0.00 3637.83 ^ _196885_/A (AND5x1_ASAP7_75t_R)
     1    0.53   13.66   38.62 3676.45 ^ _196885_/Y (AND5x1_ASAP7_75t_R)
                                         _090539_ (net)
                 13.66    0.00 3676.45 ^ _196886_/C (AO221x1_ASAP7_75t_R)
     1    1.05   11.63   17.15 3693.59 ^ _196886_/Y (AO221x1_ASAP7_75t_R)
                                         _090540_ (net)
                 11.63    0.00 3693.59 ^ _196888_/A (XNOR2x2_ASAP7_75t_R)
     3    2.09   11.66   31.70 3725.29 v _196888_/Y (XNOR2x2_ASAP7_75t_R)
                                         _090543_ (net)
                 11.66    0.00 3725.29 v _196892_/B (OR2x2_ASAP7_75t_R)
     2    1.61    9.67   21.25 3746.54 v _196892_/Y (OR2x2_ASAP7_75t_R)
                                         _090547_ (net)
                  9.67    0.00 3746.54 v _196893_/C (MAJx2_ASAP7_75t_R)
     1    0.63    7.92   22.64 3769.18 v _196893_/Y (MAJx2_ASAP7_75t_R)
                                         _090548_ (net)
                  7.92    0.00 3769.18 v _196894_/B (OA21x2_ASAP7_75t_R)
     5    4.00   14.34   17.05 3786.23 v _196894_/Y (OA21x2_ASAP7_75t_R)
                                         _090549_ (net)
                 14.34    0.00 3786.23 v _201193_/B (NOR3x1_ASAP7_75t_R)
    17   12.83   93.33   49.87 3836.11 ^ _201193_/Y (NOR3x1_ASAP7_75t_R)
                                         _095297_ (net)
                 93.33    0.00 3836.11 ^ _201215_/A (INVx1_ASAP7_75t_R)
     4    3.16   34.21   26.33 3862.44 v _201215_/Y (INVx1_ASAP7_75t_R)
                                         _095321_ (net)
                 34.21    0.00 3862.44 v _201243_/A (AND5x1_ASAP7_75t_R)
     1    0.55    6.95   24.50 3886.95 v _201243_/Y (AND5x1_ASAP7_75t_R)
                                         _095353_ (net)
                  6.95    0.00 3886.95 v _201244_/E (OR5x1_ASAP7_75t_R)
     1    0.63   12.73   37.74 3924.69 v _201244_/Y (OR5x1_ASAP7_75t_R)
                                         _095354_ (net)
                 12.73    0.00 3924.69 v _201245_/B (AO21x1_ASAP7_75t_R)
     3    1.65   11.60   19.43 3944.11 v _201245_/Y (AO21x1_ASAP7_75t_R)
                                         _095355_ (net)
                 11.60    0.00 3944.11 v _201256_/A (AND3x1_ASAP7_75t_R)
     2    1.27    9.69   15.41 3959.53 v _201256_/Y (AND3x1_ASAP7_75t_R)
                                         _095367_ (net)
                  9.69    0.00 3959.53 v _201307_/A2 (AO21x1_ASAP7_75t_R)
     7    6.24   33.12   28.75 3988.28 v _201307_/Y (AO21x1_ASAP7_75t_R)
                                         _095424_ (net)
                 33.12    0.00 3988.28 v _201309_/C (MAJx2_ASAP7_75t_R)
     1    1.05    9.25   29.46 4017.74 v _201309_/Y (MAJx2_ASAP7_75t_R)
                                         _095426_ (net)
                  9.25    0.00 4017.74 v _201310_/C (MAJx2_ASAP7_75t_R)
     2    2.05   11.84   25.35 4043.09 v _201310_/Y (MAJx2_ASAP7_75t_R)
                                         _095427_ (net)
                 11.84    0.00 4043.09 v _201312_/A (XOR2x2_ASAP7_75t_R)
     3    2.33   13.40   31.10 4074.19 ^ _201312_/Y (XOR2x2_ASAP7_75t_R)
                                         _095429_ (net)
                 13.40    0.00 4074.19 ^ _201456_/A (OR4x1_ASAP7_75t_R)
     2    1.60   14.00   16.67 4090.85 ^ _201456_/Y (OR4x1_ASAP7_75t_R)
                                         _095589_ (net)
                 14.00    0.00 4090.85 ^ _201457_/B (AO31x2_ASAP7_75t_R)
     6    4.71   19.10   25.66 4116.52 ^ _201457_/Y (AO31x2_ASAP7_75t_R)
                                         _095591_ (net)
                 19.10    0.00 4116.52 ^ _201473_/A (XNOR2x2_ASAP7_75t_R)
     1    1.65   10.45   32.92 4149.43 v _201473_/Y (XNOR2x2_ASAP7_75t_R)
                                         _095608_ (net)
                 10.45    0.00 4149.43 v _201474_/B (XNOR2x1_ASAP7_75t_R)
     6    5.28   31.88   27.78 4177.22 v _201474_/Y (XNOR2x1_ASAP7_75t_R)
                                         _095609_ (net)
                 31.88    0.00 4177.22 v _201475_/B (XOR2x2_ASAP7_75t_R)
     4    3.80   18.70   40.35 4217.57 ^ _201475_/Y (XOR2x2_ASAP7_75t_R)
                                         _095610_ (net)
                 18.70    0.00 4217.57 ^ _201536_/A (AND3x2_ASAP7_75t_R)
    13    7.23   31.59   38.10 4255.67 ^ _201536_/Y (AND3x2_ASAP7_75t_R)
                                         _095678_ (net)
                 31.59    0.00 4255.67 ^ _201951_/A1 (OA211x2_ASAP7_75t_R)
     8    4.93   20.75   32.41 4288.08 ^ _201951_/Y (OA211x2_ASAP7_75t_R)
                                         _096139_ (net)
                 20.75    0.00 4288.08 ^ _201966_/C (AND5x1_ASAP7_75t_R)
     6    6.38   51.21   53.78 4341.85 ^ _201966_/Y (AND5x1_ASAP7_75t_R)
                                         _096155_ (net)
                 51.21    0.00 4341.85 ^ _245943_/C (NOR3x1_ASAP7_75t_R)
     2    1.89   28.02   27.14 4369.00 v _245943_/Y (NOR3x1_ASAP7_75t_R)
                                         _144970_ (net)
                 28.02    0.00 4369.00 v _245944_/B (OR2x2_ASAP7_75t_R)
     2    1.66   10.24   26.28 4395.28 v _245944_/Y (OR2x2_ASAP7_75t_R)
                                         _144971_ (net)
                 10.24    0.00 4395.28 v _245945_/B (NAND2x1_ASAP7_75t_R)
     4    2.84   25.56   15.59 4410.87 ^ _245945_/Y (NAND2x1_ASAP7_75t_R)
                                         _144972_ (net)
                 25.56    0.00 4410.87 ^ _245963_/A (AND3x1_ASAP7_75t_R)
     2    1.14   13.61   25.44 4436.30 ^ _245963_/Y (AND3x1_ASAP7_75t_R)
                                         _144992_ (net)
                 13.61    0.00 4436.30 ^ _245977_/A (AND2x2_ASAP7_75t_R)
     4    2.60   13.61   20.92 4457.23 ^ _245977_/Y (AND2x2_ASAP7_75t_R)
                                         _145008_ (net)
                 13.61    0.00 4457.23 ^ _245978_/C (AND3x1_ASAP7_75t_R)
     3    1.89   18.25   25.74 4482.97 ^ _245978_/Y (AND3x1_ASAP7_75t_R)
                                         _145009_ (net)
                 18.25    0.00 4482.97 ^ _245999_/A2 (AO221x1_ASAP7_75t_R)
    47   31.96  191.26  106.10 4589.07 ^ _245999_/Y (AO221x1_ASAP7_75t_R)
                                         _145032_ (net)
                191.26    0.00 4589.07 ^ _307357_/A (AND5x1_ASAP7_75t_R)
    19   13.25   98.40   96.43 4685.49 ^ _307357_/Y (AND5x1_ASAP7_75t_R)
                                         _054214_ (net)
                 98.40    0.00 4685.49 ^ _307454_/B (AND4x1_ASAP7_75t_R)
     5    4.23   36.76   52.17 4737.66 ^ _307454_/Y (AND4x1_ASAP7_75t_R)
                                         _054321_ (net)
                 36.76    0.00 4737.66 ^ _307455_/B (XNOR2x2_ASAP7_75t_R)
     5    4.19   19.82   33.69 4771.35 ^ _307455_/Y (XNOR2x2_ASAP7_75t_R)
                                         _054322_ (net)
                 19.82    0.00 4771.35 ^ _307466_/A2 (AO221x1_ASAP7_75t_R)
     4    3.62   26.24   31.57 4802.93 ^ _307466_/Y (AO221x1_ASAP7_75t_R)
                                         _054334_ (net)
                 26.24    0.00 4802.93 ^ _307542_/A (OR2x2_ASAP7_75t_R)
     3    2.31   12.21   24.19 4827.11 ^ _307542_/Y (OR2x2_ASAP7_75t_R)
                                         _054419_ (net)
                 12.21    0.00 4827.11 ^ _307968_/B (OR3x1_ASAP7_75t_R)
     1    0.94    9.80   14.70 4841.81 ^ _307968_/Y (OR3x1_ASAP7_75t_R)
                                         _054892_ (net)
                  9.80    0.00 4841.81 ^ _307969_/C (AO211x2_ASAP7_75t_R)
     3    1.83   11.10   17.97 4859.78 ^ _307969_/Y (AO211x2_ASAP7_75t_R)
                                         _054893_ (net)
                 11.10    0.00 4859.78 ^ _307970_/D (AND4x2_ASAP7_75t_R)
     2    1.13   12.88   30.78 4890.56 ^ _307970_/Y (AND4x2_ASAP7_75t_R)
                                         _054894_ (net)
                 12.88    0.00 4890.56 ^ _308013_/A2 (OA211x2_ASAP7_75t_R)
     3    2.61   13.96   23.24 4913.80 ^ _308013_/Y (OA211x2_ASAP7_75t_R)
                                         _054941_ (net)
                 13.96    0.00 4913.80 ^ _308042_/A (NOR2x1_ASAP7_75t_R)
     2    1.15   12.40   11.62 4925.42 v _308042_/Y (NOR2x1_ASAP7_75t_R)
                                         _054974_ (net)
                 12.40    0.00 4925.42 v _308050_/B2 (OA33x2_ASAP7_75t_R)
     3    1.49   12.19   27.36 4952.79 v _308050_/Y (OA33x2_ASAP7_75t_R)
                                         _054983_ (net)
                 12.19    0.00 4952.79 v _308073_/B (OA211x2_ASAP7_75t_R)
     8    5.34   20.79   34.64 4987.42 v _308073_/Y (OA211x2_ASAP7_75t_R)
                                         _055008_ (net)
                 20.79    0.00 4987.42 v _308085_/B (OR3x2_ASAP7_75t_R)
     4    2.55   15.07   34.81 5022.23 v _308085_/Y (OR3x2_ASAP7_75t_R)
                                         _055021_ (net)
                 15.07    0.00 5022.23 v _308090_/B2 (AO221x2_ASAP7_75t_R)
     5    4.55   18.19   32.56 5054.79 v _308090_/Y (AO221x2_ASAP7_75t_R)
                                         _055027_ (net)
                 18.19    0.00 5054.79 v _308092_/A2 (AO21x2_ASAP7_75t_R)
     5    3.46   13.36   23.83 5078.62 v _308092_/Y (AO21x2_ASAP7_75t_R)
                                         _055029_ (net)
                 13.36    0.00 5078.62 v _308094_/A2 (AO21x2_ASAP7_75t_R)
     3    2.53   10.87   20.94 5099.56 v _308094_/Y (AO21x2_ASAP7_75t_R)
                                         _055031_ (net)
                 10.87    0.00 5099.56 v _313291_/A2 (AO211x2_ASAP7_75t_R)
     7    5.58   17.79   24.74 5124.30 v _313291_/Y (AO211x2_ASAP7_75t_R)
                                         _060800_ (net)
                 17.79    0.00 5124.30 v _313304_/C (OR5x1_ASAP7_75t_R)
     4    2.57   24.03   46.54 5170.84 v _313304_/Y (OR5x1_ASAP7_75t_R)
                                         _060814_ (net)
                 24.03    0.00 5170.84 v _313309_/D (OR5x1_ASAP7_75t_R)
     4    2.80   25.35   50.08 5220.92 v _313309_/Y (OR5x1_ASAP7_75t_R)
                                         _060820_ (net)
                 25.35    0.00 5220.92 v _313310_/C (OR3x1_ASAP7_75t_R)
     9    7.39   44.54   47.40 5268.31 v _313310_/Y (OR3x1_ASAP7_75t_R)
                                         _060821_ (net)
                 44.54    0.00 5268.31 v _313917_/C (OR5x1_ASAP7_75t_R)
    15   12.84   77.37   82.27 5350.59 v _313917_/Y (OR5x1_ASAP7_75t_R)
                                         _061494_ (net)
                 77.37    0.00 5350.59 v _314271_/A (OR3x1_ASAP7_75t_R)
     1    0.63   11.07   36.96 5387.55 v _314271_/Y (OR3x1_ASAP7_75t_R)
                                         _061884_ (net)
                 11.07    0.00 5387.55 v _314272_/A2 (AO21x1_ASAP7_75t_R)
     2    1.88   17.96   18.49 5406.04 v _314272_/Y (AO21x1_ASAP7_75t_R)
                                         _061885_ (net)
                 17.96    0.00 5406.04 v _314273_/A2 (AO21x1_ASAP7_75t_R)
     2    1.46   11.66   19.20 5425.24 v _314273_/Y (AO21x1_ASAP7_75t_R)
                                         _061886_ (net)
                 11.66    0.00 5425.24 v _314296_/B1 (AO22x1_ASAP7_75t_R)
     1    0.55    7.54   19.26 5444.50 v _314296_/Y (AO22x1_ASAP7_75t_R)
                                         _061910_ (net)
                  7.54    0.00 5444.50 v _314297_/E (OR5x1_ASAP7_75t_R)
     6    4.58   34.64   53.51 5498.01 v _314297_/Y (OR5x1_ASAP7_75t_R)
                                         _061912_ (net)
                 34.64    0.00 5498.01 v _315670_/A (OR5x1_ASAP7_75t_R)
     5    3.69   30.10   49.24 5547.26 v _315670_/Y (OR5x1_ASAP7_75t_R)
                                         _063427_ (net)
                 30.10    0.00 5547.26 v _316354_/A1 (AOI21x1_ASAP7_75t_R)
     4    2.88   24.14   17.88 5565.14 ^ _316354_/Y (AOI21x1_ASAP7_75t_R)
                                         _064181_ (net)
                 24.14    0.00 5565.14 ^ _316437_/B (AND3x1_ASAP7_75t_R)
     4    2.75   23.94   31.02 5596.16 ^ _316437_/Y (AND3x1_ASAP7_75t_R)
                                         _064273_ (net)
                 23.94    0.00 5596.16 ^ _316704_/A (AND2x2_ASAP7_75t_R)
     1    1.01    8.53   19.76 5615.92 ^ _316704_/Y (AND2x2_ASAP7_75t_R)
                                         _064564_ (net)
                  8.53    0.00 5615.92 ^ _316705_/B (XNOR2x2_ASAP7_75t_R)
     1    0.65    7.68   27.88 5643.80 v _316705_/Y (XNOR2x2_ASAP7_75t_R)
                                         _064565_ (net)
                  7.68    0.00 5643.80 v _316718_/A2 (OA21x2_ASAP7_75t_R)
     1    0.00   22.60   15.18 5658.98 v _316718_/Y (OA21x2_ASAP7_75t_R)
                                         result[122] (net)
                 22.60    0.00 5658.98 v result[122] (out)
                               5658.98   data arrival time

                  0.00 5000.00 5000.00   clock clk (rise edge)
                          0.00 5000.00   clock network delay (ideal)
                          0.00 5000.00   clock reconvergence pessimism
                       -1000.00 4000.00   output external delay
                               4000.00   data required time
-----------------------------------------------------------------------------
                               4000.00   data required time
                               -5658.98   data arrival time
-----------------------------------------------------------------------------
                               -1658.98   slack (VIOLATED)



==========================================================================
floorplan final report_power
--------------------------------------------------------------------------
Group                  Internal  Switching    Leakage      Total
                          Power      Power      Power      Power (Watts)
----------------------------------------------------------------
Sequential             0.00e+00   0.00e+00   0.00e+00   0.00e+00   0.0%
Combinational          1.58e+00   1.28e+00   1.56e-05   2.85e+00 100.0%
Clock                  0.00e+00   0.00e+00   0.00e+00   0.00e+00   0.0%
Macro                  0.00e+00   0.00e+00   0.00e+00   0.00e+00   0.0%
Pad                    0.00e+00   0.00e+00   0.00e+00   0.00e+00   0.0%
----------------------------------------------------------------
Total                  1.58e+00   1.28e+00   1.56e-05   2.85e+00 100.0%
                          55.2%      44.8%       0.0%
