
==========================================================================
global place report_tns
--------------------------------------------------------------------------
tns -760338.69

==========================================================================
global place report_wns
--------------------------------------------------------------------------
wns -6324.43

==========================================================================
global place report_worst_slack
--------------------------------------------------------------------------
worst slack -6324.43

==========================================================================
global place report_checks -path_delay min
--------------------------------------------------------------------------
Startpoint: srcb[16] (input port clocked by clk)
Endpoint: result[0] (output port clocked by clk)
Path Group: clk
Path Type: min

Fanout     Cap    Slew   Delay    Time   Description
-----------------------------------------------------------------------------
                  0.00    0.00    0.00   clock clk (rise edge)
                          0.00    0.00   clock network delay (ideal)
                       1000.00 1000.00 ^ input external delay
     4   12.94    0.00    0.00 1000.00 ^ srcb[16] (in)
                                         srcb[16] (net)
                 32.71   10.32 1010.32 ^ _161176_/A1 (AO32x1_ASAP7_75t_R)
     2    1.79   14.82   25.65 1035.97 ^ _161176_/Y (AO32x1_ASAP7_75t_R)
                                         _077583_ (net)
                 14.82    0.01 1035.98 ^ _161455_/A (XNOR2x2_ASAP7_75t_R)
     2   12.74   51.75   35.09 1071.07 ^ _161455_/Y (XNOR2x2_ASAP7_75t_R)
                                         _080652_ (net)
                 56.54    8.24 1079.31 ^ _161473_/A2 (OA21x2_ASAP7_75t_R)
     1    0.40    6.97   23.20 1102.50 ^ _161473_/Y (OA21x2_ASAP7_75t_R)
                                         _080850_ (net)
                  6.97    0.00 1102.50 ^ _184672_/A (OR4x1_ASAP7_75t_R)
     1    0.86    8.62   12.43 1114.93 ^ _184672_/Y (OR4x1_ASAP7_75t_R)
                                         _077105_ (net)
                  8.62    0.05 1114.98 ^ _248137_/A1 (OA21x2_ASAP7_75t_R)
     1   10.54   37.50   27.61 1142.60 ^ _248137_/Y (OA21x2_ASAP7_75t_R)
                                         result[0] (net)
                 46.55    9.41 1152.01 ^ result[0] (out)
                               1152.01   data arrival time

                  0.00    0.00    0.00   clock clk (rise edge)
                          0.00    0.00   clock network delay (ideal)
                          0.00    0.00   clock reconvergence pessimism
                       -1000.00 -1000.00   output external delay
                               -1000.00   data required time
-----------------------------------------------------------------------------
                               -1000.00   data required time
                               -1152.01   data arrival time
-----------------------------------------------------------------------------
                               2152.01   slack (MET)



==========================================================================
global place report_checks -path_delay max
--------------------------------------------------------------------------
Startpoint: osize_vector[0] (input port clocked by clk)
Endpoint: result[126] (output port clocked by clk)
Path Group: clk
Path Type: max

Fanout     Cap    Slew   Delay    Time   Description
-----------------------------------------------------------------------------
                  0.00    0.00    0.00   clock clk (rise edge)
                          0.00    0.00   clock network delay (ideal)
                       1000.00 1000.00 v input external delay
   350  385.38    0.00    0.00 1000.00 v osize_vector[0] (in)
                                         osize_vector[0] (net)
               3209.00 1012.33 2012.33 v _162210_/A (INVx1_ASAP7_75t_R)
    42  109.07  807.66 2106.63 4118.96 ^ _162210_/Y (INVx1_ASAP7_75t_R)
                                         _088957_ (net)
                807.66  120.57 4239.53 ^ _162213_/A2 (OA33x2_ASAP7_75t_R)
     3    3.10   28.20   66.94 4306.47 ^ _162213_/Y (OA33x2_ASAP7_75t_R)
                                         _088990_ (net)
                 28.21    0.25 4306.72 ^ _162214_/B (AO21x1_ASAP7_75t_R)
    22   19.40  123.50   63.97 4370.69 ^ _162214_/Y (AO21x1_ASAP7_75t_R)
                                         _089001_ (net)
                123.51    0.65 4371.34 ^ _162984_/A2 (OA21x2_ASAP7_75t_R)
     7    5.49   22.68   38.12 4409.46 ^ _162984_/Y (OA21x2_ASAP7_75t_R)
                                         _097510_ (net)
                 22.68    0.06 4409.52 ^ _162986_/B2 (AOI221x1_ASAP7_75t_R)
   201  237.62 2371.58  765.54 5175.06 v _162986_/Y (AOI221x1_ASAP7_75t_R)
                                         _097532_ (net)
               2418.40  190.07 5365.14 v _167909_/A (NAND2x1_ASAP7_75t_R)
    32   90.09 1643.69 1273.31 6638.45 ^ _167909_/Y (NAND2x1_ASAP7_75t_R)
                                         _152177_ (net)
               1800.41  302.67 6941.12 ^ _206682_/A1 (OA211x2_ASAP7_75t_R)
     1    0.66   43.20  130.55 7071.67 ^ _206682_/Y (OA211x2_ASAP7_75t_R)
                                         _101390_ (net)
                 43.20    0.00 7071.67 ^ _206687_/A (OR4x1_ASAP7_75t_R)
     4    3.83   29.85   28.97 7100.65 ^ _206687_/Y (OR4x1_ASAP7_75t_R)
                                         _101396_ (net)
                 29.86    0.19 7100.84 ^ _206692_/A (XNOR2x2_ASAP7_75t_R)
     1    1.00    8.65   33.90 7134.73 v _206692_/Y (XNOR2x2_ASAP7_75t_R)
                                         _101401_ (net)
                  8.65    0.02 7134.75 v _206693_/B (XNOR2x2_ASAP7_75t_R)
     4    3.96   17.29   27.30 7162.05 v _206693_/Y (XNOR2x2_ASAP7_75t_R)
                                         _101402_ (net)
                 17.30    0.25 7162.30 v _206694_/B (XNOR2x2_ASAP7_75t_R)
     1    1.02    8.98   26.47 7188.77 ^ _206694_/Y (XNOR2x2_ASAP7_75t_R)
                                         _101403_ (net)
                  8.98    0.00 7188.77 ^ _206695_/B (XNOR2x2_ASAP7_75t_R)
     3    2.98   14.19   32.69 7221.47 v _206695_/Y (XNOR2x2_ASAP7_75t_R)
                                         _101404_ (net)
                 14.19    0.06 7221.53 v _206842_/C (OR3x1_ASAP7_75t_R)
     4    4.31   29.95   36.82 7258.34 v _206842_/Y (OR3x1_ASAP7_75t_R)
                                         _101568_ (net)
                 29.95    0.16 7258.51 v _206893_/B2 (AO22x1_ASAP7_75t_R)
     2    1.12   10.32   25.29 7283.80 v _206893_/Y (AO22x1_ASAP7_75t_R)
                                         _101624_ (net)
                 10.32    0.00 7283.80 v _206894_/B (OR2x2_ASAP7_75t_R)
     1    1.02    7.87   19.67 7303.47 v _206894_/Y (OR2x2_ASAP7_75t_R)
                                         _101625_ (net)
                  7.87    0.02 7303.49 v _206895_/B (XNOR2x2_ASAP7_75t_R)
     3    2.30   12.30   24.28 7327.77 v _206895_/Y (XNOR2x2_ASAP7_75t_R)
                                         _101626_ (net)
                 12.31    0.05 7327.82 v _206918_/B (XOR2x2_ASAP7_75t_R)
     1    1.05    8.89   29.04 7356.86 ^ _206918_/Y (XOR2x2_ASAP7_75t_R)
                                         _101653_ (net)
                  8.89    0.01 7356.87 ^ _206919_/B (XNOR2x2_ASAP7_75t_R)
     4    6.52   25.70   37.21 7394.08 v _206919_/Y (XNOR2x2_ASAP7_75t_R)
                                         _101654_ (net)
                 26.87    2.96 7397.03 v _206920_/B (AO21x1_ASAP7_75t_R)
     1    0.50    6.56   18.60 7415.64 v _206920_/Y (AO21x1_ASAP7_75t_R)
                                         _101655_ (net)
                  6.56    0.00 7415.64 v _207018_/B1 (AO32x1_ASAP7_75t_R)
     3    2.47   17.35   26.18 7441.82 v _207018_/Y (AO32x1_ASAP7_75t_R)
                                         _101764_ (net)
                 17.35    0.07 7441.89 v _207664_/A (MAJx2_ASAP7_75t_R)
     1    0.93    8.62   24.57 7466.46 v _207664_/Y (MAJx2_ASAP7_75t_R)
                                         _102480_ (net)
                  8.62    0.00 7466.46 v _207665_/B (XNOR2x2_ASAP7_75t_R)
     1    0.92    8.34   21.67 7488.13 v _207665_/Y (XNOR2x2_ASAP7_75t_R)
                                         _102481_ (net)
                  8.34    0.00 7488.13 v _207666_/B (XNOR2x2_ASAP7_75t_R)
     6    5.08   23.03   30.60 7518.73 ^ _207666_/Y (XNOR2x2_ASAP7_75t_R)
                                         _102482_ (net)
                 23.03    0.34 7519.06 ^ _207667_/B (NAND2x1_ASAP7_75t_R)
     5    5.75   34.65   23.11 7542.18 v _207667_/Y (NAND2x1_ASAP7_75t_R)
                                         _102484_ (net)
                 34.65    0.10 7542.27 v _207759_/A1 (OAI21x1_ASAP7_75t_R)
     2    1.73   21.58   17.95 7560.22 ^ _207759_/Y (OAI21x1_ASAP7_75t_R)
                                         _102586_ (net)
                 21.58    0.01 7560.24 ^ _207763_/B (AND3x1_ASAP7_75t_R)
     3    7.81   61.48   44.53 7604.77 ^ _207763_/Y (AND3x1_ASAP7_75t_R)
                                         _102590_ (net)
                 62.77    4.92 7609.69 ^ _207764_/B (NOR2x1_ASAP7_75t_R)
     6    7.62   55.65   42.72 7652.41 v _207764_/Y (NOR2x1_ASAP7_75t_R)
                                         _102591_ (net)
                 55.67    0.60 7653.01 v _208241_/B (MAJx2_ASAP7_75t_R)
     1    1.08   10.21   37.14 7690.15 v _208241_/Y (MAJx2_ASAP7_75t_R)
                                         _103121_ (net)
                 10.21    0.01 7690.16 v _208243_/A (XNOR2x2_ASAP7_75t_R)
     3    3.01   14.26   27.03 7717.18 v _208243_/Y (XNOR2x2_ASAP7_75t_R)
                                         _103123_ (net)
                 14.27    0.10 7717.28 v _208354_/A (INVx1_ASAP7_75t_R)
     2    2.16   16.43   12.00 7729.28 ^ _208354_/Y (INVx1_ASAP7_75t_R)
                                         _103246_ (net)
                 16.43    0.03 7729.30 ^ _210788_/B (XNOR2x2_ASAP7_75t_R)
     1    0.94    8.26   30.41 7759.71 v _210788_/Y (XNOR2x2_ASAP7_75t_R)
                                         _105948_ (net)
                  8.26    0.01 7759.72 v _210789_/B (XNOR2x2_ASAP7_75t_R)
     4    6.09   27.17   31.39 7791.11 ^ _210789_/Y (XNOR2x2_ASAP7_75t_R)
                                         _105949_ (net)
                 27.68    2.05 7793.17 ^ _210790_/E (AND5x1_ASAP7_75t_R)
     4    6.11   52.58   53.59 7846.75 ^ _210790_/Y (AND5x1_ASAP7_75t_R)
                                         _105950_ (net)
                 52.90    2.30 7849.05 ^ _210793_/A (AND2x2_ASAP7_75t_R)
     4    3.74   18.36   29.31 7878.36 ^ _210793_/Y (AND2x2_ASAP7_75t_R)
                                         _105953_ (net)
                 18.36    0.06 7878.43 ^ _210794_/D (AND4x1_ASAP7_75t_R)
    14   13.79  102.97   69.92 7948.34 ^ _210794_/Y (AND4x1_ASAP7_75t_R)
                                         _105954_ (net)
                103.01    1.23 7949.57 ^ _210795_/C (AND3x2_ASAP7_75t_R)
     7    6.15   29.60   45.77 7995.34 ^ _210795_/Y (AND3x2_ASAP7_75t_R)
                                         _105955_ (net)
                 29.61    0.19 7995.53 ^ _210796_/B (XNOR2x2_ASAP7_75t_R)
     2    1.64   10.44   34.36 8029.89 v _210796_/Y (XNOR2x2_ASAP7_75t_R)
                                         _105956_ (net)
                 10.44    0.01 8029.91 v _210797_/B (XNOR2x2_ASAP7_75t_R)
     9    8.94   37.07   36.91 8066.82 ^ _210797_/Y (XNOR2x2_ASAP7_75t_R)
                                         _105958_ (net)
                 37.07    0.21 8067.03 ^ _215901_/A (AND4x1_ASAP7_75t_R)
     8    8.91   70.75   57.13 8124.16 ^ _215901_/Y (AND4x1_ASAP7_75t_R)
                                         _111623_ (net)
                 70.96    2.34 8126.50 ^ _216369_/B (NOR2x1_ASAP7_75t_R)
     2    2.74   31.23   27.71 8154.21 v _216369_/Y (NOR2x1_ASAP7_75t_R)
                                         _112143_ (net)
                 31.23    0.19 8154.40 v _216370_/B (XNOR2x2_ASAP7_75t_R)
     1    0.77    8.03   26.52 8180.93 v _216370_/Y (XNOR2x2_ASAP7_75t_R)
                                         _112144_ (net)
                  8.03    0.03 8180.96 v _216371_/B1 (AO32x1_ASAP7_75t_R)
     3    2.46   17.40   26.56 8207.52 v _216371_/Y (AO32x1_ASAP7_75t_R)
                                         _112145_ (net)
                 17.40    0.07 8207.59 v _216372_/C (MAJx2_ASAP7_75t_R)
     5    5.16   21.59   32.73 8240.32 v _216372_/Y (MAJx2_ASAP7_75t_R)
                                         _112146_ (net)
                 21.64    0.56 8240.88 v _244215_/B (OR3x1_ASAP7_75t_R)
     1    0.64    9.48   26.25 8267.12 v _244215_/Y (OR3x1_ASAP7_75t_R)
                                         _143051_ (net)
                  9.48    0.00 8267.12 v _244216_/B (AO21x1_ASAP7_75t_R)
     2    2.45   16.44   20.70 8287.82 v _244216_/Y (AO21x1_ASAP7_75t_R)
                                         _143052_ (net)
                 16.46    0.25 8288.07 v _244228_/A (AND2x2_ASAP7_75t_R)
     3    3.01   12.48   23.50 8311.57 v _244228_/Y (AND2x2_ASAP7_75t_R)
                                         _143067_ (net)
                 12.48    0.03 8311.60 v _244258_/A2 (OA21x2_ASAP7_75t_R)
     1    1.15    7.56   18.53 8330.13 v _244258_/Y (OA21x2_ASAP7_75t_R)
                                         _143100_ (net)
                  7.56    0.02 8330.15 v _244260_/A (XNOR2x2_ASAP7_75t_R)
     4   15.78   63.70   39.89 8370.04 ^ _244260_/Y (XNOR2x2_ASAP7_75t_R)
                                         _143102_ (net)
                 85.27   19.05 8389.09 ^ _244274_/B (MAJx2_ASAP7_75t_R)
     1    0.69    9.56   36.88 8425.97 ^ _244274_/Y (MAJx2_ASAP7_75t_R)
                                         _143117_ (net)
                  9.56    0.01 8425.98 ^ _244275_/B (OA21x2_ASAP7_75t_R)
     1    0.45    7.49   15.31 8441.28 ^ _244275_/Y (OA21x2_ASAP7_75t_R)
                                         _143118_ (net)
                  7.49    0.00 8441.29 ^ _244990_/B1 (AO22x1_ASAP7_75t_R)
     4    4.92   35.27   27.46 8468.75 ^ _244990_/Y (AO22x1_ASAP7_75t_R)
                                         _143912_ (net)
                 35.33    0.93 8469.67 ^ _245062_/A1 (AO211x2_ASAP7_75t_R)
     4   14.74   52.19   42.50 8512.17 ^ _245062_/Y (AO211x2_ASAP7_75t_R)
                                         _143992_ (net)
                 72.58   16.77 8528.95 ^ _245063_/B (NAND2x1_ASAP7_75t_R)
     3    2.86   31.13   24.49 8553.44 v _245063_/Y (NAND2x1_ASAP7_75t_R)
                                         _143993_ (net)
                 31.13    0.03 8553.47 v _245064_/C (MAJx2_ASAP7_75t_R)
     1    1.13    9.09   29.15 8582.62 v _245064_/Y (MAJx2_ASAP7_75t_R)
                                         _143994_ (net)
                  9.09    0.02 8582.64 v _245065_/B (XOR2x2_ASAP7_75t_R)
     3   24.54   70.82   43.28 8625.92 v _245065_/Y (XOR2x2_ASAP7_75t_R)
                                         _143995_ (net)
                159.69   45.81 8671.73 v _245998_/A2 (AO21x1_ASAP7_75t_R)
     3    2.23   17.24   39.03 8710.76 v _245998_/Y (AO21x1_ASAP7_75t_R)
                                         _145031_ (net)
                 17.24    0.02 8710.78 v _245999_/C (AO221x1_ASAP7_75t_R)
    47   60.45  350.29   71.62 8782.40 v _245999_/Y (AO221x1_ASAP7_75t_R)
                                         _145032_ (net)
                672.57  197.70 8980.10 v _307704_/A (NAND2x1_ASAP7_75t_R)
     9    7.75  203.17  178.94 9159.04 ^ _307704_/Y (NAND2x1_ASAP7_75t_R)
                                         _054598_ (net)
                203.17    0.02 9159.06 ^ _307720_/B (XNOR2x2_ASAP7_75t_R)
     4    2.57   15.82   51.90 9210.96 v _307720_/Y (XNOR2x2_ASAP7_75t_R)
                                         _054617_ (net)
                 15.83    0.22 9211.18 v _307721_/B (AND2x2_ASAP7_75t_R)
     3    2.07   13.22   20.75 9231.93 v _307721_/Y (AND2x2_ASAP7_75t_R)
                                         _054618_ (net)
                 13.23    0.06 9231.99 v _307735_/B1 (AO221x1_ASAP7_75t_R)
     2    1.72   14.18   24.45 9256.43 v _307735_/Y (AO221x1_ASAP7_75t_R)
                                         _054633_ (net)
                 14.18    0.03 9256.46 v _307736_/B (AND2x2_ASAP7_75t_R)
     2    1.20    7.41   18.66 9275.12 v _307736_/Y (AND2x2_ASAP7_75t_R)
                                         _054634_ (net)
                  7.41    0.02 9275.14 v _307827_/B (OR5x1_ASAP7_75t_R)
     5    6.92   50.02   55.27 9330.41 v _307827_/Y (OR5x1_ASAP7_75t_R)
                                         _054736_ (net)
                 50.20    1.77 9332.18 v _308331_/A1 (AO21x1_ASAP7_75t_R)
     6    4.66   27.63   34.86 9367.04 v _308331_/Y (AO21x1_ASAP7_75t_R)
                                         _055295_ (net)
                 27.63    0.07 9367.11 v _308436_/B2 (AO22x1_ASAP7_75t_R)
     1    1.06    9.91   24.51 9391.62 v _308436_/Y (AO22x1_ASAP7_75t_R)
                                         _055411_ (net)
                  9.91    0.00 9391.62 v _308437_/B (XOR2x2_ASAP7_75t_R)
     2    1.91   11.98   30.01 9421.64 ^ _308437_/Y (XOR2x2_ASAP7_75t_R)
                                         _055413_ (net)
                 11.98    0.08 9421.72 ^ _308441_/A2 (OAI21x1_ASAP7_75t_R)
     1    0.44   72.38    6.67 9428.39 v _308441_/Y (OAI21x1_ASAP7_75t_R)
                                         _055417_ (net)
                 72.38    0.00 9428.39 v _308443_/B (OA211x2_ASAP7_75t_R)
     3    6.22   29.33   53.87 9482.26 v _308443_/Y (OA211x2_ASAP7_75t_R)
                                         _055419_ (net)
                 30.49    3.06 9485.32 v _308460_/A (OR2x2_ASAP7_75t_R)
     1    0.58    7.16   23.92 9509.24 v _308460_/Y (OR2x2_ASAP7_75t_R)
                                         _055438_ (net)
                  7.16    0.00 9509.24 v _308461_/E (OR5x1_ASAP7_75t_R)
     2    2.49   24.23   46.11 9555.35 v _308461_/Y (OR5x1_ASAP7_75t_R)
                                         _055439_ (net)
                 24.24    0.18 9555.53 v _308853_/A1 (OA31x2_ASAP7_75t_R)
     4    3.93   16.92   24.04 9579.58 v _308853_/Y (OA31x2_ASAP7_75t_R)
                                         _055874_ (net)
                 17.01    0.69 9580.27 v _309064_/A (OR5x1_ASAP7_75t_R)
     3    3.28   28.74   43.15 9623.42 v _309064_/Y (OR5x1_ASAP7_75t_R)
                                         _056108_ (net)
                 28.76    0.35 9623.77 v _309066_/A2 (OA21x2_ASAP7_75t_R)
     4    5.56   20.17   28.92 9652.69 v _309066_/Y (OA21x2_ASAP7_75t_R)
                                         _056110_ (net)
                 20.62    1.67 9654.36 v _309121_/B (OR4x1_ASAP7_75t_R)
     6    5.06   37.06   46.67 9701.03 v _309121_/Y (OR4x1_ASAP7_75t_R)
                                         _056172_ (net)
                 37.10    0.87 9701.90 v _309174_/B (OR5x1_ASAP7_75t_R)
     3    2.96   26.84   49.86 9751.76 v _309174_/Y (OR5x1_ASAP7_75t_R)
                                         _056230_ (net)
                 26.85    0.25 9752.01 v _309220_/A (OR3x1_ASAP7_75t_R)
     2    6.44   43.17   43.45 9795.45 v _309220_/Y (OR3x1_ASAP7_75t_R)
                                         _056282_ (net)
                 44.13    3.58 9799.03 v _309233_/A1 (OA21x2_ASAP7_75t_R)
     4    3.31   13.69   27.41 9826.44 v _309233_/Y (OA21x2_ASAP7_75t_R)
                                         _056296_ (net)
                 13.70    0.16 9826.60 v _309311_/B (OR4x1_ASAP7_75t_R)
     7    6.42   44.02   49.02 9875.63 v _309311_/Y (OR4x1_ASAP7_75t_R)
                                         _056382_ (net)
                 44.07    1.01 9876.64 v _309369_/A (OR4x1_ASAP7_75t_R)
     4    3.47   27.89   46.12 9922.76 v _309369_/Y (OR4x1_ASAP7_75t_R)
                                         _056447_ (net)
                 27.90    0.31 9923.07 v _313386_/A2 (AO211x2_ASAP7_75t_R)
     7    7.59   25.59   29.16 9952.23 v _313386_/Y (AO211x2_ASAP7_75t_R)
                                         _060905_ (net)
                 25.88    1.51 9953.74 v _313422_/B (OR5x1_ASAP7_75t_R)
     2    2.25   22.87   44.52 9998.25 v _313422_/Y (OR5x1_ASAP7_75t_R)
                                         _060946_ (net)
                 22.88    0.26 9998.51 v _313432_/A2 (AO211x2_ASAP7_75t_R)
     6    5.12   17.55   25.96 10024.47 v _313432_/Y (AO211x2_ASAP7_75t_R)
                                         _060957_ (net)
                 17.56    0.22 10024.69 v _314297_/C (OR5x1_ASAP7_75t_R)
     6    5.14   39.55   55.11 10079.80 v _314297_/Y (OR5x1_ASAP7_75t_R)
                                         _061912_ (net)
                 39.56    0.35 10080.15 v _315245_/A (OR3x1_ASAP7_75t_R)
     2    1.69   15.85   34.12 10114.26 v _315245_/Y (OR3x1_ASAP7_75t_R)
                                         _062958_ (net)
                 15.85    0.02 10114.29 v _315398_/A (XNOR2x2_ASAP7_75t_R)
     3   10.03   37.83   35.73 10150.02 v _315398_/Y (XNOR2x2_ASAP7_75t_R)
                                         _063128_ (net)
                 42.28    6.76 10156.77 v _316919_/A (INVx1_ASAP7_75t_R)
     1    0.58   13.18   11.06 10167.84 ^ _316919_/Y (INVx1_ASAP7_75t_R)
                                         _064800_ (net)
                 13.18    0.00 10167.84 ^ _316929_/B1 (AO221x1_ASAP7_75t_R)
     1    2.20   53.00   24.02 10191.86 ^ _316929_/Y (AO221x1_ASAP7_75t_R)
                                         _064811_ (net)
                 53.01    0.31 10192.17 ^ _316930_/B (AOI21x1_ASAP7_75t_R)
     1    2.20  292.86   16.84 10209.01 v _316930_/Y (AOI21x1_ASAP7_75t_R)
                                         _064812_ (net)
                292.86    0.31 10209.32 v _316931_/B (AOI21x1_ASAP7_75t_R)
     1   12.87  364.86   99.66 10308.98 ^ _316931_/Y (AOI21x1_ASAP7_75t_R)
                                         result[126] (net)
                367.06   15.46 10324.43 ^ result[126] (out)
                               10324.43   data arrival time

                  0.00 5000.00 5000.00   clock clk (rise edge)
                          0.00 5000.00   clock network delay (ideal)
                          0.00 5000.00   clock reconvergence pessimism
                       -1000.00 4000.00   output external delay
                               4000.00   data required time
-----------------------------------------------------------------------------
                               4000.00   data required time
                               -10324.43   data arrival time
-----------------------------------------------------------------------------
                               -6324.43   slack (VIOLATED)



==========================================================================
global place report_checks -unconstrained
--------------------------------------------------------------------------
Startpoint: osize_vector[0] (input port clocked by clk)
Endpoint: result[126] (output port clocked by clk)
Path Group: clk
Path Type: max

Fanout     Cap    Slew   Delay    Time   Description
-----------------------------------------------------------------------------
                  0.00    0.00    0.00   clock clk (rise edge)
                          0.00    0.00   clock network delay (ideal)
                       1000.00 1000.00 v input external delay
   350  385.38    0.00    0.00 1000.00 v osize_vector[0] (in)
                                         osize_vector[0] (net)
               3209.00 1012.33 2012.33 v _162210_/A (INVx1_ASAP7_75t_R)
    42  109.07  807.66 2106.63 4118.96 ^ _162210_/Y (INVx1_ASAP7_75t_R)
                                         _088957_ (net)
                807.66  120.57 4239.53 ^ _162213_/A2 (OA33x2_ASAP7_75t_R)
     3    3.10   28.20   66.94 4306.47 ^ _162213_/Y (OA33x2_ASAP7_75t_R)
                                         _088990_ (net)
                 28.21    0.25 4306.72 ^ _162214_/B (AO21x1_ASAP7_75t_R)
    22   19.40  123.50   63.97 4370.69 ^ _162214_/Y (AO21x1_ASAP7_75t_R)
                                         _089001_ (net)
                123.51    0.65 4371.34 ^ _162984_/A2 (OA21x2_ASAP7_75t_R)
     7    5.49   22.68   38.12 4409.46 ^ _162984_/Y (OA21x2_ASAP7_75t_R)
                                         _097510_ (net)
                 22.68    0.06 4409.52 ^ _162986_/B2 (AOI221x1_ASAP7_75t_R)
   201  237.62 2371.58  765.54 5175.06 v _162986_/Y (AOI221x1_ASAP7_75t_R)
                                         _097532_ (net)
               2418.40  190.07 5365.14 v _167909_/A (NAND2x1_ASAP7_75t_R)
    32   90.09 1643.69 1273.31 6638.45 ^ _167909_/Y (NAND2x1_ASAP7_75t_R)
                                         _152177_ (net)
               1800.41  302.67 6941.12 ^ _206682_/A1 (OA211x2_ASAP7_75t_R)
     1    0.66   43.20  130.55 7071.67 ^ _206682_/Y (OA211x2_ASAP7_75t_R)
                                         _101390_ (net)
                 43.20    0.00 7071.67 ^ _206687_/A (OR4x1_ASAP7_75t_R)
     4    3.83   29.85   28.97 7100.65 ^ _206687_/Y (OR4x1_ASAP7_75t_R)
                                         _101396_ (net)
                 29.86    0.19 7100.84 ^ _206692_/A (XNOR2x2_ASAP7_75t_R)
     1    1.00    8.65   33.90 7134.73 v _206692_/Y (XNOR2x2_ASAP7_75t_R)
                                         _101401_ (net)
                  8.65    0.02 7134.75 v _206693_/B (XNOR2x2_ASAP7_75t_R)
     4    3.96   17.29   27.30 7162.05 v _206693_/Y (XNOR2x2_ASAP7_75t_R)
                                         _101402_ (net)
                 17.30    0.25 7162.30 v _206694_/B (XNOR2x2_ASAP7_75t_R)
     1    1.02    8.98   26.47 7188.77 ^ _206694_/Y (XNOR2x2_ASAP7_75t_R)
                                         _101403_ (net)
                  8.98    0.00 7188.77 ^ _206695_/B (XNOR2x2_ASAP7_75t_R)
     3    2.98   14.19   32.69 7221.47 v _206695_/Y (XNOR2x2_ASAP7_75t_R)
                                         _101404_ (net)
                 14.19    0.06 7221.53 v _206842_/C (OR3x1_ASAP7_75t_R)
     4    4.31   29.95   36.82 7258.34 v _206842_/Y (OR3x1_ASAP7_75t_R)
                                         _101568_ (net)
                 29.95    0.16 7258.51 v _206893_/B2 (AO22x1_ASAP7_75t_R)
     2    1.12   10.32   25.29 7283.80 v _206893_/Y (AO22x1_ASAP7_75t_R)
                                         _101624_ (net)
                 10.32    0.00 7283.80 v _206894_/B (OR2x2_ASAP7_75t_R)
     1    1.02    7.87   19.67 7303.47 v _206894_/Y (OR2x2_ASAP7_75t_R)
                                         _101625_ (net)
                  7.87    0.02 7303.49 v _206895_/B (XNOR2x2_ASAP7_75t_R)
     3    2.30   12.30   24.28 7327.77 v _206895_/Y (XNOR2x2_ASAP7_75t_R)
                                         _101626_ (net)
                 12.31    0.05 7327.82 v _206918_/B (XOR2x2_ASAP7_75t_R)
     1    1.05    8.89   29.04 7356.86 ^ _206918_/Y (XOR2x2_ASAP7_75t_R)
                                         _101653_ (net)
                  8.89    0.01 7356.87 ^ _206919_/B (XNOR2x2_ASAP7_75t_R)
     4    6.52   25.70   37.21 7394.08 v _206919_/Y (XNOR2x2_ASAP7_75t_R)
                                         _101654_ (net)
                 26.87    2.96 7397.03 v _206920_/B (AO21x1_ASAP7_75t_R)
     1    0.50    6.56   18.60 7415.64 v _206920_/Y (AO21x1_ASAP7_75t_R)
                                         _101655_ (net)
                  6.56    0.00 7415.64 v _207018_/B1 (AO32x1_ASAP7_75t_R)
     3    2.47   17.35   26.18 7441.82 v _207018_/Y (AO32x1_ASAP7_75t_R)
                                         _101764_ (net)
                 17.35    0.07 7441.89 v _207664_/A (MAJx2_ASAP7_75t_R)
     1    0.93    8.62   24.57 7466.46 v _207664_/Y (MAJx2_ASAP7_75t_R)
                                         _102480_ (net)
                  8.62    0.00 7466.46 v _207665_/B (XNOR2x2_ASAP7_75t_R)
     1    0.92    8.34   21.67 7488.13 v _207665_/Y (XNOR2x2_ASAP7_75t_R)
                                         _102481_ (net)
                  8.34    0.00 7488.13 v _207666_/B (XNOR2x2_ASAP7_75t_R)
     6    5.08   23.03   30.60 7518.73 ^ _207666_/Y (XNOR2x2_ASAP7_75t_R)
                                         _102482_ (net)
                 23.03    0.34 7519.06 ^ _207667_/B (NAND2x1_ASAP7_75t_R)
     5    5.75   34.65   23.11 7542.18 v _207667_/Y (NAND2x1_ASAP7_75t_R)
                                         _102484_ (net)
                 34.65    0.10 7542.27 v _207759_/A1 (OAI21x1_ASAP7_75t_R)
     2    1.73   21.58   17.95 7560.22 ^ _207759_/Y (OAI21x1_ASAP7_75t_R)
                                         _102586_ (net)
                 21.58    0.01 7560.24 ^ _207763_/B (AND3x1_ASAP7_75t_R)
     3    7.81   61.48   44.53 7604.77 ^ _207763_/Y (AND3x1_ASAP7_75t_R)
                                         _102590_ (net)
                 62.77    4.92 7609.69 ^ _207764_/B (NOR2x1_ASAP7_75t_R)
     6    7.62   55.65   42.72 7652.41 v _207764_/Y (NOR2x1_ASAP7_75t_R)
                                         _102591_ (net)
                 55.67    0.60 7653.01 v _208241_/B (MAJx2_ASAP7_75t_R)
     1    1.08   10.21   37.14 7690.15 v _208241_/Y (MAJx2_ASAP7_75t_R)
                                         _103121_ (net)
                 10.21    0.01 7690.16 v _208243_/A (XNOR2x2_ASAP7_75t_R)
     3    3.01   14.26   27.03 7717.18 v _208243_/Y (XNOR2x2_ASAP7_75t_R)
                                         _103123_ (net)
                 14.27    0.10 7717.28 v _208354_/A (INVx1_ASAP7_75t_R)
     2    2.16   16.43   12.00 7729.28 ^ _208354_/Y (INVx1_ASAP7_75t_R)
                                         _103246_ (net)
                 16.43    0.03 7729.30 ^ _210788_/B (XNOR2x2_ASAP7_75t_R)
     1    0.94    8.26   30.41 7759.71 v _210788_/Y (XNOR2x2_ASAP7_75t_R)
                                         _105948_ (net)
                  8.26    0.01 7759.72 v _210789_/B (XNOR2x2_ASAP7_75t_R)
     4    6.09   27.17   31.39 7791.11 ^ _210789_/Y (XNOR2x2_ASAP7_75t_R)
                                         _105949_ (net)
                 27.68    2.05 7793.17 ^ _210790_/E (AND5x1_ASAP7_75t_R)
     4    6.11   52.58   53.59 7846.75 ^ _210790_/Y (AND5x1_ASAP7_75t_R)
                                         _105950_ (net)
                 52.90    2.30 7849.05 ^ _210793_/A (AND2x2_ASAP7_75t_R)
     4    3.74   18.36   29.31 7878.36 ^ _210793_/Y (AND2x2_ASAP7_75t_R)
                                         _105953_ (net)
                 18.36    0.06 7878.43 ^ _210794_/D (AND4x1_ASAP7_75t_R)
    14   13.79  102.97   69.92 7948.34 ^ _210794_/Y (AND4x1_ASAP7_75t_R)
                                         _105954_ (net)
                103.01    1.23 7949.57 ^ _210795_/C (AND3x2_ASAP7_75t_R)
     7    6.15   29.60   45.77 7995.34 ^ _210795_/Y (AND3x2_ASAP7_75t_R)
                                         _105955_ (net)
                 29.61    0.19 7995.53 ^ _210796_/B (XNOR2x2_ASAP7_75t_R)
     2    1.64   10.44   34.36 8029.89 v _210796_/Y (XNOR2x2_ASAP7_75t_R)
                                         _105956_ (net)
                 10.44    0.01 8029.91 v _210797_/B (XNOR2x2_ASAP7_75t_R)
     9    8.94   37.07   36.91 8066.82 ^ _210797_/Y (XNOR2x2_ASAP7_75t_R)
                                         _105958_ (net)
                 37.07    0.21 8067.03 ^ _215901_/A (AND4x1_ASAP7_75t_R)
     8    8.91   70.75   57.13 8124.16 ^ _215901_/Y (AND4x1_ASAP7_75t_R)
                                         _111623_ (net)
                 70.96    2.34 8126.50 ^ _216369_/B (NOR2x1_ASAP7_75t_R)
     2    2.74   31.23   27.71 8154.21 v _216369_/Y (NOR2x1_ASAP7_75t_R)
                                         _112143_ (net)
                 31.23    0.19 8154.40 v _216370_/B (XNOR2x2_ASAP7_75t_R)
     1    0.77    8.03   26.52 8180.93 v _216370_/Y (XNOR2x2_ASAP7_75t_R)
                                         _112144_ (net)
                  8.03    0.03 8180.96 v _216371_/B1 (AO32x1_ASAP7_75t_R)
     3    2.46   17.40   26.56 8207.52 v _216371_/Y (AO32x1_ASAP7_75t_R)
                                         _112145_ (net)
                 17.40    0.07 8207.59 v _216372_/C (MAJx2_ASAP7_75t_R)
     5    5.16   21.59   32.73 8240.32 v _216372_/Y (MAJx2_ASAP7_75t_R)
                                         _112146_ (net)
                 21.64    0.56 8240.88 v _244215_/B (OR3x1_ASAP7_75t_R)
     1    0.64    9.48   26.25 8267.12 v _244215_/Y (OR3x1_ASAP7_75t_R)
                                         _143051_ (net)
                  9.48    0.00 8267.12 v _244216_/B (AO21x1_ASAP7_75t_R)
     2    2.45   16.44   20.70 8287.82 v _244216_/Y (AO21x1_ASAP7_75t_R)
                                         _143052_ (net)
                 16.46    0.25 8288.07 v _244228_/A (AND2x2_ASAP7_75t_R)
     3    3.01   12.48   23.50 8311.57 v _244228_/Y (AND2x2_ASAP7_75t_R)
                                         _143067_ (net)
                 12.48    0.03 8311.60 v _244258_/A2 (OA21x2_ASAP7_75t_R)
     1    1.15    7.56   18.53 8330.13 v _244258_/Y (OA21x2_ASAP7_75t_R)
                                         _143100_ (net)
                  7.56    0.02 8330.15 v _244260_/A (XNOR2x2_ASAP7_75t_R)
     4   15.78   63.70   39.89 8370.04 ^ _244260_/Y (XNOR2x2_ASAP7_75t_R)
                                         _143102_ (net)
                 85.27   19.05 8389.09 ^ _244274_/B (MAJx2_ASAP7_75t_R)
     1    0.69    9.56   36.88 8425.97 ^ _244274_/Y (MAJx2_ASAP7_75t_R)
                                         _143117_ (net)
                  9.56    0.01 8425.98 ^ _244275_/B (OA21x2_ASAP7_75t_R)
     1    0.45    7.49   15.31 8441.28 ^ _244275_/Y (OA21x2_ASAP7_75t_R)
                                         _143118_ (net)
                  7.49    0.00 8441.29 ^ _244990_/B1 (AO22x1_ASAP7_75t_R)
     4    4.92   35.27   27.46 8468.75 ^ _244990_/Y (AO22x1_ASAP7_75t_R)
                                         _143912_ (net)
                 35.33    0.93 8469.67 ^ _245062_/A1 (AO211x2_ASAP7_75t_R)
     4   14.74   52.19   42.50 8512.17 ^ _245062_/Y (AO211x2_ASAP7_75t_R)
                                         _143992_ (net)
                 72.58   16.77 8528.95 ^ _245063_/B (NAND2x1_ASAP7_75t_R)
     3    2.86   31.13   24.49 8553.44 v _245063_/Y (NAND2x1_ASAP7_75t_R)
                                         _143993_ (net)
                 31.13    0.03 8553.47 v _245064_/C (MAJx2_ASAP7_75t_R)
     1    1.13    9.09   29.15 8582.62 v _245064_/Y (MAJx2_ASAP7_75t_R)
                                         _143994_ (net)
                  9.09    0.02 8582.64 v _245065_/B (XOR2x2_ASAP7_75t_R)
     3   24.54   70.82   43.28 8625.92 v _245065_/Y (XOR2x2_ASAP7_75t_R)
                                         _143995_ (net)
                159.69   45.81 8671.73 v _245998_/A2 (AO21x1_ASAP7_75t_R)
     3    2.23   17.24   39.03 8710.76 v _245998_/Y (AO21x1_ASAP7_75t_R)
                                         _145031_ (net)
                 17.24    0.02 8710.78 v _245999_/C (AO221x1_ASAP7_75t_R)
    47   60.45  350.29   71.62 8782.40 v _245999_/Y (AO221x1_ASAP7_75t_R)
                                         _145032_ (net)
                672.57  197.70 8980.10 v _307704_/A (NAND2x1_ASAP7_75t_R)
     9    7.75  203.17  178.94 9159.04 ^ _307704_/Y (NAND2x1_ASAP7_75t_R)
                                         _054598_ (net)
                203.17    0.02 9159.06 ^ _307720_/B (XNOR2x2_ASAP7_75t_R)
     4    2.57   15.82   51.90 9210.96 v _307720_/Y (XNOR2x2_ASAP7_75t_R)
                                         _054617_ (net)
                 15.83    0.22 9211.18 v _307721_/B (AND2x2_ASAP7_75t_R)
     3    2.07   13.22   20.75 9231.93 v _307721_/Y (AND2x2_ASAP7_75t_R)
                                         _054618_ (net)
                 13.23    0.06 9231.99 v _307735_/B1 (AO221x1_ASAP7_75t_R)
     2    1.72   14.18   24.45 9256.43 v _307735_/Y (AO221x1_ASAP7_75t_R)
                                         _054633_ (net)
                 14.18    0.03 9256.46 v _307736_/B (AND2x2_ASAP7_75t_R)
     2    1.20    7.41   18.66 9275.12 v _307736_/Y (AND2x2_ASAP7_75t_R)
                                         _054634_ (net)
                  7.41    0.02 9275.14 v _307827_/B (OR5x1_ASAP7_75t_R)
     5    6.92   50.02   55.27 9330.41 v _307827_/Y (OR5x1_ASAP7_75t_R)
                                         _054736_ (net)
                 50.20    1.77 9332.18 v _308331_/A1 (AO21x1_ASAP7_75t_R)
     6    4.66   27.63   34.86 9367.04 v _308331_/Y (AO21x1_ASAP7_75t_R)
                                         _055295_ (net)
                 27.63    0.07 9367.11 v _308436_/B2 (AO22x1_ASAP7_75t_R)
     1    1.06    9.91   24.51 9391.62 v _308436_/Y (AO22x1_ASAP7_75t_R)
                                         _055411_ (net)
                  9.91    0.00 9391.62 v _308437_/B (XOR2x2_ASAP7_75t_R)
     2    1.91   11.98   30.01 9421.64 ^ _308437_/Y (XOR2x2_ASAP7_75t_R)
                                         _055413_ (net)
                 11.98    0.08 9421.72 ^ _308441_/A2 (OAI21x1_ASAP7_75t_R)
     1    0.44   72.38    6.67 9428.39 v _308441_/Y (OAI21x1_ASAP7_75t_R)
                                         _055417_ (net)
                 72.38    0.00 9428.39 v _308443_/B (OA211x2_ASAP7_75t_R)
     3    6.22   29.33   53.87 9482.26 v _308443_/Y (OA211x2_ASAP7_75t_R)
                                         _055419_ (net)
                 30.49    3.06 9485.32 v _308460_/A (OR2x2_ASAP7_75t_R)
     1    0.58    7.16   23.92 9509.24 v _308460_/Y (OR2x2_ASAP7_75t_R)
                                         _055438_ (net)
                  7.16    0.00 9509.24 v _308461_/E (OR5x1_ASAP7_75t_R)
     2    2.49   24.23   46.11 9555.35 v _308461_/Y (OR5x1_ASAP7_75t_R)
                                         _055439_ (net)
                 24.24    0.18 9555.53 v _308853_/A1 (OA31x2_ASAP7_75t_R)
     4    3.93   16.92   24.04 9579.58 v _308853_/Y (OA31x2_ASAP7_75t_R)
                                         _055874_ (net)
                 17.01    0.69 9580.27 v _309064_/A (OR5x1_ASAP7_75t_R)
     3    3.28   28.74   43.15 9623.42 v _309064_/Y (OR5x1_ASAP7_75t_R)
                                         _056108_ (net)
                 28.76    0.35 9623.77 v _309066_/A2 (OA21x2_ASAP7_75t_R)
     4    5.56   20.17   28.92 9652.69 v _309066_/Y (OA21x2_ASAP7_75t_R)
                                         _056110_ (net)
                 20.62    1.67 9654.36 v _309121_/B (OR4x1_ASAP7_75t_R)
     6    5.06   37.06   46.67 9701.03 v _309121_/Y (OR4x1_ASAP7_75t_R)
                                         _056172_ (net)
                 37.10    0.87 9701.90 v _309174_/B (OR5x1_ASAP7_75t_R)
     3    2.96   26.84   49.86 9751.76 v _309174_/Y (OR5x1_ASAP7_75t_R)
                                         _056230_ (net)
                 26.85    0.25 9752.01 v _309220_/A (OR3x1_ASAP7_75t_R)
     2    6.44   43.17   43.45 9795.45 v _309220_/Y (OR3x1_ASAP7_75t_R)
                                         _056282_ (net)
                 44.13    3.58 9799.03 v _309233_/A1 (OA21x2_ASAP7_75t_R)
     4    3.31   13.69   27.41 9826.44 v _309233_/Y (OA21x2_ASAP7_75t_R)
                                         _056296_ (net)
                 13.70    0.16 9826.60 v _309311_/B (OR4x1_ASAP7_75t_R)
     7    6.42   44.02   49.02 9875.63 v _309311_/Y (OR4x1_ASAP7_75t_R)
                                         _056382_ (net)
                 44.07    1.01 9876.64 v _309369_/A (OR4x1_ASAP7_75t_R)
     4    3.47   27.89   46.12 9922.76 v _309369_/Y (OR4x1_ASAP7_75t_R)
                                         _056447_ (net)
                 27.90    0.31 9923.07 v _313386_/A2 (AO211x2_ASAP7_75t_R)
     7    7.59   25.59   29.16 9952.23 v _313386_/Y (AO211x2_ASAP7_75t_R)
                                         _060905_ (net)
                 25.88    1.51 9953.74 v _313422_/B (OR5x1_ASAP7_75t_R)
     2    2.25   22.87   44.52 9998.25 v _313422_/Y (OR5x1_ASAP7_75t_R)
                                         _060946_ (net)
                 22.88    0.26 9998.51 v _313432_/A2 (AO211x2_ASAP7_75t_R)
     6    5.12   17.55   25.96 10024.47 v _313432_/Y (AO211x2_ASAP7_75t_R)
                                         _060957_ (net)
                 17.56    0.22 10024.69 v _314297_/C (OR5x1_ASAP7_75t_R)
     6    5.14   39.55   55.11 10079.80 v _314297_/Y (OR5x1_ASAP7_75t_R)
                                         _061912_ (net)
                 39.56    0.35 10080.15 v _315245_/A (OR3x1_ASAP7_75t_R)
     2    1.69   15.85   34.12 10114.26 v _315245_/Y (OR3x1_ASAP7_75t_R)
                                         _062958_ (net)
                 15.85    0.02 10114.29 v _315398_/A (XNOR2x2_ASAP7_75t_R)
     3   10.03   37.83   35.73 10150.02 v _315398_/Y (XNOR2x2_ASAP7_75t_R)
                                         _063128_ (net)
                 42.28    6.76 10156.77 v _316919_/A (INVx1_ASAP7_75t_R)
     1    0.58   13.18   11.06 10167.84 ^ _316919_/Y (INVx1_ASAP7_75t_R)
                                         _064800_ (net)
                 13.18    0.00 10167.84 ^ _316929_/B1 (AO221x1_ASAP7_75t_R)
     1    2.20   53.00   24.02 10191.86 ^ _316929_/Y (AO221x1_ASAP7_75t_R)
                                         _064811_ (net)
                 53.01    0.31 10192.17 ^ _316930_/B (AOI21x1_ASAP7_75t_R)
     1    2.20  292.86   16.84 10209.01 v _316930_/Y (AOI21x1_ASAP7_75t_R)
                                         _064812_ (net)
                292.86    0.31 10209.32 v _316931_/B (AOI21x1_ASAP7_75t_R)
     1   12.87  364.86   99.66 10308.98 ^ _316931_/Y (AOI21x1_ASAP7_75t_R)
                                         result[126] (net)
                367.06   15.46 10324.43 ^ result[126] (out)
                               10324.43   data arrival time

                  0.00 5000.00 5000.00   clock clk (rise edge)
                          0.00 5000.00   clock network delay (ideal)
                          0.00 5000.00   clock reconvergence pessimism
                       -1000.00 4000.00   output external delay
                               4000.00   data required time
-----------------------------------------------------------------------------
                               4000.00   data required time
                               -10324.43   data arrival time
-----------------------------------------------------------------------------
                               -6324.43   slack (VIOLATED)



==========================================================================
global place report_power
--------------------------------------------------------------------------
Group                  Internal  Switching    Leakage      Total
                          Power      Power      Power      Power (Watts)
----------------------------------------------------------------
Sequential             0.00e+00   0.00e+00   0.00e+00   0.00e+00   0.0%
Combinational          1.59e+00   1.92e+00   1.56e-05   3.51e+00 100.0%
Clock                  0.00e+00   0.00e+00   0.00e+00   0.00e+00   0.0%
Macro                  0.00e+00   0.00e+00   0.00e+00   0.00e+00   0.0%
Pad                    0.00e+00   0.00e+00   0.00e+00   0.00e+00   0.0%
----------------------------------------------------------------
Total                  1.59e+00   1.92e+00   1.56e-05   3.51e+00 100.0%
                          45.4%      54.6%       0.0%
