
==========================================================================
global route report_tns
--------------------------------------------------------------------------
tns 0.00

==========================================================================
global route report_wns
--------------------------------------------------------------------------
wns 0.00

==========================================================================
global route report_worst_slack
--------------------------------------------------------------------------
worst slack 1985.22

==========================================================================
global route report_clock_skew
--------------------------------------------------------------------------
Clock clk
No launch/capture paths found.


==========================================================================
global route report_checks -path_delay min
--------------------------------------------------------------------------
Startpoint: is_left (input port clocked by clk)
Endpoint: result[116] (output port clocked by clk)
Path Group: clk
Path Type: min

Fanout     Cap    Slew   Delay    Time   Description
-----------------------------------------------------------------------------
                  0.00    0.00    0.00   clock clk (rise edge)
                          0.00    0.00   clock network delay (ideal)
                       1000.00 1000.00 v input external delay
     1    2.23    0.00    0.00 1000.00 v is_left (in)
                                         is_left (net)
                  0.50    0.16 1000.16 v input6/A (BUFx16f_ASAP7_75t_R)
    70   55.53   25.42   14.17 1014.33 v input6/Y (BUFx16f_ASAP7_75t_R)
                                         net6 (net)
                 42.87    9.93 1024.26 v _6962_/A1 (AOI21x1_ASAP7_75t_R)
     1    0.57    6.98   11.25 1035.51 ^ _6962_/Y (AOI21x1_ASAP7_75t_R)
                                         net286 (net)
                  6.98    0.03 1035.54 ^ output286/A (BUFx2_ASAP7_75t_R)
     1    0.13    3.91   11.34 1046.88 ^ output286/Y (BUFx2_ASAP7_75t_R)
                                         result[116] (net)
                  3.91    0.01 1046.89 ^ result[116] (out)
                               1046.89   data arrival time

                  0.00    0.00    0.00   clock clk (rise edge)
                          0.00    0.00   clock network delay (ideal)
                          0.00    0.00   clock reconvergence pessimism
                       -1000.00 -1000.00   output external delay
                               -1000.00   data required time
-----------------------------------------------------------------------------
                               -1000.00   data required time
                               -1046.89   data arrival time
-----------------------------------------------------------------------------
                               2046.89   slack (MET)



==========================================================================
global route report_checks -path_delay max
--------------------------------------------------------------------------
Startpoint: is_left (input port clocked by clk)
Endpoint: result[95] (output port clocked by clk)
Path Group: clk
Path Type: max

Fanout     Cap    Slew   Delay    Time   Description
-----------------------------------------------------------------------------
                  0.00    0.00    0.00   clock clk (rise edge)
                          0.00    0.00   clock network delay (ideal)
                       1000.00 1000.00 ^ input external delay
     1    2.90    0.00    0.00 1000.00 ^ is_left (in)
                                         is_left (net)
                  0.66    0.21 1000.21 ^ input6/A (BUFx16f_ASAP7_75t_R)
    70   70.93   36.67   14.40 1014.61 ^ input6/Y (BUFx16f_ASAP7_75t_R)
                                         net6 (net)
                 99.08   29.73 1044.34 ^ load_slew511/A (BUFx16f_ASAP7_75t_R)
   105  104.96   57.06   35.56 1079.90 ^ load_slew511/Y (BUFx16f_ASAP7_75t_R)
                                         net511 (net)
                 95.96   24.36 1104.27 ^ load_slew510/A (BUFx16f_ASAP7_75t_R)
    64   62.61   35.02   32.48 1136.75 ^ load_slew510/Y (BUFx16f_ASAP7_75t_R)
                                         net510 (net)
                 58.02   13.89 1150.64 ^ load_slew509/A (BUFx16f_ASAP7_75t_R)
    83   80.74   47.43   31.38 1182.02 ^ load_slew509/Y (BUFx16f_ASAP7_75t_R)
                                         net509 (net)
                 61.32   12.74 1194.76 ^ load_slew508/A (BUFx16f_ASAP7_75t_R)
    93   88.98   50.99   28.31 1223.07 ^ load_slew508/Y (BUFx16f_ASAP7_75t_R)
                                         net508 (net)
                106.97   31.63 1254.70 ^ _8856_/A (CKINVDCx20_ASAP7_75t_R)
    42   37.19   36.91   20.13 1274.83 v _8856_/Y (CKINVDCx20_ASAP7_75t_R)
                                         _2907_ (net)
                 37.01    1.26 1276.09 v load_slew498/A (BUFx16f_ASAP7_75t_R)
    82   79.28   31.06   26.17 1302.26 v load_slew498/Y (BUFx16f_ASAP7_75t_R)
                                         net498 (net)
                 39.64    6.72 1308.98 v load_slew497/A (BUFx16f_ASAP7_75t_R)
    95   82.64   32.67   26.47 1335.45 v load_slew497/Y (BUFx16f_ASAP7_75t_R)
                                         net497 (net)
                153.10   48.19 1383.64 v load_slew496/A (BUFx16f_ASAP7_75t_R)
    94   91.31   42.16   44.33 1427.97 v load_slew496/Y (BUFx16f_ASAP7_75t_R)
                                         net496 (net)
                 71.17   16.02 1444.00 v _8949_/A (NAND2x2_ASAP7_75t_R)
     2    3.18   42.92   29.39 1473.38 ^ _8949_/Y (NAND2x2_ASAP7_75t_R)
                                         _3908_ (net)
                 42.94    0.52 1473.91 ^ _8951_/C (AND4x2_ASAP7_75t_R)
     9    9.77   45.82   52.85 1526.75 ^ _8951_/Y (AND4x2_ASAP7_75t_R)
                                         _3930_ (net)
                 45.93    1.21 1527.97 ^ _8963_/A2 (OA31x2_ASAP7_75t_R)
     6    6.54   26.44   37.73 1565.69 ^ _8963_/Y (OA31x2_ASAP7_75t_R)
                                         _4058_ (net)
                 26.65    1.28 1566.97 ^ _9285_/A2 (AOI21x1_ASAP7_75t_R)
    16   14.60   73.13   37.28 1604.25 v _9285_/Y (AOI21x1_ASAP7_75t_R)
                                         _4678_ (net)
                 73.23    1.59 1605.84 v _9742_/A1 (AOI21x1_ASAP7_75t_R)
    14   11.53   79.34   49.52 1655.36 ^ _9742_/Y (AOI21x1_ASAP7_75t_R)
                                         _0282_ (net)
                 79.38    1.09 1656.45 ^ _5302_/A2 (OAI21x1_ASAP7_75t_R)
    17   18.51   99.96   52.90 1709.35 v _5302_/Y (OAI21x1_ASAP7_75t_R)
                                         _0822_ (net)
                100.35    3.76 1713.12 v _7340_/A1 (AO21x1_ASAP7_75t_R)
     4    3.12   20.49   37.97 1751.08 v _7340_/Y (AO21x1_ASAP7_75t_R)
                                         _2809_ (net)
                 20.50    0.26 1751.34 v _7401_/A2 (AO32x1_ASAP7_75t_R)
     2    2.08   15.65   27.92 1779.27 v _7401_/Y (AO32x1_ASAP7_75t_R)
                                         _2869_ (net)
                 15.67    0.23 1779.50 v _7402_/C (OR3x1_ASAP7_75t_R)
     2    2.15   18.45   30.56 1810.06 v _7402_/Y (OR3x1_ASAP7_75t_R)
                                         _2870_ (net)
                 18.46    0.21 1810.27 v _7404_/B (OA211x2_ASAP7_75t_R)
     1    0.75    9.67   28.41 1838.68 v _7404_/Y (OA211x2_ASAP7_75t_R)
                                         _2872_ (net)
                  9.67    0.04 1838.72 v _7405_/B (AO21x1_ASAP7_75t_R)
     2    2.70   17.14   21.33 1860.05 v _7405_/Y (AO21x1_ASAP7_75t_R)
                                         _2873_ (net)
                 17.16    0.36 1860.41 v _8845_/A2 (AOI21x1_ASAP7_75t_R)
     1   19.92  154.32   44.25 1904.66 ^ _8845_/Y (AOI21x1_ASAP7_75t_R)
                                         net390 (net)
                181.75   33.70 1938.35 ^ wire400/A (BUFx16f_ASAP7_75t_R)
     1   16.55   13.51   35.23 1973.59 ^ wire400/Y (BUFx16f_ASAP7_75t_R)
                                         net400 (net)
                 63.76   19.64 1993.23 ^ output390/A (BUFx2_ASAP7_75t_R)
     1    0.19    6.15   21.54 2014.77 ^ output390/Y (BUFx2_ASAP7_75t_R)
                                         result[95] (net)
                  6.15    0.01 2014.78 ^ result[95] (out)
                               2014.78   data arrival time

                  0.00 5000.00 5000.00   clock clk (rise edge)
                          0.00 5000.00   clock network delay (ideal)
                          0.00 5000.00   clock reconvergence pessimism
                       -1000.00 4000.00   output external delay
                               4000.00   data required time
-----------------------------------------------------------------------------
                               4000.00   data required time
                               -2014.78   data arrival time
-----------------------------------------------------------------------------
                               1985.22   slack (MET)



==========================================================================
global route report_checks -unconstrained
--------------------------------------------------------------------------
Startpoint: is_left (input port clocked by clk)
Endpoint: result[95] (output port clocked by clk)
Path Group: clk
Path Type: max

Fanout     Cap    Slew   Delay    Time   Description
-----------------------------------------------------------------------------
                  0.00    0.00    0.00   clock clk (rise edge)
                          0.00    0.00   clock network delay (ideal)
                       1000.00 1000.00 ^ input external delay
     1    2.90    0.00    0.00 1000.00 ^ is_left (in)
                                         is_left (net)
                  0.66    0.21 1000.21 ^ input6/A (BUFx16f_ASAP7_75t_R)
    70   70.93   36.67   14.40 1014.61 ^ input6/Y (BUFx16f_ASAP7_75t_R)
                                         net6 (net)
                 99.08   29.73 1044.34 ^ load_slew511/A (BUFx16f_ASAP7_75t_R)
   105  104.96   57.06   35.56 1079.90 ^ load_slew511/Y (BUFx16f_ASAP7_75t_R)
                                         net511 (net)
                 95.96   24.36 1104.27 ^ load_slew510/A (BUFx16f_ASAP7_75t_R)
    64   62.61   35.02   32.48 1136.75 ^ load_slew510/Y (BUFx16f_ASAP7_75t_R)
                                         net510 (net)
                 58.02   13.89 1150.64 ^ load_slew509/A (BUFx16f_ASAP7_75t_R)
    83   80.74   47.43   31.38 1182.02 ^ load_slew509/Y (BUFx16f_ASAP7_75t_R)
                                         net509 (net)
                 61.32   12.74 1194.76 ^ load_slew508/A (BUFx16f_ASAP7_75t_R)
    93   88.98   50.99   28.31 1223.07 ^ load_slew508/Y (BUFx16f_ASAP7_75t_R)
                                         net508 (net)
                106.97   31.63 1254.70 ^ _8856_/A (CKINVDCx20_ASAP7_75t_R)
    42   37.19   36.91   20.13 1274.83 v _8856_/Y (CKINVDCx20_ASAP7_75t_R)
                                         _2907_ (net)
                 37.01    1.26 1276.09 v load_slew498/A (BUFx16f_ASAP7_75t_R)
    82   79.28   31.06   26.17 1302.26 v load_slew498/Y (BUFx16f_ASAP7_75t_R)
                                         net498 (net)
                 39.64    6.72 1308.98 v load_slew497/A (BUFx16f_ASAP7_75t_R)
    95   82.64   32.67   26.47 1335.45 v load_slew497/Y (BUFx16f_ASAP7_75t_R)
                                         net497 (net)
                153.10   48.19 1383.64 v load_slew496/A (BUFx16f_ASAP7_75t_R)
    94   91.31   42.16   44.33 1427.97 v load_slew496/Y (BUFx16f_ASAP7_75t_R)
                                         net496 (net)
                 71.17   16.02 1444.00 v _8949_/A (NAND2x2_ASAP7_75t_R)
     2    3.18   42.92   29.39 1473.38 ^ _8949_/Y (NAND2x2_ASAP7_75t_R)
                                         _3908_ (net)
                 42.94    0.52 1473.91 ^ _8951_/C (AND4x2_ASAP7_75t_R)
     9    9.77   45.82   52.85 1526.75 ^ _8951_/Y (AND4x2_ASAP7_75t_R)
                                         _3930_ (net)
                 45.93    1.21 1527.97 ^ _8963_/A2 (OA31x2_ASAP7_75t_R)
     6    6.54   26.44   37.73 1565.69 ^ _8963_/Y (OA31x2_ASAP7_75t_R)
                                         _4058_ (net)
                 26.65    1.28 1566.97 ^ _9285_/A2 (AOI21x1_ASAP7_75t_R)
    16   14.60   73.13   37.28 1604.25 v _9285_/Y (AOI21x1_ASAP7_75t_R)
                                         _4678_ (net)
                 73.23    1.59 1605.84 v _9742_/A1 (AOI21x1_ASAP7_75t_R)
    14   11.53   79.34   49.52 1655.36 ^ _9742_/Y (AOI21x1_ASAP7_75t_R)
                                         _0282_ (net)
                 79.38    1.09 1656.45 ^ _5302_/A2 (OAI21x1_ASAP7_75t_R)
    17   18.51   99.96   52.90 1709.35 v _5302_/Y (OAI21x1_ASAP7_75t_R)
                                         _0822_ (net)
                100.35    3.76 1713.12 v _7340_/A1 (AO21x1_ASAP7_75t_R)
     4    3.12   20.49   37.97 1751.08 v _7340_/Y (AO21x1_ASAP7_75t_R)
                                         _2809_ (net)
                 20.50    0.26 1751.34 v _7401_/A2 (AO32x1_ASAP7_75t_R)
     2    2.08   15.65   27.92 1779.27 v _7401_/Y (AO32x1_ASAP7_75t_R)
                                         _2869_ (net)
                 15.67    0.23 1779.50 v _7402_/C (OR3x1_ASAP7_75t_R)
     2    2.15   18.45   30.56 1810.06 v _7402_/Y (OR3x1_ASAP7_75t_R)
                                         _2870_ (net)
                 18.46    0.21 1810.27 v _7404_/B (OA211x2_ASAP7_75t_R)
     1    0.75    9.67   28.41 1838.68 v _7404_/Y (OA211x2_ASAP7_75t_R)
                                         _2872_ (net)
                  9.67    0.04 1838.72 v _7405_/B (AO21x1_ASAP7_75t_R)
     2    2.70   17.14   21.33 1860.05 v _7405_/Y (AO21x1_ASAP7_75t_R)
                                         _2873_ (net)
                 17.16    0.36 1860.41 v _8845_/A2 (AOI21x1_ASAP7_75t_R)
     1   19.92  154.32   44.25 1904.66 ^ _8845_/Y (AOI21x1_ASAP7_75t_R)
                                         net390 (net)
                181.75   33.70 1938.35 ^ wire400/A (BUFx16f_ASAP7_75t_R)
     1   16.55   13.51   35.23 1973.59 ^ wire400/Y (BUFx16f_ASAP7_75t_R)
                                         net400 (net)
                 63.76   19.64 1993.23 ^ output390/A (BUFx2_ASAP7_75t_R)
     1    0.19    6.15   21.54 2014.77 ^ output390/Y (BUFx2_ASAP7_75t_R)
                                         result[95] (net)
                  6.15    0.01 2014.78 ^ result[95] (out)
                               2014.78   data arrival time

                  0.00 5000.00 5000.00   clock clk (rise edge)
                          0.00 5000.00   clock network delay (ideal)
                          0.00 5000.00   clock reconvergence pessimism
                       -1000.00 4000.00   output external delay
                               4000.00   data required time
-----------------------------------------------------------------------------
                               4000.00   data required time
                               -2014.78   data arrival time
-----------------------------------------------------------------------------
                               1985.22   slack (MET)



==========================================================================
global route report_check_types -max_slew -max_cap -max_fanout -violators
--------------------------------------------------------------------------

==========================================================================
global route max_slew_check_slack
--------------------------------------------------------------------------
93.88678741455078

==========================================================================
global route max_slew_check_limit
--------------------------------------------------------------------------
320.0

==========================================================================
global route max_slew_check_slack_limit
--------------------------------------------------------------------------
0.2934

==========================================================================
global route max_fanout_check_slack
--------------------------------------------------------------------------
1.0000000150474662e+30

==========================================================================
global route max_fanout_check_limit
--------------------------------------------------------------------------
1.0000000150474662e+30

==========================================================================
global route max_capacitance_check_slack
--------------------------------------------------------------------------
2.380096435546875

==========================================================================
global route max_capacitance_check_limit
--------------------------------------------------------------------------
23.040000915527344

==========================================================================
global route max_capacitance_check_slack_limit
--------------------------------------------------------------------------
0.1033

==========================================================================
global route max_slew_violation_count
--------------------------------------------------------------------------
max slew violation count 0

==========================================================================
global route max_fanout_violation_count
--------------------------------------------------------------------------
max fanout violation count 0

==========================================================================
global route max_cap_violation_count
--------------------------------------------------------------------------
max cap violation count 0

==========================================================================
global route setup_violation_count
--------------------------------------------------------------------------
setup violation count 0

==========================================================================
global route hold_violation_count
--------------------------------------------------------------------------
hold violation count 0

==========================================================================
global route critical path delay
--------------------------------------------------------------------------
2014.7815

==========================================================================
global route critical path slack
--------------------------------------------------------------------------
1985.2184

==========================================================================
global route slack div critical path delay
--------------------------------------------------------------------------
98.532690

==========================================================================
global route report_power
--------------------------------------------------------------------------
Group                  Internal  Switching    Leakage      Total
                          Power      Power      Power      Power (Watts)
----------------------------------------------------------------
Sequential             0.00e+00   0.00e+00   0.00e+00   0.00e+00   0.0%
Combinational          1.75e-04   2.44e-04   5.11e-07   4.20e-04 100.0%
Clock                  0.00e+00   0.00e+00   0.00e+00   0.00e+00   0.0%
Macro                  0.00e+00   0.00e+00   0.00e+00   0.00e+00   0.0%
Pad                    0.00e+00   0.00e+00   0.00e+00   0.00e+00   0.0%
----------------------------------------------------------------
Total                  1.75e-04   2.44e-04   5.11e-07   4.20e-04 100.0%
                          41.7%      58.2%       0.1%
