
==========================================================================
floorplan final report_tns
--------------------------------------------------------------------------
tns -786.73

==========================================================================
floorplan final report_wns
--------------------------------------------------------------------------
wns -10.36

==========================================================================
floorplan final report_worst_slack
--------------------------------------------------------------------------
worst slack -10.36

==========================================================================
floorplan final report_checks -path_delay min
--------------------------------------------------------------------------
Startpoint: dst_osize_vector[4] (input port clocked by clk)
Endpoint: result[49] (output port clocked by clk)
Path Group: clk
Path Type: min

Fanout     Cap    Slew   Delay    Time   Description
-----------------------------------------------------------------------------
                  0.00    0.00    0.00   clock clk (rise edge)
                          0.00    0.00   clock network delay (ideal)
                         20.00   20.00 ^ input external delay
   271    3.27    0.00    0.00   20.00 ^ dst_osize_vector[4] (in)
                                         dst_osize_vector[4] (net)
                  0.00    0.00   20.00 ^ _321846_/A1 (gf180mcu_fd_sc_mcu9t5v0__aoi221_2)
     1    0.01    0.08    0.06   20.06 v _321846_/ZN (gf180mcu_fd_sc_mcu9t5v0__aoi221_2)
                                         _067797_ (net)
                  0.08    0.00   20.06 v _321847_/I (gf180mcu_fd_sc_mcu9t5v0__clkinv_2)
     1    0.00    0.03    0.03   20.09 ^ _321847_/ZN (gf180mcu_fd_sc_mcu9t5v0__clkinv_2)
                                         result[49] (net)
                  0.03    0.00   20.09 ^ result[49] (out)
                                 20.09   data arrival time

                  0.00    0.00    0.00   clock clk (rise edge)
                          0.00    0.00   clock network delay (ideal)
                          0.00    0.00   clock reconvergence pessimism
                        -20.00  -20.00   output external delay
                                -20.00   data required time
-----------------------------------------------------------------------------
                                -20.00   data required time
                                -20.09   data arrival time
-----------------------------------------------------------------------------
                                 40.09   slack (MET)



==========================================================================
floorplan final report_checks -path_delay max
--------------------------------------------------------------------------
Startpoint: is_mul (input port clocked by clk)
Endpoint: result[140] (output port clocked by clk)
Path Group: clk
Path Type: max

Fanout     Cap    Slew   Delay    Time   Description
-----------------------------------------------------------------------------
                  0.00    0.00    0.00   clock clk (rise edge)
                          0.00    0.00   clock network delay (ideal)
                         20.00   20.00 ^ input external delay
   141    1.08    0.00    0.00   20.00 ^ is_mul (in)
                                         is_mul (net)
                  0.00    0.00   20.00 ^ _166738_/A2 (gf180mcu_fd_sc_mcu9t5v0__and2_2)
   254    2.68    9.88    5.81   25.81 ^ _166738_/Z (gf180mcu_fd_sc_mcu9t5v0__and2_2)
                                         _117371_ (net)
                  9.88    0.00   25.81 ^ _166741_/A3 (gf180mcu_fd_sc_mcu9t5v0__or3_2)
     2    0.02    0.31   -0.19   25.62 ^ _166741_/Z (gf180mcu_fd_sc_mcu9t5v0__or3_2)
                                         _117405_ (net)
                  0.31    0.00   25.62 ^ _166743_/A3 (gf180mcu_fd_sc_mcu9t5v0__nand4_2)
     4    0.04    0.46    0.21   25.83 v _166743_/ZN (gf180mcu_fd_sc_mcu9t5v0__nand4_2)
                                         _117427_ (net)
                  0.46    0.00   25.83 v _166750_/A1 (gf180mcu_fd_sc_mcu9t5v0__or4_4)
     3    0.04    0.14    0.41   26.24 v _166750_/Z (gf180mcu_fd_sc_mcu9t5v0__or4_4)
                                         _117504_ (net)
                  0.14    0.00   26.24 v _166759_/A1 (gf180mcu_fd_sc_mcu9t5v0__oai31_2)
    24    0.29    2.73    1.54   27.78 ^ _166759_/ZN (gf180mcu_fd_sc_mcu9t5v0__oai31_2)
                                         _117604_ (net)
                  2.73    0.00   27.78 ^ _166765_/A3 (gf180mcu_fd_sc_mcu9t5v0__nand4_4)
    16    0.19    0.97    0.36   28.14 v _166765_/ZN (gf180mcu_fd_sc_mcu9t5v0__nand4_4)
                                         _117671_ (net)
                  0.97    0.00   28.14 v _166773_/A1 (gf180mcu_fd_sc_mcu9t5v0__oai31_2)
    29    0.30    2.84    1.81   29.95 ^ _166773_/ZN (gf180mcu_fd_sc_mcu9t5v0__oai31_2)
                                         _117760_ (net)
                  2.84    0.00   29.95 ^ _166789_/A1 (gf180mcu_fd_sc_mcu9t5v0__and4_4)
    15    0.21    0.47    0.56   30.51 ^ _166789_/Z (gf180mcu_fd_sc_mcu9t5v0__and4_4)
                                         _117937_ (net)
                  0.47    0.00   30.51 ^ _166798_/A1 (gf180mcu_fd_sc_mcu9t5v0__aoi21_4)
    20    0.21    0.40    0.29   30.81 v _166798_/ZN (gf180mcu_fd_sc_mcu9t5v0__aoi21_4)
                                         _118037_ (net)
                  0.40    0.00   30.81 v _166815_/A1 (gf180mcu_fd_sc_mcu9t5v0__or4_4)
     8    0.09    0.21    0.45   31.25 v _166815_/Z (gf180mcu_fd_sc_mcu9t5v0__or4_4)
                                         _118226_ (net)
                  0.21    0.00   31.25 v _166819_/A2 (gf180mcu_fd_sc_mcu9t5v0__oai31_2)
    41    0.47    4.31    2.44   33.69 ^ _166819_/ZN (gf180mcu_fd_sc_mcu9t5v0__oai31_2)
                                         _118270_ (net)
                  4.31    0.00   33.69 ^ _166834_/A1 (gf180mcu_fd_sc_mcu9t5v0__nand4_4)
    11    0.14    1.21    0.47   34.16 v _166834_/ZN (gf180mcu_fd_sc_mcu9t5v0__nand4_4)
                                         _118437_ (net)
                  1.21    0.00   34.16 v _166846_/A1 (gf180mcu_fd_sc_mcu9t5v0__oai21_4)
    23    0.24    0.91    0.84   35.00 ^ _166846_/ZN (gf180mcu_fd_sc_mcu9t5v0__oai21_4)
                                         _118570_ (net)
                  0.91    0.00   35.00 ^ _166866_/A1 (gf180mcu_fd_sc_mcu9t5v0__and3_4)
    12    0.18    0.36    0.42   35.41 ^ _166866_/Z (gf180mcu_fd_sc_mcu9t5v0__and3_4)
                                         _118792_ (net)
                  0.36    0.00   35.41 ^ _166874_/A1 (gf180mcu_fd_sc_mcu9t5v0__aoi21_4)
    43    0.49    0.81    0.53   35.94 v _166874_/ZN (gf180mcu_fd_sc_mcu9t5v0__aoi21_4)
                                         _118881_ (net)
                  0.81    0.00   35.94 v _166902_/A1 (gf180mcu_fd_sc_mcu9t5v0__nor4_2)
     8    0.12    1.54    1.00   36.94 ^ _166902_/ZN (gf180mcu_fd_sc_mcu9t5v0__nor4_2)
                                         _119192_ (net)
                  1.54    0.00   36.94 ^ _166922_/A2 (gf180mcu_fd_sc_mcu9t5v0__oai211_4)
     7    0.09    0.60    0.31   37.25 v _166922_/ZN (gf180mcu_fd_sc_mcu9t5v0__oai211_4)
                                         _119414_ (net)
                  0.60    0.00   37.25 v _166927_/A2 (gf180mcu_fd_sc_mcu9t5v0__oai31_4)
   123    1.50    6.86    3.86   41.11 ^ _166927_/ZN (gf180mcu_fd_sc_mcu9t5v0__oai31_4)
                                         _119469_ (net)
                  6.86    0.00   41.11 ^ _167362_/A1 (gf180mcu_fd_sc_mcu9t5v0__nand4_4)
     8    0.10    1.55    0.40   41.51 v _167362_/ZN (gf180mcu_fd_sc_mcu9t5v0__nand4_4)
                                         _124298_ (net)
                  1.55    0.00   41.51 v _167860_/A1 (gf180mcu_fd_sc_mcu9t5v0__oai31_4)
    73    0.86    3.99    2.58   44.10 ^ _167860_/ZN (gf180mcu_fd_sc_mcu9t5v0__oai31_4)
                                         _129824_ (net)
                  3.99    0.00   44.10 ^ _191305_/A1 (gf180mcu_fd_sc_mcu9t5v0__nand4_4)
    37    0.44    1.88    1.18   45.28 v _191305_/ZN (gf180mcu_fd_sc_mcu9t5v0__nand4_4)
                                         _084514_ (net)
                  1.88    0.00   45.28 v _191442_/A2 (gf180mcu_fd_sc_mcu9t5v0__aoi211_2)
     9    0.12    1.36    1.30   46.58 ^ _191442_/ZN (gf180mcu_fd_sc_mcu9t5v0__aoi211_2)
                                         _084665_ (net)
                  1.36    0.00   46.58 ^ _191810_/A1 (gf180mcu_fd_sc_mcu9t5v0__aoi21_4)
    55    0.74    1.28    0.92   47.51 v _191810_/ZN (gf180mcu_fd_sc_mcu9t5v0__aoi21_4)
                                         _085069_ (net)
                  1.28    0.00   47.51 v _197481_/A1 (gf180mcu_fd_sc_mcu9t5v0__oai31_4)
   112    1.37    6.26    3.69   51.20 ^ _197481_/ZN (gf180mcu_fd_sc_mcu9t5v0__oai31_4)
                                         _091308_ (net)
                  6.26    0.00   51.20 ^ _197492_/A2 (gf180mcu_fd_sc_mcu9t5v0__nand3_2)
    29    0.37    2.46    1.45   52.65 v _197492_/ZN (gf180mcu_fd_sc_mcu9t5v0__nand3_2)
                                         _091320_ (net)
                  2.46    0.00   52.65 v _197519_/A2 (gf180mcu_fd_sc_mcu9t5v0__aoi211_2)
    36    0.49    4.53    3.14   55.79 ^ _197519_/ZN (gf180mcu_fd_sc_mcu9t5v0__aoi211_2)
                                         _091349_ (net)
                  4.53    0.00   55.79 ^ _199600_/A2 (gf180mcu_fd_sc_mcu9t5v0__oai21_4)
    24    0.36    1.69    0.69   56.48 v _199600_/ZN (gf180mcu_fd_sc_mcu9t5v0__oai21_4)
                                         _093638_ (net)
                  1.69    0.00   56.48 v _199817_/A2 (gf180mcu_fd_sc_mcu9t5v0__aoi21_2)
     5    0.06    0.67    0.80   57.28 ^ _199817_/ZN (gf180mcu_fd_sc_mcu9t5v0__aoi21_2)
                                         _093877_ (net)
                  0.67    0.00   57.28 ^ _199818_/A2 (gf180mcu_fd_sc_mcu9t5v0__xnor2_2)
   199    2.02    7.46    4.41   61.69 ^ _199818_/ZN (gf180mcu_fd_sc_mcu9t5v0__xnor2_2)
                                         _093878_ (net)
                  7.46    0.00   61.69 ^ _204048_/A1 (gf180mcu_fd_sc_mcu9t5v0__nand3_2)
     2    0.03    1.25    0.02   61.71 v _204048_/ZN (gf180mcu_fd_sc_mcu9t5v0__nand3_2)
                                         _098530_ (net)
                  1.25    0.00   61.71 v _204049_/B (gf180mcu_fd_sc_mcu9t5v0__oai21_2)
     2    0.02    0.42    0.44   62.15 ^ _204049_/ZN (gf180mcu_fd_sc_mcu9t5v0__oai21_2)
                                         _098531_ (net)
                  0.42    0.00   62.15 ^ _204068_/A4 (gf180mcu_fd_sc_mcu9t5v0__or4_2)
     4    0.04    0.17    0.32   62.47 ^ _204068_/Z (gf180mcu_fd_sc_mcu9t5v0__or4_2)
                                         _098552_ (net)
                  0.17    0.00   62.47 ^ _204069_/A2 (gf180mcu_fd_sc_mcu9t5v0__and2_2)
     3    0.03    0.13    0.18   62.66 ^ _204069_/Z (gf180mcu_fd_sc_mcu9t5v0__and2_2)
                                         _098553_ (net)
                  0.13    0.00   62.66 ^ _204604_/A2 (gf180mcu_fd_sc_mcu9t5v0__xnor3_4)
     3    0.03    0.13    0.75   63.41 v _204604_/ZN (gf180mcu_fd_sc_mcu9t5v0__xnor3_4)
                                         _099142_ (net)
                  0.13    0.00   63.41 v _204627_/A2 (gf180mcu_fd_sc_mcu9t5v0__xnor3_2)
     7    0.07    0.29    0.78   64.19 ^ _204627_/ZN (gf180mcu_fd_sc_mcu9t5v0__xnor3_2)
                                         _099167_ (net)
                  0.29    0.00   64.19 ^ _204630_/A1 (gf180mcu_fd_sc_mcu9t5v0__xnor2_4)
     4    0.04    0.13    0.43   64.61 v _204630_/ZN (gf180mcu_fd_sc_mcu9t5v0__xnor2_4)
                                         _099170_ (net)
                  0.13    0.00   64.61 v _204632_/A3 (gf180mcu_fd_sc_mcu9t5v0__or3_2)
     2    0.01    0.10    0.28   64.89 v _204632_/Z (gf180mcu_fd_sc_mcu9t5v0__or3_2)
                                         _099173_ (net)
                  0.10    0.00   64.89 v _215428_/A3 (gf180mcu_fd_sc_mcu9t5v0__and3_2)
     2    0.02    0.09    0.21   65.11 v _215428_/Z (gf180mcu_fd_sc_mcu9t5v0__and3_2)
                                         _111044_ (net)
                  0.09    0.00   65.11 v _215434_/B1 (gf180mcu_fd_sc_mcu9t5v0__oai33_2)
     3    0.03    0.75    0.39   65.50 ^ _215434_/ZN (gf180mcu_fd_sc_mcu9t5v0__oai33_2)
                                         _111051_ (net)
                  0.75    0.00   65.50 ^ _215551_/A1 (gf180mcu_fd_sc_mcu9t5v0__xnor2_4)
     4    0.05    0.15    0.45   65.95 v _215551_/ZN (gf180mcu_fd_sc_mcu9t5v0__xnor2_4)
                                         _111180_ (net)
                  0.15    0.00   65.95 v _253354_/B1 (gf180mcu_fd_sc_mcu9t5v0__aoi22_2)
     1    0.01    0.24    0.17   66.12 ^ _253354_/ZN (gf180mcu_fd_sc_mcu9t5v0__aoi22_2)
                                         _153105_ (net)
                  0.24    0.00   66.12 ^ _253358_/B1 (gf180mcu_fd_sc_mcu9t5v0__oai221_2)
     3    0.04    2.18    0.20   66.32 v _253358_/ZN (gf180mcu_fd_sc_mcu9t5v0__oai221_2)
                                         _153109_ (net)
                  2.18    0.00   66.32 v _253362_/A1 (gf180mcu_fd_sc_mcu9t5v0__oai21_2)
     2    0.03    0.55    0.69   67.02 ^ _253362_/ZN (gf180mcu_fd_sc_mcu9t5v0__oai21_2)
                                         _153114_ (net)
                  0.55    0.00   67.02 ^ _253369_/A1 (gf180mcu_fd_sc_mcu9t5v0__nand2_2)
     3    0.04    0.24    0.15   67.16 v _253369_/ZN (gf180mcu_fd_sc_mcu9t5v0__nand2_2)
                                         _153121_ (net)
                  0.24    0.00   67.16 v _254165_/A2 (gf180mcu_fd_sc_mcu9t5v0__nor2_2)
     2    0.03    0.45    0.18   67.34 ^ _254165_/ZN (gf180mcu_fd_sc_mcu9t5v0__nor2_2)
                                         _154005_ (net)
                  0.45    0.00   67.34 ^ _255079_/A2 (gf180mcu_fd_sc_mcu9t5v0__oai211_2)
     1    0.01    0.22    0.14   67.48 v _255079_/ZN (gf180mcu_fd_sc_mcu9t5v0__oai211_2)
                                         _155019_ (net)
                  0.22    0.00   67.48 v _255080_/C2 (gf180mcu_fd_sc_mcu9t5v0__aoi222_2)
     1    0.01    0.43    0.34   67.81 ^ _255080_/ZN (gf180mcu_fd_sc_mcu9t5v0__aoi222_2)
                                         _155020_ (net)
                  0.43    0.00   67.81 ^ _255081_/A3 (gf180mcu_fd_sc_mcu9t5v0__xnor3_4)
     1    0.01    0.10    0.40   68.22 v _255081_/ZN (gf180mcu_fd_sc_mcu9t5v0__xnor3_4)
                                         _155022_ (net)
                  0.10    0.00   68.22 v _255082_/I (gf180mcu_fd_sc_mcu9t5v0__clkinv_2)
     2    0.02    0.11    0.09   68.31 ^ _255082_/ZN (gf180mcu_fd_sc_mcu9t5v0__clkinv_2)
                                         _155023_ (net)
                  0.11    0.00   68.31 ^ _255085_/B (gf180mcu_fd_sc_mcu9t5v0__aoi21_2)
     4    0.05    0.23    0.17   68.48 v _255085_/ZN (gf180mcu_fd_sc_mcu9t5v0__aoi21_2)
                                         _155026_ (net)
                  0.23    0.00   68.48 v _259025_/B (gf180mcu_fd_sc_mcu9t5v0__aoi21_2)
     2    0.03    0.29    0.23   68.70 ^ _259025_/ZN (gf180mcu_fd_sc_mcu9t5v0__aoi21_2)
                                         _159400_ (net)
                  0.29    0.00   68.70 ^ _259028_/A2 (gf180mcu_fd_sc_mcu9t5v0__aoi211_2)
     1    0.01    0.20    0.08   68.78 v _259028_/ZN (gf180mcu_fd_sc_mcu9t5v0__aoi211_2)
                                         _159403_ (net)
                  0.20    0.00   68.78 v _259029_/B1 (gf180mcu_fd_sc_mcu9t5v0__oai33_2)
     2    0.03    0.70    0.39   69.18 ^ _259029_/ZN (gf180mcu_fd_sc_mcu9t5v0__oai33_2)
                                         _159404_ (net)
                  0.70    0.00   69.18 ^ _261477_/A2 (gf180mcu_fd_sc_mcu9t5v0__aoi211_2)
     1    0.01    0.21    0.05   69.23 v _261477_/ZN (gf180mcu_fd_sc_mcu9t5v0__aoi211_2)
                                         _000873_ (net)
                  0.21    0.00   69.23 v _261478_/B2 (gf180mcu_fd_sc_mcu9t5v0__oai22_2)
     1    0.03    0.38    0.25   69.48 ^ _261478_/ZN (gf180mcu_fd_sc_mcu9t5v0__oai22_2)
                                         _000874_ (net)
                  0.38    0.00   69.48 ^ _261479_/A2 (gf180mcu_fd_sc_mcu9t5v0__nand2_4)
     5    0.05    0.16    0.10   69.58 v _261479_/ZN (gf180mcu_fd_sc_mcu9t5v0__nand2_4)
                                         _000875_ (net)
                  0.16    0.00   69.58 v _261588_/A1 (gf180mcu_fd_sc_mcu9t5v0__xnor3_2)
     1    0.01    0.09    0.67   70.25 ^ _261588_/ZN (gf180mcu_fd_sc_mcu9t5v0__xnor3_2)
                                         _000996_ (net)
                  0.09    0.00   70.25 ^ _261589_/I (gf180mcu_fd_sc_mcu9t5v0__clkinv_2)
     2    0.02    0.10    0.08   70.34 v _261589_/ZN (gf180mcu_fd_sc_mcu9t5v0__clkinv_2)
                                         _000997_ (net)
                  0.10    0.00   70.34 v _264327_/A1 (gf180mcu_fd_sc_mcu9t5v0__and3_4)
     4    0.05    0.10    0.18   70.52 v _264327_/Z (gf180mcu_fd_sc_mcu9t5v0__and3_4)
                                         _004037_ (net)
                  0.10    0.00   70.52 v _265539_/A1 (gf180mcu_fd_sc_mcu9t5v0__and2_4)
     4    0.05    0.09    0.16   70.69 v _265539_/Z (gf180mcu_fd_sc_mcu9t5v0__and2_4)
                                         _005382_ (net)
                  0.09    0.00   70.69 v _265600_/A1 (gf180mcu_fd_sc_mcu9t5v0__xnor3_2)
     6    0.07    0.29    0.77   71.46 ^ _265600_/ZN (gf180mcu_fd_sc_mcu9t5v0__xnor3_2)
                                         _005450_ (net)
                  0.29    0.00   71.46 ^ _267251_/A2 (gf180mcu_fd_sc_mcu9t5v0__or2_2)
     3    0.04    0.17    0.21   71.67 ^ _267251_/Z (gf180mcu_fd_sc_mcu9t5v0__or2_2)
                                         _007283_ (net)
                  0.17    0.00   71.67 ^ _268192_/I (gf180mcu_fd_sc_mcu9t5v0__inv_2)
     2    0.03    0.10    0.07   71.75 v _268192_/ZN (gf180mcu_fd_sc_mcu9t5v0__inv_2)
                                         _008328_ (net)
                  0.10    0.00   71.75 v _268551_/A2 (gf180mcu_fd_sc_mcu9t5v0__aoi21_2)
     1    0.01    0.19    0.13   71.88 ^ _268551_/ZN (gf180mcu_fd_sc_mcu9t5v0__aoi21_2)
                                         _008726_ (net)
                  0.19    0.00   71.88 ^ _268552_/B (gf180mcu_fd_sc_mcu9t5v0__aoi21_2)
     1    0.02    0.17    0.14   72.01 v _268552_/ZN (gf180mcu_fd_sc_mcu9t5v0__aoi21_2)
                                         _008727_ (net)
                  0.17    0.00   72.01 v _268553_/A2 (gf180mcu_fd_sc_mcu9t5v0__nor2_4)
     2    0.04    0.19    0.15   72.16 ^ _268553_/ZN (gf180mcu_fd_sc_mcu9t5v0__nor2_4)
                                         _008728_ (net)
                  0.19    0.00   72.16 ^ _268560_/B1 (gf180mcu_fd_sc_mcu9t5v0__aoi22_4)
    19    0.22    0.44    0.30   72.46 v _268560_/ZN (gf180mcu_fd_sc_mcu9t5v0__aoi22_4)
                                         _008735_ (net)
                  0.44    0.00   72.46 v _271393_/A1 (gf180mcu_fd_sc_mcu9t5v0__oai32_2)
    11    0.13    1.46    0.89   73.35 ^ _271393_/ZN (gf180mcu_fd_sc_mcu9t5v0__oai32_2)
                                         _011881_ (net)
                  1.46    0.00   73.35 ^ _271394_/A2 (gf180mcu_fd_sc_mcu9t5v0__and2_2)
     1    0.01    0.10    0.15   73.50 ^ _271394_/Z (gf180mcu_fd_sc_mcu9t5v0__and2_2)
                                         _011882_ (net)
                  0.10    0.00   73.50 ^ _271395_/A2 (gf180mcu_fd_sc_mcu9t5v0__xnor2_2)
     4    0.04    0.15    0.32   73.82 v _271395_/ZN (gf180mcu_fd_sc_mcu9t5v0__xnor2_2)
                                         _011883_ (net)
                  0.15    0.00   73.82 v _271442_/A2 (gf180mcu_fd_sc_mcu9t5v0__oai221_2)
     2    0.03    0.45    0.21   74.03 ^ _271442_/ZN (gf180mcu_fd_sc_mcu9t5v0__oai221_2)
                                         _011935_ (net)
                  0.45    0.00   74.03 ^ _271444_/B1 (gf180mcu_fd_sc_mcu9t5v0__oai22_2)
     3    0.03    0.24    0.15   74.18 v _271444_/ZN (gf180mcu_fd_sc_mcu9t5v0__oai22_2)
                                         _011937_ (net)
                  0.24    0.00   74.18 v _271618_/A1 (gf180mcu_fd_sc_mcu9t5v0__xnor3_2)
     3    0.05    0.21    0.77   74.94 ^ _271618_/ZN (gf180mcu_fd_sc_mcu9t5v0__xnor3_2)
                                         _012130_ (net)
                  0.21    0.00   74.94 ^ _271619_/I (gf180mcu_fd_sc_mcu9t5v0__clkinv_4)
     4    0.03    0.11    0.09   75.04 v _271619_/ZN (gf180mcu_fd_sc_mcu9t5v0__clkinv_4)
                                         _012131_ (net)
                  0.11    0.00   75.04 v _272545_/A1 (gf180mcu_fd_sc_mcu9t5v0__or2_4)
     1    0.01    0.07    0.18   75.21 v _272545_/Z (gf180mcu_fd_sc_mcu9t5v0__or2_4)
                                         _013159_ (net)
                  0.07    0.00   75.21 v _272546_/A4 (gf180mcu_fd_sc_mcu9t5v0__or4_4)
     5    0.06    0.17    0.39   75.60 v _272546_/Z (gf180mcu_fd_sc_mcu9t5v0__or4_4)
                                         _013160_ (net)
                  0.17    0.00   75.60 v _293810_/A3 (gf180mcu_fd_sc_mcu9t5v0__or4_4)
     3    0.04    0.14    0.36   75.96 v _293810_/Z (gf180mcu_fd_sc_mcu9t5v0__or4_4)
                                         _036763_ (net)
                  0.14    0.00   75.96 v _293811_/A4 (gf180mcu_fd_sc_mcu9t5v0__or4_4)
     6    0.06    0.17    0.40   76.36 v _293811_/Z (gf180mcu_fd_sc_mcu9t5v0__or4_4)
                                         _036765_ (net)
                  0.17    0.00   76.36 v _293814_/A1 (gf180mcu_fd_sc_mcu9t5v0__or2_4)
     3    0.03    0.09    0.22   76.58 v _293814_/Z (gf180mcu_fd_sc_mcu9t5v0__or2_4)
                                         _036768_ (net)
                  0.09    0.00   76.58 v _293815_/A2 (gf180mcu_fd_sc_mcu9t5v0__or2_4)
     6    0.07    0.12    0.23   76.81 v _293815_/Z (gf180mcu_fd_sc_mcu9t5v0__or2_4)
                                         _036769_ (net)
                  0.12    0.00   76.81 v _293955_/A4 (gf180mcu_fd_sc_mcu9t5v0__or4_2)
     1    0.01    0.10    0.34   77.15 v _293955_/Z (gf180mcu_fd_sc_mcu9t5v0__or4_2)
                                         _036924_ (net)
                  0.10    0.00   77.15 v _293957_/A3 (gf180mcu_fd_sc_mcu9t5v0__and4_2)
     1    0.01    0.09    0.21   77.36 v _293957_/Z (gf180mcu_fd_sc_mcu9t5v0__and4_2)
                                         _036926_ (net)
                  0.09    0.00   77.36 v _293958_/A2 (gf180mcu_fd_sc_mcu9t5v0__xor2_2)
     4    0.04    0.17    0.32   77.68 ^ _293958_/Z (gf180mcu_fd_sc_mcu9t5v0__xor2_2)
                                         _036927_ (net)
                  0.17    0.00   77.68 ^ _293968_/A1 (gf180mcu_fd_sc_mcu9t5v0__or2_2)
     2    0.03    0.14    0.17   77.86 ^ _293968_/Z (gf180mcu_fd_sc_mcu9t5v0__or2_2)
                                         _036938_ (net)
                  0.14    0.00   77.86 ^ _293969_/A2 (gf180mcu_fd_sc_mcu9t5v0__nand2_4)
     1    0.02    0.08    0.06   77.92 v _293969_/ZN (gf180mcu_fd_sc_mcu9t5v0__nand2_4)
                                         _036939_ (net)
                  0.08    0.00   77.92 v _293970_/B (gf180mcu_fd_sc_mcu9t5v0__aoi21_4)
     4    0.06    0.29    0.20   78.12 ^ _293970_/ZN (gf180mcu_fd_sc_mcu9t5v0__aoi21_4)
                                         _036940_ (net)
                  0.29    0.00   78.12 ^ _293975_/A2 (gf180mcu_fd_sc_mcu9t5v0__oai21_2)
     1    0.03    0.19    0.13   78.25 v _293975_/ZN (gf180mcu_fd_sc_mcu9t5v0__oai21_2)
                                         _036946_ (net)
                  0.19    0.00   78.25 v _293977_/A2 (gf180mcu_fd_sc_mcu9t5v0__aoi21_4)
     7    0.08    0.38    0.26   78.51 ^ _293977_/ZN (gf180mcu_fd_sc_mcu9t5v0__aoi21_4)
                                         _036948_ (net)
                  0.38    0.00   78.51 ^ _293997_/A2 (gf180mcu_fd_sc_mcu9t5v0__oai211_4)
    12    0.13    0.38    0.27   78.78 v _293997_/ZN (gf180mcu_fd_sc_mcu9t5v0__oai211_4)
                                         _036971_ (net)
                  0.38    0.00   78.78 v _294512_/A1 (gf180mcu_fd_sc_mcu9t5v0__or3_4)
     6    0.07    0.16    0.38   79.16 v _294512_/Z (gf180mcu_fd_sc_mcu9t5v0__or3_4)
                                         _037543_ (net)
                  0.16    0.00   79.16 v _294541_/A2 (gf180mcu_fd_sc_mcu9t5v0__and2_2)
     1    0.01    0.07    0.18   79.35 v _294541_/Z (gf180mcu_fd_sc_mcu9t5v0__and2_2)
                                         _037575_ (net)
                  0.07    0.00   79.35 v _294542_/A2 (gf180mcu_fd_sc_mcu9t5v0__oai21_2)
     1    0.01    0.16    0.10   79.45 ^ _294542_/ZN (gf180mcu_fd_sc_mcu9t5v0__oai21_2)
                                         _037576_ (net)
                  0.16    0.00   79.45 ^ _294545_/A1 (gf180mcu_fd_sc_mcu9t5v0__and2_2)
     1    0.01    0.07    0.15   79.60 ^ _294545_/Z (gf180mcu_fd_sc_mcu9t5v0__and2_2)
                                         _037579_ (net)
                  0.07    0.00   79.60 ^ _294546_/A2 (gf180mcu_fd_sc_mcu9t5v0__xnor2_2)
     3    0.04    0.14    0.30   79.90 v _294546_/ZN (gf180mcu_fd_sc_mcu9t5v0__xnor2_2)
                                         _037580_ (net)
                  0.14    0.00   79.90 v _294959_/A2 (gf180mcu_fd_sc_mcu9t5v0__xor2_2)
     2    0.02    0.09    0.29   80.19 ^ _294959_/Z (gf180mcu_fd_sc_mcu9t5v0__xor2_2)
                                         _038038_ (net)
                  0.09    0.00   80.19 ^ _294967_/A1 (gf180mcu_fd_sc_mcu9t5v0__and4_2)
     1    0.03    0.14    0.24   80.43 ^ _294967_/Z (gf180mcu_fd_sc_mcu9t5v0__and4_2)
                                         _038047_ (net)
                  0.14    0.00   80.43 ^ _294968_/B (gf180mcu_fd_sc_mcu9t5v0__oai31_4)
     5    0.06    0.19    0.15   80.58 v _294968_/ZN (gf180mcu_fd_sc_mcu9t5v0__oai31_4)
                                         _038048_ (net)
                  0.19    0.00   80.58 v _311466_/A1 (gf180mcu_fd_sc_mcu9t5v0__aoi211_2)
     2    0.04    0.53    0.30   80.88 ^ _311466_/ZN (gf180mcu_fd_sc_mcu9t5v0__aoi211_2)
                                         _056361_ (net)
                  0.53    0.00   80.88 ^ _311483_/A1 (gf180mcu_fd_sc_mcu9t5v0__oai31_4)
     4    0.06    0.23    0.13   81.00 v _311483_/ZN (gf180mcu_fd_sc_mcu9t5v0__oai31_4)
                                         _056380_ (net)
                  0.23    0.00   81.00 v _311491_/A1 (gf180mcu_fd_sc_mcu9t5v0__aoi21_2)
     3    0.05    0.44    0.29   81.29 ^ _311491_/ZN (gf180mcu_fd_sc_mcu9t5v0__aoi21_2)
                                         _056390_ (net)
                  0.44    0.00   81.29 ^ _311499_/A1 (gf180mcu_fd_sc_mcu9t5v0__oai21_4)
     3    0.04    0.18    0.10   81.39 v _311499_/ZN (gf180mcu_fd_sc_mcu9t5v0__oai21_4)
                                         _056398_ (net)
                  0.18    0.00   81.39 v _311519_/A1 (gf180mcu_fd_sc_mcu9t5v0__and2_4)
     7    0.07    0.11    0.21   81.59 v _311519_/Z (gf180mcu_fd_sc_mcu9t5v0__and2_4)
                                         _056420_ (net)
                  0.11    0.00   81.59 v _311522_/A2 (gf180mcu_fd_sc_mcu9t5v0__or3_4)
     1    0.01    0.09    0.24   81.83 v _311522_/Z (gf180mcu_fd_sc_mcu9t5v0__or3_4)
                                         _056424_ (net)
                  0.09    0.00   81.83 v _311524_/C1 (gf180mcu_fd_sc_mcu9t5v0__aoi222_2)
     1    0.03    0.59    0.39   82.22 ^ _311524_/ZN (gf180mcu_fd_sc_mcu9t5v0__aoi222_2)
                                         _056426_ (net)
                  0.59    0.00   82.22 ^ _311526_/B1 (gf180mcu_fd_sc_mcu9t5v0__oai22_4)
     5    0.07    0.26    0.16   82.38 v _311526_/ZN (gf180mcu_fd_sc_mcu9t5v0__oai22_4)
                                         _056428_ (net)
                  0.26    0.00   82.38 v _311528_/A2 (gf180mcu_fd_sc_mcu9t5v0__nand2_2)
     2    0.02    0.16    0.16   82.54 ^ _311528_/ZN (gf180mcu_fd_sc_mcu9t5v0__nand2_2)
                                         _056430_ (net)
                  0.16    0.00   82.54 ^ _311529_/B (gf180mcu_fd_sc_mcu9t5v0__oai21_2)
     1    0.03    0.16    0.12   82.66 v _311529_/ZN (gf180mcu_fd_sc_mcu9t5v0__oai21_2)
                                         _056431_ (net)
                  0.16    0.00   82.66 v _311532_/A2 (gf180mcu_fd_sc_mcu9t5v0__aoi21_4)
     9    0.10    0.42    0.27   82.93 ^ _311532_/ZN (gf180mcu_fd_sc_mcu9t5v0__aoi21_4)
                                         _056435_ (net)
                  0.42    0.00   82.93 ^ _311537_/A2 (gf180mcu_fd_sc_mcu9t5v0__oai21_2)
     1    0.01    0.16    0.08   83.02 v _311537_/ZN (gf180mcu_fd_sc_mcu9t5v0__oai21_2)
                                         _056440_ (net)
                  0.16    0.00   83.02 v _311539_/A1 (gf180mcu_fd_sc_mcu9t5v0__and2_2)
     1    0.01    0.07    0.17   83.19 v _311539_/Z (gf180mcu_fd_sc_mcu9t5v0__and2_2)
                                         _056442_ (net)
                  0.07    0.00   83.19 v _311541_/A2 (gf180mcu_fd_sc_mcu9t5v0__oai21_2)
     1    0.01    0.15    0.10   83.28 ^ _311541_/ZN (gf180mcu_fd_sc_mcu9t5v0__oai21_2)
                                         _056445_ (net)
                  0.15    0.00   83.28 ^ _311564_/A1 (gf180mcu_fd_sc_mcu9t5v0__xnor3_2)
     3    0.04    0.14    0.64   83.92 v _311564_/ZN (gf180mcu_fd_sc_mcu9t5v0__xnor3_2)
                                         _056470_ (net)
                  0.14    0.00   83.92 v _311615_/A1 (gf180mcu_fd_sc_mcu9t5v0__nor2_2)
     3    0.02    0.21    0.16   84.07 ^ _311615_/ZN (gf180mcu_fd_sc_mcu9t5v0__nor2_2)
                                         _056527_ (net)
                  0.21    0.00   84.07 ^ _311772_/A2 (gf180mcu_fd_sc_mcu9t5v0__or3_2)
     2    0.02    0.11    0.20   84.28 ^ _311772_/Z (gf180mcu_fd_sc_mcu9t5v0__or3_2)
                                         _056701_ (net)
                  0.11    0.00   84.28 ^ _311882_/I (gf180mcu_fd_sc_mcu9t5v0__clkinv_2)
     2    0.02    0.11    0.09   84.37 v _311882_/ZN (gf180mcu_fd_sc_mcu9t5v0__clkinv_2)
                                         _056823_ (net)
                  0.11    0.00   84.37 v _311883_/C (gf180mcu_fd_sc_mcu9t5v0__aoi221_2)
     1    0.03    0.50    0.33   84.70 ^ _311883_/ZN (gf180mcu_fd_sc_mcu9t5v0__aoi221_2)
                                         _056824_ (net)
                  0.50    0.00   84.70 ^ _311889_/A2 (gf180mcu_fd_sc_mcu9t5v0__oai211_4)
     9    0.09    0.34    0.24   84.94 v _311889_/ZN (gf180mcu_fd_sc_mcu9t5v0__oai211_4)
                                         _056830_ (net)
                  0.34    0.00   84.94 v _312620_/A1 (gf180mcu_fd_sc_mcu9t5v0__or4_4)
     4    0.04    0.15    0.38   85.31 v _312620_/Z (gf180mcu_fd_sc_mcu9t5v0__or4_4)
                                         _057641_ (net)
                  0.15    0.00   85.31 v _313586_/A2 (gf180mcu_fd_sc_mcu9t5v0__nor4_2)
     4    0.04    0.63    0.37   85.69 ^ _313586_/ZN (gf180mcu_fd_sc_mcu9t5v0__nor4_2)
                                         _058710_ (net)
                  0.63    0.00   85.69 ^ _314657_/A2 (gf180mcu_fd_sc_mcu9t5v0__and4_4)
     4    0.03    0.12    0.28   85.97 ^ _314657_/Z (gf180mcu_fd_sc_mcu9t5v0__and4_4)
                                         _059896_ (net)
                  0.12    0.00   85.97 ^ _315548_/A2 (gf180mcu_fd_sc_mcu9t5v0__and4_4)
     5    0.05    0.14    0.25   86.22 ^ _315548_/Z (gf180mcu_fd_sc_mcu9t5v0__and4_4)
                                         _060881_ (net)
                  0.14    0.00   86.22 ^ _316287_/A2 (gf180mcu_fd_sc_mcu9t5v0__and4_4)
     4    0.04    0.13    0.24   86.46 ^ _316287_/Z (gf180mcu_fd_sc_mcu9t5v0__and4_4)
                                         _061698_ (net)
                  0.13    0.00   86.46 ^ _316990_/A2 (gf180mcu_fd_sc_mcu9t5v0__and4_4)
    17    0.17    0.35    0.38   86.84 ^ _316990_/Z (gf180mcu_fd_sc_mcu9t5v0__and4_4)
                                         _062475_ (net)
                  0.35    0.00   86.84 ^ _318424_/A1 (gf180mcu_fd_sc_mcu9t5v0__and3_4)
     2    0.02    0.08    0.20   87.05 ^ _318424_/Z (gf180mcu_fd_sc_mcu9t5v0__and3_4)
                                         _064060_ (net)
                  0.08    0.00   87.05 ^ _318425_/A2 (gf180mcu_fd_sc_mcu9t5v0__xor2_2)
     1    0.01    0.08    0.26   87.30 v _318425_/Z (gf180mcu_fd_sc_mcu9t5v0__xor2_2)
                                         _064061_ (net)
                  0.08    0.00   87.30 v _318429_/B1 (gf180mcu_fd_sc_mcu9t5v0__aoi221_2)
     1    0.01    0.35    0.24   87.54 ^ _318429_/ZN (gf180mcu_fd_sc_mcu9t5v0__aoi221_2)
                                         _064065_ (net)
                  0.35    0.00   87.54 ^ _318430_/A2 (gf180mcu_fd_sc_mcu9t5v0__xnor2_2)
     3    0.03    0.12    0.31   87.85 v _318430_/ZN (gf180mcu_fd_sc_mcu9t5v0__xnor2_2)
                                         _064066_ (net)
                  0.12    0.00   87.85 v _318604_/A4 (gf180mcu_fd_sc_mcu9t5v0__or4_4)
     1    0.01    0.10    0.33   88.18 v _318604_/Z (gf180mcu_fd_sc_mcu9t5v0__or4_4)
                                         _064258_ (net)
                  0.10    0.00   88.18 v _318605_/A4 (gf180mcu_fd_sc_mcu9t5v0__nor4_2)
     4    0.06    0.84    0.55   88.72 ^ _318605_/ZN (gf180mcu_fd_sc_mcu9t5v0__nor4_2)
                                         _064259_ (net)
                  0.84    0.00   88.72 ^ _319183_/A1 (gf180mcu_fd_sc_mcu9t5v0__aoi21_4)
     8    0.08    0.32    0.15   88.87 v _319183_/ZN (gf180mcu_fd_sc_mcu9t5v0__aoi21_4)
                                         _064897_ (net)
                  0.32    0.00   88.87 v _319622_/A2 (gf180mcu_fd_sc_mcu9t5v0__or4_2)
     1    0.01    0.12    0.36   89.23 v _319622_/Z (gf180mcu_fd_sc_mcu9t5v0__or4_2)
                                         _065380_ (net)
                  0.12    0.00   89.23 v _319708_/A1 (gf180mcu_fd_sc_mcu9t5v0__xnor2_2)
     2    0.03    0.13    0.37   89.60 ^ _319708_/ZN (gf180mcu_fd_sc_mcu9t5v0__xnor2_2)
                                         _065475_ (net)
                  0.13    0.00   89.60 ^ _320415_/A2 (gf180mcu_fd_sc_mcu9t5v0__nand2_2)
     1    0.01    1.49    0.07   89.66 v _320415_/ZN (gf180mcu_fd_sc_mcu9t5v0__nand2_2)
                                         _066251_ (net)
                  1.49    0.00   89.66 v _320425_/A2 (gf180mcu_fd_sc_mcu9t5v0__aoi21_2)
     1    0.01    0.39    0.54   90.20 ^ _320425_/ZN (gf180mcu_fd_sc_mcu9t5v0__aoi21_2)
                                         _066262_ (net)
                  0.39    0.00   90.20 ^ _320428_/B2 (gf180mcu_fd_sc_mcu9t5v0__oai222_2)
     1    0.00    0.60    0.17   90.36 v _320428_/ZN (gf180mcu_fd_sc_mcu9t5v0__oai222_2)
                                         result[140] (net)
                  0.60    0.00   90.36 v result[140] (out)
                                 90.36   data arrival time

                  0.00  100.00  100.00   clock clk (rise edge)
                          0.00  100.00   clock network delay (ideal)
                          0.00  100.00   clock reconvergence pessimism
                        -20.00   80.00   output external delay
                                 80.00   data required time
-----------------------------------------------------------------------------
                                 80.00   data required time
                                -90.36   data arrival time
-----------------------------------------------------------------------------
                                -10.36   slack (VIOLATED)



==========================================================================
floorplan final report_checks -unconstrained
--------------------------------------------------------------------------
Startpoint: is_mul (input port clocked by clk)
Endpoint: result[140] (output port clocked by clk)
Path Group: clk
Path Type: max

Fanout     Cap    Slew   Delay    Time   Description
-----------------------------------------------------------------------------
                  0.00    0.00    0.00   clock clk (rise edge)
                          0.00    0.00   clock network delay (ideal)
                         20.00   20.00 ^ input external delay
   141    1.08    0.00    0.00   20.00 ^ is_mul (in)
                                         is_mul (net)
                  0.00    0.00   20.00 ^ _166738_/A2 (gf180mcu_fd_sc_mcu9t5v0__and2_2)
   254    2.68    9.88    5.81   25.81 ^ _166738_/Z (gf180mcu_fd_sc_mcu9t5v0__and2_2)
                                         _117371_ (net)
                  9.88    0.00   25.81 ^ _166741_/A3 (gf180mcu_fd_sc_mcu9t5v0__or3_2)
     2    0.02    0.31   -0.19   25.62 ^ _166741_/Z (gf180mcu_fd_sc_mcu9t5v0__or3_2)
                                         _117405_ (net)
                  0.31    0.00   25.62 ^ _166743_/A3 (gf180mcu_fd_sc_mcu9t5v0__nand4_2)
     4    0.04    0.46    0.21   25.83 v _166743_/ZN (gf180mcu_fd_sc_mcu9t5v0__nand4_2)
                                         _117427_ (net)
                  0.46    0.00   25.83 v _166750_/A1 (gf180mcu_fd_sc_mcu9t5v0__or4_4)
     3    0.04    0.14    0.41   26.24 v _166750_/Z (gf180mcu_fd_sc_mcu9t5v0__or4_4)
                                         _117504_ (net)
                  0.14    0.00   26.24 v _166759_/A1 (gf180mcu_fd_sc_mcu9t5v0__oai31_2)
    24    0.29    2.73    1.54   27.78 ^ _166759_/ZN (gf180mcu_fd_sc_mcu9t5v0__oai31_2)
                                         _117604_ (net)
                  2.73    0.00   27.78 ^ _166765_/A3 (gf180mcu_fd_sc_mcu9t5v0__nand4_4)
    16    0.19    0.97    0.36   28.14 v _166765_/ZN (gf180mcu_fd_sc_mcu9t5v0__nand4_4)
                                         _117671_ (net)
                  0.97    0.00   28.14 v _166773_/A1 (gf180mcu_fd_sc_mcu9t5v0__oai31_2)
    29    0.30    2.84    1.81   29.95 ^ _166773_/ZN (gf180mcu_fd_sc_mcu9t5v0__oai31_2)
                                         _117760_ (net)
                  2.84    0.00   29.95 ^ _166789_/A1 (gf180mcu_fd_sc_mcu9t5v0__and4_4)
    15    0.21    0.47    0.56   30.51 ^ _166789_/Z (gf180mcu_fd_sc_mcu9t5v0__and4_4)
                                         _117937_ (net)
                  0.47    0.00   30.51 ^ _166798_/A1 (gf180mcu_fd_sc_mcu9t5v0__aoi21_4)
    20    0.21    0.40    0.29   30.81 v _166798_/ZN (gf180mcu_fd_sc_mcu9t5v0__aoi21_4)
                                         _118037_ (net)
                  0.40    0.00   30.81 v _166815_/A1 (gf180mcu_fd_sc_mcu9t5v0__or4_4)
     8    0.09    0.21    0.45   31.25 v _166815_/Z (gf180mcu_fd_sc_mcu9t5v0__or4_4)
                                         _118226_ (net)
                  0.21    0.00   31.25 v _166819_/A2 (gf180mcu_fd_sc_mcu9t5v0__oai31_2)
    41    0.47    4.31    2.44   33.69 ^ _166819_/ZN (gf180mcu_fd_sc_mcu9t5v0__oai31_2)
                                         _118270_ (net)
                  4.31    0.00   33.69 ^ _166834_/A1 (gf180mcu_fd_sc_mcu9t5v0__nand4_4)
    11    0.14    1.21    0.47   34.16 v _166834_/ZN (gf180mcu_fd_sc_mcu9t5v0__nand4_4)
                                         _118437_ (net)
                  1.21    0.00   34.16 v _166846_/A1 (gf180mcu_fd_sc_mcu9t5v0__oai21_4)
    23    0.24    0.91    0.84   35.00 ^ _166846_/ZN (gf180mcu_fd_sc_mcu9t5v0__oai21_4)
                                         _118570_ (net)
                  0.91    0.00   35.00 ^ _166866_/A1 (gf180mcu_fd_sc_mcu9t5v0__and3_4)
    12    0.18    0.36    0.42   35.41 ^ _166866_/Z (gf180mcu_fd_sc_mcu9t5v0__and3_4)
                                         _118792_ (net)
                  0.36    0.00   35.41 ^ _166874_/A1 (gf180mcu_fd_sc_mcu9t5v0__aoi21_4)
    43    0.49    0.81    0.53   35.94 v _166874_/ZN (gf180mcu_fd_sc_mcu9t5v0__aoi21_4)
                                         _118881_ (net)
                  0.81    0.00   35.94 v _166902_/A1 (gf180mcu_fd_sc_mcu9t5v0__nor4_2)
     8    0.12    1.54    1.00   36.94 ^ _166902_/ZN (gf180mcu_fd_sc_mcu9t5v0__nor4_2)
                                         _119192_ (net)
                  1.54    0.00   36.94 ^ _166922_/A2 (gf180mcu_fd_sc_mcu9t5v0__oai211_4)
     7    0.09    0.60    0.31   37.25 v _166922_/ZN (gf180mcu_fd_sc_mcu9t5v0__oai211_4)
                                         _119414_ (net)
                  0.60    0.00   37.25 v _166927_/A2 (gf180mcu_fd_sc_mcu9t5v0__oai31_4)
   123    1.50    6.86    3.86   41.11 ^ _166927_/ZN (gf180mcu_fd_sc_mcu9t5v0__oai31_4)
                                         _119469_ (net)
                  6.86    0.00   41.11 ^ _167362_/A1 (gf180mcu_fd_sc_mcu9t5v0__nand4_4)
     8    0.10    1.55    0.40   41.51 v _167362_/ZN (gf180mcu_fd_sc_mcu9t5v0__nand4_4)
                                         _124298_ (net)
                  1.55    0.00   41.51 v _167860_/A1 (gf180mcu_fd_sc_mcu9t5v0__oai31_4)
    73    0.86    3.99    2.58   44.10 ^ _167860_/ZN (gf180mcu_fd_sc_mcu9t5v0__oai31_4)
                                         _129824_ (net)
                  3.99    0.00   44.10 ^ _191305_/A1 (gf180mcu_fd_sc_mcu9t5v0__nand4_4)
    37    0.44    1.88    1.18   45.28 v _191305_/ZN (gf180mcu_fd_sc_mcu9t5v0__nand4_4)
                                         _084514_ (net)
                  1.88    0.00   45.28 v _191442_/A2 (gf180mcu_fd_sc_mcu9t5v0__aoi211_2)
     9    0.12    1.36    1.30   46.58 ^ _191442_/ZN (gf180mcu_fd_sc_mcu9t5v0__aoi211_2)
                                         _084665_ (net)
                  1.36    0.00   46.58 ^ _191810_/A1 (gf180mcu_fd_sc_mcu9t5v0__aoi21_4)
    55    0.74    1.28    0.92   47.51 v _191810_/ZN (gf180mcu_fd_sc_mcu9t5v0__aoi21_4)
                                         _085069_ (net)
                  1.28    0.00   47.51 v _197481_/A1 (gf180mcu_fd_sc_mcu9t5v0__oai31_4)
   112    1.37    6.26    3.69   51.20 ^ _197481_/ZN (gf180mcu_fd_sc_mcu9t5v0__oai31_4)
                                         _091308_ (net)
                  6.26    0.00   51.20 ^ _197492_/A2 (gf180mcu_fd_sc_mcu9t5v0__nand3_2)
    29    0.37    2.46    1.45   52.65 v _197492_/ZN (gf180mcu_fd_sc_mcu9t5v0__nand3_2)
                                         _091320_ (net)
                  2.46    0.00   52.65 v _197519_/A2 (gf180mcu_fd_sc_mcu9t5v0__aoi211_2)
    36    0.49    4.53    3.14   55.79 ^ _197519_/ZN (gf180mcu_fd_sc_mcu9t5v0__aoi211_2)
                                         _091349_ (net)
                  4.53    0.00   55.79 ^ _199600_/A2 (gf180mcu_fd_sc_mcu9t5v0__oai21_4)
    24    0.36    1.69    0.69   56.48 v _199600_/ZN (gf180mcu_fd_sc_mcu9t5v0__oai21_4)
                                         _093638_ (net)
                  1.69    0.00   56.48 v _199817_/A2 (gf180mcu_fd_sc_mcu9t5v0__aoi21_2)
     5    0.06    0.67    0.80   57.28 ^ _199817_/ZN (gf180mcu_fd_sc_mcu9t5v0__aoi21_2)
                                         _093877_ (net)
                  0.67    0.00   57.28 ^ _199818_/A2 (gf180mcu_fd_sc_mcu9t5v0__xnor2_2)
   199    2.02    7.46    4.41   61.69 ^ _199818_/ZN (gf180mcu_fd_sc_mcu9t5v0__xnor2_2)
                                         _093878_ (net)
                  7.46    0.00   61.69 ^ _204048_/A1 (gf180mcu_fd_sc_mcu9t5v0__nand3_2)
     2    0.03    1.25    0.02   61.71 v _204048_/ZN (gf180mcu_fd_sc_mcu9t5v0__nand3_2)
                                         _098530_ (net)
                  1.25    0.00   61.71 v _204049_/B (gf180mcu_fd_sc_mcu9t5v0__oai21_2)
     2    0.02    0.42    0.44   62.15 ^ _204049_/ZN (gf180mcu_fd_sc_mcu9t5v0__oai21_2)
                                         _098531_ (net)
                  0.42    0.00   62.15 ^ _204068_/A4 (gf180mcu_fd_sc_mcu9t5v0__or4_2)
     4    0.04    0.17    0.32   62.47 ^ _204068_/Z (gf180mcu_fd_sc_mcu9t5v0__or4_2)
                                         _098552_ (net)
                  0.17    0.00   62.47 ^ _204069_/A2 (gf180mcu_fd_sc_mcu9t5v0__and2_2)
     3    0.03    0.13    0.18   62.66 ^ _204069_/Z (gf180mcu_fd_sc_mcu9t5v0__and2_2)
                                         _098553_ (net)
                  0.13    0.00   62.66 ^ _204604_/A2 (gf180mcu_fd_sc_mcu9t5v0__xnor3_4)
     3    0.03    0.13    0.75   63.41 v _204604_/ZN (gf180mcu_fd_sc_mcu9t5v0__xnor3_4)
                                         _099142_ (net)
                  0.13    0.00   63.41 v _204627_/A2 (gf180mcu_fd_sc_mcu9t5v0__xnor3_2)
     7    0.07    0.29    0.78   64.19 ^ _204627_/ZN (gf180mcu_fd_sc_mcu9t5v0__xnor3_2)
                                         _099167_ (net)
                  0.29    0.00   64.19 ^ _204630_/A1 (gf180mcu_fd_sc_mcu9t5v0__xnor2_4)
     4    0.04    0.13    0.43   64.61 v _204630_/ZN (gf180mcu_fd_sc_mcu9t5v0__xnor2_4)
                                         _099170_ (net)
                  0.13    0.00   64.61 v _204632_/A3 (gf180mcu_fd_sc_mcu9t5v0__or3_2)
     2    0.01    0.10    0.28   64.89 v _204632_/Z (gf180mcu_fd_sc_mcu9t5v0__or3_2)
                                         _099173_ (net)
                  0.10    0.00   64.89 v _215428_/A3 (gf180mcu_fd_sc_mcu9t5v0__and3_2)
     2    0.02    0.09    0.21   65.11 v _215428_/Z (gf180mcu_fd_sc_mcu9t5v0__and3_2)
                                         _111044_ (net)
                  0.09    0.00   65.11 v _215434_/B1 (gf180mcu_fd_sc_mcu9t5v0__oai33_2)
     3    0.03    0.75    0.39   65.50 ^ _215434_/ZN (gf180mcu_fd_sc_mcu9t5v0__oai33_2)
                                         _111051_ (net)
                  0.75    0.00   65.50 ^ _215551_/A1 (gf180mcu_fd_sc_mcu9t5v0__xnor2_4)
     4    0.05    0.15    0.45   65.95 v _215551_/ZN (gf180mcu_fd_sc_mcu9t5v0__xnor2_4)
                                         _111180_ (net)
                  0.15    0.00   65.95 v _253354_/B1 (gf180mcu_fd_sc_mcu9t5v0__aoi22_2)
     1    0.01    0.24    0.17   66.12 ^ _253354_/ZN (gf180mcu_fd_sc_mcu9t5v0__aoi22_2)
                                         _153105_ (net)
                  0.24    0.00   66.12 ^ _253358_/B1 (gf180mcu_fd_sc_mcu9t5v0__oai221_2)
     3    0.04    2.18    0.20   66.32 v _253358_/ZN (gf180mcu_fd_sc_mcu9t5v0__oai221_2)
                                         _153109_ (net)
                  2.18    0.00   66.32 v _253362_/A1 (gf180mcu_fd_sc_mcu9t5v0__oai21_2)
     2    0.03    0.55    0.69   67.02 ^ _253362_/ZN (gf180mcu_fd_sc_mcu9t5v0__oai21_2)
                                         _153114_ (net)
                  0.55    0.00   67.02 ^ _253369_/A1 (gf180mcu_fd_sc_mcu9t5v0__nand2_2)
     3    0.04    0.24    0.15   67.16 v _253369_/ZN (gf180mcu_fd_sc_mcu9t5v0__nand2_2)
                                         _153121_ (net)
                  0.24    0.00   67.16 v _254165_/A2 (gf180mcu_fd_sc_mcu9t5v0__nor2_2)
     2    0.03    0.45    0.18   67.34 ^ _254165_/ZN (gf180mcu_fd_sc_mcu9t5v0__nor2_2)
                                         _154005_ (net)
                  0.45    0.00   67.34 ^ _255079_/A2 (gf180mcu_fd_sc_mcu9t5v0__oai211_2)
     1    0.01    0.22    0.14   67.48 v _255079_/ZN (gf180mcu_fd_sc_mcu9t5v0__oai211_2)
                                         _155019_ (net)
                  0.22    0.00   67.48 v _255080_/C2 (gf180mcu_fd_sc_mcu9t5v0__aoi222_2)
     1    0.01    0.43    0.34   67.81 ^ _255080_/ZN (gf180mcu_fd_sc_mcu9t5v0__aoi222_2)
                                         _155020_ (net)
                  0.43    0.00   67.81 ^ _255081_/A3 (gf180mcu_fd_sc_mcu9t5v0__xnor3_4)
     1    0.01    0.10    0.40   68.22 v _255081_/ZN (gf180mcu_fd_sc_mcu9t5v0__xnor3_4)
                                         _155022_ (net)
                  0.10    0.00   68.22 v _255082_/I (gf180mcu_fd_sc_mcu9t5v0__clkinv_2)
     2    0.02    0.11    0.09   68.31 ^ _255082_/ZN (gf180mcu_fd_sc_mcu9t5v0__clkinv_2)
                                         _155023_ (net)
                  0.11    0.00   68.31 ^ _255085_/B (gf180mcu_fd_sc_mcu9t5v0__aoi21_2)
     4    0.05    0.23    0.17   68.48 v _255085_/ZN (gf180mcu_fd_sc_mcu9t5v0__aoi21_2)
                                         _155026_ (net)
                  0.23    0.00   68.48 v _259025_/B (gf180mcu_fd_sc_mcu9t5v0__aoi21_2)
     2    0.03    0.29    0.23   68.70 ^ _259025_/ZN (gf180mcu_fd_sc_mcu9t5v0__aoi21_2)
                                         _159400_ (net)
                  0.29    0.00   68.70 ^ _259028_/A2 (gf180mcu_fd_sc_mcu9t5v0__aoi211_2)
     1    0.01    0.20    0.08   68.78 v _259028_/ZN (gf180mcu_fd_sc_mcu9t5v0__aoi211_2)
                                         _159403_ (net)
                  0.20    0.00   68.78 v _259029_/B1 (gf180mcu_fd_sc_mcu9t5v0__oai33_2)
     2    0.03    0.70    0.39   69.18 ^ _259029_/ZN (gf180mcu_fd_sc_mcu9t5v0__oai33_2)
                                         _159404_ (net)
                  0.70    0.00   69.18 ^ _261477_/A2 (gf180mcu_fd_sc_mcu9t5v0__aoi211_2)
     1    0.01    0.21    0.05   69.23 v _261477_/ZN (gf180mcu_fd_sc_mcu9t5v0__aoi211_2)
                                         _000873_ (net)
                  0.21    0.00   69.23 v _261478_/B2 (gf180mcu_fd_sc_mcu9t5v0__oai22_2)
     1    0.03    0.38    0.25   69.48 ^ _261478_/ZN (gf180mcu_fd_sc_mcu9t5v0__oai22_2)
                                         _000874_ (net)
                  0.38    0.00   69.48 ^ _261479_/A2 (gf180mcu_fd_sc_mcu9t5v0__nand2_4)
     5    0.05    0.16    0.10   69.58 v _261479_/ZN (gf180mcu_fd_sc_mcu9t5v0__nand2_4)
                                         _000875_ (net)
                  0.16    0.00   69.58 v _261588_/A1 (gf180mcu_fd_sc_mcu9t5v0__xnor3_2)
     1    0.01    0.09    0.67   70.25 ^ _261588_/ZN (gf180mcu_fd_sc_mcu9t5v0__xnor3_2)
                                         _000996_ (net)
                  0.09    0.00   70.25 ^ _261589_/I (gf180mcu_fd_sc_mcu9t5v0__clkinv_2)
     2    0.02    0.10    0.08   70.34 v _261589_/ZN (gf180mcu_fd_sc_mcu9t5v0__clkinv_2)
                                         _000997_ (net)
                  0.10    0.00   70.34 v _264327_/A1 (gf180mcu_fd_sc_mcu9t5v0__and3_4)
     4    0.05    0.10    0.18   70.52 v _264327_/Z (gf180mcu_fd_sc_mcu9t5v0__and3_4)
                                         _004037_ (net)
                  0.10    0.00   70.52 v _265539_/A1 (gf180mcu_fd_sc_mcu9t5v0__and2_4)
     4    0.05    0.09    0.16   70.69 v _265539_/Z (gf180mcu_fd_sc_mcu9t5v0__and2_4)
                                         _005382_ (net)
                  0.09    0.00   70.69 v _265600_/A1 (gf180mcu_fd_sc_mcu9t5v0__xnor3_2)
     6    0.07    0.29    0.77   71.46 ^ _265600_/ZN (gf180mcu_fd_sc_mcu9t5v0__xnor3_2)
                                         _005450_ (net)
                  0.29    0.00   71.46 ^ _267251_/A2 (gf180mcu_fd_sc_mcu9t5v0__or2_2)
     3    0.04    0.17    0.21   71.67 ^ _267251_/Z (gf180mcu_fd_sc_mcu9t5v0__or2_2)
                                         _007283_ (net)
                  0.17    0.00   71.67 ^ _268192_/I (gf180mcu_fd_sc_mcu9t5v0__inv_2)
     2    0.03    0.10    0.07   71.75 v _268192_/ZN (gf180mcu_fd_sc_mcu9t5v0__inv_2)
                                         _008328_ (net)
                  0.10    0.00   71.75 v _268551_/A2 (gf180mcu_fd_sc_mcu9t5v0__aoi21_2)
     1    0.01    0.19    0.13   71.88 ^ _268551_/ZN (gf180mcu_fd_sc_mcu9t5v0__aoi21_2)
                                         _008726_ (net)
                  0.19    0.00   71.88 ^ _268552_/B (gf180mcu_fd_sc_mcu9t5v0__aoi21_2)
     1    0.02    0.17    0.14   72.01 v _268552_/ZN (gf180mcu_fd_sc_mcu9t5v0__aoi21_2)
                                         _008727_ (net)
                  0.17    0.00   72.01 v _268553_/A2 (gf180mcu_fd_sc_mcu9t5v0__nor2_4)
     2    0.04    0.19    0.15   72.16 ^ _268553_/ZN (gf180mcu_fd_sc_mcu9t5v0__nor2_4)
                                         _008728_ (net)
                  0.19    0.00   72.16 ^ _268560_/B1 (gf180mcu_fd_sc_mcu9t5v0__aoi22_4)
    19    0.22    0.44    0.30   72.46 v _268560_/ZN (gf180mcu_fd_sc_mcu9t5v0__aoi22_4)
                                         _008735_ (net)
                  0.44    0.00   72.46 v _271393_/A1 (gf180mcu_fd_sc_mcu9t5v0__oai32_2)
    11    0.13    1.46    0.89   73.35 ^ _271393_/ZN (gf180mcu_fd_sc_mcu9t5v0__oai32_2)
                                         _011881_ (net)
                  1.46    0.00   73.35 ^ _271394_/A2 (gf180mcu_fd_sc_mcu9t5v0__and2_2)
     1    0.01    0.10    0.15   73.50 ^ _271394_/Z (gf180mcu_fd_sc_mcu9t5v0__and2_2)
                                         _011882_ (net)
                  0.10    0.00   73.50 ^ _271395_/A2 (gf180mcu_fd_sc_mcu9t5v0__xnor2_2)
     4    0.04    0.15    0.32   73.82 v _271395_/ZN (gf180mcu_fd_sc_mcu9t5v0__xnor2_2)
                                         _011883_ (net)
                  0.15    0.00   73.82 v _271442_/A2 (gf180mcu_fd_sc_mcu9t5v0__oai221_2)
     2    0.03    0.45    0.21   74.03 ^ _271442_/ZN (gf180mcu_fd_sc_mcu9t5v0__oai221_2)
                                         _011935_ (net)
                  0.45    0.00   74.03 ^ _271444_/B1 (gf180mcu_fd_sc_mcu9t5v0__oai22_2)
     3    0.03    0.24    0.15   74.18 v _271444_/ZN (gf180mcu_fd_sc_mcu9t5v0__oai22_2)
                                         _011937_ (net)
                  0.24    0.00   74.18 v _271618_/A1 (gf180mcu_fd_sc_mcu9t5v0__xnor3_2)
     3    0.05    0.21    0.77   74.94 ^ _271618_/ZN (gf180mcu_fd_sc_mcu9t5v0__xnor3_2)
                                         _012130_ (net)
                  0.21    0.00   74.94 ^ _271619_/I (gf180mcu_fd_sc_mcu9t5v0__clkinv_4)
     4    0.03    0.11    0.09   75.04 v _271619_/ZN (gf180mcu_fd_sc_mcu9t5v0__clkinv_4)
                                         _012131_ (net)
                  0.11    0.00   75.04 v _272545_/A1 (gf180mcu_fd_sc_mcu9t5v0__or2_4)
     1    0.01    0.07    0.18   75.21 v _272545_/Z (gf180mcu_fd_sc_mcu9t5v0__or2_4)
                                         _013159_ (net)
                  0.07    0.00   75.21 v _272546_/A4 (gf180mcu_fd_sc_mcu9t5v0__or4_4)
     5    0.06    0.17    0.39   75.60 v _272546_/Z (gf180mcu_fd_sc_mcu9t5v0__or4_4)
                                         _013160_ (net)
                  0.17    0.00   75.60 v _293810_/A3 (gf180mcu_fd_sc_mcu9t5v0__or4_4)
     3    0.04    0.14    0.36   75.96 v _293810_/Z (gf180mcu_fd_sc_mcu9t5v0__or4_4)
                                         _036763_ (net)
                  0.14    0.00   75.96 v _293811_/A4 (gf180mcu_fd_sc_mcu9t5v0__or4_4)
     6    0.06    0.17    0.40   76.36 v _293811_/Z (gf180mcu_fd_sc_mcu9t5v0__or4_4)
                                         _036765_ (net)
                  0.17    0.00   76.36 v _293814_/A1 (gf180mcu_fd_sc_mcu9t5v0__or2_4)
     3    0.03    0.09    0.22   76.58 v _293814_/Z (gf180mcu_fd_sc_mcu9t5v0__or2_4)
                                         _036768_ (net)
                  0.09    0.00   76.58 v _293815_/A2 (gf180mcu_fd_sc_mcu9t5v0__or2_4)
     6    0.07    0.12    0.23   76.81 v _293815_/Z (gf180mcu_fd_sc_mcu9t5v0__or2_4)
                                         _036769_ (net)
                  0.12    0.00   76.81 v _293955_/A4 (gf180mcu_fd_sc_mcu9t5v0__or4_2)
     1    0.01    0.10    0.34   77.15 v _293955_/Z (gf180mcu_fd_sc_mcu9t5v0__or4_2)
                                         _036924_ (net)
                  0.10    0.00   77.15 v _293957_/A3 (gf180mcu_fd_sc_mcu9t5v0__and4_2)
     1    0.01    0.09    0.21   77.36 v _293957_/Z (gf180mcu_fd_sc_mcu9t5v0__and4_2)
                                         _036926_ (net)
                  0.09    0.00   77.36 v _293958_/A2 (gf180mcu_fd_sc_mcu9t5v0__xor2_2)
     4    0.04    0.17    0.32   77.68 ^ _293958_/Z (gf180mcu_fd_sc_mcu9t5v0__xor2_2)
                                         _036927_ (net)
                  0.17    0.00   77.68 ^ _293968_/A1 (gf180mcu_fd_sc_mcu9t5v0__or2_2)
     2    0.03    0.14    0.17   77.86 ^ _293968_/Z (gf180mcu_fd_sc_mcu9t5v0__or2_2)
                                         _036938_ (net)
                  0.14    0.00   77.86 ^ _293969_/A2 (gf180mcu_fd_sc_mcu9t5v0__nand2_4)
     1    0.02    0.08    0.06   77.92 v _293969_/ZN (gf180mcu_fd_sc_mcu9t5v0__nand2_4)
                                         _036939_ (net)
                  0.08    0.00   77.92 v _293970_/B (gf180mcu_fd_sc_mcu9t5v0__aoi21_4)
     4    0.06    0.29    0.20   78.12 ^ _293970_/ZN (gf180mcu_fd_sc_mcu9t5v0__aoi21_4)
                                         _036940_ (net)
                  0.29    0.00   78.12 ^ _293975_/A2 (gf180mcu_fd_sc_mcu9t5v0__oai21_2)
     1    0.03    0.19    0.13   78.25 v _293975_/ZN (gf180mcu_fd_sc_mcu9t5v0__oai21_2)
                                         _036946_ (net)
                  0.19    0.00   78.25 v _293977_/A2 (gf180mcu_fd_sc_mcu9t5v0__aoi21_4)
     7    0.08    0.38    0.26   78.51 ^ _293977_/ZN (gf180mcu_fd_sc_mcu9t5v0__aoi21_4)
                                         _036948_ (net)
                  0.38    0.00   78.51 ^ _293997_/A2 (gf180mcu_fd_sc_mcu9t5v0__oai211_4)
    12    0.13    0.38    0.27   78.78 v _293997_/ZN (gf180mcu_fd_sc_mcu9t5v0__oai211_4)
                                         _036971_ (net)
                  0.38    0.00   78.78 v _294512_/A1 (gf180mcu_fd_sc_mcu9t5v0__or3_4)
     6    0.07    0.16    0.38   79.16 v _294512_/Z (gf180mcu_fd_sc_mcu9t5v0__or3_4)
                                         _037543_ (net)
                  0.16    0.00   79.16 v _294541_/A2 (gf180mcu_fd_sc_mcu9t5v0__and2_2)
     1    0.01    0.07    0.18   79.35 v _294541_/Z (gf180mcu_fd_sc_mcu9t5v0__and2_2)
                                         _037575_ (net)
                  0.07    0.00   79.35 v _294542_/A2 (gf180mcu_fd_sc_mcu9t5v0__oai21_2)
     1    0.01    0.16    0.10   79.45 ^ _294542_/ZN (gf180mcu_fd_sc_mcu9t5v0__oai21_2)
                                         _037576_ (net)
                  0.16    0.00   79.45 ^ _294545_/A1 (gf180mcu_fd_sc_mcu9t5v0__and2_2)
     1    0.01    0.07    0.15   79.60 ^ _294545_/Z (gf180mcu_fd_sc_mcu9t5v0__and2_2)
                                         _037579_ (net)
                  0.07    0.00   79.60 ^ _294546_/A2 (gf180mcu_fd_sc_mcu9t5v0__xnor2_2)
     3    0.04    0.14    0.30   79.90 v _294546_/ZN (gf180mcu_fd_sc_mcu9t5v0__xnor2_2)
                                         _037580_ (net)
                  0.14    0.00   79.90 v _294959_/A2 (gf180mcu_fd_sc_mcu9t5v0__xor2_2)
     2    0.02    0.09    0.29   80.19 ^ _294959_/Z (gf180mcu_fd_sc_mcu9t5v0__xor2_2)
                                         _038038_ (net)
                  0.09    0.00   80.19 ^ _294967_/A1 (gf180mcu_fd_sc_mcu9t5v0__and4_2)
     1    0.03    0.14    0.24   80.43 ^ _294967_/Z (gf180mcu_fd_sc_mcu9t5v0__and4_2)
                                         _038047_ (net)
                  0.14    0.00   80.43 ^ _294968_/B (gf180mcu_fd_sc_mcu9t5v0__oai31_4)
     5    0.06    0.19    0.15   80.58 v _294968_/ZN (gf180mcu_fd_sc_mcu9t5v0__oai31_4)
                                         _038048_ (net)
                  0.19    0.00   80.58 v _311466_/A1 (gf180mcu_fd_sc_mcu9t5v0__aoi211_2)
     2    0.04    0.53    0.30   80.88 ^ _311466_/ZN (gf180mcu_fd_sc_mcu9t5v0__aoi211_2)
                                         _056361_ (net)
                  0.53    0.00   80.88 ^ _311483_/A1 (gf180mcu_fd_sc_mcu9t5v0__oai31_4)
     4    0.06    0.23    0.13   81.00 v _311483_/ZN (gf180mcu_fd_sc_mcu9t5v0__oai31_4)
                                         _056380_ (net)
                  0.23    0.00   81.00 v _311491_/A1 (gf180mcu_fd_sc_mcu9t5v0__aoi21_2)
     3    0.05    0.44    0.29   81.29 ^ _311491_/ZN (gf180mcu_fd_sc_mcu9t5v0__aoi21_2)
                                         _056390_ (net)
                  0.44    0.00   81.29 ^ _311499_/A1 (gf180mcu_fd_sc_mcu9t5v0__oai21_4)
     3    0.04    0.18    0.10   81.39 v _311499_/ZN (gf180mcu_fd_sc_mcu9t5v0__oai21_4)
                                         _056398_ (net)
                  0.18    0.00   81.39 v _311519_/A1 (gf180mcu_fd_sc_mcu9t5v0__and2_4)
     7    0.07    0.11    0.21   81.59 v _311519_/Z (gf180mcu_fd_sc_mcu9t5v0__and2_4)
                                         _056420_ (net)
                  0.11    0.00   81.59 v _311522_/A2 (gf180mcu_fd_sc_mcu9t5v0__or3_4)
     1    0.01    0.09    0.24   81.83 v _311522_/Z (gf180mcu_fd_sc_mcu9t5v0__or3_4)
                                         _056424_ (net)
                  0.09    0.00   81.83 v _311524_/C1 (gf180mcu_fd_sc_mcu9t5v0__aoi222_2)
     1    0.03    0.59    0.39   82.22 ^ _311524_/ZN (gf180mcu_fd_sc_mcu9t5v0__aoi222_2)
                                         _056426_ (net)
                  0.59    0.00   82.22 ^ _311526_/B1 (gf180mcu_fd_sc_mcu9t5v0__oai22_4)
     5    0.07    0.26    0.16   82.38 v _311526_/ZN (gf180mcu_fd_sc_mcu9t5v0__oai22_4)
                                         _056428_ (net)
                  0.26    0.00   82.38 v _311528_/A2 (gf180mcu_fd_sc_mcu9t5v0__nand2_2)
     2    0.02    0.16    0.16   82.54 ^ _311528_/ZN (gf180mcu_fd_sc_mcu9t5v0__nand2_2)
                                         _056430_ (net)
                  0.16    0.00   82.54 ^ _311529_/B (gf180mcu_fd_sc_mcu9t5v0__oai21_2)
     1    0.03    0.16    0.12   82.66 v _311529_/ZN (gf180mcu_fd_sc_mcu9t5v0__oai21_2)
                                         _056431_ (net)
                  0.16    0.00   82.66 v _311532_/A2 (gf180mcu_fd_sc_mcu9t5v0__aoi21_4)
     9    0.10    0.42    0.27   82.93 ^ _311532_/ZN (gf180mcu_fd_sc_mcu9t5v0__aoi21_4)
                                         _056435_ (net)
                  0.42    0.00   82.93 ^ _311537_/A2 (gf180mcu_fd_sc_mcu9t5v0__oai21_2)
     1    0.01    0.16    0.08   83.02 v _311537_/ZN (gf180mcu_fd_sc_mcu9t5v0__oai21_2)
                                         _056440_ (net)
                  0.16    0.00   83.02 v _311539_/A1 (gf180mcu_fd_sc_mcu9t5v0__and2_2)
     1    0.01    0.07    0.17   83.19 v _311539_/Z (gf180mcu_fd_sc_mcu9t5v0__and2_2)
                                         _056442_ (net)
                  0.07    0.00   83.19 v _311541_/A2 (gf180mcu_fd_sc_mcu9t5v0__oai21_2)
     1    0.01    0.15    0.10   83.28 ^ _311541_/ZN (gf180mcu_fd_sc_mcu9t5v0__oai21_2)
                                         _056445_ (net)
                  0.15    0.00   83.28 ^ _311564_/A1 (gf180mcu_fd_sc_mcu9t5v0__xnor3_2)
     3    0.04    0.14    0.64   83.92 v _311564_/ZN (gf180mcu_fd_sc_mcu9t5v0__xnor3_2)
                                         _056470_ (net)
                  0.14    0.00   83.92 v _311615_/A1 (gf180mcu_fd_sc_mcu9t5v0__nor2_2)
     3    0.02    0.21    0.16   84.07 ^ _311615_/ZN (gf180mcu_fd_sc_mcu9t5v0__nor2_2)
                                         _056527_ (net)
                  0.21    0.00   84.07 ^ _311772_/A2 (gf180mcu_fd_sc_mcu9t5v0__or3_2)
     2    0.02    0.11    0.20   84.28 ^ _311772_/Z (gf180mcu_fd_sc_mcu9t5v0__or3_2)
                                         _056701_ (net)
                  0.11    0.00   84.28 ^ _311882_/I (gf180mcu_fd_sc_mcu9t5v0__clkinv_2)
     2    0.02    0.11    0.09   84.37 v _311882_/ZN (gf180mcu_fd_sc_mcu9t5v0__clkinv_2)
                                         _056823_ (net)
                  0.11    0.00   84.37 v _311883_/C (gf180mcu_fd_sc_mcu9t5v0__aoi221_2)
     1    0.03    0.50    0.33   84.70 ^ _311883_/ZN (gf180mcu_fd_sc_mcu9t5v0__aoi221_2)
                                         _056824_ (net)
                  0.50    0.00   84.70 ^ _311889_/A2 (gf180mcu_fd_sc_mcu9t5v0__oai211_4)
     9    0.09    0.34    0.24   84.94 v _311889_/ZN (gf180mcu_fd_sc_mcu9t5v0__oai211_4)
                                         _056830_ (net)
                  0.34    0.00   84.94 v _312620_/A1 (gf180mcu_fd_sc_mcu9t5v0__or4_4)
     4    0.04    0.15    0.38   85.31 v _312620_/Z (gf180mcu_fd_sc_mcu9t5v0__or4_4)
                                         _057641_ (net)
                  0.15    0.00   85.31 v _313586_/A2 (gf180mcu_fd_sc_mcu9t5v0__nor4_2)
     4    0.04    0.63    0.37   85.69 ^ _313586_/ZN (gf180mcu_fd_sc_mcu9t5v0__nor4_2)
                                         _058710_ (net)
                  0.63    0.00   85.69 ^ _314657_/A2 (gf180mcu_fd_sc_mcu9t5v0__and4_4)
     4    0.03    0.12    0.28   85.97 ^ _314657_/Z (gf180mcu_fd_sc_mcu9t5v0__and4_4)
                                         _059896_ (net)
                  0.12    0.00   85.97 ^ _315548_/A2 (gf180mcu_fd_sc_mcu9t5v0__and4_4)
     5    0.05    0.14    0.25   86.22 ^ _315548_/Z (gf180mcu_fd_sc_mcu9t5v0__and4_4)
                                         _060881_ (net)
                  0.14    0.00   86.22 ^ _316287_/A2 (gf180mcu_fd_sc_mcu9t5v0__and4_4)
     4    0.04    0.13    0.24   86.46 ^ _316287_/Z (gf180mcu_fd_sc_mcu9t5v0__and4_4)
                                         _061698_ (net)
                  0.13    0.00   86.46 ^ _316990_/A2 (gf180mcu_fd_sc_mcu9t5v0__and4_4)
    17    0.17    0.35    0.38   86.84 ^ _316990_/Z (gf180mcu_fd_sc_mcu9t5v0__and4_4)
                                         _062475_ (net)
                  0.35    0.00   86.84 ^ _318424_/A1 (gf180mcu_fd_sc_mcu9t5v0__and3_4)
     2    0.02    0.08    0.20   87.05 ^ _318424_/Z (gf180mcu_fd_sc_mcu9t5v0__and3_4)
                                         _064060_ (net)
                  0.08    0.00   87.05 ^ _318425_/A2 (gf180mcu_fd_sc_mcu9t5v0__xor2_2)
     1    0.01    0.08    0.26   87.30 v _318425_/Z (gf180mcu_fd_sc_mcu9t5v0__xor2_2)
                                         _064061_ (net)
                  0.08    0.00   87.30 v _318429_/B1 (gf180mcu_fd_sc_mcu9t5v0__aoi221_2)
     1    0.01    0.35    0.24   87.54 ^ _318429_/ZN (gf180mcu_fd_sc_mcu9t5v0__aoi221_2)
                                         _064065_ (net)
                  0.35    0.00   87.54 ^ _318430_/A2 (gf180mcu_fd_sc_mcu9t5v0__xnor2_2)
     3    0.03    0.12    0.31   87.85 v _318430_/ZN (gf180mcu_fd_sc_mcu9t5v0__xnor2_2)
                                         _064066_ (net)
                  0.12    0.00   87.85 v _318604_/A4 (gf180mcu_fd_sc_mcu9t5v0__or4_4)
     1    0.01    0.10    0.33   88.18 v _318604_/Z (gf180mcu_fd_sc_mcu9t5v0__or4_4)
                                         _064258_ (net)
                  0.10    0.00   88.18 v _318605_/A4 (gf180mcu_fd_sc_mcu9t5v0__nor4_2)
     4    0.06    0.84    0.55   88.72 ^ _318605_/ZN (gf180mcu_fd_sc_mcu9t5v0__nor4_2)
                                         _064259_ (net)
                  0.84    0.00   88.72 ^ _319183_/A1 (gf180mcu_fd_sc_mcu9t5v0__aoi21_4)
     8    0.08    0.32    0.15   88.87 v _319183_/ZN (gf180mcu_fd_sc_mcu9t5v0__aoi21_4)
                                         _064897_ (net)
                  0.32    0.00   88.87 v _319622_/A2 (gf180mcu_fd_sc_mcu9t5v0__or4_2)
     1    0.01    0.12    0.36   89.23 v _319622_/Z (gf180mcu_fd_sc_mcu9t5v0__or4_2)
                                         _065380_ (net)
                  0.12    0.00   89.23 v _319708_/A1 (gf180mcu_fd_sc_mcu9t5v0__xnor2_2)
     2    0.03    0.13    0.37   89.60 ^ _319708_/ZN (gf180mcu_fd_sc_mcu9t5v0__xnor2_2)
                                         _065475_ (net)
                  0.13    0.00   89.60 ^ _320415_/A2 (gf180mcu_fd_sc_mcu9t5v0__nand2_2)
     1    0.01    1.49    0.07   89.66 v _320415_/ZN (gf180mcu_fd_sc_mcu9t5v0__nand2_2)
                                         _066251_ (net)
                  1.49    0.00   89.66 v _320425_/A2 (gf180mcu_fd_sc_mcu9t5v0__aoi21_2)
     1    0.01    0.39    0.54   90.20 ^ _320425_/ZN (gf180mcu_fd_sc_mcu9t5v0__aoi21_2)
                                         _066262_ (net)
                  0.39    0.00   90.20 ^ _320428_/B2 (gf180mcu_fd_sc_mcu9t5v0__oai222_2)
     1    0.00    0.60    0.17   90.36 v _320428_/ZN (gf180mcu_fd_sc_mcu9t5v0__oai222_2)
                                         result[140] (net)
                  0.60    0.00   90.36 v result[140] (out)
                                 90.36   data arrival time

                  0.00  100.00  100.00   clock clk (rise edge)
                          0.00  100.00   clock network delay (ideal)
                          0.00  100.00   clock reconvergence pessimism
                        -20.00   80.00   output external delay
                                 80.00   data required time
-----------------------------------------------------------------------------
                                 80.00   data required time
                                -90.36   data arrival time
-----------------------------------------------------------------------------
                                -10.36   slack (VIOLATED)



==========================================================================
floorplan final report_power
--------------------------------------------------------------------------
Group                  Internal  Switching    Leakage      Total
                          Power      Power      Power      Power (Watts)
----------------------------------------------------------------
Sequential             0.00e+00   0.00e+00   0.00e+00   0.00e+00   0.0%
Combinational          1.05e+02   5.43e+01   3.39e-05   1.60e+02 100.0%
Clock                  0.00e+00   0.00e+00   0.00e+00   0.00e+00   0.0%
Macro                  0.00e+00   0.00e+00   0.00e+00   0.00e+00   0.0%
Pad                    0.00e+00   0.00e+00   0.00e+00   0.00e+00   0.0%
----------------------------------------------------------------
Total                  1.05e+02   5.43e+01   3.39e-05   1.60e+02 100.0%
                          66.0%      34.0%       0.0%
