
==========================================================================
detailed place report_tns
--------------------------------------------------------------------------
tns 0.00

==========================================================================
detailed place report_wns
--------------------------------------------------------------------------
wns 0.00

==========================================================================
detailed place report_worst_slack
--------------------------------------------------------------------------
worst slack 0.23

==========================================================================
detailed place report_checks -path_delay min
--------------------------------------------------------------------------
Startpoint: is_set_greater (input port clocked by clk)
Endpoint: result[22] (output port clocked by clk)
Path Group: clk
Path Type: min

Fanout     Cap    Slew   Delay    Time   Description
-----------------------------------------------------------------------------
                  0.00    0.00    0.00   clock clk (rise edge)
                          0.00    0.00   clock network delay (ideal)
                         20.00   20.00 ^ input external delay
     1    0.03    0.00    0.00   20.00 ^ is_set_greater (in)
                                         is_set_greater (net)
                  0.00    0.00   20.00 ^ input35/I (gf180mcu_fd_sc_mcu9t5v0__buf_8)
    12    0.22    0.23    0.19   20.19 ^ input35/Z (gf180mcu_fd_sc_mcu9t5v0__buf_8)
                                         net35 (net)
                  0.23    0.00   20.19 ^ _321115_/A1 (gf180mcu_fd_sc_mcu9t5v0__nand2_2)
     1    0.01    0.09    0.08   20.27 v _321115_/ZN (gf180mcu_fd_sc_mcu9t5v0__nand2_2)
                                         _067015_ (net)
                  0.09    0.00   20.27 v _321155_/A2 (gf180mcu_fd_sc_mcu9t5v0__nand4_2)
     1    0.01    0.14    0.13   20.40 ^ _321155_/ZN (gf180mcu_fd_sc_mcu9t5v0__nand4_2)
                                         net455 (net)
                  0.14    0.00   20.40 ^ output455/I (gf180mcu_fd_sc_mcu9t5v0__dlyb_2)
     1    0.01    0.09    0.57   20.97 ^ output455/Z (gf180mcu_fd_sc_mcu9t5v0__dlyb_2)
                                         result[22] (net)
                  0.09    0.00   20.97 ^ result[22] (out)
                                 20.97   data arrival time

                  0.00    0.00    0.00   clock clk (rise edge)
                          0.00    0.00   clock network delay (ideal)
                          0.00    0.00   clock reconvergence pessimism
                        -20.00  -20.00   output external delay
                                -20.00   data required time
-----------------------------------------------------------------------------
                                -20.00   data required time
                                -20.97   data arrival time
-----------------------------------------------------------------------------
                                 40.97   slack (MET)



==========================================================================
detailed place report_checks -path_delay max
--------------------------------------------------------------------------
Startpoint: dst_osize_vector[1] (input port clocked by clk)
Endpoint: result[141] (output port clocked by clk)
Path Group: clk
Path Type: max

Fanout     Cap    Slew   Delay    Time   Description
-----------------------------------------------------------------------------
                  0.00    0.00    0.00   clock clk (rise edge)
                          0.00    0.00   clock network delay (ideal)
                         20.00   20.00 ^ input external delay
     1    0.07    0.00    0.00   20.00 ^ dst_osize_vector[1] (in)
                                         dst_osize_vector[1] (net)
                  0.00    0.00   20.00 ^ input18/I (gf180mcu_fd_sc_mcu9t5v0__buf_20)
   271    6.68    2.42    1.50   21.50 ^ input18/Z (gf180mcu_fd_sc_mcu9t5v0__buf_20)
                                         net18 (net)
                  2.42    0.00   21.50 ^ _166478_/B2 (gf180mcu_fd_sc_mcu9t5v0__aoi22_4)
     3    0.05    0.66    0.08   21.57 v _166478_/ZN (gf180mcu_fd_sc_mcu9t5v0__aoi22_4)
                                         _114485_ (net)
                  0.66    0.00   21.57 v _166707_/A2 (gf180mcu_fd_sc_mcu9t5v0__aoi21_4)
    22    0.55    1.83    1.19   22.77 ^ _166707_/ZN (gf180mcu_fd_sc_mcu9t5v0__aoi21_4)
                                         _117027_ (net)
                  1.83    0.00   22.77 ^ _166749_/A1 (gf180mcu_fd_sc_mcu9t5v0__xor2_4)
     7    0.10    0.21    0.42   23.19 v _166749_/Z (gf180mcu_fd_sc_mcu9t5v0__xor2_4)
                                         _117493_ (net)
                  0.21    0.00   23.19 v _166750_/A4 (gf180mcu_fd_sc_mcu9t5v0__or4_4)
     3    0.10    0.21    0.44   23.63 v _166750_/Z (gf180mcu_fd_sc_mcu9t5v0__or4_4)
                                         _117504_ (net)
                  0.21    0.00   23.63 v _166759_/A1 (gf180mcu_fd_sc_mcu9t5v0__oai31_4)
    24    0.36    1.75    1.01   24.64 ^ _166759_/ZN (gf180mcu_fd_sc_mcu9t5v0__oai31_4)
                                         _117604_ (net)
                  1.75    0.00   24.64 ^ _166765_/A3 (gf180mcu_fd_sc_mcu9t5v0__nand4_4)
    16    0.28    0.96    0.53   25.16 v _166765_/ZN (gf180mcu_fd_sc_mcu9t5v0__nand4_4)
                                         _117671_ (net)
                  0.96    0.00   25.16 v _166773_/A1 (gf180mcu_fd_sc_mcu9t5v0__oai31_4)
    29    0.50    2.38    1.56   26.72 ^ _166773_/ZN (gf180mcu_fd_sc_mcu9t5v0__oai31_4)
                                         _117760_ (net)
                  2.38    0.00   26.72 ^ _166789_/A1 (gf180mcu_fd_sc_mcu9t5v0__and4_4)
    15    0.28    0.57    0.62   27.35 ^ _166789_/Z (gf180mcu_fd_sc_mcu9t5v0__and4_4)
                                         _117937_ (net)
                  0.57    0.00   27.35 ^ _166798_/A1 (gf180mcu_fd_sc_mcu9t5v0__aoi21_4)
    20    0.34    0.60    0.44   27.79 v _166798_/ZN (gf180mcu_fd_sc_mcu9t5v0__aoi21_4)
                                         _118037_ (net)
                  0.60    0.00   27.79 v _166815_/A1 (gf180mcu_fd_sc_mcu9t5v0__or4_4)
     8    0.14    0.26    0.56   28.35 v _166815_/Z (gf180mcu_fd_sc_mcu9t5v0__or4_4)
                                         _118226_ (net)
                  0.26    0.00   28.35 v _166819_/A2 (gf180mcu_fd_sc_mcu9t5v0__oai31_4)
    20    0.41    1.97    1.16   29.50 ^ _166819_/ZN (gf180mcu_fd_sc_mcu9t5v0__oai31_4)
                                         _118270_ (net)
                  1.97    0.00   29.50 ^ _166834_/A1 (gf180mcu_fd_sc_mcu9t5v0__nand4_4)
    11    0.28    1.07    0.69   30.20 v _166834_/ZN (gf180mcu_fd_sc_mcu9t5v0__nand4_4)
                                         _118437_ (net)
                  1.07    0.00   30.20 v _166846_/A1 (gf180mcu_fd_sc_mcu9t5v0__oai21_4)
    23    0.41    1.38    1.07   31.27 ^ _166846_/ZN (gf180mcu_fd_sc_mcu9t5v0__oai21_4)
                                         _118570_ (net)
                  1.38    0.00   31.27 ^ _166866_/A1 (gf180mcu_fd_sc_mcu9t5v0__and3_4)
    12    0.27    0.54    0.54   31.80 ^ _166866_/Z (gf180mcu_fd_sc_mcu9t5v0__and3_4)
                                         _118792_ (net)
                  0.54    0.00   31.80 ^ _166874_/A1 (gf180mcu_fd_sc_mcu9t5v0__aoi21_4)
    43    0.78    1.24    0.82   32.63 v _166874_/ZN (gf180mcu_fd_sc_mcu9t5v0__aoi21_4)
                                         _118881_ (net)
                  1.24    0.00   32.63 v _166902_/A1 (gf180mcu_fd_sc_mcu9t5v0__nor4_4)
     8    0.19    1.29    1.02   33.64 ^ _166902_/ZN (gf180mcu_fd_sc_mcu9t5v0__nor4_4)
                                         _119192_ (net)
                  1.29    0.00   33.64 ^ _166922_/A2 (gf180mcu_fd_sc_mcu9t5v0__oai211_4)
     7    0.10    0.56    0.32   33.96 v _166922_/ZN (gf180mcu_fd_sc_mcu9t5v0__oai211_4)
                                         _119414_ (net)
                  0.56    0.00   33.96 v _166927_/A2 (gf180mcu_fd_sc_mcu9t5v0__oai31_4)
    10    0.28    1.38    0.89   34.84 ^ _166927_/ZN (gf180mcu_fd_sc_mcu9t5v0__oai31_4)
                                         _119469_ (net)
                  1.38    0.00   34.84 ^ max_cap1189/I (gf180mcu_fd_sc_mcu9t5v0__clkbuf_20)
    18    0.41    0.20    0.33   35.18 ^ max_cap1189/Z (gf180mcu_fd_sc_mcu9t5v0__clkbuf_20)
                                         net1189 (net)
                  0.20    0.00   35.18 ^ load_slew1186/I (gf180mcu_fd_sc_mcu9t5v0__buf_12)
    17    0.37    0.25    0.23   35.41 ^ load_slew1186/Z (gf180mcu_fd_sc_mcu9t5v0__buf_12)
                                         net1186 (net)
                  0.25    0.00   35.41 ^ _167362_/A1 (gf180mcu_fd_sc_mcu9t5v0__nand4_4)
     8    0.22    1.02    0.39   35.80 v _167362_/ZN (gf180mcu_fd_sc_mcu9t5v0__nand4_4)
                                         _124298_ (net)
                  1.02    0.00   35.80 v _167860_/A1 (gf180mcu_fd_sc_mcu9t5v0__oai31_4)
    11    0.31    1.55    1.14   36.94 ^ _167860_/ZN (gf180mcu_fd_sc_mcu9t5v0__oai31_4)
                                         _129824_ (net)
                  1.55    0.00   36.94 ^ max_cap1065/I (gf180mcu_fd_sc_mcu9t5v0__clkbuf_20)
    15    0.36    0.18    0.33   37.27 ^ max_cap1065/Z (gf180mcu_fd_sc_mcu9t5v0__clkbuf_20)
                                         net1065 (net)
                  0.18    0.00   37.27 ^ load_slew1062/I (gf180mcu_fd_sc_mcu9t5v0__buf_12)
    16    0.31    0.21    0.21   37.48 ^ load_slew1062/Z (gf180mcu_fd_sc_mcu9t5v0__buf_12)
                                         net1062 (net)
                  0.21    0.00   37.48 ^ _191305_/A1 (gf180mcu_fd_sc_mcu9t5v0__nand4_4)
    14    0.31    1.23    0.51   37.99 v _191305_/ZN (gf180mcu_fd_sc_mcu9t5v0__nand4_4)
                                         _084514_ (net)
                  1.23    0.00   37.99 v load_slew1023/I (gf180mcu_fd_sc_mcu9t5v0__buf_16)
    24    0.55    0.19    0.49   38.47 v load_slew1023/Z (gf180mcu_fd_sc_mcu9t5v0__buf_16)
                                         net1023 (net)
                  0.19    0.00   38.47 v _191442_/A2 (gf180mcu_fd_sc_mcu9t5v0__aoi211_4)
     9    0.16    0.91    0.52   38.99 ^ _191442_/ZN (gf180mcu_fd_sc_mcu9t5v0__aoi211_4)
                                         _084665_ (net)
                  0.91    0.00   38.99 ^ _191810_/A1 (gf180mcu_fd_sc_mcu9t5v0__aoi21_4)
    24    0.47    0.83    0.60   39.59 v _191810_/ZN (gf180mcu_fd_sc_mcu9t5v0__aoi21_4)
                                         _085069_ (net)
                  0.83    0.00   39.59 v load_slew943/I (gf180mcu_fd_sc_mcu9t5v0__buf_20)
    32    0.62    0.17    0.40   39.99 v load_slew943/Z (gf180mcu_fd_sc_mcu9t5v0__buf_20)
                                         net943 (net)
                  0.17    0.00   39.99 v _197481_/A1 (gf180mcu_fd_sc_mcu9t5v0__oai31_4)
     5    0.13    0.82    0.44   40.43 ^ _197481_/ZN (gf180mcu_fd_sc_mcu9t5v0__oai31_4)
                                         _091308_ (net)
                  0.82    0.00   40.43 ^ wire904/I (gf180mcu_fd_sc_mcu9t5v0__clkbuf_16)
    25    0.43    0.23    0.32   40.75 ^ wire904/Z (gf180mcu_fd_sc_mcu9t5v0__clkbuf_16)
                                         net904 (net)
                  0.23    0.00   40.75 ^ load_slew903/I (gf180mcu_fd_sc_mcu9t5v0__buf_12)
    22    0.37    0.25    0.24   40.99 ^ load_slew903/Z (gf180mcu_fd_sc_mcu9t5v0__buf_12)
                                         net903 (net)
                  0.25    0.00   40.99 ^ _197492_/A2 (gf180mcu_fd_sc_mcu9t5v0__nand3_4)
    29    0.62    1.31    0.79   41.78 v _197492_/ZN (gf180mcu_fd_sc_mcu9t5v0__nand3_4)
                                         _091320_ (net)
                  1.31    0.00   41.78 v _197519_/A2 (gf180mcu_fd_sc_mcu9t5v0__aoi211_4)
    20    0.42    2.06    1.49   43.27 ^ _197519_/ZN (gf180mcu_fd_sc_mcu9t5v0__aoi211_4)
                                         _091349_ (net)
                  2.06    0.00   43.27 ^ _199600_/A2 (gf180mcu_fd_sc_mcu9t5v0__oai21_4)
    24    0.50    1.20    0.78   44.05 v _199600_/ZN (gf180mcu_fd_sc_mcu9t5v0__oai21_4)
                                         _093638_ (net)
                  1.20    0.00   44.05 v _199817_/A2 (gf180mcu_fd_sc_mcu9t5v0__aoi21_4)
     5    0.08    0.49    0.57   44.62 ^ _199817_/ZN (gf180mcu_fd_sc_mcu9t5v0__aoi21_4)
                                         _093877_ (net)
                  0.49    0.00   44.62 ^ _201054_/A2 (gf180mcu_fd_sc_mcu9t5v0__xnor2_4)
    60    1.50    2.79    1.79   46.41 ^ _201054_/ZN (gf180mcu_fd_sc_mcu9t5v0__xnor2_4)
                                         _095238_ (net)
                  2.79    0.00   46.41 ^ _201058_/A1 (gf180mcu_fd_sc_mcu9t5v0__nand2_4)
    15    0.69    1.56    1.05   47.46 v _201058_/ZN (gf180mcu_fd_sc_mcu9t5v0__nand2_4)
                                         _095242_ (net)
                  1.56    0.00   47.46 v _201061_/A1 (gf180mcu_fd_sc_mcu9t5v0__aoi211_4)
     3    0.04    0.49    0.61   48.08 ^ _201061_/ZN (gf180mcu_fd_sc_mcu9t5v0__aoi211_4)
                                         _095246_ (net)
                  0.49    0.00   48.08 ^ _204031_/A2 (gf180mcu_fd_sc_mcu9t5v0__nor4_2)
     1    0.02    0.25    0.15   48.23 v _204031_/ZN (gf180mcu_fd_sc_mcu9t5v0__nor4_2)
                                         _098512_ (net)
                  0.25    0.00   48.23 v _204032_/A2 (gf180mcu_fd_sc_mcu9t5v0__oai21_2)
     3    0.04    0.33    0.25   48.47 ^ _204032_/ZN (gf180mcu_fd_sc_mcu9t5v0__oai21_2)
                                         _098513_ (net)
                  0.33    0.00   48.47 ^ _204104_/A1 (gf180mcu_fd_sc_mcu9t5v0__xnor3_4)
     6    0.08    0.18    0.82   49.29 v _204104_/ZN (gf180mcu_fd_sc_mcu9t5v0__xnor3_4)
                                         _098592_ (net)
                  0.18    0.00   49.29 v _204573_/A2 (gf180mcu_fd_sc_mcu9t5v0__aoi22_2)
     2    0.02    0.29    0.21   49.50 ^ _204573_/ZN (gf180mcu_fd_sc_mcu9t5v0__aoi22_2)
                                         _099108_ (net)
                  0.29    0.00   49.50 ^ _204574_/A3 (gf180mcu_fd_sc_mcu9t5v0__and3_2)
     3    0.05    0.23    0.29   49.79 ^ _204574_/Z (gf180mcu_fd_sc_mcu9t5v0__and3_2)
                                         _099109_ (net)
                  0.23    0.00   49.79 ^ _215543_/A2 (gf180mcu_fd_sc_mcu9t5v0__oai21_4)
     8    0.11    0.26    0.18   49.97 v _215543_/ZN (gf180mcu_fd_sc_mcu9t5v0__oai21_4)
                                         _111171_ (net)
                  0.26    0.00   49.97 v _254101_/A1 (gf180mcu_fd_sc_mcu9t5v0__or3_2)
     4    0.06    0.20    0.39   50.36 v _254101_/Z (gf180mcu_fd_sc_mcu9t5v0__or3_2)
                                         _153935_ (net)
                  0.20    0.00   50.36 v _254139_/A1 (gf180mcu_fd_sc_mcu9t5v0__xnor3_2)
     1    0.01    0.09    0.69   51.04 ^ _254139_/ZN (gf180mcu_fd_sc_mcu9t5v0__xnor3_2)
                                         _153976_ (net)
                  0.09    0.00   51.04 ^ _254140_/A2 (gf180mcu_fd_sc_mcu9t5v0__xnor2_2)
     3    0.04    0.14    0.31   51.35 v _254140_/ZN (gf180mcu_fd_sc_mcu9t5v0__xnor2_2)
                                         _153977_ (net)
                  0.14    0.00   51.35 v _254143_/A2 (gf180mcu_fd_sc_mcu9t5v0__xor3_4)
     8    0.11    0.21    0.81   52.16 v _254143_/Z (gf180mcu_fd_sc_mcu9t5v0__xor3_4)
                                         _153981_ (net)
                  0.21    0.00   52.16 v _255491_/A3 (gf180mcu_fd_sc_mcu9t5v0__nor4_4)
     3    0.04    0.42    0.30   52.47 ^ _255491_/ZN (gf180mcu_fd_sc_mcu9t5v0__nor4_4)
                                         _155478_ (net)
                  0.42    0.00   52.47 ^ _255492_/A2 (gf180mcu_fd_sc_mcu9t5v0__nand2_2)
     3    0.02    0.16    0.09   52.56 v _255492_/ZN (gf180mcu_fd_sc_mcu9t5v0__nand2_2)
                                         _155479_ (net)
                  0.16    0.00   52.56 v _255550_/A1 (gf180mcu_fd_sc_mcu9t5v0__xnor3_2)
     1    0.02    0.10    0.68   53.24 ^ _255550_/ZN (gf180mcu_fd_sc_mcu9t5v0__xnor3_2)
                                         _155542_ (net)
                  0.10    0.00   53.24 ^ _255551_/I (gf180mcu_fd_sc_mcu9t5v0__clkinv_2)
     2    0.03    0.15    0.12   53.36 v _255551_/ZN (gf180mcu_fd_sc_mcu9t5v0__clkinv_2)
                                         _155544_ (net)
                  0.15    0.00   53.36 v _255592_/A1 (gf180mcu_fd_sc_mcu9t5v0__xnor3_4)
     5    0.10    0.22    0.93   54.29 ^ _255592_/ZN (gf180mcu_fd_sc_mcu9t5v0__xnor3_4)
                                         _155590_ (net)
                  0.22    0.00   54.29 ^ _258339_/A2 (gf180mcu_fd_sc_mcu9t5v0__nor2_4)
     3    0.06    0.16    0.13   54.42 v _258339_/ZN (gf180mcu_fd_sc_mcu9t5v0__nor2_4)
                                         _158638_ (net)
                  0.16    0.00   54.42 v _259026_/B (gf180mcu_fd_sc_mcu9t5v0__aoi21_4)
     3    0.06    0.30    0.22   54.64 ^ _259026_/ZN (gf180mcu_fd_sc_mcu9t5v0__aoi21_4)
                                         _159401_ (net)
                  0.30    0.00   54.64 ^ _259029_/A3 (gf180mcu_fd_sc_mcu9t5v0__oai33_4)
     2    0.03    0.22    0.16   54.80 v _259029_/ZN (gf180mcu_fd_sc_mcu9t5v0__oai33_4)
                                         _159404_ (net)
                  0.22    0.00   54.80 v _259031_/A2 (gf180mcu_fd_sc_mcu9t5v0__aoi21_2)
     1    0.01    0.17    0.16   54.96 ^ _259031_/ZN (gf180mcu_fd_sc_mcu9t5v0__aoi21_2)
                                         _159407_ (net)
                  0.17    0.00   54.96 ^ _259100_/A2 (gf180mcu_fd_sc_mcu9t5v0__xnor3_4)
     2    0.10    0.21    0.82   55.78 v _259100_/ZN (gf180mcu_fd_sc_mcu9t5v0__xnor3_4)
                                         _159483_ (net)
                  0.21    0.00   55.78 v _260140_/A1 (gf180mcu_fd_sc_mcu9t5v0__and4_2)
     3    0.09    0.23    0.33   56.10 v _260140_/Z (gf180mcu_fd_sc_mcu9t5v0__and4_2)
                                         _160637_ (net)
                  0.23    0.00   56.10 v _264327_/A3 (gf180mcu_fd_sc_mcu9t5v0__and3_2)
     4    0.05    0.15    0.30   56.40 v _264327_/Z (gf180mcu_fd_sc_mcu9t5v0__and3_2)
                                         _004037_ (net)
                  0.15    0.00   56.40 v _265539_/A1 (gf180mcu_fd_sc_mcu9t5v0__and2_2)
     4    0.05    0.13    0.21   56.62 v _265539_/Z (gf180mcu_fd_sc_mcu9t5v0__and2_2)
                                         _005382_ (net)
                  0.13    0.00   56.62 v _265600_/A1 (gf180mcu_fd_sc_mcu9t5v0__xnor3_4)
     6    0.20    0.41    1.04   57.65 ^ _265600_/ZN (gf180mcu_fd_sc_mcu9t5v0__xnor3_4)
                                         _005450_ (net)
                  0.41    0.00   57.66 ^ _267251_/A2 (gf180mcu_fd_sc_mcu9t5v0__or2_2)
     3    0.04    0.18    0.23   57.88 ^ _267251_/Z (gf180mcu_fd_sc_mcu9t5v0__or2_2)
                                         _007283_ (net)
                  0.18    0.00   57.88 ^ _268192_/I (gf180mcu_fd_sc_mcu9t5v0__clkinv_2)
     2    0.03    0.14    0.12   58.00 v _268192_/ZN (gf180mcu_fd_sc_mcu9t5v0__clkinv_2)
                                         _008328_ (net)
                  0.14    0.00   58.00 v _268551_/A2 (gf180mcu_fd_sc_mcu9t5v0__aoi21_2)
     1    0.01    0.20    0.15   58.14 ^ _268551_/ZN (gf180mcu_fd_sc_mcu9t5v0__aoi21_2)
                                         _008726_ (net)
                  0.20    0.00   58.14 ^ _268552_/B (gf180mcu_fd_sc_mcu9t5v0__aoi21_2)
     1    0.01    0.15    0.12   58.26 v _268552_/ZN (gf180mcu_fd_sc_mcu9t5v0__aoi21_2)
                                         _008727_ (net)
                  0.15    0.00   58.26 v _268553_/A2 (gf180mcu_fd_sc_mcu9t5v0__nor2_2)
     2    0.06    0.41    0.27   58.54 ^ _268553_/ZN (gf180mcu_fd_sc_mcu9t5v0__nor2_2)
                                         _008728_ (net)
                  0.41    0.00   58.54 ^ _268560_/B1 (gf180mcu_fd_sc_mcu9t5v0__aoi22_4)
    19    0.26    0.52    0.38   58.91 v _268560_/ZN (gf180mcu_fd_sc_mcu9t5v0__aoi22_4)
                                         _008735_ (net)
                  0.52    0.00   58.91 v _271393_/A1 (gf180mcu_fd_sc_mcu9t5v0__oai32_4)
    11    0.20    1.23    0.79   59.70 ^ _271393_/ZN (gf180mcu_fd_sc_mcu9t5v0__oai32_4)
                                         _011881_ (net)
                  1.23    0.00   59.70 ^ _271394_/A2 (gf180mcu_fd_sc_mcu9t5v0__and2_2)
     1    0.01    0.10    0.16   59.86 ^ _271394_/Z (gf180mcu_fd_sc_mcu9t5v0__and2_2)
                                         _011882_ (net)
                  0.10    0.00   59.86 ^ _271395_/A2 (gf180mcu_fd_sc_mcu9t5v0__xnor2_2)
     4    0.06    0.19    0.35   60.21 v _271395_/ZN (gf180mcu_fd_sc_mcu9t5v0__xnor2_2)
                                         _011883_ (net)
                  0.19    0.00   60.21 v _271439_/A1 (gf180mcu_fd_sc_mcu9t5v0__aoi21_2)
     2    0.04    0.39    0.25   60.46 ^ _271439_/ZN (gf180mcu_fd_sc_mcu9t5v0__aoi21_2)
                                         _011931_ (net)
                  0.39    0.00   60.46 ^ _271444_/A1 (gf180mcu_fd_sc_mcu9t5v0__oai22_2)
     3    0.03    0.25    0.16   60.62 v _271444_/ZN (gf180mcu_fd_sc_mcu9t5v0__oai22_2)
                                         _011937_ (net)
                  0.25    0.00   60.62 v _271618_/A1 (gf180mcu_fd_sc_mcu9t5v0__xnor3_2)
     3    0.05    0.23    0.78   61.40 ^ _271618_/ZN (gf180mcu_fd_sc_mcu9t5v0__xnor3_2)
                                         _012130_ (net)
                  0.23    0.00   61.40 ^ _271619_/I (gf180mcu_fd_sc_mcu9t5v0__clkinv_4)
     4    0.03    0.11    0.10   61.50 v _271619_/ZN (gf180mcu_fd_sc_mcu9t5v0__clkinv_4)
                                         _012131_ (net)
                  0.11    0.00   61.50 v _272545_/A1 (gf180mcu_fd_sc_mcu9t5v0__or2_2)
     1    0.01    0.07    0.18   61.68 v _272545_/Z (gf180mcu_fd_sc_mcu9t5v0__or2_2)
                                         _013159_ (net)
                  0.07    0.00   61.68 v _272546_/A4 (gf180mcu_fd_sc_mcu9t5v0__or4_2)
     5    0.06    0.24    0.47   62.15 v _272546_/Z (gf180mcu_fd_sc_mcu9t5v0__or4_2)
                                         _013160_ (net)
                  0.24    0.00   62.15 v _293810_/A3 (gf180mcu_fd_sc_mcu9t5v0__or4_2)
     3    0.04    0.19    0.41   62.57 v _293810_/Z (gf180mcu_fd_sc_mcu9t5v0__or4_2)
                                         _036763_ (net)
                  0.19    0.00   62.57 v _293811_/A4 (gf180mcu_fd_sc_mcu9t5v0__or4_4)
     6    0.07    0.18    0.41   62.98 v _293811_/Z (gf180mcu_fd_sc_mcu9t5v0__or4_4)
                                         _036765_ (net)
                  0.18    0.00   62.98 v _293814_/A1 (gf180mcu_fd_sc_mcu9t5v0__or2_2)
     3    0.03    0.12    0.26   63.23 v _293814_/Z (gf180mcu_fd_sc_mcu9t5v0__or2_2)
                                         _036768_ (net)
                  0.12    0.00   63.23 v _293815_/A2 (gf180mcu_fd_sc_mcu9t5v0__or2_2)
     6    0.08    0.22    0.32   63.55 v _293815_/Z (gf180mcu_fd_sc_mcu9t5v0__or2_2)
                                         _036769_ (net)
                  0.22    0.00   63.55 v _293955_/A4 (gf180mcu_fd_sc_mcu9t5v0__or4_2)
     1    0.01    0.11    0.35   63.90 v _293955_/Z (gf180mcu_fd_sc_mcu9t5v0__or4_2)
                                         _036924_ (net)
                  0.11    0.00   63.90 v _293957_/A3 (gf180mcu_fd_sc_mcu9t5v0__and4_2)
     1    0.01    0.09    0.22   64.12 v _293957_/Z (gf180mcu_fd_sc_mcu9t5v0__and4_2)
                                         _036926_ (net)
                  0.09    0.00   64.12 v _293958_/A2 (gf180mcu_fd_sc_mcu9t5v0__xor2_2)
     4    0.07    0.28    0.39   64.51 ^ _293958_/Z (gf180mcu_fd_sc_mcu9t5v0__xor2_2)
                                         _036927_ (net)
                  0.28    0.00   64.51 ^ _293968_/A1 (gf180mcu_fd_sc_mcu9t5v0__or2_2)
     2    0.02    0.11    0.16   64.68 ^ _293968_/Z (gf180mcu_fd_sc_mcu9t5v0__or2_2)
                                         _036938_ (net)
                  0.11    0.00   64.68 ^ _293969_/A2 (gf180mcu_fd_sc_mcu9t5v0__nand2_2)
     1    0.02    0.12    0.09   64.76 v _293969_/ZN (gf180mcu_fd_sc_mcu9t5v0__nand2_2)
                                         _036939_ (net)
                  0.12    0.00   64.76 v _293970_/B (gf180mcu_fd_sc_mcu9t5v0__aoi21_4)
     4    0.19    0.72    0.45   65.21 ^ _293970_/ZN (gf180mcu_fd_sc_mcu9t5v0__aoi21_4)
                                         _036940_ (net)
                  0.72    0.00   65.21 ^ _293976_/A3 (gf180mcu_fd_sc_mcu9t5v0__nor3_2)
     1    0.02    0.33    0.18   65.40 v _293976_/ZN (gf180mcu_fd_sc_mcu9t5v0__nor3_2)
                                         _036947_ (net)
                  0.33    0.00   65.40 v _293977_/B (gf180mcu_fd_sc_mcu9t5v0__aoi21_4)
     7    0.12    0.49    0.36   65.75 ^ _293977_/ZN (gf180mcu_fd_sc_mcu9t5v0__aoi21_4)
                                         _036948_ (net)
                  0.49    0.00   65.75 ^ _293997_/A2 (gf180mcu_fd_sc_mcu9t5v0__oai211_4)
    12    0.16    0.45    0.32   66.07 v _293997_/ZN (gf180mcu_fd_sc_mcu9t5v0__oai211_4)
                                         _036971_ (net)
                  0.45    0.00   66.07 v _294629_/A1 (gf180mcu_fd_sc_mcu9t5v0__nor3_2)
     3    0.04    0.46    0.37   66.44 ^ _294629_/ZN (gf180mcu_fd_sc_mcu9t5v0__nor3_2)
                                         _037672_ (net)
                  0.46    0.00   66.44 ^ _294630_/A2 (gf180mcu_fd_sc_mcu9t5v0__xnor2_2)
     5    0.05    0.16    0.34   66.78 v _294630_/ZN (gf180mcu_fd_sc_mcu9t5v0__xnor2_2)
                                         _037673_ (net)
                  0.16    0.00   66.78 v _294631_/A3 (gf180mcu_fd_sc_mcu9t5v0__xor3_2)
     3    0.05    0.23    0.41   67.19 ^ _294631_/Z (gf180mcu_fd_sc_mcu9t5v0__xor3_2)
                                         _037675_ (net)
                  0.23    0.00   67.19 ^ _294632_/B (gf180mcu_fd_sc_mcu9t5v0__oai21_2)
     3    0.05    0.22    0.17   67.36 v _294632_/ZN (gf180mcu_fd_sc_mcu9t5v0__oai21_2)
                                         _037676_ (net)
                  0.22    0.00   67.36 v _294946_/A1 (gf180mcu_fd_sc_mcu9t5v0__or4_2)
     1    0.02    0.16    0.35   67.71 v _294946_/Z (gf180mcu_fd_sc_mcu9t5v0__or4_2)
                                         _038024_ (net)
                  0.16    0.00   67.71 v _294947_/B (gf180mcu_fd_sc_mcu9t5v0__aoi21_4)
     2    0.05    0.28    0.21   67.92 ^ _294947_/ZN (gf180mcu_fd_sc_mcu9t5v0__aoi21_4)
                                         _038025_ (net)
                  0.28    0.00   67.92 ^ _294968_/A2 (gf180mcu_fd_sc_mcu9t5v0__oai31_4)
     5    0.09    0.24    0.18   68.10 v _294968_/ZN (gf180mcu_fd_sc_mcu9t5v0__oai31_4)
                                         _038048_ (net)
                  0.24    0.00   68.10 v _311466_/A1 (gf180mcu_fd_sc_mcu9t5v0__aoi211_4)
     2    0.04    0.38    0.23   68.33 ^ _311466_/ZN (gf180mcu_fd_sc_mcu9t5v0__aoi211_4)
                                         _056361_ (net)
                  0.38    0.00   68.33 ^ _311483_/A1 (gf180mcu_fd_sc_mcu9t5v0__oai31_4)
     4    0.07    0.23    0.14   68.46 v _311483_/ZN (gf180mcu_fd_sc_mcu9t5v0__oai31_4)
                                         _056380_ (net)
                  0.23    0.00   68.46 v _311492_/A1 (gf180mcu_fd_sc_mcu9t5v0__aoi21_2)
     3    0.04    0.39    0.26   68.72 ^ _311492_/ZN (gf180mcu_fd_sc_mcu9t5v0__aoi21_2)
                                         _056391_ (net)
                  0.39    0.00   68.72 ^ _311499_/A2 (gf180mcu_fd_sc_mcu9t5v0__oai21_2)
     3    0.04    0.24    0.17   68.89 v _311499_/ZN (gf180mcu_fd_sc_mcu9t5v0__oai21_2)
                                         _056398_ (net)
                  0.24    0.00   68.89 v _311519_/A1 (gf180mcu_fd_sc_mcu9t5v0__and2_2)
     7    0.08    0.19    0.28   69.17 v _311519_/Z (gf180mcu_fd_sc_mcu9t5v0__and2_2)
                                         _056420_ (net)
                  0.19    0.00   69.17 v _311522_/A2 (gf180mcu_fd_sc_mcu9t5v0__or3_2)
     1    0.03    0.14    0.32   69.49 v _311522_/Z (gf180mcu_fd_sc_mcu9t5v0__or3_2)
                                         _056424_ (net)
                  0.14    0.00   69.49 v _311524_/C1 (gf180mcu_fd_sc_mcu9t5v0__aoi222_4)
     1    0.03    0.48    0.33   69.82 ^ _311524_/ZN (gf180mcu_fd_sc_mcu9t5v0__aoi222_4)
                                         _056426_ (net)
                  0.48    0.00   69.82 ^ _311526_/B1 (gf180mcu_fd_sc_mcu9t5v0__oai22_4)
     5    0.07    0.23    0.15   69.97 v _311526_/ZN (gf180mcu_fd_sc_mcu9t5v0__oai22_4)
                                         _056428_ (net)
                  0.23    0.00   69.97 v _311527_/A2 (gf180mcu_fd_sc_mcu9t5v0__nor2_2)
     2    0.03    0.24    0.19   70.16 ^ _311527_/ZN (gf180mcu_fd_sc_mcu9t5v0__nor2_2)
                                         _056429_ (net)
                  0.24    0.00   70.16 ^ _311529_/A2 (gf180mcu_fd_sc_mcu9t5v0__oai21_2)
     1    0.03    0.18    0.13   70.29 v _311529_/ZN (gf180mcu_fd_sc_mcu9t5v0__oai21_2)
                                         _056431_ (net)
                  0.18    0.00   70.29 v _311532_/A2 (gf180mcu_fd_sc_mcu9t5v0__aoi21_4)
     9    0.11    0.45    0.30   70.59 ^ _311532_/ZN (gf180mcu_fd_sc_mcu9t5v0__aoi21_4)
                                         _056435_ (net)
                  0.45    0.00   70.59 ^ _311537_/A2 (gf180mcu_fd_sc_mcu9t5v0__oai21_2)
     1    0.01    0.17    0.09   70.68 v _311537_/ZN (gf180mcu_fd_sc_mcu9t5v0__oai21_2)
                                         _056440_ (net)
                  0.17    0.00   70.68 v _311539_/A1 (gf180mcu_fd_sc_mcu9t5v0__and2_2)
     1    0.01    0.07    0.18   70.86 v _311539_/Z (gf180mcu_fd_sc_mcu9t5v0__and2_2)
                                         _056442_ (net)
                  0.07    0.00   70.86 v _311541_/A2 (gf180mcu_fd_sc_mcu9t5v0__oai21_2)
     1    0.02    0.19    0.13   70.99 ^ _311541_/ZN (gf180mcu_fd_sc_mcu9t5v0__oai21_2)
                                         _056445_ (net)
                  0.19    0.00   70.99 ^ _311564_/A1 (gf180mcu_fd_sc_mcu9t5v0__xnor3_2)
     3    0.05    0.22    0.58   71.57 ^ _311564_/ZN (gf180mcu_fd_sc_mcu9t5v0__xnor3_2)
                                         _056470_ (net)
                  0.22    0.00   71.57 ^ _311626_/A1 (gf180mcu_fd_sc_mcu9t5v0__xnor2_4)
     4    0.09    0.19    0.48   72.05 v _311626_/ZN (gf180mcu_fd_sc_mcu9t5v0__xnor2_4)
                                         _056539_ (net)
                  0.19    0.00   72.05 v _311627_/B (gf180mcu_fd_sc_mcu9t5v0__aoi211_4)
     2    0.03    0.33    0.24   72.29 ^ _311627_/ZN (gf180mcu_fd_sc_mcu9t5v0__aoi211_4)
                                         _056540_ (net)
                  0.33    0.00   72.29 ^ _311871_/A4 (gf180mcu_fd_sc_mcu9t5v0__or4_2)
     1    0.03    0.14    0.29   72.58 ^ _311871_/Z (gf180mcu_fd_sc_mcu9t5v0__or4_2)
                                         _056811_ (net)
                  0.14    0.00   72.58 ^ _311889_/A1 (gf180mcu_fd_sc_mcu9t5v0__oai211_4)
     9    0.10    0.34    0.18   72.77 v _311889_/ZN (gf180mcu_fd_sc_mcu9t5v0__oai211_4)
                                         _056830_ (net)
                  0.34    0.00   72.77 v _312620_/A1 (gf180mcu_fd_sc_mcu9t5v0__or4_2)
     4    0.06    0.25    0.47   73.23 v _312620_/Z (gf180mcu_fd_sc_mcu9t5v0__or4_2)
                                         _057641_ (net)
                  0.25    0.00   73.23 v _313586_/A2 (gf180mcu_fd_sc_mcu9t5v0__nor4_4)
     4    0.04    0.42    0.28   73.51 ^ _313586_/ZN (gf180mcu_fd_sc_mcu9t5v0__nor4_4)
                                         _058710_ (net)
                  0.42    0.00   73.51 ^ _314657_/A2 (gf180mcu_fd_sc_mcu9t5v0__and4_2)
     4    0.03    0.17    0.30   73.81 ^ _314657_/Z (gf180mcu_fd_sc_mcu9t5v0__and4_2)
                                         _059896_ (net)
                  0.17    0.00   73.81 ^ _315548_/A2 (gf180mcu_fd_sc_mcu9t5v0__and4_2)
     5    0.05    0.22    0.32   74.13 ^ _315548_/Z (gf180mcu_fd_sc_mcu9t5v0__and4_2)
                                         _060881_ (net)
                  0.22    0.00   74.13 ^ _316287_/A2 (gf180mcu_fd_sc_mcu9t5v0__and4_2)
     4    0.04    0.19    0.30   74.43 ^ _316287_/Z (gf180mcu_fd_sc_mcu9t5v0__and4_2)
                                         _061698_ (net)
                  0.19    0.00   74.43 ^ _316990_/A2 (gf180mcu_fd_sc_mcu9t5v0__and4_4)
    17    0.19    0.38    0.41   74.84 ^ _316990_/Z (gf180mcu_fd_sc_mcu9t5v0__and4_4)
                                         _062475_ (net)
                  0.38    0.00   74.84 ^ _318424_/A1 (gf180mcu_fd_sc_mcu9t5v0__and3_2)
     2    0.02    0.11    0.24   75.08 ^ _318424_/Z (gf180mcu_fd_sc_mcu9t5v0__and3_2)
                                         _064060_ (net)
                  0.11    0.00   75.08 ^ _318425_/A2 (gf180mcu_fd_sc_mcu9t5v0__xor2_2)
     1    0.01    0.08    0.26   75.34 v _318425_/Z (gf180mcu_fd_sc_mcu9t5v0__xor2_2)
                                         _064061_ (net)
                  0.08    0.00   75.34 v _318429_/B1 (gf180mcu_fd_sc_mcu9t5v0__aoi221_2)
     1    0.01    0.53    0.25   75.59 ^ _318429_/ZN (gf180mcu_fd_sc_mcu9t5v0__aoi221_2)
                                         _064065_ (net)
                  0.53    0.00   75.59 ^ _318430_/A2 (gf180mcu_fd_sc_mcu9t5v0__xnor2_2)
     3    0.03    0.13    0.30   75.89 v _318430_/ZN (gf180mcu_fd_sc_mcu9t5v0__xnor2_2)
                                         _064066_ (net)
                  0.13    0.00   75.89 v _318604_/A4 (gf180mcu_fd_sc_mcu9t5v0__or4_2)
     1    0.02    0.15    0.38   76.27 v _318604_/Z (gf180mcu_fd_sc_mcu9t5v0__or4_2)
                                         _064258_ (net)
                  0.15    0.00   76.27 v _318605_/A4 (gf180mcu_fd_sc_mcu9t5v0__nor4_4)
     4    0.07    0.58    0.40   76.67 ^ _318605_/ZN (gf180mcu_fd_sc_mcu9t5v0__nor4_4)
                                         _064259_ (net)
                  0.58    0.00   76.67 ^ _319183_/A1 (gf180mcu_fd_sc_mcu9t5v0__aoi21_4)
     8    0.35    0.59    0.44   77.11 v _319183_/ZN (gf180mcu_fd_sc_mcu9t5v0__aoi21_4)
                                         _064897_ (net)
                  0.59    0.00   77.11 v _319833_/A1 (gf180mcu_fd_sc_mcu9t5v0__or3_4)
    10    0.13    0.22    0.50   77.62 v _319833_/Z (gf180mcu_fd_sc_mcu9t5v0__or3_4)
                                         _065613_ (net)
                  0.22    0.00   77.62 v _320413_/A1 (gf180mcu_fd_sc_mcu9t5v0__or4_2)
     2    0.04    0.19    0.38   77.99 v _320413_/Z (gf180mcu_fd_sc_mcu9t5v0__or4_2)
                                         _066249_ (net)
                  0.19    0.00   77.99 v _320476_/A1 (gf180mcu_fd_sc_mcu9t5v0__xor2_2)
     1    0.03    0.13    0.36   78.35 ^ _320476_/Z (gf180mcu_fd_sc_mcu9t5v0__xor2_2)
                                         _066317_ (net)
                  0.13    0.00   78.35 ^ _320477_/B1 (gf180mcu_fd_sc_mcu9t5v0__aoi22_2)
     1    0.04    0.54    0.15   78.50 v _320477_/ZN (gf180mcu_fd_sc_mcu9t5v0__aoi22_2)
                                         _066318_ (net)
                  0.54    0.00   78.50 v _320485_/A2 (gf180mcu_fd_sc_mcu9t5v0__or4_4)
     1    0.09    0.21    0.49   78.99 v _320485_/Z (gf180mcu_fd_sc_mcu9t5v0__or4_4)
                                         net443 (net)
                  0.21    0.00   78.99 v output443/I (gf180mcu_fd_sc_mcu9t5v0__dlyb_2)
     1    0.02    0.19    0.78   79.77 v output443/Z (gf180mcu_fd_sc_mcu9t5v0__dlyb_2)
                                         result[141] (net)
                  0.19    0.00   79.77 v result[141] (out)
                                 79.77   data arrival time

                  0.00  100.00  100.00   clock clk (rise edge)
                          0.00  100.00   clock network delay (ideal)
                          0.00  100.00   clock reconvergence pessimism
                        -20.00   80.00   output external delay
                                 80.00   data required time
-----------------------------------------------------------------------------
                                 80.00   data required time
                                -79.77   data arrival time
-----------------------------------------------------------------------------
                                  0.23   slack (MET)



==========================================================================
detailed place report_checks -unconstrained
--------------------------------------------------------------------------
Startpoint: dst_osize_vector[1] (input port clocked by clk)
Endpoint: result[141] (output port clocked by clk)
Path Group: clk
Path Type: max

Fanout     Cap    Slew   Delay    Time   Description
-----------------------------------------------------------------------------
                  0.00    0.00    0.00   clock clk (rise edge)
                          0.00    0.00   clock network delay (ideal)
                         20.00   20.00 ^ input external delay
     1    0.07    0.00    0.00   20.00 ^ dst_osize_vector[1] (in)
                                         dst_osize_vector[1] (net)
                  0.00    0.00   20.00 ^ input18/I (gf180mcu_fd_sc_mcu9t5v0__buf_20)
   271    6.68    2.42    1.50   21.50 ^ input18/Z (gf180mcu_fd_sc_mcu9t5v0__buf_20)
                                         net18 (net)
                  2.42    0.00   21.50 ^ _166478_/B2 (gf180mcu_fd_sc_mcu9t5v0__aoi22_4)
     3    0.05    0.66    0.08   21.57 v _166478_/ZN (gf180mcu_fd_sc_mcu9t5v0__aoi22_4)
                                         _114485_ (net)
                  0.66    0.00   21.57 v _166707_/A2 (gf180mcu_fd_sc_mcu9t5v0__aoi21_4)
    22    0.55    1.83    1.19   22.77 ^ _166707_/ZN (gf180mcu_fd_sc_mcu9t5v0__aoi21_4)
                                         _117027_ (net)
                  1.83    0.00   22.77 ^ _166749_/A1 (gf180mcu_fd_sc_mcu9t5v0__xor2_4)
     7    0.10    0.21    0.42   23.19 v _166749_/Z (gf180mcu_fd_sc_mcu9t5v0__xor2_4)
                                         _117493_ (net)
                  0.21    0.00   23.19 v _166750_/A4 (gf180mcu_fd_sc_mcu9t5v0__or4_4)
     3    0.10    0.21    0.44   23.63 v _166750_/Z (gf180mcu_fd_sc_mcu9t5v0__or4_4)
                                         _117504_ (net)
                  0.21    0.00   23.63 v _166759_/A1 (gf180mcu_fd_sc_mcu9t5v0__oai31_4)
    24    0.36    1.75    1.01   24.64 ^ _166759_/ZN (gf180mcu_fd_sc_mcu9t5v0__oai31_4)
                                         _117604_ (net)
                  1.75    0.00   24.64 ^ _166765_/A3 (gf180mcu_fd_sc_mcu9t5v0__nand4_4)
    16    0.28    0.96    0.53   25.16 v _166765_/ZN (gf180mcu_fd_sc_mcu9t5v0__nand4_4)
                                         _117671_ (net)
                  0.96    0.00   25.16 v _166773_/A1 (gf180mcu_fd_sc_mcu9t5v0__oai31_4)
    29    0.50    2.38    1.56   26.72 ^ _166773_/ZN (gf180mcu_fd_sc_mcu9t5v0__oai31_4)
                                         _117760_ (net)
                  2.38    0.00   26.72 ^ _166789_/A1 (gf180mcu_fd_sc_mcu9t5v0__and4_4)
    15    0.28    0.57    0.62   27.35 ^ _166789_/Z (gf180mcu_fd_sc_mcu9t5v0__and4_4)
                                         _117937_ (net)
                  0.57    0.00   27.35 ^ _166798_/A1 (gf180mcu_fd_sc_mcu9t5v0__aoi21_4)
    20    0.34    0.60    0.44   27.79 v _166798_/ZN (gf180mcu_fd_sc_mcu9t5v0__aoi21_4)
                                         _118037_ (net)
                  0.60    0.00   27.79 v _166815_/A1 (gf180mcu_fd_sc_mcu9t5v0__or4_4)
     8    0.14    0.26    0.56   28.35 v _166815_/Z (gf180mcu_fd_sc_mcu9t5v0__or4_4)
                                         _118226_ (net)
                  0.26    0.00   28.35 v _166819_/A2 (gf180mcu_fd_sc_mcu9t5v0__oai31_4)
    20    0.41    1.97    1.16   29.50 ^ _166819_/ZN (gf180mcu_fd_sc_mcu9t5v0__oai31_4)
                                         _118270_ (net)
                  1.97    0.00   29.50 ^ _166834_/A1 (gf180mcu_fd_sc_mcu9t5v0__nand4_4)
    11    0.28    1.07    0.69   30.20 v _166834_/ZN (gf180mcu_fd_sc_mcu9t5v0__nand4_4)
                                         _118437_ (net)
                  1.07    0.00   30.20 v _166846_/A1 (gf180mcu_fd_sc_mcu9t5v0__oai21_4)
    23    0.41    1.38    1.07   31.27 ^ _166846_/ZN (gf180mcu_fd_sc_mcu9t5v0__oai21_4)
                                         _118570_ (net)
                  1.38    0.00   31.27 ^ _166866_/A1 (gf180mcu_fd_sc_mcu9t5v0__and3_4)
    12    0.27    0.54    0.54   31.80 ^ _166866_/Z (gf180mcu_fd_sc_mcu9t5v0__and3_4)
                                         _118792_ (net)
                  0.54    0.00   31.80 ^ _166874_/A1 (gf180mcu_fd_sc_mcu9t5v0__aoi21_4)
    43    0.78    1.24    0.82   32.63 v _166874_/ZN (gf180mcu_fd_sc_mcu9t5v0__aoi21_4)
                                         _118881_ (net)
                  1.24    0.00   32.63 v _166902_/A1 (gf180mcu_fd_sc_mcu9t5v0__nor4_4)
     8    0.19    1.29    1.02   33.64 ^ _166902_/ZN (gf180mcu_fd_sc_mcu9t5v0__nor4_4)
                                         _119192_ (net)
                  1.29    0.00   33.64 ^ _166922_/A2 (gf180mcu_fd_sc_mcu9t5v0__oai211_4)
     7    0.10    0.56    0.32   33.96 v _166922_/ZN (gf180mcu_fd_sc_mcu9t5v0__oai211_4)
                                         _119414_ (net)
                  0.56    0.00   33.96 v _166927_/A2 (gf180mcu_fd_sc_mcu9t5v0__oai31_4)
    10    0.28    1.38    0.89   34.84 ^ _166927_/ZN (gf180mcu_fd_sc_mcu9t5v0__oai31_4)
                                         _119469_ (net)
                  1.38    0.00   34.84 ^ max_cap1189/I (gf180mcu_fd_sc_mcu9t5v0__clkbuf_20)
    18    0.41    0.20    0.33   35.18 ^ max_cap1189/Z (gf180mcu_fd_sc_mcu9t5v0__clkbuf_20)
                                         net1189 (net)
                  0.20    0.00   35.18 ^ load_slew1186/I (gf180mcu_fd_sc_mcu9t5v0__buf_12)
    17    0.37    0.25    0.23   35.41 ^ load_slew1186/Z (gf180mcu_fd_sc_mcu9t5v0__buf_12)
                                         net1186 (net)
                  0.25    0.00   35.41 ^ _167362_/A1 (gf180mcu_fd_sc_mcu9t5v0__nand4_4)
     8    0.22    1.02    0.39   35.80 v _167362_/ZN (gf180mcu_fd_sc_mcu9t5v0__nand4_4)
                                         _124298_ (net)
                  1.02    0.00   35.80 v _167860_/A1 (gf180mcu_fd_sc_mcu9t5v0__oai31_4)
    11    0.31    1.55    1.14   36.94 ^ _167860_/ZN (gf180mcu_fd_sc_mcu9t5v0__oai31_4)
                                         _129824_ (net)
                  1.55    0.00   36.94 ^ max_cap1065/I (gf180mcu_fd_sc_mcu9t5v0__clkbuf_20)
    15    0.36    0.18    0.33   37.27 ^ max_cap1065/Z (gf180mcu_fd_sc_mcu9t5v0__clkbuf_20)
                                         net1065 (net)
                  0.18    0.00   37.27 ^ load_slew1062/I (gf180mcu_fd_sc_mcu9t5v0__buf_12)
    16    0.31    0.21    0.21   37.48 ^ load_slew1062/Z (gf180mcu_fd_sc_mcu9t5v0__buf_12)
                                         net1062 (net)
                  0.21    0.00   37.48 ^ _191305_/A1 (gf180mcu_fd_sc_mcu9t5v0__nand4_4)
    14    0.31    1.23    0.51   37.99 v _191305_/ZN (gf180mcu_fd_sc_mcu9t5v0__nand4_4)
                                         _084514_ (net)
                  1.23    0.00   37.99 v load_slew1023/I (gf180mcu_fd_sc_mcu9t5v0__buf_16)
    24    0.55    0.19    0.49   38.47 v load_slew1023/Z (gf180mcu_fd_sc_mcu9t5v0__buf_16)
                                         net1023 (net)
                  0.19    0.00   38.47 v _191442_/A2 (gf180mcu_fd_sc_mcu9t5v0__aoi211_4)
     9    0.16    0.91    0.52   38.99 ^ _191442_/ZN (gf180mcu_fd_sc_mcu9t5v0__aoi211_4)
                                         _084665_ (net)
                  0.91    0.00   38.99 ^ _191810_/A1 (gf180mcu_fd_sc_mcu9t5v0__aoi21_4)
    24    0.47    0.83    0.60   39.59 v _191810_/ZN (gf180mcu_fd_sc_mcu9t5v0__aoi21_4)
                                         _085069_ (net)
                  0.83    0.00   39.59 v load_slew943/I (gf180mcu_fd_sc_mcu9t5v0__buf_20)
    32    0.62    0.17    0.40   39.99 v load_slew943/Z (gf180mcu_fd_sc_mcu9t5v0__buf_20)
                                         net943 (net)
                  0.17    0.00   39.99 v _197481_/A1 (gf180mcu_fd_sc_mcu9t5v0__oai31_4)
     5    0.13    0.82    0.44   40.43 ^ _197481_/ZN (gf180mcu_fd_sc_mcu9t5v0__oai31_4)
                                         _091308_ (net)
                  0.82    0.00   40.43 ^ wire904/I (gf180mcu_fd_sc_mcu9t5v0__clkbuf_16)
    25    0.43    0.23    0.32   40.75 ^ wire904/Z (gf180mcu_fd_sc_mcu9t5v0__clkbuf_16)
                                         net904 (net)
                  0.23    0.00   40.75 ^ load_slew903/I (gf180mcu_fd_sc_mcu9t5v0__buf_12)
    22    0.37    0.25    0.24   40.99 ^ load_slew903/Z (gf180mcu_fd_sc_mcu9t5v0__buf_12)
                                         net903 (net)
                  0.25    0.00   40.99 ^ _197492_/A2 (gf180mcu_fd_sc_mcu9t5v0__nand3_4)
    29    0.62    1.31    0.79   41.78 v _197492_/ZN (gf180mcu_fd_sc_mcu9t5v0__nand3_4)
                                         _091320_ (net)
                  1.31    0.00   41.78 v _197519_/A2 (gf180mcu_fd_sc_mcu9t5v0__aoi211_4)
    20    0.42    2.06    1.49   43.27 ^ _197519_/ZN (gf180mcu_fd_sc_mcu9t5v0__aoi211_4)
                                         _091349_ (net)
                  2.06    0.00   43.27 ^ _199600_/A2 (gf180mcu_fd_sc_mcu9t5v0__oai21_4)
    24    0.50    1.20    0.78   44.05 v _199600_/ZN (gf180mcu_fd_sc_mcu9t5v0__oai21_4)
                                         _093638_ (net)
                  1.20    0.00   44.05 v _199817_/A2 (gf180mcu_fd_sc_mcu9t5v0__aoi21_4)
     5    0.08    0.49    0.57   44.62 ^ _199817_/ZN (gf180mcu_fd_sc_mcu9t5v0__aoi21_4)
                                         _093877_ (net)
                  0.49    0.00   44.62 ^ _201054_/A2 (gf180mcu_fd_sc_mcu9t5v0__xnor2_4)
    60    1.50    2.79    1.79   46.41 ^ _201054_/ZN (gf180mcu_fd_sc_mcu9t5v0__xnor2_4)
                                         _095238_ (net)
                  2.79    0.00   46.41 ^ _201058_/A1 (gf180mcu_fd_sc_mcu9t5v0__nand2_4)
    15    0.69    1.56    1.05   47.46 v _201058_/ZN (gf180mcu_fd_sc_mcu9t5v0__nand2_4)
                                         _095242_ (net)
                  1.56    0.00   47.46 v _201061_/A1 (gf180mcu_fd_sc_mcu9t5v0__aoi211_4)
     3    0.04    0.49    0.61   48.08 ^ _201061_/ZN (gf180mcu_fd_sc_mcu9t5v0__aoi211_4)
                                         _095246_ (net)
                  0.49    0.00   48.08 ^ _204031_/A2 (gf180mcu_fd_sc_mcu9t5v0__nor4_2)
     1    0.02    0.25    0.15   48.23 v _204031_/ZN (gf180mcu_fd_sc_mcu9t5v0__nor4_2)
                                         _098512_ (net)
                  0.25    0.00   48.23 v _204032_/A2 (gf180mcu_fd_sc_mcu9t5v0__oai21_2)
     3    0.04    0.33    0.25   48.47 ^ _204032_/ZN (gf180mcu_fd_sc_mcu9t5v0__oai21_2)
                                         _098513_ (net)
                  0.33    0.00   48.47 ^ _204104_/A1 (gf180mcu_fd_sc_mcu9t5v0__xnor3_4)
     6    0.08    0.18    0.82   49.29 v _204104_/ZN (gf180mcu_fd_sc_mcu9t5v0__xnor3_4)
                                         _098592_ (net)
                  0.18    0.00   49.29 v _204573_/A2 (gf180mcu_fd_sc_mcu9t5v0__aoi22_2)
     2    0.02    0.29    0.21   49.50 ^ _204573_/ZN (gf180mcu_fd_sc_mcu9t5v0__aoi22_2)
                                         _099108_ (net)
                  0.29    0.00   49.50 ^ _204574_/A3 (gf180mcu_fd_sc_mcu9t5v0__and3_2)
     3    0.05    0.23    0.29   49.79 ^ _204574_/Z (gf180mcu_fd_sc_mcu9t5v0__and3_2)
                                         _099109_ (net)
                  0.23    0.00   49.79 ^ _215543_/A2 (gf180mcu_fd_sc_mcu9t5v0__oai21_4)
     8    0.11    0.26    0.18   49.97 v _215543_/ZN (gf180mcu_fd_sc_mcu9t5v0__oai21_4)
                                         _111171_ (net)
                  0.26    0.00   49.97 v _254101_/A1 (gf180mcu_fd_sc_mcu9t5v0__or3_2)
     4    0.06    0.20    0.39   50.36 v _254101_/Z (gf180mcu_fd_sc_mcu9t5v0__or3_2)
                                         _153935_ (net)
                  0.20    0.00   50.36 v _254139_/A1 (gf180mcu_fd_sc_mcu9t5v0__xnor3_2)
     1    0.01    0.09    0.69   51.04 ^ _254139_/ZN (gf180mcu_fd_sc_mcu9t5v0__xnor3_2)
                                         _153976_ (net)
                  0.09    0.00   51.04 ^ _254140_/A2 (gf180mcu_fd_sc_mcu9t5v0__xnor2_2)
     3    0.04    0.14    0.31   51.35 v _254140_/ZN (gf180mcu_fd_sc_mcu9t5v0__xnor2_2)
                                         _153977_ (net)
                  0.14    0.00   51.35 v _254143_/A2 (gf180mcu_fd_sc_mcu9t5v0__xor3_4)
     8    0.11    0.21    0.81   52.16 v _254143_/Z (gf180mcu_fd_sc_mcu9t5v0__xor3_4)
                                         _153981_ (net)
                  0.21    0.00   52.16 v _255491_/A3 (gf180mcu_fd_sc_mcu9t5v0__nor4_4)
     3    0.04    0.42    0.30   52.47 ^ _255491_/ZN (gf180mcu_fd_sc_mcu9t5v0__nor4_4)
                                         _155478_ (net)
                  0.42    0.00   52.47 ^ _255492_/A2 (gf180mcu_fd_sc_mcu9t5v0__nand2_2)
     3    0.02    0.16    0.09   52.56 v _255492_/ZN (gf180mcu_fd_sc_mcu9t5v0__nand2_2)
                                         _155479_ (net)
                  0.16    0.00   52.56 v _255550_/A1 (gf180mcu_fd_sc_mcu9t5v0__xnor3_2)
     1    0.02    0.10    0.68   53.24 ^ _255550_/ZN (gf180mcu_fd_sc_mcu9t5v0__xnor3_2)
                                         _155542_ (net)
                  0.10    0.00   53.24 ^ _255551_/I (gf180mcu_fd_sc_mcu9t5v0__clkinv_2)
     2    0.03    0.15    0.12   53.36 v _255551_/ZN (gf180mcu_fd_sc_mcu9t5v0__clkinv_2)
                                         _155544_ (net)
                  0.15    0.00   53.36 v _255592_/A1 (gf180mcu_fd_sc_mcu9t5v0__xnor3_4)
     5    0.10    0.22    0.93   54.29 ^ _255592_/ZN (gf180mcu_fd_sc_mcu9t5v0__xnor3_4)
                                         _155590_ (net)
                  0.22    0.00   54.29 ^ _258339_/A2 (gf180mcu_fd_sc_mcu9t5v0__nor2_4)
     3    0.06    0.16    0.13   54.42 v _258339_/ZN (gf180mcu_fd_sc_mcu9t5v0__nor2_4)
                                         _158638_ (net)
                  0.16    0.00   54.42 v _259026_/B (gf180mcu_fd_sc_mcu9t5v0__aoi21_4)
     3    0.06    0.30    0.22   54.64 ^ _259026_/ZN (gf180mcu_fd_sc_mcu9t5v0__aoi21_4)
                                         _159401_ (net)
                  0.30    0.00   54.64 ^ _259029_/A3 (gf180mcu_fd_sc_mcu9t5v0__oai33_4)
     2    0.03    0.22    0.16   54.80 v _259029_/ZN (gf180mcu_fd_sc_mcu9t5v0__oai33_4)
                                         _159404_ (net)
                  0.22    0.00   54.80 v _259031_/A2 (gf180mcu_fd_sc_mcu9t5v0__aoi21_2)
     1    0.01    0.17    0.16   54.96 ^ _259031_/ZN (gf180mcu_fd_sc_mcu9t5v0__aoi21_2)
                                         _159407_ (net)
                  0.17    0.00   54.96 ^ _259100_/A2 (gf180mcu_fd_sc_mcu9t5v0__xnor3_4)
     2    0.10    0.21    0.82   55.78 v _259100_/ZN (gf180mcu_fd_sc_mcu9t5v0__xnor3_4)
                                         _159483_ (net)
                  0.21    0.00   55.78 v _260140_/A1 (gf180mcu_fd_sc_mcu9t5v0__and4_2)
     3    0.09    0.23    0.33   56.10 v _260140_/Z (gf180mcu_fd_sc_mcu9t5v0__and4_2)
                                         _160637_ (net)
                  0.23    0.00   56.10 v _264327_/A3 (gf180mcu_fd_sc_mcu9t5v0__and3_2)
     4    0.05    0.15    0.30   56.40 v _264327_/Z (gf180mcu_fd_sc_mcu9t5v0__and3_2)
                                         _004037_ (net)
                  0.15    0.00   56.40 v _265539_/A1 (gf180mcu_fd_sc_mcu9t5v0__and2_2)
     4    0.05    0.13    0.21   56.62 v _265539_/Z (gf180mcu_fd_sc_mcu9t5v0__and2_2)
                                         _005382_ (net)
                  0.13    0.00   56.62 v _265600_/A1 (gf180mcu_fd_sc_mcu9t5v0__xnor3_4)
     6    0.20    0.41    1.04   57.65 ^ _265600_/ZN (gf180mcu_fd_sc_mcu9t5v0__xnor3_4)
                                         _005450_ (net)
                  0.41    0.00   57.66 ^ _267251_/A2 (gf180mcu_fd_sc_mcu9t5v0__or2_2)
     3    0.04    0.18    0.23   57.88 ^ _267251_/Z (gf180mcu_fd_sc_mcu9t5v0__or2_2)
                                         _007283_ (net)
                  0.18    0.00   57.88 ^ _268192_/I (gf180mcu_fd_sc_mcu9t5v0__clkinv_2)
     2    0.03    0.14    0.12   58.00 v _268192_/ZN (gf180mcu_fd_sc_mcu9t5v0__clkinv_2)
                                         _008328_ (net)
                  0.14    0.00   58.00 v _268551_/A2 (gf180mcu_fd_sc_mcu9t5v0__aoi21_2)
     1    0.01    0.20    0.15   58.14 ^ _268551_/ZN (gf180mcu_fd_sc_mcu9t5v0__aoi21_2)
                                         _008726_ (net)
                  0.20    0.00   58.14 ^ _268552_/B (gf180mcu_fd_sc_mcu9t5v0__aoi21_2)
     1    0.01    0.15    0.12   58.26 v _268552_/ZN (gf180mcu_fd_sc_mcu9t5v0__aoi21_2)
                                         _008727_ (net)
                  0.15    0.00   58.26 v _268553_/A2 (gf180mcu_fd_sc_mcu9t5v0__nor2_2)
     2    0.06    0.41    0.27   58.54 ^ _268553_/ZN (gf180mcu_fd_sc_mcu9t5v0__nor2_2)
                                         _008728_ (net)
                  0.41    0.00   58.54 ^ _268560_/B1 (gf180mcu_fd_sc_mcu9t5v0__aoi22_4)
    19    0.26    0.52    0.38   58.91 v _268560_/ZN (gf180mcu_fd_sc_mcu9t5v0__aoi22_4)
                                         _008735_ (net)
                  0.52    0.00   58.91 v _271393_/A1 (gf180mcu_fd_sc_mcu9t5v0__oai32_4)
    11    0.20    1.23    0.79   59.70 ^ _271393_/ZN (gf180mcu_fd_sc_mcu9t5v0__oai32_4)
                                         _011881_ (net)
                  1.23    0.00   59.70 ^ _271394_/A2 (gf180mcu_fd_sc_mcu9t5v0__and2_2)
     1    0.01    0.10    0.16   59.86 ^ _271394_/Z (gf180mcu_fd_sc_mcu9t5v0__and2_2)
                                         _011882_ (net)
                  0.10    0.00   59.86 ^ _271395_/A2 (gf180mcu_fd_sc_mcu9t5v0__xnor2_2)
     4    0.06    0.19    0.35   60.21 v _271395_/ZN (gf180mcu_fd_sc_mcu9t5v0__xnor2_2)
                                         _011883_ (net)
                  0.19    0.00   60.21 v _271439_/A1 (gf180mcu_fd_sc_mcu9t5v0__aoi21_2)
     2    0.04    0.39    0.25   60.46 ^ _271439_/ZN (gf180mcu_fd_sc_mcu9t5v0__aoi21_2)
                                         _011931_ (net)
                  0.39    0.00   60.46 ^ _271444_/A1 (gf180mcu_fd_sc_mcu9t5v0__oai22_2)
     3    0.03    0.25    0.16   60.62 v _271444_/ZN (gf180mcu_fd_sc_mcu9t5v0__oai22_2)
                                         _011937_ (net)
                  0.25    0.00   60.62 v _271618_/A1 (gf180mcu_fd_sc_mcu9t5v0__xnor3_2)
     3    0.05    0.23    0.78   61.40 ^ _271618_/ZN (gf180mcu_fd_sc_mcu9t5v0__xnor3_2)
                                         _012130_ (net)
                  0.23    0.00   61.40 ^ _271619_/I (gf180mcu_fd_sc_mcu9t5v0__clkinv_4)
     4    0.03    0.11    0.10   61.50 v _271619_/ZN (gf180mcu_fd_sc_mcu9t5v0__clkinv_4)
                                         _012131_ (net)
                  0.11    0.00   61.50 v _272545_/A1 (gf180mcu_fd_sc_mcu9t5v0__or2_2)
     1    0.01    0.07    0.18   61.68 v _272545_/Z (gf180mcu_fd_sc_mcu9t5v0__or2_2)
                                         _013159_ (net)
                  0.07    0.00   61.68 v _272546_/A4 (gf180mcu_fd_sc_mcu9t5v0__or4_2)
     5    0.06    0.24    0.47   62.15 v _272546_/Z (gf180mcu_fd_sc_mcu9t5v0__or4_2)
                                         _013160_ (net)
                  0.24    0.00   62.15 v _293810_/A3 (gf180mcu_fd_sc_mcu9t5v0__or4_2)
     3    0.04    0.19    0.41   62.57 v _293810_/Z (gf180mcu_fd_sc_mcu9t5v0__or4_2)
                                         _036763_ (net)
                  0.19    0.00   62.57 v _293811_/A4 (gf180mcu_fd_sc_mcu9t5v0__or4_4)
     6    0.07    0.18    0.41   62.98 v _293811_/Z (gf180mcu_fd_sc_mcu9t5v0__or4_4)
                                         _036765_ (net)
                  0.18    0.00   62.98 v _293814_/A1 (gf180mcu_fd_sc_mcu9t5v0__or2_2)
     3    0.03    0.12    0.26   63.23 v _293814_/Z (gf180mcu_fd_sc_mcu9t5v0__or2_2)
                                         _036768_ (net)
                  0.12    0.00   63.23 v _293815_/A2 (gf180mcu_fd_sc_mcu9t5v0__or2_2)
     6    0.08    0.22    0.32   63.55 v _293815_/Z (gf180mcu_fd_sc_mcu9t5v0__or2_2)
                                         _036769_ (net)
                  0.22    0.00   63.55 v _293955_/A4 (gf180mcu_fd_sc_mcu9t5v0__or4_2)
     1    0.01    0.11    0.35   63.90 v _293955_/Z (gf180mcu_fd_sc_mcu9t5v0__or4_2)
                                         _036924_ (net)
                  0.11    0.00   63.90 v _293957_/A3 (gf180mcu_fd_sc_mcu9t5v0__and4_2)
     1    0.01    0.09    0.22   64.12 v _293957_/Z (gf180mcu_fd_sc_mcu9t5v0__and4_2)
                                         _036926_ (net)
                  0.09    0.00   64.12 v _293958_/A2 (gf180mcu_fd_sc_mcu9t5v0__xor2_2)
     4    0.07    0.28    0.39   64.51 ^ _293958_/Z (gf180mcu_fd_sc_mcu9t5v0__xor2_2)
                                         _036927_ (net)
                  0.28    0.00   64.51 ^ _293968_/A1 (gf180mcu_fd_sc_mcu9t5v0__or2_2)
     2    0.02    0.11    0.16   64.68 ^ _293968_/Z (gf180mcu_fd_sc_mcu9t5v0__or2_2)
                                         _036938_ (net)
                  0.11    0.00   64.68 ^ _293969_/A2 (gf180mcu_fd_sc_mcu9t5v0__nand2_2)
     1    0.02    0.12    0.09   64.76 v _293969_/ZN (gf180mcu_fd_sc_mcu9t5v0__nand2_2)
                                         _036939_ (net)
                  0.12    0.00   64.76 v _293970_/B (gf180mcu_fd_sc_mcu9t5v0__aoi21_4)
     4    0.19    0.72    0.45   65.21 ^ _293970_/ZN (gf180mcu_fd_sc_mcu9t5v0__aoi21_4)
                                         _036940_ (net)
                  0.72    0.00   65.21 ^ _293976_/A3 (gf180mcu_fd_sc_mcu9t5v0__nor3_2)
     1    0.02    0.33    0.18   65.40 v _293976_/ZN (gf180mcu_fd_sc_mcu9t5v0__nor3_2)
                                         _036947_ (net)
                  0.33    0.00   65.40 v _293977_/B (gf180mcu_fd_sc_mcu9t5v0__aoi21_4)
     7    0.12    0.49    0.36   65.75 ^ _293977_/ZN (gf180mcu_fd_sc_mcu9t5v0__aoi21_4)
                                         _036948_ (net)
                  0.49    0.00   65.75 ^ _293997_/A2 (gf180mcu_fd_sc_mcu9t5v0__oai211_4)
    12    0.16    0.45    0.32   66.07 v _293997_/ZN (gf180mcu_fd_sc_mcu9t5v0__oai211_4)
                                         _036971_ (net)
                  0.45    0.00   66.07 v _294629_/A1 (gf180mcu_fd_sc_mcu9t5v0__nor3_2)
     3    0.04    0.46    0.37   66.44 ^ _294629_/ZN (gf180mcu_fd_sc_mcu9t5v0__nor3_2)
                                         _037672_ (net)
                  0.46    0.00   66.44 ^ _294630_/A2 (gf180mcu_fd_sc_mcu9t5v0__xnor2_2)
     5    0.05    0.16    0.34   66.78 v _294630_/ZN (gf180mcu_fd_sc_mcu9t5v0__xnor2_2)
                                         _037673_ (net)
                  0.16    0.00   66.78 v _294631_/A3 (gf180mcu_fd_sc_mcu9t5v0__xor3_2)
     3    0.05    0.23    0.41   67.19 ^ _294631_/Z (gf180mcu_fd_sc_mcu9t5v0__xor3_2)
                                         _037675_ (net)
                  0.23    0.00   67.19 ^ _294632_/B (gf180mcu_fd_sc_mcu9t5v0__oai21_2)
     3    0.05    0.22    0.17   67.36 v _294632_/ZN (gf180mcu_fd_sc_mcu9t5v0__oai21_2)
                                         _037676_ (net)
                  0.22    0.00   67.36 v _294946_/A1 (gf180mcu_fd_sc_mcu9t5v0__or4_2)
     1    0.02    0.16    0.35   67.71 v _294946_/Z (gf180mcu_fd_sc_mcu9t5v0__or4_2)
                                         _038024_ (net)
                  0.16    0.00   67.71 v _294947_/B (gf180mcu_fd_sc_mcu9t5v0__aoi21_4)
     2    0.05    0.28    0.21   67.92 ^ _294947_/ZN (gf180mcu_fd_sc_mcu9t5v0__aoi21_4)
                                         _038025_ (net)
                  0.28    0.00   67.92 ^ _294968_/A2 (gf180mcu_fd_sc_mcu9t5v0__oai31_4)
     5    0.09    0.24    0.18   68.10 v _294968_/ZN (gf180mcu_fd_sc_mcu9t5v0__oai31_4)
                                         _038048_ (net)
                  0.24    0.00   68.10 v _311466_/A1 (gf180mcu_fd_sc_mcu9t5v0__aoi211_4)
     2    0.04    0.38    0.23   68.33 ^ _311466_/ZN (gf180mcu_fd_sc_mcu9t5v0__aoi211_4)
                                         _056361_ (net)
                  0.38    0.00   68.33 ^ _311483_/A1 (gf180mcu_fd_sc_mcu9t5v0__oai31_4)
     4    0.07    0.23    0.14   68.46 v _311483_/ZN (gf180mcu_fd_sc_mcu9t5v0__oai31_4)
                                         _056380_ (net)
                  0.23    0.00   68.46 v _311492_/A1 (gf180mcu_fd_sc_mcu9t5v0__aoi21_2)
     3    0.04    0.39    0.26   68.72 ^ _311492_/ZN (gf180mcu_fd_sc_mcu9t5v0__aoi21_2)
                                         _056391_ (net)
                  0.39    0.00   68.72 ^ _311499_/A2 (gf180mcu_fd_sc_mcu9t5v0__oai21_2)
     3    0.04    0.24    0.17   68.89 v _311499_/ZN (gf180mcu_fd_sc_mcu9t5v0__oai21_2)
                                         _056398_ (net)
                  0.24    0.00   68.89 v _311519_/A1 (gf180mcu_fd_sc_mcu9t5v0__and2_2)
     7    0.08    0.19    0.28   69.17 v _311519_/Z (gf180mcu_fd_sc_mcu9t5v0__and2_2)
                                         _056420_ (net)
                  0.19    0.00   69.17 v _311522_/A2 (gf180mcu_fd_sc_mcu9t5v0__or3_2)
     1    0.03    0.14    0.32   69.49 v _311522_/Z (gf180mcu_fd_sc_mcu9t5v0__or3_2)
                                         _056424_ (net)
                  0.14    0.00   69.49 v _311524_/C1 (gf180mcu_fd_sc_mcu9t5v0__aoi222_4)
     1    0.03    0.48    0.33   69.82 ^ _311524_/ZN (gf180mcu_fd_sc_mcu9t5v0__aoi222_4)
                                         _056426_ (net)
                  0.48    0.00   69.82 ^ _311526_/B1 (gf180mcu_fd_sc_mcu9t5v0__oai22_4)
     5    0.07    0.23    0.15   69.97 v _311526_/ZN (gf180mcu_fd_sc_mcu9t5v0__oai22_4)
                                         _056428_ (net)
                  0.23    0.00   69.97 v _311527_/A2 (gf180mcu_fd_sc_mcu9t5v0__nor2_2)
     2    0.03    0.24    0.19   70.16 ^ _311527_/ZN (gf180mcu_fd_sc_mcu9t5v0__nor2_2)
                                         _056429_ (net)
                  0.24    0.00   70.16 ^ _311529_/A2 (gf180mcu_fd_sc_mcu9t5v0__oai21_2)
     1    0.03    0.18    0.13   70.29 v _311529_/ZN (gf180mcu_fd_sc_mcu9t5v0__oai21_2)
                                         _056431_ (net)
                  0.18    0.00   70.29 v _311532_/A2 (gf180mcu_fd_sc_mcu9t5v0__aoi21_4)
     9    0.11    0.45    0.30   70.59 ^ _311532_/ZN (gf180mcu_fd_sc_mcu9t5v0__aoi21_4)
                                         _056435_ (net)
                  0.45    0.00   70.59 ^ _311537_/A2 (gf180mcu_fd_sc_mcu9t5v0__oai21_2)
     1    0.01    0.17    0.09   70.68 v _311537_/ZN (gf180mcu_fd_sc_mcu9t5v0__oai21_2)
                                         _056440_ (net)
                  0.17    0.00   70.68 v _311539_/A1 (gf180mcu_fd_sc_mcu9t5v0__and2_2)
     1    0.01    0.07    0.18   70.86 v _311539_/Z (gf180mcu_fd_sc_mcu9t5v0__and2_2)
                                         _056442_ (net)
                  0.07    0.00   70.86 v _311541_/A2 (gf180mcu_fd_sc_mcu9t5v0__oai21_2)
     1    0.02    0.19    0.13   70.99 ^ _311541_/ZN (gf180mcu_fd_sc_mcu9t5v0__oai21_2)
                                         _056445_ (net)
                  0.19    0.00   70.99 ^ _311564_/A1 (gf180mcu_fd_sc_mcu9t5v0__xnor3_2)
     3    0.05    0.22    0.58   71.57 ^ _311564_/ZN (gf180mcu_fd_sc_mcu9t5v0__xnor3_2)
                                         _056470_ (net)
                  0.22    0.00   71.57 ^ _311626_/A1 (gf180mcu_fd_sc_mcu9t5v0__xnor2_4)
     4    0.09    0.19    0.48   72.05 v _311626_/ZN (gf180mcu_fd_sc_mcu9t5v0__xnor2_4)
                                         _056539_ (net)
                  0.19    0.00   72.05 v _311627_/B (gf180mcu_fd_sc_mcu9t5v0__aoi211_4)
     2    0.03    0.33    0.24   72.29 ^ _311627_/ZN (gf180mcu_fd_sc_mcu9t5v0__aoi211_4)
                                         _056540_ (net)
                  0.33    0.00   72.29 ^ _311871_/A4 (gf180mcu_fd_sc_mcu9t5v0__or4_2)
     1    0.03    0.14    0.29   72.58 ^ _311871_/Z (gf180mcu_fd_sc_mcu9t5v0__or4_2)
                                         _056811_ (net)
                  0.14    0.00   72.58 ^ _311889_/A1 (gf180mcu_fd_sc_mcu9t5v0__oai211_4)
     9    0.10    0.34    0.18   72.77 v _311889_/ZN (gf180mcu_fd_sc_mcu9t5v0__oai211_4)
                                         _056830_ (net)
                  0.34    0.00   72.77 v _312620_/A1 (gf180mcu_fd_sc_mcu9t5v0__or4_2)
     4    0.06    0.25    0.47   73.23 v _312620_/Z (gf180mcu_fd_sc_mcu9t5v0__or4_2)
                                         _057641_ (net)
                  0.25    0.00   73.23 v _313586_/A2 (gf180mcu_fd_sc_mcu9t5v0__nor4_4)
     4    0.04    0.42    0.28   73.51 ^ _313586_/ZN (gf180mcu_fd_sc_mcu9t5v0__nor4_4)
                                         _058710_ (net)
                  0.42    0.00   73.51 ^ _314657_/A2 (gf180mcu_fd_sc_mcu9t5v0__and4_2)
     4    0.03    0.17    0.30   73.81 ^ _314657_/Z (gf180mcu_fd_sc_mcu9t5v0__and4_2)
                                         _059896_ (net)
                  0.17    0.00   73.81 ^ _315548_/A2 (gf180mcu_fd_sc_mcu9t5v0__and4_2)
     5    0.05    0.22    0.32   74.13 ^ _315548_/Z (gf180mcu_fd_sc_mcu9t5v0__and4_2)
                                         _060881_ (net)
                  0.22    0.00   74.13 ^ _316287_/A2 (gf180mcu_fd_sc_mcu9t5v0__and4_2)
     4    0.04    0.19    0.30   74.43 ^ _316287_/Z (gf180mcu_fd_sc_mcu9t5v0__and4_2)
                                         _061698_ (net)
                  0.19    0.00   74.43 ^ _316990_/A2 (gf180mcu_fd_sc_mcu9t5v0__and4_4)
    17    0.19    0.38    0.41   74.84 ^ _316990_/Z (gf180mcu_fd_sc_mcu9t5v0__and4_4)
                                         _062475_ (net)
                  0.38    0.00   74.84 ^ _318424_/A1 (gf180mcu_fd_sc_mcu9t5v0__and3_2)
     2    0.02    0.11    0.24   75.08 ^ _318424_/Z (gf180mcu_fd_sc_mcu9t5v0__and3_2)
                                         _064060_ (net)
                  0.11    0.00   75.08 ^ _318425_/A2 (gf180mcu_fd_sc_mcu9t5v0__xor2_2)
     1    0.01    0.08    0.26   75.34 v _318425_/Z (gf180mcu_fd_sc_mcu9t5v0__xor2_2)
                                         _064061_ (net)
                  0.08    0.00   75.34 v _318429_/B1 (gf180mcu_fd_sc_mcu9t5v0__aoi221_2)
     1    0.01    0.53    0.25   75.59 ^ _318429_/ZN (gf180mcu_fd_sc_mcu9t5v0__aoi221_2)
                                         _064065_ (net)
                  0.53    0.00   75.59 ^ _318430_/A2 (gf180mcu_fd_sc_mcu9t5v0__xnor2_2)
     3    0.03    0.13    0.30   75.89 v _318430_/ZN (gf180mcu_fd_sc_mcu9t5v0__xnor2_2)
                                         _064066_ (net)
                  0.13    0.00   75.89 v _318604_/A4 (gf180mcu_fd_sc_mcu9t5v0__or4_2)
     1    0.02    0.15    0.38   76.27 v _318604_/Z (gf180mcu_fd_sc_mcu9t5v0__or4_2)
                                         _064258_ (net)
                  0.15    0.00   76.27 v _318605_/A4 (gf180mcu_fd_sc_mcu9t5v0__nor4_4)
     4    0.07    0.58    0.40   76.67 ^ _318605_/ZN (gf180mcu_fd_sc_mcu9t5v0__nor4_4)
                                         _064259_ (net)
                  0.58    0.00   76.67 ^ _319183_/A1 (gf180mcu_fd_sc_mcu9t5v0__aoi21_4)
     8    0.35    0.59    0.44   77.11 v _319183_/ZN (gf180mcu_fd_sc_mcu9t5v0__aoi21_4)
                                         _064897_ (net)
                  0.59    0.00   77.11 v _319833_/A1 (gf180mcu_fd_sc_mcu9t5v0__or3_4)
    10    0.13    0.22    0.50   77.62 v _319833_/Z (gf180mcu_fd_sc_mcu9t5v0__or3_4)
                                         _065613_ (net)
                  0.22    0.00   77.62 v _320413_/A1 (gf180mcu_fd_sc_mcu9t5v0__or4_2)
     2    0.04    0.19    0.38   77.99 v _320413_/Z (gf180mcu_fd_sc_mcu9t5v0__or4_2)
                                         _066249_ (net)
                  0.19    0.00   77.99 v _320476_/A1 (gf180mcu_fd_sc_mcu9t5v0__xor2_2)
     1    0.03    0.13    0.36   78.35 ^ _320476_/Z (gf180mcu_fd_sc_mcu9t5v0__xor2_2)
                                         _066317_ (net)
                  0.13    0.00   78.35 ^ _320477_/B1 (gf180mcu_fd_sc_mcu9t5v0__aoi22_2)
     1    0.04    0.54    0.15   78.50 v _320477_/ZN (gf180mcu_fd_sc_mcu9t5v0__aoi22_2)
                                         _066318_ (net)
                  0.54    0.00   78.50 v _320485_/A2 (gf180mcu_fd_sc_mcu9t5v0__or4_4)
     1    0.09    0.21    0.49   78.99 v _320485_/Z (gf180mcu_fd_sc_mcu9t5v0__or4_4)
                                         net443 (net)
                  0.21    0.00   78.99 v output443/I (gf180mcu_fd_sc_mcu9t5v0__dlyb_2)
     1    0.02    0.19    0.78   79.77 v output443/Z (gf180mcu_fd_sc_mcu9t5v0__dlyb_2)
                                         result[141] (net)
                  0.19    0.00   79.77 v result[141] (out)
                                 79.77   data arrival time

                  0.00  100.00  100.00   clock clk (rise edge)
                          0.00  100.00   clock network delay (ideal)
                          0.00  100.00   clock reconvergence pessimism
                        -20.00   80.00   output external delay
                                 80.00   data required time
-----------------------------------------------------------------------------
                                 80.00   data required time
                                -79.77   data arrival time
-----------------------------------------------------------------------------
                                  0.23   slack (MET)



==========================================================================
detailed place report_check_types -max_slew -max_cap -max_fanout -violators
--------------------------------------------------------------------------
max slew

Pin                                    Limit    Slew   Slack
------------------------------------------------------------
_199884_/ZN                             2.80    2.82   -0.02 (VIOLATED)
_199886_/C                              2.80    2.82   -0.02 (VIOLATED)
_199918_/A1                             2.80    2.82   -0.02 (VIOLATED)
_200381_/A1                             2.80    2.82   -0.02 (VIOLATED)
_200593_/A1                             2.80    2.82   -0.02 (VIOLATED)
_200611_/A1                             2.80    2.82   -0.02 (VIOLATED)
_200682_/A1                             2.80    2.82   -0.02 (VIOLATED)
_204141_/A1                             2.80    2.82   -0.02 (VIOLATED)
_204149_/A1                             2.80    2.82   -0.02 (VIOLATED)
_204161_/B2                             2.80    2.82   -0.02 (VIOLATED)
_253398_/C                              2.80    2.82   -0.02 (VIOLATED)
_258613_/A1                             2.80    2.82   -0.02 (VIOLATED)
_258615_/B2                             2.80    2.82   -0.02 (VIOLATED)
_258616_/A1                             2.80    2.82   -0.02 (VIOLATED)
_264772_/C                              2.80    2.82   -0.02 (VIOLATED)
_267178_/B2                             2.80    2.82   -0.02 (VIOLATED)
_267180_/C                              2.80    2.82   -0.02 (VIOLATED)
_268492_/C                              2.80    2.82   -0.02 (VIOLATED)
_270984_/A1                             2.80    2.82   -0.02 (VIOLATED)
_270996_/A1                             2.80    2.82   -0.02 (VIOLATED)
_271731_/B                              2.80    2.82   -0.02 (VIOLATED)
_271733_/S                              2.80    2.82   -0.02 (VIOLATED)
_271745_/A1                             2.80    2.82   -0.02 (VIOLATED)
_280868_/A1                             2.80    2.82   -0.02 (VIOLATED)
_280869_/I0                             2.80    2.82   -0.02 (VIOLATED)
_280870_/A1                             2.80    2.82   -0.02 (VIOLATED)
_287852_/A1                             2.80    2.82   -0.02 (VIOLATED)
_287881_/A1                             2.80    2.82   -0.02 (VIOLATED)
_287965_/A1                             2.80    2.82   -0.02 (VIOLATED)
_287966_/A1                             2.80    2.82   -0.02 (VIOLATED)
_288173_/A1                             2.80    2.82   -0.02 (VIOLATED)
_290331_/A1                             2.80    2.82   -0.02 (VIOLATED)
_290417_/A1                             2.80    2.82   -0.02 (VIOLATED)
_292335_/C                              2.80    2.82   -0.02 (VIOLATED)
_294109_/A1                             2.80    2.82   -0.02 (VIOLATED)
_294133_/A1                             2.80    2.82   -0.02 (VIOLATED)
_295341_/A1                             2.80    2.82   -0.02 (VIOLATED)
_295345_/B2                             2.80    2.82   -0.02 (VIOLATED)
_297596_/B                              2.80    2.82   -0.02 (VIOLATED)
_304218_/A2                             2.80    2.82   -0.02 (VIOLATED)
_307260_/A2                             2.80    2.82   -0.02 (VIOLATED)
_307322_/C                              2.80    2.82   -0.02 (VIOLATED)
_307693_/A1                             2.80    2.82   -0.02 (VIOLATED)
_307828_/A1                             2.80    2.82   -0.02 (VIOLATED)
_308931_/A2                             2.80    2.82   -0.02 (VIOLATED)
_309128_/B                              2.80    2.82   -0.02 (VIOLATED)
_309129_/A1                             2.80    2.82   -0.02 (VIOLATED)
_310177_/B2                             2.80    2.82   -0.02 (VIOLATED)
_310181_/B                              2.80    2.82   -0.02 (VIOLATED)
_312772_/A1                             2.80    2.82   -0.02 (VIOLATED)
_314495_/A1                             2.80    2.82   -0.02 (VIOLATED)
_315444_/A1                             2.80    2.82   -0.02 (VIOLATED)
_315964_/C                              2.80    2.82   -0.02 (VIOLATED)
_316983_/B                              2.80    2.82   -0.02 (VIOLATED)
_317799_/B                              2.80    2.82   -0.02 (VIOLATED)
_318246_/A2                             2.80    2.82   -0.02 (VIOLATED)
_318248_/A2                             2.80    2.82   -0.02 (VIOLATED)
_318482_/B                              2.80    2.82   -0.02 (VIOLATED)
_318814_/B                              2.80    2.82   -0.02 (VIOLATED)
_168227_/ZN                             2.80    2.82   -0.02 (VIOLATED)
_168230_/A1                             2.80    2.82   -0.02 (VIOLATED)
_168291_/A1                             2.80    2.82   -0.02 (VIOLATED)
_168482_/A1                             2.80    2.82   -0.02 (VIOLATED)
_168717_/A1                             2.80    2.82   -0.02 (VIOLATED)
_168718_/A1                             2.80    2.82   -0.02 (VIOLATED)
_171456_/A1                             2.80    2.82   -0.02 (VIOLATED)
_171507_/B                              2.80    2.82   -0.02 (VIOLATED)
_171521_/A1                             2.80    2.82   -0.02 (VIOLATED)
_171581_/A1                             2.80    2.82   -0.02 (VIOLATED)
_172366_/A1                             2.80    2.82   -0.02 (VIOLATED)
_172372_/A1                             2.80    2.82   -0.02 (VIOLATED)
_172384_/B                              2.80    2.82   -0.02 (VIOLATED)
_173878_/A1                             2.80    2.82   -0.02 (VIOLATED)
_181657_/A1                             2.80    2.82   -0.02 (VIOLATED)
_183541_/A1                             2.80    2.82   -0.02 (VIOLATED)
_184136_/A1                             2.80    2.82   -0.02 (VIOLATED)
_184210_/A2                             2.80    2.82   -0.02 (VIOLATED)
_185424_/A1                             2.80    2.82   -0.02 (VIOLATED)
_188316_/A1                             2.80    2.82   -0.02 (VIOLATED)
_190130_/A1                             2.80    2.82   -0.02 (VIOLATED)
_255888_/A1                             2.80    2.82   -0.02 (VIOLATED)
_275600_/A1                             2.80    2.82   -0.02 (VIOLATED)
_276040_/A1                             2.80    2.82   -0.02 (VIOLATED)
_276072_/B                              2.80    2.82   -0.02 (VIOLATED)

max capacitance

Pin                                    Limit     Cap   Slack
------------------------------------------------------------
_199884_/ZN                             1.51    1.52   -0.01 (VIOLATED)
_168227_/ZN                             0.58    0.59   -0.01 (VIOLATED)


==========================================================================
detailed place max_slew_check_slack
--------------------------------------------------------------------------
-0.016937118023633957

==========================================================================
detailed place max_slew_check_limit
--------------------------------------------------------------------------
2.799999952316284

==========================================================================
detailed place max_slew_check_slack_limit
--------------------------------------------------------------------------
-0.0060

==========================================================================
detailed place max_fanout_check_slack
--------------------------------------------------------------------------
1.0000000150474662e+30

==========================================================================
detailed place max_fanout_check_limit
--------------------------------------------------------------------------
1.0000000150474662e+30

==========================================================================
detailed place max_capacitance_check_slack
--------------------------------------------------------------------------
-0.008765557780861855

==========================================================================
detailed place max_capacitance_check_limit
--------------------------------------------------------------------------
1.5110000371932983

==========================================================================
detailed place max_capacitance_check_slack_limit
--------------------------------------------------------------------------
-0.0058

==========================================================================
detailed place max_slew_violation_count
--------------------------------------------------------------------------
max slew violation count 84

==========================================================================
detailed place max_fanout_violation_count
--------------------------------------------------------------------------
max fanout violation count 0

==========================================================================
detailed place max_cap_violation_count
--------------------------------------------------------------------------
max cap violation count 2

==========================================================================
detailed place setup_violation_count
--------------------------------------------------------------------------
setup violation count 0

==========================================================================
detailed place hold_violation_count
--------------------------------------------------------------------------
hold violation count 0

==========================================================================
detailed place critical path delay
--------------------------------------------------------------------------
79.7747

==========================================================================
detailed place critical path slack
--------------------------------------------------------------------------
0.2253

==========================================================================
detailed place slack div critical path delay
--------------------------------------------------------------------------
0.282420

==========================================================================
detailed place report_power
--------------------------------------------------------------------------
Group                  Internal  Switching    Leakage      Total
                          Power      Power      Power      Power (Watts)
----------------------------------------------------------------
Sequential             0.00e+00   0.00e+00   0.00e+00   0.00e+00   0.0%
Combinational          1.03e+02   9.30e+01   3.73e-05   1.96e+02 100.0%
Clock                  0.00e+00   0.00e+00   2.71e-06   2.71e-06   0.0%
Macro                  0.00e+00   0.00e+00   0.00e+00   0.00e+00   0.0%
Pad                    0.00e+00   0.00e+00   0.00e+00   0.00e+00   0.0%
----------------------------------------------------------------
Total                  1.03e+02   9.30e+01   4.01e-05   1.96e+02 100.0%
                          52.5%      47.5%       0.0%
