
==========================================================================
resizer report_tns
--------------------------------------------------------------------------
tns 0.00

==========================================================================
resizer report_wns
--------------------------------------------------------------------------
wns 0.00

==========================================================================
resizer report_worst_slack
--------------------------------------------------------------------------
worst slack 0.36

==========================================================================
resizer report_checks -path_delay min
--------------------------------------------------------------------------
Startpoint: is_set_greater (input port clocked by clk)
Endpoint: result[22] (output port clocked by clk)
Path Group: clk
Path Type: min

Fanout     Cap    Slew   Delay    Time   Description
-----------------------------------------------------------------------------
                  0.00    0.00    0.00   clock clk (rise edge)
                          0.00    0.00   clock network delay (ideal)
                         20.00   20.00 ^ input external delay
     1    0.03    0.00    0.00   20.00 ^ is_set_greater (in)
                                         is_set_greater (net)
                  0.00    0.00   20.00 ^ input35/I (gf180mcu_fd_sc_mcu9t5v0__buf_8)
    12    0.22    0.23    0.19   20.19 ^ input35/Z (gf180mcu_fd_sc_mcu9t5v0__buf_8)
                                         net35 (net)
                  0.23    0.00   20.19 ^ _321115_/A1 (gf180mcu_fd_sc_mcu9t5v0__nand2_2)
     1    0.01    0.08    0.07   20.26 v _321115_/ZN (gf180mcu_fd_sc_mcu9t5v0__nand2_2)
                                         _067015_ (net)
                  0.08    0.00   20.26 v _321155_/A2 (gf180mcu_fd_sc_mcu9t5v0__nand4_2)
     1    0.02    0.16    0.14   20.41 ^ _321155_/ZN (gf180mcu_fd_sc_mcu9t5v0__nand4_2)
                                         net455 (net)
                  0.16    0.00   20.41 ^ output455/I (gf180mcu_fd_sc_mcu9t5v0__dlyb_2)
     1    0.00    0.07    0.56   20.96 ^ output455/Z (gf180mcu_fd_sc_mcu9t5v0__dlyb_2)
                                         result[22] (net)
                  0.07    0.00   20.96 ^ result[22] (out)
                                 20.96   data arrival time

                  0.00    0.00    0.00   clock clk (rise edge)
                          0.00    0.00   clock network delay (ideal)
                          0.00    0.00   clock reconvergence pessimism
                        -20.00  -20.00   output external delay
                                -20.00   data required time
-----------------------------------------------------------------------------
                                -20.00   data required time
                                -20.96   data arrival time
-----------------------------------------------------------------------------
                                 40.96   slack (MET)



==========================================================================
resizer report_checks -path_delay max
--------------------------------------------------------------------------
Startpoint: dst_osize_vector[1] (input port clocked by clk)
Endpoint: result[138] (output port clocked by clk)
Path Group: clk
Path Type: max

Fanout     Cap    Slew   Delay    Time   Description
-----------------------------------------------------------------------------
                  0.00    0.00    0.00   clock clk (rise edge)
                          0.00    0.00   clock network delay (ideal)
                         20.00   20.00 ^ input external delay
     1    0.07    0.00    0.00   20.00 ^ dst_osize_vector[1] (in)
                                         dst_osize_vector[1] (net)
                  0.00    0.00   20.00 ^ input18/I (gf180mcu_fd_sc_mcu9t5v0__buf_20)
   271    6.67    2.41    1.49   21.49 ^ input18/Z (gf180mcu_fd_sc_mcu9t5v0__buf_20)
                                         net18 (net)
                  2.41    0.00   21.50 ^ _166478_/B2 (gf180mcu_fd_sc_mcu9t5v0__aoi22_4)
     3    0.05    0.66    0.08   21.57 v _166478_/ZN (gf180mcu_fd_sc_mcu9t5v0__aoi22_4)
                                         _114485_ (net)
                  0.66    0.00   21.57 v _166707_/A2 (gf180mcu_fd_sc_mcu9t5v0__aoi21_4)
    22    0.54    1.80    1.18   22.75 ^ _166707_/ZN (gf180mcu_fd_sc_mcu9t5v0__aoi21_4)
                                         _117027_ (net)
                  1.80    0.00   22.75 ^ _166749_/A1 (gf180mcu_fd_sc_mcu9t5v0__xor2_4)
     7    0.10    0.21    0.42   23.17 v _166749_/Z (gf180mcu_fd_sc_mcu9t5v0__xor2_4)
                                         _117493_ (net)
                  0.21    0.00   23.17 v _166750_/A4 (gf180mcu_fd_sc_mcu9t5v0__or4_4)
     3    0.10    0.21    0.44   23.61 v _166750_/Z (gf180mcu_fd_sc_mcu9t5v0__or4_4)
                                         _117504_ (net)
                  0.21    0.00   23.61 v _166759_/A1 (gf180mcu_fd_sc_mcu9t5v0__oai31_4)
    24    0.36    1.74    1.00   24.61 ^ _166759_/ZN (gf180mcu_fd_sc_mcu9t5v0__oai31_4)
                                         _117604_ (net)
                  1.74    0.00   24.61 ^ _166765_/A3 (gf180mcu_fd_sc_mcu9t5v0__nand4_4)
    16    0.28    0.96    0.53   25.14 v _166765_/ZN (gf180mcu_fd_sc_mcu9t5v0__nand4_4)
                                         _117671_ (net)
                  0.96    0.00   25.14 v _166773_/A1 (gf180mcu_fd_sc_mcu9t5v0__oai31_4)
    29    0.50    2.39    1.57   26.70 ^ _166773_/ZN (gf180mcu_fd_sc_mcu9t5v0__oai31_4)
                                         _117760_ (net)
                  2.39    0.00   26.70 ^ _166789_/A1 (gf180mcu_fd_sc_mcu9t5v0__and4_4)
    15    0.27    0.56    0.62   27.32 ^ _166789_/Z (gf180mcu_fd_sc_mcu9t5v0__and4_4)
                                         _117937_ (net)
                  0.56    0.00   27.32 ^ _166798_/A1 (gf180mcu_fd_sc_mcu9t5v0__aoi21_4)
    20    0.34    0.59    0.43   27.76 v _166798_/ZN (gf180mcu_fd_sc_mcu9t5v0__aoi21_4)
                                         _118037_ (net)
                  0.59    0.00   27.76 v _166815_/A1 (gf180mcu_fd_sc_mcu9t5v0__or4_4)
     8    0.14    0.27    0.56   28.32 v _166815_/Z (gf180mcu_fd_sc_mcu9t5v0__or4_4)
                                         _118226_ (net)
                  0.27    0.00   28.32 v _166819_/A2 (gf180mcu_fd_sc_mcu9t5v0__oai31_4)
    20    0.40    1.95    1.14   29.46 ^ _166819_/ZN (gf180mcu_fd_sc_mcu9t5v0__oai31_4)
                                         _118270_ (net)
                  1.95    0.00   29.46 ^ _166834_/A1 (gf180mcu_fd_sc_mcu9t5v0__nand4_4)
    11    0.27    1.06    0.69   30.15 v _166834_/ZN (gf180mcu_fd_sc_mcu9t5v0__nand4_4)
                                         _118437_ (net)
                  1.06    0.00   30.15 v _166846_/A1 (gf180mcu_fd_sc_mcu9t5v0__oai21_4)
    23    0.41    1.38    1.07   31.21 ^ _166846_/ZN (gf180mcu_fd_sc_mcu9t5v0__oai21_4)
                                         _118570_ (net)
                  1.38    0.00   31.21 ^ _166866_/A1 (gf180mcu_fd_sc_mcu9t5v0__and3_4)
    12    0.27    0.54    0.53   31.75 ^ _166866_/Z (gf180mcu_fd_sc_mcu9t5v0__and3_4)
                                         _118792_ (net)
                  0.54    0.00   31.75 ^ _166874_/A1 (gf180mcu_fd_sc_mcu9t5v0__aoi21_4)
    43    0.77    1.22    0.81   32.56 v _166874_/ZN (gf180mcu_fd_sc_mcu9t5v0__aoi21_4)
                                         _118881_ (net)
                  1.22    0.00   32.56 v _166902_/A1 (gf180mcu_fd_sc_mcu9t5v0__nor4_4)
     8    0.19    1.30    1.01   33.57 ^ _166902_/ZN (gf180mcu_fd_sc_mcu9t5v0__nor4_4)
                                         _119192_ (net)
                  1.30    0.00   33.57 ^ _166922_/A2 (gf180mcu_fd_sc_mcu9t5v0__oai211_4)
     7    0.10    0.55    0.31   33.88 v _166922_/ZN (gf180mcu_fd_sc_mcu9t5v0__oai211_4)
                                         _119414_ (net)
                  0.55    0.00   33.88 v _166927_/A2 (gf180mcu_fd_sc_mcu9t5v0__oai31_4)
    10    0.28    1.37    0.88   34.77 ^ _166927_/ZN (gf180mcu_fd_sc_mcu9t5v0__oai31_4)
                                         _119469_ (net)
                  1.37    0.00   34.77 ^ max_cap1189/I (gf180mcu_fd_sc_mcu9t5v0__clkbuf_20)
    18    0.41    0.20    0.33   35.10 ^ max_cap1189/Z (gf180mcu_fd_sc_mcu9t5v0__clkbuf_20)
                                         net1189 (net)
                  0.20    0.00   35.10 ^ load_slew1186/I (gf180mcu_fd_sc_mcu9t5v0__buf_12)
    17    0.37    0.25    0.23   35.33 ^ load_slew1186/Z (gf180mcu_fd_sc_mcu9t5v0__buf_12)
                                         net1186 (net)
                  0.25    0.00   35.33 ^ _167362_/A1 (gf180mcu_fd_sc_mcu9t5v0__nand4_4)
     8    0.22    1.02    0.38   35.72 v _167362_/ZN (gf180mcu_fd_sc_mcu9t5v0__nand4_4)
                                         _124298_ (net)
                  1.02    0.00   35.72 v _167860_/A1 (gf180mcu_fd_sc_mcu9t5v0__oai31_4)
    11    0.32    1.57    1.15   36.87 ^ _167860_/ZN (gf180mcu_fd_sc_mcu9t5v0__oai31_4)
                                         _129824_ (net)
                  1.57    0.00   36.87 ^ max_cap1065/I (gf180mcu_fd_sc_mcu9t5v0__clkbuf_20)
    15    0.37    0.18    0.33   37.20 ^ max_cap1065/Z (gf180mcu_fd_sc_mcu9t5v0__clkbuf_20)
                                         net1065 (net)
                  0.18    0.00   37.20 ^ load_slew1062/I (gf180mcu_fd_sc_mcu9t5v0__buf_12)
    16    0.30    0.21    0.21   37.41 ^ load_slew1062/Z (gf180mcu_fd_sc_mcu9t5v0__buf_12)
                                         net1062 (net)
                  0.21    0.00   37.41 ^ _191305_/A1 (gf180mcu_fd_sc_mcu9t5v0__nand4_4)
    14    0.30    1.21    0.50   37.91 v _191305_/ZN (gf180mcu_fd_sc_mcu9t5v0__nand4_4)
                                         _084514_ (net)
                  1.21    0.00   37.91 v load_slew1023/I (gf180mcu_fd_sc_mcu9t5v0__buf_16)
    24    0.56    0.19    0.48   38.39 v load_slew1023/Z (gf180mcu_fd_sc_mcu9t5v0__buf_16)
                                         net1023 (net)
                  0.19    0.00   38.39 v _191442_/A2 (gf180mcu_fd_sc_mcu9t5v0__aoi211_4)
     9    0.15    0.88    0.50   38.90 ^ _191442_/ZN (gf180mcu_fd_sc_mcu9t5v0__aoi211_4)
                                         _084665_ (net)
                  0.88    0.00   38.90 ^ _191810_/A1 (gf180mcu_fd_sc_mcu9t5v0__aoi21_4)
    24    0.46    0.82    0.60   39.49 v _191810_/ZN (gf180mcu_fd_sc_mcu9t5v0__aoi21_4)
                                         _085069_ (net)
                  0.82    0.00   39.49 v load_slew943/I (gf180mcu_fd_sc_mcu9t5v0__buf_20)
    32    0.61    0.17    0.39   39.89 v load_slew943/Z (gf180mcu_fd_sc_mcu9t5v0__buf_20)
                                         net943 (net)
                  0.17    0.00   39.89 v _197481_/A1 (gf180mcu_fd_sc_mcu9t5v0__oai31_4)
     5    0.13    0.81    0.43   40.32 ^ _197481_/ZN (gf180mcu_fd_sc_mcu9t5v0__oai31_4)
                                         _091308_ (net)
                  0.81    0.00   40.32 ^ wire904/I (gf180mcu_fd_sc_mcu9t5v0__clkbuf_16)
    25    0.43    0.23    0.32   40.63 ^ wire904/Z (gf180mcu_fd_sc_mcu9t5v0__clkbuf_16)
                                         net904 (net)
                  0.23    0.00   40.63 ^ load_slew903/I (gf180mcu_fd_sc_mcu9t5v0__buf_12)
    22    0.37    0.25    0.24   40.87 ^ load_slew903/Z (gf180mcu_fd_sc_mcu9t5v0__buf_12)
                                         net903 (net)
                  0.25    0.00   40.87 ^ _197492_/A2 (gf180mcu_fd_sc_mcu9t5v0__nand3_4)
    29    0.62    1.31    0.79   41.66 v _197492_/ZN (gf180mcu_fd_sc_mcu9t5v0__nand3_4)
                                         _091320_ (net)
                  1.31    0.00   41.66 v _197519_/A2 (gf180mcu_fd_sc_mcu9t5v0__aoi211_4)
    20    0.42    2.06    1.49   43.15 ^ _197519_/ZN (gf180mcu_fd_sc_mcu9t5v0__aoi211_4)
                                         _091349_ (net)
                  2.06    0.00   43.15 ^ _199600_/A2 (gf180mcu_fd_sc_mcu9t5v0__oai21_4)
    24    0.50    1.20    0.78   43.93 v _199600_/ZN (gf180mcu_fd_sc_mcu9t5v0__oai21_4)
                                         _093638_ (net)
                  1.20    0.00   43.93 v _199817_/A2 (gf180mcu_fd_sc_mcu9t5v0__aoi21_4)
     5    0.08    0.49    0.57   44.50 ^ _199817_/ZN (gf180mcu_fd_sc_mcu9t5v0__aoi21_4)
                                         _093877_ (net)
                  0.49    0.00   44.50 ^ _201054_/A2 (gf180mcu_fd_sc_mcu9t5v0__xnor2_4)
    60    1.50    2.78    1.79   46.29 ^ _201054_/ZN (gf180mcu_fd_sc_mcu9t5v0__xnor2_4)
                                         _095238_ (net)
                  2.78    0.00   46.29 ^ _201058_/A1 (gf180mcu_fd_sc_mcu9t5v0__nand2_4)
    15    0.69    1.56    1.05   47.34 v _201058_/ZN (gf180mcu_fd_sc_mcu9t5v0__nand2_4)
                                         _095242_ (net)
                  1.56    0.00   47.34 v _201061_/A1 (gf180mcu_fd_sc_mcu9t5v0__aoi211_4)
     3    0.04    0.48    0.61   47.95 ^ _201061_/ZN (gf180mcu_fd_sc_mcu9t5v0__aoi211_4)
                                         _095246_ (net)
                  0.48    0.00   47.95 ^ _204031_/A2 (gf180mcu_fd_sc_mcu9t5v0__nor4_2)
     1    0.02    0.25    0.15   48.10 v _204031_/ZN (gf180mcu_fd_sc_mcu9t5v0__nor4_2)
                                         _098512_ (net)
                  0.25    0.00   48.10 v _204032_/A2 (gf180mcu_fd_sc_mcu9t5v0__oai21_2)
     3    0.04    0.32    0.24   48.34 ^ _204032_/ZN (gf180mcu_fd_sc_mcu9t5v0__oai21_2)
                                         _098513_ (net)
                  0.32    0.00   48.34 ^ _204104_/A1 (gf180mcu_fd_sc_mcu9t5v0__xnor3_4)
     6    0.08    0.18    0.82   49.16 v _204104_/ZN (gf180mcu_fd_sc_mcu9t5v0__xnor3_4)
                                         _098592_ (net)
                  0.18    0.00   49.16 v _204573_/A2 (gf180mcu_fd_sc_mcu9t5v0__aoi22_2)
     2    0.02    0.29    0.21   49.38 ^ _204573_/ZN (gf180mcu_fd_sc_mcu9t5v0__aoi22_2)
                                         _099108_ (net)
                  0.29    0.00   49.38 ^ _204574_/A3 (gf180mcu_fd_sc_mcu9t5v0__and3_2)
     3    0.05    0.24    0.29   49.67 ^ _204574_/Z (gf180mcu_fd_sc_mcu9t5v0__and3_2)
                                         _099109_ (net)
                  0.24    0.00   49.67 ^ _215543_/A2 (gf180mcu_fd_sc_mcu9t5v0__oai21_4)
     8    0.10    0.26    0.18   49.85 v _215543_/ZN (gf180mcu_fd_sc_mcu9t5v0__oai21_4)
                                         _111171_ (net)
                  0.26    0.00   49.85 v _254101_/A1 (gf180mcu_fd_sc_mcu9t5v0__or3_2)
     4    0.06    0.20    0.38   50.23 v _254101_/Z (gf180mcu_fd_sc_mcu9t5v0__or3_2)
                                         _153935_ (net)
                  0.20    0.00   50.23 v _254139_/A1 (gf180mcu_fd_sc_mcu9t5v0__xnor3_2)
     1    0.01    0.09    0.69   50.92 ^ _254139_/ZN (gf180mcu_fd_sc_mcu9t5v0__xnor3_2)
                                         _153976_ (net)
                  0.09    0.00   50.92 ^ _254140_/A2 (gf180mcu_fd_sc_mcu9t5v0__xnor2_2)
     3    0.04    0.14    0.31   51.23 v _254140_/ZN (gf180mcu_fd_sc_mcu9t5v0__xnor2_2)
                                         _153977_ (net)
                  0.14    0.00   51.23 v _254143_/A2 (gf180mcu_fd_sc_mcu9t5v0__xor3_4)
     8    0.11    0.21    0.81   52.04 v _254143_/Z (gf180mcu_fd_sc_mcu9t5v0__xor3_4)
                                         _153981_ (net)
                  0.21    0.00   52.04 v _255491_/A3 (gf180mcu_fd_sc_mcu9t5v0__nor4_4)
     3    0.04    0.41    0.30   52.34 ^ _255491_/ZN (gf180mcu_fd_sc_mcu9t5v0__nor4_4)
                                         _155478_ (net)
                  0.41    0.00   52.34 ^ _255492_/A2 (gf180mcu_fd_sc_mcu9t5v0__nand2_2)
     3    0.02    0.16    0.09   52.43 v _255492_/ZN (gf180mcu_fd_sc_mcu9t5v0__nand2_2)
                                         _155479_ (net)
                  0.16    0.00   52.43 v _255550_/A1 (gf180mcu_fd_sc_mcu9t5v0__xnor3_2)
     1    0.02    0.11    0.68   53.12 ^ _255550_/ZN (gf180mcu_fd_sc_mcu9t5v0__xnor3_2)
                                         _155542_ (net)
                  0.11    0.00   53.12 ^ _255551_/I (gf180mcu_fd_sc_mcu9t5v0__clkinv_2)
     2    0.04    0.15    0.12   53.24 v _255551_/ZN (gf180mcu_fd_sc_mcu9t5v0__clkinv_2)
                                         _155544_ (net)
                  0.15    0.00   53.24 v _255592_/A1 (gf180mcu_fd_sc_mcu9t5v0__xnor3_4)
     5    0.10    0.22    0.93   54.17 ^ _255592_/ZN (gf180mcu_fd_sc_mcu9t5v0__xnor3_4)
                                         _155590_ (net)
                  0.22    0.00   54.17 ^ _258339_/A2 (gf180mcu_fd_sc_mcu9t5v0__nor2_4)
     3    0.06    0.16    0.13   54.30 v _258339_/ZN (gf180mcu_fd_sc_mcu9t5v0__nor2_4)
                                         _158638_ (net)
                  0.16    0.00   54.30 v _259026_/B (gf180mcu_fd_sc_mcu9t5v0__aoi21_4)
     3    0.06    0.30    0.22   54.52 ^ _259026_/ZN (gf180mcu_fd_sc_mcu9t5v0__aoi21_4)
                                         _159401_ (net)
                  0.30    0.00   54.52 ^ _259029_/A3 (gf180mcu_fd_sc_mcu9t5v0__oai33_4)
     2    0.03    0.22    0.17   54.69 v _259029_/ZN (gf180mcu_fd_sc_mcu9t5v0__oai33_4)
                                         _159404_ (net)
                  0.22    0.00   54.69 v _259031_/A2 (gf180mcu_fd_sc_mcu9t5v0__aoi21_2)
     1    0.01    0.17    0.16   54.85 ^ _259031_/ZN (gf180mcu_fd_sc_mcu9t5v0__aoi21_2)
                                         _159407_ (net)
                  0.17    0.00   54.85 ^ _259100_/A2 (gf180mcu_fd_sc_mcu9t5v0__xnor3_4)
     2    0.10    0.21    0.82   55.67 v _259100_/ZN (gf180mcu_fd_sc_mcu9t5v0__xnor3_4)
                                         _159483_ (net)
                  0.21    0.00   55.67 v _260140_/A1 (gf180mcu_fd_sc_mcu9t5v0__and4_2)
     3    0.09    0.24    0.33   56.00 v _260140_/Z (gf180mcu_fd_sc_mcu9t5v0__and4_2)
                                         _160637_ (net)
                  0.24    0.00   56.00 v _264327_/A3 (gf180mcu_fd_sc_mcu9t5v0__and3_2)
     4    0.05    0.15    0.30   56.30 v _264327_/Z (gf180mcu_fd_sc_mcu9t5v0__and3_2)
                                         _004037_ (net)
                  0.15    0.00   56.30 v _265539_/A1 (gf180mcu_fd_sc_mcu9t5v0__and2_2)
     4    0.05    0.13    0.22   56.51 v _265539_/Z (gf180mcu_fd_sc_mcu9t5v0__and2_2)
                                         _005382_ (net)
                  0.13    0.00   56.51 v _265600_/A1 (gf180mcu_fd_sc_mcu9t5v0__xnor3_4)
     6    0.20    0.41    1.04   57.55 ^ _265600_/ZN (gf180mcu_fd_sc_mcu9t5v0__xnor3_4)
                                         _005450_ (net)
                  0.41    0.00   57.55 ^ _267251_/A2 (gf180mcu_fd_sc_mcu9t5v0__or2_2)
     3    0.04    0.18    0.22   57.77 ^ _267251_/Z (gf180mcu_fd_sc_mcu9t5v0__or2_2)
                                         _007283_ (net)
                  0.18    0.00   57.77 ^ _268192_/I (gf180mcu_fd_sc_mcu9t5v0__clkinv_2)
     2    0.03    0.14    0.12   57.89 v _268192_/ZN (gf180mcu_fd_sc_mcu9t5v0__clkinv_2)
                                         _008328_ (net)
                  0.14    0.00   57.89 v _268551_/A2 (gf180mcu_fd_sc_mcu9t5v0__aoi21_2)
     1    0.01    0.21    0.15   58.05 ^ _268551_/ZN (gf180mcu_fd_sc_mcu9t5v0__aoi21_2)
                                         _008726_ (net)
                  0.21    0.00   58.05 ^ _268552_/B (gf180mcu_fd_sc_mcu9t5v0__aoi21_2)
     1    0.02    0.17    0.13   58.18 v _268552_/ZN (gf180mcu_fd_sc_mcu9t5v0__aoi21_2)
                                         _008727_ (net)
                  0.17    0.00   58.18 v _268553_/A2 (gf180mcu_fd_sc_mcu9t5v0__nor2_2)
     2    0.05    0.40    0.27   58.44 ^ _268553_/ZN (gf180mcu_fd_sc_mcu9t5v0__nor2_2)
                                         _008728_ (net)
                  0.40    0.00   58.44 ^ _268560_/B1 (gf180mcu_fd_sc_mcu9t5v0__aoi22_4)
    19    0.27    0.52    0.38   58.82 v _268560_/ZN (gf180mcu_fd_sc_mcu9t5v0__aoi22_4)
                                         _008735_ (net)
                  0.52    0.00   58.82 v _271393_/A1 (gf180mcu_fd_sc_mcu9t5v0__oai32_4)
    11    0.20    1.23    0.79   59.61 ^ _271393_/ZN (gf180mcu_fd_sc_mcu9t5v0__oai32_4)
                                         _011881_ (net)
                  1.23    0.00   59.61 ^ _271394_/A2 (gf180mcu_fd_sc_mcu9t5v0__and2_2)
     1    0.01    0.10    0.16   59.77 ^ _271394_/Z (gf180mcu_fd_sc_mcu9t5v0__and2_2)
                                         _011882_ (net)
                  0.10    0.00   59.77 ^ _271395_/A2 (gf180mcu_fd_sc_mcu9t5v0__xnor2_2)
     4    0.06    0.19    0.35   60.12 v _271395_/ZN (gf180mcu_fd_sc_mcu9t5v0__xnor2_2)
                                         _011883_ (net)
                  0.19    0.00   60.12 v _271439_/A1 (gf180mcu_fd_sc_mcu9t5v0__aoi21_2)
     2    0.04    0.39    0.25   60.37 ^ _271439_/ZN (gf180mcu_fd_sc_mcu9t5v0__aoi21_2)
                                         _011931_ (net)
                  0.39    0.00   60.37 ^ _271444_/A1 (gf180mcu_fd_sc_mcu9t5v0__oai22_2)
     3    0.04    0.26    0.16   60.54 v _271444_/ZN (gf180mcu_fd_sc_mcu9t5v0__oai22_2)
                                         _011937_ (net)
                  0.26    0.00   60.54 v _271618_/A1 (gf180mcu_fd_sc_mcu9t5v0__xnor3_2)
     3    0.05    0.23    0.78   61.32 ^ _271618_/ZN (gf180mcu_fd_sc_mcu9t5v0__xnor3_2)
                                         _012130_ (net)
                  0.23    0.00   61.32 ^ _271619_/I (gf180mcu_fd_sc_mcu9t5v0__clkinv_4)
     4    0.03    0.11    0.09   61.41 v _271619_/ZN (gf180mcu_fd_sc_mcu9t5v0__clkinv_4)
                                         _012131_ (net)
                  0.11    0.00   61.41 v _272545_/A1 (gf180mcu_fd_sc_mcu9t5v0__or2_2)
     1    0.01    0.07    0.18   61.60 v _272545_/Z (gf180mcu_fd_sc_mcu9t5v0__or2_2)
                                         _013159_ (net)
                  0.07    0.00   61.60 v _272546_/A4 (gf180mcu_fd_sc_mcu9t5v0__or4_2)
     5    0.06    0.24    0.47   62.06 v _272546_/Z (gf180mcu_fd_sc_mcu9t5v0__or4_2)
                                         _013160_ (net)
                  0.24    0.00   62.06 v _293810_/A3 (gf180mcu_fd_sc_mcu9t5v0__or4_2)
     3    0.03    0.18    0.41   62.48 v _293810_/Z (gf180mcu_fd_sc_mcu9t5v0__or4_2)
                                         _036763_ (net)
                  0.18    0.00   62.48 v _293811_/A4 (gf180mcu_fd_sc_mcu9t5v0__or4_4)
     6    0.07    0.18    0.41   62.89 v _293811_/Z (gf180mcu_fd_sc_mcu9t5v0__or4_4)
                                         _036765_ (net)
                  0.18    0.00   62.89 v _293814_/A1 (gf180mcu_fd_sc_mcu9t5v0__or2_2)
     3    0.03    0.12    0.26   63.14 v _293814_/Z (gf180mcu_fd_sc_mcu9t5v0__or2_2)
                                         _036768_ (net)
                  0.12    0.00   63.14 v _293815_/A2 (gf180mcu_fd_sc_mcu9t5v0__or2_2)
     6    0.08    0.22    0.32   63.46 v _293815_/Z (gf180mcu_fd_sc_mcu9t5v0__or2_2)
                                         _036769_ (net)
                  0.22    0.00   63.46 v _293955_/A4 (gf180mcu_fd_sc_mcu9t5v0__or4_2)
     1    0.01    0.12    0.36   63.82 v _293955_/Z (gf180mcu_fd_sc_mcu9t5v0__or4_2)
                                         _036924_ (net)
                  0.12    0.00   63.82 v _293957_/A3 (gf180mcu_fd_sc_mcu9t5v0__and4_2)
     1    0.01    0.09    0.22   64.04 v _293957_/Z (gf180mcu_fd_sc_mcu9t5v0__and4_2)
                                         _036926_ (net)
                  0.09    0.00   64.04 v _293958_/A2 (gf180mcu_fd_sc_mcu9t5v0__xor2_2)
     4    0.07    0.28    0.39   64.43 ^ _293958_/Z (gf180mcu_fd_sc_mcu9t5v0__xor2_2)
                                         _036927_ (net)
                  0.28    0.00   64.43 ^ _293968_/A1 (gf180mcu_fd_sc_mcu9t5v0__or2_2)
     2    0.02    0.11    0.16   64.59 ^ _293968_/Z (gf180mcu_fd_sc_mcu9t5v0__or2_2)
                                         _036938_ (net)
                  0.11    0.00   64.59 ^ _293969_/A2 (gf180mcu_fd_sc_mcu9t5v0__nand2_2)
     1    0.03    0.13    0.09   64.68 v _293969_/ZN (gf180mcu_fd_sc_mcu9t5v0__nand2_2)
                                         _036939_ (net)
                  0.13    0.00   64.68 v _293970_/B (gf180mcu_fd_sc_mcu9t5v0__aoi21_4)
     4    0.19    0.72    0.45   65.13 ^ _293970_/ZN (gf180mcu_fd_sc_mcu9t5v0__aoi21_4)
                                         _036940_ (net)
                  0.72    0.00   65.13 ^ _293976_/A3 (gf180mcu_fd_sc_mcu9t5v0__nor3_2)
     1    0.02    0.33    0.18   65.31 v _293976_/ZN (gf180mcu_fd_sc_mcu9t5v0__nor3_2)
                                         _036947_ (net)
                  0.33    0.00   65.31 v _293977_/B (gf180mcu_fd_sc_mcu9t5v0__aoi21_4)
     7    0.12    0.49    0.35   65.67 ^ _293977_/ZN (gf180mcu_fd_sc_mcu9t5v0__aoi21_4)
                                         _036948_ (net)
                  0.49    0.00   65.67 ^ _293997_/A2 (gf180mcu_fd_sc_mcu9t5v0__oai211_4)
    12    0.16    0.45    0.32   65.99 v _293997_/ZN (gf180mcu_fd_sc_mcu9t5v0__oai211_4)
                                         _036971_ (net)
                  0.45    0.00   65.99 v _294629_/A1 (gf180mcu_fd_sc_mcu9t5v0__nor3_2)
     3    0.04    0.45    0.36   66.35 ^ _294629_/ZN (gf180mcu_fd_sc_mcu9t5v0__nor3_2)
                                         _037672_ (net)
                  0.45    0.00   66.35 ^ _294630_/A2 (gf180mcu_fd_sc_mcu9t5v0__xnor2_2)
     5    0.05    0.16    0.34   66.68 v _294630_/ZN (gf180mcu_fd_sc_mcu9t5v0__xnor2_2)
                                         _037673_ (net)
                  0.16    0.00   66.68 v _294631_/A3 (gf180mcu_fd_sc_mcu9t5v0__xor3_2)
     3    0.05    0.23    0.40   67.09 ^ _294631_/Z (gf180mcu_fd_sc_mcu9t5v0__xor3_2)
                                         _037675_ (net)
                  0.23    0.00   67.09 ^ _294632_/B (gf180mcu_fd_sc_mcu9t5v0__oai21_2)
     3    0.05    0.23    0.18   67.26 v _294632_/ZN (gf180mcu_fd_sc_mcu9t5v0__oai21_2)
                                         _037676_ (net)
                  0.23    0.00   67.26 v _294946_/A1 (gf180mcu_fd_sc_mcu9t5v0__or4_2)
     1    0.02    0.16    0.35   67.61 v _294946_/Z (gf180mcu_fd_sc_mcu9t5v0__or4_2)
                                         _038024_ (net)
                  0.16    0.00   67.61 v _294947_/B (gf180mcu_fd_sc_mcu9t5v0__aoi21_4)
     2    0.05    0.28    0.21   67.82 ^ _294947_/ZN (gf180mcu_fd_sc_mcu9t5v0__aoi21_4)
                                         _038025_ (net)
                  0.28    0.00   67.82 ^ _294968_/A2 (gf180mcu_fd_sc_mcu9t5v0__oai31_4)
     5    0.10    0.25    0.18   67.99 v _294968_/ZN (gf180mcu_fd_sc_mcu9t5v0__oai31_4)
                                         _038048_ (net)
                  0.25    0.00   67.99 v _311466_/A1 (gf180mcu_fd_sc_mcu9t5v0__aoi211_4)
     2    0.04    0.38    0.23   68.22 ^ _311466_/ZN (gf180mcu_fd_sc_mcu9t5v0__aoi211_4)
                                         _056361_ (net)
                  0.38    0.00   68.22 ^ _311483_/A1 (gf180mcu_fd_sc_mcu9t5v0__oai31_4)
     4    0.07    0.23    0.14   68.36 v _311483_/ZN (gf180mcu_fd_sc_mcu9t5v0__oai31_4)
                                         _056380_ (net)
                  0.23    0.00   68.36 v _311492_/A1 (gf180mcu_fd_sc_mcu9t5v0__aoi21_2)
     3    0.04    0.38    0.26   68.62 ^ _311492_/ZN (gf180mcu_fd_sc_mcu9t5v0__aoi21_2)
                                         _056391_ (net)
                  0.38    0.00   68.62 ^ _311499_/A2 (gf180mcu_fd_sc_mcu9t5v0__oai21_2)
     3    0.04    0.24    0.17   68.78 v _311499_/ZN (gf180mcu_fd_sc_mcu9t5v0__oai21_2)
                                         _056398_ (net)
                  0.24    0.00   68.78 v _311519_/A1 (gf180mcu_fd_sc_mcu9t5v0__and2_2)
     7    0.08    0.19    0.29   69.07 v _311519_/Z (gf180mcu_fd_sc_mcu9t5v0__and2_2)
                                         _056420_ (net)
                  0.19    0.00   69.07 v _311522_/A2 (gf180mcu_fd_sc_mcu9t5v0__or3_2)
     1    0.03    0.15    0.32   69.39 v _311522_/Z (gf180mcu_fd_sc_mcu9t5v0__or3_2)
                                         _056424_ (net)
                  0.15    0.00   69.39 v _311524_/C1 (gf180mcu_fd_sc_mcu9t5v0__aoi222_4)
     1    0.03    0.47    0.32   69.72 ^ _311524_/ZN (gf180mcu_fd_sc_mcu9t5v0__aoi222_4)
                                         _056426_ (net)
                  0.47    0.00   69.72 ^ _311526_/B1 (gf180mcu_fd_sc_mcu9t5v0__oai22_4)
     5    0.07    0.23    0.15   69.87 v _311526_/ZN (gf180mcu_fd_sc_mcu9t5v0__oai22_4)
                                         _056428_ (net)
                  0.23    0.00   69.87 v _311527_/A2 (gf180mcu_fd_sc_mcu9t5v0__nor2_2)
     2    0.03    0.25    0.20   70.07 ^ _311527_/ZN (gf180mcu_fd_sc_mcu9t5v0__nor2_2)
                                         _056429_ (net)
                  0.25    0.00   70.07 ^ _311529_/A2 (gf180mcu_fd_sc_mcu9t5v0__oai21_2)
     1    0.03    0.18    0.13   70.20 v _311529_/ZN (gf180mcu_fd_sc_mcu9t5v0__oai21_2)
                                         _056431_ (net)
                  0.18    0.00   70.20 v _311532_/A2 (gf180mcu_fd_sc_mcu9t5v0__aoi21_4)
     9    0.10    0.44    0.29   70.49 ^ _311532_/ZN (gf180mcu_fd_sc_mcu9t5v0__aoi21_4)
                                         _056435_ (net)
                  0.44    0.00   70.49 ^ _311537_/A2 (gf180mcu_fd_sc_mcu9t5v0__oai21_2)
     1    0.01    0.18    0.09   70.59 v _311537_/ZN (gf180mcu_fd_sc_mcu9t5v0__oai21_2)
                                         _056440_ (net)
                  0.18    0.00   70.59 v _311539_/A1 (gf180mcu_fd_sc_mcu9t5v0__and2_2)
     1    0.02    0.08    0.18   70.77 v _311539_/Z (gf180mcu_fd_sc_mcu9t5v0__and2_2)
                                         _056442_ (net)
                  0.08    0.00   70.77 v _311541_/A2 (gf180mcu_fd_sc_mcu9t5v0__oai21_2)
     1    0.02    0.18    0.13   70.90 ^ _311541_/ZN (gf180mcu_fd_sc_mcu9t5v0__oai21_2)
                                         _056445_ (net)
                  0.18    0.00   70.90 ^ _311564_/A1 (gf180mcu_fd_sc_mcu9t5v0__xnor3_2)
     3    0.05    0.22    0.58   71.48 ^ _311564_/ZN (gf180mcu_fd_sc_mcu9t5v0__xnor3_2)
                                         _056470_ (net)
                  0.22    0.00   71.48 ^ _311626_/A1 (gf180mcu_fd_sc_mcu9t5v0__xnor2_4)
     4    0.09    0.19    0.47   71.95 v _311626_/ZN (gf180mcu_fd_sc_mcu9t5v0__xnor2_4)
                                         _056539_ (net)
                  0.19    0.00   71.95 v _311627_/B (gf180mcu_fd_sc_mcu9t5v0__aoi211_4)
     2    0.03    0.33    0.24   72.20 ^ _311627_/ZN (gf180mcu_fd_sc_mcu9t5v0__aoi211_4)
                                         _056540_ (net)
                  0.33    0.00   72.20 ^ _311871_/A4 (gf180mcu_fd_sc_mcu9t5v0__or4_2)
     1    0.03    0.15    0.29   72.49 ^ _311871_/Z (gf180mcu_fd_sc_mcu9t5v0__or4_2)
                                         _056811_ (net)
                  0.15    0.00   72.49 ^ _311889_/A1 (gf180mcu_fd_sc_mcu9t5v0__oai211_4)
     9    0.10    0.33    0.18   72.67 v _311889_/ZN (gf180mcu_fd_sc_mcu9t5v0__oai211_4)
                                         _056830_ (net)
                  0.33    0.00   72.67 v _312620_/A1 (gf180mcu_fd_sc_mcu9t5v0__or4_2)
     4    0.07    0.25    0.47   73.14 v _312620_/Z (gf180mcu_fd_sc_mcu9t5v0__or4_2)
                                         _057641_ (net)
                  0.25    0.00   73.14 v _313586_/A2 (gf180mcu_fd_sc_mcu9t5v0__nor4_4)
     4    0.04    0.43    0.28   73.42 ^ _313586_/ZN (gf180mcu_fd_sc_mcu9t5v0__nor4_4)
                                         _058710_ (net)
                  0.43    0.00   73.42 ^ _314657_/A2 (gf180mcu_fd_sc_mcu9t5v0__and4_2)
     4    0.03    0.17    0.31   73.72 ^ _314657_/Z (gf180mcu_fd_sc_mcu9t5v0__and4_2)
                                         _059896_ (net)
                  0.17    0.00   73.72 ^ _315548_/A2 (gf180mcu_fd_sc_mcu9t5v0__and4_2)
     5    0.05    0.22    0.31   74.04 ^ _315548_/Z (gf180mcu_fd_sc_mcu9t5v0__and4_2)
                                         _060881_ (net)
                  0.22    0.00   74.04 ^ _316287_/A2 (gf180mcu_fd_sc_mcu9t5v0__and4_2)
     4    0.04    0.19    0.30   74.34 ^ _316287_/Z (gf180mcu_fd_sc_mcu9t5v0__and4_2)
                                         _061698_ (net)
                  0.19    0.00   74.34 ^ _316990_/A2 (gf180mcu_fd_sc_mcu9t5v0__and4_4)
    17    0.19    0.38    0.41   74.74 ^ _316990_/Z (gf180mcu_fd_sc_mcu9t5v0__and4_4)
                                         _062475_ (net)
                  0.38    0.00   74.74 ^ _318424_/A1 (gf180mcu_fd_sc_mcu9t5v0__and3_2)
     2    0.02    0.12    0.24   74.99 ^ _318424_/Z (gf180mcu_fd_sc_mcu9t5v0__and3_2)
                                         _064060_ (net)
                  0.12    0.00   74.99 ^ _318425_/A2 (gf180mcu_fd_sc_mcu9t5v0__xor2_2)
     1    0.01    0.08    0.26   75.25 v _318425_/Z (gf180mcu_fd_sc_mcu9t5v0__xor2_2)
                                         _064061_ (net)
                  0.08    0.00   75.25 v _318429_/B1 (gf180mcu_fd_sc_mcu9t5v0__aoi221_2)
     1    0.01    0.53    0.25   75.50 ^ _318429_/ZN (gf180mcu_fd_sc_mcu9t5v0__aoi221_2)
                                         _064065_ (net)
                  0.53    0.00   75.50 ^ _318430_/A2 (gf180mcu_fd_sc_mcu9t5v0__xnor2_2)
     3    0.03    0.13    0.30   75.80 v _318430_/ZN (gf180mcu_fd_sc_mcu9t5v0__xnor2_2)
                                         _064066_ (net)
                  0.13    0.00   75.80 v _318604_/A4 (gf180mcu_fd_sc_mcu9t5v0__or4_2)
     1    0.02    0.15    0.38   76.18 v _318604_/Z (gf180mcu_fd_sc_mcu9t5v0__or4_2)
                                         _064258_ (net)
                  0.15    0.00   76.18 v _318605_/A4 (gf180mcu_fd_sc_mcu9t5v0__nor4_4)
     4    0.07    0.57    0.39   76.58 ^ _318605_/ZN (gf180mcu_fd_sc_mcu9t5v0__nor4_4)
                                         _064259_ (net)
                  0.57    0.00   76.58 ^ _319183_/A1 (gf180mcu_fd_sc_mcu9t5v0__aoi21_4)
     8    0.34    0.58    0.44   77.01 v _319183_/ZN (gf180mcu_fd_sc_mcu9t5v0__aoi21_4)
                                         _064897_ (net)
                  0.58    0.00   77.02 v _319833_/A1 (gf180mcu_fd_sc_mcu9t5v0__or3_4)
    10    0.13    0.22    0.50   77.51 v _319833_/Z (gf180mcu_fd_sc_mcu9t5v0__or3_4)
                                         _065613_ (net)
                  0.22    0.00   77.51 v _320206_/A1 (gf180mcu_fd_sc_mcu9t5v0__or3_2)
     2    0.04    0.17    0.34   77.86 v _320206_/Z (gf180mcu_fd_sc_mcu9t5v0__or3_2)
                                         _066023_ (net)
                  0.17    0.00   77.86 v _320292_/A1 (gf180mcu_fd_sc_mcu9t5v0__xnor2_2)
     1    0.06    0.23    0.44   78.29 ^ _320292_/ZN (gf180mcu_fd_sc_mcu9t5v0__xnor2_2)
                                         _066118_ (net)
                  0.23    0.00   78.29 ^ _320293_/B1 (gf180mcu_fd_sc_mcu9t5v0__aoi22_2)
     1    0.02    0.50    0.14   78.44 v _320293_/ZN (gf180mcu_fd_sc_mcu9t5v0__aoi22_2)
                                         _066119_ (net)
                  0.50    0.00   78.44 v _320298_/A3 (gf180mcu_fd_sc_mcu9t5v0__or4_4)
     1    0.08    0.20    0.47   78.91 v _320298_/Z (gf180mcu_fd_sc_mcu9t5v0__or4_4)
                                         net439 (net)
                  0.20    0.00   78.91 v output439/I (gf180mcu_fd_sc_mcu9t5v0__dlyb_2)
     1    0.00    0.13    0.73   79.64 v output439/Z (gf180mcu_fd_sc_mcu9t5v0__dlyb_2)
                                         result[138] (net)
                  0.13    0.00   79.64 v result[138] (out)
                                 79.64   data arrival time

                  0.00  100.00  100.00   clock clk (rise edge)
                          0.00  100.00   clock network delay (ideal)
                          0.00  100.00   clock reconvergence pessimism
                        -20.00   80.00   output external delay
                                 80.00   data required time
-----------------------------------------------------------------------------
                                 80.00   data required time
                                -79.64   data arrival time
-----------------------------------------------------------------------------
                                  0.36   slack (MET)



==========================================================================
resizer report_checks -unconstrained
--------------------------------------------------------------------------
Startpoint: dst_osize_vector[1] (input port clocked by clk)
Endpoint: result[138] (output port clocked by clk)
Path Group: clk
Path Type: max

Fanout     Cap    Slew   Delay    Time   Description
-----------------------------------------------------------------------------
                  0.00    0.00    0.00   clock clk (rise edge)
                          0.00    0.00   clock network delay (ideal)
                         20.00   20.00 ^ input external delay
     1    0.07    0.00    0.00   20.00 ^ dst_osize_vector[1] (in)
                                         dst_osize_vector[1] (net)
                  0.00    0.00   20.00 ^ input18/I (gf180mcu_fd_sc_mcu9t5v0__buf_20)
   271    6.67    2.41    1.49   21.49 ^ input18/Z (gf180mcu_fd_sc_mcu9t5v0__buf_20)
                                         net18 (net)
                  2.41    0.00   21.50 ^ _166478_/B2 (gf180mcu_fd_sc_mcu9t5v0__aoi22_4)
     3    0.05    0.66    0.08   21.57 v _166478_/ZN (gf180mcu_fd_sc_mcu9t5v0__aoi22_4)
                                         _114485_ (net)
                  0.66    0.00   21.57 v _166707_/A2 (gf180mcu_fd_sc_mcu9t5v0__aoi21_4)
    22    0.54    1.80    1.18   22.75 ^ _166707_/ZN (gf180mcu_fd_sc_mcu9t5v0__aoi21_4)
                                         _117027_ (net)
                  1.80    0.00   22.75 ^ _166749_/A1 (gf180mcu_fd_sc_mcu9t5v0__xor2_4)
     7    0.10    0.21    0.42   23.17 v _166749_/Z (gf180mcu_fd_sc_mcu9t5v0__xor2_4)
                                         _117493_ (net)
                  0.21    0.00   23.17 v _166750_/A4 (gf180mcu_fd_sc_mcu9t5v0__or4_4)
     3    0.10    0.21    0.44   23.61 v _166750_/Z (gf180mcu_fd_sc_mcu9t5v0__or4_4)
                                         _117504_ (net)
                  0.21    0.00   23.61 v _166759_/A1 (gf180mcu_fd_sc_mcu9t5v0__oai31_4)
    24    0.36    1.74    1.00   24.61 ^ _166759_/ZN (gf180mcu_fd_sc_mcu9t5v0__oai31_4)
                                         _117604_ (net)
                  1.74    0.00   24.61 ^ _166765_/A3 (gf180mcu_fd_sc_mcu9t5v0__nand4_4)
    16    0.28    0.96    0.53   25.14 v _166765_/ZN (gf180mcu_fd_sc_mcu9t5v0__nand4_4)
                                         _117671_ (net)
                  0.96    0.00   25.14 v _166773_/A1 (gf180mcu_fd_sc_mcu9t5v0__oai31_4)
    29    0.50    2.39    1.57   26.70 ^ _166773_/ZN (gf180mcu_fd_sc_mcu9t5v0__oai31_4)
                                         _117760_ (net)
                  2.39    0.00   26.70 ^ _166789_/A1 (gf180mcu_fd_sc_mcu9t5v0__and4_4)
    15    0.27    0.56    0.62   27.32 ^ _166789_/Z (gf180mcu_fd_sc_mcu9t5v0__and4_4)
                                         _117937_ (net)
                  0.56    0.00   27.32 ^ _166798_/A1 (gf180mcu_fd_sc_mcu9t5v0__aoi21_4)
    20    0.34    0.59    0.43   27.76 v _166798_/ZN (gf180mcu_fd_sc_mcu9t5v0__aoi21_4)
                                         _118037_ (net)
                  0.59    0.00   27.76 v _166815_/A1 (gf180mcu_fd_sc_mcu9t5v0__or4_4)
     8    0.14    0.27    0.56   28.32 v _166815_/Z (gf180mcu_fd_sc_mcu9t5v0__or4_4)
                                         _118226_ (net)
                  0.27    0.00   28.32 v _166819_/A2 (gf180mcu_fd_sc_mcu9t5v0__oai31_4)
    20    0.40    1.95    1.14   29.46 ^ _166819_/ZN (gf180mcu_fd_sc_mcu9t5v0__oai31_4)
                                         _118270_ (net)
                  1.95    0.00   29.46 ^ _166834_/A1 (gf180mcu_fd_sc_mcu9t5v0__nand4_4)
    11    0.27    1.06    0.69   30.15 v _166834_/ZN (gf180mcu_fd_sc_mcu9t5v0__nand4_4)
                                         _118437_ (net)
                  1.06    0.00   30.15 v _166846_/A1 (gf180mcu_fd_sc_mcu9t5v0__oai21_4)
    23    0.41    1.38    1.07   31.21 ^ _166846_/ZN (gf180mcu_fd_sc_mcu9t5v0__oai21_4)
                                         _118570_ (net)
                  1.38    0.00   31.21 ^ _166866_/A1 (gf180mcu_fd_sc_mcu9t5v0__and3_4)
    12    0.27    0.54    0.53   31.75 ^ _166866_/Z (gf180mcu_fd_sc_mcu9t5v0__and3_4)
                                         _118792_ (net)
                  0.54    0.00   31.75 ^ _166874_/A1 (gf180mcu_fd_sc_mcu9t5v0__aoi21_4)
    43    0.77    1.22    0.81   32.56 v _166874_/ZN (gf180mcu_fd_sc_mcu9t5v0__aoi21_4)
                                         _118881_ (net)
                  1.22    0.00   32.56 v _166902_/A1 (gf180mcu_fd_sc_mcu9t5v0__nor4_4)
     8    0.19    1.30    1.01   33.57 ^ _166902_/ZN (gf180mcu_fd_sc_mcu9t5v0__nor4_4)
                                         _119192_ (net)
                  1.30    0.00   33.57 ^ _166922_/A2 (gf180mcu_fd_sc_mcu9t5v0__oai211_4)
     7    0.10    0.55    0.31   33.88 v _166922_/ZN (gf180mcu_fd_sc_mcu9t5v0__oai211_4)
                                         _119414_ (net)
                  0.55    0.00   33.88 v _166927_/A2 (gf180mcu_fd_sc_mcu9t5v0__oai31_4)
    10    0.28    1.37    0.88   34.77 ^ _166927_/ZN (gf180mcu_fd_sc_mcu9t5v0__oai31_4)
                                         _119469_ (net)
                  1.37    0.00   34.77 ^ max_cap1189/I (gf180mcu_fd_sc_mcu9t5v0__clkbuf_20)
    18    0.41    0.20    0.33   35.10 ^ max_cap1189/Z (gf180mcu_fd_sc_mcu9t5v0__clkbuf_20)
                                         net1189 (net)
                  0.20    0.00   35.10 ^ load_slew1186/I (gf180mcu_fd_sc_mcu9t5v0__buf_12)
    17    0.37    0.25    0.23   35.33 ^ load_slew1186/Z (gf180mcu_fd_sc_mcu9t5v0__buf_12)
                                         net1186 (net)
                  0.25    0.00   35.33 ^ _167362_/A1 (gf180mcu_fd_sc_mcu9t5v0__nand4_4)
     8    0.22    1.02    0.38   35.72 v _167362_/ZN (gf180mcu_fd_sc_mcu9t5v0__nand4_4)
                                         _124298_ (net)
                  1.02    0.00   35.72 v _167860_/A1 (gf180mcu_fd_sc_mcu9t5v0__oai31_4)
    11    0.32    1.57    1.15   36.87 ^ _167860_/ZN (gf180mcu_fd_sc_mcu9t5v0__oai31_4)
                                         _129824_ (net)
                  1.57    0.00   36.87 ^ max_cap1065/I (gf180mcu_fd_sc_mcu9t5v0__clkbuf_20)
    15    0.37    0.18    0.33   37.20 ^ max_cap1065/Z (gf180mcu_fd_sc_mcu9t5v0__clkbuf_20)
                                         net1065 (net)
                  0.18    0.00   37.20 ^ load_slew1062/I (gf180mcu_fd_sc_mcu9t5v0__buf_12)
    16    0.30    0.21    0.21   37.41 ^ load_slew1062/Z (gf180mcu_fd_sc_mcu9t5v0__buf_12)
                                         net1062 (net)
                  0.21    0.00   37.41 ^ _191305_/A1 (gf180mcu_fd_sc_mcu9t5v0__nand4_4)
    14    0.30    1.21    0.50   37.91 v _191305_/ZN (gf180mcu_fd_sc_mcu9t5v0__nand4_4)
                                         _084514_ (net)
                  1.21    0.00   37.91 v load_slew1023/I (gf180mcu_fd_sc_mcu9t5v0__buf_16)
    24    0.56    0.19    0.48   38.39 v load_slew1023/Z (gf180mcu_fd_sc_mcu9t5v0__buf_16)
                                         net1023 (net)
                  0.19    0.00   38.39 v _191442_/A2 (gf180mcu_fd_sc_mcu9t5v0__aoi211_4)
     9    0.15    0.88    0.50   38.90 ^ _191442_/ZN (gf180mcu_fd_sc_mcu9t5v0__aoi211_4)
                                         _084665_ (net)
                  0.88    0.00   38.90 ^ _191810_/A1 (gf180mcu_fd_sc_mcu9t5v0__aoi21_4)
    24    0.46    0.82    0.60   39.49 v _191810_/ZN (gf180mcu_fd_sc_mcu9t5v0__aoi21_4)
                                         _085069_ (net)
                  0.82    0.00   39.49 v load_slew943/I (gf180mcu_fd_sc_mcu9t5v0__buf_20)
    32    0.61    0.17    0.39   39.89 v load_slew943/Z (gf180mcu_fd_sc_mcu9t5v0__buf_20)
                                         net943 (net)
                  0.17    0.00   39.89 v _197481_/A1 (gf180mcu_fd_sc_mcu9t5v0__oai31_4)
     5    0.13    0.81    0.43   40.32 ^ _197481_/ZN (gf180mcu_fd_sc_mcu9t5v0__oai31_4)
                                         _091308_ (net)
                  0.81    0.00   40.32 ^ wire904/I (gf180mcu_fd_sc_mcu9t5v0__clkbuf_16)
    25    0.43    0.23    0.32   40.63 ^ wire904/Z (gf180mcu_fd_sc_mcu9t5v0__clkbuf_16)
                                         net904 (net)
                  0.23    0.00   40.63 ^ load_slew903/I (gf180mcu_fd_sc_mcu9t5v0__buf_12)
    22    0.37    0.25    0.24   40.87 ^ load_slew903/Z (gf180mcu_fd_sc_mcu9t5v0__buf_12)
                                         net903 (net)
                  0.25    0.00   40.87 ^ _197492_/A2 (gf180mcu_fd_sc_mcu9t5v0__nand3_4)
    29    0.62    1.31    0.79   41.66 v _197492_/ZN (gf180mcu_fd_sc_mcu9t5v0__nand3_4)
                                         _091320_ (net)
                  1.31    0.00   41.66 v _197519_/A2 (gf180mcu_fd_sc_mcu9t5v0__aoi211_4)
    20    0.42    2.06    1.49   43.15 ^ _197519_/ZN (gf180mcu_fd_sc_mcu9t5v0__aoi211_4)
                                         _091349_ (net)
                  2.06    0.00   43.15 ^ _199600_/A2 (gf180mcu_fd_sc_mcu9t5v0__oai21_4)
    24    0.50    1.20    0.78   43.93 v _199600_/ZN (gf180mcu_fd_sc_mcu9t5v0__oai21_4)
                                         _093638_ (net)
                  1.20    0.00   43.93 v _199817_/A2 (gf180mcu_fd_sc_mcu9t5v0__aoi21_4)
     5    0.08    0.49    0.57   44.50 ^ _199817_/ZN (gf180mcu_fd_sc_mcu9t5v0__aoi21_4)
                                         _093877_ (net)
                  0.49    0.00   44.50 ^ _201054_/A2 (gf180mcu_fd_sc_mcu9t5v0__xnor2_4)
    60    1.50    2.78    1.79   46.29 ^ _201054_/ZN (gf180mcu_fd_sc_mcu9t5v0__xnor2_4)
                                         _095238_ (net)
                  2.78    0.00   46.29 ^ _201058_/A1 (gf180mcu_fd_sc_mcu9t5v0__nand2_4)
    15    0.69    1.56    1.05   47.34 v _201058_/ZN (gf180mcu_fd_sc_mcu9t5v0__nand2_4)
                                         _095242_ (net)
                  1.56    0.00   47.34 v _201061_/A1 (gf180mcu_fd_sc_mcu9t5v0__aoi211_4)
     3    0.04    0.48    0.61   47.95 ^ _201061_/ZN (gf180mcu_fd_sc_mcu9t5v0__aoi211_4)
                                         _095246_ (net)
                  0.48    0.00   47.95 ^ _204031_/A2 (gf180mcu_fd_sc_mcu9t5v0__nor4_2)
     1    0.02    0.25    0.15   48.10 v _204031_/ZN (gf180mcu_fd_sc_mcu9t5v0__nor4_2)
                                         _098512_ (net)
                  0.25    0.00   48.10 v _204032_/A2 (gf180mcu_fd_sc_mcu9t5v0__oai21_2)
     3    0.04    0.32    0.24   48.34 ^ _204032_/ZN (gf180mcu_fd_sc_mcu9t5v0__oai21_2)
                                         _098513_ (net)
                  0.32    0.00   48.34 ^ _204104_/A1 (gf180mcu_fd_sc_mcu9t5v0__xnor3_4)
     6    0.08    0.18    0.82   49.16 v _204104_/ZN (gf180mcu_fd_sc_mcu9t5v0__xnor3_4)
                                         _098592_ (net)
                  0.18    0.00   49.16 v _204573_/A2 (gf180mcu_fd_sc_mcu9t5v0__aoi22_2)
     2    0.02    0.29    0.21   49.38 ^ _204573_/ZN (gf180mcu_fd_sc_mcu9t5v0__aoi22_2)
                                         _099108_ (net)
                  0.29    0.00   49.38 ^ _204574_/A3 (gf180mcu_fd_sc_mcu9t5v0__and3_2)
     3    0.05    0.24    0.29   49.67 ^ _204574_/Z (gf180mcu_fd_sc_mcu9t5v0__and3_2)
                                         _099109_ (net)
                  0.24    0.00   49.67 ^ _215543_/A2 (gf180mcu_fd_sc_mcu9t5v0__oai21_4)
     8    0.10    0.26    0.18   49.85 v _215543_/ZN (gf180mcu_fd_sc_mcu9t5v0__oai21_4)
                                         _111171_ (net)
                  0.26    0.00   49.85 v _254101_/A1 (gf180mcu_fd_sc_mcu9t5v0__or3_2)
     4    0.06    0.20    0.38   50.23 v _254101_/Z (gf180mcu_fd_sc_mcu9t5v0__or3_2)
                                         _153935_ (net)
                  0.20    0.00   50.23 v _254139_/A1 (gf180mcu_fd_sc_mcu9t5v0__xnor3_2)
     1    0.01    0.09    0.69   50.92 ^ _254139_/ZN (gf180mcu_fd_sc_mcu9t5v0__xnor3_2)
                                         _153976_ (net)
                  0.09    0.00   50.92 ^ _254140_/A2 (gf180mcu_fd_sc_mcu9t5v0__xnor2_2)
     3    0.04    0.14    0.31   51.23 v _254140_/ZN (gf180mcu_fd_sc_mcu9t5v0__xnor2_2)
                                         _153977_ (net)
                  0.14    0.00   51.23 v _254143_/A2 (gf180mcu_fd_sc_mcu9t5v0__xor3_4)
     8    0.11    0.21    0.81   52.04 v _254143_/Z (gf180mcu_fd_sc_mcu9t5v0__xor3_4)
                                         _153981_ (net)
                  0.21    0.00   52.04 v _255491_/A3 (gf180mcu_fd_sc_mcu9t5v0__nor4_4)
     3    0.04    0.41    0.30   52.34 ^ _255491_/ZN (gf180mcu_fd_sc_mcu9t5v0__nor4_4)
                                         _155478_ (net)
                  0.41    0.00   52.34 ^ _255492_/A2 (gf180mcu_fd_sc_mcu9t5v0__nand2_2)
     3    0.02    0.16    0.09   52.43 v _255492_/ZN (gf180mcu_fd_sc_mcu9t5v0__nand2_2)
                                         _155479_ (net)
                  0.16    0.00   52.43 v _255550_/A1 (gf180mcu_fd_sc_mcu9t5v0__xnor3_2)
     1    0.02    0.11    0.68   53.12 ^ _255550_/ZN (gf180mcu_fd_sc_mcu9t5v0__xnor3_2)
                                         _155542_ (net)
                  0.11    0.00   53.12 ^ _255551_/I (gf180mcu_fd_sc_mcu9t5v0__clkinv_2)
     2    0.04    0.15    0.12   53.24 v _255551_/ZN (gf180mcu_fd_sc_mcu9t5v0__clkinv_2)
                                         _155544_ (net)
                  0.15    0.00   53.24 v _255592_/A1 (gf180mcu_fd_sc_mcu9t5v0__xnor3_4)
     5    0.10    0.22    0.93   54.17 ^ _255592_/ZN (gf180mcu_fd_sc_mcu9t5v0__xnor3_4)
                                         _155590_ (net)
                  0.22    0.00   54.17 ^ _258339_/A2 (gf180mcu_fd_sc_mcu9t5v0__nor2_4)
     3    0.06    0.16    0.13   54.30 v _258339_/ZN (gf180mcu_fd_sc_mcu9t5v0__nor2_4)
                                         _158638_ (net)
                  0.16    0.00   54.30 v _259026_/B (gf180mcu_fd_sc_mcu9t5v0__aoi21_4)
     3    0.06    0.30    0.22   54.52 ^ _259026_/ZN (gf180mcu_fd_sc_mcu9t5v0__aoi21_4)
                                         _159401_ (net)
                  0.30    0.00   54.52 ^ _259029_/A3 (gf180mcu_fd_sc_mcu9t5v0__oai33_4)
     2    0.03    0.22    0.17   54.69 v _259029_/ZN (gf180mcu_fd_sc_mcu9t5v0__oai33_4)
                                         _159404_ (net)
                  0.22    0.00   54.69 v _259031_/A2 (gf180mcu_fd_sc_mcu9t5v0__aoi21_2)
     1    0.01    0.17    0.16   54.85 ^ _259031_/ZN (gf180mcu_fd_sc_mcu9t5v0__aoi21_2)
                                         _159407_ (net)
                  0.17    0.00   54.85 ^ _259100_/A2 (gf180mcu_fd_sc_mcu9t5v0__xnor3_4)
     2    0.10    0.21    0.82   55.67 v _259100_/ZN (gf180mcu_fd_sc_mcu9t5v0__xnor3_4)
                                         _159483_ (net)
                  0.21    0.00   55.67 v _260140_/A1 (gf180mcu_fd_sc_mcu9t5v0__and4_2)
     3    0.09    0.24    0.33   56.00 v _260140_/Z (gf180mcu_fd_sc_mcu9t5v0__and4_2)
                                         _160637_ (net)
                  0.24    0.00   56.00 v _264327_/A3 (gf180mcu_fd_sc_mcu9t5v0__and3_2)
     4    0.05    0.15    0.30   56.30 v _264327_/Z (gf180mcu_fd_sc_mcu9t5v0__and3_2)
                                         _004037_ (net)
                  0.15    0.00   56.30 v _265539_/A1 (gf180mcu_fd_sc_mcu9t5v0__and2_2)
     4    0.05    0.13    0.22   56.51 v _265539_/Z (gf180mcu_fd_sc_mcu9t5v0__and2_2)
                                         _005382_ (net)
                  0.13    0.00   56.51 v _265600_/A1 (gf180mcu_fd_sc_mcu9t5v0__xnor3_4)
     6    0.20    0.41    1.04   57.55 ^ _265600_/ZN (gf180mcu_fd_sc_mcu9t5v0__xnor3_4)
                                         _005450_ (net)
                  0.41    0.00   57.55 ^ _267251_/A2 (gf180mcu_fd_sc_mcu9t5v0__or2_2)
     3    0.04    0.18    0.22   57.77 ^ _267251_/Z (gf180mcu_fd_sc_mcu9t5v0__or2_2)
                                         _007283_ (net)
                  0.18    0.00   57.77 ^ _268192_/I (gf180mcu_fd_sc_mcu9t5v0__clkinv_2)
     2    0.03    0.14    0.12   57.89 v _268192_/ZN (gf180mcu_fd_sc_mcu9t5v0__clkinv_2)
                                         _008328_ (net)
                  0.14    0.00   57.89 v _268551_/A2 (gf180mcu_fd_sc_mcu9t5v0__aoi21_2)
     1    0.01    0.21    0.15   58.05 ^ _268551_/ZN (gf180mcu_fd_sc_mcu9t5v0__aoi21_2)
                                         _008726_ (net)
                  0.21    0.00   58.05 ^ _268552_/B (gf180mcu_fd_sc_mcu9t5v0__aoi21_2)
     1    0.02    0.17    0.13   58.18 v _268552_/ZN (gf180mcu_fd_sc_mcu9t5v0__aoi21_2)
                                         _008727_ (net)
                  0.17    0.00   58.18 v _268553_/A2 (gf180mcu_fd_sc_mcu9t5v0__nor2_2)
     2    0.05    0.40    0.27   58.44 ^ _268553_/ZN (gf180mcu_fd_sc_mcu9t5v0__nor2_2)
                                         _008728_ (net)
                  0.40    0.00   58.44 ^ _268560_/B1 (gf180mcu_fd_sc_mcu9t5v0__aoi22_4)
    19    0.27    0.52    0.38   58.82 v _268560_/ZN (gf180mcu_fd_sc_mcu9t5v0__aoi22_4)
                                         _008735_ (net)
                  0.52    0.00   58.82 v _271393_/A1 (gf180mcu_fd_sc_mcu9t5v0__oai32_4)
    11    0.20    1.23    0.79   59.61 ^ _271393_/ZN (gf180mcu_fd_sc_mcu9t5v0__oai32_4)
                                         _011881_ (net)
                  1.23    0.00   59.61 ^ _271394_/A2 (gf180mcu_fd_sc_mcu9t5v0__and2_2)
     1    0.01    0.10    0.16   59.77 ^ _271394_/Z (gf180mcu_fd_sc_mcu9t5v0__and2_2)
                                         _011882_ (net)
                  0.10    0.00   59.77 ^ _271395_/A2 (gf180mcu_fd_sc_mcu9t5v0__xnor2_2)
     4    0.06    0.19    0.35   60.12 v _271395_/ZN (gf180mcu_fd_sc_mcu9t5v0__xnor2_2)
                                         _011883_ (net)
                  0.19    0.00   60.12 v _271439_/A1 (gf180mcu_fd_sc_mcu9t5v0__aoi21_2)
     2    0.04    0.39    0.25   60.37 ^ _271439_/ZN (gf180mcu_fd_sc_mcu9t5v0__aoi21_2)
                                         _011931_ (net)
                  0.39    0.00   60.37 ^ _271444_/A1 (gf180mcu_fd_sc_mcu9t5v0__oai22_2)
     3    0.04    0.26    0.16   60.54 v _271444_/ZN (gf180mcu_fd_sc_mcu9t5v0__oai22_2)
                                         _011937_ (net)
                  0.26    0.00   60.54 v _271618_/A1 (gf180mcu_fd_sc_mcu9t5v0__xnor3_2)
     3    0.05    0.23    0.78   61.32 ^ _271618_/ZN (gf180mcu_fd_sc_mcu9t5v0__xnor3_2)
                                         _012130_ (net)
                  0.23    0.00   61.32 ^ _271619_/I (gf180mcu_fd_sc_mcu9t5v0__clkinv_4)
     4    0.03    0.11    0.09   61.41 v _271619_/ZN (gf180mcu_fd_sc_mcu9t5v0__clkinv_4)
                                         _012131_ (net)
                  0.11    0.00   61.41 v _272545_/A1 (gf180mcu_fd_sc_mcu9t5v0__or2_2)
     1    0.01    0.07    0.18   61.60 v _272545_/Z (gf180mcu_fd_sc_mcu9t5v0__or2_2)
                                         _013159_ (net)
                  0.07    0.00   61.60 v _272546_/A4 (gf180mcu_fd_sc_mcu9t5v0__or4_2)
     5    0.06    0.24    0.47   62.06 v _272546_/Z (gf180mcu_fd_sc_mcu9t5v0__or4_2)
                                         _013160_ (net)
                  0.24    0.00   62.06 v _293810_/A3 (gf180mcu_fd_sc_mcu9t5v0__or4_2)
     3    0.03    0.18    0.41   62.48 v _293810_/Z (gf180mcu_fd_sc_mcu9t5v0__or4_2)
                                         _036763_ (net)
                  0.18    0.00   62.48 v _293811_/A4 (gf180mcu_fd_sc_mcu9t5v0__or4_4)
     6    0.07    0.18    0.41   62.89 v _293811_/Z (gf180mcu_fd_sc_mcu9t5v0__or4_4)
                                         _036765_ (net)
                  0.18    0.00   62.89 v _293814_/A1 (gf180mcu_fd_sc_mcu9t5v0__or2_2)
     3    0.03    0.12    0.26   63.14 v _293814_/Z (gf180mcu_fd_sc_mcu9t5v0__or2_2)
                                         _036768_ (net)
                  0.12    0.00   63.14 v _293815_/A2 (gf180mcu_fd_sc_mcu9t5v0__or2_2)
     6    0.08    0.22    0.32   63.46 v _293815_/Z (gf180mcu_fd_sc_mcu9t5v0__or2_2)
                                         _036769_ (net)
                  0.22    0.00   63.46 v _293955_/A4 (gf180mcu_fd_sc_mcu9t5v0__or4_2)
     1    0.01    0.12    0.36   63.82 v _293955_/Z (gf180mcu_fd_sc_mcu9t5v0__or4_2)
                                         _036924_ (net)
                  0.12    0.00   63.82 v _293957_/A3 (gf180mcu_fd_sc_mcu9t5v0__and4_2)
     1    0.01    0.09    0.22   64.04 v _293957_/Z (gf180mcu_fd_sc_mcu9t5v0__and4_2)
                                         _036926_ (net)
                  0.09    0.00   64.04 v _293958_/A2 (gf180mcu_fd_sc_mcu9t5v0__xor2_2)
     4    0.07    0.28    0.39   64.43 ^ _293958_/Z (gf180mcu_fd_sc_mcu9t5v0__xor2_2)
                                         _036927_ (net)
                  0.28    0.00   64.43 ^ _293968_/A1 (gf180mcu_fd_sc_mcu9t5v0__or2_2)
     2    0.02    0.11    0.16   64.59 ^ _293968_/Z (gf180mcu_fd_sc_mcu9t5v0__or2_2)
                                         _036938_ (net)
                  0.11    0.00   64.59 ^ _293969_/A2 (gf180mcu_fd_sc_mcu9t5v0__nand2_2)
     1    0.03    0.13    0.09   64.68 v _293969_/ZN (gf180mcu_fd_sc_mcu9t5v0__nand2_2)
                                         _036939_ (net)
                  0.13    0.00   64.68 v _293970_/B (gf180mcu_fd_sc_mcu9t5v0__aoi21_4)
     4    0.19    0.72    0.45   65.13 ^ _293970_/ZN (gf180mcu_fd_sc_mcu9t5v0__aoi21_4)
                                         _036940_ (net)
                  0.72    0.00   65.13 ^ _293976_/A3 (gf180mcu_fd_sc_mcu9t5v0__nor3_2)
     1    0.02    0.33    0.18   65.31 v _293976_/ZN (gf180mcu_fd_sc_mcu9t5v0__nor3_2)
                                         _036947_ (net)
                  0.33    0.00   65.31 v _293977_/B (gf180mcu_fd_sc_mcu9t5v0__aoi21_4)
     7    0.12    0.49    0.35   65.67 ^ _293977_/ZN (gf180mcu_fd_sc_mcu9t5v0__aoi21_4)
                                         _036948_ (net)
                  0.49    0.00   65.67 ^ _293997_/A2 (gf180mcu_fd_sc_mcu9t5v0__oai211_4)
    12    0.16    0.45    0.32   65.99 v _293997_/ZN (gf180mcu_fd_sc_mcu9t5v0__oai211_4)
                                         _036971_ (net)
                  0.45    0.00   65.99 v _294629_/A1 (gf180mcu_fd_sc_mcu9t5v0__nor3_2)
     3    0.04    0.45    0.36   66.35 ^ _294629_/ZN (gf180mcu_fd_sc_mcu9t5v0__nor3_2)
                                         _037672_ (net)
                  0.45    0.00   66.35 ^ _294630_/A2 (gf180mcu_fd_sc_mcu9t5v0__xnor2_2)
     5    0.05    0.16    0.34   66.68 v _294630_/ZN (gf180mcu_fd_sc_mcu9t5v0__xnor2_2)
                                         _037673_ (net)
                  0.16    0.00   66.68 v _294631_/A3 (gf180mcu_fd_sc_mcu9t5v0__xor3_2)
     3    0.05    0.23    0.40   67.09 ^ _294631_/Z (gf180mcu_fd_sc_mcu9t5v0__xor3_2)
                                         _037675_ (net)
                  0.23    0.00   67.09 ^ _294632_/B (gf180mcu_fd_sc_mcu9t5v0__oai21_2)
     3    0.05    0.23    0.18   67.26 v _294632_/ZN (gf180mcu_fd_sc_mcu9t5v0__oai21_2)
                                         _037676_ (net)
                  0.23    0.00   67.26 v _294946_/A1 (gf180mcu_fd_sc_mcu9t5v0__or4_2)
     1    0.02    0.16    0.35   67.61 v _294946_/Z (gf180mcu_fd_sc_mcu9t5v0__or4_2)
                                         _038024_ (net)
                  0.16    0.00   67.61 v _294947_/B (gf180mcu_fd_sc_mcu9t5v0__aoi21_4)
     2    0.05    0.28    0.21   67.82 ^ _294947_/ZN (gf180mcu_fd_sc_mcu9t5v0__aoi21_4)
                                         _038025_ (net)
                  0.28    0.00   67.82 ^ _294968_/A2 (gf180mcu_fd_sc_mcu9t5v0__oai31_4)
     5    0.10    0.25    0.18   67.99 v _294968_/ZN (gf180mcu_fd_sc_mcu9t5v0__oai31_4)
                                         _038048_ (net)
                  0.25    0.00   67.99 v _311466_/A1 (gf180mcu_fd_sc_mcu9t5v0__aoi211_4)
     2    0.04    0.38    0.23   68.22 ^ _311466_/ZN (gf180mcu_fd_sc_mcu9t5v0__aoi211_4)
                                         _056361_ (net)
                  0.38    0.00   68.22 ^ _311483_/A1 (gf180mcu_fd_sc_mcu9t5v0__oai31_4)
     4    0.07    0.23    0.14   68.36 v _311483_/ZN (gf180mcu_fd_sc_mcu9t5v0__oai31_4)
                                         _056380_ (net)
                  0.23    0.00   68.36 v _311492_/A1 (gf180mcu_fd_sc_mcu9t5v0__aoi21_2)
     3    0.04    0.38    0.26   68.62 ^ _311492_/ZN (gf180mcu_fd_sc_mcu9t5v0__aoi21_2)
                                         _056391_ (net)
                  0.38    0.00   68.62 ^ _311499_/A2 (gf180mcu_fd_sc_mcu9t5v0__oai21_2)
     3    0.04    0.24    0.17   68.78 v _311499_/ZN (gf180mcu_fd_sc_mcu9t5v0__oai21_2)
                                         _056398_ (net)
                  0.24    0.00   68.78 v _311519_/A1 (gf180mcu_fd_sc_mcu9t5v0__and2_2)
     7    0.08    0.19    0.29   69.07 v _311519_/Z (gf180mcu_fd_sc_mcu9t5v0__and2_2)
                                         _056420_ (net)
                  0.19    0.00   69.07 v _311522_/A2 (gf180mcu_fd_sc_mcu9t5v0__or3_2)
     1    0.03    0.15    0.32   69.39 v _311522_/Z (gf180mcu_fd_sc_mcu9t5v0__or3_2)
                                         _056424_ (net)
                  0.15    0.00   69.39 v _311524_/C1 (gf180mcu_fd_sc_mcu9t5v0__aoi222_4)
     1    0.03    0.47    0.32   69.72 ^ _311524_/ZN (gf180mcu_fd_sc_mcu9t5v0__aoi222_4)
                                         _056426_ (net)
                  0.47    0.00   69.72 ^ _311526_/B1 (gf180mcu_fd_sc_mcu9t5v0__oai22_4)
     5    0.07    0.23    0.15   69.87 v _311526_/ZN (gf180mcu_fd_sc_mcu9t5v0__oai22_4)
                                         _056428_ (net)
                  0.23    0.00   69.87 v _311527_/A2 (gf180mcu_fd_sc_mcu9t5v0__nor2_2)
     2    0.03    0.25    0.20   70.07 ^ _311527_/ZN (gf180mcu_fd_sc_mcu9t5v0__nor2_2)
                                         _056429_ (net)
                  0.25    0.00   70.07 ^ _311529_/A2 (gf180mcu_fd_sc_mcu9t5v0__oai21_2)
     1    0.03    0.18    0.13   70.20 v _311529_/ZN (gf180mcu_fd_sc_mcu9t5v0__oai21_2)
                                         _056431_ (net)
                  0.18    0.00   70.20 v _311532_/A2 (gf180mcu_fd_sc_mcu9t5v0__aoi21_4)
     9    0.10    0.44    0.29   70.49 ^ _311532_/ZN (gf180mcu_fd_sc_mcu9t5v0__aoi21_4)
                                         _056435_ (net)
                  0.44    0.00   70.49 ^ _311537_/A2 (gf180mcu_fd_sc_mcu9t5v0__oai21_2)
     1    0.01    0.18    0.09   70.59 v _311537_/ZN (gf180mcu_fd_sc_mcu9t5v0__oai21_2)
                                         _056440_ (net)
                  0.18    0.00   70.59 v _311539_/A1 (gf180mcu_fd_sc_mcu9t5v0__and2_2)
     1    0.02    0.08    0.18   70.77 v _311539_/Z (gf180mcu_fd_sc_mcu9t5v0__and2_2)
                                         _056442_ (net)
                  0.08    0.00   70.77 v _311541_/A2 (gf180mcu_fd_sc_mcu9t5v0__oai21_2)
     1    0.02    0.18    0.13   70.90 ^ _311541_/ZN (gf180mcu_fd_sc_mcu9t5v0__oai21_2)
                                         _056445_ (net)
                  0.18    0.00   70.90 ^ _311564_/A1 (gf180mcu_fd_sc_mcu9t5v0__xnor3_2)
     3    0.05    0.22    0.58   71.48 ^ _311564_/ZN (gf180mcu_fd_sc_mcu9t5v0__xnor3_2)
                                         _056470_ (net)
                  0.22    0.00   71.48 ^ _311626_/A1 (gf180mcu_fd_sc_mcu9t5v0__xnor2_4)
     4    0.09    0.19    0.47   71.95 v _311626_/ZN (gf180mcu_fd_sc_mcu9t5v0__xnor2_4)
                                         _056539_ (net)
                  0.19    0.00   71.95 v _311627_/B (gf180mcu_fd_sc_mcu9t5v0__aoi211_4)
     2    0.03    0.33    0.24   72.20 ^ _311627_/ZN (gf180mcu_fd_sc_mcu9t5v0__aoi211_4)
                                         _056540_ (net)
                  0.33    0.00   72.20 ^ _311871_/A4 (gf180mcu_fd_sc_mcu9t5v0__or4_2)
     1    0.03    0.15    0.29   72.49 ^ _311871_/Z (gf180mcu_fd_sc_mcu9t5v0__or4_2)
                                         _056811_ (net)
                  0.15    0.00   72.49 ^ _311889_/A1 (gf180mcu_fd_sc_mcu9t5v0__oai211_4)
     9    0.10    0.33    0.18   72.67 v _311889_/ZN (gf180mcu_fd_sc_mcu9t5v0__oai211_4)
                                         _056830_ (net)
                  0.33    0.00   72.67 v _312620_/A1 (gf180mcu_fd_sc_mcu9t5v0__or4_2)
     4    0.07    0.25    0.47   73.14 v _312620_/Z (gf180mcu_fd_sc_mcu9t5v0__or4_2)
                                         _057641_ (net)
                  0.25    0.00   73.14 v _313586_/A2 (gf180mcu_fd_sc_mcu9t5v0__nor4_4)
     4    0.04    0.43    0.28   73.42 ^ _313586_/ZN (gf180mcu_fd_sc_mcu9t5v0__nor4_4)
                                         _058710_ (net)
                  0.43    0.00   73.42 ^ _314657_/A2 (gf180mcu_fd_sc_mcu9t5v0__and4_2)
     4    0.03    0.17    0.31   73.72 ^ _314657_/Z (gf180mcu_fd_sc_mcu9t5v0__and4_2)
                                         _059896_ (net)
                  0.17    0.00   73.72 ^ _315548_/A2 (gf180mcu_fd_sc_mcu9t5v0__and4_2)
     5    0.05    0.22    0.31   74.04 ^ _315548_/Z (gf180mcu_fd_sc_mcu9t5v0__and4_2)
                                         _060881_ (net)
                  0.22    0.00   74.04 ^ _316287_/A2 (gf180mcu_fd_sc_mcu9t5v0__and4_2)
     4    0.04    0.19    0.30   74.34 ^ _316287_/Z (gf180mcu_fd_sc_mcu9t5v0__and4_2)
                                         _061698_ (net)
                  0.19    0.00   74.34 ^ _316990_/A2 (gf180mcu_fd_sc_mcu9t5v0__and4_4)
    17    0.19    0.38    0.41   74.74 ^ _316990_/Z (gf180mcu_fd_sc_mcu9t5v0__and4_4)
                                         _062475_ (net)
                  0.38    0.00   74.74 ^ _318424_/A1 (gf180mcu_fd_sc_mcu9t5v0__and3_2)
     2    0.02    0.12    0.24   74.99 ^ _318424_/Z (gf180mcu_fd_sc_mcu9t5v0__and3_2)
                                         _064060_ (net)
                  0.12    0.00   74.99 ^ _318425_/A2 (gf180mcu_fd_sc_mcu9t5v0__xor2_2)
     1    0.01    0.08    0.26   75.25 v _318425_/Z (gf180mcu_fd_sc_mcu9t5v0__xor2_2)
                                         _064061_ (net)
                  0.08    0.00   75.25 v _318429_/B1 (gf180mcu_fd_sc_mcu9t5v0__aoi221_2)
     1    0.01    0.53    0.25   75.50 ^ _318429_/ZN (gf180mcu_fd_sc_mcu9t5v0__aoi221_2)
                                         _064065_ (net)
                  0.53    0.00   75.50 ^ _318430_/A2 (gf180mcu_fd_sc_mcu9t5v0__xnor2_2)
     3    0.03    0.13    0.30   75.80 v _318430_/ZN (gf180mcu_fd_sc_mcu9t5v0__xnor2_2)
                                         _064066_ (net)
                  0.13    0.00   75.80 v _318604_/A4 (gf180mcu_fd_sc_mcu9t5v0__or4_2)
     1    0.02    0.15    0.38   76.18 v _318604_/Z (gf180mcu_fd_sc_mcu9t5v0__or4_2)
                                         _064258_ (net)
                  0.15    0.00   76.18 v _318605_/A4 (gf180mcu_fd_sc_mcu9t5v0__nor4_4)
     4    0.07    0.57    0.39   76.58 ^ _318605_/ZN (gf180mcu_fd_sc_mcu9t5v0__nor4_4)
                                         _064259_ (net)
                  0.57    0.00   76.58 ^ _319183_/A1 (gf180mcu_fd_sc_mcu9t5v0__aoi21_4)
     8    0.34    0.58    0.44   77.01 v _319183_/ZN (gf180mcu_fd_sc_mcu9t5v0__aoi21_4)
                                         _064897_ (net)
                  0.58    0.00   77.02 v _319833_/A1 (gf180mcu_fd_sc_mcu9t5v0__or3_4)
    10    0.13    0.22    0.50   77.51 v _319833_/Z (gf180mcu_fd_sc_mcu9t5v0__or3_4)
                                         _065613_ (net)
                  0.22    0.00   77.51 v _320206_/A1 (gf180mcu_fd_sc_mcu9t5v0__or3_2)
     2    0.04    0.17    0.34   77.86 v _320206_/Z (gf180mcu_fd_sc_mcu9t5v0__or3_2)
                                         _066023_ (net)
                  0.17    0.00   77.86 v _320292_/A1 (gf180mcu_fd_sc_mcu9t5v0__xnor2_2)
     1    0.06    0.23    0.44   78.29 ^ _320292_/ZN (gf180mcu_fd_sc_mcu9t5v0__xnor2_2)
                                         _066118_ (net)
                  0.23    0.00   78.29 ^ _320293_/B1 (gf180mcu_fd_sc_mcu9t5v0__aoi22_2)
     1    0.02    0.50    0.14   78.44 v _320293_/ZN (gf180mcu_fd_sc_mcu9t5v0__aoi22_2)
                                         _066119_ (net)
                  0.50    0.00   78.44 v _320298_/A3 (gf180mcu_fd_sc_mcu9t5v0__or4_4)
     1    0.08    0.20    0.47   78.91 v _320298_/Z (gf180mcu_fd_sc_mcu9t5v0__or4_4)
                                         net439 (net)
                  0.20    0.00   78.91 v output439/I (gf180mcu_fd_sc_mcu9t5v0__dlyb_2)
     1    0.00    0.13    0.73   79.64 v output439/Z (gf180mcu_fd_sc_mcu9t5v0__dlyb_2)
                                         result[138] (net)
                  0.13    0.00   79.64 v result[138] (out)
                                 79.64   data arrival time

                  0.00  100.00  100.00   clock clk (rise edge)
                          0.00  100.00   clock network delay (ideal)
                          0.00  100.00   clock reconvergence pessimism
                        -20.00   80.00   output external delay
                                 80.00   data required time
-----------------------------------------------------------------------------
                                 80.00   data required time
                                -79.64   data arrival time
-----------------------------------------------------------------------------
                                  0.36   slack (MET)



==========================================================================
resizer report_check_types -max_slew -max_cap -max_fanout -violators
--------------------------------------------------------------------------

==========================================================================
resizer max_slew_check_slack
--------------------------------------------------------------------------
0.002792655024677515

==========================================================================
resizer max_slew_check_limit
--------------------------------------------------------------------------
2.799999952316284

==========================================================================
resizer max_slew_check_slack_limit
--------------------------------------------------------------------------
0.0010

==========================================================================
resizer max_fanout_check_slack
--------------------------------------------------------------------------
1.0000000150474662e+30

==========================================================================
resizer max_fanout_check_limit
--------------------------------------------------------------------------
1.0000000150474662e+30

==========================================================================
resizer max_capacitance_check_slack
--------------------------------------------------------------------------
0.0019920046906918287

==========================================================================
resizer max_capacitance_check_limit
--------------------------------------------------------------------------
1.5110000371932983

==========================================================================
resizer max_capacitance_check_slack_limit
--------------------------------------------------------------------------
0.0013

==========================================================================
resizer max_slew_violation_count
--------------------------------------------------------------------------
max slew violation count 0

==========================================================================
resizer max_fanout_violation_count
--------------------------------------------------------------------------
max fanout violation count 0

==========================================================================
resizer max_cap_violation_count
--------------------------------------------------------------------------
max cap violation count 0

==========================================================================
resizer setup_violation_count
--------------------------------------------------------------------------
setup violation count 0

==========================================================================
resizer hold_violation_count
--------------------------------------------------------------------------
hold violation count 0

==========================================================================
resizer critical path delay
--------------------------------------------------------------------------
79.6379

==========================================================================
resizer critical path slack
--------------------------------------------------------------------------
0.3621

==========================================================================
resizer slack div critical path delay
--------------------------------------------------------------------------
0.454683

==========================================================================
resizer report_power
--------------------------------------------------------------------------
Group                  Internal  Switching    Leakage      Total
                          Power      Power      Power      Power (Watts)
----------------------------------------------------------------
Sequential             0.00e+00   0.00e+00   0.00e+00   0.00e+00   0.0%
Combinational          1.03e+02   9.28e+01   3.73e-05   1.96e+02 100.0%
Clock                  0.00e+00   0.00e+00   2.71e-06   2.71e-06   0.0%
Macro                  0.00e+00   0.00e+00   0.00e+00   0.00e+00   0.0%
Pad                    0.00e+00   0.00e+00   0.00e+00   0.00e+00   0.0%
----------------------------------------------------------------
Total                  1.03e+02   9.28e+01   4.01e-05   1.96e+02 100.0%
                          52.6%      47.4%       0.0%
