
==========================================================================
floorplan final report_tns
--------------------------------------------------------------------------
tns -104.21

==========================================================================
floorplan final report_wns
--------------------------------------------------------------------------
wns -3.01

==========================================================================
floorplan final report_worst_slack
--------------------------------------------------------------------------
worst slack -3.01

==========================================================================
floorplan final report_checks -path_delay min
--------------------------------------------------------------------------
Startpoint: is_signed (input port clocked by clk)
Endpoint: of[11] (output port clocked by clk)
Path Group: clk
Path Type: min

Fanout     Cap    Slew   Delay    Time   Description
-----------------------------------------------------------------------------
                  0.00    0.00    0.00   clock clk (rise edge)
                          0.00    0.00   clock network delay (ideal)
                         20.00   20.00 ^ input external delay
    97    0.24    0.00    0.00   20.00 ^ is_signed (in)
                                         is_signed (net)
                  0.00    0.00   20.00 ^ _153209_/A1 (sky130_fd_sc_hd__a211oi_1)
     1    0.00    0.03    0.03   20.03 v _153209_/Y (sky130_fd_sc_hd__a211oi_1)
                                         of[11] (net)
                  0.03    0.00   20.03 v of[11] (out)
                                 20.03   data arrival time

                  0.00    0.00    0.00   clock clk (rise edge)
                          0.00    0.00   clock network delay (ideal)
                          0.00    0.00   clock reconvergence pessimism
                        -20.00  -20.00   output external delay
                                -20.00   data required time
-----------------------------------------------------------------------------
                                -20.00   data required time
                                -20.03   data arrival time
-----------------------------------------------------------------------------
                                 40.03   slack (MET)



==========================================================================
floorplan final report_checks -path_delay max
--------------------------------------------------------------------------
Startpoint: is_mul (input port clocked by clk)
Endpoint: result[139] (output port clocked by clk)
Path Group: clk
Path Type: max

Fanout     Cap    Slew   Delay    Time   Description
-----------------------------------------------------------------------------
                  0.00    0.00    0.00   clock clk (rise edge)
                          0.00    0.00   clock network delay (ideal)
                         20.00   20.00 ^ input external delay
   135    0.32    0.00    0.00   20.00 ^ is_mul (in)
                                         is_mul (net)
                  0.00    0.00   20.00 ^ _153479_/B (sky130_fd_sc_hd__and2_2)
   211    0.50    2.48    1.83   21.83 ^ _153479_/X (sky130_fd_sc_hd__and2_2)
                                         _098604_ (net)
                  2.48    0.00   21.83 ^ _153480_/C (sky130_fd_sc_hd__nor3_1)
     3    0.00    0.33    0.12   21.95 v _153480_/Y (sky130_fd_sc_hd__nor3_1)
                                         _098615_ (net)
                  0.33    0.00   21.95 v _153483_/A_N (sky130_fd_sc_hd__nand4b_1)
     4    0.01    0.29    0.33   22.28 v _153483_/Y (sky130_fd_sc_hd__nand4b_1)
                                         _098648_ (net)
                  0.29    0.00   22.28 v _153484_/D (sky130_fd_sc_hd__or4_1)
     8    0.02    0.20    0.63   22.91 v _153484_/X (sky130_fd_sc_hd__or4_1)
                                         _098659_ (net)
                  0.20    0.00   22.91 v _153493_/A2 (sky130_fd_sc_hd__o41ai_4)
     9    0.02    0.47    0.55   23.45 ^ _153493_/Y (sky130_fd_sc_hd__o41ai_4)
                                         _098758_ (net)
                  0.47    0.00   23.45 ^ _153494_/D (sky130_fd_sc_hd__nand4_2)
    11    0.03    0.27    0.29   23.74 v _153494_/Y (sky130_fd_sc_hd__nand4_2)
                                         _098769_ (net)
                  0.27    0.00   23.74 v _153505_/A2 (sky130_fd_sc_hd__o41ai_2)
    27    0.07    1.61    1.41   25.16 ^ _153505_/Y (sky130_fd_sc_hd__o41ai_2)
                                         _098890_ (net)
                  1.61    0.00   25.16 ^ _153516_/B (sky130_fd_sc_hd__nand4_2)
     6    0.02    0.38    0.39   25.54 v _153516_/Y (sky130_fd_sc_hd__nand4_2)
                                         _099011_ (net)
                  0.38    0.00   25.54 v _153526_/A1 (sky130_fd_sc_hd__o31ai_4)
    20    0.05    0.63    0.69   26.23 ^ _153526_/Y (sky130_fd_sc_hd__o31ai_4)
                                         _099121_ (net)
                  0.63    0.00   26.23 ^ _153532_/C (sky130_fd_sc_hd__nand4_2)
    12    0.03    0.29    0.34   26.57 v _153532_/Y (sky130_fd_sc_hd__nand4_2)
                                         _099187_ (net)
                  0.29    0.00   26.57 v _153542_/A1 (sky130_fd_sc_hd__o31ai_2)
    43    0.11    1.97    1.64   28.21 ^ _153542_/Y (sky130_fd_sc_hd__o31ai_2)
                                         _099297_ (net)
                  1.97    0.00   28.21 ^ _153552_/B (sky130_fd_sc_hd__nand4_2)
    14    0.03    0.55    0.60   28.81 v _153552_/Y (sky130_fd_sc_hd__nand4_2)
                                         _099408_ (net)
                  0.55    0.00   28.81 v _153563_/A1 (sky130_fd_sc_hd__o31ai_4)
    26    0.07    0.75    0.83   29.64 ^ _153563_/Y (sky130_fd_sc_hd__o31ai_4)
                                         _099530_ (net)
                  0.75    0.00   29.64 ^ _153582_/A (sky130_fd_sc_hd__and4_1)
    16    0.04    0.42    0.58   30.22 ^ _153582_/X (sky130_fd_sc_hd__and4_1)
                                         _099741_ (net)
                  0.42    0.00   30.22 ^ _153589_/A2 (sky130_fd_sc_hd__a41oi_2)
    29    0.06    0.59    0.54   30.76 v _153589_/Y (sky130_fd_sc_hd__a41oi_2)
                                         _099819_ (net)
                  0.59    0.00   30.76 v _153595_/C (sky130_fd_sc_hd__nor4_2)
    30    0.07    1.66    1.49   32.24 ^ _153595_/Y (sky130_fd_sc_hd__nor4_2)
                                         _099885_ (net)
                  1.66    0.00   32.24 ^ _153596_/D (sky130_fd_sc_hd__nand4_2)
     7    0.02    0.36    0.36   32.61 v _153596_/Y (sky130_fd_sc_hd__nand4_2)
                                         _099896_ (net)
                  0.36    0.00   32.61 v _153600_/A1 (sky130_fd_sc_hd__o21ai_2)
    32    0.08    0.88    0.82   33.43 ^ _153600_/Y (sky130_fd_sc_hd__o21ai_2)
                                         _099941_ (net)
                  0.88    0.00   33.43 ^ _153612_/B (sky130_fd_sc_hd__nand4_1)
    23    0.05    0.80    0.69   34.11 v _153612_/Y (sky130_fd_sc_hd__nand4_1)
                                         _100074_ (net)
                  0.80    0.00   34.11 v _153619_/A2 (sky130_fd_sc_hd__o31ai_2)
   101    0.25    4.38    3.58   37.69 ^ _153619_/Y (sky130_fd_sc_hd__o31ai_2)
                                         _100152_ (net)
                  4.38    0.00   37.69 ^ _153639_/A (sky130_fd_sc_hd__nand3_2)
    28    0.07    1.18    1.30   38.99 v _153639_/Y (sky130_fd_sc_hd__nand3_2)
                                         _100374_ (net)
                  1.18    0.00   38.99 v _153649_/A1 (sky130_fd_sc_hd__o21ai_2)
    74    0.19    1.96    1.92   40.91 ^ _153649_/Y (sky130_fd_sc_hd__o21ai_2)
                                         _100485_ (net)
                  1.96    0.00   40.91 ^ _153679_/A1 (sky130_fd_sc_hd__a31oi_1)
    71    0.17    1.61    2.25   43.16 v _153679_/Y (sky130_fd_sc_hd__a31oi_1)
                                         _100818_ (net)
                  1.61    0.00   43.16 v _154476_/A1 (sky130_fd_sc_hd__o31ai_2)
    36    0.09    1.62    1.77   44.93 ^ _154476_/Y (sky130_fd_sc_hd__o31ai_2)
                                         _109664_ (net)
                  1.62    0.00   44.93 ^ _160751_/B (sky130_fd_sc_hd__nand4_2)
    10    0.02    0.55    0.46   45.39 v _160751_/Y (sky130_fd_sc_hd__nand4_2)
                                         _030781_ (net)
                  0.55    0.00   45.39 v _160753_/A1 (sky130_fd_sc_hd__o21ai_2)
    86    0.21    2.20    1.85   47.23 ^ _160753_/Y (sky130_fd_sc_hd__o21ai_2)
                                         _030803_ (net)
                  2.20    0.00   47.23 ^ _170335_/A1 (sky130_fd_sc_hd__a21oi_1)
    53    0.12    1.18    1.59   48.83 v _170335_/Y (sky130_fd_sc_hd__a21oi_1)
                                         _062718_ (net)
                  1.18    0.00   48.83 v _170338_/A1 (sky130_fd_sc_hd__o21ai_2)
    51    0.12    1.35    1.45   50.28 ^ _170338_/Y (sky130_fd_sc_hd__o21ai_2)
                                         _062722_ (net)
                  1.35    0.00   50.28 ^ _170463_/A1 (sky130_fd_sc_hd__a31oi_1)
    11    0.03    0.47    0.52   50.80 v _170463_/Y (sky130_fd_sc_hd__a31oi_1)
                                         _062859_ (net)
                  0.47    0.00   50.80 v _170689_/B (sky130_fd_sc_hd__xnor2_1)
   169    0.41    8.34    6.31   57.11 ^ _170689_/Y (sky130_fd_sc_hd__xnor2_1)
                                         _063108_ (net)
                  8.34    0.00   57.11 ^ _171020_/B (sky130_fd_sc_hd__nor2_1)
    14    0.03    1.64    1.40   58.51 v _171020_/Y (sky130_fd_sc_hd__nor2_1)
                                         _063472_ (net)
                  1.64    0.00   58.51 v _176449_/A (sky130_fd_sc_hd__nand2_1)
     2    0.01    0.33    0.46   58.98 ^ _176449_/Y (sky130_fd_sc_hd__nand2_1)
                                         _069444_ (net)
                  0.33    0.00   58.98 ^ _176665_/A (sky130_fd_sc_hd__xnor2_1)
     1    0.00    0.27    0.17   59.15 ^ _176665_/Y (sky130_fd_sc_hd__xnor2_1)
                                         _069681_ (net)
                  0.27    0.00   59.15 ^ _176666_/B (sky130_fd_sc_hd__xnor2_1)
     4    0.01    0.11    0.16   59.31 v _176666_/Y (sky130_fd_sc_hd__xnor2_1)
                                         _069682_ (net)
                  0.11    0.00   59.31 v _176680_/A1 (sky130_fd_sc_hd__o32ai_1)
     2    0.00    0.26    0.32   59.63 ^ _176680_/Y (sky130_fd_sc_hd__o32ai_1)
                                         _069698_ (net)
                  0.26    0.00   59.63 ^ _176685_/A2 (sky130_fd_sc_hd__o221ai_1)
     2    0.00    0.11    0.16   59.79 v _176685_/Y (sky130_fd_sc_hd__o221ai_1)
                                         _069703_ (net)
                  0.11    0.00   59.79 v _176687_/A3 (sky130_fd_sc_hd__a31oi_1)
     7    0.02    0.50    0.44   60.23 ^ _176687_/Y (sky130_fd_sc_hd__a31oi_1)
                                         _069705_ (net)
                  0.50    0.00   60.23 ^ _176688_/C_N (sky130_fd_sc_hd__nor3b_1)
     5    0.01    0.46    0.46   60.69 ^ _176688_/Y (sky130_fd_sc_hd__nor3b_1)
                                         _069707_ (net)
                  0.46    0.00   60.69 ^ _176689_/B_N (sky130_fd_sc_hd__nor2b_1)
     1    0.00    0.12    0.21   60.91 ^ _176689_/Y (sky130_fd_sc_hd__nor2b_1)
                                         _069708_ (net)
                  0.12    0.00   60.91 ^ _176690_/B (sky130_fd_sc_hd__xnor2_1)
     2    0.01    0.27    0.18   61.09 ^ _176690_/Y (sky130_fd_sc_hd__xnor2_1)
                                         _069709_ (net)
                  0.27    0.00   61.09 ^ _176711_/A (sky130_fd_sc_hd__xnor2_1)
     1    0.00    0.06    0.11   61.20 v _176711_/Y (sky130_fd_sc_hd__xnor2_1)
                                         _069732_ (net)
                  0.06    0.00   61.20 v _176742_/B (sky130_fd_sc_hd__maj3_1)
     5    0.01    0.12    0.40   61.60 v _176742_/X (sky130_fd_sc_hd__maj3_1)
                                         _069766_ (net)
                  0.12    0.00   61.60 v _177416_/A (sky130_fd_sc_hd__xnor3_1)
     3    0.01    0.11    0.44   62.03 v _177416_/X (sky130_fd_sc_hd__xnor3_1)
                                         _070507_ (net)
                  0.11    0.00   62.03 v _177419_/A_N (sky130_fd_sc_hd__nand2b_1)
     1    0.00    0.05    0.16   62.19 v _177419_/Y (sky130_fd_sc_hd__nand2b_1)
                                         _070511_ (net)
                  0.05    0.00   62.19 v _177420_/A1 (sky130_fd_sc_hd__mux2i_1)
     1    0.00    0.11    0.12   62.31 ^ _177420_/Y (sky130_fd_sc_hd__mux2i_1)
                                         _070512_ (net)
                  0.11    0.00   62.31 ^ _177421_/A (sky130_fd_sc_hd__inv_1)
     2    0.00    0.04    0.06   62.37 v _177421_/Y (sky130_fd_sc_hd__inv_1)
                                         _070513_ (net)
                  0.04    0.00   62.37 v _177422_/B (sky130_fd_sc_hd__nor2_1)
     5    0.02    0.34    0.27   62.64 ^ _177422_/Y (sky130_fd_sc_hd__nor2_1)
                                         _070514_ (net)
                  0.34    0.00   62.64 ^ _177509_/B (sky130_fd_sc_hd__xnor3_1)
     2    0.01    0.09    0.41   63.05 v _177509_/X (sky130_fd_sc_hd__xnor3_1)
                                         _070610_ (net)
                  0.09    0.00   63.05 v _177510_/C (sky130_fd_sc_hd__maj3_1)
     6    0.02    0.15    0.45   63.50 v _177510_/X (sky130_fd_sc_hd__maj3_1)
                                         _070611_ (net)
                  0.15    0.00   63.50 v _177733_/C (sky130_fd_sc_hd__maj3_1)
     2    0.01    0.09    0.41   63.91 v _177733_/X (sky130_fd_sc_hd__maj3_1)
                                         _070856_ (net)
                  0.09    0.00   63.91 v _177734_/C (sky130_fd_sc_hd__maj3_1)
     1    0.00    0.08    0.37   64.28 v _177734_/X (sky130_fd_sc_hd__maj3_1)
                                         _070857_ (net)
                  0.08    0.00   64.28 v _177737_/A (sky130_fd_sc_hd__xnor2_1)
     2    0.01    0.20    0.22   64.50 ^ _177737_/Y (sky130_fd_sc_hd__xnor2_1)
                                         _070860_ (net)
                  0.20    0.00   64.50 ^ _177738_/A (sky130_fd_sc_hd__inv_1)
     2    0.01    0.06    0.08   64.58 v _177738_/Y (sky130_fd_sc_hd__inv_1)
                                         _070862_ (net)
                  0.06    0.00   64.58 v _177971_/A (sky130_fd_sc_hd__maj3_1)
     3    0.01    0.10    0.39   64.97 v _177971_/X (sky130_fd_sc_hd__maj3_1)
                                         _071118_ (net)
                  0.10    0.00   64.97 v _177972_/C (sky130_fd_sc_hd__maj3_1)
     1    0.00    0.07    0.36   65.34 v _177972_/X (sky130_fd_sc_hd__maj3_1)
                                         _071119_ (net)
                  0.07    0.00   65.34 v _177973_/C (sky130_fd_sc_hd__maj3_1)
     1    0.00    0.07    0.35   65.69 v _177973_/X (sky130_fd_sc_hd__maj3_1)
                                         _071120_ (net)
                  0.07    0.00   65.69 v _177974_/C (sky130_fd_sc_hd__maj3_1)
     1    0.00    0.08    0.36   66.06 v _177974_/X (sky130_fd_sc_hd__maj3_1)
                                         _071121_ (net)
                  0.08    0.00   66.06 v _177980_/A (sky130_fd_sc_hd__xnor2_1)
     4    0.01    0.10    0.18   66.24 v _177980_/Y (sky130_fd_sc_hd__xnor2_1)
                                         _071128_ (net)
                  0.10    0.00   66.24 v _180146_/A (sky130_fd_sc_hd__nor3_1)
     4    0.01    0.39    0.38   66.61 ^ _180146_/Y (sky130_fd_sc_hd__nor3_1)
                                         _073510_ (net)
                  0.39    0.00   66.61 ^ _180325_/A (sky130_fd_sc_hd__xnor2_1)
     3    0.01    0.10    0.15   66.77 v _180325_/Y (sky130_fd_sc_hd__xnor2_1)
                                         _073707_ (net)
                  0.10    0.00   66.77 v _180329_/B2 (sky130_fd_sc_hd__a221oi_1)
     1    0.00    0.20    0.26   67.03 ^ _180329_/Y (sky130_fd_sc_hd__a221oi_1)
                                         _073712_ (net)
                  0.20    0.00   67.03 ^ _180330_/B1 (sky130_fd_sc_hd__o21ai_1)
     2    0.00    0.08    0.11   67.14 v _180330_/Y (sky130_fd_sc_hd__o21ai_1)
                                         _073713_ (net)
                  0.08    0.00   67.14 v _180332_/A (sky130_fd_sc_hd__nand2_1)
     3    0.01    0.10    0.11   67.25 ^ _180332_/Y (sky130_fd_sc_hd__nand2_1)
                                         _073715_ (net)
                  0.10    0.00   67.25 ^ _180334_/A2 (sky130_fd_sc_hd__a21oi_1)
     2    0.00    0.06    0.09   67.34 v _180334_/Y (sky130_fd_sc_hd__a21oi_1)
                                         _073717_ (net)
                  0.06    0.00   67.34 v _181064_/B (sky130_fd_sc_hd__maj3_1)
     1    0.00    0.07    0.33   67.66 v _181064_/X (sky130_fd_sc_hd__maj3_1)
                                         _074520_ (net)
                  0.07    0.00   67.66 v _181065_/C (sky130_fd_sc_hd__maj3_1)
     4    0.01    0.12    0.42   68.08 v _181065_/X (sky130_fd_sc_hd__maj3_1)
                                         _074521_ (net)
                  0.12    0.00   68.08 v _181066_/B (sky130_fd_sc_hd__xnor2_1)
     1    0.00    0.08    0.15   68.23 v _181066_/Y (sky130_fd_sc_hd__xnor2_1)
                                         _074522_ (net)
                  0.08    0.00   68.23 v _181083_/A2 (sky130_fd_sc_hd__a211o_1)
     4    0.01    0.07    0.33   68.56 v _181083_/X (sky130_fd_sc_hd__a211o_1)
                                         _074541_ (net)
                  0.07    0.00   68.56 v _181091_/A (sky130_fd_sc_hd__or2_2)
     3    0.01    0.07    0.31   68.87 v _181091_/X (sky130_fd_sc_hd__or2_2)
                                         _074550_ (net)
                  0.07    0.00   68.87 v _189483_/A2 (sky130_fd_sc_hd__o21ai_1)
     4    0.01    0.28    0.25   69.12 ^ _189483_/Y (sky130_fd_sc_hd__o21ai_1)
                                         _083779_ (net)
                  0.28    0.00   69.12 ^ _189486_/A (sky130_fd_sc_hd__xnor2_1)
     2    0.01    0.19    0.18   69.30 ^ _189486_/Y (sky130_fd_sc_hd__xnor2_1)
                                         _083782_ (net)
                  0.19    0.00   69.30 ^ _189487_/D_N (sky130_fd_sc_hd__or4b_1)
     7    0.02    0.17    0.56   69.86 v _189487_/X (sky130_fd_sc_hd__or4b_1)
                                         _083783_ (net)
                  0.17    0.00   69.86 v _189495_/B (sky130_fd_sc_hd__nor3b_2)
     9    0.02    0.39    0.39   70.25 ^ _189495_/Y (sky130_fd_sc_hd__nor3b_2)
                                         _083792_ (net)
                  0.39    0.00   70.25 ^ _189535_/A (sky130_fd_sc_hd__nand4_1)
     4    0.02    0.26    0.28   70.53 v _189535_/Y (sky130_fd_sc_hd__nand4_1)
                                         _083836_ (net)
                  0.26    0.00   70.53 v _189536_/B (sky130_fd_sc_hd__nor2_2)
     4    0.01    0.19    0.24   70.77 ^ _189536_/Y (sky130_fd_sc_hd__nor2_2)
                                         _083837_ (net)
                  0.19    0.00   70.77 ^ _189537_/B (sky130_fd_sc_hd__nand2_1)
     4    0.01    0.14    0.14   70.90 v _189537_/Y (sky130_fd_sc_hd__nand2_1)
                                         _083838_ (net)
                  0.14    0.00   70.90 v _193051_/C (sky130_fd_sc_hd__maj3_1)
     1    0.00    0.06    0.37   71.27 v _193051_/X (sky130_fd_sc_hd__maj3_1)
                                         _087703_ (net)
                  0.06    0.00   71.27 v _193055_/A2 (sky130_fd_sc_hd__a21oi_1)
     1    0.00    0.14    0.17   71.44 ^ _193055_/Y (sky130_fd_sc_hd__a21oi_1)
                                         _087707_ (net)
                  0.14    0.00   71.44 ^ _193056_/B (sky130_fd_sc_hd__xor2_1)
     4    0.01    0.12    0.13   71.57 v _193056_/X (sky130_fd_sc_hd__xor2_1)
                                         _087708_ (net)
                  0.12    0.00   71.57 v _193062_/B (sky130_fd_sc_hd__maj3_1)
     1    0.00    0.06    0.34   71.91 v _193062_/X (sky130_fd_sc_hd__maj3_1)
                                         _087715_ (net)
                  0.06    0.00   71.91 v _193063_/B (sky130_fd_sc_hd__nor2_1)
     2    0.00    0.11    0.11   72.02 ^ _193063_/Y (sky130_fd_sc_hd__nor2_1)
                                         _087716_ (net)
                  0.11    0.00   72.02 ^ _226255_/B (sky130_fd_sc_hd__nand2_1)
     2    0.00    0.07    0.08   72.09 v _226255_/Y (sky130_fd_sc_hd__nand2_1)
                                         _124423_ (net)
                  0.07    0.00   72.09 v _259127_/B1 (sky130_fd_sc_hd__a211oi_1)
     2    0.01    0.44    0.40   72.50 ^ _259127_/Y (sky130_fd_sc_hd__a211oi_1)
                                         _012376_ (net)
                  0.44    0.00   72.50 ^ _259441_/A2 (sky130_fd_sc_hd__o21bai_4)
    10    0.03    0.13    0.17   72.66 v _259441_/Y (sky130_fd_sc_hd__o21bai_4)
                                         _012725_ (net)
                  0.13    0.00   72.66 v _268504_/A (sky130_fd_sc_hd__nor3_2)
     4    0.01    0.27    0.30   72.97 ^ _268504_/Y (sky130_fd_sc_hd__nor3_2)
                                         _022785_ (net)
                  0.27    0.00   72.97 ^ _268523_/B (sky130_fd_sc_hd__xnor3_1)
     2    0.01    0.10    0.40   73.37 v _268523_/X (sky130_fd_sc_hd__xnor3_1)
                                         _022806_ (net)
                  0.10    0.00   73.37 v _269739_/A2 (sky130_fd_sc_hd__o21ai_2)
     1    0.00    0.08    0.12   73.49 ^ _269739_/Y (sky130_fd_sc_hd__o21ai_2)
                                         _024156_ (net)
                  0.08    0.00   73.49 ^ _269740_/B1 (sky130_fd_sc_hd__o31a_1)
     2    0.00    0.07    0.14   73.63 ^ _269740_/X (sky130_fd_sc_hd__o31a_1)
                                         _024157_ (net)
                  0.07    0.00   73.63 ^ _269741_/B (sky130_fd_sc_hd__and2_1)
     3    0.01    0.09    0.15   73.78 ^ _269741_/X (sky130_fd_sc_hd__and2_1)
                                         _024158_ (net)
                  0.09    0.00   73.78 ^ _270353_/D (sky130_fd_sc_hd__and4bb_4)
     2    0.01    0.08    0.26   74.04 ^ _270353_/X (sky130_fd_sc_hd__and4bb_4)
                                         _024837_ (net)
                  0.08    0.00   74.04 ^ _270677_/C (sky130_fd_sc_hd__nand3_4)
     4    0.01    0.09    0.08   74.12 v _270677_/Y (sky130_fd_sc_hd__nand3_4)
                                         _025196_ (net)
                  0.09    0.00   74.12 v _271056_/B1 (sky130_fd_sc_hd__a31oi_1)
     3    0.01    0.26    0.24   74.37 ^ _271056_/Y (sky130_fd_sc_hd__a31oi_1)
                                         _025617_ (net)
                  0.26    0.00   74.37 ^ _271094_/A1 (sky130_fd_sc_hd__o41ai_2)
     8    0.02    0.15    0.19   74.55 v _271094_/Y (sky130_fd_sc_hd__o41ai_2)
                                         _025660_ (net)
                  0.15    0.00   74.55 v _271567_/C (sky130_fd_sc_hd__or4_1)
     1    0.00    0.08    0.48   75.04 v _271567_/X (sky130_fd_sc_hd__or4_1)
                                         _026184_ (net)
                  0.08    0.00   75.04 v _271568_/D1 (sky130_fd_sc_hd__o2111ai_1)
     5    0.01    0.36    0.16   75.20 ^ _271568_/Y (sky130_fd_sc_hd__o2111ai_1)
                                         _026186_ (net)
                  0.36    0.00   75.20 ^ _272401_/B1 (sky130_fd_sc_hd__o31ai_2)
     4    0.01    0.11    0.14   75.34 v _272401_/Y (sky130_fd_sc_hd__o31ai_2)
                                         _027111_ (net)
                  0.11    0.00   75.34 v _272553_/B (sky130_fd_sc_hd__or3_1)
     7    0.02    0.14    0.45   75.79 v _272553_/X (sky130_fd_sc_hd__or3_1)
                                         _027279_ (net)
                  0.14    0.00   75.79 v _286251_/A (sky130_fd_sc_hd__nor3_2)
     3    0.01    0.19    0.25   76.04 ^ _286251_/Y (sky130_fd_sc_hd__nor3_2)
                                         _042484_ (net)
                  0.19    0.00   76.04 ^ _286252_/C_N (sky130_fd_sc_hd__nor3b_2)
     5    0.01    0.30    0.32   76.37 ^ _286252_/Y (sky130_fd_sc_hd__nor3b_2)
                                         _042485_ (net)
                  0.30    0.00   76.37 ^ _286256_/B1 (sky130_fd_sc_hd__o211a_4)
     5    0.02    0.08    0.25   76.62 ^ _286256_/X (sky130_fd_sc_hd__o211a_4)
                                         _042489_ (net)
                  0.08    0.00   76.62 ^ _286257_/B1 (sky130_fd_sc_hd__o21ai_4)
     6    0.02    0.07    0.08   76.70 v _286257_/Y (sky130_fd_sc_hd__o21ai_4)
                                         _042490_ (net)
                  0.07    0.00   76.70 v _286400_/A (sky130_fd_sc_hd__maj3_2)
     1    0.00    0.05    0.30   77.00 v _286400_/X (sky130_fd_sc_hd__maj3_2)
                                         _042650_ (net)
                  0.05    0.00   77.00 v _286401_/B1 (sky130_fd_sc_hd__a221oi_1)
     1    0.00    0.28    0.28   77.27 ^ _286401_/Y (sky130_fd_sc_hd__a221oi_1)
                                         _042651_ (net)
                  0.28    0.00   77.27 ^ _286403_/A (sky130_fd_sc_hd__xnor2_1)
     4    0.01    0.26    0.21   77.48 ^ _286403_/Y (sky130_fd_sc_hd__xnor2_1)
                                         _042653_ (net)
                  0.26    0.00   77.48 ^ _286407_/A (sky130_fd_sc_hd__or2_1)
     4    0.01    0.12    0.20   77.68 ^ _286407_/X (sky130_fd_sc_hd__or2_1)
                                         _042657_ (net)
                  0.12    0.00   77.68 ^ _286419_/A2 (sky130_fd_sc_hd__a31oi_2)
     3    0.01    0.10    0.12   77.81 v _286419_/Y (sky130_fd_sc_hd__a31oi_2)
                                         _042671_ (net)
                  0.10    0.00   77.81 v _286423_/B (sky130_fd_sc_hd__maj3_2)
    11    0.03    0.13    0.42   78.23 v _286423_/X (sky130_fd_sc_hd__maj3_2)
                                         _042675_ (net)
                  0.13    0.00   78.23 v _286754_/A (sky130_fd_sc_hd__nor4_1)
     1    0.00    0.28    0.34   78.56 ^ _286754_/Y (sky130_fd_sc_hd__nor4_1)
                                         _043042_ (net)
                  0.28    0.00   78.56 ^ _286755_/B (sky130_fd_sc_hd__xor2_1)
     1    0.00    0.08    0.10   78.67 v _286755_/X (sky130_fd_sc_hd__xor2_1)
                                         _043043_ (net)
                  0.08    0.00   78.67 v _286757_/B1 (sky130_fd_sc_hd__a221oi_1)
     1    0.00    0.28    0.29   78.95 ^ _286757_/Y (sky130_fd_sc_hd__a221oi_1)
                                         _043045_ (net)
                  0.28    0.00   78.95 ^ _286758_/B (sky130_fd_sc_hd__xnor2_1)
     2    0.01    0.19    0.18   79.13 ^ _286758_/Y (sky130_fd_sc_hd__xnor2_1)
                                         _043047_ (net)
                  0.19    0.00   79.13 ^ _286765_/C_N (sky130_fd_sc_hd__or4bb_2)
     2    0.01    0.11    0.65   79.78 v _286765_/X (sky130_fd_sc_hd__or4bb_2)
                                         _043054_ (net)
                  0.11    0.00   79.78 v _286789_/B (sky130_fd_sc_hd__nor3_2)
     2    0.01    0.18    0.21   79.99 ^ _286789_/Y (sky130_fd_sc_hd__nor3_2)
                                         _043082_ (net)
                  0.18    0.00   79.99 ^ _286797_/A3 (sky130_fd_sc_hd__a41oi_2)
     6    0.02    0.23    0.23   80.22 v _286797_/Y (sky130_fd_sc_hd__a41oi_2)
                                         _043090_ (net)
                  0.23    0.00   80.22 v _290212_/A (sky130_fd_sc_hd__nor4_4)
     2    0.01    0.30    0.41   80.63 ^ _290212_/Y (sky130_fd_sc_hd__nor4_4)
                                         _046869_ (net)
                  0.30    0.00   80.63 ^ _290629_/A2 (sky130_fd_sc_hd__a31oi_4)
     6    0.02    0.14    0.18   80.81 v _290629_/Y (sky130_fd_sc_hd__a31oi_4)
                                         _047331_ (net)
                  0.14    0.00   80.81 v _292717_/A (sky130_fd_sc_hd__nor4_4)
     4    0.02    0.33    0.40   81.21 ^ _292717_/Y (sky130_fd_sc_hd__nor4_4)
                                         _049637_ (net)
                  0.33    0.00   81.21 ^ _293804_/A1 (sky130_fd_sc_hd__a41oi_2)
     8    0.03    0.27    0.30   81.51 v _293804_/Y (sky130_fd_sc_hd__a41oi_2)
                                         _050838_ (net)
                  0.27    0.00   81.51 v _294569_/A (sky130_fd_sc_hd__nor4_4)
     3    0.01    0.28    0.41   81.92 ^ _294569_/Y (sky130_fd_sc_hd__nor4_4)
                                         _051679_ (net)
                  0.28    0.00   81.92 ^ _294676_/B (sky130_fd_sc_hd__nand2b_1)
     2    0.01    0.10    0.14   82.06 v _294676_/Y (sky130_fd_sc_hd__nand2b_1)
                                         _051796_ (net)
                  0.10    0.00   82.06 v _294755_/A (sky130_fd_sc_hd__nor2_2)
     3    0.01    0.13    0.16   82.22 ^ _294755_/Y (sky130_fd_sc_hd__nor2_2)
                                         _051883_ (net)
                  0.13    0.00   82.22 ^ _294964_/A (sky130_fd_sc_hd__nand3_1)
     1    0.00    0.10    0.09   82.31 v _294964_/Y (sky130_fd_sc_hd__nand3_1)
                                         _052113_ (net)
                  0.10    0.00   82.31 v _294965_/B (sky130_fd_sc_hd__xor2_1)
     1    0.00    0.11    0.14   82.45 ^ _294965_/X (sky130_fd_sc_hd__xor2_1)
                                         _052114_ (net)
                  0.11    0.00   82.45 ^ _294976_/A2 (sky130_fd_sc_hd__a22oi_1)
     1    0.00    0.06    0.09   82.54 v _294976_/Y (sky130_fd_sc_hd__a22oi_1)
                                         _052126_ (net)
                  0.06    0.00   82.54 v _294987_/A (sky130_fd_sc_hd__or4_1)
     1    0.00    0.06    0.47   83.01 v _294987_/X (sky130_fd_sc_hd__or4_1)
                                         result[139] (net)
                  0.06    0.00   83.01 v result[139] (out)
                                 83.01   data arrival time

                  0.00  100.00  100.00   clock clk (rise edge)
                          0.00  100.00   clock network delay (ideal)
                          0.00  100.00   clock reconvergence pessimism
                        -20.00   80.00   output external delay
                                 80.00   data required time
-----------------------------------------------------------------------------
                                 80.00   data required time
                                -83.01   data arrival time
-----------------------------------------------------------------------------
                                 -3.01   slack (VIOLATED)



==========================================================================
floorplan final report_checks -unconstrained
--------------------------------------------------------------------------
Startpoint: is_mul (input port clocked by clk)
Endpoint: result[139] (output port clocked by clk)
Path Group: clk
Path Type: max

Fanout     Cap    Slew   Delay    Time   Description
-----------------------------------------------------------------------------
                  0.00    0.00    0.00   clock clk (rise edge)
                          0.00    0.00   clock network delay (ideal)
                         20.00   20.00 ^ input external delay
   135    0.32    0.00    0.00   20.00 ^ is_mul (in)
                                         is_mul (net)
                  0.00    0.00   20.00 ^ _153479_/B (sky130_fd_sc_hd__and2_2)
   211    0.50    2.48    1.83   21.83 ^ _153479_/X (sky130_fd_sc_hd__and2_2)
                                         _098604_ (net)
                  2.48    0.00   21.83 ^ _153480_/C (sky130_fd_sc_hd__nor3_1)
     3    0.00    0.33    0.12   21.95 v _153480_/Y (sky130_fd_sc_hd__nor3_1)
                                         _098615_ (net)
                  0.33    0.00   21.95 v _153483_/A_N (sky130_fd_sc_hd__nand4b_1)
     4    0.01    0.29    0.33   22.28 v _153483_/Y (sky130_fd_sc_hd__nand4b_1)
                                         _098648_ (net)
                  0.29    0.00   22.28 v _153484_/D (sky130_fd_sc_hd__or4_1)
     8    0.02    0.20    0.63   22.91 v _153484_/X (sky130_fd_sc_hd__or4_1)
                                         _098659_ (net)
                  0.20    0.00   22.91 v _153493_/A2 (sky130_fd_sc_hd__o41ai_4)
     9    0.02    0.47    0.55   23.45 ^ _153493_/Y (sky130_fd_sc_hd__o41ai_4)
                                         _098758_ (net)
                  0.47    0.00   23.45 ^ _153494_/D (sky130_fd_sc_hd__nand4_2)
    11    0.03    0.27    0.29   23.74 v _153494_/Y (sky130_fd_sc_hd__nand4_2)
                                         _098769_ (net)
                  0.27    0.00   23.74 v _153505_/A2 (sky130_fd_sc_hd__o41ai_2)
    27    0.07    1.61    1.41   25.16 ^ _153505_/Y (sky130_fd_sc_hd__o41ai_2)
                                         _098890_ (net)
                  1.61    0.00   25.16 ^ _153516_/B (sky130_fd_sc_hd__nand4_2)
     6    0.02    0.38    0.39   25.54 v _153516_/Y (sky130_fd_sc_hd__nand4_2)
                                         _099011_ (net)
                  0.38    0.00   25.54 v _153526_/A1 (sky130_fd_sc_hd__o31ai_4)
    20    0.05    0.63    0.69   26.23 ^ _153526_/Y (sky130_fd_sc_hd__o31ai_4)
                                         _099121_ (net)
                  0.63    0.00   26.23 ^ _153532_/C (sky130_fd_sc_hd__nand4_2)
    12    0.03    0.29    0.34   26.57 v _153532_/Y (sky130_fd_sc_hd__nand4_2)
                                         _099187_ (net)
                  0.29    0.00   26.57 v _153542_/A1 (sky130_fd_sc_hd__o31ai_2)
    43    0.11    1.97    1.64   28.21 ^ _153542_/Y (sky130_fd_sc_hd__o31ai_2)
                                         _099297_ (net)
                  1.97    0.00   28.21 ^ _153552_/B (sky130_fd_sc_hd__nand4_2)
    14    0.03    0.55    0.60   28.81 v _153552_/Y (sky130_fd_sc_hd__nand4_2)
                                         _099408_ (net)
                  0.55    0.00   28.81 v _153563_/A1 (sky130_fd_sc_hd__o31ai_4)
    26    0.07    0.75    0.83   29.64 ^ _153563_/Y (sky130_fd_sc_hd__o31ai_4)
                                         _099530_ (net)
                  0.75    0.00   29.64 ^ _153582_/A (sky130_fd_sc_hd__and4_1)
    16    0.04    0.42    0.58   30.22 ^ _153582_/X (sky130_fd_sc_hd__and4_1)
                                         _099741_ (net)
                  0.42    0.00   30.22 ^ _153589_/A2 (sky130_fd_sc_hd__a41oi_2)
    29    0.06    0.59    0.54   30.76 v _153589_/Y (sky130_fd_sc_hd__a41oi_2)
                                         _099819_ (net)
                  0.59    0.00   30.76 v _153595_/C (sky130_fd_sc_hd__nor4_2)
    30    0.07    1.66    1.49   32.24 ^ _153595_/Y (sky130_fd_sc_hd__nor4_2)
                                         _099885_ (net)
                  1.66    0.00   32.24 ^ _153596_/D (sky130_fd_sc_hd__nand4_2)
     7    0.02    0.36    0.36   32.61 v _153596_/Y (sky130_fd_sc_hd__nand4_2)
                                         _099896_ (net)
                  0.36    0.00   32.61 v _153600_/A1 (sky130_fd_sc_hd__o21ai_2)
    32    0.08    0.88    0.82   33.43 ^ _153600_/Y (sky130_fd_sc_hd__o21ai_2)
                                         _099941_ (net)
                  0.88    0.00   33.43 ^ _153612_/B (sky130_fd_sc_hd__nand4_1)
    23    0.05    0.80    0.69   34.11 v _153612_/Y (sky130_fd_sc_hd__nand4_1)
                                         _100074_ (net)
                  0.80    0.00   34.11 v _153619_/A2 (sky130_fd_sc_hd__o31ai_2)
   101    0.25    4.38    3.58   37.69 ^ _153619_/Y (sky130_fd_sc_hd__o31ai_2)
                                         _100152_ (net)
                  4.38    0.00   37.69 ^ _153639_/A (sky130_fd_sc_hd__nand3_2)
    28    0.07    1.18    1.30   38.99 v _153639_/Y (sky130_fd_sc_hd__nand3_2)
                                         _100374_ (net)
                  1.18    0.00   38.99 v _153649_/A1 (sky130_fd_sc_hd__o21ai_2)
    74    0.19    1.96    1.92   40.91 ^ _153649_/Y (sky130_fd_sc_hd__o21ai_2)
                                         _100485_ (net)
                  1.96    0.00   40.91 ^ _153679_/A1 (sky130_fd_sc_hd__a31oi_1)
    71    0.17    1.61    2.25   43.16 v _153679_/Y (sky130_fd_sc_hd__a31oi_1)
                                         _100818_ (net)
                  1.61    0.00   43.16 v _154476_/A1 (sky130_fd_sc_hd__o31ai_2)
    36    0.09    1.62    1.77   44.93 ^ _154476_/Y (sky130_fd_sc_hd__o31ai_2)
                                         _109664_ (net)
                  1.62    0.00   44.93 ^ _160751_/B (sky130_fd_sc_hd__nand4_2)
    10    0.02    0.55    0.46   45.39 v _160751_/Y (sky130_fd_sc_hd__nand4_2)
                                         _030781_ (net)
                  0.55    0.00   45.39 v _160753_/A1 (sky130_fd_sc_hd__o21ai_2)
    86    0.21    2.20    1.85   47.23 ^ _160753_/Y (sky130_fd_sc_hd__o21ai_2)
                                         _030803_ (net)
                  2.20    0.00   47.23 ^ _170335_/A1 (sky130_fd_sc_hd__a21oi_1)
    53    0.12    1.18    1.59   48.83 v _170335_/Y (sky130_fd_sc_hd__a21oi_1)
                                         _062718_ (net)
                  1.18    0.00   48.83 v _170338_/A1 (sky130_fd_sc_hd__o21ai_2)
    51    0.12    1.35    1.45   50.28 ^ _170338_/Y (sky130_fd_sc_hd__o21ai_2)
                                         _062722_ (net)
                  1.35    0.00   50.28 ^ _170463_/A1 (sky130_fd_sc_hd__a31oi_1)
    11    0.03    0.47    0.52   50.80 v _170463_/Y (sky130_fd_sc_hd__a31oi_1)
                                         _062859_ (net)
                  0.47    0.00   50.80 v _170689_/B (sky130_fd_sc_hd__xnor2_1)
   169    0.41    8.34    6.31   57.11 ^ _170689_/Y (sky130_fd_sc_hd__xnor2_1)
                                         _063108_ (net)
                  8.34    0.00   57.11 ^ _171020_/B (sky130_fd_sc_hd__nor2_1)
    14    0.03    1.64    1.40   58.51 v _171020_/Y (sky130_fd_sc_hd__nor2_1)
                                         _063472_ (net)
                  1.64    0.00   58.51 v _176449_/A (sky130_fd_sc_hd__nand2_1)
     2    0.01    0.33    0.46   58.98 ^ _176449_/Y (sky130_fd_sc_hd__nand2_1)
                                         _069444_ (net)
                  0.33    0.00   58.98 ^ _176665_/A (sky130_fd_sc_hd__xnor2_1)
     1    0.00    0.27    0.17   59.15 ^ _176665_/Y (sky130_fd_sc_hd__xnor2_1)
                                         _069681_ (net)
                  0.27    0.00   59.15 ^ _176666_/B (sky130_fd_sc_hd__xnor2_1)
     4    0.01    0.11    0.16   59.31 v _176666_/Y (sky130_fd_sc_hd__xnor2_1)
                                         _069682_ (net)
                  0.11    0.00   59.31 v _176680_/A1 (sky130_fd_sc_hd__o32ai_1)
     2    0.00    0.26    0.32   59.63 ^ _176680_/Y (sky130_fd_sc_hd__o32ai_1)
                                         _069698_ (net)
                  0.26    0.00   59.63 ^ _176685_/A2 (sky130_fd_sc_hd__o221ai_1)
     2    0.00    0.11    0.16   59.79 v _176685_/Y (sky130_fd_sc_hd__o221ai_1)
                                         _069703_ (net)
                  0.11    0.00   59.79 v _176687_/A3 (sky130_fd_sc_hd__a31oi_1)
     7    0.02    0.50    0.44   60.23 ^ _176687_/Y (sky130_fd_sc_hd__a31oi_1)
                                         _069705_ (net)
                  0.50    0.00   60.23 ^ _176688_/C_N (sky130_fd_sc_hd__nor3b_1)
     5    0.01    0.46    0.46   60.69 ^ _176688_/Y (sky130_fd_sc_hd__nor3b_1)
                                         _069707_ (net)
                  0.46    0.00   60.69 ^ _176689_/B_N (sky130_fd_sc_hd__nor2b_1)
     1    0.00    0.12    0.21   60.91 ^ _176689_/Y (sky130_fd_sc_hd__nor2b_1)
                                         _069708_ (net)
                  0.12    0.00   60.91 ^ _176690_/B (sky130_fd_sc_hd__xnor2_1)
     2    0.01    0.27    0.18   61.09 ^ _176690_/Y (sky130_fd_sc_hd__xnor2_1)
                                         _069709_ (net)
                  0.27    0.00   61.09 ^ _176711_/A (sky130_fd_sc_hd__xnor2_1)
     1    0.00    0.06    0.11   61.20 v _176711_/Y (sky130_fd_sc_hd__xnor2_1)
                                         _069732_ (net)
                  0.06    0.00   61.20 v _176742_/B (sky130_fd_sc_hd__maj3_1)
     5    0.01    0.12    0.40   61.60 v _176742_/X (sky130_fd_sc_hd__maj3_1)
                                         _069766_ (net)
                  0.12    0.00   61.60 v _177416_/A (sky130_fd_sc_hd__xnor3_1)
     3    0.01    0.11    0.44   62.03 v _177416_/X (sky130_fd_sc_hd__xnor3_1)
                                         _070507_ (net)
                  0.11    0.00   62.03 v _177419_/A_N (sky130_fd_sc_hd__nand2b_1)
     1    0.00    0.05    0.16   62.19 v _177419_/Y (sky130_fd_sc_hd__nand2b_1)
                                         _070511_ (net)
                  0.05    0.00   62.19 v _177420_/A1 (sky130_fd_sc_hd__mux2i_1)
     1    0.00    0.11    0.12   62.31 ^ _177420_/Y (sky130_fd_sc_hd__mux2i_1)
                                         _070512_ (net)
                  0.11    0.00   62.31 ^ _177421_/A (sky130_fd_sc_hd__inv_1)
     2    0.00    0.04    0.06   62.37 v _177421_/Y (sky130_fd_sc_hd__inv_1)
                                         _070513_ (net)
                  0.04    0.00   62.37 v _177422_/B (sky130_fd_sc_hd__nor2_1)
     5    0.02    0.34    0.27   62.64 ^ _177422_/Y (sky130_fd_sc_hd__nor2_1)
                                         _070514_ (net)
                  0.34    0.00   62.64 ^ _177509_/B (sky130_fd_sc_hd__xnor3_1)
     2    0.01    0.09    0.41   63.05 v _177509_/X (sky130_fd_sc_hd__xnor3_1)
                                         _070610_ (net)
                  0.09    0.00   63.05 v _177510_/C (sky130_fd_sc_hd__maj3_1)
     6    0.02    0.15    0.45   63.50 v _177510_/X (sky130_fd_sc_hd__maj3_1)
                                         _070611_ (net)
                  0.15    0.00   63.50 v _177733_/C (sky130_fd_sc_hd__maj3_1)
     2    0.01    0.09    0.41   63.91 v _177733_/X (sky130_fd_sc_hd__maj3_1)
                                         _070856_ (net)
                  0.09    0.00   63.91 v _177734_/C (sky130_fd_sc_hd__maj3_1)
     1    0.00    0.08    0.37   64.28 v _177734_/X (sky130_fd_sc_hd__maj3_1)
                                         _070857_ (net)
                  0.08    0.00   64.28 v _177737_/A (sky130_fd_sc_hd__xnor2_1)
     2    0.01    0.20    0.22   64.50 ^ _177737_/Y (sky130_fd_sc_hd__xnor2_1)
                                         _070860_ (net)
                  0.20    0.00   64.50 ^ _177738_/A (sky130_fd_sc_hd__inv_1)
     2    0.01    0.06    0.08   64.58 v _177738_/Y (sky130_fd_sc_hd__inv_1)
                                         _070862_ (net)
                  0.06    0.00   64.58 v _177971_/A (sky130_fd_sc_hd__maj3_1)
     3    0.01    0.10    0.39   64.97 v _177971_/X (sky130_fd_sc_hd__maj3_1)
                                         _071118_ (net)
                  0.10    0.00   64.97 v _177972_/C (sky130_fd_sc_hd__maj3_1)
     1    0.00    0.07    0.36   65.34 v _177972_/X (sky130_fd_sc_hd__maj3_1)
                                         _071119_ (net)
                  0.07    0.00   65.34 v _177973_/C (sky130_fd_sc_hd__maj3_1)
     1    0.00    0.07    0.35   65.69 v _177973_/X (sky130_fd_sc_hd__maj3_1)
                                         _071120_ (net)
                  0.07    0.00   65.69 v _177974_/C (sky130_fd_sc_hd__maj3_1)
     1    0.00    0.08    0.36   66.06 v _177974_/X (sky130_fd_sc_hd__maj3_1)
                                         _071121_ (net)
                  0.08    0.00   66.06 v _177980_/A (sky130_fd_sc_hd__xnor2_1)
     4    0.01    0.10    0.18   66.24 v _177980_/Y (sky130_fd_sc_hd__xnor2_1)
                                         _071128_ (net)
                  0.10    0.00   66.24 v _180146_/A (sky130_fd_sc_hd__nor3_1)
     4    0.01    0.39    0.38   66.61 ^ _180146_/Y (sky130_fd_sc_hd__nor3_1)
                                         _073510_ (net)
                  0.39    0.00   66.61 ^ _180325_/A (sky130_fd_sc_hd__xnor2_1)
     3    0.01    0.10    0.15   66.77 v _180325_/Y (sky130_fd_sc_hd__xnor2_1)
                                         _073707_ (net)
                  0.10    0.00   66.77 v _180329_/B2 (sky130_fd_sc_hd__a221oi_1)
     1    0.00    0.20    0.26   67.03 ^ _180329_/Y (sky130_fd_sc_hd__a221oi_1)
                                         _073712_ (net)
                  0.20    0.00   67.03 ^ _180330_/B1 (sky130_fd_sc_hd__o21ai_1)
     2    0.00    0.08    0.11   67.14 v _180330_/Y (sky130_fd_sc_hd__o21ai_1)
                                         _073713_ (net)
                  0.08    0.00   67.14 v _180332_/A (sky130_fd_sc_hd__nand2_1)
     3    0.01    0.10    0.11   67.25 ^ _180332_/Y (sky130_fd_sc_hd__nand2_1)
                                         _073715_ (net)
                  0.10    0.00   67.25 ^ _180334_/A2 (sky130_fd_sc_hd__a21oi_1)
     2    0.00    0.06    0.09   67.34 v _180334_/Y (sky130_fd_sc_hd__a21oi_1)
                                         _073717_ (net)
                  0.06    0.00   67.34 v _181064_/B (sky130_fd_sc_hd__maj3_1)
     1    0.00    0.07    0.33   67.66 v _181064_/X (sky130_fd_sc_hd__maj3_1)
                                         _074520_ (net)
                  0.07    0.00   67.66 v _181065_/C (sky130_fd_sc_hd__maj3_1)
     4    0.01    0.12    0.42   68.08 v _181065_/X (sky130_fd_sc_hd__maj3_1)
                                         _074521_ (net)
                  0.12    0.00   68.08 v _181066_/B (sky130_fd_sc_hd__xnor2_1)
     1    0.00    0.08    0.15   68.23 v _181066_/Y (sky130_fd_sc_hd__xnor2_1)
                                         _074522_ (net)
                  0.08    0.00   68.23 v _181083_/A2 (sky130_fd_sc_hd__a211o_1)
     4    0.01    0.07    0.33   68.56 v _181083_/X (sky130_fd_sc_hd__a211o_1)
                                         _074541_ (net)
                  0.07    0.00   68.56 v _181091_/A (sky130_fd_sc_hd__or2_2)
     3    0.01    0.07    0.31   68.87 v _181091_/X (sky130_fd_sc_hd__or2_2)
                                         _074550_ (net)
                  0.07    0.00   68.87 v _189483_/A2 (sky130_fd_sc_hd__o21ai_1)
     4    0.01    0.28    0.25   69.12 ^ _189483_/Y (sky130_fd_sc_hd__o21ai_1)
                                         _083779_ (net)
                  0.28    0.00   69.12 ^ _189486_/A (sky130_fd_sc_hd__xnor2_1)
     2    0.01    0.19    0.18   69.30 ^ _189486_/Y (sky130_fd_sc_hd__xnor2_1)
                                         _083782_ (net)
                  0.19    0.00   69.30 ^ _189487_/D_N (sky130_fd_sc_hd__or4b_1)
     7    0.02    0.17    0.56   69.86 v _189487_/X (sky130_fd_sc_hd__or4b_1)
                                         _083783_ (net)
                  0.17    0.00   69.86 v _189495_/B (sky130_fd_sc_hd__nor3b_2)
     9    0.02    0.39    0.39   70.25 ^ _189495_/Y (sky130_fd_sc_hd__nor3b_2)
                                         _083792_ (net)
                  0.39    0.00   70.25 ^ _189535_/A (sky130_fd_sc_hd__nand4_1)
     4    0.02    0.26    0.28   70.53 v _189535_/Y (sky130_fd_sc_hd__nand4_1)
                                         _083836_ (net)
                  0.26    0.00   70.53 v _189536_/B (sky130_fd_sc_hd__nor2_2)
     4    0.01    0.19    0.24   70.77 ^ _189536_/Y (sky130_fd_sc_hd__nor2_2)
                                         _083837_ (net)
                  0.19    0.00   70.77 ^ _189537_/B (sky130_fd_sc_hd__nand2_1)
     4    0.01    0.14    0.14   70.90 v _189537_/Y (sky130_fd_sc_hd__nand2_1)
                                         _083838_ (net)
                  0.14    0.00   70.90 v _193051_/C (sky130_fd_sc_hd__maj3_1)
     1    0.00    0.06    0.37   71.27 v _193051_/X (sky130_fd_sc_hd__maj3_1)
                                         _087703_ (net)
                  0.06    0.00   71.27 v _193055_/A2 (sky130_fd_sc_hd__a21oi_1)
     1    0.00    0.14    0.17   71.44 ^ _193055_/Y (sky130_fd_sc_hd__a21oi_1)
                                         _087707_ (net)
                  0.14    0.00   71.44 ^ _193056_/B (sky130_fd_sc_hd__xor2_1)
     4    0.01    0.12    0.13   71.57 v _193056_/X (sky130_fd_sc_hd__xor2_1)
                                         _087708_ (net)
                  0.12    0.00   71.57 v _193062_/B (sky130_fd_sc_hd__maj3_1)
     1    0.00    0.06    0.34   71.91 v _193062_/X (sky130_fd_sc_hd__maj3_1)
                                         _087715_ (net)
                  0.06    0.00   71.91 v _193063_/B (sky130_fd_sc_hd__nor2_1)
     2    0.00    0.11    0.11   72.02 ^ _193063_/Y (sky130_fd_sc_hd__nor2_1)
                                         _087716_ (net)
                  0.11    0.00   72.02 ^ _226255_/B (sky130_fd_sc_hd__nand2_1)
     2    0.00    0.07    0.08   72.09 v _226255_/Y (sky130_fd_sc_hd__nand2_1)
                                         _124423_ (net)
                  0.07    0.00   72.09 v _259127_/B1 (sky130_fd_sc_hd__a211oi_1)
     2    0.01    0.44    0.40   72.50 ^ _259127_/Y (sky130_fd_sc_hd__a211oi_1)
                                         _012376_ (net)
                  0.44    0.00   72.50 ^ _259441_/A2 (sky130_fd_sc_hd__o21bai_4)
    10    0.03    0.13    0.17   72.66 v _259441_/Y (sky130_fd_sc_hd__o21bai_4)
                                         _012725_ (net)
                  0.13    0.00   72.66 v _268504_/A (sky130_fd_sc_hd__nor3_2)
     4    0.01    0.27    0.30   72.97 ^ _268504_/Y (sky130_fd_sc_hd__nor3_2)
                                         _022785_ (net)
                  0.27    0.00   72.97 ^ _268523_/B (sky130_fd_sc_hd__xnor3_1)
     2    0.01    0.10    0.40   73.37 v _268523_/X (sky130_fd_sc_hd__xnor3_1)
                                         _022806_ (net)
                  0.10    0.00   73.37 v _269739_/A2 (sky130_fd_sc_hd__o21ai_2)
     1    0.00    0.08    0.12   73.49 ^ _269739_/Y (sky130_fd_sc_hd__o21ai_2)
                                         _024156_ (net)
                  0.08    0.00   73.49 ^ _269740_/B1 (sky130_fd_sc_hd__o31a_1)
     2    0.00    0.07    0.14   73.63 ^ _269740_/X (sky130_fd_sc_hd__o31a_1)
                                         _024157_ (net)
                  0.07    0.00   73.63 ^ _269741_/B (sky130_fd_sc_hd__and2_1)
     3    0.01    0.09    0.15   73.78 ^ _269741_/X (sky130_fd_sc_hd__and2_1)
                                         _024158_ (net)
                  0.09    0.00   73.78 ^ _270353_/D (sky130_fd_sc_hd__and4bb_4)
     2    0.01    0.08    0.26   74.04 ^ _270353_/X (sky130_fd_sc_hd__and4bb_4)
                                         _024837_ (net)
                  0.08    0.00   74.04 ^ _270677_/C (sky130_fd_sc_hd__nand3_4)
     4    0.01    0.09    0.08   74.12 v _270677_/Y (sky130_fd_sc_hd__nand3_4)
                                         _025196_ (net)
                  0.09    0.00   74.12 v _271056_/B1 (sky130_fd_sc_hd__a31oi_1)
     3    0.01    0.26    0.24   74.37 ^ _271056_/Y (sky130_fd_sc_hd__a31oi_1)
                                         _025617_ (net)
                  0.26    0.00   74.37 ^ _271094_/A1 (sky130_fd_sc_hd__o41ai_2)
     8    0.02    0.15    0.19   74.55 v _271094_/Y (sky130_fd_sc_hd__o41ai_2)
                                         _025660_ (net)
                  0.15    0.00   74.55 v _271567_/C (sky130_fd_sc_hd__or4_1)
     1    0.00    0.08    0.48   75.04 v _271567_/X (sky130_fd_sc_hd__or4_1)
                                         _026184_ (net)
                  0.08    0.00   75.04 v _271568_/D1 (sky130_fd_sc_hd__o2111ai_1)
     5    0.01    0.36    0.16   75.20 ^ _271568_/Y (sky130_fd_sc_hd__o2111ai_1)
                                         _026186_ (net)
                  0.36    0.00   75.20 ^ _272401_/B1 (sky130_fd_sc_hd__o31ai_2)
     4    0.01    0.11    0.14   75.34 v _272401_/Y (sky130_fd_sc_hd__o31ai_2)
                                         _027111_ (net)
                  0.11    0.00   75.34 v _272553_/B (sky130_fd_sc_hd__or3_1)
     7    0.02    0.14    0.45   75.79 v _272553_/X (sky130_fd_sc_hd__or3_1)
                                         _027279_ (net)
                  0.14    0.00   75.79 v _286251_/A (sky130_fd_sc_hd__nor3_2)
     3    0.01    0.19    0.25   76.04 ^ _286251_/Y (sky130_fd_sc_hd__nor3_2)
                                         _042484_ (net)
                  0.19    0.00   76.04 ^ _286252_/C_N (sky130_fd_sc_hd__nor3b_2)
     5    0.01    0.30    0.32   76.37 ^ _286252_/Y (sky130_fd_sc_hd__nor3b_2)
                                         _042485_ (net)
                  0.30    0.00   76.37 ^ _286256_/B1 (sky130_fd_sc_hd__o211a_4)
     5    0.02    0.08    0.25   76.62 ^ _286256_/X (sky130_fd_sc_hd__o211a_4)
                                         _042489_ (net)
                  0.08    0.00   76.62 ^ _286257_/B1 (sky130_fd_sc_hd__o21ai_4)
     6    0.02    0.07    0.08   76.70 v _286257_/Y (sky130_fd_sc_hd__o21ai_4)
                                         _042490_ (net)
                  0.07    0.00   76.70 v _286400_/A (sky130_fd_sc_hd__maj3_2)
     1    0.00    0.05    0.30   77.00 v _286400_/X (sky130_fd_sc_hd__maj3_2)
                                         _042650_ (net)
                  0.05    0.00   77.00 v _286401_/B1 (sky130_fd_sc_hd__a221oi_1)
     1    0.00    0.28    0.28   77.27 ^ _286401_/Y (sky130_fd_sc_hd__a221oi_1)
                                         _042651_ (net)
                  0.28    0.00   77.27 ^ _286403_/A (sky130_fd_sc_hd__xnor2_1)
     4    0.01    0.26    0.21   77.48 ^ _286403_/Y (sky130_fd_sc_hd__xnor2_1)
                                         _042653_ (net)
                  0.26    0.00   77.48 ^ _286407_/A (sky130_fd_sc_hd__or2_1)
     4    0.01    0.12    0.20   77.68 ^ _286407_/X (sky130_fd_sc_hd__or2_1)
                                         _042657_ (net)
                  0.12    0.00   77.68 ^ _286419_/A2 (sky130_fd_sc_hd__a31oi_2)
     3    0.01    0.10    0.12   77.81 v _286419_/Y (sky130_fd_sc_hd__a31oi_2)
                                         _042671_ (net)
                  0.10    0.00   77.81 v _286423_/B (sky130_fd_sc_hd__maj3_2)
    11    0.03    0.13    0.42   78.23 v _286423_/X (sky130_fd_sc_hd__maj3_2)
                                         _042675_ (net)
                  0.13    0.00   78.23 v _286754_/A (sky130_fd_sc_hd__nor4_1)
     1    0.00    0.28    0.34   78.56 ^ _286754_/Y (sky130_fd_sc_hd__nor4_1)
                                         _043042_ (net)
                  0.28    0.00   78.56 ^ _286755_/B (sky130_fd_sc_hd__xor2_1)
     1    0.00    0.08    0.10   78.67 v _286755_/X (sky130_fd_sc_hd__xor2_1)
                                         _043043_ (net)
                  0.08    0.00   78.67 v _286757_/B1 (sky130_fd_sc_hd__a221oi_1)
     1    0.00    0.28    0.29   78.95 ^ _286757_/Y (sky130_fd_sc_hd__a221oi_1)
                                         _043045_ (net)
                  0.28    0.00   78.95 ^ _286758_/B (sky130_fd_sc_hd__xnor2_1)
     2    0.01    0.19    0.18   79.13 ^ _286758_/Y (sky130_fd_sc_hd__xnor2_1)
                                         _043047_ (net)
                  0.19    0.00   79.13 ^ _286765_/C_N (sky130_fd_sc_hd__or4bb_2)
     2    0.01    0.11    0.65   79.78 v _286765_/X (sky130_fd_sc_hd__or4bb_2)
                                         _043054_ (net)
                  0.11    0.00   79.78 v _286789_/B (sky130_fd_sc_hd__nor3_2)
     2    0.01    0.18    0.21   79.99 ^ _286789_/Y (sky130_fd_sc_hd__nor3_2)
                                         _043082_ (net)
                  0.18    0.00   79.99 ^ _286797_/A3 (sky130_fd_sc_hd__a41oi_2)
     6    0.02    0.23    0.23   80.22 v _286797_/Y (sky130_fd_sc_hd__a41oi_2)
                                         _043090_ (net)
                  0.23    0.00   80.22 v _290212_/A (sky130_fd_sc_hd__nor4_4)
     2    0.01    0.30    0.41   80.63 ^ _290212_/Y (sky130_fd_sc_hd__nor4_4)
                                         _046869_ (net)
                  0.30    0.00   80.63 ^ _290629_/A2 (sky130_fd_sc_hd__a31oi_4)
     6    0.02    0.14    0.18   80.81 v _290629_/Y (sky130_fd_sc_hd__a31oi_4)
                                         _047331_ (net)
                  0.14    0.00   80.81 v _292717_/A (sky130_fd_sc_hd__nor4_4)
     4    0.02    0.33    0.40   81.21 ^ _292717_/Y (sky130_fd_sc_hd__nor4_4)
                                         _049637_ (net)
                  0.33    0.00   81.21 ^ _293804_/A1 (sky130_fd_sc_hd__a41oi_2)
     8    0.03    0.27    0.30   81.51 v _293804_/Y (sky130_fd_sc_hd__a41oi_2)
                                         _050838_ (net)
                  0.27    0.00   81.51 v _294569_/A (sky130_fd_sc_hd__nor4_4)
     3    0.01    0.28    0.41   81.92 ^ _294569_/Y (sky130_fd_sc_hd__nor4_4)
                                         _051679_ (net)
                  0.28    0.00   81.92 ^ _294676_/B (sky130_fd_sc_hd__nand2b_1)
     2    0.01    0.10    0.14   82.06 v _294676_/Y (sky130_fd_sc_hd__nand2b_1)
                                         _051796_ (net)
                  0.10    0.00   82.06 v _294755_/A (sky130_fd_sc_hd__nor2_2)
     3    0.01    0.13    0.16   82.22 ^ _294755_/Y (sky130_fd_sc_hd__nor2_2)
                                         _051883_ (net)
                  0.13    0.00   82.22 ^ _294964_/A (sky130_fd_sc_hd__nand3_1)
     1    0.00    0.10    0.09   82.31 v _294964_/Y (sky130_fd_sc_hd__nand3_1)
                                         _052113_ (net)
                  0.10    0.00   82.31 v _294965_/B (sky130_fd_sc_hd__xor2_1)
     1    0.00    0.11    0.14   82.45 ^ _294965_/X (sky130_fd_sc_hd__xor2_1)
                                         _052114_ (net)
                  0.11    0.00   82.45 ^ _294976_/A2 (sky130_fd_sc_hd__a22oi_1)
     1    0.00    0.06    0.09   82.54 v _294976_/Y (sky130_fd_sc_hd__a22oi_1)
                                         _052126_ (net)
                  0.06    0.00   82.54 v _294987_/A (sky130_fd_sc_hd__or4_1)
     1    0.00    0.06    0.47   83.01 v _294987_/X (sky130_fd_sc_hd__or4_1)
                                         result[139] (net)
                  0.06    0.00   83.01 v result[139] (out)
                                 83.01   data arrival time

                  0.00  100.00  100.00   clock clk (rise edge)
                          0.00  100.00   clock network delay (ideal)
                          0.00  100.00   clock reconvergence pessimism
                        -20.00   80.00   output external delay
                                 80.00   data required time
-----------------------------------------------------------------------------
                                 80.00   data required time
                                -83.01   data arrival time
-----------------------------------------------------------------------------
                                 -3.01   slack (VIOLATED)



==========================================================================
floorplan final report_power
--------------------------------------------------------------------------
Group                  Internal  Switching    Leakage      Total
                          Power      Power      Power      Power (Watts)
----------------------------------------------------------------
Sequential             0.00e+00   0.00e+00   0.00e+00   0.00e+00   0.0%
Combinational          1.33e+00   1.27e+00   3.00e-07   2.61e+00 100.0%
Clock                  0.00e+00   0.00e+00   0.00e+00   0.00e+00   0.0%
Macro                  0.00e+00   0.00e+00   0.00e+00   0.00e+00   0.0%
Pad                    0.00e+00   0.00e+00   0.00e+00   0.00e+00   0.0%
----------------------------------------------------------------
Total                  1.33e+00   1.27e+00   3.00e-07   2.61e+00 100.0%
                          51.2%      48.8%       0.0%
