
==========================================================================
global place report_tns
--------------------------------------------------------------------------
tns -1686.05

==========================================================================
global place report_wns
--------------------------------------------------------------------------
wns -17.13

==========================================================================
global place report_worst_slack
--------------------------------------------------------------------------
worst slack -17.13

==========================================================================
global place report_checks -path_delay min
--------------------------------------------------------------------------
Startpoint: is_high (input port clocked by clk)
Endpoint: result[123] (output port clocked by clk)
Path Group: clk
Path Type: min

Fanout     Cap    Slew   Delay    Time   Description
-----------------------------------------------------------------------------
                  0.00    0.00    0.00   clock clk (rise edge)
                          0.00    0.00   clock network delay (ideal)
                         20.00   20.00 ^ input external delay
   293    4.31    0.00    0.00   20.00 ^ is_high (in)
                                         is_high (net)
                  0.01    0.00   20.00 ^ _342475_/A1 (gf180mcu_fd_sc_mcu9t5v0__aoi21_2)
     1    0.30    0.95    0.58   20.58 v _342475_/ZN (gf180mcu_fd_sc_mcu9t5v0__aoi21_2)
                                         result[123] (net)
                  0.95    0.00   20.58 v result[123] (out)
                                 20.58   data arrival time

                  0.00    0.00    0.00   clock clk (rise edge)
                          0.00    0.00   clock network delay (ideal)
                          0.00    0.00   clock reconvergence pessimism
                        -20.00  -20.00   output external delay
                                -20.00   data required time
-----------------------------------------------------------------------------
                                -20.00   data required time
                                -20.58   data arrival time
-----------------------------------------------------------------------------
                                 40.58   slack (MET)



==========================================================================
global place report_checks -path_delay max
--------------------------------------------------------------------------
Startpoint: srca[32] (input port clocked by clk)
Endpoint: result[107] (output port clocked by clk)
Path Group: clk
Path Type: max

Fanout     Cap    Slew   Delay    Time   Description
-----------------------------------------------------------------------------
                  0.00    0.00    0.00   clock clk (rise edge)
                          0.00    0.00   clock network delay (ideal)
                         20.00   20.00 ^ input external delay
     5    0.33    0.00    0.00   20.00 ^ srca[32] (in)
                                         srca[32] (net)
                  0.00    0.00   20.00 ^ _171824_/A2 (gf180mcu_fd_sc_mcu9t5v0__and2_2)
   244    4.19   15.46    9.04   29.04 ^ _171824_/Z (gf180mcu_fd_sc_mcu9t5v0__and2_2)
                                         _107543_ (net)
                 15.46    0.00   29.04 ^ _171909_/B (gf180mcu_fd_sc_mcu9t5v0__oai21_4)
     9    0.10    2.60   -0.60   28.44 v _171909_/ZN (gf180mcu_fd_sc_mcu9t5v0__oai21_4)
                                         _116978_ (net)
                  2.60    0.00   28.44 v _173199_/A3 (gf180mcu_fd_sc_mcu9t5v0__nand4_2)
     1    0.02    0.66    0.73   29.17 ^ _173199_/ZN (gf180mcu_fd_sc_mcu9t5v0__nand4_2)
                                         _080976_ (net)
                  0.66    0.00   29.17 ^ _173201_/A2 (gf180mcu_fd_sc_mcu9t5v0__oai21_2)
     8    0.15    0.59    0.43   29.60 v _173201_/ZN (gf180mcu_fd_sc_mcu9t5v0__oai21_2)
                                         _080998_ (net)
                  0.59    0.00   29.60 v _174741_/A1 (gf180mcu_fd_sc_mcu9t5v0__and4_4)
    25    0.47    0.53    0.61   30.21 v _174741_/Z (gf180mcu_fd_sc_mcu9t5v0__and4_4)
                                         _097938_ (net)
                  0.53    0.00   30.21 v _174798_/A1 (gf180mcu_fd_sc_mcu9t5v0__aoi221_2)
   212    4.02   36.20   19.82   50.04 ^ _174798_/ZN (gf180mcu_fd_sc_mcu9t5v0__aoi221_2)
                                         _098565_ (net)
                 36.20    0.00   50.04 ^ _189570_/A1 (gf180mcu_fd_sc_mcu9t5v0__nand2_2)
    20    1.00    9.28   10.09   60.13 v _189570_/ZN (gf180mcu_fd_sc_mcu9t5v0__nand2_2)
                                         _081204_ (net)
                  9.28    0.00   60.13 v _237609_/A1 (gf180mcu_fd_sc_mcu9t5v0__or3_2)
     2    0.03    0.38    2.87   63.00 v _237609_/Z (gf180mcu_fd_sc_mcu9t5v0__or3_2)
                                         _134302_ (net)
                  0.38    0.00   63.00 v _237610_/B (gf180mcu_fd_sc_mcu9t5v0__aoi211_2)
     1    0.01    1.16    0.27   63.27 ^ _237610_/ZN (gf180mcu_fd_sc_mcu9t5v0__aoi211_2)
                                         _134303_ (net)
                  1.16    0.00   63.27 ^ _237611_/C (gf180mcu_fd_sc_mcu9t5v0__aoi221_2)
     1    0.02    0.47    0.22   63.48 v _237611_/ZN (gf180mcu_fd_sc_mcu9t5v0__aoi221_2)
                                         _134304_ (net)
                  0.47    0.00   63.48 v _237612_/B1 (gf180mcu_fd_sc_mcu9t5v0__oai32_2)
     5    0.08    1.03    0.47   63.95 ^ _237612_/ZN (gf180mcu_fd_sc_mcu9t5v0__oai32_2)
                                         _134305_ (net)
                  1.03    0.00   63.95 ^ _237617_/A2 (gf180mcu_fd_sc_mcu9t5v0__nand3_2)
     1    0.01    0.28    0.08   64.04 v _237617_/ZN (gf180mcu_fd_sc_mcu9t5v0__nand3_2)
                                         _134311_ (net)
                  0.28    0.00   64.04 v _237619_/B (gf180mcu_fd_sc_mcu9t5v0__oai211_2)
     3    0.04    0.35    0.26   64.30 ^ _237619_/ZN (gf180mcu_fd_sc_mcu9t5v0__oai211_2)
                                         _134313_ (net)
                  0.35    0.00   64.30 ^ _237869_/A2 (gf180mcu_fd_sc_mcu9t5v0__xnor3_2)
     1    0.01    0.10    0.57   64.87 v _237869_/ZN (gf180mcu_fd_sc_mcu9t5v0__xnor3_2)
                                         _134590_ (net)
                  0.10    0.00   64.87 v _237870_/A1 (gf180mcu_fd_sc_mcu9t5v0__xor2_2)
     6    0.08    0.30    0.43   65.30 ^ _237870_/Z (gf180mcu_fd_sc_mcu9t5v0__xor2_2)
                                         _134591_ (net)
                  0.30    0.00   65.30 ^ _237871_/A3 (gf180mcu_fd_sc_mcu9t5v0__nand3_2)
     4    0.05    0.42    0.18   65.48 v _237871_/ZN (gf180mcu_fd_sc_mcu9t5v0__nand3_2)
                                         _134592_ (net)
                  0.42    0.00   65.48 v _237914_/S (gf180mcu_fd_sc_mcu9t5v0__mux2_2)
     3    0.05    0.16    0.35   65.84 v _237914_/Z (gf180mcu_fd_sc_mcu9t5v0__mux2_2)
                                         _134641_ (net)
                  0.16    0.00   65.84 v _237916_/B1 (gf180mcu_fd_sc_mcu9t5v0__aoi22_2)
     3    0.04    0.41    0.27   66.11 ^ _237916_/ZN (gf180mcu_fd_sc_mcu9t5v0__aoi22_2)
                                         _134643_ (net)
                  0.41    0.00   66.11 ^ _237942_/A2 (gf180mcu_fd_sc_mcu9t5v0__or2_2)
     3    0.04    0.19    0.23   66.34 ^ _237942_/Z (gf180mcu_fd_sc_mcu9t5v0__or2_2)
                                         _134671_ (net)
                  0.19    0.00   66.34 ^ _237998_/A1 (gf180mcu_fd_sc_mcu9t5v0__xor2_2)
     4    0.06    0.17    0.34   66.67 v _237998_/Z (gf180mcu_fd_sc_mcu9t5v0__xor2_2)
                                         _134733_ (net)
                  0.17    0.00   66.67 v _238001_/B1 (gf180mcu_fd_sc_mcu9t5v0__oai22_2)
     5    0.06    0.60    0.37   67.04 ^ _238001_/ZN (gf180mcu_fd_sc_mcu9t5v0__oai22_2)
                                         _134736_ (net)
                  0.60    0.00   67.04 ^ _238010_/A1 (gf180mcu_fd_sc_mcu9t5v0__nand2_2)
     2    0.03    0.23    0.13   67.17 v _238010_/ZN (gf180mcu_fd_sc_mcu9t5v0__nand2_2)
                                         _134747_ (net)
                  0.23    0.00   67.17 v _238025_/A2 (gf180mcu_fd_sc_mcu9t5v0__oai22_2)
     4    0.05    0.56    0.31   67.48 ^ _238025_/ZN (gf180mcu_fd_sc_mcu9t5v0__oai22_2)
                                         _134764_ (net)
                  0.56    0.00   67.48 ^ _238028_/A1 (gf180mcu_fd_sc_mcu9t5v0__nand2_2)
     3    0.04    0.24    0.15   67.63 v _238028_/ZN (gf180mcu_fd_sc_mcu9t5v0__nand2_2)
                                         _134767_ (net)
                  0.24    0.00   67.63 v _238032_/A3 (gf180mcu_fd_sc_mcu9t5v0__nor4_2)
     5    0.06    0.91    0.58   68.21 ^ _238032_/ZN (gf180mcu_fd_sc_mcu9t5v0__nor4_2)
                                         _134771_ (net)
                  0.91    0.00   68.21 ^ _238125_/B (gf180mcu_fd_sc_mcu9t5v0__oai21_2)
     5    0.06    0.38    0.22   68.43 v _238125_/ZN (gf180mcu_fd_sc_mcu9t5v0__oai21_2)
                                         _134875_ (net)
                  0.38    0.00   68.43 v _238193_/A2 (gf180mcu_fd_sc_mcu9t5v0__xnor3_2)
     5    0.06    0.20    0.72   69.15 v _238193_/ZN (gf180mcu_fd_sc_mcu9t5v0__xnor3_2)
                                         _134950_ (net)
                  0.20    0.00   69.15 v _238195_/A1 (gf180mcu_fd_sc_mcu9t5v0__nor2_2)
     1    0.01    0.16    0.14   69.29 ^ _238195_/ZN (gf180mcu_fd_sc_mcu9t5v0__nor2_2)
                                         _134952_ (net)
                  0.16    0.00   69.29 ^ _238197_/A2 (gf180mcu_fd_sc_mcu9t5v0__oai21_2)
     1    0.01    0.11    0.08   69.37 v _238197_/ZN (gf180mcu_fd_sc_mcu9t5v0__oai21_2)
                                         _134954_ (net)
                  0.11    0.00   69.37 v _238198_/A4 (gf180mcu_fd_sc_mcu9t5v0__and4_2)
     2    0.03    0.13    0.28   69.65 v _238198_/Z (gf180mcu_fd_sc_mcu9t5v0__and4_2)
                                         _134955_ (net)
                  0.13    0.00   69.65 v _238211_/A2 (gf180mcu_fd_sc_mcu9t5v0__oai31_2)
     5    0.07    0.75    0.46   70.11 ^ _238211_/ZN (gf180mcu_fd_sc_mcu9t5v0__oai31_2)
                                         _134970_ (net)
                  0.75    0.00   70.11 ^ _238521_/A1 (gf180mcu_fd_sc_mcu9t5v0__or2_2)
     3    0.04    0.18    0.19   70.30 ^ _238521_/Z (gf180mcu_fd_sc_mcu9t5v0__or2_2)
                                         _135314_ (net)
                  0.18    0.00   70.30 ^ _238545_/A2 (gf180mcu_fd_sc_mcu9t5v0__xnor3_2)
     5    0.07    0.21    0.66   70.97 v _238545_/ZN (gf180mcu_fd_sc_mcu9t5v0__xnor3_2)
                                         _135341_ (net)
                  0.21    0.00   70.97 v _240858_/A2 (gf180mcu_fd_sc_mcu9t5v0__or2_2)
     2    0.01    0.09    0.23   71.19 v _240858_/Z (gf180mcu_fd_sc_mcu9t5v0__or2_2)
                                         _137908_ (net)
                  0.09    0.00   71.19 v _240871_/I0 (gf180mcu_fd_sc_mcu9t5v0__mux2_2)
     1    0.01    0.08    0.21   71.41 v _240871_/Z (gf180mcu_fd_sc_mcu9t5v0__mux2_2)
                                         _137922_ (net)
                  0.08    0.00   71.41 v _240874_/I0 (gf180mcu_fd_sc_mcu9t5v0__mux2_2)
     1    0.01    0.10    0.22   71.63 v _240874_/Z (gf180mcu_fd_sc_mcu9t5v0__mux2_2)
                                         _137926_ (net)
                  0.10    0.00   71.63 v _240889_/B1 (gf180mcu_fd_sc_mcu9t5v0__oai33_2)
     4    0.15    1.80    0.97   72.60 ^ _240889_/ZN (gf180mcu_fd_sc_mcu9t5v0__oai33_2)
                                         _137942_ (net)
                  1.80    0.00   72.60 ^ _243581_/A2 (gf180mcu_fd_sc_mcu9t5v0__aoi21_2)
     5    0.05    0.51    0.09   72.70 v _243581_/ZN (gf180mcu_fd_sc_mcu9t5v0__aoi21_2)
                                         _140930_ (net)
                  0.51    0.00   72.70 v _243624_/A1 (gf180mcu_fd_sc_mcu9t5v0__xnor3_2)
     4    0.05    0.24    0.86   73.56 ^ _243624_/ZN (gf180mcu_fd_sc_mcu9t5v0__xnor3_2)
                                         _140979_ (net)
                  0.24    0.00   73.56 ^ _243894_/A1 (gf180mcu_fd_sc_mcu9t5v0__and2_2)
     3    0.04    0.17    0.22   73.78 ^ _243894_/Z (gf180mcu_fd_sc_mcu9t5v0__and2_2)
                                         _141278_ (net)
                  0.17    0.00   73.78 ^ _243904_/A1 (gf180mcu_fd_sc_mcu9t5v0__xnor3_2)
     3    0.06    0.19    0.68   74.46 v _243904_/ZN (gf180mcu_fd_sc_mcu9t5v0__xnor3_2)
                                         _141290_ (net)
                  0.19    0.00   74.46 v _243905_/A2 (gf180mcu_fd_sc_mcu9t5v0__or2_2)
     6    0.06    0.19    0.31   74.76 v _243905_/Z (gf180mcu_fd_sc_mcu9t5v0__or2_2)
                                         _141291_ (net)
                  0.19    0.00   74.76 v _244017_/A2 (gf180mcu_fd_sc_mcu9t5v0__nand2_2)
     1    0.02    0.16    0.15   74.91 ^ _244017_/ZN (gf180mcu_fd_sc_mcu9t5v0__nand2_2)
                                         _141415_ (net)
                  0.16    0.00   74.91 ^ _244018_/B (gf180mcu_fd_sc_mcu9t5v0__aoi211_4)
    14    0.19    0.68    0.30   75.21 v _244018_/ZN (gf180mcu_fd_sc_mcu9t5v0__aoi211_4)
                                         _141416_ (net)
                  0.68    0.00   75.21 v _244402_/A1 (gf180mcu_fd_sc_mcu9t5v0__or3_2)
     6    0.07    0.23    0.55   75.76 v _244402_/Z (gf180mcu_fd_sc_mcu9t5v0__or3_2)
                                         _141841_ (net)
                  0.23    0.00   75.76 v _244403_/A2 (gf180mcu_fd_sc_mcu9t5v0__xnor2_2)
     1    0.01    0.09    0.26   76.02 v _244403_/ZN (gf180mcu_fd_sc_mcu9t5v0__xnor2_2)
                                         _141844_ (net)
                  0.09    0.00   76.02 v _244406_/C1 (gf180mcu_fd_sc_mcu9t5v0__aoi222_2)
     5    0.05    0.83    0.52   76.54 ^ _244406_/ZN (gf180mcu_fd_sc_mcu9t5v0__aoi222_2)
                                         _141847_ (net)
                  0.83    0.00   76.54 ^ _245273_/A1 (gf180mcu_fd_sc_mcu9t5v0__nand2_2)
     1    0.03    0.26    0.12   76.66 v _245273_/ZN (gf180mcu_fd_sc_mcu9t5v0__nand2_2)
                                         _142809_ (net)
                  0.26    0.00   76.66 v _245274_/C (gf180mcu_fd_sc_mcu9t5v0__aoi211_4)
     3    0.08    0.56    0.38   77.04 ^ _245274_/ZN (gf180mcu_fd_sc_mcu9t5v0__aoi211_4)
                                         _142810_ (net)
                  0.56    0.00   77.04 ^ _245279_/A2 (gf180mcu_fd_sc_mcu9t5v0__oai31_4)
     4    0.07    0.30    0.17   77.21 v _245279_/ZN (gf180mcu_fd_sc_mcu9t5v0__oai31_4)
                                         _142815_ (net)
                  0.30    0.00   77.21 v _312974_/A1 (gf180mcu_fd_sc_mcu9t5v0__aoi21_4)
    15    0.22    0.79    0.50   77.71 ^ _312974_/ZN (gf180mcu_fd_sc_mcu9t5v0__aoi21_4)
                                         _046145_ (net)
                  0.79    0.00   77.71 ^ _313535_/A2 (gf180mcu_fd_sc_mcu9t5v0__nor2_2)
     4    0.04    0.33    0.19   77.90 v _313535_/ZN (gf180mcu_fd_sc_mcu9t5v0__nor2_2)
                                         _046768_ (net)
                  0.33    0.00   77.90 v _313536_/A2 (gf180mcu_fd_sc_mcu9t5v0__xnor3_2)
     3    0.04    0.20    0.80   78.70 ^ _313536_/ZN (gf180mcu_fd_sc_mcu9t5v0__xnor3_2)
                                         _046769_ (net)
                  0.20    0.00   78.70 ^ _313537_/A4 (gf180mcu_fd_sc_mcu9t5v0__nor4_2)
     2    0.02    0.21    0.16   78.86 v _313537_/ZN (gf180mcu_fd_sc_mcu9t5v0__nor4_2)
                                         _046770_ (net)
                  0.21    0.00   78.86 v _313538_/A4 (gf180mcu_fd_sc_mcu9t5v0__or4_2)
     2    0.04    0.19    0.43   79.29 v _313538_/Z (gf180mcu_fd_sc_mcu9t5v0__or4_2)
                                         _046771_ (net)
                  0.19    0.00   79.29 v _313539_/A3 (gf180mcu_fd_sc_mcu9t5v0__nor3_4)
     3    0.05    0.37    0.25   79.54 ^ _313539_/ZN (gf180mcu_fd_sc_mcu9t5v0__nor3_4)
                                         _046772_ (net)
                  0.37    0.00   79.54 ^ _313548_/A3 (gf180mcu_fd_sc_mcu9t5v0__oai31_4)
     6    0.12    0.32    0.23   79.77 v _313548_/ZN (gf180mcu_fd_sc_mcu9t5v0__oai31_4)
                                         _046782_ (net)
                  0.32    0.00   79.77 v _313618_/A2 (gf180mcu_fd_sc_mcu9t5v0__aoi21_2)
     8    0.11    0.82    0.54   80.32 ^ _313618_/ZN (gf180mcu_fd_sc_mcu9t5v0__aoi21_2)
                                         _046860_ (net)
                  0.82    0.00   80.32 ^ _313627_/A1 (gf180mcu_fd_sc_mcu9t5v0__nor2_2)
     1    0.02    0.25    0.10   80.41 v _313627_/ZN (gf180mcu_fd_sc_mcu9t5v0__nor2_2)
                                         _046870_ (net)
                  0.25    0.00   80.41 v _313640_/B (gf180mcu_fd_sc_mcu9t5v0__aoi211_4)
     8    0.20    1.08    0.67   81.08 ^ _313640_/ZN (gf180mcu_fd_sc_mcu9t5v0__aoi211_4)
                                         _046884_ (net)
                  1.08    0.00   81.08 ^ _313660_/A1 (gf180mcu_fd_sc_mcu9t5v0__nand3_2)
     3    0.05    0.46    0.28   81.36 v _313660_/ZN (gf180mcu_fd_sc_mcu9t5v0__nand3_2)
                                         _046906_ (net)
                  0.46    0.00   81.36 v _313693_/B1 (gf180mcu_fd_sc_mcu9t5v0__aoi221_4)
    13    0.29    1.55    0.93   82.29 ^ _313693_/ZN (gf180mcu_fd_sc_mcu9t5v0__aoi221_4)
                                         _046943_ (net)
                  1.55    0.00   82.29 ^ _332077_/B1 (gf180mcu_fd_sc_mcu9t5v0__aoi221_2)
     1    0.01    0.58    0.18   82.47 v _332077_/ZN (gf180mcu_fd_sc_mcu9t5v0__aoi221_2)
                                         _067349_ (net)
                  0.58    0.00   82.47 v _332078_/C (gf180mcu_fd_sc_mcu9t5v0__aoi211_2)
     1    0.01    0.34    0.28   82.75 ^ _332078_/ZN (gf180mcu_fd_sc_mcu9t5v0__aoi211_2)
                                         _067350_ (net)
                  0.34    0.00   82.75 ^ _332079_/A2 (gf180mcu_fd_sc_mcu9t5v0__xnor2_2)
     3    0.20    0.46    0.55   83.30 v _332079_/ZN (gf180mcu_fd_sc_mcu9t5v0__xnor2_2)
                                         _067351_ (net)
                  0.46    0.00   83.30 v _332080_/A2 (gf180mcu_fd_sc_mcu9t5v0__xnor2_2)
     5    0.07    0.27    0.56   83.86 ^ _332080_/ZN (gf180mcu_fd_sc_mcu9t5v0__xnor2_2)
                                         _067352_ (net)
                  0.27    0.00   83.86 ^ _332101_/S (gf180mcu_fd_sc_mcu9t5v0__mux2_2)
     1    0.01    0.08    0.24   84.10 v _332101_/Z (gf180mcu_fd_sc_mcu9t5v0__mux2_2)
                                         _067375_ (net)
                  0.08    0.00   84.10 v _332102_/A2 (gf180mcu_fd_sc_mcu9t5v0__and2_2)
     1    0.03    0.10    0.19   84.28 v _332102_/Z (gf180mcu_fd_sc_mcu9t5v0__and2_2)
                                         _067376_ (net)
                  0.10    0.00   84.28 v _332103_/A3 (gf180mcu_fd_sc_mcu9t5v0__oai31_4)
     6    0.09    0.55    0.37   84.65 ^ _332103_/ZN (gf180mcu_fd_sc_mcu9t5v0__oai31_4)
                                         _067379_ (net)
                  0.55    0.00   84.65 ^ _332118_/A2 (gf180mcu_fd_sc_mcu9t5v0__oai21_2)
     2    0.04    0.29    0.18   84.83 v _332118_/ZN (gf180mcu_fd_sc_mcu9t5v0__oai21_2)
                                         _067395_ (net)
                  0.29    0.00   84.83 v _332139_/A2 (gf180mcu_fd_sc_mcu9t5v0__oai211_4)
     7    0.14    0.52    0.36   85.19 ^ _332139_/ZN (gf180mcu_fd_sc_mcu9t5v0__oai211_4)
                                         _067418_ (net)
                  0.52    0.00   85.19 ^ _332197_/A1 (gf180mcu_fd_sc_mcu9t5v0__oai222_4)
     8    0.13    0.46    0.32   85.51 v _332197_/ZN (gf180mcu_fd_sc_mcu9t5v0__oai222_4)
                                         _067482_ (net)
                  0.46    0.00   85.51 v _332655_/A1 (gf180mcu_fd_sc_mcu9t5v0__oai31_2)
     2    0.02    0.37    0.34   85.84 ^ _332655_/ZN (gf180mcu_fd_sc_mcu9t5v0__oai31_2)
                                         _067991_ (net)
                  0.37    0.00   85.84 ^ _332657_/A1 (gf180mcu_fd_sc_mcu9t5v0__xnor2_2)
     4    0.04    0.15    0.36   86.21 v _332657_/ZN (gf180mcu_fd_sc_mcu9t5v0__xnor2_2)
                                         _067993_ (net)
                  0.15    0.00   86.21 v _332674_/A2 (gf180mcu_fd_sc_mcu9t5v0__or4_2)
     2    0.03    0.17    0.36   86.57 v _332674_/Z (gf180mcu_fd_sc_mcu9t5v0__or4_2)
                                         _068012_ (net)
                  0.17    0.00   86.57 v _332675_/A3 (gf180mcu_fd_sc_mcu9t5v0__or3_4)
     6    0.08    0.17    0.33   86.90 v _332675_/Z (gf180mcu_fd_sc_mcu9t5v0__or3_4)
                                         _068013_ (net)
                  0.17    0.00   86.90 v _332676_/A2 (gf180mcu_fd_sc_mcu9t5v0__or2_4)
     3    0.04    0.10    0.23   87.13 v _332676_/Z (gf180mcu_fd_sc_mcu9t5v0__or2_4)
                                         _068014_ (net)
                  0.10    0.00   87.13 v _332721_/A2 (gf180mcu_fd_sc_mcu9t5v0__or4_4)
     7    0.08    0.19    0.36   87.49 v _332721_/Z (gf180mcu_fd_sc_mcu9t5v0__or4_4)
                                         _068064_ (net)
                  0.19    0.00   87.49 v _333556_/A1 (gf180mcu_fd_sc_mcu9t5v0__xnor3_2)
     1    0.02    0.10    0.69   88.18 ^ _333556_/ZN (gf180mcu_fd_sc_mcu9t5v0__xnor3_2)
                                         _068991_ (net)
                  0.10    0.00   88.18 ^ _333559_/A2 (gf180mcu_fd_sc_mcu9t5v0__aoi21_2)
     2    0.03    0.17    0.10   88.29 v _333559_/ZN (gf180mcu_fd_sc_mcu9t5v0__aoi21_2)
                                         _068994_ (net)
                  0.17    0.00   88.29 v _333567_/B2 (gf180mcu_fd_sc_mcu9t5v0__oai221_2)
     2    0.03    0.46    0.29   88.58 ^ _333567_/ZN (gf180mcu_fd_sc_mcu9t5v0__oai221_2)
                                         _069003_ (net)
                  0.46    0.00   88.58 ^ _333572_/A2 (gf180mcu_fd_sc_mcu9t5v0__and4_4)
     2    0.05    0.15    0.29   88.87 ^ _333572_/Z (gf180mcu_fd_sc_mcu9t5v0__and4_4)
                                         _069008_ (net)
                  0.15    0.00   88.87 ^ _333584_/A1 (gf180mcu_fd_sc_mcu9t5v0__oai31_4)
     2    0.03    0.18    0.09   88.96 v _333584_/ZN (gf180mcu_fd_sc_mcu9t5v0__oai31_4)
                                         _069022_ (net)
                  0.18    0.00   88.96 v _333590_/A2 (gf180mcu_fd_sc_mcu9t5v0__nor2_2)
    21    0.40    2.57    1.48   90.44 ^ _333590_/ZN (gf180mcu_fd_sc_mcu9t5v0__nor2_2)
                                         _069028_ (net)
                  2.57    0.00   90.44 ^ _333739_/A2 (gf180mcu_fd_sc_mcu9t5v0__oai211_2)
     1    0.01    0.63    0.15   90.59 v _333739_/ZN (gf180mcu_fd_sc_mcu9t5v0__oai211_2)
                                         _069194_ (net)
                  0.63    0.00   90.59 v _333740_/A2 (gf180mcu_fd_sc_mcu9t5v0__xnor2_2)
     1    0.02    0.09    0.51   91.10 ^ _333740_/ZN (gf180mcu_fd_sc_mcu9t5v0__xnor2_2)
                                         _069195_ (net)
                  0.09    0.00   91.10 ^ _333741_/B1 (gf180mcu_fd_sc_mcu9t5v0__oai222_2)
     4    0.05    2.15    0.25   91.34 v _333741_/ZN (gf180mcu_fd_sc_mcu9t5v0__oai222_2)
                                         _069196_ (net)
                  2.15    0.00   91.34 v _333745_/A3 (gf180mcu_fd_sc_mcu9t5v0__or4_2)
     1    0.01    0.19    0.79   92.13 v _333745_/Z (gf180mcu_fd_sc_mcu9t5v0__or4_2)
                                         _069201_ (net)
                  0.19    0.00   92.13 v _333746_/B (gf180mcu_fd_sc_mcu9t5v0__oai31_2)
     4    0.05    0.55    0.25   92.38 ^ _333746_/ZN (gf180mcu_fd_sc_mcu9t5v0__oai31_2)
                                         _069202_ (net)
                  0.55    0.00   92.38 ^ _334556_/A1 (gf180mcu_fd_sc_mcu9t5v0__and3_2)
     2    0.03    0.14    0.27   92.65 ^ _334556_/Z (gf180mcu_fd_sc_mcu9t5v0__and3_2)
                                         _070101_ (net)
                  0.14    0.00   92.65 ^ _334614_/B1 (gf180mcu_fd_sc_mcu9t5v0__aoi22_2)
    12    0.14    2.27    0.35   93.00 v _334614_/ZN (gf180mcu_fd_sc_mcu9t5v0__aoi22_2)
                                         _070166_ (net)
                  2.27    0.00   93.00 v _338877_/A1 (gf180mcu_fd_sc_mcu9t5v0__oai21_2)
     7    0.07    0.86    0.96   93.96 ^ _338877_/ZN (gf180mcu_fd_sc_mcu9t5v0__oai21_2)
                                         _074897_ (net)
                  0.86    0.00   93.96 ^ _340309_/A3 (gf180mcu_fd_sc_mcu9t5v0__and4_2)
     1    0.01    0.11    0.26   94.22 ^ _340309_/Z (gf180mcu_fd_sc_mcu9t5v0__and4_2)
                                         _076480_ (net)
                  0.11    0.00   94.22 ^ _340461_/A1 (gf180mcu_fd_sc_mcu9t5v0__xor2_2)
     4    0.06    0.26    0.27   94.49 ^ _340461_/Z (gf180mcu_fd_sc_mcu9t5v0__xor2_2)
                                         _076648_ (net)
                  0.26    0.00   94.49 ^ _340462_/A2 (gf180mcu_fd_sc_mcu9t5v0__nor2_2)
     1    0.10    3.55    0.27   94.76 v _340462_/ZN (gf180mcu_fd_sc_mcu9t5v0__nor2_2)
                                         _076649_ (net)
                  3.55    0.00   94.76 v _340476_/B1 (gf180mcu_fd_sc_mcu9t5v0__oai222_2)
     1    0.32    2.98    2.37   97.13 ^ _340476_/ZN (gf180mcu_fd_sc_mcu9t5v0__oai222_2)
                                         result[107] (net)
                  2.98    0.00   97.13 ^ result[107] (out)
                                 97.13   data arrival time

                  0.00  100.00  100.00   clock clk (rise edge)
                          0.00  100.00   clock network delay (ideal)
                          0.00  100.00   clock reconvergence pessimism
                        -20.00   80.00   output external delay
                                 80.00   data required time
-----------------------------------------------------------------------------
                                 80.00   data required time
                                -97.13   data arrival time
-----------------------------------------------------------------------------
                                -17.13   slack (VIOLATED)



==========================================================================
global place report_checks -unconstrained
--------------------------------------------------------------------------
Startpoint: srca[32] (input port clocked by clk)
Endpoint: result[107] (output port clocked by clk)
Path Group: clk
Path Type: max

Fanout     Cap    Slew   Delay    Time   Description
-----------------------------------------------------------------------------
                  0.00    0.00    0.00   clock clk (rise edge)
                          0.00    0.00   clock network delay (ideal)
                         20.00   20.00 ^ input external delay
     5    0.33    0.00    0.00   20.00 ^ srca[32] (in)
                                         srca[32] (net)
                  0.00    0.00   20.00 ^ _171824_/A2 (gf180mcu_fd_sc_mcu9t5v0__and2_2)
   244    4.19   15.46    9.04   29.04 ^ _171824_/Z (gf180mcu_fd_sc_mcu9t5v0__and2_2)
                                         _107543_ (net)
                 15.46    0.00   29.04 ^ _171909_/B (gf180mcu_fd_sc_mcu9t5v0__oai21_4)
     9    0.10    2.60   -0.60   28.44 v _171909_/ZN (gf180mcu_fd_sc_mcu9t5v0__oai21_4)
                                         _116978_ (net)
                  2.60    0.00   28.44 v _173199_/A3 (gf180mcu_fd_sc_mcu9t5v0__nand4_2)
     1    0.02    0.66    0.73   29.17 ^ _173199_/ZN (gf180mcu_fd_sc_mcu9t5v0__nand4_2)
                                         _080976_ (net)
                  0.66    0.00   29.17 ^ _173201_/A2 (gf180mcu_fd_sc_mcu9t5v0__oai21_2)
     8    0.15    0.59    0.43   29.60 v _173201_/ZN (gf180mcu_fd_sc_mcu9t5v0__oai21_2)
                                         _080998_ (net)
                  0.59    0.00   29.60 v _174741_/A1 (gf180mcu_fd_sc_mcu9t5v0__and4_4)
    25    0.47    0.53    0.61   30.21 v _174741_/Z (gf180mcu_fd_sc_mcu9t5v0__and4_4)
                                         _097938_ (net)
                  0.53    0.00   30.21 v _174798_/A1 (gf180mcu_fd_sc_mcu9t5v0__aoi221_2)
   212    4.02   36.20   19.82   50.04 ^ _174798_/ZN (gf180mcu_fd_sc_mcu9t5v0__aoi221_2)
                                         _098565_ (net)
                 36.20    0.00   50.04 ^ _189570_/A1 (gf180mcu_fd_sc_mcu9t5v0__nand2_2)
    20    1.00    9.28   10.09   60.13 v _189570_/ZN (gf180mcu_fd_sc_mcu9t5v0__nand2_2)
                                         _081204_ (net)
                  9.28    0.00   60.13 v _237609_/A1 (gf180mcu_fd_sc_mcu9t5v0__or3_2)
     2    0.03    0.38    2.87   63.00 v _237609_/Z (gf180mcu_fd_sc_mcu9t5v0__or3_2)
                                         _134302_ (net)
                  0.38    0.00   63.00 v _237610_/B (gf180mcu_fd_sc_mcu9t5v0__aoi211_2)
     1    0.01    1.16    0.27   63.27 ^ _237610_/ZN (gf180mcu_fd_sc_mcu9t5v0__aoi211_2)
                                         _134303_ (net)
                  1.16    0.00   63.27 ^ _237611_/C (gf180mcu_fd_sc_mcu9t5v0__aoi221_2)
     1    0.02    0.47    0.22   63.48 v _237611_/ZN (gf180mcu_fd_sc_mcu9t5v0__aoi221_2)
                                         _134304_ (net)
                  0.47    0.00   63.48 v _237612_/B1 (gf180mcu_fd_sc_mcu9t5v0__oai32_2)
     5    0.08    1.03    0.47   63.95 ^ _237612_/ZN (gf180mcu_fd_sc_mcu9t5v0__oai32_2)
                                         _134305_ (net)
                  1.03    0.00   63.95 ^ _237617_/A2 (gf180mcu_fd_sc_mcu9t5v0__nand3_2)
     1    0.01    0.28    0.08   64.04 v _237617_/ZN (gf180mcu_fd_sc_mcu9t5v0__nand3_2)
                                         _134311_ (net)
                  0.28    0.00   64.04 v _237619_/B (gf180mcu_fd_sc_mcu9t5v0__oai211_2)
     3    0.04    0.35    0.26   64.30 ^ _237619_/ZN (gf180mcu_fd_sc_mcu9t5v0__oai211_2)
                                         _134313_ (net)
                  0.35    0.00   64.30 ^ _237869_/A2 (gf180mcu_fd_sc_mcu9t5v0__xnor3_2)
     1    0.01    0.10    0.57   64.87 v _237869_/ZN (gf180mcu_fd_sc_mcu9t5v0__xnor3_2)
                                         _134590_ (net)
                  0.10    0.00   64.87 v _237870_/A1 (gf180mcu_fd_sc_mcu9t5v0__xor2_2)
     6    0.08    0.30    0.43   65.30 ^ _237870_/Z (gf180mcu_fd_sc_mcu9t5v0__xor2_2)
                                         _134591_ (net)
                  0.30    0.00   65.30 ^ _237871_/A3 (gf180mcu_fd_sc_mcu9t5v0__nand3_2)
     4    0.05    0.42    0.18   65.48 v _237871_/ZN (gf180mcu_fd_sc_mcu9t5v0__nand3_2)
                                         _134592_ (net)
                  0.42    0.00   65.48 v _237914_/S (gf180mcu_fd_sc_mcu9t5v0__mux2_2)
     3    0.05    0.16    0.35   65.84 v _237914_/Z (gf180mcu_fd_sc_mcu9t5v0__mux2_2)
                                         _134641_ (net)
                  0.16    0.00   65.84 v _237916_/B1 (gf180mcu_fd_sc_mcu9t5v0__aoi22_2)
     3    0.04    0.41    0.27   66.11 ^ _237916_/ZN (gf180mcu_fd_sc_mcu9t5v0__aoi22_2)
                                         _134643_ (net)
                  0.41    0.00   66.11 ^ _237942_/A2 (gf180mcu_fd_sc_mcu9t5v0__or2_2)
     3    0.04    0.19    0.23   66.34 ^ _237942_/Z (gf180mcu_fd_sc_mcu9t5v0__or2_2)
                                         _134671_ (net)
                  0.19    0.00   66.34 ^ _237998_/A1 (gf180mcu_fd_sc_mcu9t5v0__xor2_2)
     4    0.06    0.17    0.34   66.67 v _237998_/Z (gf180mcu_fd_sc_mcu9t5v0__xor2_2)
                                         _134733_ (net)
                  0.17    0.00   66.67 v _238001_/B1 (gf180mcu_fd_sc_mcu9t5v0__oai22_2)
     5    0.06    0.60    0.37   67.04 ^ _238001_/ZN (gf180mcu_fd_sc_mcu9t5v0__oai22_2)
                                         _134736_ (net)
                  0.60    0.00   67.04 ^ _238010_/A1 (gf180mcu_fd_sc_mcu9t5v0__nand2_2)
     2    0.03    0.23    0.13   67.17 v _238010_/ZN (gf180mcu_fd_sc_mcu9t5v0__nand2_2)
                                         _134747_ (net)
                  0.23    0.00   67.17 v _238025_/A2 (gf180mcu_fd_sc_mcu9t5v0__oai22_2)
     4    0.05    0.56    0.31   67.48 ^ _238025_/ZN (gf180mcu_fd_sc_mcu9t5v0__oai22_2)
                                         _134764_ (net)
                  0.56    0.00   67.48 ^ _238028_/A1 (gf180mcu_fd_sc_mcu9t5v0__nand2_2)
     3    0.04    0.24    0.15   67.63 v _238028_/ZN (gf180mcu_fd_sc_mcu9t5v0__nand2_2)
                                         _134767_ (net)
                  0.24    0.00   67.63 v _238032_/A3 (gf180mcu_fd_sc_mcu9t5v0__nor4_2)
     5    0.06    0.91    0.58   68.21 ^ _238032_/ZN (gf180mcu_fd_sc_mcu9t5v0__nor4_2)
                                         _134771_ (net)
                  0.91    0.00   68.21 ^ _238125_/B (gf180mcu_fd_sc_mcu9t5v0__oai21_2)
     5    0.06    0.38    0.22   68.43 v _238125_/ZN (gf180mcu_fd_sc_mcu9t5v0__oai21_2)
                                         _134875_ (net)
                  0.38    0.00   68.43 v _238193_/A2 (gf180mcu_fd_sc_mcu9t5v0__xnor3_2)
     5    0.06    0.20    0.72   69.15 v _238193_/ZN (gf180mcu_fd_sc_mcu9t5v0__xnor3_2)
                                         _134950_ (net)
                  0.20    0.00   69.15 v _238195_/A1 (gf180mcu_fd_sc_mcu9t5v0__nor2_2)
     1    0.01    0.16    0.14   69.29 ^ _238195_/ZN (gf180mcu_fd_sc_mcu9t5v0__nor2_2)
                                         _134952_ (net)
                  0.16    0.00   69.29 ^ _238197_/A2 (gf180mcu_fd_sc_mcu9t5v0__oai21_2)
     1    0.01    0.11    0.08   69.37 v _238197_/ZN (gf180mcu_fd_sc_mcu9t5v0__oai21_2)
                                         _134954_ (net)
                  0.11    0.00   69.37 v _238198_/A4 (gf180mcu_fd_sc_mcu9t5v0__and4_2)
     2    0.03    0.13    0.28   69.65 v _238198_/Z (gf180mcu_fd_sc_mcu9t5v0__and4_2)
                                         _134955_ (net)
                  0.13    0.00   69.65 v _238211_/A2 (gf180mcu_fd_sc_mcu9t5v0__oai31_2)
     5    0.07    0.75    0.46   70.11 ^ _238211_/ZN (gf180mcu_fd_sc_mcu9t5v0__oai31_2)
                                         _134970_ (net)
                  0.75    0.00   70.11 ^ _238521_/A1 (gf180mcu_fd_sc_mcu9t5v0__or2_2)
     3    0.04    0.18    0.19   70.30 ^ _238521_/Z (gf180mcu_fd_sc_mcu9t5v0__or2_2)
                                         _135314_ (net)
                  0.18    0.00   70.30 ^ _238545_/A2 (gf180mcu_fd_sc_mcu9t5v0__xnor3_2)
     5    0.07    0.21    0.66   70.97 v _238545_/ZN (gf180mcu_fd_sc_mcu9t5v0__xnor3_2)
                                         _135341_ (net)
                  0.21    0.00   70.97 v _240858_/A2 (gf180mcu_fd_sc_mcu9t5v0__or2_2)
     2    0.01    0.09    0.23   71.19 v _240858_/Z (gf180mcu_fd_sc_mcu9t5v0__or2_2)
                                         _137908_ (net)
                  0.09    0.00   71.19 v _240871_/I0 (gf180mcu_fd_sc_mcu9t5v0__mux2_2)
     1    0.01    0.08    0.21   71.41 v _240871_/Z (gf180mcu_fd_sc_mcu9t5v0__mux2_2)
                                         _137922_ (net)
                  0.08    0.00   71.41 v _240874_/I0 (gf180mcu_fd_sc_mcu9t5v0__mux2_2)
     1    0.01    0.10    0.22   71.63 v _240874_/Z (gf180mcu_fd_sc_mcu9t5v0__mux2_2)
                                         _137926_ (net)
                  0.10    0.00   71.63 v _240889_/B1 (gf180mcu_fd_sc_mcu9t5v0__oai33_2)
     4    0.15    1.80    0.97   72.60 ^ _240889_/ZN (gf180mcu_fd_sc_mcu9t5v0__oai33_2)
                                         _137942_ (net)
                  1.80    0.00   72.60 ^ _243581_/A2 (gf180mcu_fd_sc_mcu9t5v0__aoi21_2)
     5    0.05    0.51    0.09   72.70 v _243581_/ZN (gf180mcu_fd_sc_mcu9t5v0__aoi21_2)
                                         _140930_ (net)
                  0.51    0.00   72.70 v _243624_/A1 (gf180mcu_fd_sc_mcu9t5v0__xnor3_2)
     4    0.05    0.24    0.86   73.56 ^ _243624_/ZN (gf180mcu_fd_sc_mcu9t5v0__xnor3_2)
                                         _140979_ (net)
                  0.24    0.00   73.56 ^ _243894_/A1 (gf180mcu_fd_sc_mcu9t5v0__and2_2)
     3    0.04    0.17    0.22   73.78 ^ _243894_/Z (gf180mcu_fd_sc_mcu9t5v0__and2_2)
                                         _141278_ (net)
                  0.17    0.00   73.78 ^ _243904_/A1 (gf180mcu_fd_sc_mcu9t5v0__xnor3_2)
     3    0.06    0.19    0.68   74.46 v _243904_/ZN (gf180mcu_fd_sc_mcu9t5v0__xnor3_2)
                                         _141290_ (net)
                  0.19    0.00   74.46 v _243905_/A2 (gf180mcu_fd_sc_mcu9t5v0__or2_2)
     6    0.06    0.19    0.31   74.76 v _243905_/Z (gf180mcu_fd_sc_mcu9t5v0__or2_2)
                                         _141291_ (net)
                  0.19    0.00   74.76 v _244017_/A2 (gf180mcu_fd_sc_mcu9t5v0__nand2_2)
     1    0.02    0.16    0.15   74.91 ^ _244017_/ZN (gf180mcu_fd_sc_mcu9t5v0__nand2_2)
                                         _141415_ (net)
                  0.16    0.00   74.91 ^ _244018_/B (gf180mcu_fd_sc_mcu9t5v0__aoi211_4)
    14    0.19    0.68    0.30   75.21 v _244018_/ZN (gf180mcu_fd_sc_mcu9t5v0__aoi211_4)
                                         _141416_ (net)
                  0.68    0.00   75.21 v _244402_/A1 (gf180mcu_fd_sc_mcu9t5v0__or3_2)
     6    0.07    0.23    0.55   75.76 v _244402_/Z (gf180mcu_fd_sc_mcu9t5v0__or3_2)
                                         _141841_ (net)
                  0.23    0.00   75.76 v _244403_/A2 (gf180mcu_fd_sc_mcu9t5v0__xnor2_2)
     1    0.01    0.09    0.26   76.02 v _244403_/ZN (gf180mcu_fd_sc_mcu9t5v0__xnor2_2)
                                         _141844_ (net)
                  0.09    0.00   76.02 v _244406_/C1 (gf180mcu_fd_sc_mcu9t5v0__aoi222_2)
     5    0.05    0.83    0.52   76.54 ^ _244406_/ZN (gf180mcu_fd_sc_mcu9t5v0__aoi222_2)
                                         _141847_ (net)
                  0.83    0.00   76.54 ^ _245273_/A1 (gf180mcu_fd_sc_mcu9t5v0__nand2_2)
     1    0.03    0.26    0.12   76.66 v _245273_/ZN (gf180mcu_fd_sc_mcu9t5v0__nand2_2)
                                         _142809_ (net)
                  0.26    0.00   76.66 v _245274_/C (gf180mcu_fd_sc_mcu9t5v0__aoi211_4)
     3    0.08    0.56    0.38   77.04 ^ _245274_/ZN (gf180mcu_fd_sc_mcu9t5v0__aoi211_4)
                                         _142810_ (net)
                  0.56    0.00   77.04 ^ _245279_/A2 (gf180mcu_fd_sc_mcu9t5v0__oai31_4)
     4    0.07    0.30    0.17   77.21 v _245279_/ZN (gf180mcu_fd_sc_mcu9t5v0__oai31_4)
                                         _142815_ (net)
                  0.30    0.00   77.21 v _312974_/A1 (gf180mcu_fd_sc_mcu9t5v0__aoi21_4)
    15    0.22    0.79    0.50   77.71 ^ _312974_/ZN (gf180mcu_fd_sc_mcu9t5v0__aoi21_4)
                                         _046145_ (net)
                  0.79    0.00   77.71 ^ _313535_/A2 (gf180mcu_fd_sc_mcu9t5v0__nor2_2)
     4    0.04    0.33    0.19   77.90 v _313535_/ZN (gf180mcu_fd_sc_mcu9t5v0__nor2_2)
                                         _046768_ (net)
                  0.33    0.00   77.90 v _313536_/A2 (gf180mcu_fd_sc_mcu9t5v0__xnor3_2)
     3    0.04    0.20    0.80   78.70 ^ _313536_/ZN (gf180mcu_fd_sc_mcu9t5v0__xnor3_2)
                                         _046769_ (net)
                  0.20    0.00   78.70 ^ _313537_/A4 (gf180mcu_fd_sc_mcu9t5v0__nor4_2)
     2    0.02    0.21    0.16   78.86 v _313537_/ZN (gf180mcu_fd_sc_mcu9t5v0__nor4_2)
                                         _046770_ (net)
                  0.21    0.00   78.86 v _313538_/A4 (gf180mcu_fd_sc_mcu9t5v0__or4_2)
     2    0.04    0.19    0.43   79.29 v _313538_/Z (gf180mcu_fd_sc_mcu9t5v0__or4_2)
                                         _046771_ (net)
                  0.19    0.00   79.29 v _313539_/A3 (gf180mcu_fd_sc_mcu9t5v0__nor3_4)
     3    0.05    0.37    0.25   79.54 ^ _313539_/ZN (gf180mcu_fd_sc_mcu9t5v0__nor3_4)
                                         _046772_ (net)
                  0.37    0.00   79.54 ^ _313548_/A3 (gf180mcu_fd_sc_mcu9t5v0__oai31_4)
     6    0.12    0.32    0.23   79.77 v _313548_/ZN (gf180mcu_fd_sc_mcu9t5v0__oai31_4)
                                         _046782_ (net)
                  0.32    0.00   79.77 v _313618_/A2 (gf180mcu_fd_sc_mcu9t5v0__aoi21_2)
     8    0.11    0.82    0.54   80.32 ^ _313618_/ZN (gf180mcu_fd_sc_mcu9t5v0__aoi21_2)
                                         _046860_ (net)
                  0.82    0.00   80.32 ^ _313627_/A1 (gf180mcu_fd_sc_mcu9t5v0__nor2_2)
     1    0.02    0.25    0.10   80.41 v _313627_/ZN (gf180mcu_fd_sc_mcu9t5v0__nor2_2)
                                         _046870_ (net)
                  0.25    0.00   80.41 v _313640_/B (gf180mcu_fd_sc_mcu9t5v0__aoi211_4)
     8    0.20    1.08    0.67   81.08 ^ _313640_/ZN (gf180mcu_fd_sc_mcu9t5v0__aoi211_4)
                                         _046884_ (net)
                  1.08    0.00   81.08 ^ _313660_/A1 (gf180mcu_fd_sc_mcu9t5v0__nand3_2)
     3    0.05    0.46    0.28   81.36 v _313660_/ZN (gf180mcu_fd_sc_mcu9t5v0__nand3_2)
                                         _046906_ (net)
                  0.46    0.00   81.36 v _313693_/B1 (gf180mcu_fd_sc_mcu9t5v0__aoi221_4)
    13    0.29    1.55    0.93   82.29 ^ _313693_/ZN (gf180mcu_fd_sc_mcu9t5v0__aoi221_4)
                                         _046943_ (net)
                  1.55    0.00   82.29 ^ _332077_/B1 (gf180mcu_fd_sc_mcu9t5v0__aoi221_2)
     1    0.01    0.58    0.18   82.47 v _332077_/ZN (gf180mcu_fd_sc_mcu9t5v0__aoi221_2)
                                         _067349_ (net)
                  0.58    0.00   82.47 v _332078_/C (gf180mcu_fd_sc_mcu9t5v0__aoi211_2)
     1    0.01    0.34    0.28   82.75 ^ _332078_/ZN (gf180mcu_fd_sc_mcu9t5v0__aoi211_2)
                                         _067350_ (net)
                  0.34    0.00   82.75 ^ _332079_/A2 (gf180mcu_fd_sc_mcu9t5v0__xnor2_2)
     3    0.20    0.46    0.55   83.30 v _332079_/ZN (gf180mcu_fd_sc_mcu9t5v0__xnor2_2)
                                         _067351_ (net)
                  0.46    0.00   83.30 v _332080_/A2 (gf180mcu_fd_sc_mcu9t5v0__xnor2_2)
     5    0.07    0.27    0.56   83.86 ^ _332080_/ZN (gf180mcu_fd_sc_mcu9t5v0__xnor2_2)
                                         _067352_ (net)
                  0.27    0.00   83.86 ^ _332101_/S (gf180mcu_fd_sc_mcu9t5v0__mux2_2)
     1    0.01    0.08    0.24   84.10 v _332101_/Z (gf180mcu_fd_sc_mcu9t5v0__mux2_2)
                                         _067375_ (net)
                  0.08    0.00   84.10 v _332102_/A2 (gf180mcu_fd_sc_mcu9t5v0__and2_2)
     1    0.03    0.10    0.19   84.28 v _332102_/Z (gf180mcu_fd_sc_mcu9t5v0__and2_2)
                                         _067376_ (net)
                  0.10    0.00   84.28 v _332103_/A3 (gf180mcu_fd_sc_mcu9t5v0__oai31_4)
     6    0.09    0.55    0.37   84.65 ^ _332103_/ZN (gf180mcu_fd_sc_mcu9t5v0__oai31_4)
                                         _067379_ (net)
                  0.55    0.00   84.65 ^ _332118_/A2 (gf180mcu_fd_sc_mcu9t5v0__oai21_2)
     2    0.04    0.29    0.18   84.83 v _332118_/ZN (gf180mcu_fd_sc_mcu9t5v0__oai21_2)
                                         _067395_ (net)
                  0.29    0.00   84.83 v _332139_/A2 (gf180mcu_fd_sc_mcu9t5v0__oai211_4)
     7    0.14    0.52    0.36   85.19 ^ _332139_/ZN (gf180mcu_fd_sc_mcu9t5v0__oai211_4)
                                         _067418_ (net)
                  0.52    0.00   85.19 ^ _332197_/A1 (gf180mcu_fd_sc_mcu9t5v0__oai222_4)
     8    0.13    0.46    0.32   85.51 v _332197_/ZN (gf180mcu_fd_sc_mcu9t5v0__oai222_4)
                                         _067482_ (net)
                  0.46    0.00   85.51 v _332655_/A1 (gf180mcu_fd_sc_mcu9t5v0__oai31_2)
     2    0.02    0.37    0.34   85.84 ^ _332655_/ZN (gf180mcu_fd_sc_mcu9t5v0__oai31_2)
                                         _067991_ (net)
                  0.37    0.00   85.84 ^ _332657_/A1 (gf180mcu_fd_sc_mcu9t5v0__xnor2_2)
     4    0.04    0.15    0.36   86.21 v _332657_/ZN (gf180mcu_fd_sc_mcu9t5v0__xnor2_2)
                                         _067993_ (net)
                  0.15    0.00   86.21 v _332674_/A2 (gf180mcu_fd_sc_mcu9t5v0__or4_2)
     2    0.03    0.17    0.36   86.57 v _332674_/Z (gf180mcu_fd_sc_mcu9t5v0__or4_2)
                                         _068012_ (net)
                  0.17    0.00   86.57 v _332675_/A3 (gf180mcu_fd_sc_mcu9t5v0__or3_4)
     6    0.08    0.17    0.33   86.90 v _332675_/Z (gf180mcu_fd_sc_mcu9t5v0__or3_4)
                                         _068013_ (net)
                  0.17    0.00   86.90 v _332676_/A2 (gf180mcu_fd_sc_mcu9t5v0__or2_4)
     3    0.04    0.10    0.23   87.13 v _332676_/Z (gf180mcu_fd_sc_mcu9t5v0__or2_4)
                                         _068014_ (net)
                  0.10    0.00   87.13 v _332721_/A2 (gf180mcu_fd_sc_mcu9t5v0__or4_4)
     7    0.08    0.19    0.36   87.49 v _332721_/Z (gf180mcu_fd_sc_mcu9t5v0__or4_4)
                                         _068064_ (net)
                  0.19    0.00   87.49 v _333556_/A1 (gf180mcu_fd_sc_mcu9t5v0__xnor3_2)
     1    0.02    0.10    0.69   88.18 ^ _333556_/ZN (gf180mcu_fd_sc_mcu9t5v0__xnor3_2)
                                         _068991_ (net)
                  0.10    0.00   88.18 ^ _333559_/A2 (gf180mcu_fd_sc_mcu9t5v0__aoi21_2)
     2    0.03    0.17    0.10   88.29 v _333559_/ZN (gf180mcu_fd_sc_mcu9t5v0__aoi21_2)
                                         _068994_ (net)
                  0.17    0.00   88.29 v _333567_/B2 (gf180mcu_fd_sc_mcu9t5v0__oai221_2)
     2    0.03    0.46    0.29   88.58 ^ _333567_/ZN (gf180mcu_fd_sc_mcu9t5v0__oai221_2)
                                         _069003_ (net)
                  0.46    0.00   88.58 ^ _333572_/A2 (gf180mcu_fd_sc_mcu9t5v0__and4_4)
     2    0.05    0.15    0.29   88.87 ^ _333572_/Z (gf180mcu_fd_sc_mcu9t5v0__and4_4)
                                         _069008_ (net)
                  0.15    0.00   88.87 ^ _333584_/A1 (gf180mcu_fd_sc_mcu9t5v0__oai31_4)
     2    0.03    0.18    0.09   88.96 v _333584_/ZN (gf180mcu_fd_sc_mcu9t5v0__oai31_4)
                                         _069022_ (net)
                  0.18    0.00   88.96 v _333590_/A2 (gf180mcu_fd_sc_mcu9t5v0__nor2_2)
    21    0.40    2.57    1.48   90.44 ^ _333590_/ZN (gf180mcu_fd_sc_mcu9t5v0__nor2_2)
                                         _069028_ (net)
                  2.57    0.00   90.44 ^ _333739_/A2 (gf180mcu_fd_sc_mcu9t5v0__oai211_2)
     1    0.01    0.63    0.15   90.59 v _333739_/ZN (gf180mcu_fd_sc_mcu9t5v0__oai211_2)
                                         _069194_ (net)
                  0.63    0.00   90.59 v _333740_/A2 (gf180mcu_fd_sc_mcu9t5v0__xnor2_2)
     1    0.02    0.09    0.51   91.10 ^ _333740_/ZN (gf180mcu_fd_sc_mcu9t5v0__xnor2_2)
                                         _069195_ (net)
                  0.09    0.00   91.10 ^ _333741_/B1 (gf180mcu_fd_sc_mcu9t5v0__oai222_2)
     4    0.05    2.15    0.25   91.34 v _333741_/ZN (gf180mcu_fd_sc_mcu9t5v0__oai222_2)
                                         _069196_ (net)
                  2.15    0.00   91.34 v _333745_/A3 (gf180mcu_fd_sc_mcu9t5v0__or4_2)
     1    0.01    0.19    0.79   92.13 v _333745_/Z (gf180mcu_fd_sc_mcu9t5v0__or4_2)
                                         _069201_ (net)
                  0.19    0.00   92.13 v _333746_/B (gf180mcu_fd_sc_mcu9t5v0__oai31_2)
     4    0.05    0.55    0.25   92.38 ^ _333746_/ZN (gf180mcu_fd_sc_mcu9t5v0__oai31_2)
                                         _069202_ (net)
                  0.55    0.00   92.38 ^ _334556_/A1 (gf180mcu_fd_sc_mcu9t5v0__and3_2)
     2    0.03    0.14    0.27   92.65 ^ _334556_/Z (gf180mcu_fd_sc_mcu9t5v0__and3_2)
                                         _070101_ (net)
                  0.14    0.00   92.65 ^ _334614_/B1 (gf180mcu_fd_sc_mcu9t5v0__aoi22_2)
    12    0.14    2.27    0.35   93.00 v _334614_/ZN (gf180mcu_fd_sc_mcu9t5v0__aoi22_2)
                                         _070166_ (net)
                  2.27    0.00   93.00 v _338877_/A1 (gf180mcu_fd_sc_mcu9t5v0__oai21_2)
     7    0.07    0.86    0.96   93.96 ^ _338877_/ZN (gf180mcu_fd_sc_mcu9t5v0__oai21_2)
                                         _074897_ (net)
                  0.86    0.00   93.96 ^ _340309_/A3 (gf180mcu_fd_sc_mcu9t5v0__and4_2)
     1    0.01    0.11    0.26   94.22 ^ _340309_/Z (gf180mcu_fd_sc_mcu9t5v0__and4_2)
                                         _076480_ (net)
                  0.11    0.00   94.22 ^ _340461_/A1 (gf180mcu_fd_sc_mcu9t5v0__xor2_2)
     4    0.06    0.26    0.27   94.49 ^ _340461_/Z (gf180mcu_fd_sc_mcu9t5v0__xor2_2)
                                         _076648_ (net)
                  0.26    0.00   94.49 ^ _340462_/A2 (gf180mcu_fd_sc_mcu9t5v0__nor2_2)
     1    0.10    3.55    0.27   94.76 v _340462_/ZN (gf180mcu_fd_sc_mcu9t5v0__nor2_2)
                                         _076649_ (net)
                  3.55    0.00   94.76 v _340476_/B1 (gf180mcu_fd_sc_mcu9t5v0__oai222_2)
     1    0.32    2.98    2.37   97.13 ^ _340476_/ZN (gf180mcu_fd_sc_mcu9t5v0__oai222_2)
                                         result[107] (net)
                  2.98    0.00   97.13 ^ result[107] (out)
                                 97.13   data arrival time

                  0.00  100.00  100.00   clock clk (rise edge)
                          0.00  100.00   clock network delay (ideal)
                          0.00  100.00   clock reconvergence pessimism
                        -20.00   80.00   output external delay
                                 80.00   data required time
-----------------------------------------------------------------------------
                                 80.00   data required time
                                -97.13   data arrival time
-----------------------------------------------------------------------------
                                -17.13   slack (VIOLATED)



==========================================================================
global place report_power
--------------------------------------------------------------------------
Group                  Internal  Switching    Leakage      Total
                          Power      Power      Power      Power (Watts)
----------------------------------------------------------------
Sequential             0.00e+00   0.00e+00   0.00e+00   0.00e+00   0.0%
Combinational          9.79e+01   8.32e+01   3.60e-05   1.81e+02 100.0%
Clock                  0.00e+00   0.00e+00   2.71e-06   2.71e-06   0.0%
Macro                  0.00e+00   0.00e+00   0.00e+00   0.00e+00   0.0%
Pad                    0.00e+00   0.00e+00   0.00e+00   0.00e+00   0.0%
----------------------------------------------------------------
Total                  9.79e+01   8.32e+01   3.88e-05   1.81e+02 100.0%
                          54.1%      45.9%       0.0%
